Skipping past idx_grix 0...
Skipping past idx_grix 1...
Skipping past idx_grix 2...
Skipping past idx_grix 3...
Skipping past idx_grix 4...
Skipping past idx_grix 5...
Skipping past idx_grix 6...
Skipping past idx_grix 7...
Skipping past idx_grix 8...
Skipping past idx_grix 9...
Skipping past idx_grix 10...
Skipping past idx_grix 11...
Skipping past idx_grix 12...
Skipping past idx_grix 13...
Skipping past idx_grix 14...
Skipping past idx_grix 15...
Skipping past idx_grix 16...
Skipping past idx_grix 17...
Skipping past idx_grix 18...
Skipping past idx_grix 19...
Skipping past idx_grix 20...
Skipping past idx_grix 21...
Skipping past idx_grix 22...
Skipping past idx_grix 23...
Skipping past idx_grix 24...
Skipping past idx_grix 25...
Skipping past idx_grix 26...

Processing scenario ID: 27
Panels type: ref_closest_panel
Crop type: crop_plot
Clip type: None
Smooth type: {'window_size': 11, 'order': 2}
Bin type: None
Segment type: None
Clipping..
Clip: ``clip_type`` is either None and there is nothing to process, or all the images are already processed.
Smoothing..
Smooth: ``smooth_type`` is either None and there is nothing to process, or all the images are already processed.
Binning..
Bin: ``bin_type`` is either None and there is nothing to process, or all the images are already processed.
Segmenting..
Segment: ``segment_type`` is None, so there will not be any segmentation/masking performed. Mean spectra and derivative spectra are being extracted...

Processing scenario ID: 28
Panels type: ref_closest_panel
Crop type: crop_plot
Clip type: None
Smooth type: {'window_size': 11, 'order': 2}
Bin type: None
Segment type: {'method': 'ndi', 'wl1': [770, 800], 'wl2': [650, 680], 'mask_percentile': 50, 'mask_side': 'lower'}
Clipping..
Clip: ``clip_type`` is either None and there is nothing to process, or all the images are already processed.
Smoothing..
Smooth: ``smooth_type`` is either None and there is nothing to process, or all the images are already processed.
Binning..
Bin: ``bin_type`` is either None and there is nothing to process, or all the images are already processed.
Segmenting..

Processing scenario ID: 29
Panels type: ref_closest_panel
Crop type: crop_plot
Clip type: None
Smooth type: {'window_size': 11, 'order': 2}
Bin type: None
Segment type: {'method': 'ndi', 'wl1': [770, 800], 'wl2': [650, 680], 'mask_percentile': 50, 'mask_side': 'upper'}
Clipping..
Clip: ``clip_type`` is either None and there is nothing to process, or all the images are already processed.
Smoothing..
Smooth: ``smooth_type`` is either None and there is nothing to process, or all the images are already processed.
Binning..
Bin: ``bin_type`` is either None and there is nothing to process, or all the images are already processed.
Segmenting..

Processing scenario ID: 30
Panels type: ref_closest_panel
Crop type: crop_plot
Clip type: None
Smooth type: {'window_size': 11, 'order': 2}
Bin type: None
Segment type: {'method': 'mcari2', 'wl1': [800], 'wl2': [670], 'wl3': [550], 'mask_percentile': 50, 'mask_side': 'lower'}
Clipping..
Clip: ``clip_type`` is either None and there is nothing to process, or all the images are already processed.
Smoothing..
Smooth: ``smooth_type`` is either None and there is nothing to process, or all the images are already processed.
Binning..
Bin: ``bin_type`` is either None and there is nothing to process, or all the images are already processed.
Segmenting..

Processing scenario ID: 31
Panels type: ref_closest_panel
Crop type: crop_plot
Clip type: None
Smooth type: {'window_size': 11, 'order': 2}
Bin type: None
Segment type: {'method': 'mcari2', 'wl1': [800], 'wl2': [670], 'wl3': [550], 'mask_percentile': 50, 'mask_side': 'upper'}
Clipping..
Clip: ``clip_type`` is either None and there is nothing to process, or all the images are already processed.
Smoothing..
Smooth: ``smooth_type`` is either None and there is nothing to process, or all the images are already processed.
Binning..
Bin: ``bin_type`` is either None and there is nothing to process, or all the images are already processed.
Segmenting..

Processing scenario ID: 32
Panels type: ref_closest_panel
Crop type: crop_plot
Clip type: None
Smooth type: {'window_size': 11, 'order': 2}
Bin type: None
Segment type: {'method': 'mcari2', 'wl1': [800], 'wl2': [670], 'wl3': [550], 'mask_percentile': 90, 'mask_side': 'lower'}
Clipping..
Clip: ``clip_type`` is either None and there is nothing to process, or all the images are already processed.
Smoothing..
Smooth: ``smooth_type`` is either None and there is nothing to process, or all the images are already processed.
Binning..
Bin: ``bin_type`` is either None and there is nothing to process, or all the images are already processed.
Segmenting..

Processing scenario ID: 33
Panels type: ref_closest_panel
Crop type: crop_plot
Clip type: None
Smooth type: {'window_size': 11, 'order': 2}
Bin type: None
Segment type: {'method': 'mcari2', 'wl1': [800], 'wl2': [670], 'wl3': [550], 'mask_percentile': [50, 75], 'mask_side': 'outside'}
Clipping..
Clip: ``clip_type`` is either None and there is nothing to process, or all the images are already processed.
Smoothing..
Smooth: ``smooth_type`` is either None and there is nothing to process, or all the images are already processed.
Binning..
Bin: ``bin_type`` is either None and there is nothing to process, or all the images are already processed.
Segmenting..

Processing scenario ID: 34
Panels type: ref_closest_panel
Crop type: crop_plot
Clip type: None
Smooth type: {'window_size': 11, 'order': 2}
Bin type: None
Segment type: {'method': 'mcari2', 'wl1': [800], 'wl2': [670], 'wl3': [550], 'mask_percentile': [75, 95], 'mask_side': 'outside'}
Clipping..
Clip: ``clip_type`` is either None and there is nothing to process, or all the images are already processed.
Smoothing..
Smooth: ``smooth_type`` is either None and there is nothing to process, or all the images are already processed.
Binning..
Bin: ``bin_type`` is either None and there is nothing to process, or all the images are already processed.
Segmenting..

Processing scenario ID: 35
Panels type: ref_closest_panel
Crop type: crop_plot
Clip type: None
Smooth type: {'window_size': 11, 'order': 2}
Bin type: None
Segment type: {'method': ['mcari2', [545, 565]], 'wl1': [[800], [None]], 'wl2': [[670], [None]], 'wl3': [[550], [None]], 'mask_percentile': [90, 75], 'mask_side': ['lower', 'lower']}
Clipping..
Clip: ``clip_type`` is either None and there is nothing to process, or all the images are already processed.
Smoothing..
Smooth: ``smooth_type`` is either None and there is nothing to process, or all the images are already processed.
Binning..
Bin: ``bin_type`` is either None and there is nothing to process, or all the images are already processed.
Segmenting..
Processing 18 files. If existing files should be overwritten, be sure to set the ``out_force`` parameter.

Processing 18 files. If existing files should be overwritten, be sure to set the ``out_force`` parameter.

Processing 18 files. If existing files should be overwritten, be sure to set the ``out_force`` parameter.

Processing 18 files. If existing files should be overwritten, be sure to set the ``out_force`` parameter.

Processing 18 files. If existing files should be overwritten, be sure to set the ``out_force`` parameter.

Processing 18 files. If existing files should be overwritten, be sure to set the ``out_force`` parameter.

Processing 17 files. If existing files should be overwritten, be sure to set the ``out_force`` parameter.

Processing 17 files. If existing files should be overwritten, be sure to set the ``out_force`` parameter.

Processing 17 files. If existing files should be overwritten, be sure to set the ``out_force`` parameter.

Processing 17 files. If existing files should be overwritten, be sure to set the ``out_force`` parameter.

Processing 17 files. If existing files should be overwritten, be sure to set the ``out_force`` parameter.

Processing 17 files. If existing files should be overwritten, be sure to set the ``out_force`` parameter.

Processing 18 files. If existing files should be overwritten, be sure to set the ``out_force`` parameter.

Processing 18 files. If existing files should be overwritten, be sure to set the ``out_force`` parameter.

Processing 18 files. If existing files should be overwritten, be sure to set the ``out_force`` parameter.

Processing 18 files. If existing files should be overwritten, be sure to set the ``out_force`` parameter.

Processing 18 files. If existing files should be overwritten, be sure to set the ``out_force`` parameter.

Processing 18 files. If existing files should be overwritten, be sure to set the ``out_force`` parameter.

Processing 17 files. If existing files should be overwritten, be sure to set the ``out_force`` parameter.

Processing 17 files. If existing files should be overwritten, be sure to set the ``out_force`` parameter.

Processing 17 files. If existing files should be overwritten, be sure to set the ``out_force`` parameter.

Processing 17 files. If existing files should be overwritten, be sure to set the ``out_force`` parameter.

Processing 17 files. If existing files should be overwritten, be sure to set the ``out_force`` parameter.

Processing 17 files. If existing files should be overwritten, be sure to set the ``out_force`` parameter.

Processing 18 files. If existing files should be overwritten, be sure to set the ``out_force`` parameter.

Processing 18 files. If existing files should be overwritten, be sure to set the ``out_force`` parameter.

Processing 18 files. If existing files should be overwritten, be sure to set the ``out_force`` parameter.

Processing 18 files. If existing files should be overwritten, be sure to set the ``out_force`` parameter.

Processing 18 files. If existing files should be overwritten, be sure to set the ``out_force`` parameter.

Processing 18 files. If existing files should be overwritten, be sure to set the ``out_force`` parameter.

Processing 17 files. If existing files should be overwritten, be sure to set the ``out_force`` parameter.

Processing 17 files. If existing files should be overwritten, be sure to set the ``out_force`` parameter.

Processing 17 files. If existing files should be overwritten, be sure to set the ``out_force`` parameter.

Processing 17 files. If existing files should be overwritten, be sure to set the ``out_force`` parameter.

Processing 17 files. If existing files should be overwritten, be sure to set the ``out_force`` parameter.

Processing 17 files. If existing files should be overwritten, be sure to set the ``out_force`` parameter.

Processing 18 files. If existing files should be overwritten, be sure to set the ``out_force`` parameter.

Processing 18 files. If existing files should be overwritten, be sure to set the ``out_force`` parameter.

Processing 18 files. If existing files should be overwritten, be sure to set the ``out_force`` parameter.

Processing 18 files. If existing files should be overwritten, be sure to set the ``out_force`` parameter.

Processing 18 files. If existing files should be overwritten, be sure to set the ``out_force`` parameter.

Processing 18 files. If existing files should be overwritten, be sure to set the ``out_force`` parameter.

Processing 17 files. If existing files should be overwritten, be sure to set the ``out_force`` parameter.

Processing 17 files. If existing files should be overwritten, be sure to set the ``out_force`` parameter.

Processing 17 files. If existing files should be overwritten, be sure to set the ``out_force`` parameter.

Processing 17 files. If existing files should be overwritten, be sure to set the ``out_force`` parameter.

Processing 17 files. If existing files should be overwritten, be sure to set the ``out_force`` parameter.

Processing 17 files. If existing files should be overwritten, be sure to set the ``out_force`` parameter.

Processing 18 files. If existing files should be overwritten, be sure to set the ``out_force`` parameter.

Processing 18 files. If existing files should be overwritten, be sure to set the ``out_force`` parameter.

Processing 18 files. If existing files should be overwritten, be sure to set the ``out_force`` parameter.

Processing 18 files. If existing files should be overwritten, be sure to set the ``out_force`` parameter.

Processing 18 files. If existing files should be overwritten, be sure to set the ``out_force`` parameter.

Processing 18 files. If existing files should be overwritten, be sure to set the ``out_force`` parameter.

Processing 18 files. If existing files should be overwritten, be sure to set the ``out_force`` parameter.

Processing 18 files. If existing files should be overwritten, be sure to set the ``out_force`` parameter.

Processing 18 files. If existing files should be overwritten, be sure to set the ``out_force`` parameter.

Processing 18 files. If existing files should be overwritten, be sure to set the ``out_force`` parameter.

Processing 18 files. If existing files should be overwritten, be sure to set the ``out_force`` parameter.

Processing 18 files. If existing files should be overwritten, be sure to set the ``out_force`` parameter.

Processing 18 files. If existing files should be overwritten, be sure to set the ``out_force`` parameter.

Processing 18 files. If existing files should be overwritten, be sure to set the ``out_force`` parameter.

Processing 18 files. If existing files should be overwritten, be sure to set the ``out_force`` parameter.

Processing 18 files. If existing files should be overwritten, be sure to set the ``out_force`` parameter.

Processing 18 files. If existing files should be overwritten, be sure to set the ``out_force`` parameter.

Processing 18 files. If existing files should be overwritten, be sure to set the ``out_force`` parameter.

Processing 17 files. If existing files should be overwritten, be sure to set the ``out_force`` parameter.

Processing 17 files. If existing files should be overwritten, be sure to set the ``out_force`` parameter.

Processing 17 files. If existing files should be overwritten, be sure to set the ``out_force`` parameter.

Processing 17 files. If existing files should be overwritten, be sure to set the ``out_force`` parameter.

Processing 17 files. If existing files should be overwritten, be sure to set the ``out_force`` parameter.

Processing 17 files. If existing files should be overwritten, be sure to set the ``out_force`` parameter.

Processing 18 files. If existing files should be overwritten, be sure to set the ``out_force`` parameter.

Processing 18 files. If existing files should be overwritten, be sure to set the ``out_force`` parameter.

Processing 18 files. If existing files should be overwritten, be sure to set the ``out_force`` parameter.

Processing 18 files. If existing files should be overwritten, be sure to set the ``out_force`` parameter.

Processing 18 files. If existing files should be overwritten, be sure to set the ``out_force`` parameter.

Processing 18 files. If existing files should be overwritten, be sure to set the ``out_force`` parameter.

Processing 17 files. If existing files should be overwritten, be sure to set the ``out_force`` parameter.

Processing 17 files. If existing files should be overwritten, be sure to set the ``out_force`` parameter.

Processing 17 files. If existing files should be overwritten, be sure to set the ``out_force`` parameter.

Processing 17 files. If existing files should be overwritten, be sure to set the ``out_force`` parameter.

Processing 17 files. If existing files should be overwritten, be sure to set the ``out_force`` parameter.

Processing 17 files. If existing files should be overwritten, be sure to set the ``out_force`` parameter.

Processing 17 files. If existing files should be overwritten, be sure to set the ``out_force`` parameter.

Processing 17 files. If existing files should be overwritten, be sure to set the ``out_force`` parameter.

Processing 17 files. If existing files should be overwritten, be sure to set the ``out_force`` parameter.

Processing 17 files. If existing files should be overwritten, be sure to set the ``out_force`` parameter.

Processing 17 files. If existing files should be overwritten, be sure to set the ``out_force`` parameter.

Processing 17 files. If existing files should be overwritten, be sure to set the ``out_force`` parameter.

Processing 17 files. If existing files should be overwritten, be sure to set the ``out_force`` parameter.

Processing 17 files. If existing files should be overwritten, be sure to set the ``out_force`` parameter.

Processing 17 files. If existing files should be overwritten, be sure to set the ``out_force`` parameter.

Processing 17 files. If existing files should be overwritten, be sure to set the ``out_force`` parameter.

Processing 17 files. If existing files should be overwritten, be sure to set the ``out_force`` parameter.

Processing 17 files. If existing files should be overwritten, be sure to set the ``out_force`` parameter.

Processing 18 files. If existing files should be overwritten, be sure to set the ``out_force`` parameter.

Processing 18 files. If existing files should be overwritten, be sure to set the ``out_force`` parameter.

Processing 18 files. If existing files should be overwritten, be sure to set the ``out_force`` parameter.

Processing 18 files. If existing files should be overwritten, be sure to set the ``out_force`` parameter.

Processing 18 files. If existing files should be overwritten, be sure to set the ``out_force`` parameter.

Processing 18 files. If existing files should be overwritten, be sure to set the ``out_force`` parameter.

Processing 17 files. If existing files should be overwritten, be sure to set the ``out_force`` parameter.

Processing 17 files. If existing files should be overwritten, be sure to set the ``out_force`` parameter.

Processing 17 files. If existing files should be overwritten, be sure to set the ``out_force`` parameter.

Processing 17 files. If existing files should be overwritten, be sure to set the ``out_force`` parameter.

Processing 17 files. If existing files should be overwritten, be sure to set the ``out_force`` parameter.

Processing 17 files. If existing files should be overwritten, be sure to set the ``out_force`` parameter.

Processing 17 files. If existing files should be overwritten, be sure to set the ``out_force`` parameter.

Processing 17 files. If existing files should be overwritten, be sure to set the ``out_force`` parameter.

Processing 17 files. If existing files should be overwritten, be sure to set the ``out_force`` parameter.

Processing 17 files. If existing files should be overwritten, be sure to set the ``out_force`` parameter.

Processing 17 files. If existing files should be overwritten, be sure to set the ``out_force`` parameter.

Processing 17 files. If existing files should be overwritten, be sure to set the ``out_force`` parameter.

Processing 17 files. If existing files should be overwritten, be sure to set the ``out_force`` parameter.

Processing 17 files. If existing files should be overwritten, be sure to set the ``out_force`` parameter.

Processing 17 files. If existing files should be overwritten, be sure to set the ``out_force`` parameter.

Processing 17 files. If existing files should be overwritten, be sure to set the ``out_force`` parameter.

Processing 17 files. If existing files should be overwritten, be sure to set the ``out_force`` parameter.

Processing 17 files. If existing files should be overwritten, be sure to set the ``out_force`` parameter.

Processing 18 files. If existing files should be overwritten, be sure to set the ``out_force`` parameter.

Processing 18 files. If existing files should be overwritten, be sure to set the ``out_force`` parameter.

Processing 18 files. If existing files should be overwritten, be sure to set the ``out_force`` parameter.

Processing 18 files. If existing files should be overwritten, be sure to set the ``out_force`` parameter.

Processing 18 files. If existing files should be overwritten, be sure to set the ``out_force`` parameter.

Processing 18 files. If existing files should be overwritten, be sure to set the ``out_force`` parameter.

Processing 17 files. If existing files should be overwritten, be sure to set the ``out_force`` parameter.

Processing 17 files. If existing files should be overwritten, be sure to set the ``out_force`` parameter.

Processing 17 files. If existing files should be overwritten, be sure to set the ``out_force`` parameter.

Processing 17 files. If existing files should be overwritten, be sure to set the ``out_force`` parameter.

Processing 17 files. If existing files should be overwritten, be sure to set the ``out_force`` parameter.

Processing 17 files. If existing files should be overwritten, be sure to set the ``out_force`` parameter.

Processing 18 files. If existing files should be overwritten, be sure to set the ``out_force`` parameter.

Processing 18 files. If existing files should be overwritten, be sure to set the ``out_force`` parameter.

Processing 18 files. If existing files should be overwritten, be sure to set the ``out_force`` parameter.

Processing 18 files. If existing files should be overwritten, be sure to set the ``out_force`` parameter.

Processing 18 files. If existing files should be overwritten, be sure to set the ``out_force`` parameter.

Processing 18 files. If existing files should be overwritten, be sure to set the ``out_force`` parameter.

Processing 17 files. If existing files should be overwritten, be sure to set the ``out_force`` parameter.

Processing 17 files. If existing files should be overwritten, be sure to set the ``out_force`` parameter.

Processing 17 files. If existing files should be overwritten, be sure to set the ``out_force`` parameter.

Processing 17 files. If existing files should be overwritten, be sure to set the ``out_force`` parameter.

Processing 17 files. If existing files should be overwritten, be sure to set the ``out_force`` parameter.

Processing 17 files. If existing files should be overwritten, be sure to set the ``out_force`` parameter.

Processing 18 files. If existing files should be overwritten, be sure to set the ``out_force`` parameter.

Processing 18 files. If existing files should be overwritten, be sure to set the ``out_force`` parameter.

Processing 18 files. If existing files should be overwritten, be sure to set the ``out_force`` parameter.

Processing 18 files. If existing files should be overwritten, be sure to set the ``out_force`` parameter.

Processing 18 files. If existing files should be overwritten, be sure to set the ``out_force`` parameter.

Processing 18 files. If existing files should be overwritten, be sure to set the ``out_force`` parameter.

Processing 17 files. If existing files should be overwritten, be sure to set the ``out_force`` parameter.

Processing 17 files. If existing files should be overwritten, be sure to set the ``out_force`` parameter.

Processing 17 files. If existing files should be overwritten, be sure to set the ``out_force`` parameter.

Processing 17 files. If existing files should be overwritten, be sure to set the ``out_force`` parameter.

Processing 17 files. If existing files should be overwritten, be sure to set the ``out_force`` parameter.

Processing 17 files. If existing files should be overwritten, be sure to set the ``out_force`` parameter.

Processing 17 files. If existing files should be overwritten, be sure to set the ``out_force`` parameter.

Processing 17 files. If existing files should be overwritten, be sure to set the ``out_force`` parameter.

Processing 17 files. If existing files should be overwritten, be sure to set the ``out_force`` parameter.

Processing 17 files. If existing files should be overwritten, be sure to set the ``out_force`` parameter.

Processing 17 files. If existing files should be overwritten, be sure to set the ``out_force`` parameter.

Processing 17 files. If existing files should be overwritten, be sure to set the ``out_force`` parameter.

Processing 17 files. If existing files should be overwritten, be sure to set the ``out_force`` parameter.

Processing 17 files. If existing files should be overwritten, be sure to set the ``out_force`` parameter.

Processing 17 files. If existing files should be overwritten, be sure to set the ``out_force`` parameter.

Processing 17 files. If existing files should be overwritten, be sure to set the ``out_force`` parameter.

Processing 17 files. If existing files should be overwritten, be sure to set the ``out_force`` parameter.

Processing 17 files. If existing files should be overwritten, be sure to set the ``out_force`` parameter.

Processing 18 files. If existing files should be overwritten, be sure to set the ``out_force`` parameter.

Processing 18 files. If existing files should be overwritten, be sure to set the ``out_force`` parameter.

Processing 18 files. If existing files should be overwritten, be sure to set the ``out_force`` parameter.

Processing 18 files. If existing files should be overwritten, be sure to set the ``out_force`` parameter.

Processing 18 files. If existing files should be overwritten, be sure to set the ``out_force`` parameter.

Processing 18 files. If existing files should be overwritten, be sure to set the ``out_force`` parameter.

Processing 17 files. If existing files should be overwritten, be sure to set the ``out_force`` parameter.

Processing 17 files. If existing files should be overwritten, be sure to set the ``out_force`` parameter.

Processing 17 files. If existing files should be overwritten, be sure to set the ``out_force`` parameter.

Processing 17 files. If existing files should be overwritten, be sure to set the ``out_force`` parameter.

Processing 17 files. If existing files should be overwritten, be sure to set the ``out_force`` parameter.

Processing 17 files. If existing files should be overwritten, be sure to set the ``out_force`` parameter.

Processing 18 files. If existing files should be overwritten, be sure to set the ``out_force`` parameter.

Processing 18 files. If existing files should be overwritten, be sure to set the ``out_force`` parameter.

Processing 18 files. If existing files should be overwritten, be sure to set the ``out_force`` parameter.

Processing 18 files. If existing files should be overwritten, be sure to set the ``out_force`` parameter.

Processing 18 files. If existing files should be overwritten, be sure to set the ``out_force`` parameter.

Processing 18 files. If existing files should be overwritten, be sure to set the ``out_force`` parameter.

Processing 17 files. If existing files should be overwritten, be sure to set the ``out_force`` parameter.

Processing 17 files. If existing files should be overwritten, be sure to set the ``out_force`` parameter.

Processing 17 files. If existing files should be overwritten, be sure to set the ``out_force`` parameter.

Processing 17 files. If existing files should be overwritten, be sure to set the ``out_force`` parameter.

Processing 17 files. If existing files should be overwritten, be sure to set the ``out_force`` parameter.

Processing 17 files. If existing files should be overwritten, be sure to set the ``out_force`` parameter.

Processing 18 files. If existing files should be overwritten, be sure to set the ``out_force`` parameter.

Processing 18 files. If existing files should be overwritten, be sure to set the ``out_force`` parameter.

Processing 18 files. If existing files should be overwritten, be sure to set the ``out_force`` parameter.

Processing 18 files. If existing files should be overwritten, be sure to set the ``out_force`` parameter.

Processing 18 files. If existing files should be overwritten, be sure to set the ``out_force`` parameter.

Processing 18 files. If existing files should be overwritten, be sure to set the ``out_force`` parameter.

Processing 17 files. If existing files should be overwritten, be sure to set the ``out_force`` parameter.

Processing 17 files. If existing files should be overwritten, be sure to set the ``out_force`` parameter.

Processing 17 files. If existing files should be overwritten, be sure to set the ``out_force`` parameter.

Processing 17 files. If existing files should be overwritten, be sure to set the ``out_force`` parameter.

Processing 17 files. If existing files should be overwritten, be sure to set the ``out_force`` parameter.

Processing 17 files. If existing files should be overwritten, be sure to set the ``out_force`` parameter.

Processing 17 files. If existing files should be overwritten, be sure to set the ``out_force`` parameter.

Processing 17 files. If existing files should be overwritten, be sure to set the ``out_force`` parameter.

Processing 17 files. If existing files should be overwritten, be sure to set the ``out_force`` parameter.

Processing 17 files. If existing files should be overwritten, be sure to set the ``out_force`` parameter.

Processing 17 files. If existing files should be overwritten, be sure to set the ``out_force`` parameter.

Processing 17 files. If existing files should be overwritten, be sure to set the ``out_force`` parameter.

Processing 18 files. If existing files should be overwritten, be sure to set the ``out_force`` parameter.

Processing 18 files. If existing files should be overwritten, be sure to set the ``out_force`` parameter.

Processing 18 files. If existing files should be overwritten, be sure to set the ``out_force`` parameter.

Processing 18 files. If existing files should be overwritten, be sure to set the ``out_force`` parameter.

Processing 18 files. If existing files should be overwritten, be sure to set the ``out_force`` parameter.

Processing 18 files. If existing files should be overwritten, be sure to set the ``out_force`` parameter.

Processing 17 files. If existing files should be overwritten, be sure to set the ``out_force`` parameter.

Processing 17 files. If existing files should be overwritten, be sure to set the ``out_force`` parameter.

Processing 17 files. If existing files should be overwritten, be sure to set the ``out_force`` parameter.

Processing 17 files. If existing files should be overwritten, be sure to set the ``out_force`` parameter.

Processing 17 files. If existing files should be overwritten, be sure to set the ``out_force`` parameter.

Processing 17 files. If existing files should be overwritten, be sure to set the ``out_force`` parameter.

Processing 18 files. If existing files should be overwritten, be sure to set the ``out_force`` parameter.

Processing 18 files. If existing files should be overwritten, be sure to set the ``out_force`` parameter.

Processing 18 files. If existing files should be overwritten, be sure to set the ``out_force`` parameter.

Processing 18 files. If existing files should be overwritten, be sure to set the ``out_force`` parameter.

Processing 18 files. If existing files should be overwritten, be sure to set the ``out_force`` parameter.

Processing 18 files. If existing files should be overwritten, be sure to set the ``out_force`` parameter.

Processing 17 files. If existing files should be overwritten, be sure to set the ``out_force`` parameter.

Processing 17 files. If existing files should be overwritten, be sure to set the ``out_force`` parameter.

Processing 17 files. If existing files should be overwritten, be sure to set the ``out_force`` parameter.

Processing 17 files. If existing files should be overwritten, be sure to set the ``out_force`` parameter.

Processing 17 files. If existing files should be overwritten, be sure to set the ``out_force`` parameter.

Processing 17 files. If existing files should be overwritten, be sure to set the ``out_force`` parameter.

Processing 17 files. If existing files should be overwritten, be sure to set the ``out_force`` parameter.

Processing 17 files. If existing files should be overwritten, be sure to set the ``out_force`` parameter.

Processing 17 files. If existing files should be overwritten, be sure to set the ``out_force`` parameter.

Processing 17 files. If existing files should be overwritten, be sure to set the ``out_force`` parameter.

Processing 17 files. If existing files should be overwritten, be sure to set the ``out_force`` parameter.

Processing 17 files. If existing files should be overwritten, be sure to set the ``out_force`` parameter.

Processing 17 files. If existing files should be overwritten, be sure to set the ``out_force`` parameter.

Processing 17 files. If existing files should be overwritten, be sure to set the ``out_force`` parameter.

Processing 17 files. If existing files should be overwritten, be sure to set the ``out_force`` parameter.

Processing 17 files. If existing files should be overwritten, be sure to set the ``out_force`` parameter.

Processing 17 files. If existing files should be overwritten, be sure to set the ``out_force`` parameter.

Processing 17 files. If existing files should be overwritten, be sure to set the ``out_force`` parameter.

Processing 17 files. If existing files should be overwritten, be sure to set the ``out_force`` parameter.

Processing 17 files. If existing files should be overwritten, be sure to set the ``out_force`` parameter.

Processing 17 files. If existing files should be overwritten, be sure to set the ``out_force`` parameter.

Processing 17 files. If existing files should be overwritten, be sure to set the ``out_force`` parameter.

Processing 17 files. If existing files should be overwritten, be sure to set the ``out_force`` parameter.

Processing 17 files. If existing files should be overwritten, be sure to set the ``out_force`` parameter.

Processing 17 files. If existing files should be overwritten, be sure to set the ``out_force`` parameter.

Processing 17 files. If existing files should be overwritten, be sure to set the ``out_force`` parameter.

Processing 17 files. If existing files should be overwritten, be sure to set the ``out_force`` parameter.

Processing 17 files. If existing files should be overwritten, be sure to set the ``out_force`` parameter.

Processing 17 files. If existing files should be overwritten, be sure to set the ``out_force`` parameter.

Processing 17 files. If existing files should be overwritten, be sure to set the ``out_force`` parameter.

Processing 17 files. If existing files should be overwritten, be sure to set the ``out_force`` parameter.

Processing 17 files. If existing files should be overwritten, be sure to set the ``out_force`` parameter.

Processing 17 files. If existing files should be overwritten, be sure to set the ``out_force`` parameter.

Processing 17 files. If existing files should be overwritten, be sure to set the ``out_force`` parameter.

Processing 17 files. If existing files should be overwritten, be sure to set the ``out_force`` parameter.

Processing 17 files. If existing files should be overwritten, be sure to set the ``out_force`` parameter.

Processing 17 files. If existing files should be overwritten, be sure to set the ``out_force`` parameter.

Processing 17 files. If existing files should be overwritten, be sure to set the ``out_force`` parameter.

Processing 17 files. If existing files should be overwritten, be sure to set the ``out_force`` parameter.

Processing 17 files. If existing files should be overwritten, be sure to set the ``out_force`` parameter.

Processing 17 files. If existing files should be overwritten, be sure to set the ``out_force`` parameter.

Processing 17 files. If existing files should be overwritten, be sure to set the ``out_force`` parameter.

Processing 17 files. If existing files should be overwritten, be sure to set the ``out_force`` parameter.

Processing 17 files. If existing files should be overwritten, be sure to set the ``out_force`` parameter.

Processing 17 files. If existing files should be overwritten, be sure to set the ``out_force`` parameter.

Processing 17 files. If existing files should be overwritten, be sure to set the ``out_force`` parameter.

Processing 17 files. If existing files should be overwritten, be sure to set the ``out_force`` parameter.

Processing 17 files. If existing files should be overwritten, be sure to set the ``out_force`` parameter.

There were 36 images that slipped through the cracks. Processing them manually now...

Directory: /panfs/roc/groups/5/yangc1/public/hs_process/data/ref_closest_panel/crop_plot/clip_none/smooth_window_11
Here are the missed images:
['study_wells_date_20180628_plot_822', 'study_wells_date_20180628_plot_1803', 'study_wells_date_20190708_plot_607', 'study_aerfsmall_date_20190619_plot_602', 'study_wells_date_20190708_plot_2020', 'study_wells_date_20180628_plot_1411', 'study_wells_date_20190708_plot_1306', 'study_wells_date_20190708_plot_1506', 'study_wells_date_20180628_plot_1729', 'study_aerfsmall_date_20190629_plot_401', 'study_wells_date_20190708_plot_1611', 'study_wells_date_20180628_plot_1410', 'study_wells_date_20180628_plot_1903', 'study_wells_date_20190708_plot_1201', 'study_wells_date_20180628_plot_1327', 'study_wells_date_20180628_plot_1630', 'study_wells_date_20190708_plot_1232', 'study_wells_date_20180628_plot_103', 'study_wells_date_20190708_plot_608', 'study_wells_date_20180628_plot_1414', 'study_wells_date_20190708_plot_1922', 'study_wells_date_20180628_plot_1525', 'study_aerffield_date_20190708_plot_5129', 'study_aerffield_date_20190629_plot_3105', 'study_wells_date_20180628_plot_1512', 'study_wells_date_20180628_plot_1419', 'study_wells_date_20190708_plot_1104', 'study_wells_date_20180628_plot_1604', 'study_wells_date_20190708_plot_332', 'study_wells_date_20190708_plot_111', 'study_wells_date_20180628_plot_1116', 'study_wells_date_20190708_plot_329', 'study_wells_date_20180628_plot_1114', 'study_wells_date_20190708_plot_805', 'study_wells_date_20190708_plot_1827', 'study_wells_date_20180628_plot_1311']

Processing 36 files. If existing files should be overwritten, be sure to set the ``out_force`` parameter.

Processing 36 files. If existing files should be overwritten, be sure to set the ``out_force`` parameter.

Processing 36 files. If existing files should be overwritten, be sure to set the ``out_force`` parameter.

Processing 36 files. If existing files should be overwritten, be sure to set the ``out_force`` parameter.

Processing 36 files. If existing files should be overwritten, be sure to set the ``out_force`` parameter.

Processing 36 files. If existing files should be overwritten, be sure to set the ``out_force`` parameter.

