Skipping past idx_grix 0...
Skipping past idx_grix 1...
Skipping past idx_grix 2...
Skipping past idx_grix 3...
Skipping past idx_grix 4...
Skipping past idx_grix 5...
Skipping past idx_grix 6...
Skipping past idx_grix 7...
Skipping past idx_grix 8...
Skipping past idx_grix 9...
Skipping past idx_grix 10...
Skipping past idx_grix 11...
Skipping past idx_grix 12...
Skipping past idx_grix 13...
Skipping past idx_grix 14...
Skipping past idx_grix 15...
Skipping past idx_grix 16...
Skipping past idx_grix 17...
Skipping past idx_grix 18...
Skipping past idx_grix 19...
Skipping past idx_grix 20...
Skipping past idx_grix 21...
Skipping past idx_grix 22...
Skipping past idx_grix 23...
Skipping past idx_grix 24...
Skipping past idx_grix 25...
Skipping past idx_grix 26...
Skipping past idx_grix 27...
Skipping past idx_grix 28...
Skipping past idx_grix 29...
Skipping past idx_grix 30...
Skipping past idx_grix 31...
Skipping past idx_grix 32...
Skipping past idx_grix 33...
Skipping past idx_grix 34...
Skipping past idx_grix 35...
Skipping past idx_grix 36...
Skipping past idx_grix 37...
Skipping past idx_grix 38...
Skipping past idx_grix 39...
Skipping past idx_grix 40...
Skipping past idx_grix 41...
Skipping past idx_grix 42...
Skipping past idx_grix 43...
Skipping past idx_grix 44...

Processing scenario ID: 45
Panels type: ref_closest_panel
Crop type: crop_plot
Clip type: None
Smooth type: {'window_size': 11, 'order': 2}
Bin type: {'method': 'spectral_resample', 'bandwidth': 20}
Segment type: None
Clipping..
Clip: ``clip_type`` is either None and there is nothing to process, or all the images are already processed.
Smoothing..
Smooth: ``smooth_type`` is either None and there is nothing to process, or all the images are already processed.
Binning..
Bin: ``bin_type`` is either None and there is nothing to process, or all the images are already processed.
Segmenting..
Segment: ``segment_type`` is None, so there will not be any segmentation/masking performed. Mean spectra and derivative spectra are being extracted...

Processing scenario ID: 46
Panels type: ref_closest_panel
Crop type: crop_plot
Clip type: None
Smooth type: {'window_size': 11, 'order': 2}
Bin type: {'method': 'spectral_resample', 'bandwidth': 20}
Segment type: {'method': 'ndi', 'wl1': [770, 800], 'wl2': [650, 680], 'mask_percentile': 50, 'mask_side': 'lower'}
Clipping..
Clip: ``clip_type`` is either None and there is nothing to process, or all the images are already processed.
Smoothing..
Smooth: ``smooth_type`` is either None and there is nothing to process, or all the images are already processed.
Binning..
Bin: ``bin_type`` is either None and there is nothing to process, or all the images are already processed.
Segmenting..

Processing scenario ID: 47
Panels type: ref_closest_panel
Crop type: crop_plot
Clip type: None
Smooth type: {'window_size': 11, 'order': 2}
Bin type: {'method': 'spectral_resample', 'bandwidth': 20}
Segment type: {'method': 'ndi', 'wl1': [770, 800], 'wl2': [650, 680], 'mask_percentile': 50, 'mask_side': 'upper'}
Clipping..
Clip: ``clip_type`` is either None and there is nothing to process, or all the images are already processed.
Smoothing..
Smooth: ``smooth_type`` is either None and there is nothing to process, or all the images are already processed.
Binning..
Bin: ``bin_type`` is either None and there is nothing to process, or all the images are already processed.
Segmenting..

Processing scenario ID: 48
Panels type: ref_closest_panel
Crop type: crop_plot
Clip type: None
Smooth type: {'window_size': 11, 'order': 2}
Bin type: {'method': 'spectral_resample', 'bandwidth': 20}
Segment type: {'method': 'mcari2', 'wl1': [800], 'wl2': [670], 'wl3': [550], 'mask_percentile': 50, 'mask_side': 'lower'}
Clipping..
Clip: ``clip_type`` is either None and there is nothing to process, or all the images are already processed.
Smoothing..
Smooth: ``smooth_type`` is either None and there is nothing to process, or all the images are already processed.
Binning..
Bin: ``bin_type`` is either None and there is nothing to process, or all the images are already processed.
Segmenting..

Processing scenario ID: 49
Panels type: ref_closest_panel
Crop type: crop_plot
Clip type: None
Smooth type: {'window_size': 11, 'order': 2}
Bin type: {'method': 'spectral_resample', 'bandwidth': 20}
Segment type: {'method': 'mcari2', 'wl1': [800], 'wl2': [670], 'wl3': [550], 'mask_percentile': 50, 'mask_side': 'upper'}
Clipping..
Clip: ``clip_type`` is either None and there is nothing to process, or all the images are already processed.
Smoothing..
Smooth: ``smooth_type`` is either None and there is nothing to process, or all the images are already processed.
Binning..
Bin: ``bin_type`` is either None and there is nothing to process, or all the images are already processed.
Segmenting..

Processing scenario ID: 50
Panels type: ref_closest_panel
Crop type: crop_plot
Clip type: None
Smooth type: {'window_size': 11, 'order': 2}
Bin type: {'method': 'spectral_resample', 'bandwidth': 20}
Segment type: {'method': 'mcari2', 'wl1': [800], 'wl2': [670], 'wl3': [550], 'mask_percentile': 90, 'mask_side': 'lower'}
Clipping..
Clip: ``clip_type`` is either None and there is nothing to process, or all the images are already processed.
Smoothing..
Smooth: ``smooth_type`` is either None and there is nothing to process, or all the images are already processed.
Binning..
Bin: ``bin_type`` is either None and there is nothing to process, or all the images are already processed.
Segmenting..

Processing scenario ID: 51
Panels type: ref_closest_panel
Crop type: crop_plot
Clip type: None
Smooth type: {'window_size': 11, 'order': 2}
Bin type: {'method': 'spectral_resample', 'bandwidth': 20}
Segment type: {'method': 'mcari2', 'wl1': [800], 'wl2': [670], 'wl3': [550], 'mask_percentile': [50, 75], 'mask_side': 'outside'}
Clipping..
Clip: ``clip_type`` is either None and there is nothing to process, or all the images are already processed.
Smoothing..
Smooth: ``smooth_type`` is either None and there is nothing to process, or all the images are already processed.
Binning..
Bin: ``bin_type`` is either None and there is nothing to process, or all the images are already processed.
Segmenting..

Processing scenario ID: 52
Panels type: ref_closest_panel
Crop type: crop_plot
Clip type: None
Smooth type: {'window_size': 11, 'order': 2}
Bin type: {'method': 'spectral_resample', 'bandwidth': 20}
Segment type: {'method': 'mcari2', 'wl1': [800], 'wl2': [670], 'wl3': [550], 'mask_percentile': [75, 95], 'mask_side': 'outside'}
Clipping..
Clip: ``clip_type`` is either None and there is nothing to process, or all the images are already processed.
Smoothing..
Smooth: ``smooth_type`` is either None and there is nothing to process, or all the images are already processed.
Binning..
Bin: ``bin_type`` is either None and there is nothing to process, or all the images are already processed.
Segmenting..

Processing scenario ID: 53
Panels type: ref_closest_panel
Crop type: crop_plot
Clip type: None
Smooth type: {'window_size': 11, 'order': 2}
Bin type: {'method': 'spectral_resample', 'bandwidth': 20}
Segment type: {'method': ['mcari2', [545, 565]], 'wl1': [[800], [None]], 'wl2': [[670], [None]], 'wl3': [[550], [None]], 'mask_percentile': [90, 75], 'mask_side': ['lower', 'lower']}
Clipping..
Clip: ``clip_type`` is either None and there is nothing to process, or all the images are already processed.
Smoothing..
Smooth: ``smooth_type`` is either None and there is nothing to process, or all the images are already processed.
Binning..
Bin: ``bin_type`` is either None and there is nothing to process, or all the images are already processed.
Segmenting..
Processing 18 files. If existing files should be overwritten, be sure to set the ``out_force`` parameter.

Processing 18 files. If existing files should be overwritten, be sure to set the ``out_force`` parameter.

Processing 18 files. If existing files should be overwritten, be sure to set the ``out_force`` parameter.

Processing 18 files. If existing files should be overwritten, be sure to set the ``out_force`` parameter.

Processing 18 files. If existing files should be overwritten, be sure to set the ``out_force`` parameter.

Processing 18 files. If existing files should be overwritten, be sure to set the ``out_force`` parameter.

Processing 18 files. If existing files should be overwritten, be sure to set the ``out_force`` parameter.

Processing 18 files. If existing files should be overwritten, be sure to set the ``out_force`` parameter.

Processing 18 files. If existing files should be overwritten, be sure to set the ``out_force`` parameter.

Processing 18 files. If existing files should be overwritten, be sure to set the ``out_force`` parameter.

Processing 18 files. If existing files should be overwritten, be sure to set the ``out_force`` parameter.

Processing 18 files. If existing files should be overwritten, be sure to set the ``out_force`` parameter.

Processing 18 files. If existing files should be overwritten, be sure to set the ``out_force`` parameter.

Processing 18 files. If existing files should be overwritten, be sure to set the ``out_force`` parameter.

Processing 18 files. If existing files should be overwritten, be sure to set the ``out_force`` parameter.

Processing 18 files. If existing files should be overwritten, be sure to set the ``out_force`` parameter.

Processing 18 files. If existing files should be overwritten, be sure to set the ``out_force`` parameter.

Processing 18 files. If existing files should be overwritten, be sure to set the ``out_force`` parameter.

Processing 17 files. If existing files should be overwritten, be sure to set the ``out_force`` parameter.

Processing 17 files. If existing files should be overwritten, be sure to set the ``out_force`` parameter.

Processing 17 files. If existing files should be overwritten, be sure to set the ``out_force`` parameter.

Processing 17 files. If existing files should be overwritten, be sure to set the ``out_force`` parameter.

Processing 17 files. If existing files should be overwritten, be sure to set the ``out_force`` parameter.

Processing 17 files. If existing files should be overwritten, be sure to set the ``out_force`` parameter.

Processing 17 files. If existing files should be overwritten, be sure to set the ``out_force`` parameter.

Processing 17 files. If existing files should be overwritten, be sure to set the ``out_force`` parameter.

Processing 17 files. If existing files should be overwritten, be sure to set the ``out_force`` parameter.

Processing 17 files. If existing files should be overwritten, be sure to set the ``out_force`` parameter.

Processing 17 files. If existing files should be overwritten, be sure to set the ``out_force`` parameter.

Processing 17 files. If existing files should be overwritten, be sure to set the ``out_force`` parameter.

Processing 18 files. If existing files should be overwritten, be sure to set the ``out_force`` parameter.

Processing 18 files. If existing files should be overwritten, be sure to set the ``out_force`` parameter.

Processing 18 files. If existing files should be overwritten, be sure to set the ``out_force`` parameter.

Processing 18 files. If existing files should be overwritten, be sure to set the ``out_force`` parameter.

Processing 18 files. If existing files should be overwritten, be sure to set the ``out_force`` parameter.

Processing 18 files. If existing files should be overwritten, be sure to set the ``out_force`` parameter.

Processing 17 files. If existing files should be overwritten, be sure to set the ``out_force`` parameter.

Processing 17 files. If existing files should be overwritten, be sure to set the ``out_force`` parameter.

Processing 17 files. If existing files should be overwritten, be sure to set the ``out_force`` parameter.

Processing 17 files. If existing files should be overwritten, be sure to set the ``out_force`` parameter.

Processing 17 files. If existing files should be overwritten, be sure to set the ``out_force`` parameter.

Processing 17 files. If existing files should be overwritten, be sure to set the ``out_force`` parameter.

Processing 18 files. If existing files should be overwritten, be sure to set the ``out_force`` parameter.

Processing 18 files. If existing files should be overwritten, be sure to set the ``out_force`` parameter.

Processing 18 files. If existing files should be overwritten, be sure to set the ``out_force`` parameter.

Processing 18 files. If existing files should be overwritten, be sure to set the ``out_force`` parameter.

Processing 18 files. If existing files should be overwritten, be sure to set the ``out_force`` parameter.

Processing 18 files. If existing files should be overwritten, be sure to set the ``out_force`` parameter.

Processing 17 files. If existing files should be overwritten, be sure to set the ``out_force`` parameter.

Processing 17 files. If existing files should be overwritten, be sure to set the ``out_force`` parameter.

Processing 17 files. If existing files should be overwritten, be sure to set the ``out_force`` parameter.

Processing 17 files. If existing files should be overwritten, be sure to set the ``out_force`` parameter.

Processing 17 files. If existing files should be overwritten, be sure to set the ``out_force`` parameter.

Processing 17 files. If existing files should be overwritten, be sure to set the ``out_force`` parameter.

Processing 18 files. If existing files should be overwritten, be sure to set the ``out_force`` parameter.

Processing 18 files. If existing files should be overwritten, be sure to set the ``out_force`` parameter.

Processing 18 files. If existing files should be overwritten, be sure to set the ``out_force`` parameter.

Processing 18 files. If existing files should be overwritten, be sure to set the ``out_force`` parameter.

Processing 18 files. If existing files should be overwritten, be sure to set the ``out_force`` parameter.

Processing 18 files. If existing files should be overwritten, be sure to set the ``out_force`` parameter.

Processing 17 files. If existing files should be overwritten, be sure to set the ``out_force`` parameter.

Processing 17 files. If existing files should be overwritten, be sure to set the ``out_force`` parameter.

Processing 17 files. If existing files should be overwritten, be sure to set the ``out_force`` parameter.

Processing 17 files. If existing files should be overwritten, be sure to set the ``out_force`` parameter.

Processing 17 files. If existing files should be overwritten, be sure to set the ``out_force`` parameter.

Processing 17 files. If existing files should be overwritten, be sure to set the ``out_force`` parameter.

Processing 17 files. If existing files should be overwritten, be sure to set the ``out_force`` parameter.

Processing 17 files. If existing files should be overwritten, be sure to set the ``out_force`` parameter.

Processing 17 files. If existing files should be overwritten, be sure to set the ``out_force`` parameter.

Processing 17 files. If existing files should be overwritten, be sure to set the ``out_force`` parameter.

Processing 17 files. If existing files should be overwritten, be sure to set the ``out_force`` parameter.

Processing 17 files. If existing files should be overwritten, be sure to set the ``out_force`` parameter.

Processing 17 files. If existing files should be overwritten, be sure to set the ``out_force`` parameter.

Processing 17 files. If existing files should be overwritten, be sure to set the ``out_force`` parameter.

Processing 17 files. If existing files should be overwritten, be sure to set the ``out_force`` parameter.

Processing 17 files. If existing files should be overwritten, be sure to set the ``out_force`` parameter.

Processing 17 files. If existing files should be overwritten, be sure to set the ``out_force`` parameter.

Processing 17 files. If existing files should be overwritten, be sure to set the ``out_force`` parameter.

Processing 17 files. If existing files should be overwritten, be sure to set the ``out_force`` parameter.

Processing 17 files. If existing files should be overwritten, be sure to set the ``out_force`` parameter.

Processing 17 files. If existing files should be overwritten, be sure to set the ``out_force`` parameter.

Processing 17 files. If existing files should be overwritten, be sure to set the ``out_force`` parameter.

Processing 17 files. If existing files should be overwritten, be sure to set the ``out_force`` parameter.

Processing 17 files. If existing files should be overwritten, be sure to set the ``out_force`` parameter.

Processing 17 files. If existing files should be overwritten, be sure to set the ``out_force`` parameter.

Processing 17 files. If existing files should be overwritten, be sure to set the ``out_force`` parameter.

Processing 17 files. If existing files should be overwritten, be sure to set the ``out_force`` parameter.

Processing 17 files. If existing files should be overwritten, be sure to set the ``out_force`` parameter.

Processing 17 files. If existing files should be overwritten, be sure to set the ``out_force`` parameter.

Processing 17 files. If existing files should be overwritten, be sure to set the ``out_force`` parameter.

Processing 18 files. If existing files should be overwritten, be sure to set the ``out_force`` parameter.

Processing 18 files. If existing files should be overwritten, be sure to set the ``out_force`` parameter.

Processing 18 files. If existing files should be overwritten, be sure to set the ``out_force`` parameter.

Processing 18 files. If existing files should be overwritten, be sure to set the ``out_force`` parameter.

Processing 18 files. If existing files should be overwritten, be sure to set the ``out_force`` parameter.

Processing 18 files. If existing files should be overwritten, be sure to set the ``out_force`` parameter.

Processing 17 files. If existing files should be overwritten, be sure to set the ``out_force`` parameter.

Processing 17 files. If existing files should be overwritten, be sure to set the ``out_force`` parameter.

Processing 17 files. If existing files should be overwritten, be sure to set the ``out_force`` parameter.

Processing 17 files. If existing files should be overwritten, be sure to set the ``out_force`` parameter.

Processing 17 files. If existing files should be overwritten, be sure to set the ``out_force`` parameter.

Processing 17 files. If existing files should be overwritten, be sure to set the ``out_force`` parameter.

Processing 17 files. If existing files should be overwritten, be sure to set the ``out_force`` parameter.

Processing 17 files. If existing files should be overwritten, be sure to set the ``out_force`` parameter.

Processing 17 files. If existing files should be overwritten, be sure to set the ``out_force`` parameter.

Processing 17 files. If existing files should be overwritten, be sure to set the ``out_force`` parameter.

Processing 17 files. If existing files should be overwritten, be sure to set the ``out_force`` parameter.

Processing 17 files. If existing files should be overwritten, be sure to set the ``out_force`` parameter.

Processing 17 files. If existing files should be overwritten, be sure to set the ``out_force`` parameter.

Processing 17 files. If existing files should be overwritten, be sure to set the ``out_force`` parameter.

Processing 17 files. If existing files should be overwritten, be sure to set the ``out_force`` parameter.

Processing 17 files. If existing files should be overwritten, be sure to set the ``out_force`` parameter.

Processing 17 files. If existing files should be overwritten, be sure to set the ``out_force`` parameter.

Processing 17 files. If existing files should be overwritten, be sure to set the ``out_force`` parameter.

Processing 18 files. If existing files should be overwritten, be sure to set the ``out_force`` parameter.

Processing 18 files. If existing files should be overwritten, be sure to set the ``out_force`` parameter.

Processing 18 files. If existing files should be overwritten, be sure to set the ``out_force`` parameter.

Processing 18 files. If existing files should be overwritten, be sure to set the ``out_force`` parameter.

Processing 18 files. If existing files should be overwritten, be sure to set the ``out_force`` parameter.

Processing 18 files. If existing files should be overwritten, be sure to set the ``out_force`` parameter.

Processing 17 files. If existing files should be overwritten, be sure to set the ``out_force`` parameter.

Processing 17 files. If existing files should be overwritten, be sure to set the ``out_force`` parameter.

Processing 17 files. If existing files should be overwritten, be sure to set the ``out_force`` parameter.

Processing 17 files. If existing files should be overwritten, be sure to set the ``out_force`` parameter.

Processing 17 files. If existing files should be overwritten, be sure to set the ``out_force`` parameter.

Processing 17 files. If existing files should be overwritten, be sure to set the ``out_force`` parameter.

Processing 17 files. If existing files should be overwritten, be sure to set the ``out_force`` parameter.

Processing 17 files. If existing files should be overwritten, be sure to set the ``out_force`` parameter.

Processing 17 files. If existing files should be overwritten, be sure to set the ``out_force`` parameter.

Processing 17 files. If existing files should be overwritten, be sure to set the ``out_force`` parameter.

Processing 17 files. If existing files should be overwritten, be sure to set the ``out_force`` parameter.

Processing 17 files. If existing files should be overwritten, be sure to set the ``out_force`` parameter.

Processing 17 files. If existing files should be overwritten, be sure to set the ``out_force`` parameter.

Processing 17 files. If existing files should be overwritten, be sure to set the ``out_force`` parameter.

Processing 17 files. If existing files should be overwritten, be sure to set the ``out_force`` parameter.

Processing 17 files. If existing files should be overwritten, be sure to set the ``out_force`` parameter.

Processing 17 files. If existing files should be overwritten, be sure to set the ``out_force`` parameter.

Processing 17 files. If existing files should be overwritten, be sure to set the ``out_force`` parameter.

Processing 18 files. If existing files should be overwritten, be sure to set the ``out_force`` parameter.

Processing 18 files. If existing files should be overwritten, be sure to set the ``out_force`` parameter.

Processing 18 files. If existing files should be overwritten, be sure to set the ``out_force`` parameter.

Processing 18 files. If existing files should be overwritten, be sure to set the ``out_force`` parameter.

Processing 18 files. If existing files should be overwritten, be sure to set the ``out_force`` parameter.

Processing 18 files. If existing files should be overwritten, be sure to set the ``out_force`` parameter.

Processing 17 files. If existing files should be overwritten, be sure to set the ``out_force`` parameter.

Processing 17 files. If existing files should be overwritten, be sure to set the ``out_force`` parameter.

Processing 17 files. If existing files should be overwritten, be sure to set the ``out_force`` parameter.

Processing 17 files. If existing files should be overwritten, be sure to set the ``out_force`` parameter.

Processing 17 files. If existing files should be overwritten, be sure to set the ``out_force`` parameter.

Processing 17 files. If existing files should be overwritten, be sure to set the ``out_force`` parameter.

Processing 18 files. If existing files should be overwritten, be sure to set the ``out_force`` parameter.

Processing 18 files. If existing files should be overwritten, be sure to set the ``out_force`` parameter.

Processing 18 files. If existing files should be overwritten, be sure to set the ``out_force`` parameter.

Processing 18 files. If existing files should be overwritten, be sure to set the ``out_force`` parameter.

Processing 18 files. If existing files should be overwritten, be sure to set the ``out_force`` parameter.

Processing 18 files. If existing files should be overwritten, be sure to set the ``out_force`` parameter.

Processing 17 files. If existing files should be overwritten, be sure to set the ``out_force`` parameter.

Processing 17 files. If existing files should be overwritten, be sure to set the ``out_force`` parameter.

Processing 17 files. If existing files should be overwritten, be sure to set the ``out_force`` parameter.

Processing 17 files. If existing files should be overwritten, be sure to set the ``out_force`` parameter.

Processing 17 files. If existing files should be overwritten, be sure to set the ``out_force`` parameter.

Processing 17 files. If existing files should be overwritten, be sure to set the ``out_force`` parameter.

Processing 18 files. If existing files should be overwritten, be sure to set the ``out_force`` parameter.

Processing 18 files. If existing files should be overwritten, be sure to set the ``out_force`` parameter.

Processing 18 files. If existing files should be overwritten, be sure to set the ``out_force`` parameter.

Processing 18 files. If existing files should be overwritten, be sure to set the ``out_force`` parameter.

Processing 18 files. If existing files should be overwritten, be sure to set the ``out_force`` parameter.

Processing 18 files. If existing files should be overwritten, be sure to set the ``out_force`` parameter.

Processing 17 files. If existing files should be overwritten, be sure to set the ``out_force`` parameter.

Processing 17 files. If existing files should be overwritten, be sure to set the ``out_force`` parameter.

Processing 17 files. If existing files should be overwritten, be sure to set the ``out_force`` parameter.

Processing 17 files. If existing files should be overwritten, be sure to set the ``out_force`` parameter.

Processing 17 files. If existing files should be overwritten, be sure to set the ``out_force`` parameter.

Processing 17 files. If existing files should be overwritten, be sure to set the ``out_force`` parameter.

Processing 18 files. If existing files should be overwritten, be sure to set the ``out_force`` parameter.

Processing 18 files. If existing files should be overwritten, be sure to set the ``out_force`` parameter.

Processing 18 files. If existing files should be overwritten, be sure to set the ``out_force`` parameter.

Processing 18 files. If existing files should be overwritten, be sure to set the ``out_force`` parameter.

Processing 18 files. If existing files should be overwritten, be sure to set the ``out_force`` parameter.

Processing 18 files. If existing files should be overwritten, be sure to set the ``out_force`` parameter.

Processing 17 files. If existing files should be overwritten, be sure to set the ``out_force`` parameter.

Processing 17 files. If existing files should be overwritten, be sure to set the ``out_force`` parameter.

Processing 17 files. If existing files should be overwritten, be sure to set the ``out_force`` parameter.

Processing 17 files. If existing files should be overwritten, be sure to set the ``out_force`` parameter.

Processing 17 files. If existing files should be overwritten, be sure to set the ``out_force`` parameter.

Processing 17 files. If existing files should be overwritten, be sure to set the ``out_force`` parameter.

Processing 18 files. If existing files should be overwritten, be sure to set the ``out_force`` parameter.

Processing 18 files. If existing files should be overwritten, be sure to set the ``out_force`` parameter.

Processing 18 files. If existing files should be overwritten, be sure to set the ``out_force`` parameter.

Processing 18 files. If existing files should be overwritten, be sure to set the ``out_force`` parameter.

Processing 18 files. If existing files should be overwritten, be sure to set the ``out_force`` parameter.

Processing 18 files. If existing files should be overwritten, be sure to set the ``out_force`` parameter.

Processing 17 files. If existing files should be overwritten, be sure to set the ``out_force`` parameter.

Processing 17 files. If existing files should be overwritten, be sure to set the ``out_force`` parameter.

Processing 17 files. If existing files should be overwritten, be sure to set the ``out_force`` parameter.

Processing 17 files. If existing files should be overwritten, be sure to set the ``out_force`` parameter.

Processing 17 files. If existing files should be overwritten, be sure to set the ``out_force`` parameter.

Processing 17 files. If existing files should be overwritten, be sure to set the ``out_force`` parameter.

Processing 18 files. If existing files should be overwritten, be sure to set the ``out_force`` parameter.

Processing 18 files. If existing files should be overwritten, be sure to set the ``out_force`` parameter.

Processing 18 files. If existing files should be overwritten, be sure to set the ``out_force`` parameter.

Processing 18 files. If existing files should be overwritten, be sure to set the ``out_force`` parameter.

Processing 18 files. If existing files should be overwritten, be sure to set the ``out_force`` parameter.

Processing 18 files. If existing files should be overwritten, be sure to set the ``out_force`` parameter.

Processing 17 files. If existing files should be overwritten, be sure to set the ``out_force`` parameter.

Processing 17 files. If existing files should be overwritten, be sure to set the ``out_force`` parameter.

Processing 17 files. If existing files should be overwritten, be sure to set the ``out_force`` parameter.

Processing 17 files. If existing files should be overwritten, be sure to set the ``out_force`` parameter.

Processing 17 files. If existing files should be overwritten, be sure to set the ``out_force`` parameter.

Processing 17 files. If existing files should be overwritten, be sure to set the ``out_force`` parameter.

Processing 17 files. If existing files should be overwritten, be sure to set the ``out_force`` parameter.

Processing 17 files. If existing files should be overwritten, be sure to set the ``out_force`` parameter.

Processing 17 files. If existing files should be overwritten, be sure to set the ``out_force`` parameter.

Processing 17 files. If existing files should be overwritten, be sure to set the ``out_force`` parameter.

Processing 17 files. If existing files should be overwritten, be sure to set the ``out_force`` parameter.

Processing 17 files. If existing files should be overwritten, be sure to set the ``out_force`` parameter.

Processing 17 files. If existing files should be overwritten, be sure to set the ``out_force`` parameter.

Processing 17 files. If existing files should be overwritten, be sure to set the ``out_force`` parameter.

Processing 17 files. If existing files should be overwritten, be sure to set the ``out_force`` parameter.

Processing 17 files. If existing files should be overwritten, be sure to set the ``out_force`` parameter.

Processing 17 files. If existing files should be overwritten, be sure to set the ``out_force`` parameter.

Processing 17 files. If existing files should be overwritten, be sure to set the ``out_force`` parameter.

Processing 17 files. If existing files should be overwritten, be sure to set the ``out_force`` parameter.

Processing 17 files. If existing files should be overwritten, be sure to set the ``out_force`` parameter.

Processing 17 files. If existing files should be overwritten, be sure to set the ``out_force`` parameter.

Processing 17 files. If existing files should be overwritten, be sure to set the ``out_force`` parameter.

Processing 17 files. If existing files should be overwritten, be sure to set the ``out_force`` parameter.

Processing 17 files. If existing files should be overwritten, be sure to set the ``out_force`` parameter.

Processing 17 files. If existing files should be overwritten, be sure to set the ``out_force`` parameter.

Processing 17 files. If existing files should be overwritten, be sure to set the ``out_force`` parameter.

Processing 17 files. If existing files should be overwritten, be sure to set the ``out_force`` parameter.

Processing 17 files. If existing files should be overwritten, be sure to set the ``out_force`` parameter.

Processing 17 files. If existing files should be overwritten, be sure to set the ``out_force`` parameter.

Processing 17 files. If existing files should be overwritten, be sure to set the ``out_force`` parameter.

Processing 17 files. If existing files should be overwritten, be sure to set the ``out_force`` parameter.

Processing 17 files. If existing files should be overwritten, be sure to set the ``out_force`` parameter.

Processing 17 files. If existing files should be overwritten, be sure to set the ``out_force`` parameter.

Processing 17 files. If existing files should be overwritten, be sure to set the ``out_force`` parameter.

Processing 17 files. If existing files should be overwritten, be sure to set the ``out_force`` parameter.

Processing 17 files. If existing files should be overwritten, be sure to set the ``out_force`` parameter.

Processing 17 files. If existing files should be overwritten, be sure to set the ``out_force`` parameter.

Processing 17 files. If existing files should be overwritten, be sure to set the ``out_force`` parameter.

Processing 17 files. If existing files should be overwritten, be sure to set the ``out_force`` parameter.

Processing 17 files. If existing files should be overwritten, be sure to set the ``out_force`` parameter.

Processing 17 files. If existing files should be overwritten, be sure to set the ``out_force`` parameter.

Processing 17 files. If existing files should be overwritten, be sure to set the ``out_force`` parameter.

Processing 18 files. If existing files should be overwritten, be sure to set the ``out_force`` parameter.

Processing 18 files. If existing files should be overwritten, be sure to set the ``out_force`` parameter.

Processing 18 files. If existing files should be overwritten, be sure to set the ``out_force`` parameter.

Processing 18 files. If existing files should be overwritten, be sure to set the ``out_force`` parameter.

Processing 18 files. If existing files should be overwritten, be sure to set the ``out_force`` parameter.

Processing 18 files. If existing files should be overwritten, be sure to set the ``out_force`` parameter.

Processing 17 files. If existing files should be overwritten, be sure to set the ``out_force`` parameter.

Processing 17 files. If existing files should be overwritten, be sure to set the ``out_force`` parameter.

Processing 17 files. If existing files should be overwritten, be sure to set the ``out_force`` parameter.

Processing 17 files. If existing files should be overwritten, be sure to set the ``out_force`` parameter.

Processing 17 files. If existing files should be overwritten, be sure to set the ``out_force`` parameter.

Processing 17 files. If existing files should be overwritten, be sure to set the ``out_force`` parameter.

Processing 18 files. If existing files should be overwritten, be sure to set the ``out_force`` parameter.

Processing 18 files. If existing files should be overwritten, be sure to set the ``out_force`` parameter.

Processing 18 files. If existing files should be overwritten, be sure to set the ``out_force`` parameter.

Processing 18 files. If existing files should be overwritten, be sure to set the ``out_force`` parameter.

Processing 18 files. If existing files should be overwritten, be sure to set the ``out_force`` parameter.

Processing 18 files. If existing files should be overwritten, be sure to set the ``out_force`` parameter.

Processing 17 files. If existing files should be overwritten, be sure to set the ``out_force`` parameter.

Processing 17 files. If existing files should be overwritten, be sure to set the ``out_force`` parameter.

Processing 17 files. If existing files should be overwritten, be sure to set the ``out_force`` parameter.

Processing 17 files. If existing files should be overwritten, be sure to set the ``out_force`` parameter.

Processing 17 files. If existing files should be overwritten, be sure to set the ``out_force`` parameter.

Processing 17 files. If existing files should be overwritten, be sure to set the ``out_force`` parameter.

There were 54 images that slipped through the cracks. Processing them manually now...

Directory: /panfs/roc/groups/5/yangc1/public/hs_process/data/ref_closest_panel/crop_plot/clip_none/smooth_window_11/bin_resample_20nm
Here are the missed images:
['study_wells_date_20180628_plot_508', 'study_wells_date_20190708_plot_1823', 'study_wells_date_20190708_plot_935', 'study_wells_date_20190708_plot_1132', 'study_aerffield_date_20190629_plot_6140', 'study_wells_date_20190708_plot_1131', 'study_wells_date_20190708_plot_528', 'study_wells_date_20190708_plot_435', 'study_wells_date_20190708_plot_2019', 'study_wells_date_20180628_plot_302', 'study_wells_date_20190708_plot_1726', 'study_wells_date_20190708_plot_515', 'study_wells_date_20180628_plot_1417', 'study_wells_date_20190708_plot_510', 'study_wells_date_20180628_plot_1636', 'study_aerffield_date_20190708_plot_5110', 'study_wells_date_20180628_plot_1113', 'study_wells_date_20180628_plot_1025', 'study_wells_date_20180628_plot_506', 'study_wells_date_20190708_plot_328', 'study_wells_date_20190708_plot_1005', 'study_wells_date_20180628_plot_1803', 'study_aerfsmall_date_20190629_plot_802', 'study_wells_date_20190708_plot_1914', 'study_wells_date_20180628_plot_524', 'study_wells_date_20180628_plot_2035', 'study_wells_date_20180628_plot_1024', 'study_wells_date_20190708_plot_1030', 'study_wells_date_20190708_plot_1329', 'study_wells_date_20180628_plot_923', 'study_wells_date_20190708_plot_1430', 'study_aerffield_date_20190629_plot_6134', 'study_wells_date_20180628_plot_105', 'study_wells_date_20190708_plot_1727', 'study_wells_date_20180628_plot_319', 'study_wells_date_20180628_plot_304', 'study_wells_date_20180628_plot_202', 'study_wells_date_20190708_plot_1207', 'study_aerfsmall_date_20190629_plot_803', 'study_wells_date_20180628_plot_1928', 'study_wells_date_20180628_plot_1808', 'study_wells_date_20180628_plot_1829', 'study_wells_date_20180628_plot_1410', 'study_wells_date_20190708_plot_1035', 'study_wells_date_20180628_plot_1016', 'study_wells_date_20180628_plot_1511', 'study_wells_date_20190708_plot_1206', 'study_wells_date_20190708_plot_1003', 'study_wells_date_20180628_plot_715', 'study_wells_date_20180628_plot_1314', 'study_wells_date_20190708_plot_1915', 'study_wells_date_20180628_plot_814', 'study_wells_date_20180628_plot_1421', 'study_wells_date_20180628_plot_822']

Processing 54 files. If existing files should be overwritten, be sure to set the ``out_force`` parameter.

Processing 54 files. If existing files should be overwritten, be sure to set the ``out_force`` parameter.

Processing 54 files. If existing files should be overwritten, be sure to set the ``out_force`` parameter.

Processing 54 files. If existing files should be overwritten, be sure to set the ``out_force`` parameter.

Processing 54 files. If existing files should be overwritten, be sure to set the ``out_force`` parameter.

Processing 54 files. If existing files should be overwritten, be sure to set the ``out_force`` parameter.

