Skipping past idx_grix 0...
Skipping past idx_grix 1...
Skipping past idx_grix 2...
Skipping past idx_grix 3...
Skipping past idx_grix 4...
Skipping past idx_grix 5...
Skipping past idx_grix 6...
Skipping past idx_grix 7...
Skipping past idx_grix 8...
Skipping past idx_grix 9...
Skipping past idx_grix 10...
Skipping past idx_grix 11...
Skipping past idx_grix 12...
Skipping past idx_grix 13...
Skipping past idx_grix 14...
Skipping past idx_grix 15...
Skipping past idx_grix 16...
Skipping past idx_grix 17...
Skipping past idx_grix 18...
Skipping past idx_grix 19...
Skipping past idx_grix 20...
Skipping past idx_grix 21...
Skipping past idx_grix 22...
Skipping past idx_grix 23...
Skipping past idx_grix 24...
Skipping past idx_grix 25...
Skipping past idx_grix 26...
Skipping past idx_grix 27...
Skipping past idx_grix 28...
Skipping past idx_grix 29...
Skipping past idx_grix 30...
Skipping past idx_grix 31...
Skipping past idx_grix 32...
Skipping past idx_grix 33...
Skipping past idx_grix 34...
Skipping past idx_grix 35...
Skipping past idx_grix 36...
Skipping past idx_grix 37...
Skipping past idx_grix 38...
Skipping past idx_grix 39...
Skipping past idx_grix 40...
Skipping past idx_grix 41...
Skipping past idx_grix 42...
Skipping past idx_grix 43...
Skipping past idx_grix 44...
Skipping past idx_grix 45...
Skipping past idx_grix 46...
Skipping past idx_grix 47...
Skipping past idx_grix 48...
Skipping past idx_grix 49...
Skipping past idx_grix 50...
Skipping past idx_grix 51...
Skipping past idx_grix 52...
Skipping past idx_grix 53...
Skipping past idx_grix 54...
Skipping past idx_grix 55...
Skipping past idx_grix 56...
Skipping past idx_grix 57...
Skipping past idx_grix 58...
Skipping past idx_grix 59...
Skipping past idx_grix 60...
Skipping past idx_grix 61...
Skipping past idx_grix 62...
Skipping past idx_grix 63...
Skipping past idx_grix 64...
Skipping past idx_grix 65...
Skipping past idx_grix 66...
Skipping past idx_grix 67...
Skipping past idx_grix 68...
Skipping past idx_grix 69...
Skipping past idx_grix 70...
Skipping past idx_grix 71...
Skipping past idx_grix 72...
Skipping past idx_grix 73...
Skipping past idx_grix 74...
Skipping past idx_grix 75...
Skipping past idx_grix 76...
Skipping past idx_grix 77...
Skipping past idx_grix 78...
Skipping past idx_grix 79...
Skipping past idx_grix 80...
Skipping past idx_grix 81...
Skipping past idx_grix 82...
Skipping past idx_grix 83...
Skipping past idx_grix 84...
Skipping past idx_grix 85...
Skipping past idx_grix 86...
Skipping past idx_grix 87...
Skipping past idx_grix 88...
Skipping past idx_grix 89...
Skipping past idx_grix 90...
Skipping past idx_grix 91...
Skipping past idx_grix 92...
Skipping past idx_grix 93...
Skipping past idx_grix 94...
Skipping past idx_grix 95...
Skipping past idx_grix 96...
Skipping past idx_grix 97...
Skipping past idx_grix 98...

Processing scenario ID: 99
Panels type: ref_closest_panel
Crop type: crop_plot
Clip type: {'wl_bands': [[0, 420], [880, 1000]]}
Smooth type: {'window_size': 11, 'order': 2}
Bin type: {'method': 'spectral_resample', 'bandwidth': 20}
Segment type: None
Clipping..
Processing 18 files. If existing files should be overwritten, be sure to set the ``out_force`` parameter.

Processing 14 files. If existing files should be overwritten, be sure to set the ``out_force`` parameter.

Processing 17 files. If existing files should be overwritten, be sure to set the ``out_force`` parameter.

Processing 14 files. If existing files should be overwritten, be sure to set the ``out_force`` parameter.

Processing 18 files. If existing files should be overwritten, be sure to set the ``out_force`` parameter.

Processing 11 files. If existing files should be overwritten, be sure to set the ``out_force`` parameter.

Processing 17 files. If existing files should be overwritten, be sure to set the ``out_force`` parameter.

Processing 9 files. If existing files should be overwritten, be sure to set the ``out_force`` parameter.

Processing 18 files. If existing files should be overwritten, be sure to set the ``out_force`` parameter.

Processing 16 files. If existing files should be overwritten, be sure to set the ``out_force`` parameter.

Processing 13 files. If existing files should be overwritten, be sure to set the ``out_force`` parameter.

Processing 18 files. If existing files should be overwritten, be sure to set the ``out_force`` parameter.

Processing 15 files. If existing files should be overwritten, be sure to set the ``out_force`` parameter.

Processing 18 files. If existing files should be overwritten, be sure to set the ``out_force`` parameter.

Processing 18 files. If existing files should be overwritten, be sure to set the ``out_force`` parameter.

Processing 18 files. If existing files should be overwritten, be sure to set the ``out_force`` parameter.

Processing 18 files. If existing files should be overwritten, be sure to set the ``out_force`` parameter.

Processing 16 files. If existing files should be overwritten, be sure to set the ``out_force`` parameter.

Processing 18 files. If existing files should be overwritten, be sure to set the ``out_force`` parameter.

Processing 18 files. If existing files should be overwritten, be sure to set the ``out_force`` parameter.

Processing 17 files. If existing files should be overwritten, be sure to set the ``out_force`` parameter.

Processing 15 files. If existing files should be overwritten, be sure to set the ``out_force`` parameter.

Processing 11 files. If existing files should be overwritten, be sure to set the ``out_force`` parameter.

Processing 18 files. If existing files should be overwritten, be sure to set the ``out_force`` parameter.

Processing 14 files. If existing files should be overwritten, be sure to set the ``out_force`` parameter.

Processing 16 files. If existing files should be overwritten, be sure to set the ``out_force`` parameter.

Processing 17 files. If existing files should be overwritten, be sure to set the ``out_force`` parameter.

Processing 15 files. If existing files should be overwritten, be sure to set the ``out_force`` parameter.

Processing 18 files. If existing files should be overwritten, be sure to set the ``out_force`` parameter.

Processing 16 files. If existing files should be overwritten, be sure to set the ``out_force`` parameter.

Processing 11 files. If existing files should be overwritten, be sure to set the ``out_force`` parameter.

Processing 18 files. If existing files should be overwritten, be sure to set the ``out_force`` parameter.

Processing 15 files. If existing files should be overwritten, be sure to set the ``out_force`` parameter.

Processing 10 files. If existing files should be overwritten, be sure to set the ``out_force`` parameter.

Processing 18 files. If existing files should be overwritten, be sure to set the ``out_force`` parameter.

Processing 18 files. If existing files should be overwritten, be sure to set the ``out_force`` parameter.

Processing 14 files. If existing files should be overwritten, be sure to set the ``out_force`` parameter.

Processing 18 files. If existing files should be overwritten, be sure to set the ``out_force`` parameter.

Processing 10 files. If existing files should be overwritten, be sure to set the ``out_force`` parameter.

Processing 18 files. If existing files should be overwritten, be sure to set the ``out_force`` parameter.

Processing 17 files. If existing files should be overwritten, be sure to set the ``out_force`` parameter.

Processing 8 files. If existing files should be overwritten, be sure to set the ``out_force`` parameter.

Processing 18 files. If existing files should be overwritten, be sure to set the ``out_force`` parameter.

Processing 17 files. If existing files should be overwritten, be sure to set the ``out_force`` parameter.

Processing 12 files. If existing files should be overwritten, be sure to set the ``out_force`` parameter.

Processing 14 files. If existing files should be overwritten, be sure to set the ``out_force`` parameter.

Processing 18 files. If existing files should be overwritten, be sure to set the ``out_force`` parameter.

Processing 16 files. If existing files should be overwritten, be sure to set the ``out_force`` parameter.

There were 114 images that slipped through the cracks. Processing them manually now...

Directory: /panfs/roc/groups/5/yangc1/public/hs_process/data/ref_closest_panel/crop_plot
Here are the missed images:
['study_wells_date_20190708_plot_410', 'study_wells_date_20190708_plot_216', 'study_wells_date_20190708_plot_829', 'study_wells_date_20180628_plot_824', 'study_wells_date_20180628_plot_104', 'study_aerfsmall_date_20190629_plot_403', 'study_aerfsmall_date_20190709_plot_803', 'study_aerfsmall_date_20190619_plot_502', 'study_wells_date_20180628_plot_923', 'study_wells_date_20180628_plot_1424', 'study_wells_date_20190708_plot_435', 'study_aerfsmall_date_20190709_plot_101', 'study_wells_date_20180628_plot_2009', 'study_wells_date_20190708_plot_132', 'study_wells_date_20180628_plot_2029', 'study_wells_date_20190708_plot_317', 'study_wells_date_20190708_plot_602', 'study_wells_date_20180628_plot_307', 'study_wells_date_20190708_plot_334', 'study_wells_date_20190708_plot_1627', 'study_aerfsmall_date_20190709_plot_302', 'study_wells_date_20190708_plot_433', 'study_wells_date_20190708_plot_312', 'study_aerfsmall_date_20190709_plot_203', 'study_wells_date_20180628_plot_619', 'study_wells_date_20180628_plot_2006', 'study_wells_date_20190708_plot_1727', 'study_wells_date_20180628_plot_1315', 'study_aerfsmall_date_20190629_plot_501', 'study_wells_date_20180628_plot_620', 'study_wells_date_20190708_plot_1626', 'study_wells_date_20180628_plot_811', 'study_wells_date_20180628_plot_1015', 'study_wells_date_20190708_plot_1233', 'study_wells_date_20180628_plot_1320', 'study_wells_date_20180628_plot_1227', 'study_aerfsmall_date_20190619_plot_701', 'study_aerfsmall_date_20190629_plot_701', 'study_wells_date_20190708_plot_1611', 'study_wells_date_20180628_plot_527', 'study_wells_date_20190708_plot_1710', 'study_wells_date_20180628_plot_406', 'study_wells_date_20190708_plot_210', 'study_aerfsmall_date_20190629_plot_203', 'study_wells_date_20180628_plot_1115', 'study_aerfsmall_date_20190619_plot_403', 'study_wells_date_20180628_plot_222', 'study_wells_date_20180628_plot_1318', 'study_aerfsmall_date_20190629_plot_401', 'study_wells_date_20190708_plot_1302', 'study_wells_date_20180628_plot_1316', 'study_wells_date_20180628_plot_1317', 'study_wells_date_20190708_plot_831', 'study_wells_date_20190708_plot_1816', 'study_wells_date_20180628_plot_1735', 'study_wells_date_20180628_plot_422', 'study_wells_date_20190708_plot_129', 'study_wells_date_20180628_plot_121', 'study_aerfsmall_date_20190629_plot_103', 'study_wells_date_20180628_plot_1832', 'study_wells_date_20180628_plot_1630', 'study_wells_date_20180628_plot_509', 'study_wells_date_20180628_plot_915', 'study_wells_date_20190708_plot_110', 'study_aerfsmall_date_20190709_plot_103', 'study_wells_date_20190708_plot_1228', 'study_wells_date_20190708_plot_1203', 'study_wells_date_20180628_plot_818', 'study_wells_date_20180628_plot_716', 'study_wells_date_20180628_plot_503', 'study_aerfsmall_date_20190619_plot_802', 'study_wells_date_20180628_plot_618', 'study_wells_date_20190708_plot_310', 'study_wells_date_20180628_plot_1510', 'study_wells_date_20180628_plot_1123', 'study_aerfsmall_date_20190629_plot_801', 'study_wells_date_20180628_plot_914', 'study_wells_date_20180628_plot_201', 'study_wells_date_20190708_plot_1409', 'study_wells_date_20180628_plot_1628', 'study_wells_date_20190708_plot_736', 'study_wells_date_20190708_plot_1920', 'study_aerfsmall_date_20190629_plot_803', 'study_wells_date_20190708_plot_1815', 'study_wells_date_20180628_plot_1218', 'study_wells_date_20180628_plot_1704', 'study_wells_date_20190708_plot_708', 'study_wells_date_20180628_plot_108', 'study_aerffield_date_20190629_plot_7143', 'study_wells_date_20180628_plot_1908', 'study_wells_date_20190708_plot_1921', 'study_wells_date_20180628_plot_916', 'study_wells_date_20180628_plot_2007', 'study_wells_date_20180628_plot_2004', 'study_aerfsmall_date_20190629_plot_603', 'study_wells_date_20190708_plot_1820', 'study_wells_date_20180628_plot_1427', 'study_wells_date_20190708_plot_1206', 'study_aerffield_date_20190708_plot_4128', 'study_wells_date_20190708_plot_133', 'study_wells_date_20190708_plot_630', 'study_aerffield_date_20190629_plot_1131', 'study_wells_date_20190708_plot_629', 'study_wells_date_20190708_plot_113', 'study_wells_date_20180628_plot_227', 'study_wells_date_20190708_plot_2027', 'study_wells_date_20180628_plot_1802', 'study_wells_date_20180628_plot_301', 'study_wells_date_20180628_plot_221', 'study_wells_date_20180628_plot_821', 'study_aerfsmall_date_20190629_plot_402', 'study_wells_date_20190708_plot_212', 'study_wells_date_20190708_plot_1531', 'study_wells_date_20190708_plot_1331']

Processing 114 files. If existing files should be overwritten, be sure to set the ``out_force`` parameter.

