Skipping past idx_grix 0...
Skipping past idx_grix 1...
Skipping past idx_grix 2...
Skipping past idx_grix 3...
Skipping past idx_grix 4...
Skipping past idx_grix 5...
Skipping past idx_grix 6...
Skipping past idx_grix 7...
Skipping past idx_grix 8...
Skipping past idx_grix 9...
Skipping past idx_grix 10...
Skipping past idx_grix 11...
Skipping past idx_grix 12...
Skipping past idx_grix 13...
Skipping past idx_grix 14...
Skipping past idx_grix 15...
Skipping past idx_grix 16...
Skipping past idx_grix 17...
Skipping past idx_grix 18...
Skipping past idx_grix 19...
Skipping past idx_grix 20...
Skipping past idx_grix 21...
Skipping past idx_grix 22...
Skipping past idx_grix 23...
Skipping past idx_grix 24...
Skipping past idx_grix 25...
Skipping past idx_grix 26...
Skipping past idx_grix 27...
Skipping past idx_grix 28...
Skipping past idx_grix 29...
Skipping past idx_grix 30...
Skipping past idx_grix 31...
Skipping past idx_grix 32...
Skipping past idx_grix 33...
Skipping past idx_grix 34...
Skipping past idx_grix 35...
Skipping past idx_grix 36...
Skipping past idx_grix 37...
Skipping past idx_grix 38...
Skipping past idx_grix 39...
Skipping past idx_grix 40...
Skipping past idx_grix 41...
Skipping past idx_grix 42...
Skipping past idx_grix 43...
Skipping past idx_grix 44...
Skipping past idx_grix 45...
Skipping past idx_grix 46...
Skipping past idx_grix 47...
Skipping past idx_grix 48...
Skipping past idx_grix 49...
Skipping past idx_grix 50...
Skipping past idx_grix 51...
Skipping past idx_grix 52...
Skipping past idx_grix 53...
Skipping past idx_grix 54...
Skipping past idx_grix 55...
Skipping past idx_grix 56...
Skipping past idx_grix 57...
Skipping past idx_grix 58...
Skipping past idx_grix 59...
Skipping past idx_grix 60...
Skipping past idx_grix 61...
Skipping past idx_grix 62...
Skipping past idx_grix 63...
Skipping past idx_grix 64...
Skipping past idx_grix 65...
Skipping past idx_grix 66...
Skipping past idx_grix 67...
Skipping past idx_grix 68...
Skipping past idx_grix 69...
Skipping past idx_grix 70...
Skipping past idx_grix 71...

Processing scenario ID: 72
Panels type: ref_closest_panel
Crop type: crop_plot
Clip type: {'wl_bands': [[0, 420], [880, 1000]]}
Smooth type: None
Bin type: {'method': 'spectral_resample', 'bandwidth': 20}
Segment type: None
Clipping..
Processing 5 files. If existing files should be overwritten, be sure to set the ``out_force`` parameter.

Processing 2 files. If existing files should be overwritten, be sure to set the ``out_force`` parameter.

Processing 3 files. If existing files should be overwritten, be sure to set the ``out_force`` parameter.

Processing 7 files. If existing files should be overwritten, be sure to set the ``out_force`` parameter.

Processing 4 files. If existing files should be overwritten, be sure to set the ``out_force`` parameter.

Processing 5 files. If existing files should be overwritten, be sure to set the ``out_force`` parameter.

Processing 6 files. If existing files should be overwritten, be sure to set the ``out_force`` parameter.

Processing 8 files. If existing files should be overwritten, be sure to set the ``out_force`` parameter.

Processing 8 files. If existing files should be overwritten, be sure to set the ``out_force`` parameter.

Processing 2 files. If existing files should be overwritten, be sure to set the ``out_force`` parameter.

Processing 2 files. If existing files should be overwritten, be sure to set the ``out_force`` parameter.

Processing 2 files. If existing files should be overwritten, be sure to set the ``out_force`` parameter.

Processing 4 files. If existing files should be overwritten, be sure to set the ``out_force`` parameter.

Processing 4 files. If existing files should be overwritten, be sure to set the ``out_force`` parameter.

Processing 7 files. If existing files should be overwritten, be sure to set the ``out_force`` parameter.

Processing 6 files. If existing files should be overwritten, be sure to set the ``out_force`` parameter.

Processing 4 files. If existing files should be overwritten, be sure to set the ``out_force`` parameter.

Processing 1 files. If existing files should be overwritten, be sure to set the ``out_force`` parameter.

Processing 5 files. If existing files should be overwritten, be sure to set the ``out_force`` parameter.

Processing 5 files. If existing files should be overwritten, be sure to set the ``out_force`` parameter.

Processing 5 files. If existing files should be overwritten, be sure to set the ``out_force`` parameter.

Processing 3 files. If existing files should be overwritten, be sure to set the ``out_force`` parameter.

Processing 2 files. If existing files should be overwritten, be sure to set the ``out_force`` parameter.

Processing 6 files. If existing files should be overwritten, be sure to set the ``out_force`` parameter.

Processing 5 files. If existing files should be overwritten, be sure to set the ``out_force`` parameter.

Processing 3 files. If existing files should be overwritten, be sure to set the ``out_force`` parameter.

Processing 2 files. If existing files should be overwritten, be sure to set the ``out_force`` parameter.

Processing 1 files. If existing files should be overwritten, be sure to set the ``out_force`` parameter.

Processing 3 files. If existing files should be overwritten, be sure to set the ``out_force`` parameter.

Processing 4 files. If existing files should be overwritten, be sure to set the ``out_force`` parameter.

Processing 5 files. If existing files should be overwritten, be sure to set the ``out_force`` parameter.

Processing 6 files. If existing files should be overwritten, be sure to set the ``out_force`` parameter.

Processing 7 files. If existing files should be overwritten, be sure to set the ``out_force`` parameter.

Processing 3 files. If existing files should be overwritten, be sure to set the ``out_force`` parameter.

Processing 5 files. If existing files should be overwritten, be sure to set the ``out_force`` parameter.

Processing 3 files. If existing files should be overwritten, be sure to set the ``out_force`` parameter.

Processing 3 files. If existing files should be overwritten, be sure to set the ``out_force`` parameter.

Processing 7 files. If existing files should be overwritten, be sure to set the ``out_force`` parameter.

Processing 6 files. If existing files should be overwritten, be sure to set the ``out_force`` parameter.

Processing 3 files. If existing files should be overwritten, be sure to set the ``out_force`` parameter.

Processing 6 files. If existing files should be overwritten, be sure to set the ``out_force`` parameter.

Processing 7 files. If existing files should be overwritten, be sure to set the ``out_force`` parameter.

Processing 8 files. If existing files should be overwritten, be sure to set the ``out_force`` parameter.

Processing 6 files. If existing files should be overwritten, be sure to set the ``out_force`` parameter.

Processing 5 files. If existing files should be overwritten, be sure to set the ``out_force`` parameter.

Processing 2 files. If existing files should be overwritten, be sure to set the ``out_force`` parameter.

Processing 6 files. If existing files should be overwritten, be sure to set the ``out_force`` parameter.

Processing 4 files. If existing files should be overwritten, be sure to set the ``out_force`` parameter.

There were 44 images that slipped through the cracks. Processing them manually now...

Directory: /panfs/roc/groups/5/yangc1/public/hs_process/data/ref_closest_panel/crop_plot
Here are the missed images:
['study_wells_date_20180628_plot_1316', 'study_wells_date_20180628_plot_2007', 'study_wells_date_20180628_plot_406', 'study_wells_date_20180628_plot_811', 'study_aerffield_date_20190629_plot_7143', 'study_wells_date_20180628_plot_108', 'study_wells_date_20180628_plot_1320', 'study_aerfsmall_date_20190619_plot_701', 'study_wells_date_20190708_plot_1233', 'study_wells_date_20180628_plot_1510', 'study_wells_date_20180628_plot_1015', 'study_wells_date_20180628_plot_527', 'study_wells_date_20190708_plot_312', 'study_wells_date_20190708_plot_1409', 'study_wells_date_20190708_plot_1627', 'study_wells_date_20180628_plot_914', 'study_wells_date_20180628_plot_915', 'study_wells_date_20190708_plot_216', 'study_wells_date_20190708_plot_1206', 'study_wells_date_20180628_plot_1318', 'study_wells_date_20180628_plot_1424', 'study_wells_date_20190708_plot_317', 'study_wells_date_20180628_plot_619', 'study_wells_date_20180628_plot_1630', 'study_wells_date_20180628_plot_201', 'study_wells_date_20180628_plot_716', 'study_aerfsmall_date_20190629_plot_701', 'study_wells_date_20190708_plot_1921', 'study_wells_date_20190708_plot_1920', 'study_aerfsmall_date_20190709_plot_302', 'study_wells_date_20190708_plot_736', 'study_aerfsmall_date_20190709_plot_203', 'study_wells_date_20190708_plot_132', 'study_wells_date_20180628_plot_1227', 'study_wells_date_20190708_plot_334', 'study_wells_date_20190708_plot_1815', 'study_wells_date_20180628_plot_916', 'study_wells_date_20180628_plot_2006', 'study_wells_date_20190708_plot_113', 'study_wells_date_20180628_plot_422', 'study_wells_date_20190708_plot_210', 'study_wells_date_20180628_plot_1317', 'study_wells_date_20190708_plot_1203', 'study_wells_date_20190708_plot_630']

Processing 44 files. If existing files should be overwritten, be sure to set the ``out_force`` parameter.

