Skipping past idx_grix 0...
Skipping past idx_grix 1...
Skipping past idx_grix 2...

Processing scenario ID: 3
Panels type: ref_closest_panel
Crop type: crop_plot
Clip type: nan
Smooth type: nan
Bin type: nan
Segment type: {'method': 'mcari2', 'wl1': [800], 'wl2': [670], 'wl3': [550], 'mask_percentile': 50, 'mask_side': 'lower'}

Response variable: biomass_kgha

Feature set: reflectance

Writing mean spectra to a ``pandas.DataFrame``.
Number of input datacubes/spectra: 835
Old "step_pct": 0.05
New "step_pct": 0.5
alpha: 50.0
Features selected: 11
Iterations without progress: 0

alpha: 25.0
Features selected: 16
Iterations without progress: 0

alpha: 12.5
Features selected: 19
Iterations without progress: 0

Old "step_pct": 0.5
New "step_pct": 0.1
alpha: 11.25
Features selected: 24
Iterations without progress: 0

alpha: 10.125
Features selected: 25
Iterations without progress: 0

alpha: 9.1125
Features selected: 27
Iterations without progress: 0

alpha: 8.201250000000002
Features selected: 27
Iterations without progress: 1

Old "step_pct": 0.1
New "step_pct": 0.05
alpha: 7.791187500000001
Features selected: 29
Iterations without progress: 0

alpha: 7.401628125000001
Features selected: 28
Iterations without progress: 0

alpha: 7.0315467187500005
Features selected: 29
Iterations without progress: 0

alpha: 7.364619984375001
Features selected: 30
Iterations without progress: 0

Using up to 30 selected features

Length of logspace_list: 300
Number of chunks: 8
Average length of each chunk: 37.5
Number of cores: 4

Hyperparameter tuning...

Length of logspace_list: 54
Number of chunks: 8
Average length of each chunk: 6.8
Number of cores: 4

Number of features: 2
Number of features: 20
Number of features: 23
Number of features: 28
Number of features: 3
Number of features: 20
Number of features: 6
Number of features: 1
Number of features: 16
Number of features: 9
Number of features: 17
Number of features: 8
Number of features: 4
Number of features: 7
Number of features: 21
Number of features: 10
Number of features: 29
Number of features: 18
Number of features: 4
Number of features: 15
Number of features: 28
Number of features: 19
Number of features: 19
Number of features: 15
Number of features: 5
Number of features: 9
Number of features: 25
Number of features: 8
Number of features: 16
Number of features: 16
Number of features: 18
Number of features: 15
Number of features: 12
Number of features: 20
Number of features: 22
Number of features: 15
Number of features: 12
Number of features: 25
Number of features: 15
Number of features: 7
Number of features: 24
Number of features: 11
Number of features: 27
Number of features: 5
Number of features: 29
Number of features: 22
Number of features: 11
Number of features: 19
Number of features: 16
Number of features: 14
Number of features: 13
Number of features: 8
Number of features: 23
Number of features: 24
las_alpha
pls_n_components
pls_scale
Testing...

Skipping past idx_grix 0...
Skipping past idx_grix 1...
Skipping past idx_grix 2...

Processing scenario ID: 3
Panels type: ref_closest_panel
Crop type: crop_plot
Clip type: nan
Smooth type: nan
Bin type: nan
Segment type: {'method': 'mcari2', 'wl1': [800], 'wl2': [670], 'wl3': [550], 'mask_percentile': 50, 'mask_side': 'lower'}

Response variable: nup_kgha

Feature set: reflectance

Writing mean spectra to a ``pandas.DataFrame``.
Number of input datacubes/spectra: 835
Old "step_pct": 0.05
New "step_pct": 0.5
alpha: 5.0
Features selected: 6
Iterations without progress: 0

alpha: 2.5
Features selected: 7
Iterations without progress: 0

alpha: 1.25
Features selected: 9
Iterations without progress: 0

alpha: 0.625
Features selected: 14
Iterations without progress: 0

alpha: 0.3125
Features selected: 15
Iterations without progress: 0

Old "step_pct": 0.5
New "step_pct": 0.1
alpha: 0.28125
Features selected: 24
Iterations without progress: 0

alpha: 0.253125
Features selected: 24
Iterations without progress: 1

alpha: 0.2278125
Features selected: 24
Iterations without progress: 2

alpha: 0.20503125
Features selected: 25
Iterations without progress: 0

Old "step_pct": 0.1
New "step_pct": 0.05
alpha: 0.1947796875
Features selected: 28
Iterations without progress: 0

alpha: 0.18504070312499998
Features selected: 27
Iterations without progress: 0

alpha: 0.17578866796874998
Features selected: 28
Iterations without progress: 0

alpha: 0.16699923457031246
Features selected: 28
Iterations without progress: 1

alpha: 0.15864927284179683
Features selected: 28
Iterations without progress: 2

alpha: 0.15071680919970698
Features selected: 29
Iterations without progress: 0

alpha: 0.15785602647758784
Features selected: 31
Iterations without progress: 0

alpha: 0.1570667463451999
Features selected: 29
Iterations without progress: 0

alpha: 0.1562814126134739
Features selected: 29
Iterations without progress: 1

alpha: 0.15550000555040652
Features selected: 29
Iterations without progress: 2

alpha: 0.15472250552265449
Features selected: 29
Iterations without progress: 3

alpha: 0.15394889299504122
Features selected: 29
Iterations without progress: 4

alpha: 0.153179148530066
Features selected: 29
Iterations without progress: 5

Leaving while loop before finding the alpha value that achieves selection of 30 feature(s) (minimum alpha value to use).

Using up to 29 selected features

Length of logspace_list: 300
Number of chunks: 8
Average length of each chunk: 37.5
Number of cores: 4

Hyperparameter tuning...

Length of logspace_list: 51
Number of chunks: 8
Average length of each chunk: 6.4
Number of cores: 4

Number of features: 17
Number of features: 18
Number of features: 25
Number of features: 15
Number of features: 5
Number of features: 22
Number of features: 7
Number of features: 29
Number of features: 11
Number of features: 19
Number of features: 24
Number of features: 28
Number of features: 14
Number of features: 6
Number of features: 1
Number of features: 25
Number of features: 25
Number of features: 5
Number of features: 19
Number of features: 6
Number of features: 24
Number of features: 25
Number of features: 8
Number of features: 3
Number of features: 13
Number of features: 7
Number of features: 24
Number of features: 4
Number of features: 14
Number of features: 12
Number of features: 28
Number of features: 27
Number of features: 15
Number of features: 5
Number of features: 27
Number of features: 14
Number of features: 17
Number of features: 2
Number of features: 26
Number of features: 28
Number of features: 21
Number of features: 10
Number of features: 23
Number of features: 6
Number of features: 23
Number of features: 6
Number of features: 13
Number of features: 13
Number of features: 9
Number of features: 12
Number of features: 18
las_alpha
pls_n_components
pls_scale
Testing...

Skipping past idx_grix 0...
Skipping past idx_grix 1...
Skipping past idx_grix 2...

Processing scenario ID: 3
Panels type: ref_closest_panel
Crop type: crop_plot
Clip type: nan
Smooth type: nan
Bin type: nan
Segment type: {'method': 'mcari2', 'wl1': [800], 'wl2': [670], 'wl3': [550], 'mask_percentile': 50, 'mask_side': 'lower'}

Response variable: tissue_n_pct

Feature set: reflectance

Writing mean spectra to a ``pandas.DataFrame``.
Number of input datacubes/spectra: 835
Old "step_pct": 0.05
New "step_pct": 0.5
alpha: 0.05
Features selected: 6
Iterations without progress: 0

alpha: 0.025
Features selected: 11
Iterations without progress: 0

alpha: 0.0125
Features selected: 17
Iterations without progress: 0

Old "step_pct": 0.5
New "step_pct": 0.1
alpha: 0.011250000000000001
Features selected: 23
Iterations without progress: 0

alpha: 0.010125000000000002
Features selected: 24
Iterations without progress: 0

alpha: 0.009112500000000003
Features selected: 25
Iterations without progress: 0

alpha: 0.008201250000000002
Features selected: 25
Iterations without progress: 1

alpha: 0.007381125000000002
Features selected: 25
Iterations without progress: 2

Old "step_pct": 0.1
New "step_pct": 0.05
alpha: 0.007012068750000002
Features selected: 28
Iterations without progress: 0

alpha: 0.007344219375000002
Features selected: 30
Iterations without progress: 0

Using up to 30 selected features

Length of logspace_list: 300
Number of chunks: 8
Average length of each chunk: 37.5
Number of cores: 4

Hyperparameter tuning...

Length of logspace_list: 54
Number of chunks: 8
Average length of each chunk: 6.8
Number of cores: 4

Number of features: 8
Number of features: 6
Number of features: 3
Number of features: 0
Number of features: 6
Number of features: 5
Number of features: 4
Number of features: 6
Number of features: 17
Number of features: 10
Number of features: 22
Number of features: 7
Number of features: 4
Number of features: 2
Number of features: 7
Number of features: 5
Number of features: 2
Number of features: 24
Number of features: 16
Number of features: 23
Number of features: 14
Number of features: 11
Number of features: 5
Number of features: 12
Number of features: 1
Number of features: 2
Number of features: 28
Number of features: 6
Number of features: 6
Number of features: 8
Number of features: 25
Number of features: 3
Number of features: 13
Number of features: 17
Number of features: 7
Number of features: 17
Number of features: 3
Number of features: 7
Number of features: 6
Number of features: 18
Number of features: 22
Number of features: 9
Number of features: 8
Number of features: 15
Number of features: 25
Number of features: 2
Number of features: 20
Number of features: 27
Number of features: 5
Number of features: 3
Number of features: 26
Number of features: 25
Number of features: 23
Number of features: 9
las_alpha
pls_n_components
pls_scale
Testing...

