
Processing scenario ID: 0
Panels type: ref_closest_panel
Crop type: crop_plot
Clip type: nan
Smooth type: nan
Bin type: nan
Segment type: nan

Response variable: biomass_kgha
Number of observations: 407

Feature set: reflectance

Writing mean spectra to a ``pandas.DataFrame``.
Number of input datacubes/spectra: 835
Old "step_pct": 0.05
New "step_pct": 0.5
alpha: 50.0
Features selected: 8
Iterations without progress: 0

alpha: 25.0
Features selected: 9
Iterations without progress: 0

alpha: 12.5
Features selected: 17
Iterations without progress: 0

alpha: 6.25
Features selected: 20
Iterations without progress: 0

alpha: 11.875
Features selected: 31
Iterations without progress: 0

alpha: 11.28125
Features selected: 21
Iterations without progress: 0

alpha: 10.7171875
Features selected: 24
Iterations without progress: 0

Old "step_pct": 0.05
New "step_pct": 0.01
alpha: 10.610015624999999
Features selected: 28
Iterations without progress: 0

alpha: 10.50391546875
Features selected: 28
Iterations without progress: 1

alpha: 10.3988763140625
Features selected: 27
Iterations without progress: 0

alpha: 10.294887550921874
Features selected: 27
Iterations without progress: 1

alpha: 10.191938675412656
Features selected: 27
Iterations without progress: 2

alpha: 10.09001928865853
Features selected: 27
Iterations without progress: 3

alpha: 9.989119095771944
Features selected: 27
Iterations without progress: 4

alpha: 9.889227904814224
Features selected: 28
Iterations without progress: 0

alpha: 9.790335625766081
Features selected: 28
Iterations without progress: 1

alpha: 9.692432269508421
Features selected: 28
Iterations without progress: 2

alpha: 9.595507946813337
Features selected: 28
Iterations without progress: 3

alpha: 9.499552867345203
Features selected: 28
Iterations without progress: 4

alpha: 9.40455733867175
Features selected: 28
Iterations without progress: 5

Leaving while loop before finding the alpha value that achieves selection of 30 feature(s) (minimum alpha value to use).

Using up to 28 selected features

Length of logspace_list: 300
Number of chunks: 16
Average length of each chunk: 18.8
Number of cores: 8

