Skipping past idx_grix 0...
Skipping past idx_grix 1...
Skipping past idx_grix 2...

Processing scenario ID: 3
Panels type: ref_closest_panel
Crop type: crop_plot
Clip type: nan
Smooth type: nan
Bin type: nan
Segment type: {'method': 'mcari2', 'wl1': [800], 'wl2': [670], 'wl3': [550], 'mask_percentile': 50, 'mask_side': 'lower'}

Response variable: biomass_kgha
Number of observations: 407

Feature set: reflectance

Writing mean spectra to a ``pandas.DataFrame``.
Number of input datacubes/spectra: 835
Old "step_pct": 0.05
New "step_pct": 0.5
alpha: 50.0
Features selected: 11
Iterations without progress: 0

alpha: 25.0
Features selected: 11
Iterations without progress: 1

Old "step_pct": 0.5
New "step_pct": 0.1
alpha: 22.5
Features selected: 21
Iterations without progress: 0

alpha: 20.25
Features selected: 22
Iterations without progress: 0

alpha: 18.225
Features selected: 21
Iterations without progress: 0

alpha: 16.402500000000003
Features selected: 21
Iterations without progress: 1

Old "step_pct": 0.1
New "step_pct": 0.2
alpha: 13.122000000000003
Features selected: 20
Iterations without progress: 0

alpha: 10.497600000000004
Features selected: 22
Iterations without progress: 0

alpha: 8.398080000000004
Features selected: 25
Iterations without progress: 0

alpha: 6.7184640000000035
Features selected: 27
Iterations without progress: 0

alpha: 8.230118400000004
Features selected: 30
Iterations without progress: 0

Using up to 30 selected features

Length of logspace_list: 300
Number of chunks: 16
Average length of each chunk: 18.8
Number of cores: 8

Hyperparameter tuning...

Length of logspace_list: 57
Number of chunks: 16
Average length of each chunk: 3.6
Number of cores: 8

Number of features: 19
Number of features: 21
Number of features: 12
Number of features: 3
Number of features: 11
Number of features: 9
Number of features: 12
Number of features: 7
Number of features: 12
Number of features: 16
Number of features: 19
Number of features: 8
Number of features: 9
Number of features: 22
Number of features: 1
Number of features: 18
Number of features: 13
Number of features: 21
Number of features: 21
Number of features: 10
Number of features: 12
Number of features: 7
Number of features: 6
Number of features: 5
Number of features: 21
Number of features: 21
Number of features: 20
Number of features: 2
Number of features: 9
Number of features: 6
Number of features: 11
Number of features: 4
Number of features: 8
Number of features: 12
Number of features: 25
Number of features: 17
Number of features: 12
Number of features: 23
Number of features: 15
Number of features: 14
Number of features: 11
Number of features: 15
Number of features: 22
Number of features: 20
Number of features: 22
Number of features: 11
Number of features: 20
Number of features: 11
Number of features: 11
Number of features: 24
Number of features: 18
Number of features: 22
Number of features: 10
Number of features: 27
Number of features: 12
Number of features: 11
Number of features: 16
las_alpha
pls_n_components
pls_scale
Testing...

[ Top 3 ]
/home/yangc1/nigo0024/anaconda3/envs/sip_run_2/lib/python3.8/site-packages/matplotlib/transforms.py:200: size=5440 KiB, count=75286, average=74 B
/home/yangc1/nigo0024/anaconda3/envs/sip_run_2/lib/python3.8/site-packages/matplotlib/lines.py:366: size=4196 KiB, count=1946, average=2208 B
/home/yangc1/nigo0024/anaconda3/envs/sip_run_2/lib/python3.8/site-packages/matplotlib/transforms.py:116: size=3271 KiB, count=51912, average=65 B
GLOBUS TRANSFER task_id: d5f745e4-2550-11eb-b161-0ee0d5d9299f
Waiting for transfer d5f745e4-2550-11eb-b161-0ee0d5d9299f to complete...
DONE.
GLOBUS DELETE task_id: f468fc02-2550-11eb-b161-0ee0d5d9299f

Processing scenario ID: 4
Panels type: ref_closest_panel
Crop type: crop_plot
Clip type: nan
Smooth type: nan
Bin type: nan
Segment type: {'method': 'mcari2', 'wl1': [800], 'wl2': [670], 'wl3': [550], 'mask_percentile': 50, 'mask_side': 'upper'}

Response variable: biomass_kgha
Number of observations: 407

Feature set: reflectance

Writing mean spectra to a ``pandas.DataFrame``.
Number of input datacubes/spectra: 835
Old "step_pct": 0.02
New "step_pct": 0.2
alpha: 329.20473600000014
Features selected: 4
Iterations without progress: 0

Old "step_pct": 0.2
New "step_pct": 0.4
alpha: 197.52284160000008
Features selected: 5
Iterations without progress: 0

Old "step_pct": 0.4
New "step_pct": 0.8
alpha: 39.504568320000004
Features selected: 6
Iterations without progress: 0

alpha: 7.900913663999999
Features selected: 12
Iterations without progress: 0

Old "step_pct": 0.8
New "step_pct": 0.16
alpha: 6.6367674777599985
Features selected: 29
Iterations without progress: 0

alpha: 7.774499045375998
Features selected: 33
Iterations without progress: 0

alpha: 7.650107060649981
Features selected: 29
Iterations without progress: 0

alpha: 7.527705347679581
Features selected: 29
Iterations without progress: 1

alpha: 7.407262062116708
Features selected: 29
Iterations without progress: 2

alpha: 7.515661019123294
Features selected: 31
Iterations without progress: 0

alpha: 7.503635961492696
Features selected: 29
Iterations without progress: 0

alpha: 7.491630143954308
Features selected: 29
Iterations without progress: 1

alpha: 7.479643535723981
Features selected: 29
Iterations without progress: 2

alpha: 7.490431483131275
Features selected: 30
Iterations without progress: 0

Using up to 30 selected features

Length of logspace_list: 300
Number of chunks: 16
Average length of each chunk: 18.8
Number of cores: 8

Hyperparameter tuning...

Length of logspace_list: 50
Number of chunks: 16
Average length of each chunk: 3.1
Number of cores: 8

Number of features: 5
Number of features: 6
Number of features: 27
Number of features: 9
Number of features: 4
Number of features: 18
Number of features: 13
Number of features: 7
Number of features: 3
Number of features: 25
Number of features: 12
Number of features: 26
Number of features: 28
Number of features: 21
Number of features: 5
Number of features: 6
Number of features: 3
Number of features: 10
Number of features: 4
Number of features: 24
Number of features: 19
Number of features: 16
Number of features: 16
Number of features: 6
Number of features: 8
Number of features: 6
Number of features: 7
Number of features: 21
Number of features: 7
Number of features: 17
Number of features: 26
Number of features: 25
Number of features: 6
Number of features: 4
Number of features: 23
Number of features: 24
Number of features: 15
Number of features: 17
Number of features: 27
Number of features: 22
Number of features: 2
Number of features: 26
Number of features: 7
Number of features: 5
Number of features: 29
Number of features: 22
Number of features: 21
Number of features: 25
Number of features: 1
Number of features: 11
las_alpha
pls_n_components
pls_scale
Testing...

[ Top 3 ]
/home/yangc1/nigo0024/anaconda3/envs/sip_run_2/lib/python3.8/site-packages/matplotlib/transforms.py:200: size=10.7 MiB, count=152168, average=74 B
/home/yangc1/nigo0024/anaconda3/envs/sip_run_2/lib/python3.8/site-packages/matplotlib/lines.py:366: size=8465 KiB, count=3926, average=2208 B
/home/yangc1/nigo0024/anaconda3/envs/sip_run_2/lib/python3.8/site-packages/matplotlib/transforms.py:116: size=6575 KiB, count=104296, average=65 B
GLOBUS TRANSFER task_id: fff33ab4-2551-11eb-b537-02d9497ca481
Waiting for transfer fff33ab4-2551-11eb-b537-02d9497ca481 to complete...
DONE.
GLOBUS DELETE task_id: 0c1dc19c-2552-11eb-b537-02d9497ca481

Processing scenario ID: 5
Panels type: ref_closest_panel
Crop type: crop_plot
Clip type: nan
Smooth type: nan
Bin type: nan
Segment type: {'method': 'mcari2', 'wl1': [800], 'wl2': [670], 'wl3': [550], 'mask_percentile': 90, 'mask_side': 'lower'}

Response variable: biomass_kgha
Number of observations: 407

Feature set: reflectance

Writing mean spectra to a ``pandas.DataFrame``.
Number of input datacubes/spectra: 835
Old "step_pct": 0.00016
New "step_pct": 0.0016
alpha: 373.9223396379132
Features selected: 8
Iterations without progress: 0

Old "step_pct": 0.0016
New "step_pct": 0.016
alpha: 367.93958220370655
Features selected: 8
Iterations without progress: 1

Old "step_pct": 0.016
New "step_pct": 0.16
alpha: 309.0692490511135
Features selected: 8
Iterations without progress: 2

Old "step_pct": 0.16
New "step_pct": 0.8
alpha: 61.813849810222685
Features selected: 8
Iterations without progress: 3

alpha: 12.362769962044535
Features selected: 11
Iterations without progress: 0

Old "step_pct": 0.8
New "step_pct": 0.16
alpha: 10.384726768117408
Features selected: 27
Iterations without progress: 0

alpha: 8.723170485218622
Features selected: 27
Iterations without progress: 1

alpha: 10.21857113982753
Features selected: 30
Iterations without progress: 0

Using up to 30 selected features

Length of logspace_list: 300
Number of chunks: 16
Average length of each chunk: 18.8
Number of cores: 8

Hyperparameter tuning...

Length of logspace_list: 49
Number of chunks: 16
Average length of each chunk: 3.1
Number of cores: 8

Number of features: 9
Number of features: 14
Number of features: 12
Number of features: 10
Number of features: 7
Number of features: 23
Number of features: 19
Number of features: 13
Number of features: 20
Number of features: 11
Number of features: 10
Number of features: 7
Number of features: 1
Number of features: 5
Number of features: 22
Number of features: 17
Number of features: 23
Number of features: 8
Number of features: 18
Number of features: 8
Number of features: 11
Number of features: 26
Number of features: 21
Number of features: 6
Number of features: 11
Number of features: 19
Number of features: 8
Number of features: 26
Number of features: 3
Number of features: 16
Number of features: 10
Number of features: 25
Number of features: 9
Number of features: 23
Number of features: 9
Number of features: 26
Number of features: 22
Number of features: 23
Number of features: 17
Number of features: 22
Number of features: 27
Number of features: 4
Number of features: 14
Number of features: 2
Number of features: 15
Number of features: 15
Number of features: 27
Number of features: 18
Number of features: 23
las_alpha
pls_n_components
pls_scale
Testing...

[ Top 3 ]
/home/yangc1/nigo0024/anaconda3/envs/sip_run_2/lib/python3.8/site-packages/matplotlib/transforms.py:200: size=15.7 MiB, count=222720, average=74 B
/home/yangc1/nigo0024/anaconda3/envs/sip_run_2/lib/python3.8/site-packages/matplotlib/lines.py:366: size=12.2 MiB, count=5798, average=2208 B
/home/yangc1/nigo0024/anaconda3/envs/sip_run_2/lib/python3.8/site-packages/matplotlib/transforms.py:116: size=9568 KiB, count=151498, average=65 B
GLOBUS TRANSFER task_id: dbb3a7f0-2552-11eb-8fb9-0a34088e79f9
Waiting for transfer dbb3a7f0-2552-11eb-8fb9-0a34088e79f9 to complete...
DONE.
GLOBUS DELETE task_id: f9f58c4c-2552-11eb-8fb9-0a34088e79f9
Skipping past idx_grix 0...
Skipping past idx_grix 1...
Skipping past idx_grix 2...

Processing scenario ID: 3
Panels type: ref_closest_panel
Crop type: crop_plot
Clip type: nan
Smooth type: nan
Bin type: nan
Segment type: {'method': 'mcari2', 'wl1': [800], 'wl2': [670], 'wl3': [550], 'mask_percentile': 50, 'mask_side': 'lower'}

Response variable: nup_kgha
Number of observations: 407

Feature set: reflectance

Writing mean spectra to a ``pandas.DataFrame``.
Number of input datacubes/spectra: 835
Old "step_pct": 0.05
New "step_pct": 0.5
alpha: 5.0
Features selected: 6
Iterations without progress: 0

alpha: 2.5
Features selected: 7
Iterations without progress: 0

alpha: 1.25
Features selected: 8
Iterations without progress: 0

alpha: 0.625
Features selected: 10
Iterations without progress: 0

alpha: 0.3125
Features selected: 14
Iterations without progress: 0

Old "step_pct": 0.5
New "step_pct": 0.1
alpha: 0.28125
Features selected: 22
Iterations without progress: 0

alpha: 0.253125
Features selected: 22
Iterations without progress: 1

alpha: 0.2278125
Features selected: 25
Iterations without progress: 0

alpha: 0.20503125
Features selected: 25
Iterations without progress: 1

alpha: 0.18452812500000002
Features selected: 26
Iterations without progress: 0

Old "step_pct": 0.1
New "step_pct": 0.05
alpha: 0.17530171875
Features selected: 28
Iterations without progress: 0

alpha: 0.1665366328125
Features selected: 28
Iterations without progress: 1

alpha: 0.17442521015625
Features selected: 31
Iterations without progress: 0

alpha: 0.17355308410546877
Features selected: 28
Iterations without progress: 0

alpha: 0.1726853186849414
Features selected: 28
Iterations without progress: 1

alpha: 0.17182189209151671
Features selected: 29
Iterations without progress: 0

alpha: 0.17096278263105913
Features selected: 29
Iterations without progress: 1

alpha: 0.17010796871790385
Features selected: 29
Iterations without progress: 2

alpha: 0.16925742887431433
Features selected: 29
Iterations without progress: 3

alpha: 0.16841114172994276
Features selected: 29
Iterations without progress: 4

alpha: 0.16756908602129306
Features selected: 29
Iterations without progress: 5

alpha: 0.1683269361590778
Features selected: 30
Iterations without progress: 0

Using up to 30 selected features

Length of logspace_list: 300
Number of chunks: 16
Average length of each chunk: 18.8
Number of cores: 8

Hyperparameter tuning...

Length of logspace_list: 49
Number of chunks: 16
Average length of each chunk: 3.1
Number of cores: 8

Number of features: 17
Number of features: 11
Number of features: 2
Number of features: 7
Number of features: 20
Number of features: 3
Number of features: 6
Number of features: 18
Number of features: 14
Number of features: 8
Number of features: 14
Number of features: 6
Number of features: 13
Number of features: 13
Number of features: 10
Number of features: 21
Number of features: 15
Number of features: 3
Number of features: 7
Number of features: 8
Number of features: 26
Number of features: 7
Number of features: 1
Number of features: 7
Number of features: 6
Number of features: 19
Number of features: 25
Number of features: 8
Number of features: 22
Number of features: 5
Number of features: 4
Number of features: 16
Number of features: 11
Number of features: 27
Number of features: 26
Number of features: 10
Number of features: 28
Number of features: 12
Number of features: 7
Number of features: 23
Number of features: 24
Number of features: 4
Number of features: 7
Number of features: 9
Number of features: 8
Number of features: 6
Number of features: 9
Number of features: 29
Number of features: 25
las_alpha
pls_n_components
pls_scale
Testing...

[ Top 3 ]
/home/yangc1/nigo0024/anaconda3/envs/sip_run_2/lib/python3.8/site-packages/matplotlib/transforms.py:200: size=6158 KiB, count=85228, average=74 B
/home/yangc1/nigo0024/anaconda3/envs/sip_run_2/lib/python3.8/site-packages/matplotlib/lines.py:366: size=4714 KiB, count=2186, average=2208 B
/home/yangc1/nigo0024/anaconda3/envs/sip_run_2/lib/python3.8/site-packages/matplotlib/transforms.py:116: size=3738 KiB, count=59445, average=64 B
GLOBUS TRANSFER task_id: a7c256de-2553-11eb-b537-02d9497ca481
Waiting for transfer a7c256de-2553-11eb-b537-02d9497ca481 to complete...
DONE.
GLOBUS DELETE task_id: c6126ea8-2553-11eb-b537-02d9497ca481

Processing scenario ID: 4
Panels type: ref_closest_panel
Crop type: crop_plot
Clip type: nan
Smooth type: nan
Bin type: nan
Segment type: {'method': 'mcari2', 'wl1': [800], 'wl2': [670], 'wl3': [550], 'mask_percentile': 50, 'mask_side': 'upper'}

Response variable: nup_kgha
Number of observations: 407

Feature set: reflectance

Writing mean spectra to a ``pandas.DataFrame``.
Number of input datacubes/spectra: 835
Old "step_pct": 0.0005
New "step_pct": 0.005
alpha: 8.37426507391412
Features selected: 5
Iterations without progress: 0

Old "step_pct": 0.005
New "step_pct": 0.05
alpha: 7.955551820218414
Features selected: 6
Iterations without progress: 0

Old "step_pct": 0.05
New "step_pct": 0.5
alpha: 3.977775910109207
Features selected: 5
Iterations without progress: 0

alpha: 1.9888879550546035
Features selected: 6
Iterations without progress: 0

alpha: 0.9944439775273017
Features selected: 9
Iterations without progress: 0

alpha: 0.49722198876365087
Features selected: 14
Iterations without progress: 0

Old "step_pct": 0.5
New "step_pct": 0.1
alpha: 0.4474997898872858
Features selected: 26
Iterations without progress: 0

alpha: 0.49224976887601435
Features selected: 30
Iterations without progress: 0

Using up to 30 selected features

Length of logspace_list: 300
Number of chunks: 16
Average length of each chunk: 18.8
Number of cores: 8

Hyperparameter tuning...

Length of logspace_list: 52
Number of chunks: 16
Average length of each chunk: 3.2
Number of cores: 8

Number of features: 15
Number of features: 4
Number of features: 11
Number of features: 12
Number of features: 5
Number of features: 4
Number of features: 6
Number of features: 12
Number of features: 27
Number of features: 6
Number of features: 18
Number of features: 19
Number of features: 3
Number of features: 13
Number of features: 5
Number of features: 5
Number of features: 25
Number of features: 6
Number of features: 2
Number of features: 11
Number of features: 16
Number of features: 11
Number of features: 21
Number of features: 16
Number of features: 7
Number of features: 14
Number of features: 15
Number of features: 3
Number of features: 24
Number of features: 5
Number of features: 10
Number of features: 10
Number of features: 14
Number of features: 23
Number of features: 15
Number of features: 9
Number of features: 6
Number of features: 5
Number of features: 5
Number of features: 4
Number of features: 20
Number of features: 8
Number of features: 26
Number of features: 14
Number of features: 7
Number of features: 22
Number of features: 4
Number of features: 9
Number of features: 8
Number of features: 13
Number of features: 10
Number of features: 1
las_alpha
pls_n_components
pls_scale
Testing...

[ Top 3 ]
/home/yangc1/nigo0024/anaconda3/envs/sip_run_2/lib/python3.8/site-packages/matplotlib/transforms.py:200: size=11.0 MiB, count=156472, average=74 B
/home/yangc1/nigo0024/anaconda3/envs/sip_run_2/lib/python3.8/site-packages/matplotlib/lines.py:366: size=8750 KiB, count=4058, average=2208 B
/home/yangc1/nigo0024/anaconda3/envs/sip_run_2/lib/python3.8/site-packages/matplotlib/transforms.py:116: size=6736 KiB, count=106725, average=65 B
GLOBUS TRANSFER task_id: 5b1bf5b4-2554-11eb-b161-0ee0d5d9299f
Waiting for transfer 5b1bf5b4-2554-11eb-b161-0ee0d5d9299f to complete...
DONE.
GLOBUS DELETE task_id: 614fc9b0-2554-11eb-b161-0ee0d5d9299f

Processing scenario ID: 5
Panels type: ref_closest_panel
Crop type: crop_plot
Clip type: nan
Smooth type: nan
Bin type: nan
Segment type: {'method': 'mcari2', 'wl1': [800], 'wl2': [670], 'wl3': [550], 'mask_percentile': 90, 'mask_side': 'lower'}

Response variable: nup_kgha
Number of observations: 407

Feature set: reflectance

Writing mean spectra to a ``pandas.DataFrame``.
Number of input datacubes/spectra: 835
Old "step_pct": 0.01
New "step_pct": 0.1
alpha: 22.15123959942065
Features selected: 5
Iterations without progress: 0

Old "step_pct": 0.1
New "step_pct": 0.5
alpha: 11.075619799710324
Features selected: 5
Iterations without progress: 1

alpha: 5.537809899855162
Features selected: 7
Iterations without progress: 0

alpha: 2.768904949927581
Features selected: 6
Iterations without progress: 0

alpha: 1.3844524749637905
Features selected: 8
Iterations without progress: 0

alpha: 0.6922262374818953
Features selected: 13
Iterations without progress: 0

alpha: 0.34611311874094763
Features selected: 16
Iterations without progress: 0

Old "step_pct": 0.5
New "step_pct": 0.1
alpha: 0.31150180686685286
Features selected: 25
Iterations without progress: 0

alpha: 0.28035162618016757
Features selected: 27
Iterations without progress: 0

Old "step_pct": 0.1
New "step_pct": 0.05
alpha: 0.2663340448711592
Features selected: 29
Iterations without progress: 0

alpha: 0.2530173426276012
Features selected: 29
Iterations without progress: 1

alpha: 0.24036647549622114
Features selected: 29
Iterations without progress: 2

alpha: 0.22834815172141007
Features selected: 29
Iterations without progress: 3

alpha: 0.23916464311874003
Features selected: 32
Iterations without progress: 0

alpha: 0.23796881990314633
Features selected: 29
Iterations without progress: 0

alpha: 0.2367789758036306
Features selected: 29
Iterations without progress: 1

alpha: 0.23559508092461245
Features selected: 29
Iterations without progress: 2

alpha: 0.2344171055199894
Features selected: 29
Iterations without progress: 3

alpha: 0.23324501999238945
Features selected: 29
Iterations without progress: 4

alpha: 0.23429989696722942
Features selected: 30
Iterations without progress: 0

Using up to 30 selected features

Length of logspace_list: 300
Number of chunks: 16
Average length of each chunk: 18.8
Number of cores: 8

Hyperparameter tuning...

Length of logspace_list: 44
Number of chunks: 16
Average length of each chunk: 2.8
Number of cores: 8

Number of features: 7
Number of features: 9
Number of features: 5
Number of features: 12
Number of features: 10
Number of features: 20
Number of features: 22
Number of features: 2
Number of features: 7
Number of features: 7
Number of features: 16
Number of features: 3
Number of features: 6
Number of features: 7
Number of features: 6
Number of features: 25
Number of features: 19
Number of features: 1
Number of features: 21
Number of features: 29
Number of features: 13
Number of features: 4
Number of features: 10
Number of features: 2
Number of features: 18
Number of features: 8
Number of features: 17
Number of features: 11
Number of features: 9
Number of features: 23
Number of features: 5
Number of features: 27
Number of features: 24
Number of features: 3
Number of features: 4
Number of features: 15
Number of features: 28
Number of features: 24
Number of features: 26
Number of features: 6
Number of features: 8
Number of features: 29
Number of features: 26
Number of features: 6
las_alpha
pls_n_components
pls_scale
Testing...

[ Top 3 ]
/home/yangc1/nigo0024/anaconda3/envs/sip_run_2/lib/python3.8/site-packages/matplotlib/transforms.py:200: size=16.7 MiB, count=235964, average=74 B
/home/yangc1/nigo0024/anaconda3/envs/sip_run_2/lib/python3.8/site-packages/matplotlib/lines.py:366: size=12.9 MiB, count=6122, average=2208 B
/home/yangc1/nigo0024/anaconda3/envs/sip_run_2/lib/python3.8/site-packages/matplotlib/transforms.py:116: size=10215 KiB, count=161964, average=65 B
GLOBUS TRANSFER task_id: fff2a920-2554-11eb-b161-0ee0d5d9299f
Waiting for transfer fff2a920-2554-11eb-b161-0ee0d5d9299f to complete...
DONE.
GLOBUS DELETE task_id: 1e67825e-2555-11eb-b161-0ee0d5d9299f
Skipping past idx_grix 0...
Skipping past idx_grix 1...
Skipping past idx_grix 2...

Processing scenario ID: 3
Panels type: ref_closest_panel
Crop type: crop_plot
Clip type: nan
Smooth type: nan
Bin type: nan
Segment type: {'method': 'mcari2', 'wl1': [800], 'wl2': [670], 'wl3': [550], 'mask_percentile': 50, 'mask_side': 'lower'}

Response variable: tissue_n_pct
Number of observations: 408

Feature set: reflectance

Writing mean spectra to a ``pandas.DataFrame``.
Number of input datacubes/spectra: 835
Old "step_pct": 0.05
New "step_pct": 0.5
alpha: 0.05
Features selected: 8
Iterations without progress: 0

alpha: 0.025
Features selected: 12
Iterations without progress: 0

alpha: 0.0125
Features selected: 16
Iterations without progress: 0

Old "step_pct": 0.5
New "step_pct": 0.1
alpha: 0.011250000000000001
Features selected: 26
Iterations without progress: 0

alpha: 0.010125000000000002
Features selected: 26
Iterations without progress: 1

alpha: 0.009112500000000003
Features selected: 26
Iterations without progress: 2

alpha: 0.008201250000000002
Features selected: 27
Iterations without progress: 0

alpha: 0.007381125000000002
Features selected: 27
Iterations without progress: 1

Old "step_pct": 0.1
New "step_pct": 0.05
alpha: 0.007012068750000002
Features selected: 29
Iterations without progress: 0

alpha: 0.006661465312500002
Features selected: 28
Iterations without progress: 0

alpha: 0.006328392046875002
Features selected: 28
Iterations without progress: 1

alpha: 0.006011972444531251
Features selected: 28
Iterations without progress: 2

alpha: 0.005711373822304688
Features selected: 28
Iterations without progress: 3

alpha: 0.005981912582308595
Features selected: 30
Iterations without progress: 0

Using up to 30 selected features

Length of logspace_list: 300
Number of chunks: 16
Average length of each chunk: 18.8
Number of cores: 8

Hyperparameter tuning...

Length of logspace_list: 65
Number of chunks: 16
Average length of each chunk: 4.1
Number of cores: 8

Number of features: 9
Number of features: 12
Number of features: 6
Number of features: 4
Number of features: 7
Number of features: 29
Number of features: 8
Number of features: 6
Number of features: 3
Number of features: 15
Number of features: 18
Number of features: 4
Number of features: 0
Number of features: 4
Number of features: 3
Number of features: 5
Number of features: 28
Number of features: 28
Number of features: 6
Number of features: 19
Number of features: 5
Number of features: 19
Number of features: 3
Number of features: 11
Number of features: 10
Number of features: 16
Number of features: 27
Number of features: 5
Number of features: 5
Number of features: 6
Number of features: 22
Number of features: 12
Number of features: 11
Number of features: 17
Number of features: 12
Number of features: 5
Number of features: 29
Number of features: 11
Number of features: 8
Number of features: 5
Number of features: 9
Number of features: 15
Number of features: 22
Number of features: 8
Number of features: 4
Number of features: 26
Number of features: 5
Number of features: 20
Number of features: 11
Number of features: 26
Number of features: 16
Number of features: 27
Number of features: 7
Number of features: 27
Number of features: 18
Number of features: 2
Number of features: 24
Number of features: 2
Number of features: 7
Number of features: 14
Number of features: 8
Number of features: 28
Number of features: 1
Number of features: 10
Number of features: 28
las_alpha
pls_n_components
pls_scale
Testing...

[ Top 3 ]
/home/yangc1/nigo0024/anaconda3/envs/sip_run_2/lib/python3.8/site-packages/matplotlib/transforms.py:200: size=5294 KiB, count=73280, average=74 B
/home/yangc1/nigo0024/anaconda3/envs/sip_run_2/lib/python3.8/site-packages/matplotlib/lines.py:366: size=4067 KiB, count=1886, average=2208 B
/home/yangc1/nigo0024/anaconda3/envs/sip_run_2/lib/python3.8/site-packages/matplotlib/transforms.py:116: size=3202 KiB, count=50886, average=64 B
GLOBUS TRANSFER task_id: c1298f5a-2555-11eb-b537-02d9497ca481
Waiting for transfer c1298f5a-2555-11eb-b537-02d9497ca481 to complete...
DONE.
GLOBUS DELETE task_id: df8a6690-2555-11eb-b537-02d9497ca481

Processing scenario ID: 4
Panels type: ref_closest_panel
Crop type: crop_plot
Clip type: nan
Smooth type: nan
Bin type: nan
Segment type: {'method': 'mcari2', 'wl1': [800], 'wl2': [670], 'wl3': [550], 'mask_percentile': 50, 'mask_side': 'upper'}

Response variable: tissue_n_pct
Number of observations: 408

Feature set: reflectance

Writing mean spectra to a ``pandas.DataFrame``.
Number of input datacubes/spectra: 835
Old "step_pct": 0.005
New "step_pct": 0.05
alpha: 0.28414084765965825
Features selected: 4
Iterations without progress: 0

Old "step_pct": 0.05
New "step_pct": 0.5
alpha: 0.14207042382982912
Features selected: 4
Iterations without progress: 1

alpha: 0.07103521191491456
Features selected: 6
Iterations without progress: 0

alpha: 0.03551760595745728
Features selected: 7
Iterations without progress: 0

alpha: 0.01775880297872864
Features selected: 12
Iterations without progress: 0

alpha: 0.00887940148936432
Features selected: 17
Iterations without progress: 0

alpha: 0.00443970074468216
Features selected: 21
Iterations without progress: 0

alpha: 0.008435431414896104
Features selected: 30
Iterations without progress: 0

Using up to 30 selected features

Length of logspace_list: 300
Number of chunks: 16
Average length of each chunk: 18.8
Number of cores: 8

Hyperparameter tuning...

Length of logspace_list: 44
Number of chunks: 16
Average length of each chunk: 2.8
Number of cores: 8

Number of features: 19
Number of features: 12
Number of features: 8
Number of features: 8
Number of features: 7
Number of features: 5
Number of features: 6
Number of features: 3
Number of features: 15
Number of features: 1
Number of features: 11
Number of features: 17
Number of features: 6
Number of features: 16
Number of features: 11
Number of features: 8
Number of features: 6
Number of features: 7
Number of features: 8
Number of features: 12
Number of features: 20
Number of features: 8
Number of features: 17
Number of features: 12
Number of features: 19
Number of features: 9
Number of features: 13
Number of features: 4
Number of features: 22
Number of features: 7
Number of features: 18
Number of features: 11
Number of features: 6
Number of features: 7
Number of features: 6
Number of features: 10
Number of features: 14
Number of features: 21
Number of features: 7
Number of features: 21
Number of features: 2
Number of features: 22
Number of features: 7
Number of features: 18
las_alpha
pls_n_components
pls_scale
Testing...

[ Top 3 ]
/home/yangc1/nigo0024/anaconda3/envs/sip_run_2/lib/python3.8/site-packages/matplotlib/transforms.py:200: size=9479 KiB, count=131184, average=74 B
/home/yangc1/nigo0024/anaconda3/envs/sip_run_2/lib/python3.8/site-packages/matplotlib/lines.py:366: size=7405 KiB, count=3434, average=2208 B
/home/yangc1/nigo0024/anaconda3/envs/sip_run_2/lib/python3.8/site-packages/matplotlib/transforms.py:116: size=5568 KiB, count=87959, average=65 B
GLOBUS TRANSFER task_id: 5dcb33a4-2556-11eb-b161-0ee0d5d9299f
Waiting for transfer 5dcb33a4-2556-11eb-b161-0ee0d5d9299f to complete...
DONE.
GLOBUS DELETE task_id: 76302f62-2556-11eb-b161-0ee0d5d9299f

Processing scenario ID: 5
Panels type: ref_closest_panel
Crop type: crop_plot
Clip type: nan
Smooth type: nan
Bin type: nan
Segment type: {'method': 'mcari2', 'wl1': [800], 'wl2': [670], 'wl3': [550], 'mask_percentile': 90, 'mask_side': 'lower'}

Response variable: tissue_n_pct
Number of observations: 408

Feature set: reflectance

Writing mean spectra to a ``pandas.DataFrame``.
Number of input datacubes/spectra: 835
Old "step_pct": 0.05
New "step_pct": 0.5
alpha: 0.2108857853724026
Features selected: 2
Iterations without progress: 0

alpha: 0.1054428926862013
Features selected: 3
Iterations without progress: 0

alpha: 0.05272144634310065
Features selected: 8
Iterations without progress: 0

alpha: 0.026360723171550325
Features selected: 11
Iterations without progress: 0

alpha: 0.013180361585775163
Features selected: 16
Iterations without progress: 0

Old "step_pct": 0.5
New "step_pct": 0.1
alpha: 0.011862325427197647
Features selected: 23
Iterations without progress: 0

alpha: 0.010676092884477883
Features selected: 24
Iterations without progress: 0

alpha: 0.009608483596030094
Features selected: 26
Iterations without progress: 0

Old "step_pct": 0.1
New "step_pct": 0.05
alpha: 0.009128059416228589
Features selected: 29
Iterations without progress: 0

alpha: 0.009560441178049944
Features selected: 30
Iterations without progress: 0

Using up to 30 selected features

Length of logspace_list: 300
Number of chunks: 16
Average length of each chunk: 18.8
Number of cores: 8

Hyperparameter tuning...

Length of logspace_list: 53
Number of chunks: 16
Average length of each chunk: 3.3
Number of cores: 8

Number of features: 23
Number of features: 17
Number of features: 9
Number of features: 18
Number of features: 21
Number of features: 1
Number of features: 4
Number of features: 27
Number of features: 5
Number of features: 0
Number of features: 20
Number of features: 22
Number of features: 12
Number of features: 10
Number of features: 16
Number of features: 2
Number of features: 8
Number of features: 22
Number of features: 9
Number of features: 12
Number of features: 24
Number of features: 24
Number of features: 11
Number of features: 8
Number of features: 20
Number of features: 13
Number of features: 23
Number of features: 10
Number of features: 10
Number of features: 3
Number of features: 23
Number of features: 2
Number of features: 10
Number of features: 11
Number of features: 4
Number of features: 11
Number of features: 7
Number of features: 28
Number of features: 10
Number of features: 21
Number of features: 26
Number of features: 1
Number of features: 8
Number of features: 9
Number of features: 29
Number of features: 14
Number of features: 11
Number of features: 6
Number of features: 3
Number of features: 15
Number of features: 14
Number of features: 22
Number of features: 10
las_alpha
pls_n_components
pls_scale
Testing...

[ Top 3 ]
/home/yangc1/nigo0024/anaconda3/envs/sip_run_2/lib/python3.8/site-packages/matplotlib/transforms.py:200: size=15.2 MiB, count=214907, average=74 B
/home/yangc1/nigo0024/anaconda3/envs/sip_run_2/lib/python3.8/site-packages/matplotlib/lines.py:366: size=11.6 MiB, count=5522, average=2208 B
/home/yangc1/nigo0024/anaconda3/envs/sip_run_2/lib/python3.8/site-packages/matplotlib/transforms.py:116: size=9385 KiB, count=149170, average=64 B
GLOBUS TRANSFER task_id: f7f83454-2556-11eb-b161-0ee0d5d9299f
Waiting for transfer f7f83454-2556-11eb-b161-0ee0d5d9299f to complete...
DONE.
GLOBUS DELETE task_id: 10671ed8-2557-11eb-b161-0ee0d5d9299f
Skipping past idx_grix 0...
Skipping past idx_grix 1...
Skipping past idx_grix 2...

Processing scenario ID: 3
Panels type: ref_closest_panel
Crop type: crop_plot
Clip type: nan
Smooth type: nan
Bin type: nan
Segment type: {'method': 'mcari2', 'wl1': [800], 'wl2': [670], 'wl3': [550], 'mask_percentile': 50, 'mask_side': 'lower'}

Response variable: biomass_kgha
Number of observations: 407

Feature set: derivative_1

Writing mean spectra to a ``pandas.DataFrame``.
Number of input datacubes/spectra: 835
Old "step_pct": 0.05
New "step_pct": 0.5
alpha: 50.0
Features selected: 5
Iterations without progress: 0

alpha: 25.0
Features selected: 9
Iterations without progress: 0

alpha: 12.5
Features selected: 10
Iterations without progress: 0

alpha: 6.25
Features selected: 16
Iterations without progress: 0

Old "step_pct": 0.5
New "step_pct": 0.1
alpha: 5.625
Features selected: 24
Iterations without progress: 0

alpha: 5.0625
Features selected: 26
Iterations without progress: 0

alpha: 4.55625
Features selected: 27
Iterations without progress: 0

alpha: 4.100625000000001
Features selected: 26
Iterations without progress: 0

alpha: 3.690562500000001
Features selected: 27
Iterations without progress: 0

alpha: 3.321506250000001
Features selected: 27
Iterations without progress: 1

alpha: 2.989355625000001
Features selected: 28
Iterations without progress: 0

alpha: 3.288291187500001
Features selected: 31
Iterations without progress: 0

alpha: 3.2554082756250007
Features selected: 29
Iterations without progress: 0

alpha: 3.2228541928687506
Features selected: 29
Iterations without progress: 1

alpha: 3.190625650940063
Features selected: 29
Iterations without progress: 2

alpha: 3.1587193944306624
Features selected: 29
Iterations without progress: 3

alpha: 3.187435025289123
Features selected: 30
Iterations without progress: 0

Using up to 30 selected features

Length of logspace_list: 300
Number of chunks: 16
Average length of each chunk: 18.8
Number of cores: 8

Hyperparameter tuning...

Length of logspace_list: 34
Number of chunks: 16
Average length of each chunk: 2.1
Number of cores: 8

Number of features: 3
Number of features: 18
Number of features: 8
Number of features: 10
Number of features: 12
Number of features: 4
Number of features: 1
Number of features: 2
Number of features: 7
Number of features: 26
Number of features: 25
Number of features: 21
Number of features: 9
Number of features: 10
Number of features: 14
Number of features: 23
Number of features: 11
Number of features: 28
Number of features: 26
Number of features: 17
Number of features: 6
Number of features: 5
Number of features: 27
Number of features: 25
Number of features: 20
Number of features: 24
Number of features: 15
Number of features: 29
Number of features: 16
Number of features: 19
Number of features: 26
Number of features: 9
Number of features: 13
Number of features: 27
las_alpha
pls_n_components
pls_scale
Testing...

[ Top 3 ]
/home/yangc1/nigo0024/anaconda3/envs/sip_run_2/lib/python3.8/site-packages/matplotlib/transforms.py:200: size=5702 KiB, count=78928, average=74 B
/home/yangc1/nigo0024/anaconda3/envs/sip_run_2/lib/python3.8/site-packages/matplotlib/lines.py:366: size=4455 KiB, count=2066, average=2208 B
/home/yangc1/nigo0024/anaconda3/envs/sip_run_2/lib/python3.8/site-packages/matplotlib/transforms.py:116: size=3373 KiB, count=53332, average=65 B
GLOBUS TRANSFER task_id: 88534552-2557-11eb-b161-0ee0d5d9299f
Waiting for transfer 88534552-2557-11eb-b161-0ee0d5d9299f to complete...
DONE.
GLOBUS DELETE task_id: a6c58798-2557-11eb-b161-0ee0d5d9299f

Processing scenario ID: 4
Panels type: ref_closest_panel
Crop type: crop_plot
Clip type: nan
Smooth type: nan
Bin type: nan
Segment type: {'method': 'mcari2', 'wl1': [800], 'wl2': [670], 'wl3': [550], 'mask_percentile': 50, 'mask_side': 'upper'}

Response variable: biomass_kgha
Number of observations: 407

Feature set: derivative_1

Writing mean spectra to a ``pandas.DataFrame``.
Number of input datacubes/spectra: 835
Old "step_pct": 0.001
New "step_pct": 0.01
alpha: 157.7780337518116
Features selected: 3
Iterations without progress: 0

Old "step_pct": 0.01
New "step_pct": 0.1
alpha: 142.00023037663044
Features selected: 3
Iterations without progress: 1

Old "step_pct": 0.1
New "step_pct": 0.5
alpha: 71.00011518831522
Features selected: 3
Iterations without progress: 2

alpha: 35.50005759415761
Features selected: 5
Iterations without progress: 0

alpha: 17.750028797078805
Features selected: 7
Iterations without progress: 0

alpha: 8.875014398539403
Features selected: 12
Iterations without progress: 0

alpha: 4.437507199269701
Features selected: 17
Iterations without progress: 0

Old "step_pct": 0.5
New "step_pct": 0.1
alpha: 3.993756479342731
Features selected: 24
Iterations without progress: 0

alpha: 3.594380831408458
Features selected: 25
Iterations without progress: 0

alpha: 3.2349427482676125
Features selected: 25
Iterations without progress: 1

alpha: 2.9114484734408514
Features selected: 26
Iterations without progress: 0

alpha: 2.6203036260967663
Features selected: 27
Iterations without progress: 0

Old "step_pct": 0.1
New "step_pct": 0.05
alpha: 2.489288444791928
Features selected: 29
Iterations without progress: 0

alpha: 2.3648240225523316
Features selected: 29
Iterations without progress: 1

alpha: 2.246582821424715
Features selected: 29
Iterations without progress: 2

alpha: 2.134253680353479
Features selected: 29
Iterations without progress: 3

alpha: 2.2353499073175915
Features selected: 30
Iterations without progress: 0

Using up to 30 selected features

Length of logspace_list: 300
Number of chunks: 16
Average length of each chunk: 18.8
Number of cores: 8

Hyperparameter tuning...

Length of logspace_list: 43
Number of chunks: 16
Average length of each chunk: 2.7
Number of cores: 8

Number of features: 10
Number of features: 22
Number of features: 8
Number of features: 6
Number of features: 1
Number of features: 26
Number of features: 23
Number of features: 24
Number of features: 7
Number of features: 5
Number of features: 18
Number of features: 22
Number of features: 6
Number of features: 25
Number of features: 9
Number of features: 3
Number of features: 5
Number of features: 29
Number of features: 21
Number of features: 16
Number of features: 18
Number of features: 12
Number of features: 12
Number of features: 25
Number of features: 21
Number of features: 28
Number of features: 13
Number of features: 20
Number of features: 5
Number of features: 6
Number of features: 13
Number of features: 4
Number of features: 24
Number of features: 21
Number of features: 20
Number of features: 17
Number of features: 14
Number of features: 16
Number of features: 2
Number of features: 17
Number of features: 27
Number of features: 14
Number of features: 19
las_alpha
pls_n_components
pls_scale
Testing...

[ Top 3 ]
/home/yangc1/nigo0024/anaconda3/envs/sip_run_2/lib/python3.8/site-packages/matplotlib/transforms.py:200: size=10.8 MiB, count=153191, average=74 B
/home/yangc1/nigo0024/anaconda3/envs/sip_run_2/lib/python3.8/site-packages/matplotlib/lines.py:366: size=8647 KiB, count=4010, average=2208 B
/home/yangc1/nigo0024/anaconda3/envs/sip_run_2/lib/python3.8/site-packages/matplotlib/transforms.py:116: size=6489 KiB, count=102494, average=65 B
GLOBUS TRANSFER task_id: 1794d06e-2558-11eb-b537-02d9497ca481
Waiting for transfer 1794d06e-2558-11eb-b537-02d9497ca481 to complete...
DONE.
GLOBUS DELETE task_id: 35f1a230-2558-11eb-b537-02d9497ca481

Processing scenario ID: 5
Panels type: ref_closest_panel
Crop type: crop_plot
Clip type: nan
Smooth type: nan
Bin type: nan
Segment type: {'method': 'mcari2', 'wl1': [800], 'wl2': [670], 'wl3': [550], 'mask_percentile': 90, 'mask_side': 'lower'}

Response variable: biomass_kgha
Number of observations: 407

Feature set: derivative_1

Writing mean spectra to a ``pandas.DataFrame``.
Number of input datacubes/spectra: 835
Old "step_pct": 0.005
New "step_pct": 0.05
alpha: 106.17912059758558
Features selected: 5
Iterations without progress: 0

Old "step_pct": 0.05
New "step_pct": 0.5
alpha: 53.08956029879279
Features selected: 5
Iterations without progress: 1

alpha: 26.544780149396395
Features selected: 9
Iterations without progress: 0

alpha: 13.272390074698198
Features selected: 12
Iterations without progress: 0

alpha: 6.636195037349099
Features selected: 17
Iterations without progress: 0

alpha: 3.3180975186745494
Features selected: 21
Iterations without progress: 0

alpha: 6.304385285481644
Features selected: 31
Iterations without progress: 0

alpha: 5.989166021207561
Features selected: 22
Iterations without progress: 0

alpha: 5.689707720147183
Features selected: 22
Iterations without progress: 1

alpha: 5.405222334139824
Features selected: 23
Iterations without progress: 0

alpha: 5.134961217432832
Features selected: 23
Iterations without progress: 1

alpha: 4.87821315656119
Features selected: 24
Iterations without progress: 0

alpha: 4.63430249873313
Features selected: 26
Iterations without progress: 0

Old "step_pct": 0.05
New "step_pct": 0.025
alpha: 4.518444936264802
Features selected: 28
Iterations without progress: 0

alpha: 4.405483812858182
Features selected: 28
Iterations without progress: 1

alpha: 4.295346717536727
Features selected: 28
Iterations without progress: 2

alpha: 4.187963049598309
Features selected: 29
Iterations without progress: 0

alpha: 4.284608350742886
Features selected: 30
Iterations without progress: 0

Using up to 30 selected features

Length of logspace_list: 300
Number of chunks: 16
Average length of each chunk: 18.8
Number of cores: 8

Hyperparameter tuning...

Length of logspace_list: 34
Number of chunks: 16
Average length of each chunk: 2.1
Number of cores: 8

Number of features: 10
Number of features: 1
Number of features: 20
Number of features: 18
Number of features: 5
Number of features: 2
Number of features: 14
Number of features: 27
Number of features: 22
Number of features: 7
Number of features: 8
Number of features: 6
Number of features: 15
Number of features: 3
Number of features: 29
Number of features: 23
Number of features: 16
Number of features: 28
Number of features: 9
Number of features: 4
Number of features: 14
Number of features: 21
Number of features: 28
Number of features: 11
Number of features: 26
Number of features: 12
Number of features: 21
Number of features: 19
Number of features: 24
Number of features: 29
Number of features: 22
Number of features: 15
Number of features: 17
Number of features: 13
las_alpha
pls_n_components
pls_scale
Testing...

[ Top 3 ]
/home/yangc1/nigo0024/anaconda3/envs/sip_run_2/lib/python3.8/site-packages/matplotlib/transforms.py:200: size=16.3 MiB, count=230381, average=74 B
/home/yangc1/nigo0024/anaconda3/envs/sip_run_2/lib/python3.8/site-packages/matplotlib/lines.py:366: size=12.7 MiB, count=6038, average=2208 B
/home/yangc1/nigo0024/anaconda3/envs/sip_run_2/lib/python3.8/site-packages/matplotlib/transforms.py:116: size=9803 KiB, count=154899, average=65 B
GLOBUS TRANSFER task_id: a85420a0-2558-11eb-b537-02d9497ca481
Waiting for transfer a85420a0-2558-11eb-b537-02d9497ca481 to complete...
DONE.
GLOBUS DELETE task_id: ae8352c0-2558-11eb-b537-02d9497ca481
Skipping past idx_grix 0...
Skipping past idx_grix 1...
Skipping past idx_grix 2...

Processing scenario ID: 3
Panels type: ref_closest_panel
Crop type: crop_plot
Clip type: nan
Smooth type: nan
Bin type: nan
Segment type: {'method': 'mcari2', 'wl1': [800], 'wl2': [670], 'wl3': [550], 'mask_percentile': 50, 'mask_side': 'lower'}

Response variable: nup_kgha
Number of observations: 407

Feature set: derivative_1

Writing mean spectra to a ``pandas.DataFrame``.
Number of input datacubes/spectra: 835
Old "step_pct": 0.05
New "step_pct": 0.5
alpha: 0.5
Features selected: 7
Iterations without progress: 0

alpha: 0.25
Features selected: 13
Iterations without progress: 0

alpha: 0.125
Features selected: 15
Iterations without progress: 0

alpha: 0.0625
Features selected: 21
Iterations without progress: 0

alpha: 0.11875
Features selected: 30
Iterations without progress: 0

Using up to 30 selected features

Length of logspace_list: 300
Number of chunks: 16
Average length of each chunk: 18.8
Number of cores: 8

Hyperparameter tuning...

Length of logspace_list: 31
Number of chunks: 16
Average length of each chunk: 1.9
Number of cores: 8

Number of features: 20
Number of features: 21
Number of features: 11
Number of features: 10
Number of features: 6
Number of features: 6
Number of features: 3
Number of features: 14
Number of features: 4
Number of features: 19
Number of features: 7
Number of features: 7
Number of features: 19
Number of features: 5
Number of features: 1
Number of features: 15
Number of features: 2
Number of features: 8
Number of features: 12
Number of features: 13
Number of features: 5
Number of features: 16
Number of features: 13
Number of features: 17
Number of features: 9
Number of features: 20
Number of features: 12
Number of features: 13
Number of features: 18
Number of features: 8
Number of features: 14
las_alpha
pls_n_components
pls_scale
Testing...

[ Top 3 ]
/home/yangc1/nigo0024/anaconda3/envs/sip_run_2/lib/python3.8/site-packages/matplotlib/transforms.py:200: size=4384 KiB, count=60682, average=74 B
/home/yangc1/nigo0024/anaconda3/envs/sip_run_2/lib/python3.8/site-packages/matplotlib/lines.py:366: size=3394 KiB, count=1574, average=2208 B
/home/yangc1/nigo0024/anaconda3/envs/sip_run_2/lib/python3.8/site-packages/matplotlib/transforms.py:116: size=2634 KiB, count=41777, average=65 B
GLOBUS TRANSFER task_id: 0b349f06-2559-11eb-8fb9-0a34088e79f9
Waiting for transfer 0b349f06-2559-11eb-8fb9-0a34088e79f9 to complete...
DONE.
GLOBUS DELETE task_id: 238f12c0-2559-11eb-8fb9-0a34088e79f9

Processing scenario ID: 4
Panels type: ref_closest_panel
Crop type: crop_plot
Clip type: nan
Smooth type: nan
Bin type: nan
Segment type: {'method': 'mcari2', 'wl1': [800], 'wl2': [670], 'wl3': [550], 'mask_percentile': 50, 'mask_side': 'upper'}

Response variable: nup_kgha
Number of observations: 407

Feature set: derivative_1

Writing mean spectra to a ``pandas.DataFrame``.
Number of input datacubes/spectra: 835
Old "step_pct": 0.05
New "step_pct": 0.5
alpha: 2.96875
Features selected: 2
Iterations without progress: 0

alpha: 1.484375
Features selected: 3
Iterations without progress: 0

alpha: 0.7421875
Features selected: 6
Iterations without progress: 0

alpha: 0.37109375
Features selected: 7
Iterations without progress: 0

alpha: 0.185546875
Features selected: 14
Iterations without progress: 0

alpha: 0.0927734375
Features selected: 17
Iterations without progress: 0

alpha: 0.04638671875
Features selected: 21
Iterations without progress: 0

alpha: 0.088134765625
Features selected: 33
Iterations without progress: 0

alpha: 0.08372802734375
Features selected: 24
Iterations without progress: 0

alpha: 0.07954162597656249
Features selected: 24
Iterations without progress: 1

alpha: 0.07556454467773437
Features selected: 25
Iterations without progress: 0

alpha: 0.07178631744384764
Features selected: 27
Iterations without progress: 0

alpha: 0.06819700157165526
Features selected: 26
Iterations without progress: 0

alpha: 0.06478715149307249
Features selected: 26
Iterations without progress: 1

alpha: 0.06154779391841886
Features selected: 26
Iterations without progress: 2

alpha: 0.05847040422249791
Features selected: 27
Iterations without progress: 0

alpha: 0.05554688401137301
Features selected: 28
Iterations without progress: 0

alpha: 0.05817805220138542
Features selected: 30
Iterations without progress: 0

Using up to 30 selected features

Length of logspace_list: 300
Number of chunks: 16
Average length of each chunk: 18.8
Number of cores: 8

Hyperparameter tuning...

Length of logspace_list: 46
Number of chunks: 16
Average length of each chunk: 2.9
Number of cores: 8

Number of features: 24
Number of features: 6
Number of features: 1
Number of features: 12
Number of features: 6
Number of features: 7
Number of features: 6
Number of features: 27
Number of features: 15
Number of features: 11
Number of features: 27
Number of features: 9
Number of features: 12
Number of features: 16
Number of features: 25
Number of features: 17
Number of features: 2
Number of features: 3
Number of features: 19
Number of features: 10
Number of features: 3
Number of features: 2
Number of features: 28
Number of features: 14
Number of features: 7
Number of features: 17
Number of features: 7
Number of features: 11
Number of features: 8
Number of features: 13
Number of features: 5
Number of features: 18
Number of features: 16
Number of features: 8
Number of features: 4
Number of features: 18
Number of features: 6
Number of features: 17
Number of features: 7
Number of features: 21
Number of features: 26
Number of features: 22
Number of features: 17
Number of features: 18
Number of features: 5
Number of features: 20
las_alpha
pls_n_components
pls_scale
Testing...

[ Top 3 ]
/home/yangc1/nigo0024/anaconda3/envs/sip_run_2/lib/python3.8/site-packages/matplotlib/transforms.py:200: size=9753 KiB, count=134973, average=74 B
/home/yangc1/nigo0024/anaconda3/envs/sip_run_2/lib/python3.8/site-packages/matplotlib/lines.py:366: size=7586 KiB, count=3518, average=2208 B
/home/yangc1/nigo0024/anaconda3/envs/sip_run_2/lib/python3.8/site-packages/matplotlib/transforms.py:116: size=5751 KiB, count=90955, average=65 B
GLOBUS TRANSFER task_id: 8e2665de-2559-11eb-b537-02d9497ca481
Waiting for transfer 8e2665de-2559-11eb-b537-02d9497ca481 to complete...
DONE.
GLOBUS DELETE task_id: ac741fe0-2559-11eb-b537-02d9497ca481

Processing scenario ID: 5
Panels type: ref_closest_panel
Crop type: crop_plot
Clip type: nan
Smooth type: nan
Bin type: nan
Segment type: {'method': 'mcari2', 'wl1': [800], 'wl2': [670], 'wl3': [550], 'mask_percentile': 90, 'mask_side': 'lower'}

Response variable: nup_kgha
Number of observations: 407

Feature set: derivative_1

Writing mean spectra to a ``pandas.DataFrame``.
Number of input datacubes/spectra: 835
Old "step_pct": 0.005
New "step_pct": 0.05
alpha: 2.7634574795658073
Features selected: 5
Iterations without progress: 0

Old "step_pct": 0.05
New "step_pct": 0.5
alpha: 1.3817287397829037
Features selected: 5
Iterations without progress: 1

alpha: 0.6908643698914518
Features selected: 7
Iterations without progress: 0

alpha: 0.3454321849457259
Features selected: 10
Iterations without progress: 0

alpha: 0.17271609247286296
Features selected: 16
Iterations without progress: 0

alpha: 0.08635804623643148
Features selected: 22
Iterations without progress: 0

alpha: 0.1640802878492198
Features selected: 33
Iterations without progress: 0

alpha: 0.1558762734567588
Features selected: 22
Iterations without progress: 0

alpha: 0.14808245978392087
Features selected: 24
Iterations without progress: 0

alpha: 0.14067833679472483
Features selected: 25
Iterations without progress: 0

alpha: 0.13364441995498857
Features selected: 26
Iterations without progress: 0

alpha: 0.12696219895723915
Features selected: 26
Iterations without progress: 1

alpha: 0.12061408900937719
Features selected: 27
Iterations without progress: 0

alpha: 0.11458338455890832
Features selected: 27
Iterations without progress: 1

alpha: 0.1088542153309629
Features selected: 27
Iterations without progress: 2

Old "step_pct": 0.05
New "step_pct": 0.025
alpha: 0.10613285994768883
Features selected: 29
Iterations without progress: 0

alpha: 0.1085820797926355
Features selected: 30
Iterations without progress: 0

Using up to 30 selected features

Length of logspace_list: 300
Number of chunks: 16
Average length of each chunk: 18.8
Number of cores: 8

Hyperparameter tuning...

Length of logspace_list: 40
Number of chunks: 16
Average length of each chunk: 2.5
Number of cores: 8

Number of features: 17
Number of features: 1
Number of features: 8
Number of features: 7
Number of features: 24
Number of features: 27
Number of features: 7
Number of features: 3
Number of features: 23
Number of features: 20
Number of features: 16
Number of features: 20
Number of features: 2
Number of features: 19
Number of features: 9
Number of features: 20
Number of features: 28
Number of features: 13
Number of features: 21
Number of features: 10
Number of features: 14
Number of features: 21
Number of features: 4
Number of features: 26
Number of features: 21
Number of features: 6
Number of features: 29
Number of features: 6
Number of features: 25
Number of features: 20
Number of features: 17
Number of features: 16
Number of features: 28
Number of features: 22
Number of features: 22
Number of features: 19
Number of features: 18
Number of features: 11
Number of features: 27
Number of features: 5
las_alpha
pls_n_components
pls_scale
Testing...

[ Top 3 ]
/home/yangc1/nigo0024/anaconda3/envs/sip_run_2/lib/python3.8/site-packages/matplotlib/transforms.py:200: size=15.1 MiB, count=213116, average=74 B
/home/yangc1/nigo0024/anaconda3/envs/sip_run_2/lib/python3.8/site-packages/matplotlib/lines.py:366: size=11.7 MiB, count=5534, average=2208 B
/home/yangc1/nigo0024/anaconda3/envs/sip_run_2/lib/python3.8/site-packages/matplotlib/transforms.py:116: size=9242 KiB, count=146562, average=65 B
GLOBUS TRANSFER task_id: 17243c30-255a-11eb-b537-02d9497ca481
Waiting for transfer 17243c30-255a-11eb-b537-02d9497ca481 to complete...
DONE.
GLOBUS DELETE task_id: 2f77dbc0-255a-11eb-b537-02d9497ca481
Skipping past idx_grix 0...
Skipping past idx_grix 1...
Skipping past idx_grix 2...

Processing scenario ID: 3
Panels type: ref_closest_panel
Crop type: crop_plot
Clip type: nan
Smooth type: nan
Bin type: nan
Segment type: {'method': 'mcari2', 'wl1': [800], 'wl2': [670], 'wl3': [550], 'mask_percentile': 50, 'mask_side': 'lower'}

Response variable: tissue_n_pct
Number of observations: 408

Feature set: derivative_1

Writing mean spectra to a ``pandas.DataFrame``.
Number of input datacubes/spectra: 835
Old "step_pct": 0.05
New "step_pct": 0.5
alpha: 0.05
Features selected: 2
Iterations without progress: 0

alpha: 0.025
Features selected: 3
Iterations without progress: 0

alpha: 0.0125
Features selected: 5
Iterations without progress: 0

alpha: 0.00625
Features selected: 7
Iterations without progress: 0

alpha: 0.003125
Features selected: 17
Iterations without progress: 0

Old "step_pct": 0.5
New "step_pct": 0.1
alpha: 0.0028125000000000003
Features selected: 27
Iterations without progress: 0

alpha: 0.00309375
Features selected: 30
Iterations without progress: 0

Using up to 30 selected features

Length of logspace_list: 300
Number of chunks: 16
Average length of each chunk: 18.8
Number of cores: 8

Hyperparameter tuning...

Length of logspace_list: 38
Number of chunks: 16
Average length of each chunk: 2.4
Number of cores: 8

Number of features: 5
Number of features: 17
Number of features: 2
Number of features: 11
Number of features: 3
Number of features: 15
Number of features: 7
Number of features: 21
Number of features: 25
Number of features: 13
Number of features: 19
Number of features: 14
Number of features: 6
Number of features: 22
Number of features: 4
Number of features: 23
Number of features: 21
Number of features: 21
Number of features: 6
Number of features: 18
Number of features: 3
Number of features: 9
Number of features: 10
Number of features: 4
Number of features: 5
Number of features: 21
Number of features: 25
Number of features: 24
Number of features: 22
Number of features: 16
Number of features: 22
Number of features: 1
Number of features: 26
Number of features: 17
Number of features: 20
Number of features: 12
Number of features: 16
Number of features: 27
las_alpha
pls_n_components
pls_scale
Testing...

[ Top 3 ]
/home/yangc1/nigo0024/anaconda3/envs/sip_run_2/lib/python3.8/site-packages/matplotlib/transforms.py:200: size=5611 KiB, count=77653, average=74 B
/home/yangc1/nigo0024/anaconda3/envs/sip_run_2/lib/python3.8/site-packages/matplotlib/lines.py:366: size=4274 KiB, count=1982, average=2208 B
/home/yangc1/nigo0024/anaconda3/envs/sip_run_2/lib/python3.8/site-packages/matplotlib/transforms.py:116: size=3434 KiB, count=54703, average=64 B
GLOBUS TRANSFER task_id: 8e80c7a8-255a-11eb-b537-02d9497ca481
Waiting for transfer 8e80c7a8-255a-11eb-b537-02d9497ca481 to complete...
DONE.
GLOBUS DELETE task_id: acdcc602-255a-11eb-b537-02d9497ca481

Processing scenario ID: 4
Panels type: ref_closest_panel
Crop type: crop_plot
Clip type: nan
Smooth type: nan
Bin type: nan
Segment type: {'method': 'mcari2', 'wl1': [800], 'wl2': [670], 'wl3': [550], 'mask_percentile': 50, 'mask_side': 'upper'}

Response variable: tissue_n_pct
Number of observations: 408

Feature set: derivative_1

Writing mean spectra to a ``pandas.DataFrame``.
Number of input datacubes/spectra: 835
Old "step_pct": 0.01
New "step_pct": 0.1
alpha: 0.13921875
Features selected: 1
Iterations without progress: 0

Old "step_pct": 0.1
New "step_pct": 0.5
alpha: 0.069609375
Features selected: 1
Iterations without progress: 1

alpha: 0.0348046875
Features selected: 2
Iterations without progress: 0

alpha: 0.01740234375
Features selected: 3
Iterations without progress: 0

alpha: 0.008701171875
Features selected: 4
Iterations without progress: 0

alpha: 0.0043505859375
Features selected: 10
Iterations without progress: 0

alpha: 0.00217529296875
Features selected: 15
Iterations without progress: 0

alpha: 0.004133056640625
Features selected: 30
Iterations without progress: 0

Using up to 30 selected features

Length of logspace_list: 300
Number of chunks: 16
Average length of each chunk: 18.8
Number of cores: 8

Hyperparameter tuning...

Length of logspace_list: 19
Number of chunks: 16
Average length of each chunk: 1.2
Number of cores: 8

Number of features: 4
Number of features: 16
Number of features: 16
Number of features: 7
Number of features: 12
Number of features: 9
Number of features: 15
Number of features: 11
Number of features: 1
Number of features: 14
Number of features: 8
Number of features: 15
Number of features: 10
Number of features: 3
Number of features: 2
Number of features: 3
Number of features: 4
Number of features: 16
Number of features: 6
las_alpha
pls_n_components
pls_scale
Testing...

[ Top 3 ]
/home/yangc1/nigo0024/anaconda3/envs/sip_run_2/lib/python3.8/site-packages/matplotlib/transforms.py:200: size=8251 KiB, count=114183, average=74 B
/home/yangc1/nigo0024/anaconda3/envs/sip_run_2/lib/python3.8/site-packages/matplotlib/lines.py:366: size=6395 KiB, count=2966, average=2208 B
/home/yangc1/nigo0024/anaconda3/envs/sip_run_2/lib/python3.8/site-packages/matplotlib/transforms.py:116: size=4904 KiB, count=77663, average=65 B
GLOBUS TRANSFER task_id: ed5aab9a-255a-11eb-b161-0ee0d5d9299f
Waiting for transfer ed5aab9a-255a-11eb-b161-0ee0d5d9299f to complete...
DONE.
GLOBUS DELETE task_id: 0bbb8744-255b-11eb-b161-0ee0d5d9299f

Processing scenario ID: 5
Panels type: ref_closest_panel
Crop type: crop_plot
Clip type: nan
Smooth type: nan
Bin type: nan
Segment type: {'method': 'mcari2', 'wl1': [800], 'wl2': [670], 'wl3': [550], 'mask_percentile': 90, 'mask_side': 'lower'}

Response variable: tissue_n_pct
Number of observations: 408

Feature set: derivative_1

Writing mean spectra to a ``pandas.DataFrame``.
Number of input datacubes/spectra: 835
Old "step_pct": 0.05
New "step_pct": 0.5
alpha: 0.10332641601562499
Features selected: 1
Iterations without progress: 0

alpha: 0.051663208007812496
Features selected: 1
Iterations without progress: 1

alpha: 0.025831604003906248
Features selected: 5
Iterations without progress: 0

alpha: 0.012915802001953124
Features selected: 7
Iterations without progress: 0

alpha: 0.006457901000976562
Features selected: 9
Iterations without progress: 0

Old "step_pct": 0.5
New "step_pct": 0.1
alpha: 0.005812110900878906
Features selected: 19
Iterations without progress: 0

Old "step_pct": 0.1
New "step_pct": 0.2
alpha: 0.004649688720703125
Features selected: 19
Iterations without progress: 1

alpha: 0.0037197509765625
Features selected: 23
Iterations without progress: 0

alpha: 0.0029758007812500003
Features selected: 26
Iterations without progress: 0

alpha: 0.00364535595703125
Features selected: 32
Iterations without progress: 0

alpha: 0.003572448837890625
Features selected: 26
Iterations without progress: 0

alpha: 0.0035009998611328125
Features selected: 27
Iterations without progress: 0

alpha: 0.0034309798639101563
Features selected: 26
Iterations without progress: 0

Old "step_pct": 0.02
New "step_pct": 0.01
alpha: 0.0033966700652710547
Features selected: 29
Iterations without progress: 0

alpha: 0.0034275488840462462
Features selected: 30
Iterations without progress: 0

Using up to 30 selected features

Length of logspace_list: 300
Number of chunks: 16
Average length of each chunk: 18.8
Number of cores: 8

Hyperparameter tuning...

Length of logspace_list: 46
Number of chunks: 16
Average length of each chunk: 2.9
Number of cores: 8

Number of features: 9
Number of features: 16
Number of features: 14
Number of features: 18
Number of features: 24
Number of features: 23
Number of features: 15
Number of features: 15
Number of features: 21
Number of features: 19
Number of features: 4
Number of features: 14
Number of features: 15
Number of features: 18
Number of features: 3
Number of features: 5
Number of features: 23
Number of features: 2
Number of features: 14
Number of features: 8
Number of features: 14
Number of features: 26
Number of features: 20
Number of features: 24
Number of features: 7
Number of features: 29
Number of features: 19
Number of features: 8
Number of features: 6
Number of features: 20
Number of features: 24
Number of features: 10
Number of features: 13
Number of features: 25
Number of features: 15
Number of features: 17
Number of features: 1
Number of features: 7
Number of features: 12
Number of features: 11
Number of features: 8
Number of features: 27
Number of features: 7
Number of features: 25
Number of features: 26
Number of features: 28
las_alpha
pls_n_components
pls_scale
Testing...

[ Top 3 ]
/home/yangc1/nigo0024/anaconda3/envs/sip_run_2/lib/python3.8/site-packages/matplotlib/transforms.py:200: size=13.6 MiB, count=193089, average=74 B
/home/yangc1/nigo0024/anaconda3/envs/sip_run_2/lib/python3.8/site-packages/matplotlib/lines.py:366: size=10.6 MiB, count=5018, average=2208 B
/home/yangc1/nigo0024/anaconda3/envs/sip_run_2/lib/python3.8/site-packages/matplotlib/transforms.py:116: size=8355 KiB, count=132448, average=65 B
GLOBUS TRANSFER task_id: 71e279ba-255b-11eb-b537-02d9497ca481
Waiting for transfer 71e279ba-255b-11eb-b537-02d9497ca481 to complete...
DONE.
GLOBUS DELETE task_id: 90358470-255b-11eb-b537-02d9497ca481
Skipping past idx_grix 0...
Skipping past idx_grix 1...
Skipping past idx_grix 2...

Processing scenario ID: 3
Panels type: ref_closest_panel
Crop type: crop_plot
Clip type: nan
Smooth type: nan
Bin type: nan
Segment type: {'method': 'mcari2', 'wl1': [800], 'wl2': [670], 'wl3': [550], 'mask_percentile': 50, 'mask_side': 'lower'}

Response variable: biomass_kgha
Number of observations: 407

Feature set: derivative_2

Writing mean spectra to a ``pandas.DataFrame``.
Number of input datacubes/spectra: 835
Old "step_pct": 0.05
New "step_pct": 0.5
alpha: 50.0
Features selected: 5
Iterations without progress: 0

alpha: 25.0
Features selected: 8
Iterations without progress: 0

alpha: 12.5
Features selected: 11
Iterations without progress: 0

alpha: 6.25
Features selected: 18
Iterations without progress: 0

Old "step_pct": 0.5
New "step_pct": 0.1
alpha: 5.625
Features selected: 28
Iterations without progress: 0

alpha: 6.1875
Features selected: 30
Iterations without progress: 0

Using up to 30 selected features

Length of logspace_list: 300
Number of chunks: 16
Average length of each chunk: 18.8
Number of cores: 8

Hyperparameter tuning...

Length of logspace_list: 37
Number of chunks: 16
Average length of each chunk: 2.3
Number of cores: 8

Number of features: 19
Number of features: 6
Number of features: 3
Number of features: 26
Number of features: 16
Number of features: 7
Number of features: 25
Number of features: 15
Number of features: 2
Number of features: 17
Number of features: 4
Number of features: 27
Number of features: 22
Number of features: 14
Number of features: 29
Number of features: 12
Number of features: 27
Number of features: 22
Number of features: 8
Number of features: 9
Number of features: 8
Number of features: 29
Number of features: 20
Number of features: 28
Number of features: 28
Number of features: 24
Number of features: 5
Number of features: 18
Number of features: 23
Number of features: 21
Number of features: 13
Number of features: 21
Number of features: 28
Number of features: 11
Number of features: 1
Number of features: 10
Number of features: 7
las_alpha
pls_n_components
pls_scale
Testing...

[ Top 3 ]
/home/yangc1/nigo0024/anaconda3/envs/sip_run_2/lib/python3.8/site-packages/matplotlib/transforms.py:200: size=6071 KiB, count=84021, average=74 B
/home/yangc1/nigo0024/anaconda3/envs/sip_run_2/lib/python3.8/site-packages/matplotlib/lines.py:366: size=4688 KiB, count=2174, average=2208 B
/home/yangc1/nigo0024/anaconda3/envs/sip_run_2/lib/python3.8/site-packages/matplotlib/transforms.py:116: size=3647 KiB, count=57849, average=65 B
GLOBUS TRANSFER task_id: 0a84fce2-255c-11eb-8fb9-0a34088e79f9
Waiting for transfer 0a84fce2-255c-11eb-8fb9-0a34088e79f9 to complete...
Transfer 0a84fce2-255c-11eb-8fb9-0a34088e79f9 has not yet finished; transfer submitted 1 minute(s) ago
Transfer 0a84fce2-255c-11eb-8fb9-0a34088e79f9 has not yet finished; transfer submitted 2 minute(s) ago
Transfer 0a84fce2-255c-11eb-8fb9-0a34088e79f9 has not yet finished; transfer submitted 3 minute(s) ago
DONE.
GLOBUS DELETE task_id: 9054a23c-255c-11eb-8fb9-0a34088e79f9

Processing scenario ID: 4
Panels type: ref_closest_panel
Crop type: crop_plot
Clip type: nan
Smooth type: nan
Bin type: nan
Segment type: {'method': 'mcari2', 'wl1': [800], 'wl2': [670], 'wl3': [550], 'mask_percentile': 50, 'mask_side': 'upper'}

Response variable: biomass_kgha
Number of observations: 407

Feature set: derivative_2

Writing mean spectra to a ``pandas.DataFrame``.
Number of input datacubes/spectra: 835
Old "step_pct": 0.01
New "step_pct": 0.1
alpha: 278.4375
Features selected: 1
Iterations without progress: 0

Old "step_pct": 0.1
New "step_pct": 0.5
alpha: 139.21875
Features selected: 1
Iterations without progress: 1

alpha: 69.609375
Features selected: 1
Iterations without progress: 2

alpha: 34.8046875
Features selected: 6
Iterations without progress: 0

alpha: 17.40234375
Features selected: 9
Iterations without progress: 0

alpha: 8.701171875
Features selected: 14
Iterations without progress: 0

alpha: 4.3505859375
Features selected: 20
Iterations without progress: 0

Old "step_pct": 0.5
New "step_pct": 0.1
alpha: 3.91552734375
Features selected: 27
Iterations without progress: 0

alpha: 3.523974609375
Features selected: 28
Iterations without progress: 0

alpha: 3.1715771484375
Features selected: 29
Iterations without progress: 0

alpha: 3.48873486328125
Features selected: 30
Iterations without progress: 0

Using up to 30 selected features

Length of logspace_list: 300
Number of chunks: 16
Average length of each chunk: 18.8
Number of cores: 8

Hyperparameter tuning...

Length of logspace_list: 36
Number of chunks: 16
Average length of each chunk: 2.2
Number of cores: 8

Number of features: 12
Number of features: 20
Number of features: 1
Number of features: 26
Number of features: 28
Number of features: 28
Number of features: 5
Number of features: 27
Number of features: 27
Number of features: 22
Number of features: 28
Number of features: 4
Number of features: 24
Number of features: 10
Number of features: 11
Number of features: 27
Number of features: 30
Number of features: 7
Number of features: 18
Number of features: 21
Number of features: 3
Number of features: 8
Number of features: 15
Number of features: 20
Number of features: 23
Number of features: 6
Number of features: 21
Number of features: 29
Number of features: 9
Number of features: 17
Number of features: 26
Number of features: 29
Number of features: 25
Number of features: 14
Number of features: 13
Number of features: 19
las_alpha
pls_n_components
pls_scale
Testing...

[ Top 3 ]
/home/yangc1/nigo0024/anaconda3/envs/sip_run_2/lib/python3.8/site-packages/matplotlib/transforms.py:200: size=11.5 MiB, count=162850, average=74 B
/home/yangc1/nigo0024/anaconda3/envs/sip_run_2/lib/python3.8/site-packages/matplotlib/lines.py:366: size=9086 KiB, count=4214, average=2208 B
/home/yangc1/nigo0024/anaconda3/envs/sip_run_2/lib/python3.8/site-packages/matplotlib/transforms.py:116: size=7015 KiB, count=111187, average=65 B
GLOBUS TRANSFER task_id: fdd743f0-255c-11eb-b161-0ee0d5d9299f
Waiting for transfer fdd743f0-255c-11eb-b161-0ee0d5d9299f to complete...
Transfer fdd743f0-255c-11eb-b161-0ee0d5d9299f has not yet finished; transfer submitted 1 minute(s) ago
Transfer fdd743f0-255c-11eb-b161-0ee0d5d9299f has not yet finished; transfer submitted 2 minute(s) ago
Transfer fdd743f0-255c-11eb-b161-0ee0d5d9299f has not yet finished; transfer submitted 3 minute(s) ago
Transfer fdd743f0-255c-11eb-b161-0ee0d5d9299f has not yet finished; transfer submitted 4 minute(s) ago
DONE.
GLOBUS DELETE task_id: 955c9252-255d-11eb-b161-0ee0d5d9299f

Processing scenario ID: 5
Panels type: ref_closest_panel
Crop type: crop_plot
Clip type: nan
Smooth type: nan
Bin type: nan
Segment type: {'method': 'mcari2', 'wl1': [800], 'wl2': [670], 'wl3': [550], 'mask_percentile': 90, 'mask_side': 'lower'}

Response variable: biomass_kgha
Number of observations: 407

Feature set: derivative_2

Writing mean spectra to a ``pandas.DataFrame``.
Number of input datacubes/spectra: 835
Old "step_pct": 0.01
New "step_pct": 0.1
alpha: 156.99306884765628
Features selected: 1
Iterations without progress: 0

Old "step_pct": 0.1
New "step_pct": 0.5
alpha: 78.49653442382814
Features selected: 1
Iterations without progress: 1

alpha: 39.24826721191407
Features selected: 7
Iterations without progress: 0

alpha: 19.624133605957034
Features selected: 11
Iterations without progress: 0

alpha: 9.812066802978517
Features selected: 16
Iterations without progress: 0

Old "step_pct": 0.5
New "step_pct": 0.1
alpha: 8.830860122680665
Features selected: 26
Iterations without progress: 0

alpha: 7.947774110412599
Features selected: 26
Iterations without progress: 1

alpha: 7.152996699371339
Features selected: 27
Iterations without progress: 0

alpha: 7.868296369308473
Features selected: 30
Iterations without progress: 0

Using up to 30 selected features

Length of logspace_list: 300
Number of chunks: 16
Average length of each chunk: 18.8
Number of cores: 8

Hyperparameter tuning...

Length of logspace_list: 30
Number of chunks: 16
Average length of each chunk: 1.9
Number of cores: 8

Number of features: 1
Number of features: 14
Number of features: 4
Number of features: 24
Number of features: 17
Number of features: 23
Number of features: 11
Number of features: 10
Number of features: 17
Number of features: 20
Number of features: 18
Number of features: 5
Number of features: 13
Number of features: 16
Number of features: 3
Number of features: 15
Number of features: 2
Number of features: 26
Number of features: 22
Number of features: 20
Number of features: 27
Number of features: 9
Number of features: 21
Number of features: 21
Number of features: 19
Number of features: 16
Number of features: 8
Number of features: 7
Number of features: 6
Number of features: 12
las_alpha
pls_n_components
pls_scale
Testing...

[ Top 3 ]
/home/yangc1/nigo0024/anaconda3/envs/sip_run_2/lib/python3.8/site-packages/matplotlib/transforms.py:200: size=16.3 MiB, count=231192, average=74 B
/home/yangc1/nigo0024/anaconda3/envs/sip_run_2/lib/python3.8/site-packages/matplotlib/lines.py:366: size=12.7 MiB, count=6050, average=2208 B
/home/yangc1/nigo0024/anaconda3/envs/sip_run_2/lib/python3.8/site-packages/matplotlib/transforms.py:116: size=9858 KiB, count=155833, average=65 B
GLOBUS TRANSFER task_id: fdc05ea0-255d-11eb-b537-02d9497ca481
Waiting for transfer fdc05ea0-255d-11eb-b537-02d9497ca481 to complete...
DONE.
GLOBUS DELETE task_id: 16141e4c-255e-11eb-b537-02d9497ca481
Skipping past idx_grix 0...
Skipping past idx_grix 1...
Skipping past idx_grix 2...

Processing scenario ID: 3
Panels type: ref_closest_panel
Crop type: crop_plot
Clip type: nan
Smooth type: nan
Bin type: nan
Segment type: {'method': 'mcari2', 'wl1': [800], 'wl2': [670], 'wl3': [550], 'mask_percentile': 50, 'mask_side': 'lower'}

Response variable: nup_kgha
Number of observations: 407

Feature set: derivative_2

Writing mean spectra to a ``pandas.DataFrame``.
Number of input datacubes/spectra: 835
Old "step_pct": 0.05
New "step_pct": 0.5
alpha: 5.0
Features selected: 1
Iterations without progress: 0

alpha: 2.5
Features selected: 1
Iterations without progress: 1

alpha: 1.25
Features selected: 2
Iterations without progress: 0

alpha: 0.625
Features selected: 9
Iterations without progress: 0

alpha: 0.3125
Features selected: 12
Iterations without progress: 0

alpha: 0.15625
Features selected: 18
Iterations without progress: 0

Old "step_pct": 0.5
New "step_pct": 0.1
alpha: 0.140625
Features selected: 24
Iterations without progress: 0

alpha: 0.1265625
Features selected: 26
Iterations without progress: 0

Old "step_pct": 0.1
New "step_pct": 0.05
alpha: 0.12023437499999999
Features selected: 29
Iterations without progress: 0

alpha: 0.1259296875
Features selected: 31
Iterations without progress: 0

alpha: 0.1253000390625
Features selected: 29
Iterations without progress: 0

alpha: 0.1246735388671875
Features selected: 29
Iterations without progress: 1

alpha: 0.12405017117285157
Features selected: 29
Iterations without progress: 2

alpha: 0.12342992031698731
Features selected: 29
Iterations without progress: 3

alpha: 0.12281277071540238
Features selected: 29
Iterations without progress: 4

alpha: 0.12219870686182537
Features selected: 29
Iterations without progress: 5

Leaving while loop before finding the alpha value that achieves selection of 30 feature(s) (minimum alpha value to use).

Using up to 29 selected features

Length of logspace_list: 300
Number of chunks: 16
Average length of each chunk: 18.8
Number of cores: 8

Hyperparameter tuning...

Length of logspace_list: 32
Number of chunks: 16
Average length of each chunk: 2.0
Number of cores: 8

Number of features: 21
Number of features: 12
Number of features: 1
Number of features: 28
Number of features: 25
Number of features: 2
Number of features: 26
Number of features: 4
Number of features: 11
Number of features: 11
Number of features: 13
Number of features: 23
Number of features: 9
Number of features: 12
Number of features: 19
Number of features: 16
Number of features: 8
Number of features: 17
Number of features: 14
Number of features: 15
Number of features: 22
Number of features: 22
Number of features: 6
Number of features: 10
Number of features: 7
Number of features: 29
Number of features: 24
Number of features: 18
Number of features: 27
Number of features: 19
Number of features: 23
Number of features: 20
las_alpha
pls_n_components
pls_scale
Testing...

[ Top 3 ]
/home/yangc1/nigo0024/anaconda3/envs/sip_run_2/lib/python3.8/site-packages/matplotlib/transforms.py:200: size=5502 KiB, count=76146, average=74 B
/home/yangc1/nigo0024/anaconda3/envs/sip_run_2/lib/python3.8/site-packages/matplotlib/lines.py:366: size=4300 KiB, count=1994, average=2208 B
/home/yangc1/nigo0024/anaconda3/envs/sip_run_2/lib/python3.8/site-packages/matplotlib/transforms.py:116: size=3253 KiB, count=51438, average=65 B
GLOBUS TRANSFER task_id: 837119e0-255e-11eb-8fb9-0a34088e79f9
Waiting for transfer 837119e0-255e-11eb-8fb9-0a34088e79f9 to complete...
DONE.
GLOBUS DELETE task_id: 9bd4d77e-255e-11eb-8fb9-0a34088e79f9

Processing scenario ID: 4
Panels type: ref_closest_panel
Crop type: crop_plot
Clip type: nan
Smooth type: nan
Bin type: nan
Segment type: {'method': 'mcari2', 'wl1': [800], 'wl2': [670], 'wl3': [550], 'mask_percentile': 50, 'mask_side': 'upper'}

Response variable: nup_kgha
Number of observations: 407

Feature set: derivative_2

Writing mean spectra to a ``pandas.DataFrame``.
Number of input datacubes/spectra: 835
Old "step_pct": 0.005
New "step_pct": 0.05
alpha: 5.804438575936705
Features selected: 1
Iterations without progress: 0

Old "step_pct": 0.05
New "step_pct": 0.5
alpha: 2.9022192879683524
Features selected: 1
Iterations without progress: 1

alpha: 1.4511096439841762
Features selected: 2
Iterations without progress: 0

alpha: 0.7255548219920881
Features selected: 5
Iterations without progress: 0

alpha: 0.36277741099604405
Features selected: 12
Iterations without progress: 0

alpha: 0.18138870549802202
Features selected: 15
Iterations without progress: 0

alpha: 0.09069435274901101
Features selected: 18
Iterations without progress: 0

Old "step_pct": 0.5
New "step_pct": 0.1
alpha: 0.08162491747410991
Features selected: 27
Iterations without progress: 0

alpha: 0.07346242572669892
Features selected: 28
Iterations without progress: 0

alpha: 0.08080866829936881
Features selected: 30
Iterations without progress: 0

Using up to 30 selected features

Length of logspace_list: 300
Number of chunks: 16
Average length of each chunk: 18.8
Number of cores: 8

Hyperparameter tuning...

Length of logspace_list: 36
Number of chunks: 16
Average length of each chunk: 2.2
Number of cores: 8

Number of features: 18
Number of features: 3
Number of features: 26
Number of features: 9
Number of features: 25
Number of features: 16
Number of features: 5
Number of features: 19
Number of features: 17
Number of features: 27
Number of features: 23
Number of features: 26
Number of features: 21
Number of features: 17
Number of features: 15
Number of features: 20
Number of features: 22
Number of features: 6
Number of features: 4
Number of features: 2
Number of features: 26
Number of features: 11
Number of features: 18
Number of features: 19
Number of features: 28
Number of features: 25
Number of features: 13
Number of features: 24
Number of features: 1
Number of features: 27
Number of features: 28
Number of features: 17
Number of features: 8
Number of features: 14
Number of features: 12
Number of features: 18
las_alpha
pls_n_components
pls_scale
Testing...

[ Top 3 ]
/home/yangc1/nigo0024/anaconda3/envs/sip_run_2/lib/python3.8/site-packages/matplotlib/transforms.py:200: size=10.4 MiB, count=147688, average=74 B
/home/yangc1/nigo0024/anaconda3/envs/sip_run_2/lib/python3.8/site-packages/matplotlib/lines.py:366: size=8336 KiB, count=3866, average=2208 B
/home/yangc1/nigo0024/anaconda3/envs/sip_run_2/lib/python3.8/site-packages/matplotlib/transforms.py:116: size=6260 KiB, count=98888, average=65 B
GLOBUS TRANSFER task_id: 03402abc-255f-11eb-8fb9-0a34088e79f9
Waiting for transfer 03402abc-255f-11eb-8fb9-0a34088e79f9 to complete...
DONE.
GLOBUS DELETE task_id: 0f6bff8c-255f-11eb-8fb9-0a34088e79f9

Processing scenario ID: 5
Panels type: ref_closest_panel
Crop type: crop_plot
Clip type: nan
Smooth type: nan
Bin type: nan
Segment type: {'method': 'mcari2', 'wl1': [800], 'wl2': [670], 'wl3': [550], 'mask_percentile': 90, 'mask_side': 'lower'}

Response variable: nup_kgha
Number of observations: 407

Feature set: derivative_2

Writing mean spectra to a ``pandas.DataFrame``.
Number of input datacubes/spectra: 835
Old "step_pct": 0.01
New "step_pct": 0.1
alpha: 3.6363900734715964
Features selected: 1
Iterations without progress: 0

Old "step_pct": 0.1
New "step_pct": 0.5
alpha: 1.8181950367357982
Features selected: 2
Iterations without progress: 0

alpha: 0.9090975183678991
Features selected: 6
Iterations without progress: 0

alpha: 0.45454875918394955
Features selected: 10
Iterations without progress: 0

alpha: 0.22727437959197477
Features selected: 14
Iterations without progress: 0

Old "step_pct": 0.5
New "step_pct": 0.1
alpha: 0.2045469416327773
Features selected: 23
Iterations without progress: 0

Old "step_pct": 0.1
New "step_pct": 0.02
alpha: 0.20045600280012177
Features selected: 27
Iterations without progress: 0

alpha: 0.19644688274411934
Features selected: 27
Iterations without progress: 1

alpha: 0.19251794508923695
Features selected: 27
Iterations without progress: 2

alpha: 0.1886675861874522
Features selected: 25
Iterations without progress: 0

alpha: 0.18489423446370315
Features selected: 26
Iterations without progress: 0

alpha: 0.18119634977442908
Features selected: 26
Iterations without progress: 1

alpha: 0.1775724227789405
Features selected: 26
Iterations without progress: 2

alpha: 0.1740209743233617
Features selected: 26
Iterations without progress: 3

alpha: 0.17054055483689445
Features selected: 26
Iterations without progress: 4

alpha: 0.16712974374015657
Features selected: 27
Iterations without progress: 0

alpha: 0.16378714886535345
Features selected: 27
Iterations without progress: 1

alpha: 0.16051140588804638
Features selected: 28
Iterations without progress: 0

alpha: 0.15730117777028546
Features selected: 28
Iterations without progress: 1

alpha: 0.15415515421487974
Features selected: 29
Iterations without progress: 0

alpha: 0.15107205113058214
Features selected: 28
Iterations without progress: 0

alpha: 0.1480506101079705
Features selected: 29
Iterations without progress: 0

alpha: 0.14508959790581108
Features selected: 29
Iterations without progress: 1

alpha: 0.14218780594769487
Features selected: 29
Iterations without progress: 2

alpha: 0.13934404982874096
Features selected: 29
Iterations without progress: 3

alpha: 0.13655716883216615
Features selected: 28
Iterations without progress: 0

alpha: 0.1390653617290835
Features selected: 30
Iterations without progress: 0

Using up to 30 selected features

Length of logspace_list: 300
Number of chunks: 16
Average length of each chunk: 18.8
Number of cores: 8

Hyperparameter tuning...

Length of logspace_list: 40
Number of chunks: 16
Average length of each chunk: 2.5
Number of cores: 8

Number of features: 27
Number of features: 6
Number of features: 10
Number of features: 28
Number of features: 1
Number of features: 16
Number of features: 26
Number of features: 2
Number of features: 5
Number of features: 22
Number of features: 28
Number of features: 7
Number of features: 3
Number of features: 14
Number of features: 27
Number of features: 20
Number of features: 5
Number of features: 15
Number of features: 19
Number of features: 26
Number of features: 23
Number of features: 29
Number of features: 8
Number of features: 17
Number of features: 23
Number of features: 11
Number of features: 28
Number of features: 15
Number of features: 25
Number of features: 12
Number of features: 25
Number of features: 13
Number of features: 29
Number of features: 21
Number of features: 25
Number of features: 9
Number of features: 26
Number of features: 24
Number of features: 4
Number of features: 16
las_alpha
pls_n_components
pls_scale
Testing...

[ Top 3 ]
/home/yangc1/nigo0024/anaconda3/envs/sip_run_2/lib/python3.8/site-packages/matplotlib/transforms.py:200: size=16.0 MiB, count=226170, average=74 B
/home/yangc1/nigo0024/anaconda3/envs/sip_run_2/lib/python3.8/site-packages/matplotlib/lines.py:366: size=12.5 MiB, count=5918, average=2208 B
/home/yangc1/nigo0024/anaconda3/envs/sip_run_2/lib/python3.8/site-packages/matplotlib/transforms.py:116: size=9657 KiB, count=152678, average=65 B
GLOBUS TRANSFER task_id: 7e3a562a-255f-11eb-b161-0ee0d5d9299f
Waiting for transfer 7e3a562a-255f-11eb-b161-0ee0d5d9299f to complete...
DONE.
GLOBUS DELETE task_id: 8466f918-255f-11eb-b161-0ee0d5d9299f
Skipping past idx_grix 0...
Skipping past idx_grix 1...
Skipping past idx_grix 2...

Processing scenario ID: 3
Panels type: ref_closest_panel
Crop type: crop_plot
Clip type: nan
Smooth type: nan
Bin type: nan
Segment type: {'method': 'mcari2', 'wl1': [800], 'wl2': [670], 'wl3': [550], 'mask_percentile': 50, 'mask_side': 'lower'}

Response variable: tissue_n_pct
Number of observations: 408

Feature set: derivative_2

Writing mean spectra to a ``pandas.DataFrame``.
Number of input datacubes/spectra: 835
Old "step_pct": 0.05
New "step_pct": 0.5
alpha: 0.05
Features selected: 1
Iterations without progress: 0

alpha: 0.025
Features selected: 1
Iterations without progress: 1

alpha: 0.0125
Features selected: 10
Iterations without progress: 0

alpha: 0.00625
Features selected: 15
Iterations without progress: 0

alpha: 0.003125
Features selected: 16
Iterations without progress: 0

alpha: 0.0059375
Features selected: 30
Iterations without progress: 0

Using up to 30 selected features

Length of logspace_list: 300
Number of chunks: 16
Average length of each chunk: 18.8
Number of cores: 8

Hyperparameter tuning...

Length of logspace_list: 26
Number of chunks: 16
Average length of each chunk: 1.6
Number of cores: 8

Number of features: 7
Number of features: 10
Number of features: 6
Number of features: 15
Number of features: 11
Number of features: 4
Number of features: 13
Number of features: 11
Number of features: 14
Number of features: 13
Number of features: 15
Number of features: 16
Number of features: 11
Number of features: 12
Number of features: 9
Number of features: 3
Number of features: 8
Number of features: 18
Number of features: 16
Number of features: 1
Number of features: 5
Number of features: 14
Number of features: 12
Number of features: 14
Number of features: 12
Number of features: 17
las_alpha
pls_n_components
pls_scale
Testing...

[ Top 3 ]
/home/yangc1/nigo0024/anaconda3/envs/sip_run_2/lib/python3.8/site-packages/matplotlib/transforms.py:200: size=3515 KiB, count=48653, average=74 B
/home/yangc1/nigo0024/anaconda3/envs/sip_run_2/lib/python3.8/site-packages/matplotlib/lines.py:366: size=2747 KiB, count=1274, average=2208 B
/home/yangc1/nigo0024/anaconda3/envs/sip_run_2/lib/python3.8/site-packages/pandas/core/internals/blocks.py:679: size=2410 KiB, count=125, average=19.3 KiB
GLOBUS TRANSFER task_id: ced602be-255f-11eb-b537-02d9497ca481
Waiting for transfer ced602be-255f-11eb-b537-02d9497ca481 to complete...
DONE.
GLOBUS DELETE task_id: ed23c8fa-255f-11eb-b537-02d9497ca481

Processing scenario ID: 4
Panels type: ref_closest_panel
Crop type: crop_plot
Clip type: nan
Smooth type: nan
Bin type: nan
Segment type: {'method': 'mcari2', 'wl1': [800], 'wl2': [670], 'wl3': [550], 'mask_percentile': 50, 'mask_side': 'upper'}

Response variable: tissue_n_pct
Number of observations: 408

Feature set: derivative_2

Writing mean spectra to a ``pandas.DataFrame``.
Number of input datacubes/spectra: 835
Old "step_pct": 0.05
New "step_pct": 0.5
alpha: 0.1484375
Features selected: 0
Iterations without progress: 0

alpha: 0.07421875
Features selected: 1
Iterations without progress: 0

alpha: 0.037109375
Features selected: 1
Iterations without progress: 1

alpha: 0.0185546875
Features selected: 4
Iterations without progress: 0

alpha: 0.00927734375
Features selected: 6
Iterations without progress: 0

Old "step_pct": 0.5
New "step_pct": 0.1
alpha: 0.008349609375
Features selected: 17
Iterations without progress: 0

Old "step_pct": 0.1
New "step_pct": 0.5
alpha: 0.0041748046875
Features selected: 17
Iterations without progress: 1

alpha: 0.00208740234375
Features selected: 18
Iterations without progress: 0

alpha: 0.003966064453125
Features selected: 32
Iterations without progress: 0

Old "step_pct": 0.05
New "step_pct": 0.1
alpha: 0.0035694580078125004
Features selected: 19
Iterations without progress: 0

alpha: 0.0032125122070312505
Features selected: 21
Iterations without progress: 0

Old "step_pct": 0.1
New "step_pct": 0.2
alpha: 0.0025700097656250007
Features selected: 20
Iterations without progress: 0

Old "step_pct": 0.2
New "step_pct": 0.04
alpha: 0.002467209375000001
Features selected: 25
Iterations without progress: 0

Old "step_pct": 0.04
New "step_pct": 0.02
alpha: 0.0024178651875000007
Features selected: 28
Iterations without progress: 0

alpha: 0.0023695078837500006
Features selected: 28
Iterations without progress: 1

alpha: 0.0023221177260750003
Features selected: 29
Iterations without progress: 0

alpha: 0.0023647688679825007
Features selected: 30
Iterations without progress: 0

Using up to 30 selected features

Length of logspace_list: 300
Number of chunks: 16
Average length of each chunk: 18.8
Number of cores: 8

Hyperparameter tuning...

Length of logspace_list: 37
Number of chunks: 16
Average length of each chunk: 2.3
Number of cores: 8

Number of features: 6
Number of features: 14
Number of features: 29
Number of features: 18
Number of features: 13
Number of features: 12
Number of features: 10
Number of features: 7
Number of features: 15
Number of features: 24
Number of features: 8
Number of features: 9
Number of features: 20
Number of features: 4
Number of features: 1
Number of features: 21
Number of features: 19
Number of features: 6
Number of features: 27
Number of features: 3
Number of features: 5
Number of features: 16
Number of features: 17
Number of features: 16
Number of features: 20
Number of features: 19
Number of features: 28
Number of features: 20
Number of features: 25
Number of features: 15
Number of features: 17
Number of features: 7
Number of features: 23
Number of features: 5
Number of features: 16
Number of features: 15
Number of features: 21
las_alpha
pls_n_components
pls_scale
Testing...

[ Top 3 ]
/home/yangc1/nigo0024/anaconda3/envs/sip_run_2/lib/python3.8/site-packages/matplotlib/transforms.py:200: size=8885 KiB, count=122971, average=74 B
/home/yangc1/nigo0024/anaconda3/envs/sip_run_2/lib/python3.8/site-packages/matplotlib/lines.py:366: size=6809 KiB, count=3158, average=2208 B
/home/yangc1/nigo0024/anaconda3/envs/sip_run_2/lib/python3.8/site-packages/matplotlib/transforms.py:116: size=5383 KiB, count=85582, average=64 B
GLOBUS TRANSFER task_id: 49e29f4e-2560-11eb-b537-02d9497ca481
Waiting for transfer 49e29f4e-2560-11eb-b537-02d9497ca481 to complete...
DONE.
GLOBUS DELETE task_id: 684ecebc-2560-11eb-b537-02d9497ca481

Processing scenario ID: 5
Panels type: ref_closest_panel
Crop type: crop_plot
Clip type: nan
Smooth type: nan
Bin type: nan
Segment type: {'method': 'mcari2', 'wl1': [800], 'wl2': [670], 'wl3': [550], 'mask_percentile': 90, 'mask_side': 'lower'}

Response variable: tissue_n_pct
Number of observations: 408

Feature set: derivative_2

Writing mean spectra to a ``pandas.DataFrame``.
Number of input datacubes/spectra: 835
Old "step_pct": 0.002
New "step_pct": 0.02
alpha: 0.11587367453114253
Features selected: 1
Iterations without progress: 0

Old "step_pct": 0.02
New "step_pct": 0.2
alpha: 0.09269893962491403
Features selected: 1
Iterations without progress: 1

Old "step_pct": 0.2
New "step_pct": 0.4
alpha: 0.055619363774948416
Features selected: 1
Iterations without progress: 2

Old "step_pct": 0.4
New "step_pct": 0.8
alpha: 0.01112387275498968
Features selected: 2
Iterations without progress: 0

Old "step_pct": 0.8
New "step_pct": 0.16
alpha: 0.009344053114191331
Features selected: 16
Iterations without progress: 0

Old "step_pct": 0.16
New "step_pct": 0.32
alpha: 0.006353956117650105
Features selected: 18
Iterations without progress: 0

alpha: 0.004320690160002071
Features selected: 22
Iterations without progress: 0

Old "step_pct": 0.32
New "step_pct": 0.064
alpha: 0.004044165989761938
Features selected: 26
Iterations without progress: 0

alpha: 0.0037853393664171735
Features selected: 26
Iterations without progress: 1

alpha: 0.0035430776469664743
Features selected: 27
Iterations without progress: 0

alpha: 0.0037611131944721037
Features selected: 30
Iterations without progress: 0

Using up to 30 selected features

Length of logspace_list: 300
Number of chunks: 16
Average length of each chunk: 18.8
Number of cores: 8

Hyperparameter tuning...

Length of logspace_list: 33
Number of chunks: 16
Average length of each chunk: 2.1
Number of cores: 8

Number of features: 1
Number of features: 9
Number of features: 23
Number of features: 22
Number of features: 7
Number of features: 4
Number of features: 10
Number of features: 25
Number of features: 13
Number of features: 14
Number of features: 5
Number of features: 18
Number of features: 24
Number of features: 8
Number of features: 19
Number of features: 12
Number of features: 6
Number of features: 11
Number of features: 17
Number of features: 26
Number of features: 11
Number of features: 26
Number of features: 10
Number of features: 19
Number of features: 24
Number of features: 28
Number of features: 16
Number of features: 15
Number of features: 2
Number of features: 21
Number of features: 25
Number of features: 18
Number of features: 24
las_alpha
pls_n_components
pls_scale
Testing...

[ Top 3 ]
/home/yangc1/nigo0024/anaconda3/envs/sip_run_2/lib/python3.8/site-packages/matplotlib/transforms.py:200: size=13.3 MiB, count=188699, average=74 B
/home/yangc1/nigo0024/anaconda3/envs/sip_run_2/lib/python3.8/site-packages/matplotlib/lines.py:366: size=10.4 MiB, count=4922, average=2208 B
/home/yangc1/nigo0024/anaconda3/envs/sip_run_2/lib/python3.8/site-packages/matplotlib/transforms.py:116: size=8126 KiB, count=128685, average=65 B
GLOBUS TRANSFER task_id: c66e80dc-2560-11eb-8fb9-0a34088e79f9
Waiting for transfer c66e80dc-2560-11eb-8fb9-0a34088e79f9 to complete...
DONE.
GLOBUS DELETE task_id: deb15e6c-2560-11eb-8fb9-0a34088e79f9

Processing scenario ID: 3
Panels type: ref_closest_panel
Crop type: crop_plot
Clip type: nan
Smooth type: nan
Bin type: nan
Segment type: {'method': 'mcari2', 'wl1': [800], 'wl2': [670], 'wl3': [550], 'mask_percentile': 50, 'mask_side': 'lower'}
GLOBUS TRANSFER task_id: e1634634-2560-11eb-b161-0ee0d5d9299f
Waiting for transfer e1634634-2560-11eb-b161-0ee0d5d9299f to complete...
Transfer e1634634-2560-11eb-b161-0ee0d5d9299f has not yet finished; transfer submitted 1 minute(s) ago
Transfer e1634634-2560-11eb-b161-0ee0d5d9299f has not yet finished; transfer submitted 2 minute(s) ago
Transfer e1634634-2560-11eb-b161-0ee0d5d9299f has not yet finished; transfer submitted 3 minute(s) ago
Transfer e1634634-2560-11eb-b161-0ee0d5d9299f has not yet finished; transfer submitted 4 minute(s) ago
Transfer e1634634-2560-11eb-b161-0ee0d5d9299f has not yet finished; transfer submitted 5 minute(s) ago
Transfer e1634634-2560-11eb-b161-0ee0d5d9299f has not yet finished; transfer submitted 6 minute(s) ago
Transfer e1634634-2560-11eb-b161-0ee0d5d9299f has not yet finished; transfer submitted 7 minute(s) ago
Transfer e1634634-2560-11eb-b161-0ee0d5d9299f has not yet finished; transfer submitted 8 minute(s) ago
DONE.
GLOBUS DELETE task_id: 1c894c12-2562-11eb-b161-0ee0d5d9299f

Processing scenario ID: 4
Panels type: ref_closest_panel
Crop type: crop_plot
Clip type: nan
Smooth type: nan
Bin type: nan
Segment type: {'method': 'mcari2', 'wl1': [800], 'wl2': [670], 'wl3': [550], 'mask_percentile': 50, 'mask_side': 'upper'}
GLOBUS TRANSFER task_id: 1e6f7eac-2562-11eb-8fb9-0a34088e79f9
Waiting for transfer 1e6f7eac-2562-11eb-8fb9-0a34088e79f9 to complete...
Transfer 1e6f7eac-2562-11eb-8fb9-0a34088e79f9 has not yet finished; transfer submitted 1 minute(s) ago
Transfer 1e6f7eac-2562-11eb-8fb9-0a34088e79f9 has not yet finished; transfer submitted 2 minute(s) ago
Transfer 1e6f7eac-2562-11eb-8fb9-0a34088e79f9 has not yet finished; transfer submitted 3 minute(s) ago
Transfer 1e6f7eac-2562-11eb-8fb9-0a34088e79f9 has not yet finished; transfer submitted 4 minute(s) ago
Transfer 1e6f7eac-2562-11eb-8fb9-0a34088e79f9 has not yet finished; transfer submitted 5 minute(s) ago
Transfer 1e6f7eac-2562-11eb-8fb9-0a34088e79f9 has not yet finished; transfer submitted 6 minute(s) ago
Transfer 1e6f7eac-2562-11eb-8fb9-0a34088e79f9 has not yet finished; transfer submitted 7 minute(s) ago
Transfer 1e6f7eac-2562-11eb-8fb9-0a34088e79f9 has not yet finished; transfer submitted 8 minute(s) ago
Transfer 1e6f7eac-2562-11eb-8fb9-0a34088e79f9 has not yet finished; transfer submitted 9 minute(s) ago
DONE.
GLOBUS DELETE task_id: 835bb618-2563-11eb-8fb9-0a34088e79f9

Processing scenario ID: 5
Panels type: ref_closest_panel
Crop type: crop_plot
Clip type: nan
Smooth type: nan
Bin type: nan
Segment type: {'method': 'mcari2', 'wl1': [800], 'wl2': [670], 'wl3': [550], 'mask_percentile': 90, 'mask_side': 'lower'}
GLOBUS TRANSFER task_id: 852e7c1e-2563-11eb-b537-02d9497ca481
Waiting for transfer 852e7c1e-2563-11eb-b537-02d9497ca481 to complete...
Transfer 852e7c1e-2563-11eb-b537-02d9497ca481 has not yet finished; transfer submitted 1 minute(s) ago
Transfer 852e7c1e-2563-11eb-b537-02d9497ca481 has not yet finished; transfer submitted 2 minute(s) ago
Transfer 852e7c1e-2563-11eb-b537-02d9497ca481 has not yet finished; transfer submitted 3 minute(s) ago
Transfer 852e7c1e-2563-11eb-b537-02d9497ca481 has not yet finished; transfer submitted 4 minute(s) ago
Transfer 852e7c1e-2563-11eb-b537-02d9497ca481 has not yet finished; transfer submitted 5 minute(s) ago
Transfer 852e7c1e-2563-11eb-b537-02d9497ca481 has not yet finished; transfer submitted 6 minute(s) ago
Transfer 852e7c1e-2563-11eb-b537-02d9497ca481 has not yet finished; transfer submitted 7 minute(s) ago
Transfer 852e7c1e-2563-11eb-b537-02d9497ca481 has not yet finished; transfer submitted 8 minute(s) ago
Transfer 852e7c1e-2563-11eb-b537-02d9497ca481 has not yet finished; transfer submitted 9 minute(s) ago
Transfer 852e7c1e-2563-11eb-b537-02d9497ca481 has not yet finished; transfer submitted 10 minute(s) ago
DONE.
GLOBUS DELETE task_id: f6c502fc-2564-11eb-b537-02d9497ca481
