Skipping past idx_grix 0...
Skipping past idx_grix 1...
Skipping past idx_grix 2...
Skipping past idx_grix 3...
Skipping past idx_grix 4...
Skipping past idx_grix 5...
Skipping past idx_grix 6...
Skipping past idx_grix 7...
Skipping past idx_grix 8...
Skipping past idx_grix 9...
Skipping past idx_grix 10...
Skipping past idx_grix 11...
Skipping past idx_grix 12...
Skipping past idx_grix 13...
Skipping past idx_grix 14...

Processing scenario ID: 15
Panels type: ref_closest_panel
Crop type: crop_plot
Clip type: nan
Smooth type: nan
Bin type: {'method': 'spectral_mimic', 'sensor': 'sentinel-2a'}
Segment type: {'method': 'mcari2', 'wl1': [800], 'wl2': [670], 'wl3': [550], 'mask_percentile': [50, 75], 'mask_side': 'outside'}

Response variable: biomass_kgha
Number of observations: 407

Feature set: reflectance

Writing mean spectra to a ``pandas.DataFrame``.
Number of input datacubes/spectra: 835
Using up to 9 selected features

Length of logspace_list: 300
Number of chunks: 16
Average length of each chunk: 18.8
Number of cores: 8

Hyperparameter tuning...

Number of features: 2
Number of features: 3
Number of features: 3
Number of features: 6
Number of features: 4
Number of features: 6
Number of features: 5
Number of features: 4
Number of features: 2
Number of features: 8
Number of features: 5
Number of features: 7
Number of features: 9
Number of features: 1
las_alpha
pls_n_components
pls_scale
Skipping past idx_grix 0...
Skipping past idx_grix 1...
Skipping past idx_grix 2...
Skipping past idx_grix 3...
Skipping past idx_grix 4...
Skipping past idx_grix 5...
Skipping past idx_grix 6...
Skipping past idx_grix 7...
Skipping past idx_grix 8...
Skipping past idx_grix 9...
Skipping past idx_grix 10...
Skipping past idx_grix 11...
Skipping past idx_grix 12...
Skipping past idx_grix 13...
Skipping past idx_grix 14...

Processing scenario ID: 15
Panels type: ref_closest_panel
Crop type: crop_plot
Clip type: nan
Smooth type: nan
Bin type: {'method': 'spectral_mimic', 'sensor': 'sentinel-2a'}
Segment type: {'method': 'mcari2', 'wl1': [800], 'wl2': [670], 'wl3': [550], 'mask_percentile': [50, 75], 'mask_side': 'outside'}

Response variable: nup_kgha
Number of observations: 407

Feature set: reflectance

Writing mean spectra to a ``pandas.DataFrame``.
Number of input datacubes/spectra: 835
Using up to 9 selected features

Length of logspace_list: 300
Number of chunks: 16
Average length of each chunk: 18.8
Number of cores: 8

Hyperparameter tuning...

Number of features: 3
Number of features: 7
Number of features: 9
Number of features: 8
Number of features: 5
Number of features: 6
Number of features: 4
Number of features: 8
Number of features: 1
Number of features: 7
Number of features: 2
las_alpha
pls_n_components
pls_scale
Skipping past idx_grix 0...
Skipping past idx_grix 1...
Skipping past idx_grix 2...
Skipping past idx_grix 3...
Skipping past idx_grix 4...
Skipping past idx_grix 5...
Skipping past idx_grix 6...
Skipping past idx_grix 7...
Skipping past idx_grix 8...
Skipping past idx_grix 9...
Skipping past idx_grix 10...
Skipping past idx_grix 11...
Skipping past idx_grix 12...
Skipping past idx_grix 13...
Skipping past idx_grix 14...

Processing scenario ID: 15
Panels type: ref_closest_panel
Crop type: crop_plot
Clip type: nan
Smooth type: nan
Bin type: {'method': 'spectral_mimic', 'sensor': 'sentinel-2a'}
Segment type: {'method': 'mcari2', 'wl1': [800], 'wl2': [670], 'wl3': [550], 'mask_percentile': [50, 75], 'mask_side': 'outside'}

Response variable: tissue_n_pct
Number of observations: 408

Feature set: reflectance

Writing mean spectra to a ``pandas.DataFrame``.
Number of input datacubes/spectra: 835
Using up to 9 selected features

Length of logspace_list: 300
Number of chunks: 16
Average length of each chunk: 18.8
Number of cores: 8

Hyperparameter tuning...

Number of features: 6
Number of features: 4
Number of features: 4
Number of features: 5
Number of features: 5
Number of features: 5
Number of features: 4
Number of features: 3
Number of features: 2
Number of features: 3
Number of features: 7
Number of features: 9
Number of features: 3
Number of features: 4
Number of features: 6
Number of features: 7
Number of features: 1
Number of features: 8
las_alpha
pls_n_components
pls_scale
Skipping past idx_grix 0...
Skipping past idx_grix 1...
Skipping past idx_grix 2...
Skipping past idx_grix 3...
Skipping past idx_grix 4...
Skipping past idx_grix 5...
Skipping past idx_grix 6...
Skipping past idx_grix 7...
Skipping past idx_grix 8...
Skipping past idx_grix 9...
Skipping past idx_grix 10...
Skipping past idx_grix 11...
Skipping past idx_grix 12...
Skipping past idx_grix 13...
Skipping past idx_grix 14...

Processing scenario ID: 15
Panels type: ref_closest_panel
Crop type: crop_plot
Clip type: nan
Smooth type: nan
Bin type: {'method': 'spectral_mimic', 'sensor': 'sentinel-2a'}
Segment type: {'method': 'mcari2', 'wl1': [800], 'wl2': [670], 'wl3': [550], 'mask_percentile': [50, 75], 'mask_side': 'outside'}

Response variable: biomass_kgha
Number of observations: 407

Feature set: derivative_1

Writing mean spectra to a ``pandas.DataFrame``.
Number of input datacubes/spectra: 835
Using up to 9 selected features

Length of logspace_list: 300
Number of chunks: 16
Average length of each chunk: 18.8
Number of cores: 8

Hyperparameter tuning...

Number of features: 4
Number of features: 6
Number of features: 9
Number of features: 7
Number of features: 5
Number of features: 2
Number of features: 5
Number of features: 4
Number of features: 1
Number of features: 8
Number of features: 7
Number of features: 3
las_alpha
pls_n_components
pls_scale
Skipping past idx_grix 0...
Skipping past idx_grix 1...
Skipping past idx_grix 2...
Skipping past idx_grix 3...
Skipping past idx_grix 4...
Skipping past idx_grix 5...
Skipping past idx_grix 6...
Skipping past idx_grix 7...
Skipping past idx_grix 8...
Skipping past idx_grix 9...
Skipping past idx_grix 10...
Skipping past idx_grix 11...
Skipping past idx_grix 12...
Skipping past idx_grix 13...
Skipping past idx_grix 14...

Processing scenario ID: 15
Panels type: ref_closest_panel
Crop type: crop_plot
Clip type: nan
Smooth type: nan
Bin type: {'method': 'spectral_mimic', 'sensor': 'sentinel-2a'}
Segment type: {'method': 'mcari2', 'wl1': [800], 'wl2': [670], 'wl3': [550], 'mask_percentile': [50, 75], 'mask_side': 'outside'}

Response variable: nup_kgha
Number of observations: 407

Feature set: derivative_1

Writing mean spectra to a ``pandas.DataFrame``.
Number of input datacubes/spectra: 835
alpha: 0.00095
Features selected: 7
Iterations without progress: 0

alpha: 0.0009025
Features selected: 7
Iterations without progress: 1

alpha: 0.000857375
Features selected: 7
Iterations without progress: 2

Old "step_pct": 0.05
New "step_pct": 0.01
alpha: 0.0008488012499999999
Features selected: 8
Iterations without progress: 0

alpha: 0.0008403132374999999
Features selected: 8
Iterations without progress: 1

alpha: 0.0008319101051249999
Features selected: 8
Iterations without progress: 2

alpha: 0.00082359100407375
Features selected: 8
Iterations without progress: 3

alpha: 0.0008153550940330124
Features selected: 8
Iterations without progress: 4

alpha: 0.0008072015430926823
Features selected: 8
Iterations without progress: 5

Leaving while loop before finding the alpha value that achieves selection of 9 feature(s) (minimum alpha value to use).

Using up to 8 selected features

Length of logspace_list: 300
Number of chunks: 16
Average length of each chunk: 18.8
Number of cores: 8

Hyperparameter tuning...

Number of features: 2
Number of features: 3
Number of features: 1
Number of features: 7
Number of features: 5
Number of features: 4
Number of features: 5
Number of features: 8
Number of features: 6
Number of features: 6
Number of features: 5
Number of features: 6
las_alpha
pls_n_components
pls_scale
Skipping past idx_grix 0...
Skipping past idx_grix 1...
Skipping past idx_grix 2...
Skipping past idx_grix 3...
Skipping past idx_grix 4...
Skipping past idx_grix 5...
Skipping past idx_grix 6...
Skipping past idx_grix 7...
Skipping past idx_grix 8...
Skipping past idx_grix 9...
Skipping past idx_grix 10...
Skipping past idx_grix 11...
Skipping past idx_grix 12...
Skipping past idx_grix 13...
Skipping past idx_grix 14...

Processing scenario ID: 15
Panels type: ref_closest_panel
Crop type: crop_plot
Clip type: nan
Smooth type: nan
Bin type: {'method': 'spectral_mimic', 'sensor': 'sentinel-2a'}
Segment type: {'method': 'mcari2', 'wl1': [800], 'wl2': [670], 'wl3': [550], 'mask_percentile': [50, 75], 'mask_side': 'outside'}

Response variable: tissue_n_pct
Number of observations: 408

Feature set: derivative_1

Writing mean spectra to a ``pandas.DataFrame``.
Number of input datacubes/spectra: 835
Old "step_pct": 0.05
New "step_pct": 0.5
alpha: 0.0005
Features selected: 3
Iterations without progress: 0

alpha: 0.00025
Features selected: 4
Iterations without progress: 0

alpha: 0.000125
Features selected: 5
Iterations without progress: 0

alpha: 6.25e-05
Features selected: 6
Iterations without progress: 0

alpha: 3.125e-05
Features selected: 5
Iterations without progress: 0

Old "step_pct": 0.5
New "step_pct": 0.1
alpha: 2.8125000000000003e-05
Features selected: 8
Iterations without progress: 0

alpha: 2.5312500000000002e-05
Features selected: 8
Iterations without progress: 1

alpha: 2.278125e-05
Features selected: 8
Iterations without progress: 2

alpha: 2.0503125000000002e-05
Features selected: 8
Iterations without progress: 3

alpha: 1.84528125e-05
Features selected: 8
Iterations without progress: 4

alpha: 1.660753125e-05
Features selected: 8
Iterations without progress: 5

Leaving while loop before finding the alpha value that achieves selection of 9 feature(s) (minimum alpha value to use).

Using up to 8 selected features

Length of logspace_list: 300
Number of chunks: 16
Average length of each chunk: 18.8
Number of cores: 8

Hyperparameter tuning...

Number of features: 6
Number of features: 4
Number of features: 4
Number of features: 7
Number of features: 4
Number of features: 2
Number of features: 4
Number of features: 5
Number of features: 3
Number of features: 2
Number of features: 3
Number of features: 3
Number of features: 8
Number of features: 4
Number of features: 3
Number of features: 6
Number of features: 3
Number of features: 1
Number of features: 3
Number of features: 3
Number of features: 2
Number of features: 2
Number of features: 5
las_alpha
pls_n_components
pls_scale
Skipping past idx_grix 0...
Skipping past idx_grix 1...
Skipping past idx_grix 2...
Skipping past idx_grix 3...
Skipping past idx_grix 4...
Skipping past idx_grix 5...
Skipping past idx_grix 6...
Skipping past idx_grix 7...
Skipping past idx_grix 8...
Skipping past idx_grix 9...
Skipping past idx_grix 10...
Skipping past idx_grix 11...
Skipping past idx_grix 12...
Skipping past idx_grix 13...
Skipping past idx_grix 14...

Processing scenario ID: 15
Panels type: ref_closest_panel
Crop type: crop_plot
Clip type: nan
Smooth type: nan
Bin type: {'method': 'spectral_mimic', 'sensor': 'sentinel-2a'}
Segment type: {'method': 'mcari2', 'wl1': [800], 'wl2': [670], 'wl3': [550], 'mask_percentile': [50, 75], 'mask_side': 'outside'}

Response variable: biomass_kgha
Number of observations: 407

Feature set: derivative_2

Writing mean spectra to a ``pandas.DataFrame``.
Number of input datacubes/spectra: 835
Using up to 9 selected features

Length of logspace_list: 300
Number of chunks: 16
Average length of each chunk: 18.8
Number of cores: 8

Hyperparameter tuning...

Number of features: 5
Number of features: 3
Number of features: 4
Number of features: 6
Number of features: 5
Number of features: 4
Number of features: 3
Number of features: 0
Number of features: 6
Number of features: 6
Number of features: 7
Number of features: 2
Number of features: 2
Number of features: 1
Number of features: 3
Number of features: 5
Number of features: 8
Number of features: 4
Number of features: 5
las_alpha
pls_n_components
pls_scale
Skipping past idx_grix 0...
Skipping past idx_grix 1...
Skipping past idx_grix 2...
Skipping past idx_grix 3...
Skipping past idx_grix 4...
Skipping past idx_grix 5...
Skipping past idx_grix 6...
Skipping past idx_grix 7...
Skipping past idx_grix 8...
Skipping past idx_grix 9...
Skipping past idx_grix 10...
Skipping past idx_grix 11...
Skipping past idx_grix 12...
Skipping past idx_grix 13...
Skipping past idx_grix 14...

Processing scenario ID: 15
Panels type: ref_closest_panel
Crop type: crop_plot
Clip type: nan
Smooth type: nan
Bin type: {'method': 'spectral_mimic', 'sensor': 'sentinel-2a'}
Segment type: {'method': 'mcari2', 'wl1': [800], 'wl2': [670], 'wl3': [550], 'mask_percentile': [50, 75], 'mask_side': 'outside'}

Response variable: nup_kgha
Number of observations: 407

Feature set: derivative_2

Writing mean spectra to a ``pandas.DataFrame``.
Number of input datacubes/spectra: 835
Old "step_pct": 0.05
New "step_pct": 0.5
alpha: 0.0005
Features selected: 4
Iterations without progress: 0

alpha: 0.00025
Features selected: 4
Iterations without progress: 1

alpha: 0.000125
Features selected: 5
Iterations without progress: 0

alpha: 6.25e-05
Features selected: 5
Iterations without progress: 1

alpha: 3.125e-05
Features selected: 6
Iterations without progress: 0

alpha: 1.5625e-05
Features selected: 6
Iterations without progress: 1

alpha: 7.8125e-06
Features selected: 7
Iterations without progress: 0

alpha: 1.484375e-05
Features selected: 9
Iterations without progress: 0

Using up to 9 selected features

Length of logspace_list: 300
Number of chunks: 16
Average length of each chunk: 18.8
Number of cores: 8

Hyperparameter tuning...

Number of features: 4
Number of features: 6
Number of features: 2
Number of features: 7
Number of features: 3
Number of features: 5
Number of features: 3
Number of features: 5
Number of features: 6
Number of features: 5
Number of features: 3
Number of features: 3
Number of features: 2
Number of features: 4
Number of features: 1
Number of features: 4
Number of features: 4
Number of features: 6
Number of features: 5
las_alpha
pls_n_components
pls_scale
Skipping past idx_grix 0...
Skipping past idx_grix 1...
Skipping past idx_grix 2...
Skipping past idx_grix 3...
Skipping past idx_grix 4...
Skipping past idx_grix 5...
Skipping past idx_grix 6...
Skipping past idx_grix 7...
Skipping past idx_grix 8...
Skipping past idx_grix 9...
Skipping past idx_grix 10...
Skipping past idx_grix 11...
Skipping past idx_grix 12...
Skipping past idx_grix 13...
Skipping past idx_grix 14...

Processing scenario ID: 15
Panels type: ref_closest_panel
Crop type: crop_plot
Clip type: nan
Smooth type: nan
Bin type: {'method': 'spectral_mimic', 'sensor': 'sentinel-2a'}
Segment type: {'method': 'mcari2', 'wl1': [800], 'wl2': [670], 'wl3': [550], 'mask_percentile': [50, 75], 'mask_side': 'outside'}

Response variable: tissue_n_pct
Number of observations: 408

Feature set: derivative_2

Writing mean spectra to a ``pandas.DataFrame``.
Number of input datacubes/spectra: 835
Old "step_pct": 0.05
New "step_pct": 0.5
alpha: 0.0005
Features selected: 1
Iterations without progress: 0

alpha: 0.00025
Features selected: 2
Iterations without progress: 0

alpha: 0.000125
Features selected: 2
Iterations without progress: 1

alpha: 6.25e-05
Features selected: 2
Iterations without progress: 2

alpha: 3.125e-05
Features selected: 3
Iterations without progress: 0

alpha: 1.5625e-05
Features selected: 3
Iterations without progress: 1

alpha: 7.8125e-06
Features selected: 4
Iterations without progress: 0

alpha: 3.90625e-06
Features selected: 5
Iterations without progress: 0

alpha: 1.953125e-06
Features selected: 4
Iterations without progress: 0

alpha: 9.765625e-07
Features selected: 5
Iterations without progress: 0

Old "step_pct": 0.5
New "step_pct": 0.1
alpha: 8.789062500000001e-07
Features selected: 7
Iterations without progress: 0

alpha: 7.910156250000001e-07
Features selected: 7
Iterations without progress: 1

alpha: 7.119140625e-07
Features selected: 7
Iterations without progress: 2

alpha: 6.407226562500001e-07
Features selected: 7
Iterations without progress: 3

Old "step_pct": 0.1
New "step_pct": 0.02
alpha: 6.279082031250001e-07
Features selected: 8
Iterations without progress: 0

alpha: 6.153500390625001e-07
Features selected: 8
Iterations without progress: 1

alpha: 6.030430382812501e-07
Features selected: 8
Iterations without progress: 2

alpha: 5.909821775156251e-07
Features selected: 8
Iterations without progress: 3

alpha: 5.791625339653127e-07
Features selected: 8
Iterations without progress: 4

alpha: 5.675792832860064e-07
Features selected: 8
Iterations without progress: 5

Leaving while loop before finding the alpha value that achieves selection of 9 feature(s) (minimum alpha value to use).

Using up to 8 selected features

Length of logspace_list: 300
Number of chunks: 16
Average length of each chunk: 18.8
Number of cores: 8

Hyperparameter tuning...

Number of features: 4
Number of features: 0
Number of features: 1
Number of features: 2
Number of features: 2
Number of features: 3
Number of features: 5
Number of features: 8
Number of features: 6
Number of features: 7
Number of features: 4
las_alpha
pls_n_components
pls_scale

Processing scenario ID: 15
Panels type: ref_closest_panel
Crop type: crop_plot
Clip type: nan
Smooth type: nan
Bin type: {'method': 'spectral_mimic', 'sensor': 'sentinel-2a'}
Segment type: {'method': 'mcari2', 'wl1': [800], 'wl2': [670], 'wl3': [550], 'mask_percentile': [50, 75], 'mask_side': 'outside'}
GLOBUS TRANSFER task_id: 8c1568c2-27dd-11eb-8fbe-0a34088e79f9
Waiting for transfer 8c1568c2-27dd-11eb-8fbe-0a34088e79f9 to complete...
Transfer 8c1568c2-27dd-11eb-8fbe-0a34088e79f9 has not yet finished; transfer submitted 1 minute(s) ago
Transfer 8c1568c2-27dd-11eb-8fbe-0a34088e79f9 has not yet finished; transfer submitted 2 minute(s) ago
Transfer 8c1568c2-27dd-11eb-8fbe-0a34088e79f9 has not yet finished; transfer submitted 3 minute(s) ago
Transfer 8c1568c2-27dd-11eb-8fbe-0a34088e79f9 has not yet finished; transfer submitted 4 minute(s) ago
DONE.
GLOBUS DELETE task_id: 2f6a45b0-27de-11eb-8fbe-0a34088e79f9

Processing scenario ID: 16
Panels type: ref_closest_panel
Crop type: crop_plot
Clip type: nan
Smooth type: nan
Bin type: {'method': 'spectral_mimic', 'sensor': 'sentinel-2a'}
Segment type: {'method': 'mcari2', 'wl1': [800], 'wl2': [670], 'wl3': [550], 'mask_percentile': [75, 95], 'mask_side': 'outside'}
GLOBUS TRANSFER task_id: 316c4d7c-27de-11eb-b162-0ee0d5d9299f
Waiting for transfer 316c4d7c-27de-11eb-b162-0ee0d5d9299f to complete...
Transfer 316c4d7c-27de-11eb-b162-0ee0d5d9299f has not yet finished; transfer submitted 1 minute(s) ago
Transfer 316c4d7c-27de-11eb-b162-0ee0d5d9299f has not yet finished; transfer submitted 2 minute(s) ago
Transfer 316c4d7c-27de-11eb-b162-0ee0d5d9299f has not yet finished; transfer submitted 3 minute(s) ago
Transfer 316c4d7c-27de-11eb-b162-0ee0d5d9299f has not yet finished; transfer submitted 4 minute(s) ago
Transfer 316c4d7c-27de-11eb-b162-0ee0d5d9299f has not yet finished; transfer submitted 5 minute(s) ago
Transfer 316c4d7c-27de-11eb-b162-0ee0d5d9299f has not yet finished; transfer submitted 6 minute(s) ago
DONE.
GLOBUS DELETE task_id: 119f0650-27df-11eb-b162-0ee0d5d9299f

Processing scenario ID: 17
Panels type: ref_closest_panel
Crop type: crop_plot
Clip type: nan
Smooth type: nan
Bin type: {'method': 'spectral_mimic', 'sensor': 'sentinel-2a'}
Segment type: {'method': ['mcari2', [545, 565]], 'wl1': [[800], [None]], 'wl2': [[670], [None]], 'wl3': [[550], [None]], 'mask_percentile': [90, 75], 'mask_side': ['lower', 'lower']}
GLOBUS TRANSFER task_id: 17399ed6-27df-11eb-b539-02d9497ca481
Waiting for transfer 17399ed6-27df-11eb-b539-02d9497ca481 to complete...
Transfer 17399ed6-27df-11eb-b539-02d9497ca481 has not yet finished; transfer submitted 1 minute(s) ago
Transfer 17399ed6-27df-11eb-b539-02d9497ca481 has not yet finished; transfer submitted 2 minute(s) ago
Transfer 17399ed6-27df-11eb-b539-02d9497ca481 has not yet finished; transfer submitted 3 minute(s) ago
Transfer 17399ed6-27df-11eb-b539-02d9497ca481 has not yet finished; transfer submitted 4 minute(s) ago
Transfer 17399ed6-27df-11eb-b539-02d9497ca481 has not yet finished; transfer submitted 5 minute(s) ago
DONE.
GLOBUS DELETE task_id: eaba8982-27df-11eb-b539-02d9497ca481

Processing scenario ID: 18
Panels type: ref_closest_panel
Crop type: crop_plot
Clip type: nan
Smooth type: nan
Bin type: {'method': 'spectral_resample', 'bandwidth': 20}
Segment type: nan
GLOBUS TRANSFER task_id: ecdde31c-27df-11eb-b539-02d9497ca481
Waiting for transfer ecdde31c-27df-11eb-b539-02d9497ca481 to complete...
Transfer ecdde31c-27df-11eb-b539-02d9497ca481 has not yet finished; transfer submitted 1 minute(s) ago
Transfer ecdde31c-27df-11eb-b539-02d9497ca481 has not yet finished; transfer submitted 2 minute(s) ago
Transfer ecdde31c-27df-11eb-b539-02d9497ca481 has not yet finished; transfer submitted 3 minute(s) ago
Transfer ecdde31c-27df-11eb-b539-02d9497ca481 has not yet finished; transfer submitted 4 minute(s) ago
DONE.
GLOBUS DELETE task_id: 9c670ce6-27e0-11eb-b539-02d9497ca481

Processing scenario ID: 19
Panels type: ref_closest_panel
Crop type: crop_plot
Clip type: nan
Smooth type: nan
Bin type: {'method': 'spectral_resample', 'bandwidth': 20}
Segment type: {'method': 'ndi', 'wl1': [770, 800], 'wl2': [650, 680], 'mask_percentile': 50, 'mask_side': 'lower'}
GLOBUS TRANSFER task_id: 9e4f6e86-27e0-11eb-b539-02d9497ca481
Waiting for transfer 9e4f6e86-27e0-11eb-b539-02d9497ca481 to complete...
Transfer 9e4f6e86-27e0-11eb-b539-02d9497ca481 has not yet finished; transfer submitted 1 minute(s) ago
Transfer 9e4f6e86-27e0-11eb-b539-02d9497ca481 has not yet finished; transfer submitted 2 minute(s) ago
Transfer 9e4f6e86-27e0-11eb-b539-02d9497ca481 has not yet finished; transfer submitted 3 minute(s) ago
Transfer 9e4f6e86-27e0-11eb-b539-02d9497ca481 has not yet finished; transfer submitted 4 minute(s) ago
Transfer 9e4f6e86-27e0-11eb-b539-02d9497ca481 has not yet finished; transfer submitted 5 minute(s) ago
DONE.
GLOBUS DELETE task_id: 5fd3ea96-27e1-11eb-b539-02d9497ca481
