
Processing scenario ID: 0
Panels type: ref_closest_panel
Crop type: crop_plot
Clip type: nan
Smooth type: nan
Bin type: nan
Segment type: nan

Response variable: biomass_kgha
Number of observations: 407

Feature set: reflectance

Writing mean spectra to a ``pandas.DataFrame``.
Number of input datacubes/spectra: 835
Old "step_pct": 0.05
New "step_pct": 0.5
alpha: 50.0
Features selected: 8
Iterations without progress: 0

alpha: 25.0
Features selected: 9
Iterations without progress: 0

alpha: 12.5
Features selected: 17
Iterations without progress: 0

alpha: 6.25
Features selected: 20
Iterations without progress: 0

alpha: 11.875
Features selected: 31
Iterations without progress: 0

alpha: 11.28125
Features selected: 21
Iterations without progress: 0

alpha: 10.7171875
Features selected: 24
Iterations without progress: 0

Old "step_pct": 0.05
New "step_pct": 0.01
alpha: 10.610015624999999
Features selected: 28
Iterations without progress: 0

alpha: 10.50391546875
Features selected: 28
Iterations without progress: 1

alpha: 10.3988763140625
Features selected: 27
Iterations without progress: 0

alpha: 10.294887550921874
Features selected: 27
Iterations without progress: 1

alpha: 10.191938675412656
Features selected: 27
Iterations without progress: 2

alpha: 10.09001928865853
Features selected: 27
Iterations without progress: 3

alpha: 9.989119095771944
Features selected: 27
Iterations without progress: 4

alpha: 9.889227904814224
Features selected: 28
Iterations without progress: 0

alpha: 9.790335625766081
Features selected: 28
Iterations without progress: 1

alpha: 9.692432269508421
Features selected: 28
Iterations without progress: 2

alpha: 9.595507946813337
Features selected: 28
Iterations without progress: 3

alpha: 9.499552867345203
Features selected: 28
Iterations without progress: 4

alpha: 9.40455733867175
Features selected: 28
Iterations without progress: 5

Leaving while loop before finding the alpha value that achieves selection of 30 feature(s) (minimum alpha value to use).

Using up to 28 selected features

Length of logspace_list: 300
Number of chunks: 16
Average length of each chunk: 18.8
Number of cores: 8

Hyperparameter tuning...

Number of features: 11
Number of features: 9
Number of features: 27
Number of features: 1
Number of features: 8
Number of features: 14
Number of features: 9
Number of features: 17
Number of features: 8
Number of features: 5
Number of features: 2
Number of features: 5
Number of features: 9
Number of features: 22
Number of features: 10
Number of features: 7
Number of features: 19
Number of features: 21
Number of features: 6
Number of features: 25
Number of features: 20
Number of features: 21
Number of features: 4
Number of features: 14
Number of features: 10
Number of features: 8
Number of features: 18
Number of features: 19
Number of features: 20
Number of features: 28
Number of features: 24
Number of features: 16
Number of features: 15
Number of features: 10
Number of features: 12
Number of features: 15
Number of features: 5
Number of features: 9
Number of features: 3
Number of features: 4
Number of features: 6
Number of features: 20
Number of features: 7
Number of features: 28
las_alpha
pls_n_components
pls_scale

Processing scenario ID: 0
Panels type: ref_closest_panel
Crop type: crop_plot
Clip type: nan
Smooth type: nan
Bin type: nan
Segment type: nan

Response variable: nup_kgha
Number of observations: 407

Feature set: reflectance

Writing mean spectra to a ``pandas.DataFrame``.
Number of input datacubes/spectra: 835
Old "step_pct": 0.05
New "step_pct": 0.5
alpha: 5.0
Features selected: 5
Iterations without progress: 0

alpha: 2.5
Features selected: 7
Iterations without progress: 0

alpha: 1.25
Features selected: 7
Iterations without progress: 1

alpha: 0.625
Features selected: 12
Iterations without progress: 0

alpha: 0.3125
Features selected: 14
Iterations without progress: 0

Old "step_pct": 0.5
New "step_pct": 0.1
alpha: 0.28125
Features selected: 21
Iterations without progress: 0

alpha: 0.253125
Features selected: 21
Iterations without progress: 1

alpha: 0.2278125
Features selected: 22
Iterations without progress: 0

alpha: 0.20503125
Features selected: 22
Iterations without progress: 1

alpha: 0.18452812500000002
Features selected: 23
Iterations without progress: 0

alpha: 0.16607531250000002
Features selected: 25
Iterations without progress: 0

alpha: 0.14946778125000001
Features selected: 26
Iterations without progress: 0

alpha: 0.16441455937500002
Features selected: 31
Iterations without progress: 0

alpha: 0.16277041378125
Features selected: 26
Iterations without progress: 0

alpha: 0.16114270964343752
Features selected: 27
Iterations without progress: 0

alpha: 0.15953128254700313
Features selected: 28
Iterations without progress: 0

alpha: 0.1579359697215331
Features selected: 28
Iterations without progress: 1

alpha: 0.15635661002431775
Features selected: 28
Iterations without progress: 2

alpha: 0.15479304392407456
Features selected: 28
Iterations without progress: 3

alpha: 0.15620025341429344
Features selected: 30
Iterations without progress: 0

Using up to 30 selected features

Length of logspace_list: 300
Number of chunks: 16
Average length of each chunk: 18.8
Number of cores: 8

Hyperparameter tuning...

Number of features: 16
Number of features: 13
Number of features: 13
Number of features: 6
Number of features: 7
Number of features: 14
Number of features: 14
Number of features: 5
Number of features: 16
Number of features: 15
Number of features: 17
Number of features: 21
Number of features: 5
Number of features: 22
Number of features: 16
Number of features: 9
Number of features: 5
Number of features: 8
Number of features: 15
Number of features: 9
Number of features: 10
Number of features: 15
Number of features: 18
Number of features: 3
Number of features: 22
Number of features: 18
Number of features: 4
Number of features: 14
Number of features: 13
Number of features: 2
Number of features: 17
Number of features: 19
Number of features: 12
Number of features: 23
Number of features: 14
Number of features: 8
Number of features: 1
Number of features: 20
Number of features: 17
Number of features: 26
Number of features: 24
Number of features: 16
Number of features: 9
Number of features: 19
Number of features: 18
Number of features: 6
Number of features: 28
Number of features: 10
Number of features: 19
Number of features: 6
Number of features: 7
Number of features: 11
Number of features: 23
Number of features: 25
Number of features: 21
las_alpha
pls_n_components
pls_scale

Processing scenario ID: 0
Panels type: ref_closest_panel
Crop type: crop_plot
Clip type: nan
Smooth type: nan
Bin type: nan
Segment type: nan

Response variable: tissue_n_pct
Number of observations: 408

Feature set: reflectance

Writing mean spectra to a ``pandas.DataFrame``.
Number of input datacubes/spectra: 835
Old "step_pct": 0.05
New "step_pct": 0.5
alpha: 0.05
Features selected: 7
Iterations without progress: 0

alpha: 0.025
Features selected: 8
Iterations without progress: 0

alpha: 0.0125
Features selected: 15
Iterations without progress: 0

alpha: 0.00625
Features selected: 20
Iterations without progress: 0

Old "step_pct": 0.5
New "step_pct": 0.1
alpha: 0.005625000000000001
Features selected: 29
Iterations without progress: 0

alpha: 0.0061875
Features selected: 30
Iterations without progress: 0

Using up to 30 selected features

Length of logspace_list: 300
Number of chunks: 16
Average length of each chunk: 18.8
Number of cores: 8

Hyperparameter tuning...

Number of features: 4
Number of features: 25
Number of features: 26
Number of features: 7
Number of features: 0
Number of features: 22
Number of features: 9
Number of features: 16
Number of features: 8
Number of features: 6
Number of features: 7
Number of features: 23
Number of features: 7
Number of features: 17
Number of features: 7
Number of features: 15
Number of features: 19
Number of features: 27
Number of features: 10
Number of features: 26
Number of features: 6
Number of features: 26
Number of features: 13
Number of features: 11
Number of features: 8
Number of features: 14
Number of features: 2
Number of features: 5
Number of features: 6
Number of features: 1
Number of features: 28
Number of features: 14
Number of features: 12
Number of features: 24
Number of features: 18
Number of features: 25
Number of features: 5
Number of features: 6
Number of features: 20
Number of features: 28
Number of features: 5
Number of features: 6
Number of features: 3
Number of features: 27
Number of features: 7
Number of features: 8
Number of features: 6
Number of features: 5
Number of features: 5
Number of features: 29
las_alpha
pls_n_components
pls_scale

Processing scenario ID: 0
Panels type: ref_closest_panel
Crop type: crop_plot
Clip type: nan
Smooth type: nan
Bin type: nan
Segment type: nan

Response variable: biomass_kgha
Number of observations: 407

Feature set: derivative_1

Writing mean spectra to a ``pandas.DataFrame``.
Number of input datacubes/spectra: 835
Old "step_pct": 0.05
New "step_pct": 0.5
alpha: 50.0
Features selected: 5
Iterations without progress: 0

alpha: 25.0
Features selected: 7
Iterations without progress: 0

alpha: 12.5
Features selected: 11
Iterations without progress: 0

alpha: 6.25
Features selected: 15
Iterations without progress: 0

alpha: 3.125
Features selected: 20
Iterations without progress: 0

Old "step_pct": 0.5
New "step_pct": 0.1
alpha: 2.8125
Features selected: 25
Iterations without progress: 0

alpha: 2.53125
Features selected: 26
Iterations without progress: 0

alpha: 2.278125
Features selected: 27
Iterations without progress: 0

Old "step_pct": 0.1
New "step_pct": 0.05
alpha: 2.16421875
Features selected: 29
Iterations without progress: 0

alpha: 2.266734375
Features selected: 30
Iterations without progress: 0

Using up to 30 selected features

Length of logspace_list: 300
Number of chunks: 16
Average length of each chunk: 18.8
Number of cores: 8

Hyperparameter tuning...

Number of features: 20
Number of features: 5
Number of features: 7
Number of features: 11
Number of features: 25
Number of features: 30
Number of features: 18
Number of features: 15
Number of features: 5
Number of features: 14
Number of features: 5
Number of features: 11
Number of features: 23
Number of features: 21
Number of features: 4
Number of features: 17
Number of features: 29
Number of features: 6
Number of features: 23
Number of features: 12
Number of features: 10
Number of features: 24
Number of features: 9
Number of features: 28
Number of features: 18
Number of features: 25
Number of features: 3
Number of features: 8
Number of features: 14
Number of features: 13
Number of features: 6
Number of features: 21
Number of features: 27
Number of features: 27
Number of features: 2
Number of features: 26
Number of features: 19
Number of features: 1
Number of features: 24
Number of features: 13
Number of features: 16
Number of features: 22
las_alpha
pls_n_components
pls_scale

Processing scenario ID: 0
Panels type: ref_closest_panel
Crop type: crop_plot
Clip type: nan
Smooth type: nan
Bin type: nan
Segment type: nan

Response variable: nup_kgha
Number of observations: 407

Feature set: derivative_1

Writing mean spectra to a ``pandas.DataFrame``.
Number of input datacubes/spectra: 835
Old "step_pct": 0.05
New "step_pct": 0.5
alpha: 0.5
Features selected: 9
Iterations without progress: 0

alpha: 0.25
Features selected: 10
Iterations without progress: 0

alpha: 0.125
Features selected: 14
Iterations without progress: 0

Old "step_pct": 0.5
New "step_pct": 0.1
alpha: 0.1125
Features selected: 22
Iterations without progress: 0

alpha: 0.10125
Features selected: 22
Iterations without progress: 1

alpha: 0.09112500000000001
Features selected: 22
Iterations without progress: 2

alpha: 0.08201250000000002
Features selected: 24
Iterations without progress: 0

alpha: 0.07381125000000002
Features selected: 24
Iterations without progress: 1

alpha: 0.06643012500000002
Features selected: 26
Iterations without progress: 0

alpha: 0.05978711250000002
Features selected: 27
Iterations without progress: 0

Old "step_pct": 0.1
New "step_pct": 0.05
alpha: 0.056797756875000015
Features selected: 29
Iterations without progress: 0

alpha: 0.05948817693750002
Features selected: 31
Iterations without progress: 0

alpha: 0.05919073605281252
Features selected: 29
Iterations without progress: 0

alpha: 0.05889478237254846
Features selected: 29
Iterations without progress: 1

alpha: 0.058600308460685716
Features selected: 29
Iterations without progress: 2

alpha: 0.05830730691838229
Features selected: 29
Iterations without progress: 3

alpha: 0.058015770383790376
Features selected: 29
Iterations without progress: 4

alpha: 0.057725691531871424
Features selected: 29
Iterations without progress: 5

alpha: 0.057986762498598486
Features selected: 30
Iterations without progress: 0

Using up to 30 selected features

Length of logspace_list: 300
Number of chunks: 16
Average length of each chunk: 18.8
Number of cores: 8

Hyperparameter tuning...

Number of features: 26
Number of features: 27
Number of features: 8
Number of features: 10
Number of features: 5
Number of features: 2
Number of features: 22
Number of features: 12
Number of features: 27
Number of features: 16
Number of features: 1
Number of features: 7
Number of features: 6
Number of features: 18
Number of features: 7
Number of features: 23
Number of features: 3
Number of features: 24
Number of features: 28
Number of features: 21
Number of features: 15
Number of features: 8
Number of features: 4
Number of features: 22
Number of features: 17
Number of features: 9
Number of features: 5
Number of features: 8
Number of features: 20
Number of features: 29
Number of features: 26
Number of features: 17
Number of features: 6
Number of features: 11
Number of features: 8
Number of features: 12
Number of features: 7
Number of features: 9
Number of features: 14
Number of features: 25
Number of features: 11
Number of features: 22
Number of features: 13
Number of features: 23
las_alpha
pls_n_components
pls_scale

Processing scenario ID: 0
Panels type: ref_closest_panel
Crop type: crop_plot
Clip type: nan
Smooth type: nan
Bin type: nan
Segment type: nan

Response variable: tissue_n_pct
Number of observations: 408

Feature set: derivative_1

Writing mean spectra to a ``pandas.DataFrame``.
Number of input datacubes/spectra: 835
Old "step_pct": 0.05
New "step_pct": 0.5
alpha: 0.05
Features selected: 2
Iterations without progress: 0

alpha: 0.025
Features selected: 3
Iterations without progress: 0

alpha: 0.0125
Features selected: 4
Iterations without progress: 0

alpha: 0.00625
Features selected: 7
Iterations without progress: 0

alpha: 0.003125
Features selected: 15
Iterations without progress: 0

Old "step_pct": 0.5
New "step_pct": 0.1
alpha: 0.0028125000000000003
Features selected: 25
Iterations without progress: 0

alpha: 0.0025312500000000005
Features selected: 27
Iterations without progress: 0

alpha: 0.0027843750000000004
Features selected: 30
Iterations without progress: 0

Using up to 30 selected features

Length of logspace_list: 300
Number of chunks: 16
Average length of each chunk: 18.8
Number of cores: 8

Hyperparameter tuning...

Number of features: 16
Number of features: 19
Number of features: 4
Number of features: 26
Number of features: 1
Number of features: 3
Number of features: 15
Number of features: 2
Number of features: 26
Number of features: 23
Number of features: 6
Number of features: 12
Number of features: 13
Number of features: 10
Number of features: 5
Number of features: 23
Number of features: 22
Number of features: 24
Number of features: 3
Number of features: 23
Number of features: 24
Number of features: 26
Number of features: 25
Number of features: 4
Number of features: 7
Number of features: 24
Number of features: 11
Number of features: 9
Number of features: 25
Number of features: 21
Number of features: 18
Number of features: 17
Number of features: 27
Number of features: 8
Number of features: 22
Number of features: 14
Number of features: 20
Number of features: 28
Number of features: 22
Number of features: 17
las_alpha
pls_n_components
pls_scale

Processing scenario ID: 0
Panels type: ref_closest_panel
Crop type: crop_plot
Clip type: nan
Smooth type: nan
Bin type: nan
Segment type: nan

Response variable: biomass_kgha
Number of observations: 407

Feature set: derivative_2

Writing mean spectra to a ``pandas.DataFrame``.
Number of input datacubes/spectra: 835
Old "step_pct": 0.05
New "step_pct": 0.5
alpha: 50.0
Features selected: 3
Iterations without progress: 0

alpha: 25.0
Features selected: 8
Iterations without progress: 0

alpha: 12.5
Features selected: 10
Iterations without progress: 0

alpha: 6.25
Features selected: 17
Iterations without progress: 0

Old "step_pct": 0.5
New "step_pct": 0.1
alpha: 5.625
Features selected: 28
Iterations without progress: 0

alpha: 6.1875
Features selected: 30
Iterations without progress: 0

Using up to 30 selected features

Length of logspace_list: 300
Number of chunks: 16
Average length of each chunk: 18.8
Number of cores: 8

Hyperparameter tuning...

Number of features: 9
Number of features: 17
Number of features: 13
Number of features: 10
Number of features: 27
Number of features: 5
Number of features: 18
Number of features: 22
Number of features: 3
Number of features: 26
Number of features: 8
Number of features: 20
Number of features: 25
Number of features: 21
Number of features: 14
Number of features: 15
Number of features: 24
Number of features: 12
Number of features: 1
Number of features: 28
Number of features: 4
Number of features: 2
Number of features: 11
Number of features: 7
Number of features: 19
Number of features: 6
Number of features: 16
las_alpha
pls_n_components
pls_scale

Processing scenario ID: 0
Panels type: ref_closest_panel
Crop type: crop_plot
Clip type: nan
Smooth type: nan
Bin type: nan
Segment type: nan

Response variable: nup_kgha
Number of observations: 407

Feature set: derivative_2

Writing mean spectra to a ``pandas.DataFrame``.
Number of input datacubes/spectra: 835
Old "step_pct": 0.05
New "step_pct": 0.5
alpha: 5.0
Features selected: 1
Iterations without progress: 0

alpha: 2.5
Features selected: 1
Iterations without progress: 1

alpha: 1.25
Features selected: 2
Iterations without progress: 0

alpha: 0.625
Features selected: 9
Iterations without progress: 0

alpha: 0.3125
Features selected: 11
Iterations without progress: 0

alpha: 0.15625
Features selected: 15
Iterations without progress: 0

Old "step_pct": 0.5
New "step_pct": 0.1
alpha: 0.140625
Features selected: 26
Iterations without progress: 0

alpha: 0.1265625
Features selected: 27
Iterations without progress: 0

Old "step_pct": 0.1
New "step_pct": 0.05
alpha: 0.12023437499999999
Features selected: 29
Iterations without progress: 0

alpha: 0.1259296875
Features selected: 31
Iterations without progress: 0

alpha: 0.1253000390625
Features selected: 29
Iterations without progress: 0

alpha: 0.1246735388671875
Features selected: 29
Iterations without progress: 1

alpha: 0.12405017117285157
Features selected: 29
Iterations without progress: 2

alpha: 0.12461120209775392
Features selected: 30
Iterations without progress: 0

Using up to 30 selected features

Length of logspace_list: 300
Number of chunks: 16
Average length of each chunk: 18.8
Number of cores: 8

Hyperparameter tuning...

Number of features: 22
Number of features: 1
Number of features: 7
Number of features: 26
Number of features: 18
Number of features: 4
Number of features: 25
Number of features: 8
Number of features: 9
Number of features: 10
Number of features: 5
Number of features: 20
Number of features: 15
Number of features: 17
Number of features: 30
Number of features: 6
Number of features: 27
Number of features: 2
Number of features: 13
Number of features: 26
Number of features: 23
Number of features: 14
Number of features: 20
Number of features: 12
Number of features: 16
Number of features: 29
Number of features: 3
Number of features: 24
Number of features: 19
Number of features: 11
Number of features: 28
Number of features: 25
las_alpha
pls_n_components
pls_scale

Processing scenario ID: 0
Panels type: ref_closest_panel
Crop type: crop_plot
Clip type: nan
Smooth type: nan
Bin type: nan
Segment type: nan

Response variable: tissue_n_pct
Number of observations: 408

Feature set: derivative_2

Writing mean spectra to a ``pandas.DataFrame``.
Number of input datacubes/spectra: 835
Old "step_pct": 0.05
New "step_pct": 0.5
alpha: 0.05
Features selected: 1
Iterations without progress: 0

alpha: 0.025
Features selected: 1
Iterations without progress: 1

alpha: 0.0125
Features selected: 7
Iterations without progress: 0

alpha: 0.00625
Features selected: 12
Iterations without progress: 0

alpha: 0.003125
Features selected: 15
Iterations without progress: 0

Old "step_pct": 0.5
New "step_pct": 0.1
alpha: 0.0028125000000000003
Features selected: 24
Iterations without progress: 0

Old "step_pct": 0.1
New "step_pct": 0.05
alpha: 0.002671875
Features selected: 27
Iterations without progress: 0

alpha: 0.00253828125
Features selected: 28
Iterations without progress: 0

alpha: 0.0024113671875
Features selected: 28
Iterations without progress: 1

alpha: 0.002290798828125
Features selected: 28
Iterations without progress: 2

alpha: 0.0023993103515625
Features selected: 30
Iterations without progress: 0

Using up to 30 selected features

Length of logspace_list: 300
Number of chunks: 16
Average length of each chunk: 18.8
Number of cores: 8

Hyperparameter tuning...

Number of features: 21
Number of features: 1
Number of features: 22
Number of features: 9
Number of features: 14
Number of features: 27
Number of features: 28
Number of features: 13
Number of features: 3
Number of features: 23
Number of features: 22
Number of features: 13
Number of features: 19
Number of features: 25
Number of features: 20
Number of features: 15
Number of features: 6
Number of features: 12
Number of features: 7
Number of features: 24
Number of features: 12
Number of features: 23
Number of features: 26
Number of features: 24
Number of features: 23
Number of features: 24
Number of features: 5
Number of features: 8
Number of features: 14
Number of features: 11
Number of features: 29
Number of features: 13
Number of features: 16
Number of features: 21
Number of features: 13
Number of features: 29
Number of features: 21
Number of features: 12
Number of features: 4
Number of features: 22
Number of features: 20
Number of features: 22
Number of features: 17
Number of features: 24
Number of features: 25
Number of features: 19
Number of features: 15
Number of features: 18
Number of features: 10
las_alpha
pls_n_components
pls_scale

Processing scenario ID: 0
Panels type: ref_closest_panel
Crop type: crop_plot
Clip type: nan
Smooth type: nan
Bin type: nan
Segment type: nan
GLOBUS TRANSFER task_id: a8c8f806-27df-11eb-8fbe-0a34088e79f9
Waiting for transfer a8c8f806-27df-11eb-8fbe-0a34088e79f9 to complete...
Transfer a8c8f806-27df-11eb-8fbe-0a34088e79f9 has not yet finished; transfer submitted 1 minute(s) ago
Transfer a8c8f806-27df-11eb-8fbe-0a34088e79f9 has not yet finished; transfer submitted 2 minute(s) ago
Transfer a8c8f806-27df-11eb-8fbe-0a34088e79f9 has not yet finished; transfer submitted 3 minute(s) ago
Transfer a8c8f806-27df-11eb-8fbe-0a34088e79f9 has not yet finished; transfer submitted 4 minute(s) ago
DONE.
GLOBUS DELETE task_id: 5254988a-27e0-11eb-8fbe-0a34088e79f9

Processing scenario ID: 1
Panels type: ref_closest_panel
Crop type: crop_plot
Clip type: nan
Smooth type: nan
Bin type: nan
Segment type: {'method': 'ndi', 'wl1': [770, 800], 'wl2': [650, 680], 'mask_percentile': 50, 'mask_side': 'lower'}
GLOBUS TRANSFER task_id: 5450d112-27e0-11eb-8fbe-0a34088e79f9
Waiting for transfer 5450d112-27e0-11eb-8fbe-0a34088e79f9 to complete...
Transfer 5450d112-27e0-11eb-8fbe-0a34088e79f9 has not yet finished; transfer submitted 1 minute(s) ago
Transfer 5450d112-27e0-11eb-8fbe-0a34088e79f9 has not yet finished; transfer submitted 2 minute(s) ago
Transfer 5450d112-27e0-11eb-8fbe-0a34088e79f9 has not yet finished; transfer submitted 3 minute(s) ago
Transfer 5450d112-27e0-11eb-8fbe-0a34088e79f9 has not yet finished; transfer submitted 4 minute(s) ago
Transfer 5450d112-27e0-11eb-8fbe-0a34088e79f9 has not yet finished; transfer submitted 5 minute(s) ago
Transfer 5450d112-27e0-11eb-8fbe-0a34088e79f9 has not yet finished; transfer submitted 6 minute(s) ago
Transfer 5450d112-27e0-11eb-8fbe-0a34088e79f9 has not yet finished; transfer submitted 7 minute(s) ago
Transfer 5450d112-27e0-11eb-8fbe-0a34088e79f9 has not yet finished; transfer submitted 8 minute(s) ago
Transfer 5450d112-27e0-11eb-8fbe-0a34088e79f9 has not yet finished; transfer submitted 9 minute(s) ago
Transfer 5450d112-27e0-11eb-8fbe-0a34088e79f9 has not yet finished; transfer submitted 10 minute(s) ago
Transfer 5450d112-27e0-11eb-8fbe-0a34088e79f9 has not yet finished; transfer submitted 11 minute(s) ago
Transfer 5450d112-27e0-11eb-8fbe-0a34088e79f9 has not yet finished; transfer submitted 12 minute(s) ago
Transfer 5450d112-27e0-11eb-8fbe-0a34088e79f9 has not yet finished; transfer submitted 13 minute(s) ago
Transfer 5450d112-27e0-11eb-8fbe-0a34088e79f9 has not yet finished; transfer submitted 14 minute(s) ago
Transfer 5450d112-27e0-11eb-8fbe-0a34088e79f9 has not yet finished; transfer submitted 15 minute(s) ago
Transfer 5450d112-27e0-11eb-8fbe-0a34088e79f9 has not yet finished; transfer submitted 16 minute(s) ago
Transfer 5450d112-27e0-11eb-8fbe-0a34088e79f9 has not yet finished; transfer submitted 17 minute(s) ago
Transfer 5450d112-27e0-11eb-8fbe-0a34088e79f9 has not yet finished; transfer submitted 18 minute(s) ago
Transfer 5450d112-27e0-11eb-8fbe-0a34088e79f9 has not yet finished; transfer submitted 19 minute(s) ago
Transfer 5450d112-27e0-11eb-8fbe-0a34088e79f9 has not yet finished; transfer submitted 20 minute(s) ago
Transfer 5450d112-27e0-11eb-8fbe-0a34088e79f9 has not yet finished; transfer submitted 21 minute(s) ago
Transfer 5450d112-27e0-11eb-8fbe-0a34088e79f9 has not yet finished; transfer submitted 22 minute(s) ago
Transfer 5450d112-27e0-11eb-8fbe-0a34088e79f9 has not yet finished; transfer submitted 23 minute(s) ago
Transfer 5450d112-27e0-11eb-8fbe-0a34088e79f9 has not yet finished; transfer submitted 24 minute(s) ago
Transfer 5450d112-27e0-11eb-8fbe-0a34088e79f9 has not yet finished; transfer submitted 25 minute(s) ago
Transfer 5450d112-27e0-11eb-8fbe-0a34088e79f9 has not yet finished; transfer submitted 26 minute(s) ago
Transfer 5450d112-27e0-11eb-8fbe-0a34088e79f9 has not yet finished; transfer submitted 27 minute(s) ago
Transfer 5450d112-27e0-11eb-8fbe-0a34088e79f9 has not yet finished; transfer submitted 28 minute(s) ago
Transfer 5450d112-27e0-11eb-8fbe-0a34088e79f9 has not yet finished; transfer submitted 29 minute(s) ago
Transfer 5450d112-27e0-11eb-8fbe-0a34088e79f9 has not yet finished; transfer submitted 30 minute(s) ago
Transfer 5450d112-27e0-11eb-8fbe-0a34088e79f9 has not yet finished; transfer submitted 31 minute(s) ago
Transfer 5450d112-27e0-11eb-8fbe-0a34088e79f9 has not yet finished; transfer submitted 32 minute(s) ago
Transfer 5450d112-27e0-11eb-8fbe-0a34088e79f9 has not yet finished; transfer submitted 33 minute(s) ago
Transfer 5450d112-27e0-11eb-8fbe-0a34088e79f9 has not yet finished; transfer submitted 34 minute(s) ago
Transfer 5450d112-27e0-11eb-8fbe-0a34088e79f9 has not yet finished; transfer submitted 35 minute(s) ago
Transfer 5450d112-27e0-11eb-8fbe-0a34088e79f9 has not yet finished; transfer submitted 36 minute(s) ago
Transfer 5450d112-27e0-11eb-8fbe-0a34088e79f9 has not yet finished; transfer submitted 37 minute(s) ago
Transfer 5450d112-27e0-11eb-8fbe-0a34088e79f9 has not yet finished; transfer submitted 38 minute(s) ago
Transfer 5450d112-27e0-11eb-8fbe-0a34088e79f9 has not yet finished; transfer submitted 39 minute(s) ago
Transfer 5450d112-27e0-11eb-8fbe-0a34088e79f9 has not yet finished; transfer submitted 40 minute(s) ago
Transfer 5450d112-27e0-11eb-8fbe-0a34088e79f9 has not yet finished; transfer submitted 41 minute(s) ago
Transfer 5450d112-27e0-11eb-8fbe-0a34088e79f9 has not yet finished; transfer submitted 42 minute(s) ago
Transfer 5450d112-27e0-11eb-8fbe-0a34088e79f9 has not yet finished; transfer submitted 43 minute(s) ago
Transfer 5450d112-27e0-11eb-8fbe-0a34088e79f9 has not yet finished; transfer submitted 44 minute(s) ago
Transfer 5450d112-27e0-11eb-8fbe-0a34088e79f9 has not yet finished; transfer submitted 45 minute(s) ago
Transfer 5450d112-27e0-11eb-8fbe-0a34088e79f9 has not yet finished; transfer submitted 46 minute(s) ago
Transfer 5450d112-27e0-11eb-8fbe-0a34088e79f9 has not yet finished; transfer submitted 47 minute(s) ago
Transfer 5450d112-27e0-11eb-8fbe-0a34088e79f9 has not yet finished; transfer submitted 48 minute(s) ago
Transfer 5450d112-27e0-11eb-8fbe-0a34088e79f9 has not yet finished; transfer submitted 49 minute(s) ago
Transfer 5450d112-27e0-11eb-8fbe-0a34088e79f9 has not yet finished; transfer submitted 50 minute(s) ago
Transfer 5450d112-27e0-11eb-8fbe-0a34088e79f9 has not yet finished; transfer submitted 51 minute(s) ago
Transfer 5450d112-27e0-11eb-8fbe-0a34088e79f9 has not yet finished; transfer submitted 52 minute(s) ago
Transfer 5450d112-27e0-11eb-8fbe-0a34088e79f9 has not yet finished; transfer submitted 53 minute(s) ago
Transfer 5450d112-27e0-11eb-8fbe-0a34088e79f9 has not yet finished; transfer submitted 54 minute(s) ago
Transfer 5450d112-27e0-11eb-8fbe-0a34088e79f9 has not yet finished; transfer submitted 55 minute(s) ago
Transfer 5450d112-27e0-11eb-8fbe-0a34088e79f9 has not yet finished; transfer submitted 56 minute(s) ago
Transfer 5450d112-27e0-11eb-8fbe-0a34088e79f9 has not yet finished; transfer submitted 57 minute(s) ago
Transfer 5450d112-27e0-11eb-8fbe-0a34088e79f9 has not yet finished; transfer submitted 58 minute(s) ago
Transfer 5450d112-27e0-11eb-8fbe-0a34088e79f9 has not yet finished; transfer submitted 59 minute(s) ago
Transfer 5450d112-27e0-11eb-8fbe-0a34088e79f9 has not yet finished; transfer submitted 60 minute(s) ago
Transfer 5450d112-27e0-11eb-8fbe-0a34088e79f9 has not yet finished; transfer submitted 61 minute(s) ago
Transfer 5450d112-27e0-11eb-8fbe-0a34088e79f9 has not yet finished; transfer submitted 62 minute(s) ago
Transfer 5450d112-27e0-11eb-8fbe-0a34088e79f9 has not yet finished; transfer submitted 63 minute(s) ago
Transfer 5450d112-27e0-11eb-8fbe-0a34088e79f9 has not yet finished; transfer submitted 64 minute(s) ago
Transfer 5450d112-27e0-11eb-8fbe-0a34088e79f9 has not yet finished; transfer submitted 65 minute(s) ago
Transfer 5450d112-27e0-11eb-8fbe-0a34088e79f9 has not yet finished; transfer submitted 66 minute(s) ago
Transfer 5450d112-27e0-11eb-8fbe-0a34088e79f9 has not yet finished; transfer submitted 67 minute(s) ago
Transfer 5450d112-27e0-11eb-8fbe-0a34088e79f9 has not yet finished; transfer submitted 68 minute(s) ago
Transfer 5450d112-27e0-11eb-8fbe-0a34088e79f9 has not yet finished; transfer submitted 69 minute(s) ago
Transfer 5450d112-27e0-11eb-8fbe-0a34088e79f9 has not yet finished; transfer submitted 70 minute(s) ago
Transfer 5450d112-27e0-11eb-8fbe-0a34088e79f9 has not yet finished; transfer submitted 71 minute(s) ago
Transfer 5450d112-27e0-11eb-8fbe-0a34088e79f9 has not yet finished; transfer submitted 72 minute(s) ago
Transfer 5450d112-27e0-11eb-8fbe-0a34088e79f9 has not yet finished; transfer submitted 73 minute(s) ago
Transfer 5450d112-27e0-11eb-8fbe-0a34088e79f9 has not yet finished; transfer submitted 74 minute(s) ago
Transfer 5450d112-27e0-11eb-8fbe-0a34088e79f9 has not yet finished; transfer submitted 75 minute(s) ago
DONE.
GLOBUS DELETE task_id: 096424f0-27eb-11eb-b162-0ee0d5d9299f

Processing scenario ID: 2
Panels type: ref_closest_panel
Crop type: crop_plot
Clip type: nan
Smooth type: nan
Bin type: nan
Segment type: {'method': 'ndi', 'wl1': [770, 800], 'wl2': [650, 680], 'mask_percentile': 50, 'mask_side': 'upper'}
GLOBUS TRANSFER task_id: 0b4d02e6-27eb-11eb-b539-02d9497ca481
Waiting for transfer 0b4d02e6-27eb-11eb-b539-02d9497ca481 to complete...
Transfer 0b4d02e6-27eb-11eb-b539-02d9497ca481 has not yet finished; transfer submitted 1 minute(s) ago
Transfer 0b4d02e6-27eb-11eb-b539-02d9497ca481 has not yet finished; transfer submitted 2 minute(s) ago
Transfer 0b4d02e6-27eb-11eb-b539-02d9497ca481 has not yet finished; transfer submitted 3 minute(s) ago
Transfer 0b4d02e6-27eb-11eb-b539-02d9497ca481 has not yet finished; transfer submitted 4 minute(s) ago
Transfer 0b4d02e6-27eb-11eb-b539-02d9497ca481 has not yet finished; transfer submitted 5 minute(s) ago
Transfer 0b4d02e6-27eb-11eb-b539-02d9497ca481 has not yet finished; transfer submitted 6 minute(s) ago
Transfer 0b4d02e6-27eb-11eb-b539-02d9497ca481 has not yet finished; transfer submitted 7 minute(s) ago
Transfer 0b4d02e6-27eb-11eb-b539-02d9497ca481 has not yet finished; transfer submitted 8 minute(s) ago
Transfer 0b4d02e6-27eb-11eb-b539-02d9497ca481 has not yet finished; transfer submitted 9 minute(s) ago
Transfer 0b4d02e6-27eb-11eb-b539-02d9497ca481 has not yet finished; transfer submitted 10 minute(s) ago
Transfer 0b4d02e6-27eb-11eb-b539-02d9497ca481 has not yet finished; transfer submitted 11 minute(s) ago
Transfer 0b4d02e6-27eb-11eb-b539-02d9497ca481 has not yet finished; transfer submitted 12 minute(s) ago
Transfer 0b4d02e6-27eb-11eb-b539-02d9497ca481 has not yet finished; transfer submitted 13 minute(s) ago
Transfer 0b4d02e6-27eb-11eb-b539-02d9497ca481 has not yet finished; transfer submitted 14 minute(s) ago
Transfer 0b4d02e6-27eb-11eb-b539-02d9497ca481 has not yet finished; transfer submitted 15 minute(s) ago
Transfer 0b4d02e6-27eb-11eb-b539-02d9497ca481 has not yet finished; transfer submitted 16 minute(s) ago
Transfer 0b4d02e6-27eb-11eb-b539-02d9497ca481 has not yet finished; transfer submitted 17 minute(s) ago
Transfer 0b4d02e6-27eb-11eb-b539-02d9497ca481 has not yet finished; transfer submitted 18 minute(s) ago
Transfer 0b4d02e6-27eb-11eb-b539-02d9497ca481 has not yet finished; transfer submitted 19 minute(s) ago
Transfer 0b4d02e6-27eb-11eb-b539-02d9497ca481 has not yet finished; transfer submitted 20 minute(s) ago
Transfer 0b4d02e6-27eb-11eb-b539-02d9497ca481 has not yet finished; transfer submitted 21 minute(s) ago
Transfer 0b4d02e6-27eb-11eb-b539-02d9497ca481 has not yet finished; transfer submitted 22 minute(s) ago
Transfer 0b4d02e6-27eb-11eb-b539-02d9497ca481 has not yet finished; transfer submitted 23 minute(s) ago
Transfer 0b4d02e6-27eb-11eb-b539-02d9497ca481 has not yet finished; transfer submitted 24 minute(s) ago
Transfer 0b4d02e6-27eb-11eb-b539-02d9497ca481 has not yet finished; transfer submitted 25 minute(s) ago
Transfer 0b4d02e6-27eb-11eb-b539-02d9497ca481 has not yet finished; transfer submitted 26 minute(s) ago
Transfer 0b4d02e6-27eb-11eb-b539-02d9497ca481 has not yet finished; transfer submitted 27 minute(s) ago
Transfer 0b4d02e6-27eb-11eb-b539-02d9497ca481 has not yet finished; transfer submitted 28 minute(s) ago
Transfer 0b4d02e6-27eb-11eb-b539-02d9497ca481 has not yet finished; transfer submitted 29 minute(s) ago
Transfer 0b4d02e6-27eb-11eb-b539-02d9497ca481 has not yet finished; transfer submitted 30 minute(s) ago
Transfer 0b4d02e6-27eb-11eb-b539-02d9497ca481 has not yet finished; transfer submitted 31 minute(s) ago
Transfer 0b4d02e6-27eb-11eb-b539-02d9497ca481 has not yet finished; transfer submitted 32 minute(s) ago
Transfer 0b4d02e6-27eb-11eb-b539-02d9497ca481 has not yet finished; transfer submitted 33 minute(s) ago
Transfer 0b4d02e6-27eb-11eb-b539-02d9497ca481 has not yet finished; transfer submitted 34 minute(s) ago
DONE.
GLOBUS DELETE task_id: f576a7ec-27ef-11eb-b162-0ee0d5d9299f

Processing scenario ID: 3
Panels type: ref_closest_panel
Crop type: crop_plot
Clip type: nan
Smooth type: nan
Bin type: nan
Segment type: {'method': 'mcari2', 'wl1': [800], 'wl2': [670], 'wl3': [550], 'mask_percentile': 50, 'mask_side': 'lower'}
GLOBUS TRANSFER task_id: f76df316-27ef-11eb-b539-02d9497ca481
Waiting for transfer f76df316-27ef-11eb-b539-02d9497ca481 to complete...
Transfer f76df316-27ef-11eb-b539-02d9497ca481 has not yet finished; transfer submitted 1 minute(s) ago
Transfer f76df316-27ef-11eb-b539-02d9497ca481 has not yet finished; transfer submitted 2 minute(s) ago
Transfer f76df316-27ef-11eb-b539-02d9497ca481 has not yet finished; transfer submitted 3 minute(s) ago
Transfer f76df316-27ef-11eb-b539-02d9497ca481 has not yet finished; transfer submitted 4 minute(s) ago
Transfer f76df316-27ef-11eb-b539-02d9497ca481 has not yet finished; transfer submitted 5 minute(s) ago
Transfer f76df316-27ef-11eb-b539-02d9497ca481 has not yet finished; transfer submitted 6 minute(s) ago
Transfer f76df316-27ef-11eb-b539-02d9497ca481 has not yet finished; transfer submitted 7 minute(s) ago
Transfer f76df316-27ef-11eb-b539-02d9497ca481 has not yet finished; transfer submitted 8 minute(s) ago
Transfer f76df316-27ef-11eb-b539-02d9497ca481 has not yet finished; transfer submitted 9 minute(s) ago
Transfer f76df316-27ef-11eb-b539-02d9497ca481 has not yet finished; transfer submitted 10 minute(s) ago
Transfer f76df316-27ef-11eb-b539-02d9497ca481 has not yet finished; transfer submitted 11 minute(s) ago
Transfer f76df316-27ef-11eb-b539-02d9497ca481 has not yet finished; transfer submitted 12 minute(s) ago
Transfer f76df316-27ef-11eb-b539-02d9497ca481 has not yet finished; transfer submitted 13 minute(s) ago
Transfer f76df316-27ef-11eb-b539-02d9497ca481 has not yet finished; transfer submitted 14 minute(s) ago
Transfer f76df316-27ef-11eb-b539-02d9497ca481 has not yet finished; transfer submitted 15 minute(s) ago
Transfer f76df316-27ef-11eb-b539-02d9497ca481 has not yet finished; transfer submitted 16 minute(s) ago
Transfer f76df316-27ef-11eb-b539-02d9497ca481 has not yet finished; transfer submitted 17 minute(s) ago
Transfer f76df316-27ef-11eb-b539-02d9497ca481 has not yet finished; transfer submitted 18 minute(s) ago
Transfer f76df316-27ef-11eb-b539-02d9497ca481 has not yet finished; transfer submitted 19 minute(s) ago
Transfer f76df316-27ef-11eb-b539-02d9497ca481 has not yet finished; transfer submitted 20 minute(s) ago
Transfer f76df316-27ef-11eb-b539-02d9497ca481 has not yet finished; transfer submitted 21 minute(s) ago
Transfer f76df316-27ef-11eb-b539-02d9497ca481 has not yet finished; transfer submitted 22 minute(s) ago
Transfer f76df316-27ef-11eb-b539-02d9497ca481 has not yet finished; transfer submitted 23 minute(s) ago
Transfer f76df316-27ef-11eb-b539-02d9497ca481 has not yet finished; transfer submitted 24 minute(s) ago
Transfer f76df316-27ef-11eb-b539-02d9497ca481 has not yet finished; transfer submitted 25 minute(s) ago
Transfer f76df316-27ef-11eb-b539-02d9497ca481 has not yet finished; transfer submitted 26 minute(s) ago
Transfer f76df316-27ef-11eb-b539-02d9497ca481 has not yet finished; transfer submitted 27 minute(s) ago
Transfer f76df316-27ef-11eb-b539-02d9497ca481 has not yet finished; transfer submitted 28 minute(s) ago
Transfer f76df316-27ef-11eb-b539-02d9497ca481 has not yet finished; transfer submitted 29 minute(s) ago
Transfer f76df316-27ef-11eb-b539-02d9497ca481 has not yet finished; transfer submitted 30 minute(s) ago
Transfer f76df316-27ef-11eb-b539-02d9497ca481 has not yet finished; transfer submitted 31 minute(s) ago
Transfer f76df316-27ef-11eb-b539-02d9497ca481 has not yet finished; transfer submitted 32 minute(s) ago
Transfer f76df316-27ef-11eb-b539-02d9497ca481 has not yet finished; transfer submitted 33 minute(s) ago
Transfer f76df316-27ef-11eb-b539-02d9497ca481 has not yet finished; transfer submitted 34 minute(s) ago
Transfer f76df316-27ef-11eb-b539-02d9497ca481 has not yet finished; transfer submitted 35 minute(s) ago
Transfer f76df316-27ef-11eb-b539-02d9497ca481 has not yet finished; transfer submitted 36 minute(s) ago
Transfer f76df316-27ef-11eb-b539-02d9497ca481 has not yet finished; transfer submitted 37 minute(s) ago
Transfer f76df316-27ef-11eb-b539-02d9497ca481 has not yet finished; transfer submitted 38 minute(s) ago
Transfer f76df316-27ef-11eb-b539-02d9497ca481 has not yet finished; transfer submitted 39 minute(s) ago
Transfer f76df316-27ef-11eb-b539-02d9497ca481 has not yet finished; transfer submitted 40 minute(s) ago
Transfer f76df316-27ef-11eb-b539-02d9497ca481 has not yet finished; transfer submitted 41 minute(s) ago
Transfer f76df316-27ef-11eb-b539-02d9497ca481 has not yet finished; transfer submitted 42 minute(s) ago
Transfer f76df316-27ef-11eb-b539-02d9497ca481 has not yet finished; transfer submitted 43 minute(s) ago
Transfer f76df316-27ef-11eb-b539-02d9497ca481 has not yet finished; transfer submitted 44 minute(s) ago
Transfer f76df316-27ef-11eb-b539-02d9497ca481 has not yet finished; transfer submitted 45 minute(s) ago
Transfer f76df316-27ef-11eb-b539-02d9497ca481 has not yet finished; transfer submitted 46 minute(s) ago
Transfer f76df316-27ef-11eb-b539-02d9497ca481 has not yet finished; transfer submitted 47 minute(s) ago
Transfer f76df316-27ef-11eb-b539-02d9497ca481 has not yet finished; transfer submitted 48 minute(s) ago
Transfer f76df316-27ef-11eb-b539-02d9497ca481 has not yet finished; transfer submitted 49 minute(s) ago
Transfer f76df316-27ef-11eb-b539-02d9497ca481 has not yet finished; transfer submitted 50 minute(s) ago
Transfer f76df316-27ef-11eb-b539-02d9497ca481 has not yet finished; transfer submitted 51 minute(s) ago
Transfer f76df316-27ef-11eb-b539-02d9497ca481 has not yet finished; transfer submitted 52 minute(s) ago
Transfer f76df316-27ef-11eb-b539-02d9497ca481 has not yet finished; transfer submitted 53 minute(s) ago
Transfer f76df316-27ef-11eb-b539-02d9497ca481 has not yet finished; transfer submitted 54 minute(s) ago
Transfer f76df316-27ef-11eb-b539-02d9497ca481 has not yet finished; transfer submitted 55 minute(s) ago
Transfer f76df316-27ef-11eb-b539-02d9497ca481 has not yet finished; transfer submitted 56 minute(s) ago
Transfer f76df316-27ef-11eb-b539-02d9497ca481 has not yet finished; transfer submitted 57 minute(s) ago
Transfer f76df316-27ef-11eb-b539-02d9497ca481 has not yet finished; transfer submitted 58 minute(s) ago
Transfer f76df316-27ef-11eb-b539-02d9497ca481 has not yet finished; transfer submitted 59 minute(s) ago
Transfer f76df316-27ef-11eb-b539-02d9497ca481 has not yet finished; transfer submitted 60 minute(s) ago
Transfer f76df316-27ef-11eb-b539-02d9497ca481 has not yet finished; transfer submitted 61 minute(s) ago
Transfer f76df316-27ef-11eb-b539-02d9497ca481 has not yet finished; transfer submitted 62 minute(s) ago
Transfer f76df316-27ef-11eb-b539-02d9497ca481 has not yet finished; transfer submitted 63 minute(s) ago
Transfer f76df316-27ef-11eb-b539-02d9497ca481 has not yet finished; transfer submitted 64 minute(s) ago
Transfer f76df316-27ef-11eb-b539-02d9497ca481 has not yet finished; transfer submitted 65 minute(s) ago
Transfer f76df316-27ef-11eb-b539-02d9497ca481 has not yet finished; transfer submitted 66 minute(s) ago
Transfer f76df316-27ef-11eb-b539-02d9497ca481 has not yet finished; transfer submitted 67 minute(s) ago
Transfer f76df316-27ef-11eb-b539-02d9497ca481 has not yet finished; transfer submitted 68 minute(s) ago
Transfer f76df316-27ef-11eb-b539-02d9497ca481 has not yet finished; transfer submitted 69 minute(s) ago
Transfer f76df316-27ef-11eb-b539-02d9497ca481 has not yet finished; transfer submitted 70 minute(s) ago
Transfer f76df316-27ef-11eb-b539-02d9497ca481 has not yet finished; transfer submitted 71 minute(s) ago
Transfer f76df316-27ef-11eb-b539-02d9497ca481 has not yet finished; transfer submitted 72 minute(s) ago
Transfer f76df316-27ef-11eb-b539-02d9497ca481 has not yet finished; transfer submitted 73 minute(s) ago
Transfer f76df316-27ef-11eb-b539-02d9497ca481 has not yet finished; transfer submitted 74 minute(s) ago
Transfer f76df316-27ef-11eb-b539-02d9497ca481 has not yet finished; transfer submitted 75 minute(s) ago
Transfer f76df316-27ef-11eb-b539-02d9497ca481 has not yet finished; transfer submitted 76 minute(s) ago
Transfer f76df316-27ef-11eb-b539-02d9497ca481 has not yet finished; transfer submitted 77 minute(s) ago
Transfer f76df316-27ef-11eb-b539-02d9497ca481 has not yet finished; transfer submitted 78 minute(s) ago
Transfer f76df316-27ef-11eb-b539-02d9497ca481 has not yet finished; transfer submitted 79 minute(s) ago
Transfer f76df316-27ef-11eb-b539-02d9497ca481 has not yet finished; transfer submitted 80 minute(s) ago
Transfer f76df316-27ef-11eb-b539-02d9497ca481 has not yet finished; transfer submitted 81 minute(s) ago
Transfer f76df316-27ef-11eb-b539-02d9497ca481 has not yet finished; transfer submitted 82 minute(s) ago
Transfer f76df316-27ef-11eb-b539-02d9497ca481 has not yet finished; transfer submitted 83 minute(s) ago
Transfer f76df316-27ef-11eb-b539-02d9497ca481 has not yet finished; transfer submitted 84 minute(s) ago
Transfer f76df316-27ef-11eb-b539-02d9497ca481 has not yet finished; transfer submitted 85 minute(s) ago
Transfer f76df316-27ef-11eb-b539-02d9497ca481 has not yet finished; transfer submitted 86 minute(s) ago
Transfer f76df316-27ef-11eb-b539-02d9497ca481 has not yet finished; transfer submitted 87 minute(s) ago
Transfer f76df316-27ef-11eb-b539-02d9497ca481 has not yet finished; transfer submitted 88 minute(s) ago
Transfer f76df316-27ef-11eb-b539-02d9497ca481 has not yet finished; transfer submitted 89 minute(s) ago
Transfer f76df316-27ef-11eb-b539-02d9497ca481 has not yet finished; transfer submitted 90 minute(s) ago
Transfer f76df316-27ef-11eb-b539-02d9497ca481 has not yet finished; transfer submitted 91 minute(s) ago
Transfer f76df316-27ef-11eb-b539-02d9497ca481 has not yet finished; transfer submitted 92 minute(s) ago
Transfer f76df316-27ef-11eb-b539-02d9497ca481 has not yet finished; transfer submitted 93 minute(s) ago
Transfer f76df316-27ef-11eb-b539-02d9497ca481 has not yet finished; transfer submitted 94 minute(s) ago
Transfer f76df316-27ef-11eb-b539-02d9497ca481 has not yet finished; transfer submitted 95 minute(s) ago
Transfer f76df316-27ef-11eb-b539-02d9497ca481 has not yet finished; transfer submitted 96 minute(s) ago
Transfer f76df316-27ef-11eb-b539-02d9497ca481 has not yet finished; transfer submitted 97 minute(s) ago
Transfer f76df316-27ef-11eb-b539-02d9497ca481 has not yet finished; transfer submitted 98 minute(s) ago
Transfer f76df316-27ef-11eb-b539-02d9497ca481 has not yet finished; transfer submitted 99 minute(s) ago
Transfer f76df316-27ef-11eb-b539-02d9497ca481 has not yet finished; transfer submitted 100 minute(s) ago
Transfer f76df316-27ef-11eb-b539-02d9497ca481 has not yet finished; transfer submitted 101 minute(s) ago
Transfer f76df316-27ef-11eb-b539-02d9497ca481 has not yet finished; transfer submitted 102 minute(s) ago
Transfer f76df316-27ef-11eb-b539-02d9497ca481 has not yet finished; transfer submitted 103 minute(s) ago
Transfer f76df316-27ef-11eb-b539-02d9497ca481 has not yet finished; transfer submitted 104 minute(s) ago
Transfer f76df316-27ef-11eb-b539-02d9497ca481 has not yet finished; transfer submitted 105 minute(s) ago
Transfer f76df316-27ef-11eb-b539-02d9497ca481 has not yet finished; transfer submitted 106 minute(s) ago
Transfer f76df316-27ef-11eb-b539-02d9497ca481 has not yet finished; transfer submitted 107 minute(s) ago
Transfer f76df316-27ef-11eb-b539-02d9497ca481 has not yet finished; transfer submitted 108 minute(s) ago
Transfer f76df316-27ef-11eb-b539-02d9497ca481 has not yet finished; transfer submitted 109 minute(s) ago
Transfer f76df316-27ef-11eb-b539-02d9497ca481 has not yet finished; transfer submitted 110 minute(s) ago
Transfer f76df316-27ef-11eb-b539-02d9497ca481 has not yet finished; transfer submitted 111 minute(s) ago
Transfer f76df316-27ef-11eb-b539-02d9497ca481 has not yet finished; transfer submitted 112 minute(s) ago
Transfer f76df316-27ef-11eb-b539-02d9497ca481 has not yet finished; transfer submitted 113 minute(s) ago
Transfer f76df316-27ef-11eb-b539-02d9497ca481 has not yet finished; transfer submitted 114 minute(s) ago
Transfer f76df316-27ef-11eb-b539-02d9497ca481 has not yet finished; transfer submitted 115 minute(s) ago
Transfer f76df316-27ef-11eb-b539-02d9497ca481 has not yet finished; transfer submitted 116 minute(s) ago
Transfer f76df316-27ef-11eb-b539-02d9497ca481 has not yet finished; transfer submitted 117 minute(s) ago
Transfer f76df316-27ef-11eb-b539-02d9497ca481 has not yet finished; transfer submitted 118 minute(s) ago
Transfer f76df316-27ef-11eb-b539-02d9497ca481 has not yet finished; transfer submitted 119 minute(s) ago
Transfer f76df316-27ef-11eb-b539-02d9497ca481 has not yet finished; transfer submitted 120 minute(s) ago
Transfer f76df316-27ef-11eb-b539-02d9497ca481 has not yet finished; transfer submitted 121 minute(s) ago
Transfer f76df316-27ef-11eb-b539-02d9497ca481 has not yet finished; transfer submitted 122 minute(s) ago
Transfer f76df316-27ef-11eb-b539-02d9497ca481 has not yet finished; transfer submitted 123 minute(s) ago
Transfer f76df316-27ef-11eb-b539-02d9497ca481 has not yet finished; transfer submitted 124 minute(s) ago
Transfer f76df316-27ef-11eb-b539-02d9497ca481 has not yet finished; transfer submitted 125 minute(s) ago
Transfer f76df316-27ef-11eb-b539-02d9497ca481 has not yet finished; transfer submitted 126 minute(s) ago
Transfer f76df316-27ef-11eb-b539-02d9497ca481 has not yet finished; transfer submitted 127 minute(s) ago
Transfer f76df316-27ef-11eb-b539-02d9497ca481 has not yet finished; transfer submitted 128 minute(s) ago
Transfer f76df316-27ef-11eb-b539-02d9497ca481 has not yet finished; transfer submitted 129 minute(s) ago
Transfer f76df316-27ef-11eb-b539-02d9497ca481 has not yet finished; transfer submitted 130 minute(s) ago
Transfer f76df316-27ef-11eb-b539-02d9497ca481 has not yet finished; transfer submitted 131 minute(s) ago
Transfer f76df316-27ef-11eb-b539-02d9497ca481 has not yet finished; transfer submitted 132 minute(s) ago
Transfer f76df316-27ef-11eb-b539-02d9497ca481 has not yet finished; transfer submitted 133 minute(s) ago
Transfer f76df316-27ef-11eb-b539-02d9497ca481 has not yet finished; transfer submitted 134 minute(s) ago
Transfer f76df316-27ef-11eb-b539-02d9497ca481 has not yet finished; transfer submitted 135 minute(s) ago
Transfer f76df316-27ef-11eb-b539-02d9497ca481 has not yet finished; transfer submitted 136 minute(s) ago
Transfer f76df316-27ef-11eb-b539-02d9497ca481 has not yet finished; transfer submitted 137 minute(s) ago
Transfer f76df316-27ef-11eb-b539-02d9497ca481 has not yet finished; transfer submitted 138 minute(s) ago
Transfer f76df316-27ef-11eb-b539-02d9497ca481 has not yet finished; transfer submitted 139 minute(s) ago
Transfer f76df316-27ef-11eb-b539-02d9497ca481 has not yet finished; transfer submitted 140 minute(s) ago
Transfer f76df316-27ef-11eb-b539-02d9497ca481 has not yet finished; transfer submitted 141 minute(s) ago
Transfer f76df316-27ef-11eb-b539-02d9497ca481 has not yet finished; transfer submitted 142 minute(s) ago
Transfer f76df316-27ef-11eb-b539-02d9497ca481 has not yet finished; transfer submitted 143 minute(s) ago
Transfer f76df316-27ef-11eb-b539-02d9497ca481 has not yet finished; transfer submitted 144 minute(s) ago
Transfer f76df316-27ef-11eb-b539-02d9497ca481 has not yet finished; transfer submitted 145 minute(s) ago
Transfer f76df316-27ef-11eb-b539-02d9497ca481 has not yet finished; transfer submitted 146 minute(s) ago
Transfer f76df316-27ef-11eb-b539-02d9497ca481 has not yet finished; transfer submitted 147 minute(s) ago
Transfer f76df316-27ef-11eb-b539-02d9497ca481 has not yet finished; transfer submitted 148 minute(s) ago
Transfer f76df316-27ef-11eb-b539-02d9497ca481 has not yet finished; transfer submitted 149 minute(s) ago
Transfer f76df316-27ef-11eb-b539-02d9497ca481 has not yet finished; transfer submitted 150 minute(s) ago
Transfer f76df316-27ef-11eb-b539-02d9497ca481 has not yet finished; transfer submitted 151 minute(s) ago
Transfer f76df316-27ef-11eb-b539-02d9497ca481 has not yet finished; transfer submitted 152 minute(s) ago
Transfer f76df316-27ef-11eb-b539-02d9497ca481 has not yet finished; transfer submitted 153 minute(s) ago
Transfer f76df316-27ef-11eb-b539-02d9497ca481 has not yet finished; transfer submitted 154 minute(s) ago
Transfer f76df316-27ef-11eb-b539-02d9497ca481 has not yet finished; transfer submitted 155 minute(s) ago
Transfer f76df316-27ef-11eb-b539-02d9497ca481 has not yet finished; transfer submitted 156 minute(s) ago
Transfer f76df316-27ef-11eb-b539-02d9497ca481 has not yet finished; transfer submitted 157 minute(s) ago
Transfer f76df316-27ef-11eb-b539-02d9497ca481 has not yet finished; transfer submitted 158 minute(s) ago
Transfer f76df316-27ef-11eb-b539-02d9497ca481 has not yet finished; transfer submitted 159 minute(s) ago
Transfer f76df316-27ef-11eb-b539-02d9497ca481 has not yet finished; transfer submitted 160 minute(s) ago
Transfer f76df316-27ef-11eb-b539-02d9497ca481 has not yet finished; transfer submitted 161 minute(s) ago
Transfer f76df316-27ef-11eb-b539-02d9497ca481 has not yet finished; transfer submitted 162 minute(s) ago
Transfer f76df316-27ef-11eb-b539-02d9497ca481 has not yet finished; transfer submitted 163 minute(s) ago
Transfer f76df316-27ef-11eb-b539-02d9497ca481 has not yet finished; transfer submitted 164 minute(s) ago
Transfer f76df316-27ef-11eb-b539-02d9497ca481 has not yet finished; transfer submitted 165 minute(s) ago
Transfer f76df316-27ef-11eb-b539-02d9497ca481 has not yet finished; transfer submitted 166 minute(s) ago
Transfer f76df316-27ef-11eb-b539-02d9497ca481 has not yet finished; transfer submitted 167 minute(s) ago
Transfer f76df316-27ef-11eb-b539-02d9497ca481 has not yet finished; transfer submitted 168 minute(s) ago
Transfer f76df316-27ef-11eb-b539-02d9497ca481 has not yet finished; transfer submitted 169 minute(s) ago
Transfer f76df316-27ef-11eb-b539-02d9497ca481 has not yet finished; transfer submitted 170 minute(s) ago
Transfer f76df316-27ef-11eb-b539-02d9497ca481 has not yet finished; transfer submitted 171 minute(s) ago
Transfer f76df316-27ef-11eb-b539-02d9497ca481 has not yet finished; transfer submitted 172 minute(s) ago
Transfer f76df316-27ef-11eb-b539-02d9497ca481 has not yet finished; transfer submitted 173 minute(s) ago
Transfer f76df316-27ef-11eb-b539-02d9497ca481 has not yet finished; transfer submitted 174 minute(s) ago
Transfer f76df316-27ef-11eb-b539-02d9497ca481 has not yet finished; transfer submitted 175 minute(s) ago
Transfer f76df316-27ef-11eb-b539-02d9497ca481 has not yet finished; transfer submitted 176 minute(s) ago
Transfer f76df316-27ef-11eb-b539-02d9497ca481 has not yet finished; transfer submitted 177 minute(s) ago
Transfer f76df316-27ef-11eb-b539-02d9497ca481 has not yet finished; transfer submitted 178 minute(s) ago
Transfer f76df316-27ef-11eb-b539-02d9497ca481 has not yet finished; transfer submitted 179 minute(s) ago
Transfer f76df316-27ef-11eb-b539-02d9497ca481 has not yet finished; transfer submitted 180 minute(s) ago
Transfer f76df316-27ef-11eb-b539-02d9497ca481 has not yet finished; transfer submitted 181 minute(s) ago
Transfer f76df316-27ef-11eb-b539-02d9497ca481 has not yet finished; transfer submitted 182 minute(s) ago
Transfer f76df316-27ef-11eb-b539-02d9497ca481 has not yet finished; transfer submitted 183 minute(s) ago
Transfer f76df316-27ef-11eb-b539-02d9497ca481 has not yet finished; transfer submitted 184 minute(s) ago
Transfer f76df316-27ef-11eb-b539-02d9497ca481 has not yet finished; transfer submitted 185 minute(s) ago
Transfer f76df316-27ef-11eb-b539-02d9497ca481 has not yet finished; transfer submitted 186 minute(s) ago
Transfer f76df316-27ef-11eb-b539-02d9497ca481 has not yet finished; transfer submitted 187 minute(s) ago
Transfer f76df316-27ef-11eb-b539-02d9497ca481 has not yet finished; transfer submitted 188 minute(s) ago
Transfer f76df316-27ef-11eb-b539-02d9497ca481 has not yet finished; transfer submitted 189 minute(s) ago
Transfer f76df316-27ef-11eb-b539-02d9497ca481 has not yet finished; transfer submitted 190 minute(s) ago
Transfer f76df316-27ef-11eb-b539-02d9497ca481 has not yet finished; transfer submitted 191 minute(s) ago
Transfer f76df316-27ef-11eb-b539-02d9497ca481 has not yet finished; transfer submitted 192 minute(s) ago
Transfer f76df316-27ef-11eb-b539-02d9497ca481 has not yet finished; transfer submitted 193 minute(s) ago
Transfer f76df316-27ef-11eb-b539-02d9497ca481 has not yet finished; transfer submitted 194 minute(s) ago
Transfer f76df316-27ef-11eb-b539-02d9497ca481 has not yet finished; transfer submitted 195 minute(s) ago
Transfer f76df316-27ef-11eb-b539-02d9497ca481 has not yet finished; transfer submitted 196 minute(s) ago
Transfer f76df316-27ef-11eb-b539-02d9497ca481 has not yet finished; transfer submitted 197 minute(s) ago
Transfer f76df316-27ef-11eb-b539-02d9497ca481 has not yet finished; transfer submitted 198 minute(s) ago
Transfer f76df316-27ef-11eb-b539-02d9497ca481 has not yet finished; transfer submitted 199 minute(s) ago
Transfer f76df316-27ef-11eb-b539-02d9497ca481 has not yet finished; transfer submitted 200 minute(s) ago
Transfer f76df316-27ef-11eb-b539-02d9497ca481 has not yet finished; transfer submitted 201 minute(s) ago
Transfer f76df316-27ef-11eb-b539-02d9497ca481 has not yet finished; transfer submitted 202 minute(s) ago
Transfer f76df316-27ef-11eb-b539-02d9497ca481 has not yet finished; transfer submitted 203 minute(s) ago
Transfer f76df316-27ef-11eb-b539-02d9497ca481 has not yet finished; transfer submitted 204 minute(s) ago
Transfer f76df316-27ef-11eb-b539-02d9497ca481 has not yet finished; transfer submitted 205 minute(s) ago
Transfer f76df316-27ef-11eb-b539-02d9497ca481 has not yet finished; transfer submitted 206 minute(s) ago
Transfer f76df316-27ef-11eb-b539-02d9497ca481 has not yet finished; transfer submitted 207 minute(s) ago
Transfer f76df316-27ef-11eb-b539-02d9497ca481 has not yet finished; transfer submitted 208 minute(s) ago
Transfer f76df316-27ef-11eb-b539-02d9497ca481 has not yet finished; transfer submitted 209 minute(s) ago
Transfer f76df316-27ef-11eb-b539-02d9497ca481 has not yet finished; transfer submitted 210 minute(s) ago
Transfer f76df316-27ef-11eb-b539-02d9497ca481 has not yet finished; transfer submitted 211 minute(s) ago
Transfer f76df316-27ef-11eb-b539-02d9497ca481 has not yet finished; transfer submitted 212 minute(s) ago
Transfer f76df316-27ef-11eb-b539-02d9497ca481 has not yet finished; transfer submitted 213 minute(s) ago
Transfer f76df316-27ef-11eb-b539-02d9497ca481 has not yet finished; transfer submitted 214 minute(s) ago
Transfer f76df316-27ef-11eb-b539-02d9497ca481 has not yet finished; transfer submitted 215 minute(s) ago
Transfer f76df316-27ef-11eb-b539-02d9497ca481 has not yet finished; transfer submitted 216 minute(s) ago
Transfer f76df316-27ef-11eb-b539-02d9497ca481 has not yet finished; transfer submitted 217 minute(s) ago
Transfer f76df316-27ef-11eb-b539-02d9497ca481 has not yet finished; transfer submitted 218 minute(s) ago
Transfer f76df316-27ef-11eb-b539-02d9497ca481 has not yet finished; transfer submitted 219 minute(s) ago
Transfer f76df316-27ef-11eb-b539-02d9497ca481 has not yet finished; transfer submitted 220 minute(s) ago
Transfer f76df316-27ef-11eb-b539-02d9497ca481 has not yet finished; transfer submitted 221 minute(s) ago
Transfer f76df316-27ef-11eb-b539-02d9497ca481 has not yet finished; transfer submitted 222 minute(s) ago
Transfer f76df316-27ef-11eb-b539-02d9497ca481 has not yet finished; transfer submitted 223 minute(s) ago
Transfer f76df316-27ef-11eb-b539-02d9497ca481 has not yet finished; transfer submitted 224 minute(s) ago
Transfer f76df316-27ef-11eb-b539-02d9497ca481 has not yet finished; transfer submitted 225 minute(s) ago
Transfer f76df316-27ef-11eb-b539-02d9497ca481 has not yet finished; transfer submitted 226 minute(s) ago
Transfer f76df316-27ef-11eb-b539-02d9497ca481 has not yet finished; transfer submitted 227 minute(s) ago
Transfer f76df316-27ef-11eb-b539-02d9497ca481 has not yet finished; transfer submitted 228 minute(s) ago
Transfer f76df316-27ef-11eb-b539-02d9497ca481 has not yet finished; transfer submitted 229 minute(s) ago
Transfer f76df316-27ef-11eb-b539-02d9497ca481 has not yet finished; transfer submitted 230 minute(s) ago
Transfer f76df316-27ef-11eb-b539-02d9497ca481 has not yet finished; transfer submitted 231 minute(s) ago
Transfer f76df316-27ef-11eb-b539-02d9497ca481 has not yet finished; transfer submitted 232 minute(s) ago
Transfer f76df316-27ef-11eb-b539-02d9497ca481 has not yet finished; transfer submitted 233 minute(s) ago
Transfer f76df316-27ef-11eb-b539-02d9497ca481 has not yet finished; transfer submitted 234 minute(s) ago
Transfer f76df316-27ef-11eb-b539-02d9497ca481 has not yet finished; transfer submitted 235 minute(s) ago
Transfer f76df316-27ef-11eb-b539-02d9497ca481 has not yet finished; transfer submitted 236 minute(s) ago
Transfer f76df316-27ef-11eb-b539-02d9497ca481 has not yet finished; transfer submitted 237 minute(s) ago
Transfer f76df316-27ef-11eb-b539-02d9497ca481 has not yet finished; transfer submitted 238 minute(s) ago
Transfer f76df316-27ef-11eb-b539-02d9497ca481 has not yet finished; transfer submitted 239 minute(s) ago
Transfer f76df316-27ef-11eb-b539-02d9497ca481 has not yet finished; transfer submitted 240 minute(s) ago
Transfer f76df316-27ef-11eb-b539-02d9497ca481 has not yet finished; transfer submitted 241 minute(s) ago
Transfer f76df316-27ef-11eb-b539-02d9497ca481 has not yet finished; transfer submitted 242 minute(s) ago
Transfer f76df316-27ef-11eb-b539-02d9497ca481 has not yet finished; transfer submitted 243 minute(s) ago
Transfer f76df316-27ef-11eb-b539-02d9497ca481 has not yet finished; transfer submitted 244 minute(s) ago
Transfer f76df316-27ef-11eb-b539-02d9497ca481 has not yet finished; transfer submitted 245 minute(s) ago
Transfer f76df316-27ef-11eb-b539-02d9497ca481 has not yet finished; transfer submitted 246 minute(s) ago
Transfer f76df316-27ef-11eb-b539-02d9497ca481 has not yet finished; transfer submitted 247 minute(s) ago
Transfer f76df316-27ef-11eb-b539-02d9497ca481 has not yet finished; transfer submitted 248 minute(s) ago
Transfer f76df316-27ef-11eb-b539-02d9497ca481 has not yet finished; transfer submitted 249 minute(s) ago
Transfer f76df316-27ef-11eb-b539-02d9497ca481 has not yet finished; transfer submitted 250 minute(s) ago
Transfer f76df316-27ef-11eb-b539-02d9497ca481 has not yet finished; transfer submitted 251 minute(s) ago
Transfer f76df316-27ef-11eb-b539-02d9497ca481 has not yet finished; transfer submitted 252 minute(s) ago
Transfer f76df316-27ef-11eb-b539-02d9497ca481 has not yet finished; transfer submitted 253 minute(s) ago
Transfer f76df316-27ef-11eb-b539-02d9497ca481 has not yet finished; transfer submitted 254 minute(s) ago
Transfer f76df316-27ef-11eb-b539-02d9497ca481 has not yet finished; transfer submitted 255 minute(s) ago
Transfer f76df316-27ef-11eb-b539-02d9497ca481 has not yet finished; transfer submitted 256 minute(s) ago
Transfer f76df316-27ef-11eb-b539-02d9497ca481 has not yet finished; transfer submitted 257 minute(s) ago
Transfer f76df316-27ef-11eb-b539-02d9497ca481 has not yet finished; transfer submitted 258 minute(s) ago
Transfer f76df316-27ef-11eb-b539-02d9497ca481 has not yet finished; transfer submitted 259 minute(s) ago
Transfer f76df316-27ef-11eb-b539-02d9497ca481 has not yet finished; transfer submitted 260 minute(s) ago
Transfer f76df316-27ef-11eb-b539-02d9497ca481 has not yet finished; transfer submitted 261 minute(s) ago
Transfer f76df316-27ef-11eb-b539-02d9497ca481 has not yet finished; transfer submitted 262 minute(s) ago
Transfer f76df316-27ef-11eb-b539-02d9497ca481 has not yet finished; transfer submitted 263 minute(s) ago
Transfer f76df316-27ef-11eb-b539-02d9497ca481 has not yet finished; transfer submitted 264 minute(s) ago
Transfer f76df316-27ef-11eb-b539-02d9497ca481 has not yet finished; transfer submitted 265 minute(s) ago
Transfer f76df316-27ef-11eb-b539-02d9497ca481 has not yet finished; transfer submitted 266 minute(s) ago
Transfer f76df316-27ef-11eb-b539-02d9497ca481 has not yet finished; transfer submitted 267 minute(s) ago
DONE.
GLOBUS DELETE task_id: f301527a-2815-11eb-b539-02d9497ca481

Processing scenario ID: 4
Panels type: ref_closest_panel
Crop type: crop_plot
Clip type: nan
Smooth type: nan
Bin type: nan
Segment type: {'method': 'mcari2', 'wl1': [800], 'wl2': [670], 'wl3': [550], 'mask_percentile': 50, 'mask_side': 'upper'}
GLOBUS TRANSFER task_id: f8042a54-2815-11eb-8fbe-0a34088e79f9
Waiting for transfer f8042a54-2815-11eb-8fbe-0a34088e79f9 to complete...
Transfer f8042a54-2815-11eb-8fbe-0a34088e79f9 has not yet finished; transfer submitted 1 minute(s) ago
Transfer f8042a54-2815-11eb-8fbe-0a34088e79f9 has not yet finished; transfer submitted 2 minute(s) ago
Transfer f8042a54-2815-11eb-8fbe-0a34088e79f9 has not yet finished; transfer submitted 3 minute(s) ago
Transfer f8042a54-2815-11eb-8fbe-0a34088e79f9 has not yet finished; transfer submitted 4 minute(s) ago
Transfer f8042a54-2815-11eb-8fbe-0a34088e79f9 has not yet finished; transfer submitted 5 minute(s) ago
Transfer f8042a54-2815-11eb-8fbe-0a34088e79f9 has not yet finished; transfer submitted 6 minute(s) ago
Transfer f8042a54-2815-11eb-8fbe-0a34088e79f9 has not yet finished; transfer submitted 7 minute(s) ago
Transfer f8042a54-2815-11eb-8fbe-0a34088e79f9 has not yet finished; transfer submitted 8 minute(s) ago
Transfer f8042a54-2815-11eb-8fbe-0a34088e79f9 has not yet finished; transfer submitted 9 minute(s) ago
Transfer f8042a54-2815-11eb-8fbe-0a34088e79f9 has not yet finished; transfer submitted 10 minute(s) ago
Transfer f8042a54-2815-11eb-8fbe-0a34088e79f9 has not yet finished; transfer submitted 11 minute(s) ago
Transfer f8042a54-2815-11eb-8fbe-0a34088e79f9 has not yet finished; transfer submitted 12 minute(s) ago
Transfer f8042a54-2815-11eb-8fbe-0a34088e79f9 has not yet finished; transfer submitted 13 minute(s) ago
Transfer f8042a54-2815-11eb-8fbe-0a34088e79f9 has not yet finished; transfer submitted 14 minute(s) ago
Transfer f8042a54-2815-11eb-8fbe-0a34088e79f9 has not yet finished; transfer submitted 15 minute(s) ago
Transfer f8042a54-2815-11eb-8fbe-0a34088e79f9 has not yet finished; transfer submitted 16 minute(s) ago
Transfer f8042a54-2815-11eb-8fbe-0a34088e79f9 has not yet finished; transfer submitted 17 minute(s) ago
Transfer f8042a54-2815-11eb-8fbe-0a34088e79f9 has not yet finished; transfer submitted 18 minute(s) ago
Transfer f8042a54-2815-11eb-8fbe-0a34088e79f9 has not yet finished; transfer submitted 19 minute(s) ago
Transfer f8042a54-2815-11eb-8fbe-0a34088e79f9 has not yet finished; transfer submitted 20 minute(s) ago
Transfer f8042a54-2815-11eb-8fbe-0a34088e79f9 has not yet finished; transfer submitted 21 minute(s) ago
Transfer f8042a54-2815-11eb-8fbe-0a34088e79f9 has not yet finished; transfer submitted 22 minute(s) ago
Transfer f8042a54-2815-11eb-8fbe-0a34088e79f9 has not yet finished; transfer submitted 23 minute(s) ago
Transfer f8042a54-2815-11eb-8fbe-0a34088e79f9 has not yet finished; transfer submitted 24 minute(s) ago
Transfer f8042a54-2815-11eb-8fbe-0a34088e79f9 has not yet finished; transfer submitted 25 minute(s) ago
Transfer f8042a54-2815-11eb-8fbe-0a34088e79f9 has not yet finished; transfer submitted 26 minute(s) ago
Transfer f8042a54-2815-11eb-8fbe-0a34088e79f9 has not yet finished; transfer submitted 27 minute(s) ago
Transfer f8042a54-2815-11eb-8fbe-0a34088e79f9 has not yet finished; transfer submitted 28 minute(s) ago
Transfer f8042a54-2815-11eb-8fbe-0a34088e79f9 has not yet finished; transfer submitted 29 minute(s) ago
Transfer f8042a54-2815-11eb-8fbe-0a34088e79f9 has not yet finished; transfer submitted 30 minute(s) ago
Transfer f8042a54-2815-11eb-8fbe-0a34088e79f9 has not yet finished; transfer submitted 31 minute(s) ago
Transfer f8042a54-2815-11eb-8fbe-0a34088e79f9 has not yet finished; transfer submitted 32 minute(s) ago
Transfer f8042a54-2815-11eb-8fbe-0a34088e79f9 has not yet finished; transfer submitted 33 minute(s) ago
Transfer f8042a54-2815-11eb-8fbe-0a34088e79f9 has not yet finished; transfer submitted 34 minute(s) ago
Transfer f8042a54-2815-11eb-8fbe-0a34088e79f9 has not yet finished; transfer submitted 35 minute(s) ago
Transfer f8042a54-2815-11eb-8fbe-0a34088e79f9 has not yet finished; transfer submitted 36 minute(s) ago
Transfer f8042a54-2815-11eb-8fbe-0a34088e79f9 has not yet finished; transfer submitted 37 minute(s) ago
Transfer f8042a54-2815-11eb-8fbe-0a34088e79f9 has not yet finished; transfer submitted 38 minute(s) ago
Transfer f8042a54-2815-11eb-8fbe-0a34088e79f9 has not yet finished; transfer submitted 39 minute(s) ago
Transfer f8042a54-2815-11eb-8fbe-0a34088e79f9 has not yet finished; transfer submitted 40 minute(s) ago
Transfer f8042a54-2815-11eb-8fbe-0a34088e79f9 has not yet finished; transfer submitted 41 minute(s) ago
Transfer f8042a54-2815-11eb-8fbe-0a34088e79f9 has not yet finished; transfer submitted 42 minute(s) ago
Transfer f8042a54-2815-11eb-8fbe-0a34088e79f9 has not yet finished; transfer submitted 43 minute(s) ago
Transfer f8042a54-2815-11eb-8fbe-0a34088e79f9 has not yet finished; transfer submitted 44 minute(s) ago
Transfer f8042a54-2815-11eb-8fbe-0a34088e79f9 has not yet finished; transfer submitted 45 minute(s) ago
Transfer f8042a54-2815-11eb-8fbe-0a34088e79f9 has not yet finished; transfer submitted 46 minute(s) ago
Transfer f8042a54-2815-11eb-8fbe-0a34088e79f9 has not yet finished; transfer submitted 47 minute(s) ago
Transfer f8042a54-2815-11eb-8fbe-0a34088e79f9 has not yet finished; transfer submitted 48 minute(s) ago
Transfer f8042a54-2815-11eb-8fbe-0a34088e79f9 has not yet finished; transfer submitted 49 minute(s) ago
Transfer f8042a54-2815-11eb-8fbe-0a34088e79f9 has not yet finished; transfer submitted 50 minute(s) ago
Transfer f8042a54-2815-11eb-8fbe-0a34088e79f9 has not yet finished; transfer submitted 51 minute(s) ago
Transfer f8042a54-2815-11eb-8fbe-0a34088e79f9 has not yet finished; transfer submitted 52 minute(s) ago
Transfer f8042a54-2815-11eb-8fbe-0a34088e79f9 has not yet finished; transfer submitted 53 minute(s) ago
Transfer f8042a54-2815-11eb-8fbe-0a34088e79f9 has not yet finished; transfer submitted 54 minute(s) ago
Transfer f8042a54-2815-11eb-8fbe-0a34088e79f9 has not yet finished; transfer submitted 55 minute(s) ago
Transfer f8042a54-2815-11eb-8fbe-0a34088e79f9 has not yet finished; transfer submitted 56 minute(s) ago
Transfer f8042a54-2815-11eb-8fbe-0a34088e79f9 has not yet finished; transfer submitted 57 minute(s) ago
Transfer f8042a54-2815-11eb-8fbe-0a34088e79f9 has not yet finished; transfer submitted 58 minute(s) ago
Transfer f8042a54-2815-11eb-8fbe-0a34088e79f9 has not yet finished; transfer submitted 59 minute(s) ago
Transfer f8042a54-2815-11eb-8fbe-0a34088e79f9 has not yet finished; transfer submitted 60 minute(s) ago
Transfer f8042a54-2815-11eb-8fbe-0a34088e79f9 has not yet finished; transfer submitted 61 minute(s) ago
Transfer f8042a54-2815-11eb-8fbe-0a34088e79f9 has not yet finished; transfer submitted 62 minute(s) ago
Transfer f8042a54-2815-11eb-8fbe-0a34088e79f9 has not yet finished; transfer submitted 63 minute(s) ago
Transfer f8042a54-2815-11eb-8fbe-0a34088e79f9 has not yet finished; transfer submitted 64 minute(s) ago
Transfer f8042a54-2815-11eb-8fbe-0a34088e79f9 has not yet finished; transfer submitted 65 minute(s) ago
Transfer f8042a54-2815-11eb-8fbe-0a34088e79f9 has not yet finished; transfer submitted 66 minute(s) ago
Transfer f8042a54-2815-11eb-8fbe-0a34088e79f9 has not yet finished; transfer submitted 67 minute(s) ago
Transfer f8042a54-2815-11eb-8fbe-0a34088e79f9 has not yet finished; transfer submitted 68 minute(s) ago
DONE.
GLOBUS DELETE task_id: ab443f7e-281f-11eb-b162-0ee0d5d9299f
