Skipping past idx_grix 0...
Skipping past idx_grix 1...
Skipping past idx_grix 2...
Skipping past idx_grix 3...
Skipping past idx_grix 4...
Skipping past idx_grix 5...
Skipping past idx_grix 6...
Skipping past idx_grix 7...
Skipping past idx_grix 8...
Skipping past idx_grix 9...
Skipping past idx_grix 10...
Skipping past idx_grix 11...
Skipping past idx_grix 12...
Skipping past idx_grix 13...
Skipping past idx_grix 14...
Skipping past idx_grix 15...
Skipping past idx_grix 16...
Skipping past idx_grix 17...
Skipping past idx_grix 18...
Skipping past idx_grix 19...
Skipping past idx_grix 20...
Skipping past idx_grix 21...
Skipping past idx_grix 22...
Skipping past idx_grix 23...
Skipping past idx_grix 24...
Skipping past idx_grix 25...
Skipping past idx_grix 26...
Skipping past idx_grix 27...
Skipping past idx_grix 28...
Skipping past idx_grix 29...

Processing scenario ID: 30
Panels type: ref_closest_panel
Crop type: crop_plot
Clip type: nan
Smooth type: {'window_size': 11, 'order': 2}
Bin type: nan
Segment type: {'method': 'mcari2', 'wl1': [800], 'wl2': [670], 'wl3': [550], 'mask_percentile': 50, 'mask_side': 'lower'}

Response variable: biomass_kgha
Number of observations: 407

Feature set: reflectance

Writing mean spectra to a ``pandas.DataFrame``.
Number of input datacubes/spectra: 835
Old "step_pct": 0.05
New "step_pct": 0.5
alpha: 50.0
Features selected: 7
Iterations without progress: 0

alpha: 25.0
Features selected: 8
Iterations without progress: 0

alpha: 12.5
Features selected: 12
Iterations without progress: 0

alpha: 6.25
Features selected: 15
Iterations without progress: 0

alpha: 3.125
Features selected: 21
Iterations without progress: 0

alpha: 5.9375
Features selected: 30
Iterations without progress: 0

Using up to 30 selected features

Length of logspace_list: 300
Number of chunks: 16
Average length of each chunk: 18.8
Number of cores: 8

Hyperparameter tuning...

Number of features: 4
Number of features: 20
Number of features: 17
Number of features: 16
Number of features: 21
Number of features: 1
Number of features: 11
Number of features: 21
Number of features: 10
Number of features: 14
Number of features: 3
Number of features: 3
Number of features: 19
Number of features: 7
Number of features: 6
Number of features: 10
Number of features: 9
Number of features: 7
Number of features: 6
Number of features: 7
Number of features: 14
Number of features: 8
Number of features: 2
Number of features: 16
Number of features: 8
Number of features: 9
Number of features: 15
Number of features: 5
Number of features: 9
Number of features: 21
Number of features: 13
Number of features: 20
Number of features: 11
Number of features: 6
Number of features: 8
Number of features: 2
Number of features: 10
Number of features: 22
Number of features: 12
Number of features: 8
Number of features: 9
Number of features: 23
Number of features: 7
Number of features: 8
Number of features: 15
Number of features: 19
Number of features: 16
Number of features: 9
Number of features: 9
Number of features: 4
Number of features: 21
Number of features: 10
Number of features: 24
Number of features: 5
Number of features: 9
Number of features: 10
Number of features: 18
Number of features: 20
Number of features: 13
Number of features: 14
Number of features: 8
las_alpha
pls_n_components
pls_scale
Skipping past idx_grix 0...
Skipping past idx_grix 1...
Skipping past idx_grix 2...
Skipping past idx_grix 3...
Skipping past idx_grix 4...
Skipping past idx_grix 5...
Skipping past idx_grix 6...
Skipping past idx_grix 7...
Skipping past idx_grix 8...
Skipping past idx_grix 9...
Skipping past idx_grix 10...
Skipping past idx_grix 11...
Skipping past idx_grix 12...
Skipping past idx_grix 13...
Skipping past idx_grix 14...
Skipping past idx_grix 15...
Skipping past idx_grix 16...
Skipping past idx_grix 17...
Skipping past idx_grix 18...
Skipping past idx_grix 19...
Skipping past idx_grix 20...
Skipping past idx_grix 21...
Skipping past idx_grix 22...
Skipping past idx_grix 23...
Skipping past idx_grix 24...
Skipping past idx_grix 25...
Skipping past idx_grix 26...
Skipping past idx_grix 27...
Skipping past idx_grix 28...
Skipping past idx_grix 29...

Processing scenario ID: 30
Panels type: ref_closest_panel
Crop type: crop_plot
Clip type: nan
Smooth type: {'window_size': 11, 'order': 2}
Bin type: nan
Segment type: {'method': 'mcari2', 'wl1': [800], 'wl2': [670], 'wl3': [550], 'mask_percentile': 50, 'mask_side': 'lower'}

Response variable: nup_kgha
Number of observations: 407

Feature set: reflectance

Writing mean spectra to a ``pandas.DataFrame``.
Number of input datacubes/spectra: 835
Old "step_pct": 0.05
New "step_pct": 0.5
alpha: 0.5
Features selected: 10
Iterations without progress: 0

alpha: 0.25
Features selected: 10
Iterations without progress: 1

alpha: 0.125
Features selected: 14
Iterations without progress: 0

alpha: 0.0625
Features selected: 20
Iterations without progress: 0

Old "step_pct": 0.5
New "step_pct": 0.1
alpha: 0.05625
Features selected: 26
Iterations without progress: 0

alpha: 0.050625
Features selected: 25
Iterations without progress: 0

alpha: 0.045562500000000006
Features selected: 26
Iterations without progress: 0

alpha: 0.04100625000000001
Features selected: 27
Iterations without progress: 0

alpha: 0.045106875000000005
Features selected: 31
Iterations without progress: 0

alpha: 0.044655806250000006
Features selected: 27
Iterations without progress: 0

alpha: 0.04420924818750001
Features selected: 28
Iterations without progress: 0

alpha: 0.043767155705625005
Features selected: 28
Iterations without progress: 1

alpha: 0.044165038939312506
Features selected: 30
Iterations without progress: 0

Using up to 30 selected features

Length of logspace_list: 300
Number of chunks: 16
Average length of each chunk: 18.8
Number of cores: 8

Hyperparameter tuning...

Number of features: 27
Number of features: 5
Number of features: 8
Number of features: 4
Number of features: 25
Number of features: 20
Number of features: 4
Number of features: 10
Number of features: 13
Number of features: 6
Number of features: 5
Number of features: 7
Number of features: 16
Number of features: 16
Number of features: 4
Number of features: 8
Number of features: 1
Number of features: 26
Number of features: 4
Number of features: 10
Number of features: 8
Number of features: 12
Number of features: 3
Number of features: 22
Number of features: 25
Number of features: 15
Number of features: 18
Number of features: 19
Number of features: 17
Number of features: 9
Number of features: 5
Number of features: 8
Number of features: 8
Number of features: 5
Number of features: 5
Number of features: 2
Number of features: 4
Number of features: 20
Number of features: 7
Number of features: 17
Number of features: 15
Number of features: 21
Number of features: 14
Number of features: 3
Number of features: 4
Number of features: 10
Number of features: 7
Number of features: 28
Number of features: 5
Number of features: 9
Number of features: 6
Number of features: 11
Number of features: 22
Number of features: 11
Number of features: 4
Number of features: 26
Number of features: 15
Number of features: 10
Number of features: 6
Number of features: 23
Number of features: 25
Number of features: 5
Number of features: 26
Number of features: 20
Number of features: 16
Number of features: 13
Number of features: 24
Number of features: 7
Number of features: 17
Number of features: 21
las_alpha
pls_n_components
pls_scale
Skipping past idx_grix 0...
Skipping past idx_grix 1...
Skipping past idx_grix 2...
Skipping past idx_grix 3...
Skipping past idx_grix 4...
Skipping past idx_grix 5...
Skipping past idx_grix 6...
Skipping past idx_grix 7...
Skipping past idx_grix 8...
Skipping past idx_grix 9...
Skipping past idx_grix 10...
Skipping past idx_grix 11...
Skipping past idx_grix 12...
Skipping past idx_grix 13...
Skipping past idx_grix 14...
Skipping past idx_grix 15...
Skipping past idx_grix 16...
Skipping past idx_grix 17...
Skipping past idx_grix 18...
Skipping past idx_grix 19...
Skipping past idx_grix 20...
Skipping past idx_grix 21...
Skipping past idx_grix 22...
Skipping past idx_grix 23...
Skipping past idx_grix 24...
Skipping past idx_grix 25...
Skipping past idx_grix 26...
Skipping past idx_grix 27...
Skipping past idx_grix 28...
Skipping past idx_grix 29...

Processing scenario ID: 30
Panels type: ref_closest_panel
Crop type: crop_plot
Clip type: nan
Smooth type: {'window_size': 11, 'order': 2}
Bin type: nan
Segment type: {'method': 'mcari2', 'wl1': [800], 'wl2': [670], 'wl3': [550], 'mask_percentile': 50, 'mask_side': 'lower'}

Response variable: tissue_n_pct
Number of observations: 408

Feature set: reflectance

Writing mean spectra to a ``pandas.DataFrame``.
Number of input datacubes/spectra: 835
Old "step_pct": 0.05
New "step_pct": 0.5
alpha: 0.05
Features selected: 5
Iterations without progress: 0

alpha: 0.025
Features selected: 8
Iterations without progress: 0

alpha: 0.0125
Features selected: 10
Iterations without progress: 0

Old "step_pct": 0.5
New "step_pct": 0.1
alpha: 0.011250000000000001
Features selected: 19
Iterations without progress: 0

Old "step_pct": 0.1
New "step_pct": 0.2
alpha: 0.009000000000000001
Features selected: 18
Iterations without progress: 0

Old "step_pct": 0.2
New "step_pct": 0.4
alpha: 0.0054
Features selected: 17
Iterations without progress: 0

Old "step_pct": 0.4
New "step_pct": 0.8
alpha: 0.0010799999999999998
Features selected: 20
Iterations without progress: 0

alpha: 0.004968
Features selected: 41
Iterations without progress: 0

alpha: 0.00457056
Features selected: 21
Iterations without progress: 0

alpha: 0.004204915200000001
Features selected: 22
Iterations without progress: 0

alpha: 0.003868521984000001
Features selected: 21
Iterations without progress: 0

alpha: 0.003559040225280001
Features selected: 23
Iterations without progress: 0

alpha: 0.0032743170072576013
Features selected: 25
Iterations without progress: 0

alpha: 0.0030123716466769934
Features selected: 24
Iterations without progress: 0

alpha: 0.002771381914942834
Features selected: 23
Iterations without progress: 0

alpha: 0.0025496713617474075
Features selected: 23
Iterations without progress: 1

alpha: 0.002345697652807615
Features selected: 26
Iterations without progress: 0

alpha: 0.002158041840583006
Features selected: 26
Iterations without progress: 1

Old "step_pct": 0.08
New "step_pct": 0.04
alpha: 0.0020717201669596856
Features selected: 28
Iterations without progress: 0

alpha: 0.0021494096732206738
Features selected: 30
Iterations without progress: 0

Using up to 30 selected features

Length of logspace_list: 300
Number of chunks: 16
Average length of each chunk: 18.8
Number of cores: 8

Hyperparameter tuning...

Number of features: 19
Number of features: 6
Number of features: 8
Number of features: 7
Number of features: 10
Number of features: 18
Number of features: 20
Number of features: 24
Number of features: 6
Number of features: 4
Number of features: 5
Number of features: 18
Number of features: 24
Number of features: 3
Number of features: 4
Number of features: 3
Number of features: 2
Number of features: 11
Number of features: 8
Number of features: 18
Number of features: 24
Number of features: 8
Number of features: 18
Number of features: 22
Number of features: 3
Number of features: 17
Number of features: 19
Number of features: 19
Number of features: 28
Number of features: 12
Number of features: 5
Number of features: 9
Number of features: 2
Number of features: 7
Number of features: 13
Number of features: 27
Number of features: 5
Number of features: 5
Number of features: 9
Number of features: 21
Number of features: 16
Number of features: 25
Number of features: 3
Number of features: 19
Number of features: 22
Number of features: 19
Number of features: 3
Number of features: 9
Number of features: 23
Number of features: 4
Number of features: 21
Number of features: 9
Number of features: 17
Number of features: 11
Number of features: 24
Number of features: 5
Number of features: 20
Number of features: 1
Number of features: 19
Number of features: 18
Number of features: 4
Number of features: 8
Number of features: 20
Number of features: 19
Number of features: 26
Number of features: 16
Number of features: 4
Number of features: 9
Number of features: 25
Number of features: 4
Number of features: 26
Number of features: 18
Number of features: 22
Number of features: 18
Number of features: 4
Number of features: 2
Number of features: 18
Number of features: 19
Number of features: 14
Number of features: 22
Number of features: 23
Number of features: 17
Number of features: 10
Number of features: 4
Number of features: 27
Number of features: 15
Number of features: 21
Number of features: 6
Number of features: 14
Number of features: 23
Number of features: 22
Number of features: 10
Number of features: 21
Number of features: 9
Number of features: 20
las_alpha
pls_n_components
pls_scale
Skipping past idx_grix 0...
Skipping past idx_grix 1...
Skipping past idx_grix 2...
Skipping past idx_grix 3...
Skipping past idx_grix 4...
Skipping past idx_grix 5...
Skipping past idx_grix 6...
Skipping past idx_grix 7...
Skipping past idx_grix 8...
Skipping past idx_grix 9...
Skipping past idx_grix 10...
Skipping past idx_grix 11...
Skipping past idx_grix 12...
Skipping past idx_grix 13...
Skipping past idx_grix 14...
Skipping past idx_grix 15...
Skipping past idx_grix 16...
Skipping past idx_grix 17...
Skipping past idx_grix 18...
Skipping past idx_grix 19...
Skipping past idx_grix 20...
Skipping past idx_grix 21...
Skipping past idx_grix 22...
Skipping past idx_grix 23...
Skipping past idx_grix 24...
Skipping past idx_grix 25...
Skipping past idx_grix 26...
Skipping past idx_grix 27...
Skipping past idx_grix 28...
Skipping past idx_grix 29...

Processing scenario ID: 30
Panels type: ref_closest_panel
Crop type: crop_plot
Clip type: nan
Smooth type: {'window_size': 11, 'order': 2}
Bin type: nan
Segment type: {'method': 'mcari2', 'wl1': [800], 'wl2': [670], 'wl3': [550], 'mask_percentile': 50, 'mask_side': 'lower'}

Response variable: biomass_kgha
Number of observations: 407

Feature set: derivative_1

Writing mean spectra to a ``pandas.DataFrame``.
Number of input datacubes/spectra: 835
Old "step_pct": 0.05
New "step_pct": 0.5
alpha: 5.0
Features selected: 9
Iterations without progress: 0

alpha: 2.5
Features selected: 12
Iterations without progress: 0

alpha: 1.25
Features selected: 14
Iterations without progress: 0

Old "step_pct": 0.5
New "step_pct": 0.1
alpha: 1.125
Features selected: 21
Iterations without progress: 0

alpha: 1.0125
Features selected: 21
Iterations without progress: 1

Old "step_pct": 0.1
New "step_pct": 0.2
alpha: 0.81
Features selected: 20
Iterations without progress: 0

Old "step_pct": 0.2
New "step_pct": 0.04
alpha: 0.7776000000000001
Features selected: 29
Iterations without progress: 0

alpha: 0.746496
Features selected: 29
Iterations without progress: 1

alpha: 0.7744896000000001
Features selected: 30
Iterations without progress: 0

Using up to 30 selected features

Length of logspace_list: 300
Number of chunks: 16
Average length of each chunk: 18.8
Number of cores: 8

Hyperparameter tuning...

Number of features: 4
Number of features: 6
Number of features: 10
Number of features: 21
Number of features: 11
Number of features: 3
Number of features: 7
Number of features: 7
Number of features: 13
Number of features: 12
Number of features: 8
Number of features: 29
Number of features: 2
Number of features: 2
Number of features: 16
Number of features: 26
Number of features: 21
Number of features: 19
Number of features: 24
Number of features: 3
Number of features: 21
Number of features: 5
Number of features: 13
Number of features: 13
Number of features: 20
Number of features: 20
Number of features: 9
Number of features: 1
Number of features: 22
Number of features: 18
Number of features: 25
Number of features: 20
Number of features: 4
Number of features: 8
Number of features: 6
Number of features: 23
Number of features: 14
Number of features: 5
Number of features: 21
Number of features: 17
Number of features: 20
Number of features: 19
Number of features: 29
Number of features: 20
Number of features: 28
Number of features: 3
Number of features: 7
Number of features: 12
Number of features: 6
Number of features: 22
Number of features: 15
Number of features: 14
Number of features: 19
Number of features: 27
las_alpha
pls_n_components
pls_scale
Skipping past idx_grix 0...
Skipping past idx_grix 1...
Skipping past idx_grix 2...
Skipping past idx_grix 3...
Skipping past idx_grix 4...
Skipping past idx_grix 5...
Skipping past idx_grix 6...
Skipping past idx_grix 7...
Skipping past idx_grix 8...
Skipping past idx_grix 9...
Skipping past idx_grix 10...
Skipping past idx_grix 11...
Skipping past idx_grix 12...
Skipping past idx_grix 13...
Skipping past idx_grix 14...
Skipping past idx_grix 15...
Skipping past idx_grix 16...
Skipping past idx_grix 17...
Skipping past idx_grix 18...
Skipping past idx_grix 19...
Skipping past idx_grix 20...
Skipping past idx_grix 21...
Skipping past idx_grix 22...
Skipping past idx_grix 23...
Skipping past idx_grix 24...
Skipping past idx_grix 25...
Skipping past idx_grix 26...
Skipping past idx_grix 27...
Skipping past idx_grix 28...
Skipping past idx_grix 29...

Processing scenario ID: 30
Panels type: ref_closest_panel
Crop type: crop_plot
Clip type: nan
Smooth type: {'window_size': 11, 'order': 2}
Bin type: nan
Segment type: {'method': 'mcari2', 'wl1': [800], 'wl2': [670], 'wl3': [550], 'mask_percentile': 50, 'mask_side': 'lower'}

Response variable: nup_kgha
Number of observations: 407

Feature set: derivative_1

Writing mean spectra to a ``pandas.DataFrame``.
Number of input datacubes/spectra: 835
Old "step_pct": 0.05
New "step_pct": 0.5
alpha: 0.5
Features selected: 6
Iterations without progress: 0

alpha: 0.25
Features selected: 8
Iterations without progress: 0

alpha: 0.125
Features selected: 8
Iterations without progress: 1

alpha: 0.0625
Features selected: 13
Iterations without progress: 0

alpha: 0.03125
Features selected: 15
Iterations without progress: 0

Old "step_pct": 0.5
New "step_pct": 0.1
alpha: 0.028125
Features selected: 24
Iterations without progress: 0

alpha: 0.0253125
Features selected: 24
Iterations without progress: 1

alpha: 0.022781250000000003
Features selected: 25
Iterations without progress: 0

alpha: 0.020503125000000004
Features selected: 26
Iterations without progress: 0

Old "step_pct": 0.1
New "step_pct": 0.05
alpha: 0.01947796875
Features selected: 28
Iterations without progress: 0

alpha: 0.0185040703125
Features selected: 28
Iterations without progress: 1

alpha: 0.01938057890625
Features selected: 33
Iterations without progress: 0

alpha: 0.01928367601171875
Features selected: 28
Iterations without progress: 0

alpha: 0.019187257631660157
Features selected: 27
Iterations without progress: 0

alpha: 0.019091321343501857
Features selected: 27
Iterations without progress: 1

alpha: 0.01917766400284433
Features selected: 31
Iterations without progress: 0

alpha: 0.01916807517084291
Features selected: 27
Iterations without progress: 0

alpha: 0.019158491133257488
Features selected: 27
Iterations without progress: 1

alpha: 0.01914891188769086
Features selected: 27
Iterations without progress: 2

alpha: 0.019139337431747016
Features selected: 27
Iterations without progress: 3

alpha: 0.019147954442096476
Features selected: 30
Iterations without progress: 0

Using up to 30 selected features

Length of logspace_list: 300
Number of chunks: 16
Average length of each chunk: 18.8
Number of cores: 8

Hyperparameter tuning...

Number of features: 2
Number of features: 10
Number of features: 8
Number of features: 22
Number of features: 7
Number of features: 9
Number of features: 5
Number of features: 18
Number of features: 6
Number of features: 8
Number of features: 1
Number of features: 6
Number of features: 13
Number of features: 2
Number of features: 16
Number of features: 3
Number of features: 8
Number of features: 5
Number of features: 30
Number of features: 6
Number of features: 24
Number of features: 25
Number of features: 4
Number of features: 6
Number of features: 5
Number of features: 16
Number of features: 27
Number of features: 11
Number of features: 15
Number of features: 13
Number of features: 5
Number of features: 9
Number of features: 12
Number of features: 23
Number of features: 15
Number of features: 22
Number of features: 16
Number of features: 14
Number of features: 15
Number of features: 1
Number of features: 8
Number of features: 17
Number of features: 16
Number of features: 8
Number of features: 23
Number of features: 19
Number of features: 15
Number of features: 7
Number of features: 22
Number of features: 15
Number of features: 26
Number of features: 6
Number of features: 16
Number of features: 12
Number of features: 9
Number of features: 28
Number of features: 20
Number of features: 23
Number of features: 8
las_alpha
pls_n_components
pls_scale
Skipping past idx_grix 0...
Skipping past idx_grix 1...
Skipping past idx_grix 2...
Skipping past idx_grix 3...
Skipping past idx_grix 4...
Skipping past idx_grix 5...
Skipping past idx_grix 6...
Skipping past idx_grix 7...
Skipping past idx_grix 8...
Skipping past idx_grix 9...
Skipping past idx_grix 10...
Skipping past idx_grix 11...
Skipping past idx_grix 12...
Skipping past idx_grix 13...
Skipping past idx_grix 14...
Skipping past idx_grix 15...
Skipping past idx_grix 16...
Skipping past idx_grix 17...
Skipping past idx_grix 18...
Skipping past idx_grix 19...
Skipping past idx_grix 20...
Skipping past idx_grix 21...
Skipping past idx_grix 22...
Skipping past idx_grix 23...
Skipping past idx_grix 24...
Skipping past idx_grix 25...
Skipping past idx_grix 26...
Skipping past idx_grix 27...
Skipping past idx_grix 28...
Skipping past idx_grix 29...

Processing scenario ID: 30
Panels type: ref_closest_panel
Crop type: crop_plot
Clip type: nan
Smooth type: {'window_size': 11, 'order': 2}
Bin type: nan
Segment type: {'method': 'mcari2', 'wl1': [800], 'wl2': [670], 'wl3': [550], 'mask_percentile': 50, 'mask_side': 'lower'}

Response variable: tissue_n_pct
Number of observations: 408

Feature set: derivative_1

Writing mean spectra to a ``pandas.DataFrame``.
Number of input datacubes/spectra: 835
Old "step_pct": 0.05
New "step_pct": 0.5
alpha: 0.005
Features selected: 6
Iterations without progress: 0

alpha: 0.0025
Features selected: 8
Iterations without progress: 0

alpha: 0.00125
Features selected: 15
Iterations without progress: 0

Old "step_pct": 0.5
New "step_pct": 0.1
alpha: 0.0011250000000000001
Features selected: 24
Iterations without progress: 0

alpha: 0.0010125000000000002
Features selected: 23
Iterations without progress: 0

alpha: 0.0009112500000000002
Features selected: 25
Iterations without progress: 0

alpha: 0.0008201250000000002
Features selected: 27
Iterations without progress: 0

Old "step_pct": 0.1
New "step_pct": 0.05
alpha: 0.0007791187500000001
Features selected: 29
Iterations without progress: 0

alpha: 0.0008160243750000002
Features selected: 30
Iterations without progress: 0

Using up to 30 selected features

Length of logspace_list: 300
Number of chunks: 16
Average length of each chunk: 18.8
Number of cores: 8

Hyperparameter tuning...

Number of features: 5
Number of features: 17
Number of features: 1
Number of features: 19
Number of features: 3
Number of features: 3
Number of features: 4
Number of features: 23
Number of features: 2
Number of features: 8
Number of features: 17
Number of features: 17
Number of features: 6
Number of features: 13
Number of features: 6
Number of features: 18
Number of features: 15
Number of features: 28
Number of features: 16
Number of features: 5
Number of features: 26
Number of features: 18
Number of features: 12
Number of features: 16
Number of features: 14
Number of features: 18
Number of features: 10
Number of features: 24
Number of features: 13
Number of features: 9
Number of features: 14
Number of features: 29
Number of features: 8
Number of features: 7
Number of features: 24
Number of features: 25
Number of features: 28
Number of features: 7
Number of features: 26
Number of features: 6
Number of features: 9
Number of features: 14
Number of features: 8
Number of features: 19
Number of features: 21
Number of features: 18
Number of features: 25
Number of features: 17
Number of features: 11
Number of features: 22
Number of features: 15
Number of features: 2
Number of features: 24
Number of features: 23
Number of features: 24
las_alpha
pls_n_components
pls_scale
Skipping past idx_grix 0...
Skipping past idx_grix 1...
Skipping past idx_grix 2...
Skipping past idx_grix 3...
Skipping past idx_grix 4...
Skipping past idx_grix 5...
Skipping past idx_grix 6...
Skipping past idx_grix 7...
Skipping past idx_grix 8...
Skipping past idx_grix 9...
Skipping past idx_grix 10...
Skipping past idx_grix 11...
Skipping past idx_grix 12...
Skipping past idx_grix 13...
Skipping past idx_grix 14...
Skipping past idx_grix 15...
Skipping past idx_grix 16...
Skipping past idx_grix 17...
Skipping past idx_grix 18...
Skipping past idx_grix 19...
Skipping past idx_grix 20...
Skipping past idx_grix 21...
Skipping past idx_grix 22...
Skipping past idx_grix 23...
Skipping past idx_grix 24...
Skipping past idx_grix 25...
Skipping past idx_grix 26...
Skipping past idx_grix 27...
Skipping past idx_grix 28...
Skipping past idx_grix 29...

Processing scenario ID: 30
Panels type: ref_closest_panel
Crop type: crop_plot
Clip type: nan
Smooth type: {'window_size': 11, 'order': 2}
Bin type: nan
Segment type: {'method': 'mcari2', 'wl1': [800], 'wl2': [670], 'wl3': [550], 'mask_percentile': 50, 'mask_side': 'lower'}

Response variable: biomass_kgha
Number of observations: 407

Feature set: derivative_2

Writing mean spectra to a ``pandas.DataFrame``.
Number of input datacubes/spectra: 835
Old "step_pct": 0.05
New "step_pct": 0.5
alpha: 5.0
Features selected: 7
Iterations without progress: 0

alpha: 2.5
Features selected: 12
Iterations without progress: 0

alpha: 1.25
Features selected: 17
Iterations without progress: 0

Old "step_pct": 0.5
New "step_pct": 0.1
alpha: 1.125
Features selected: 24
Iterations without progress: 0

alpha: 1.0125
Features selected: 26
Iterations without progress: 0

alpha: 0.91125
Features selected: 26
Iterations without progress: 1

alpha: 0.820125
Features selected: 25
Iterations without progress: 0

alpha: 0.7381125000000001
Features selected: 27
Iterations without progress: 0

alpha: 0.6643012500000001
Features selected: 27
Iterations without progress: 1

alpha: 0.7307313750000001
Features selected: 30
Iterations without progress: 0

Using up to 30 selected features

Length of logspace_list: 300
Number of chunks: 16
Average length of each chunk: 18.8
Number of cores: 8

Hyperparameter tuning...

Number of features: 7
Number of features: 2
Number of features: 9
Number of features: 22
Number of features: 4
Number of features: 6
Number of features: 10
Number of features: 25
Number of features: 14
Number of features: 3
Number of features: 27
Number of features: 19
Number of features: 23
Number of features: 13
Number of features: 20
Number of features: 5
Number of features: 15
Number of features: 11
Number of features: 17
Number of features: 21
Number of features: 1
Number of features: 7
Number of features: 8
Number of features: 18
Number of features: 26
Number of features: 19
Number of features: 6
Number of features: 18
Number of features: 12
Number of features: 27
Number of features: 25
Number of features: 16
Number of features: 24
Number of features: 26
Number of features: 17
las_alpha
pls_n_components
pls_scale
Skipping past idx_grix 0...
Skipping past idx_grix 1...
Skipping past idx_grix 2...
Skipping past idx_grix 3...
Skipping past idx_grix 4...
Skipping past idx_grix 5...
Skipping past idx_grix 6...
Skipping past idx_grix 7...
Skipping past idx_grix 8...
Skipping past idx_grix 9...
Skipping past idx_grix 10...
Skipping past idx_grix 11...
Skipping past idx_grix 12...
Skipping past idx_grix 13...
Skipping past idx_grix 14...
Skipping past idx_grix 15...
Skipping past idx_grix 16...
Skipping past idx_grix 17...
Skipping past idx_grix 18...
Skipping past idx_grix 19...
Skipping past idx_grix 20...
Skipping past idx_grix 21...
Skipping past idx_grix 22...
Skipping past idx_grix 23...
Skipping past idx_grix 24...
Skipping past idx_grix 25...
Skipping past idx_grix 26...
Skipping past idx_grix 27...
Skipping past idx_grix 28...
Skipping past idx_grix 29...

Processing scenario ID: 30
Panels type: ref_closest_panel
Crop type: crop_plot
Clip type: nan
Smooth type: {'window_size': 11, 'order': 2}
Bin type: nan
Segment type: {'method': 'mcari2', 'wl1': [800], 'wl2': [670], 'wl3': [550], 'mask_percentile': 50, 'mask_side': 'lower'}

Response variable: nup_kgha
Number of observations: 407

Feature set: derivative_2

Writing mean spectra to a ``pandas.DataFrame``.
Number of input datacubes/spectra: 835
Old "step_pct": 0.05
New "step_pct": 0.5
alpha: 0.5
Features selected: 1
Iterations without progress: 0

alpha: 0.25
Features selected: 1
Iterations without progress: 1

alpha: 0.125
Features selected: 5
Iterations without progress: 0

alpha: 0.0625
Features selected: 9
Iterations without progress: 0

alpha: 0.03125
Features selected: 16
Iterations without progress: 0

alpha: 0.015625
Features selected: 22
Iterations without progress: 0

alpha: 0.0296875
Features selected: 35
Iterations without progress: 0

alpha: 0.028203125
Features selected: 22
Iterations without progress: 0

alpha: 0.026792968749999996
Features selected: 23
Iterations without progress: 0

alpha: 0.025453320312499996
Features selected: 24
Iterations without progress: 0

alpha: 0.024180654296874996
Features selected: 25
Iterations without progress: 0

alpha: 0.022971621582031244
Features selected: 26
Iterations without progress: 0

alpha: 0.02182304050292968
Features selected: 25
Iterations without progress: 0

alpha: 0.020731888477783195
Features selected: 26
Iterations without progress: 0

alpha: 0.019695294053894034
Features selected: 27
Iterations without progress: 0

alpha: 0.01871052935119933
Features selected: 27
Iterations without progress: 1

alpha: 0.01777500288363936
Features selected: 27
Iterations without progress: 2

alpha: 0.016886252739457392
Features selected: 27
Iterations without progress: 3

alpha: 0.016041940102484522
Features selected: 28
Iterations without progress: 0

alpha: 0.016801821475760106
Features selected: 31
Iterations without progress: 0

alpha: 0.016717812368381307
Features selected: 29
Iterations without progress: 0

alpha: 0.0166342233065394
Features selected: 29
Iterations without progress: 1

alpha: 0.016551052190006705
Features selected: 29
Iterations without progress: 2

alpha: 0.016468296929056672
Features selected: 29
Iterations without progress: 3

alpha: 0.01638595544441139
Features selected: 29
Iterations without progress: 4

alpha: 0.016304025667189335
Features selected: 29
Iterations without progress: 5

alpha: 0.016377762466689184
Features selected: 30
Iterations without progress: 0

Using up to 30 selected features

Length of logspace_list: 300
Number of chunks: 16
Average length of each chunk: 18.8
Number of cores: 8

Hyperparameter tuning...

Number of features: 1
Number of features: 15
Number of features: 27
Number of features: 25
Number of features: 17
Number of features: 10
Number of features: 4
Number of features: 26
Number of features: 3
Number of features: 16
Number of features: 11
Number of features: 13
Number of features: 18
Number of features: 6
Number of features: 25
Number of features: 9
Number of features: 28
Number of features: 5
Number of features: 24
Number of features: 26
Number of features: 17
Number of features: 21
Number of features: 16
Number of features: 14
Number of features: 15
Number of features: 20
Number of features: 8
Number of features: 16
Number of features: 23
Number of features: 22
Number of features: 18
Number of features: 29
Number of features: 15
Number of features: 25
Number of features: 26
Number of features: 12
Number of features: 7
Number of features: 19
Number of features: 2
las_alpha
pls_n_components
pls_scale
Skipping past idx_grix 0...
Skipping past idx_grix 1...
Skipping past idx_grix 2...
Skipping past idx_grix 3...
Skipping past idx_grix 4...
Skipping past idx_grix 5...
Skipping past idx_grix 6...
Skipping past idx_grix 7...
Skipping past idx_grix 8...
Skipping past idx_grix 9...
Skipping past idx_grix 10...
Skipping past idx_grix 11...
Skipping past idx_grix 12...
Skipping past idx_grix 13...
Skipping past idx_grix 14...
Skipping past idx_grix 15...
Skipping past idx_grix 16...
Skipping past idx_grix 17...
Skipping past idx_grix 18...
Skipping past idx_grix 19...
Skipping past idx_grix 20...
Skipping past idx_grix 21...
Skipping past idx_grix 22...
Skipping past idx_grix 23...
Skipping past idx_grix 24...
Skipping past idx_grix 25...
Skipping past idx_grix 26...
Skipping past idx_grix 27...
Skipping past idx_grix 28...
Skipping past idx_grix 29...

Processing scenario ID: 30
Panels type: ref_closest_panel
Crop type: crop_plot
Clip type: nan
Smooth type: {'window_size': 11, 'order': 2}
Bin type: nan
Segment type: {'method': 'mcari2', 'wl1': [800], 'wl2': [670], 'wl3': [550], 'mask_percentile': 50, 'mask_side': 'lower'}

Response variable: tissue_n_pct
Number of observations: 408

Feature set: derivative_2

Writing mean spectra to a ``pandas.DataFrame``.
Number of input datacubes/spectra: 835
Old "step_pct": 0.05
New "step_pct": 0.5
alpha: 0.005
Features selected: 1
Iterations without progress: 0

alpha: 0.0025
Features selected: 3
Iterations without progress: 0

alpha: 0.00125
Features selected: 10
Iterations without progress: 0

alpha: 0.000625
Features selected: 15
Iterations without progress: 0

Old "step_pct": 0.5
New "step_pct": 0.1
alpha: 0.0005625000000000001
Features selected: 26
Iterations without progress: 0

alpha: 0.00061875
Features selected: 31
Iterations without progress: 0

alpha: 0.0006125625
Features selected: 27
Iterations without progress: 0

Old "step_pct": 0.01
New "step_pct": 0.005
alpha: 0.0006094996875000001
Features selected: 29
Iterations without progress: 0

alpha: 0.00061225621875
Features selected: 30
Iterations without progress: 0

Using up to 30 selected features

Length of logspace_list: 300
Number of chunks: 16
Average length of each chunk: 18.8
Number of cores: 8

Hyperparameter tuning...

Number of features: 5
Number of features: 3
Number of features: 3
Number of features: 20
Number of features: 16
Number of features: 5
Number of features: 4
Number of features: 1
Number of features: 24
Number of features: 25
Number of features: 11
Number of features: 12
Number of features: 2
Number of features: 14
Number of features: 9
Number of features: 19
Number of features: 21
Number of features: 8
Number of features: 9
Number of features: 13
Number of features: 9
Number of features: 8
Number of features: 22
Number of features: 27
Number of features: 20
Number of features: 7
Number of features: 10
Number of features: 6
Number of features: 30
Number of features: 21
Number of features: 26
Number of features: 10
Number of features: 21
Number of features: 15
Number of features: 18
Number of features: 23
Number of features: 10
Number of features: 22
Number of features: 17
Number of features: 22
Number of features: 6
las_alpha
pls_n_components
pls_scale

Processing scenario ID: 30
Panels type: ref_closest_panel
Crop type: crop_plot
Clip type: nan
Smooth type: {'window_size': 11, 'order': 2}
Bin type: nan
Segment type: {'method': 'mcari2', 'wl1': [800], 'wl2': [670], 'wl3': [550], 'mask_percentile': 50, 'mask_side': 'lower'}
GLOBUS TRANSFER task_id: fc0dceb8-27e6-11eb-8fbe-0a34088e79f9
Waiting for transfer fc0dceb8-27e6-11eb-8fbe-0a34088e79f9 to complete...
Transfer fc0dceb8-27e6-11eb-8fbe-0a34088e79f9 has not yet finished; transfer submitted 1 minute(s) ago
Transfer fc0dceb8-27e6-11eb-8fbe-0a34088e79f9 has not yet finished; transfer submitted 2 minute(s) ago
Transfer fc0dceb8-27e6-11eb-8fbe-0a34088e79f9 has not yet finished; transfer submitted 3 minute(s) ago
Transfer fc0dceb8-27e6-11eb-8fbe-0a34088e79f9 has not yet finished; transfer submitted 4 minute(s) ago
Transfer fc0dceb8-27e6-11eb-8fbe-0a34088e79f9 has not yet finished; transfer submitted 5 minute(s) ago
Transfer fc0dceb8-27e6-11eb-8fbe-0a34088e79f9 has not yet finished; transfer submitted 6 minute(s) ago
Transfer fc0dceb8-27e6-11eb-8fbe-0a34088e79f9 has not yet finished; transfer submitted 7 minute(s) ago
Transfer fc0dceb8-27e6-11eb-8fbe-0a34088e79f9 has not yet finished; transfer submitted 8 minute(s) ago
Transfer fc0dceb8-27e6-11eb-8fbe-0a34088e79f9 has not yet finished; transfer submitted 9 minute(s) ago
Transfer fc0dceb8-27e6-11eb-8fbe-0a34088e79f9 has not yet finished; transfer submitted 10 minute(s) ago
Transfer fc0dceb8-27e6-11eb-8fbe-0a34088e79f9 has not yet finished; transfer submitted 11 minute(s) ago
Transfer fc0dceb8-27e6-11eb-8fbe-0a34088e79f9 has not yet finished; transfer submitted 12 minute(s) ago
Transfer fc0dceb8-27e6-11eb-8fbe-0a34088e79f9 has not yet finished; transfer submitted 13 minute(s) ago
Transfer fc0dceb8-27e6-11eb-8fbe-0a34088e79f9 has not yet finished; transfer submitted 14 minute(s) ago
Transfer fc0dceb8-27e6-11eb-8fbe-0a34088e79f9 has not yet finished; transfer submitted 15 minute(s) ago
Transfer fc0dceb8-27e6-11eb-8fbe-0a34088e79f9 has not yet finished; transfer submitted 16 minute(s) ago
Transfer fc0dceb8-27e6-11eb-8fbe-0a34088e79f9 has not yet finished; transfer submitted 17 minute(s) ago
Transfer fc0dceb8-27e6-11eb-8fbe-0a34088e79f9 has not yet finished; transfer submitted 18 minute(s) ago
Transfer fc0dceb8-27e6-11eb-8fbe-0a34088e79f9 has not yet finished; transfer submitted 19 minute(s) ago
Transfer fc0dceb8-27e6-11eb-8fbe-0a34088e79f9 has not yet finished; transfer submitted 20 minute(s) ago
Transfer fc0dceb8-27e6-11eb-8fbe-0a34088e79f9 has not yet finished; transfer submitted 21 minute(s) ago
Transfer fc0dceb8-27e6-11eb-8fbe-0a34088e79f9 has not yet finished; transfer submitted 22 minute(s) ago
Transfer fc0dceb8-27e6-11eb-8fbe-0a34088e79f9 has not yet finished; transfer submitted 23 minute(s) ago
Transfer fc0dceb8-27e6-11eb-8fbe-0a34088e79f9 has not yet finished; transfer submitted 24 minute(s) ago
Transfer fc0dceb8-27e6-11eb-8fbe-0a34088e79f9 has not yet finished; transfer submitted 25 minute(s) ago
Transfer fc0dceb8-27e6-11eb-8fbe-0a34088e79f9 has not yet finished; transfer submitted 26 minute(s) ago
Transfer fc0dceb8-27e6-11eb-8fbe-0a34088e79f9 has not yet finished; transfer submitted 27 minute(s) ago
Transfer fc0dceb8-27e6-11eb-8fbe-0a34088e79f9 has not yet finished; transfer submitted 28 minute(s) ago
Transfer fc0dceb8-27e6-11eb-8fbe-0a34088e79f9 has not yet finished; transfer submitted 29 minute(s) ago
DONE.
GLOBUS DELETE task_id: 30475c54-27eb-11eb-8fbe-0a34088e79f9

Processing scenario ID: 31
Panels type: ref_closest_panel
Crop type: crop_plot
Clip type: nan
Smooth type: {'window_size': 11, 'order': 2}
Bin type: nan
Segment type: {'method': 'mcari2', 'wl1': [800], 'wl2': [670], 'wl3': [550], 'mask_percentile': 50, 'mask_side': 'upper'}
GLOBUS TRANSFER task_id: 3239fc4c-27eb-11eb-b162-0ee0d5d9299f
Waiting for transfer 3239fc4c-27eb-11eb-b162-0ee0d5d9299f to complete...
Transfer 3239fc4c-27eb-11eb-b162-0ee0d5d9299f has not yet finished; transfer submitted 1 minute(s) ago
Transfer 3239fc4c-27eb-11eb-b162-0ee0d5d9299f has not yet finished; transfer submitted 2 minute(s) ago
Transfer 3239fc4c-27eb-11eb-b162-0ee0d5d9299f has not yet finished; transfer submitted 3 minute(s) ago
Transfer 3239fc4c-27eb-11eb-b162-0ee0d5d9299f has not yet finished; transfer submitted 4 minute(s) ago
Transfer 3239fc4c-27eb-11eb-b162-0ee0d5d9299f has not yet finished; transfer submitted 5 minute(s) ago
Transfer 3239fc4c-27eb-11eb-b162-0ee0d5d9299f has not yet finished; transfer submitted 6 minute(s) ago
Transfer 3239fc4c-27eb-11eb-b162-0ee0d5d9299f has not yet finished; transfer submitted 7 minute(s) ago
Transfer 3239fc4c-27eb-11eb-b162-0ee0d5d9299f has not yet finished; transfer submitted 8 minute(s) ago
Transfer 3239fc4c-27eb-11eb-b162-0ee0d5d9299f has not yet finished; transfer submitted 9 minute(s) ago
Transfer 3239fc4c-27eb-11eb-b162-0ee0d5d9299f has not yet finished; transfer submitted 10 minute(s) ago
Transfer 3239fc4c-27eb-11eb-b162-0ee0d5d9299f has not yet finished; transfer submitted 11 minute(s) ago
Transfer 3239fc4c-27eb-11eb-b162-0ee0d5d9299f has not yet finished; transfer submitted 12 minute(s) ago
Transfer 3239fc4c-27eb-11eb-b162-0ee0d5d9299f has not yet finished; transfer submitted 13 minute(s) ago
Transfer 3239fc4c-27eb-11eb-b162-0ee0d5d9299f has not yet finished; transfer submitted 14 minute(s) ago
Transfer 3239fc4c-27eb-11eb-b162-0ee0d5d9299f has not yet finished; transfer submitted 15 minute(s) ago
Transfer 3239fc4c-27eb-11eb-b162-0ee0d5d9299f has not yet finished; transfer submitted 16 minute(s) ago
Transfer 3239fc4c-27eb-11eb-b162-0ee0d5d9299f has not yet finished; transfer submitted 17 minute(s) ago
Transfer 3239fc4c-27eb-11eb-b162-0ee0d5d9299f has not yet finished; transfer submitted 18 minute(s) ago
Transfer 3239fc4c-27eb-11eb-b162-0ee0d5d9299f has not yet finished; transfer submitted 19 minute(s) ago
Transfer 3239fc4c-27eb-11eb-b162-0ee0d5d9299f has not yet finished; transfer submitted 20 minute(s) ago
Transfer 3239fc4c-27eb-11eb-b162-0ee0d5d9299f has not yet finished; transfer submitted 21 minute(s) ago
Transfer 3239fc4c-27eb-11eb-b162-0ee0d5d9299f has not yet finished; transfer submitted 22 minute(s) ago
Transfer 3239fc4c-27eb-11eb-b162-0ee0d5d9299f has not yet finished; transfer submitted 23 minute(s) ago
Transfer 3239fc4c-27eb-11eb-b162-0ee0d5d9299f has not yet finished; transfer submitted 24 minute(s) ago
Transfer 3239fc4c-27eb-11eb-b162-0ee0d5d9299f has not yet finished; transfer submitted 25 minute(s) ago
Transfer 3239fc4c-27eb-11eb-b162-0ee0d5d9299f has not yet finished; transfer submitted 26 minute(s) ago
Transfer 3239fc4c-27eb-11eb-b162-0ee0d5d9299f has not yet finished; transfer submitted 27 minute(s) ago
Transfer 3239fc4c-27eb-11eb-b162-0ee0d5d9299f has not yet finished; transfer submitted 28 minute(s) ago
Transfer 3239fc4c-27eb-11eb-b162-0ee0d5d9299f has not yet finished; transfer submitted 29 minute(s) ago
DONE.
GLOBUS DELETE task_id: 6134adc2-27ef-11eb-b162-0ee0d5d9299f

Processing scenario ID: 32
Panels type: ref_closest_panel
Crop type: crop_plot
Clip type: nan
Smooth type: {'window_size': 11, 'order': 2}
Bin type: nan
Segment type: {'method': 'mcari2', 'wl1': [800], 'wl2': [670], 'wl3': [550], 'mask_percentile': 90, 'mask_side': 'lower'}
GLOBUS TRANSFER task_id: 63321934-27ef-11eb-8fbe-0a34088e79f9
Waiting for transfer 63321934-27ef-11eb-8fbe-0a34088e79f9 to complete...
Transfer 63321934-27ef-11eb-8fbe-0a34088e79f9 has not yet finished; transfer submitted 1 minute(s) ago
Transfer 63321934-27ef-11eb-8fbe-0a34088e79f9 has not yet finished; transfer submitted 2 minute(s) ago
Transfer 63321934-27ef-11eb-8fbe-0a34088e79f9 has not yet finished; transfer submitted 3 minute(s) ago
Transfer 63321934-27ef-11eb-8fbe-0a34088e79f9 has not yet finished; transfer submitted 4 minute(s) ago
Transfer 63321934-27ef-11eb-8fbe-0a34088e79f9 has not yet finished; transfer submitted 5 minute(s) ago
Transfer 63321934-27ef-11eb-8fbe-0a34088e79f9 has not yet finished; transfer submitted 6 minute(s) ago
Transfer 63321934-27ef-11eb-8fbe-0a34088e79f9 has not yet finished; transfer submitted 7 minute(s) ago
Transfer 63321934-27ef-11eb-8fbe-0a34088e79f9 has not yet finished; transfer submitted 8 minute(s) ago
Transfer 63321934-27ef-11eb-8fbe-0a34088e79f9 has not yet finished; transfer submitted 9 minute(s) ago
Transfer 63321934-27ef-11eb-8fbe-0a34088e79f9 has not yet finished; transfer submitted 10 minute(s) ago
Transfer 63321934-27ef-11eb-8fbe-0a34088e79f9 has not yet finished; transfer submitted 11 minute(s) ago
Transfer 63321934-27ef-11eb-8fbe-0a34088e79f9 has not yet finished; transfer submitted 12 minute(s) ago
Transfer 63321934-27ef-11eb-8fbe-0a34088e79f9 has not yet finished; transfer submitted 13 minute(s) ago
Transfer 63321934-27ef-11eb-8fbe-0a34088e79f9 has not yet finished; transfer submitted 14 minute(s) ago
Transfer 63321934-27ef-11eb-8fbe-0a34088e79f9 has not yet finished; transfer submitted 15 minute(s) ago
Transfer 63321934-27ef-11eb-8fbe-0a34088e79f9 has not yet finished; transfer submitted 16 minute(s) ago
Transfer 63321934-27ef-11eb-8fbe-0a34088e79f9 has not yet finished; transfer submitted 17 minute(s) ago
Transfer 63321934-27ef-11eb-8fbe-0a34088e79f9 has not yet finished; transfer submitted 18 minute(s) ago
Transfer 63321934-27ef-11eb-8fbe-0a34088e79f9 has not yet finished; transfer submitted 19 minute(s) ago
Transfer 63321934-27ef-11eb-8fbe-0a34088e79f9 has not yet finished; transfer submitted 20 minute(s) ago
Transfer 63321934-27ef-11eb-8fbe-0a34088e79f9 has not yet finished; transfer submitted 21 minute(s) ago
Transfer 63321934-27ef-11eb-8fbe-0a34088e79f9 has not yet finished; transfer submitted 22 minute(s) ago
Transfer 63321934-27ef-11eb-8fbe-0a34088e79f9 has not yet finished; transfer submitted 23 minute(s) ago
DONE.
GLOBUS DELETE task_id: ca349032-27f2-11eb-b539-02d9497ca481

Processing scenario ID: 33
Panels type: ref_closest_panel
Crop type: crop_plot
Clip type: nan
Smooth type: {'window_size': 11, 'order': 2}
Bin type: nan
Segment type: {'method': 'mcari2', 'wl1': [800], 'wl2': [670], 'wl3': [550], 'mask_percentile': [50, 75], 'mask_side': 'outside'}
GLOBUS TRANSFER task_id: cc412ebc-27f2-11eb-b162-0ee0d5d9299f
Waiting for transfer cc412ebc-27f2-11eb-b162-0ee0d5d9299f to complete...
Transfer cc412ebc-27f2-11eb-b162-0ee0d5d9299f has not yet finished; transfer submitted 1 minute(s) ago
Transfer cc412ebc-27f2-11eb-b162-0ee0d5d9299f has not yet finished; transfer submitted 2 minute(s) ago
Transfer cc412ebc-27f2-11eb-b162-0ee0d5d9299f has not yet finished; transfer submitted 3 minute(s) ago
Transfer cc412ebc-27f2-11eb-b162-0ee0d5d9299f has not yet finished; transfer submitted 4 minute(s) ago
Transfer cc412ebc-27f2-11eb-b162-0ee0d5d9299f has not yet finished; transfer submitted 5 minute(s) ago
Transfer cc412ebc-27f2-11eb-b162-0ee0d5d9299f has not yet finished; transfer submitted 6 minute(s) ago
Transfer cc412ebc-27f2-11eb-b162-0ee0d5d9299f has not yet finished; transfer submitted 7 minute(s) ago
Transfer cc412ebc-27f2-11eb-b162-0ee0d5d9299f has not yet finished; transfer submitted 8 minute(s) ago
Transfer cc412ebc-27f2-11eb-b162-0ee0d5d9299f has not yet finished; transfer submitted 9 minute(s) ago
Transfer cc412ebc-27f2-11eb-b162-0ee0d5d9299f has not yet finished; transfer submitted 10 minute(s) ago
Transfer cc412ebc-27f2-11eb-b162-0ee0d5d9299f has not yet finished; transfer submitted 11 minute(s) ago
Transfer cc412ebc-27f2-11eb-b162-0ee0d5d9299f has not yet finished; transfer submitted 12 minute(s) ago
Transfer cc412ebc-27f2-11eb-b162-0ee0d5d9299f has not yet finished; transfer submitted 13 minute(s) ago
Transfer cc412ebc-27f2-11eb-b162-0ee0d5d9299f has not yet finished; transfer submitted 14 minute(s) ago
Transfer cc412ebc-27f2-11eb-b162-0ee0d5d9299f has not yet finished; transfer submitted 15 minute(s) ago
Transfer cc412ebc-27f2-11eb-b162-0ee0d5d9299f has not yet finished; transfer submitted 16 minute(s) ago
Transfer cc412ebc-27f2-11eb-b162-0ee0d5d9299f has not yet finished; transfer submitted 17 minute(s) ago
Transfer cc412ebc-27f2-11eb-b162-0ee0d5d9299f has not yet finished; transfer submitted 18 minute(s) ago
Transfer cc412ebc-27f2-11eb-b162-0ee0d5d9299f has not yet finished; transfer submitted 19 minute(s) ago
Transfer cc412ebc-27f2-11eb-b162-0ee0d5d9299f has not yet finished; transfer submitted 20 minute(s) ago
Transfer cc412ebc-27f2-11eb-b162-0ee0d5d9299f has not yet finished; transfer submitted 21 minute(s) ago
Transfer cc412ebc-27f2-11eb-b162-0ee0d5d9299f has not yet finished; transfer submitted 22 minute(s) ago
Transfer cc412ebc-27f2-11eb-b162-0ee0d5d9299f has not yet finished; transfer submitted 23 minute(s) ago
Transfer cc412ebc-27f2-11eb-b162-0ee0d5d9299f has not yet finished; transfer submitted 24 minute(s) ago
Transfer cc412ebc-27f2-11eb-b162-0ee0d5d9299f has not yet finished; transfer submitted 25 minute(s) ago
Transfer cc412ebc-27f2-11eb-b162-0ee0d5d9299f has not yet finished; transfer submitted 26 minute(s) ago
Transfer cc412ebc-27f2-11eb-b162-0ee0d5d9299f has not yet finished; transfer submitted 27 minute(s) ago
Transfer cc412ebc-27f2-11eb-b162-0ee0d5d9299f has not yet finished; transfer submitted 28 minute(s) ago
Transfer cc412ebc-27f2-11eb-b162-0ee0d5d9299f has not yet finished; transfer submitted 29 minute(s) ago
Transfer cc412ebc-27f2-11eb-b162-0ee0d5d9299f has not yet finished; transfer submitted 30 minute(s) ago
Transfer cc412ebc-27f2-11eb-b162-0ee0d5d9299f has not yet finished; transfer submitted 31 minute(s) ago
Transfer cc412ebc-27f2-11eb-b162-0ee0d5d9299f has not yet finished; transfer submitted 32 minute(s) ago
Transfer cc412ebc-27f2-11eb-b162-0ee0d5d9299f has not yet finished; transfer submitted 33 minute(s) ago
Transfer cc412ebc-27f2-11eb-b162-0ee0d5d9299f has not yet finished; transfer submitted 34 minute(s) ago
Transfer cc412ebc-27f2-11eb-b162-0ee0d5d9299f has not yet finished; transfer submitted 35 minute(s) ago
Transfer cc412ebc-27f2-11eb-b162-0ee0d5d9299f has not yet finished; transfer submitted 36 minute(s) ago
Transfer cc412ebc-27f2-11eb-b162-0ee0d5d9299f has not yet finished; transfer submitted 37 minute(s) ago
Transfer cc412ebc-27f2-11eb-b162-0ee0d5d9299f has not yet finished; transfer submitted 38 minute(s) ago
Transfer cc412ebc-27f2-11eb-b162-0ee0d5d9299f has not yet finished; transfer submitted 39 minute(s) ago
Transfer cc412ebc-27f2-11eb-b162-0ee0d5d9299f has not yet finished; transfer submitted 40 minute(s) ago
Transfer cc412ebc-27f2-11eb-b162-0ee0d5d9299f has not yet finished; transfer submitted 41 minute(s) ago
Transfer cc412ebc-27f2-11eb-b162-0ee0d5d9299f has not yet finished; transfer submitted 42 minute(s) ago
Transfer cc412ebc-27f2-11eb-b162-0ee0d5d9299f has not yet finished; transfer submitted 43 minute(s) ago
Transfer cc412ebc-27f2-11eb-b162-0ee0d5d9299f has not yet finished; transfer submitted 44 minute(s) ago
Transfer cc412ebc-27f2-11eb-b162-0ee0d5d9299f has not yet finished; transfer submitted 45 minute(s) ago
Transfer cc412ebc-27f2-11eb-b162-0ee0d5d9299f has not yet finished; transfer submitted 46 minute(s) ago
Transfer cc412ebc-27f2-11eb-b162-0ee0d5d9299f has not yet finished; transfer submitted 47 minute(s) ago
Transfer cc412ebc-27f2-11eb-b162-0ee0d5d9299f has not yet finished; transfer submitted 48 minute(s) ago
Transfer cc412ebc-27f2-11eb-b162-0ee0d5d9299f has not yet finished; transfer submitted 49 minute(s) ago
Transfer cc412ebc-27f2-11eb-b162-0ee0d5d9299f has not yet finished; transfer submitted 50 minute(s) ago
Transfer cc412ebc-27f2-11eb-b162-0ee0d5d9299f has not yet finished; transfer submitted 51 minute(s) ago
Transfer cc412ebc-27f2-11eb-b162-0ee0d5d9299f has not yet finished; transfer submitted 52 minute(s) ago
Transfer cc412ebc-27f2-11eb-b162-0ee0d5d9299f has not yet finished; transfer submitted 53 minute(s) ago
Transfer cc412ebc-27f2-11eb-b162-0ee0d5d9299f has not yet finished; transfer submitted 54 minute(s) ago
Transfer cc412ebc-27f2-11eb-b162-0ee0d5d9299f has not yet finished; transfer submitted 55 minute(s) ago
Transfer cc412ebc-27f2-11eb-b162-0ee0d5d9299f has not yet finished; transfer submitted 56 minute(s) ago
Transfer cc412ebc-27f2-11eb-b162-0ee0d5d9299f has not yet finished; transfer submitted 57 minute(s) ago
Transfer cc412ebc-27f2-11eb-b162-0ee0d5d9299f has not yet finished; transfer submitted 58 minute(s) ago
Transfer cc412ebc-27f2-11eb-b162-0ee0d5d9299f has not yet finished; transfer submitted 59 minute(s) ago
Transfer cc412ebc-27f2-11eb-b162-0ee0d5d9299f has not yet finished; transfer submitted 60 minute(s) ago
Transfer cc412ebc-27f2-11eb-b162-0ee0d5d9299f has not yet finished; transfer submitted 61 minute(s) ago
Transfer cc412ebc-27f2-11eb-b162-0ee0d5d9299f has not yet finished; transfer submitted 62 minute(s) ago
Transfer cc412ebc-27f2-11eb-b162-0ee0d5d9299f has not yet finished; transfer submitted 63 minute(s) ago
Transfer cc412ebc-27f2-11eb-b162-0ee0d5d9299f has not yet finished; transfer submitted 64 minute(s) ago
Transfer cc412ebc-27f2-11eb-b162-0ee0d5d9299f has not yet finished; transfer submitted 65 minute(s) ago
Transfer cc412ebc-27f2-11eb-b162-0ee0d5d9299f has not yet finished; transfer submitted 66 minute(s) ago
Transfer cc412ebc-27f2-11eb-b162-0ee0d5d9299f has not yet finished; transfer submitted 67 minute(s) ago
Transfer cc412ebc-27f2-11eb-b162-0ee0d5d9299f has not yet finished; transfer submitted 68 minute(s) ago
Transfer cc412ebc-27f2-11eb-b162-0ee0d5d9299f has not yet finished; transfer submitted 69 minute(s) ago
Transfer cc412ebc-27f2-11eb-b162-0ee0d5d9299f has not yet finished; transfer submitted 70 minute(s) ago
Transfer cc412ebc-27f2-11eb-b162-0ee0d5d9299f has not yet finished; transfer submitted 71 minute(s) ago
Transfer cc412ebc-27f2-11eb-b162-0ee0d5d9299f has not yet finished; transfer submitted 72 minute(s) ago
Transfer cc412ebc-27f2-11eb-b162-0ee0d5d9299f has not yet finished; transfer submitted 73 minute(s) ago
Transfer cc412ebc-27f2-11eb-b162-0ee0d5d9299f has not yet finished; transfer submitted 74 minute(s) ago
Transfer cc412ebc-27f2-11eb-b162-0ee0d5d9299f has not yet finished; transfer submitted 75 minute(s) ago
Transfer cc412ebc-27f2-11eb-b162-0ee0d5d9299f has not yet finished; transfer submitted 76 minute(s) ago
Transfer cc412ebc-27f2-11eb-b162-0ee0d5d9299f has not yet finished; transfer submitted 77 minute(s) ago
Transfer cc412ebc-27f2-11eb-b162-0ee0d5d9299f has not yet finished; transfer submitted 78 minute(s) ago
Transfer cc412ebc-27f2-11eb-b162-0ee0d5d9299f has not yet finished; transfer submitted 79 minute(s) ago
Transfer cc412ebc-27f2-11eb-b162-0ee0d5d9299f has not yet finished; transfer submitted 80 minute(s) ago
Transfer cc412ebc-27f2-11eb-b162-0ee0d5d9299f has not yet finished; transfer submitted 81 minute(s) ago
Transfer cc412ebc-27f2-11eb-b162-0ee0d5d9299f has not yet finished; transfer submitted 82 minute(s) ago
Transfer cc412ebc-27f2-11eb-b162-0ee0d5d9299f has not yet finished; transfer submitted 83 minute(s) ago
Transfer cc412ebc-27f2-11eb-b162-0ee0d5d9299f has not yet finished; transfer submitted 84 minute(s) ago
Transfer cc412ebc-27f2-11eb-b162-0ee0d5d9299f has not yet finished; transfer submitted 85 minute(s) ago
Transfer cc412ebc-27f2-11eb-b162-0ee0d5d9299f has not yet finished; transfer submitted 86 minute(s) ago
Transfer cc412ebc-27f2-11eb-b162-0ee0d5d9299f has not yet finished; transfer submitted 87 minute(s) ago
Transfer cc412ebc-27f2-11eb-b162-0ee0d5d9299f has not yet finished; transfer submitted 88 minute(s) ago
Transfer cc412ebc-27f2-11eb-b162-0ee0d5d9299f has not yet finished; transfer submitted 89 minute(s) ago
Transfer cc412ebc-27f2-11eb-b162-0ee0d5d9299f has not yet finished; transfer submitted 90 minute(s) ago
Transfer cc412ebc-27f2-11eb-b162-0ee0d5d9299f has not yet finished; transfer submitted 91 minute(s) ago
Transfer cc412ebc-27f2-11eb-b162-0ee0d5d9299f has not yet finished; transfer submitted 92 minute(s) ago
Transfer cc412ebc-27f2-11eb-b162-0ee0d5d9299f has not yet finished; transfer submitted 93 minute(s) ago
Transfer cc412ebc-27f2-11eb-b162-0ee0d5d9299f has not yet finished; transfer submitted 94 minute(s) ago
Transfer cc412ebc-27f2-11eb-b162-0ee0d5d9299f has not yet finished; transfer submitted 95 minute(s) ago
Transfer cc412ebc-27f2-11eb-b162-0ee0d5d9299f has not yet finished; transfer submitted 96 minute(s) ago
Transfer cc412ebc-27f2-11eb-b162-0ee0d5d9299f has not yet finished; transfer submitted 97 minute(s) ago
Transfer cc412ebc-27f2-11eb-b162-0ee0d5d9299f has not yet finished; transfer submitted 98 minute(s) ago
Transfer cc412ebc-27f2-11eb-b162-0ee0d5d9299f has not yet finished; transfer submitted 99 minute(s) ago
Transfer cc412ebc-27f2-11eb-b162-0ee0d5d9299f has not yet finished; transfer submitted 100 minute(s) ago
Transfer cc412ebc-27f2-11eb-b162-0ee0d5d9299f has not yet finished; transfer submitted 101 minute(s) ago
Transfer cc412ebc-27f2-11eb-b162-0ee0d5d9299f has not yet finished; transfer submitted 102 minute(s) ago
Transfer cc412ebc-27f2-11eb-b162-0ee0d5d9299f has not yet finished; transfer submitted 103 minute(s) ago
Transfer cc412ebc-27f2-11eb-b162-0ee0d5d9299f has not yet finished; transfer submitted 104 minute(s) ago
Transfer cc412ebc-27f2-11eb-b162-0ee0d5d9299f has not yet finished; transfer submitted 105 minute(s) ago
Transfer cc412ebc-27f2-11eb-b162-0ee0d5d9299f has not yet finished; transfer submitted 106 minute(s) ago
Transfer cc412ebc-27f2-11eb-b162-0ee0d5d9299f has not yet finished; transfer submitted 107 minute(s) ago
Transfer cc412ebc-27f2-11eb-b162-0ee0d5d9299f has not yet finished; transfer submitted 108 minute(s) ago
Transfer cc412ebc-27f2-11eb-b162-0ee0d5d9299f has not yet finished; transfer submitted 109 minute(s) ago
Transfer cc412ebc-27f2-11eb-b162-0ee0d5d9299f has not yet finished; transfer submitted 110 minute(s) ago
Transfer cc412ebc-27f2-11eb-b162-0ee0d5d9299f has not yet finished; transfer submitted 111 minute(s) ago
Transfer cc412ebc-27f2-11eb-b162-0ee0d5d9299f has not yet finished; transfer submitted 112 minute(s) ago
Transfer cc412ebc-27f2-11eb-b162-0ee0d5d9299f has not yet finished; transfer submitted 113 minute(s) ago
Transfer cc412ebc-27f2-11eb-b162-0ee0d5d9299f has not yet finished; transfer submitted 114 minute(s) ago
Transfer cc412ebc-27f2-11eb-b162-0ee0d5d9299f has not yet finished; transfer submitted 115 minute(s) ago
Transfer cc412ebc-27f2-11eb-b162-0ee0d5d9299f has not yet finished; transfer submitted 116 minute(s) ago
Transfer cc412ebc-27f2-11eb-b162-0ee0d5d9299f has not yet finished; transfer submitted 117 minute(s) ago
Transfer cc412ebc-27f2-11eb-b162-0ee0d5d9299f has not yet finished; transfer submitted 118 minute(s) ago
Transfer cc412ebc-27f2-11eb-b162-0ee0d5d9299f has not yet finished; transfer submitted 119 minute(s) ago
Transfer cc412ebc-27f2-11eb-b162-0ee0d5d9299f has not yet finished; transfer submitted 120 minute(s) ago
Transfer cc412ebc-27f2-11eb-b162-0ee0d5d9299f has not yet finished; transfer submitted 121 minute(s) ago
Transfer cc412ebc-27f2-11eb-b162-0ee0d5d9299f has not yet finished; transfer submitted 122 minute(s) ago
Transfer cc412ebc-27f2-11eb-b162-0ee0d5d9299f has not yet finished; transfer submitted 123 minute(s) ago
Transfer cc412ebc-27f2-11eb-b162-0ee0d5d9299f has not yet finished; transfer submitted 124 minute(s) ago
Transfer cc412ebc-27f2-11eb-b162-0ee0d5d9299f has not yet finished; transfer submitted 125 minute(s) ago
Transfer cc412ebc-27f2-11eb-b162-0ee0d5d9299f has not yet finished; transfer submitted 126 minute(s) ago
Transfer cc412ebc-27f2-11eb-b162-0ee0d5d9299f has not yet finished; transfer submitted 127 minute(s) ago
Transfer cc412ebc-27f2-11eb-b162-0ee0d5d9299f has not yet finished; transfer submitted 128 minute(s) ago
Transfer cc412ebc-27f2-11eb-b162-0ee0d5d9299f has not yet finished; transfer submitted 129 minute(s) ago
DONE.
GLOBUS DELETE task_id: 20166388-2805-11eb-b539-02d9497ca481

Processing scenario ID: 34
Panels type: ref_closest_panel
Crop type: crop_plot
Clip type: nan
Smooth type: {'window_size': 11, 'order': 2}
Bin type: nan
Segment type: {'method': 'mcari2', 'wl1': [800], 'wl2': [670], 'wl3': [550], 'mask_percentile': [75, 95], 'mask_side': 'outside'}
GLOBUS TRANSFER task_id: 25d284b4-2805-11eb-b539-02d9497ca481
Waiting for transfer 25d284b4-2805-11eb-b539-02d9497ca481 to complete...
Transfer 25d284b4-2805-11eb-b539-02d9497ca481 has not yet finished; transfer submitted 1 minute(s) ago
Transfer 25d284b4-2805-11eb-b539-02d9497ca481 has not yet finished; transfer submitted 2 minute(s) ago
Transfer 25d284b4-2805-11eb-b539-02d9497ca481 has not yet finished; transfer submitted 3 minute(s) ago
Transfer 25d284b4-2805-11eb-b539-02d9497ca481 has not yet finished; transfer submitted 4 minute(s) ago
Transfer 25d284b4-2805-11eb-b539-02d9497ca481 has not yet finished; transfer submitted 5 minute(s) ago
Transfer 25d284b4-2805-11eb-b539-02d9497ca481 has not yet finished; transfer submitted 6 minute(s) ago
Transfer 25d284b4-2805-11eb-b539-02d9497ca481 has not yet finished; transfer submitted 7 minute(s) ago
Transfer 25d284b4-2805-11eb-b539-02d9497ca481 has not yet finished; transfer submitted 8 minute(s) ago
Transfer 25d284b4-2805-11eb-b539-02d9497ca481 has not yet finished; transfer submitted 9 minute(s) ago
Transfer 25d284b4-2805-11eb-b539-02d9497ca481 has not yet finished; transfer submitted 10 minute(s) ago
Transfer 25d284b4-2805-11eb-b539-02d9497ca481 has not yet finished; transfer submitted 11 minute(s) ago
Transfer 25d284b4-2805-11eb-b539-02d9497ca481 has not yet finished; transfer submitted 12 minute(s) ago
Transfer 25d284b4-2805-11eb-b539-02d9497ca481 has not yet finished; transfer submitted 13 minute(s) ago
DONE.
GLOBUS DELETE task_id: 1673e93e-2807-11eb-b539-02d9497ca481
