Skipping past idx_grix 0...
Skipping past idx_grix 1...
Skipping past idx_grix 2...
Skipping past idx_grix 3...
Skipping past idx_grix 4...

Processing scenario ID: 5
Panels type: ref_closest_panel
Crop type: crop_plot
Clip type: nan
Smooth type: nan
Bin type: nan
Segment type: {'method': 'mcari2', 'wl1': [800], 'wl2': [670], 'wl3': [550], 'mask_percentile': 90, 'mask_side': 'lower'}

Response variable: biomass_kgha
Number of observations: 407

Feature set: reflectance

Writing mean spectra to a ``pandas.DataFrame``.
Number of input datacubes/spectra: 835
Old "step_pct": 0.05
New "step_pct": 0.5
alpha: 50.0
Features selected: 9
Iterations without progress: 0

alpha: 25.0
Features selected: 14
Iterations without progress: 0

alpha: 12.5
Features selected: 18
Iterations without progress: 0

Old "step_pct": 0.5
New "step_pct": 0.1
alpha: 11.25
Features selected: 27
Iterations without progress: 0

alpha: 10.125
Features selected: 26
Iterations without progress: 0

Old "step_pct": 0.1
New "step_pct": 0.05
alpha: 9.61875
Features selected: 28
Iterations without progress: 0

alpha: 9.1378125
Features selected: 29
Iterations without progress: 0

alpha: 8.680921875000001
Features selected: 29
Iterations without progress: 1

alpha: 9.092123437500002
Features selected: 30
Iterations without progress: 0

Using up to 30 selected features

Length of logspace_list: 300
Number of chunks: 16
Average length of each chunk: 18.8
Number of cores: 8

Hyperparameter tuning...

Number of features: 7
Number of features: 28
Number of features: 1
Number of features: 26
Number of features: 10
Number of features: 19
Number of features: 8
Number of features: 15
Number of features: 23
Number of features: 26
Number of features: 11
Number of features: 8
Number of features: 15
Number of features: 23
Number of features: 25
Number of features: 9
Number of features: 17
Number of features: 9
Number of features: 23
Number of features: 18
Number of features: 27
Number of features: 11
Number of features: 7
Number of features: 6
Number of features: 8
Number of features: 18
Number of features: 5
Number of features: 10
Number of features: 24
Number of features: 2
Number of features: 22
Number of features: 9
Number of features: 21
Number of features: 23
Number of features: 22
Number of features: 13
Number of features: 10
Number of features: 29
Number of features: 18
Number of features: 14
Number of features: 17
Number of features: 19
Number of features: 22
Number of features: 3
Number of features: 20
Number of features: 4
Number of features: 14
Number of features: 27
Number of features: 25
Number of features: 11
Number of features: 23
las_alpha
pls_n_components
pls_scale
Skipping past idx_grix 0...
Skipping past idx_grix 1...
Skipping past idx_grix 2...
Skipping past idx_grix 3...
Skipping past idx_grix 4...

Processing scenario ID: 5
Panels type: ref_closest_panel
Crop type: crop_plot
Clip type: nan
Smooth type: nan
Bin type: nan
Segment type: {'method': 'mcari2', 'wl1': [800], 'wl2': [670], 'wl3': [550], 'mask_percentile': 90, 'mask_side': 'lower'}

Response variable: nup_kgha
Number of observations: 407

Feature set: reflectance

Writing mean spectra to a ``pandas.DataFrame``.
Number of input datacubes/spectra: 835
Old "step_pct": 0.05
New "step_pct": 0.5
alpha: 5.0
Features selected: 7
Iterations without progress: 0

alpha: 2.5
Features selected: 6
Iterations without progress: 0

alpha: 1.25
Features selected: 10
Iterations without progress: 0

alpha: 0.625
Features selected: 15
Iterations without progress: 0

alpha: 0.3125
Features selected: 17
Iterations without progress: 0

Old "step_pct": 0.5
New "step_pct": 0.1
alpha: 0.28125
Features selected: 27
Iterations without progress: 0

alpha: 0.253125
Features selected: 28
Iterations without progress: 0

alpha: 0.2278125
Features selected: 29
Iterations without progress: 0

alpha: 0.25059375
Features selected: 32
Iterations without progress: 0

alpha: 0.2480878125
Features selected: 29
Iterations without progress: 0

alpha: 0.245606934375
Features selected: 29
Iterations without progress: 1

alpha: 0.24315086503125
Features selected: 29
Iterations without progress: 2

alpha: 0.2407193563809375
Features selected: 29
Iterations without progress: 3

alpha: 0.2383121628171281
Features selected: 29
Iterations without progress: 4

alpha: 0.23592904118895683
Features selected: 29
Iterations without progress: 5

Leaving while loop before finding the alpha value that achieves selection of 30 feature(s) (minimum alpha value to use).

Using up to 29 selected features

Length of logspace_list: 300
Number of chunks: 16
Average length of each chunk: 18.8
Number of cores: 8

Hyperparameter tuning...

Number of features: 6
Number of features: 24
Number of features: 21
Number of features: 1
Number of features: 7
Number of features: 8
Number of features: 16
Number of features: 4
Number of features: 10
Number of features: 13
Number of features: 7
Number of features: 25
Number of features: 27
Number of features: 29
Number of features: 22
Number of features: 7
Number of features: 2
Number of features: 6
Number of features: 29
Number of features: 7
Number of features: 8
Number of features: 3
Number of features: 11
Number of features: 3
Number of features: 6
Number of features: 23
Number of features: 4
Number of features: 29
Number of features: 15
Number of features: 5
Number of features: 18
Number of features: 12
Number of features: 9
Number of features: 24
Number of features: 5
Number of features: 2
Number of features: 20
Number of features: 27
Number of features: 26
Number of features: 6
Number of features: 17
Number of features: 9
Number of features: 14
Number of features: 26
Number of features: 10
Number of features: 19
las_alpha
pls_n_components
pls_scale
Skipping past idx_grix 0...
Skipping past idx_grix 1...
Skipping past idx_grix 2...
Skipping past idx_grix 3...
Skipping past idx_grix 4...

Processing scenario ID: 5
Panels type: ref_closest_panel
Crop type: crop_plot
Clip type: nan
Smooth type: nan
Bin type: nan
Segment type: {'method': 'mcari2', 'wl1': [800], 'wl2': [670], 'wl3': [550], 'mask_percentile': 90, 'mask_side': 'lower'}

Response variable: tissue_n_pct
Number of observations: 408

Feature set: reflectance

Writing mean spectra to a ``pandas.DataFrame``.
Number of input datacubes/spectra: 835
Old "step_pct": 0.05
New "step_pct": 0.5
alpha: 0.05
Features selected: 8
Iterations without progress: 0

alpha: 0.025
Features selected: 11
Iterations without progress: 0

alpha: 0.0125
Features selected: 16
Iterations without progress: 0

Old "step_pct": 0.5
New "step_pct": 0.1
alpha: 0.011250000000000001
Features selected: 24
Iterations without progress: 0

alpha: 0.010125000000000002
Features selected: 24
Iterations without progress: 1

Old "step_pct": 0.1
New "step_pct": 0.02
alpha: 0.009922500000000002
Features selected: 28
Iterations without progress: 0

alpha: 0.009724050000000001
Features selected: 29
Iterations without progress: 0

alpha: 0.009529569000000002
Features selected: 29
Iterations without progress: 1

alpha: 0.009338977620000001
Features selected: 29
Iterations without progress: 2

alpha: 0.009510509862000001
Features selected: 30
Iterations without progress: 0

Using up to 30 selected features

Length of logspace_list: 300
Number of chunks: 16
Average length of each chunk: 18.8
Number of cores: 8

Hyperparameter tuning...

Number of features: 28
Number of features: 10
Number of features: 29
Number of features: 18
Number of features: 11
Number of features: 9
Number of features: 19
Number of features: 5
Number of features: 20
Number of features: 11
Number of features: 25
Number of features: 11
Number of features: 16
Number of features: 26
Number of features: 1
Number of features: 23
Number of features: 3
Number of features: 23
Number of features: 10
Number of features: 24
Number of features: 20
Number of features: 2
Number of features: 1
Number of features: 2
Number of features: 10
Number of features: 3
Number of features: 14
Number of features: 10
Number of features: 16
Number of features: 8
Number of features: 22
Number of features: 10
Number of features: 10
Number of features: 21
Number of features: 17
Number of features: 23
Number of features: 0
Number of features: 17
Number of features: 24
Number of features: 19
Number of features: 8
Number of features: 13
Number of features: 12
Number of features: 9
Number of features: 14
Number of features: 4
Number of features: 21
Number of features: 22
Number of features: 7
Number of features: 4
Number of features: 8
Number of features: 9
Number of features: 6
Number of features: 12
Number of features: 11
las_alpha
pls_n_components
pls_scale
Skipping past idx_grix 0...
Skipping past idx_grix 1...
Skipping past idx_grix 2...
Skipping past idx_grix 3...
Skipping past idx_grix 4...

Processing scenario ID: 5
Panels type: ref_closest_panel
Crop type: crop_plot
Clip type: nan
Smooth type: nan
Bin type: nan
Segment type: {'method': 'mcari2', 'wl1': [800], 'wl2': [670], 'wl3': [550], 'mask_percentile': 90, 'mask_side': 'lower'}

Response variable: biomass_kgha
Number of observations: 407

Feature set: derivative_1

Writing mean spectra to a ``pandas.DataFrame``.
Number of input datacubes/spectra: 835
Old "step_pct": 0.05
New "step_pct": 0.5
alpha: 50.0
Features selected: 5
Iterations without progress: 0

alpha: 25.0
Features selected: 10
Iterations without progress: 0

alpha: 12.5
Features selected: 12
Iterations without progress: 0

alpha: 6.25
Features selected: 17
Iterations without progress: 0

alpha: 3.125
Features selected: 22
Iterations without progress: 0

alpha: 5.9375
Features selected: 32
Iterations without progress: 0

alpha: 5.640625
Features selected: 23
Iterations without progress: 0

alpha: 5.35859375
Features selected: 23
Iterations without progress: 1

alpha: 5.090664062499999
Features selected: 23
Iterations without progress: 2

alpha: 4.836130859374999
Features selected: 26
Iterations without progress: 0

alpha: 4.594324316406249
Features selected: 27
Iterations without progress: 0

alpha: 4.3646081005859365
Features selected: 28
Iterations without progress: 0

alpha: 4.146377695556639
Features selected: 28
Iterations without progress: 1

alpha: 4.342785060083007
Features selected: 30
Iterations without progress: 0

Using up to 30 selected features

Length of logspace_list: 300
Number of chunks: 16
Average length of each chunk: 18.8
Number of cores: 8

Hyperparameter tuning...

Number of features: 7
Number of features: 29
Number of features: 1
Number of features: 24
Number of features: 21
Number of features: 26
Number of features: 3
Number of features: 6
Number of features: 20
Number of features: 2
Number of features: 12
Number of features: 14
Number of features: 9
Number of features: 5
Number of features: 22
Number of features: 14
Number of features: 8
Number of features: 22
Number of features: 15
Number of features: 21
Number of features: 4
Number of features: 28
Number of features: 11
Number of features: 28
Number of features: 18
Number of features: 19
Number of features: 13
Number of features: 10
Number of features: 23
Number of features: 15
Number of features: 16
Number of features: 17
las_alpha
pls_n_components
pls_scale
Skipping past idx_grix 0...
Skipping past idx_grix 1...
Skipping past idx_grix 2...
Skipping past idx_grix 3...
Skipping past idx_grix 4...

Processing scenario ID: 5
Panels type: ref_closest_panel
Crop type: crop_plot
Clip type: nan
Smooth type: nan
Bin type: nan
Segment type: {'method': 'mcari2', 'wl1': [800], 'wl2': [670], 'wl3': [550], 'mask_percentile': 90, 'mask_side': 'lower'}

Response variable: nup_kgha
Number of observations: 407

Feature set: derivative_1

Writing mean spectra to a ``pandas.DataFrame``.
Number of input datacubes/spectra: 835
Old "step_pct": 0.05
New "step_pct": 0.5
alpha: 5.0
Features selected: 2
Iterations without progress: 0

alpha: 2.5
Features selected: 3
Iterations without progress: 0

alpha: 1.25
Features selected: 5
Iterations without progress: 0

alpha: 0.625
Features selected: 6
Iterations without progress: 0

alpha: 0.3125
Features selected: 13
Iterations without progress: 0

alpha: 0.15625
Features selected: 17
Iterations without progress: 0

Old "step_pct": 0.5
New "step_pct": 0.1
alpha: 0.140625
Features selected: 24
Iterations without progress: 0

alpha: 0.1265625
Features selected: 26
Iterations without progress: 0

alpha: 0.11390625
Features selected: 27
Iterations without progress: 0

alpha: 0.102515625
Features selected: 27
Iterations without progress: 1

alpha: 0.1127671875
Features selected: 30
Iterations without progress: 0

Using up to 30 selected features

Length of logspace_list: 300
Number of chunks: 16
Average length of each chunk: 18.8
Number of cores: 8

Hyperparameter tuning...

Number of features: 8
Number of features: 22
Number of features: 19
Number of features: 4
Number of features: 1
Number of features: 28
Number of features: 16
Number of features: 7
Number of features: 23
Number of features: 3
Number of features: 5
Number of features: 21
Number of features: 20
Number of features: 16
Number of features: 21
Number of features: 6
Number of features: 20
Number of features: 9
Number of features: 23
Number of features: 7
Number of features: 6
Number of features: 20
Number of features: 17
Number of features: 15
Number of features: 12
Number of features: 13
Number of features: 21
Number of features: 24
Number of features: 20
Number of features: 19
Number of features: 27
Number of features: 14
Number of features: 17
Number of features: 18
Number of features: 22
Number of features: 2
Number of features: 11
Number of features: 26
Number of features: 10
Number of features: 27
Number of features: 25
las_alpha
pls_n_components
pls_scale
Skipping past idx_grix 0...
Skipping past idx_grix 1...
Skipping past idx_grix 2...
Skipping past idx_grix 3...
Skipping past idx_grix 4...

Processing scenario ID: 5
Panels type: ref_closest_panel
Crop type: crop_plot
Clip type: nan
Smooth type: nan
Bin type: nan
Segment type: {'method': 'mcari2', 'wl1': [800], 'wl2': [670], 'wl3': [550], 'mask_percentile': 90, 'mask_side': 'lower'}

Response variable: tissue_n_pct
Number of observations: 408

Feature set: derivative_1

Writing mean spectra to a ``pandas.DataFrame``.
Number of input datacubes/spectra: 835
Old "step_pct": 0.05
New "step_pct": 0.5
alpha: 0.05
Features selected: 2
Iterations without progress: 0

alpha: 0.025
Features selected: 5
Iterations without progress: 0

alpha: 0.0125
Features selected: 7
Iterations without progress: 0

alpha: 0.00625
Features selected: 9
Iterations without progress: 0

Old "step_pct": 0.5
New "step_pct": 0.1
alpha: 0.005625000000000001
Features selected: 19
Iterations without progress: 0

Old "step_pct": 0.1
New "step_pct": 0.2
alpha: 0.0045000000000000005
Features selected: 19
Iterations without progress: 1

alpha: 0.0036000000000000008
Features selected: 23
Iterations without progress: 0

Old "step_pct": 0.2
New "step_pct": 0.04
alpha: 0.0034560000000000007
Features selected: 27
Iterations without progress: 0

alpha: 0.0033177600000000008
Features selected: 28
Iterations without progress: 0

alpha: 0.003442176000000001
Features selected: 31
Iterations without progress: 0

alpha: 0.0034284072960000006
Features selected: 29
Iterations without progress: 0

alpha: 0.0034146936668160007
Features selected: 29
Iterations without progress: 1

alpha: 0.003427035933081601
Features selected: 30
Iterations without progress: 0

Using up to 30 selected features

Length of logspace_list: 300
Number of chunks: 16
Average length of each chunk: 18.8
Number of cores: 8

Hyperparameter tuning...

Number of features: 7
Number of features: 26
Number of features: 1
Number of features: 6
Number of features: 9
Number of features: 8
Number of features: 24
Number of features: 3
Number of features: 25
Number of features: 16
Number of features: 11
Number of features: 7
Number of features: 19
Number of features: 21
Number of features: 27
Number of features: 15
Number of features: 12
Number of features: 18
Number of features: 24
Number of features: 7
Number of features: 2
Number of features: 24
Number of features: 28
Number of features: 14
Number of features: 5
Number of features: 14
Number of features: 14
Number of features: 23
Number of features: 15
Number of features: 29
Number of features: 18
Number of features: 26
Number of features: 23
Number of features: 8
Number of features: 20
Number of features: 20
Number of features: 19
Number of features: 13
Number of features: 17
Number of features: 14
Number of features: 8
Number of features: 25
Number of features: 15
Number of features: 15
Number of features: 4
Number of features: 10
las_alpha
pls_n_components
pls_scale
Skipping past idx_grix 0...
Skipping past idx_grix 1...
Skipping past idx_grix 2...
Skipping past idx_grix 3...
Skipping past idx_grix 4...

Processing scenario ID: 5
Panels type: ref_closest_panel
Crop type: crop_plot
Clip type: nan
Smooth type: nan
Bin type: nan
Segment type: {'method': 'mcari2', 'wl1': [800], 'wl2': [670], 'wl3': [550], 'mask_percentile': 90, 'mask_side': 'lower'}

Response variable: biomass_kgha
Number of observations: 407

Feature set: derivative_2

Writing mean spectra to a ``pandas.DataFrame``.
Number of input datacubes/spectra: 835
Old "step_pct": 0.05
New "step_pct": 0.5
alpha: 50.0
Features selected: 5
Iterations without progress: 0

alpha: 25.0
Features selected: 10
Iterations without progress: 0

alpha: 12.5
Features selected: 12
Iterations without progress: 0

Old "step_pct": 0.5
New "step_pct": 0.1
alpha: 11.25
Features selected: 20
Iterations without progress: 0

alpha: 10.125
Features selected: 21
Iterations without progress: 0

alpha: 9.1125
Features selected: 24
Iterations without progress: 0

alpha: 8.201250000000002
Features selected: 26
Iterations without progress: 0

alpha: 7.381125000000002
Features selected: 27
Iterations without progress: 0

alpha: 8.119237500000002
Features selected: 30
Iterations without progress: 0

Using up to 30 selected features

Length of logspace_list: 300
Number of chunks: 16
Average length of each chunk: 18.8
Number of cores: 8

Hyperparameter tuning...

Number of features: 24
Number of features: 14
Number of features: 6
Number of features: 9
Number of features: 2
Number of features: 7
Number of features: 12
Number of features: 19
Number of features: 10
Number of features: 13
Number of features: 1
Number of features: 20
Number of features: 15
Number of features: 17
Number of features: 3
Number of features: 20
Number of features: 16
Number of features: 22
Number of features: 27
Number of features: 5
Number of features: 18
Number of features: 26
Number of features: 8
Number of features: 16
Number of features: 23
Number of features: 11
Number of features: 4
Number of features: 21
Number of features: 21
Number of features: 17
las_alpha
pls_n_components
pls_scale
Skipping past idx_grix 0...
Skipping past idx_grix 1...
Skipping past idx_grix 2...
Skipping past idx_grix 3...
Skipping past idx_grix 4...

Processing scenario ID: 5
Panels type: ref_closest_panel
Crop type: crop_plot
Clip type: nan
Smooth type: nan
Bin type: nan
Segment type: {'method': 'mcari2', 'wl1': [800], 'wl2': [670], 'wl3': [550], 'mask_percentile': 90, 'mask_side': 'lower'}

Response variable: nup_kgha
Number of observations: 407

Feature set: derivative_2

Writing mean spectra to a ``pandas.DataFrame``.
Number of input datacubes/spectra: 835
Old "step_pct": 0.05
New "step_pct": 0.5
alpha: 5.0
Features selected: 1
Iterations without progress: 0

alpha: 2.5
Features selected: 1
Iterations without progress: 1

alpha: 1.25
Features selected: 3
Iterations without progress: 0

alpha: 0.625
Features selected: 8
Iterations without progress: 0

alpha: 0.3125
Features selected: 12
Iterations without progress: 0

alpha: 0.15625
Features selected: 16
Iterations without progress: 0

Old "step_pct": 0.5
New "step_pct": 0.1
alpha: 0.140625
Features selected: 29
Iterations without progress: 0

alpha: 0.1265625
Features selected: 29
Iterations without progress: 1

alpha: 0.13921875
Features selected: 30
Iterations without progress: 0

Using up to 30 selected features

Length of logspace_list: 300
Number of chunks: 16
Average length of each chunk: 18.8
Number of cores: 8

Hyperparameter tuning...

Number of features: 5
Number of features: 28
Number of features: 15
Number of features: 16
Number of features: 5
Number of features: 27
Number of features: 10
Number of features: 11
Number of features: 13
Number of features: 8
Number of features: 1
Number of features: 23
Number of features: 7
Number of features: 23
Number of features: 19
Number of features: 22
Number of features: 15
Number of features: 26
Number of features: 3
Number of features: 20
Number of features: 9
Number of features: 26
Number of features: 14
Number of features: 25
Number of features: 28
Number of features: 24
Number of features: 29
Number of features: 25
Number of features: 17
Number of features: 28
Number of features: 29
Number of features: 6
Number of features: 21
Number of features: 2
Number of features: 4
Number of features: 27
Number of features: 16
Number of features: 12
las_alpha
pls_n_components
pls_scale
Skipping past idx_grix 0...
Skipping past idx_grix 1...
Skipping past idx_grix 2...
Skipping past idx_grix 3...
Skipping past idx_grix 4...

Processing scenario ID: 5
Panels type: ref_closest_panel
Crop type: crop_plot
Clip type: nan
Smooth type: nan
Bin type: nan
Segment type: {'method': 'mcari2', 'wl1': [800], 'wl2': [670], 'wl3': [550], 'mask_percentile': 90, 'mask_side': 'lower'}

Response variable: tissue_n_pct
Number of observations: 408

Feature set: derivative_2

Writing mean spectra to a ``pandas.DataFrame``.
Number of input datacubes/spectra: 835
Old "step_pct": 0.05
New "step_pct": 0.5
alpha: 0.05
Features selected: 1
Iterations without progress: 0

alpha: 0.025
Features selected: 2
Iterations without progress: 0

alpha: 0.0125
Features selected: 11
Iterations without progress: 0

alpha: 0.00625
Features selected: 15
Iterations without progress: 0

Old "step_pct": 0.5
New "step_pct": 0.1
alpha: 0.005625000000000001
Features selected: 22
Iterations without progress: 0

alpha: 0.005062500000000001
Features selected: 25
Iterations without progress: 0

alpha: 0.004556250000000001
Features selected: 24
Iterations without progress: 0

alpha: 0.004100625000000001
Features selected: 26
Iterations without progress: 0

alpha: 0.003690562500000001
Features selected: 26
Iterations without progress: 1

Old "step_pct": 0.1
New "step_pct": 0.05
alpha: 0.003506034375000001
Features selected: 29
Iterations without progress: 0

alpha: 0.003672109687500001
Features selected: 30
Iterations without progress: 0

Using up to 30 selected features

Length of logspace_list: 300
Number of chunks: 16
Average length of each chunk: 18.8
Number of cores: 8

Hyperparameter tuning...

Number of features: 22
Number of features: 8
Number of features: 4
Number of features: 28
Number of features: 11
Number of features: 21
Number of features: 9
Number of features: 5
Number of features: 10
Number of features: 18
Number of features: 2
Number of features: 10
Number of features: 1
Number of features: 26
Number of features: 7
Number of features: 19
Number of features: 18
Number of features: 19
Number of features: 14
Number of features: 24
Number of features: 26
Number of features: 12
Number of features: 16
Number of features: 25
Number of features: 29
Number of features: 24
Number of features: 11
Number of features: 20
Number of features: 24
Number of features: 15
Number of features: 6
Number of features: 23
Number of features: 17
Number of features: 25
Number of features: 13
Number of features: 23
las_alpha
pls_n_components
pls_scale

Processing scenario ID: 5
Panels type: ref_closest_panel
Crop type: crop_plot
Clip type: nan
Smooth type: nan
Bin type: nan
Segment type: {'method': 'mcari2', 'wl1': [800], 'wl2': [670], 'wl3': [550], 'mask_percentile': 90, 'mask_side': 'lower'}
GLOBUS TRANSFER task_id: 88fdf698-27df-11eb-8fbe-0a34088e79f9
Waiting for transfer 88fdf698-27df-11eb-8fbe-0a34088e79f9 to complete...
Transfer 88fdf698-27df-11eb-8fbe-0a34088e79f9 has not yet finished; transfer submitted 1 minute(s) ago
Transfer 88fdf698-27df-11eb-8fbe-0a34088e79f9 has not yet finished; transfer submitted 2 minute(s) ago
Transfer 88fdf698-27df-11eb-8fbe-0a34088e79f9 has not yet finished; transfer submitted 3 minute(s) ago
Transfer 88fdf698-27df-11eb-8fbe-0a34088e79f9 has not yet finished; transfer submitted 4 minute(s) ago
Transfer 88fdf698-27df-11eb-8fbe-0a34088e79f9 has not yet finished; transfer submitted 5 minute(s) ago
Transfer 88fdf698-27df-11eb-8fbe-0a34088e79f9 has not yet finished; transfer submitted 6 minute(s) ago
Transfer 88fdf698-27df-11eb-8fbe-0a34088e79f9 has not yet finished; transfer submitted 7 minute(s) ago
Transfer 88fdf698-27df-11eb-8fbe-0a34088e79f9 has not yet finished; transfer submitted 8 minute(s) ago
Transfer 88fdf698-27df-11eb-8fbe-0a34088e79f9 has not yet finished; transfer submitted 9 minute(s) ago
Transfer 88fdf698-27df-11eb-8fbe-0a34088e79f9 has not yet finished; transfer submitted 10 minute(s) ago
Transfer 88fdf698-27df-11eb-8fbe-0a34088e79f9 has not yet finished; transfer submitted 11 minute(s) ago
Transfer 88fdf698-27df-11eb-8fbe-0a34088e79f9 has not yet finished; transfer submitted 12 minute(s) ago
Transfer 88fdf698-27df-11eb-8fbe-0a34088e79f9 has not yet finished; transfer submitted 13 minute(s) ago
Transfer 88fdf698-27df-11eb-8fbe-0a34088e79f9 has not yet finished; transfer submitted 14 minute(s) ago
Transfer 88fdf698-27df-11eb-8fbe-0a34088e79f9 has not yet finished; transfer submitted 15 minute(s) ago
Transfer 88fdf698-27df-11eb-8fbe-0a34088e79f9 has not yet finished; transfer submitted 16 minute(s) ago
Transfer 88fdf698-27df-11eb-8fbe-0a34088e79f9 has not yet finished; transfer submitted 17 minute(s) ago
Transfer 88fdf698-27df-11eb-8fbe-0a34088e79f9 has not yet finished; transfer submitted 18 minute(s) ago
Transfer 88fdf698-27df-11eb-8fbe-0a34088e79f9 has not yet finished; transfer submitted 19 minute(s) ago
Transfer 88fdf698-27df-11eb-8fbe-0a34088e79f9 has not yet finished; transfer submitted 20 minute(s) ago
Transfer 88fdf698-27df-11eb-8fbe-0a34088e79f9 has not yet finished; transfer submitted 21 minute(s) ago
Transfer 88fdf698-27df-11eb-8fbe-0a34088e79f9 has not yet finished; transfer submitted 22 minute(s) ago
Transfer 88fdf698-27df-11eb-8fbe-0a34088e79f9 has not yet finished; transfer submitted 23 minute(s) ago
Transfer 88fdf698-27df-11eb-8fbe-0a34088e79f9 has not yet finished; transfer submitted 24 minute(s) ago
Transfer 88fdf698-27df-11eb-8fbe-0a34088e79f9 has not yet finished; transfer submitted 25 minute(s) ago
Transfer 88fdf698-27df-11eb-8fbe-0a34088e79f9 has not yet finished; transfer submitted 26 minute(s) ago
Transfer 88fdf698-27df-11eb-8fbe-0a34088e79f9 has not yet finished; transfer submitted 27 minute(s) ago
Transfer 88fdf698-27df-11eb-8fbe-0a34088e79f9 has not yet finished; transfer submitted 28 minute(s) ago
Transfer 88fdf698-27df-11eb-8fbe-0a34088e79f9 has not yet finished; transfer submitted 29 minute(s) ago
Transfer 88fdf698-27df-11eb-8fbe-0a34088e79f9 has not yet finished; transfer submitted 30 minute(s) ago
Transfer 88fdf698-27df-11eb-8fbe-0a34088e79f9 has not yet finished; transfer submitted 31 minute(s) ago
Transfer 88fdf698-27df-11eb-8fbe-0a34088e79f9 has not yet finished; transfer submitted 32 minute(s) ago
Transfer 88fdf698-27df-11eb-8fbe-0a34088e79f9 has not yet finished; transfer submitted 33 minute(s) ago
Transfer 88fdf698-27df-11eb-8fbe-0a34088e79f9 has not yet finished; transfer submitted 34 minute(s) ago
Transfer 88fdf698-27df-11eb-8fbe-0a34088e79f9 has not yet finished; transfer submitted 35 minute(s) ago
Transfer 88fdf698-27df-11eb-8fbe-0a34088e79f9 has not yet finished; transfer submitted 36 minute(s) ago
Transfer 88fdf698-27df-11eb-8fbe-0a34088e79f9 has not yet finished; transfer submitted 37 minute(s) ago
Transfer 88fdf698-27df-11eb-8fbe-0a34088e79f9 has not yet finished; transfer submitted 38 minute(s) ago
Transfer 88fdf698-27df-11eb-8fbe-0a34088e79f9 has not yet finished; transfer submitted 39 minute(s) ago
Transfer 88fdf698-27df-11eb-8fbe-0a34088e79f9 has not yet finished; transfer submitted 40 minute(s) ago
Transfer 88fdf698-27df-11eb-8fbe-0a34088e79f9 has not yet finished; transfer submitted 41 minute(s) ago
Transfer 88fdf698-27df-11eb-8fbe-0a34088e79f9 has not yet finished; transfer submitted 42 minute(s) ago
Transfer 88fdf698-27df-11eb-8fbe-0a34088e79f9 has not yet finished; transfer submitted 43 minute(s) ago
Transfer 88fdf698-27df-11eb-8fbe-0a34088e79f9 has not yet finished; transfer submitted 44 minute(s) ago
Transfer 88fdf698-27df-11eb-8fbe-0a34088e79f9 has not yet finished; transfer submitted 45 minute(s) ago
Transfer 88fdf698-27df-11eb-8fbe-0a34088e79f9 has not yet finished; transfer submitted 46 minute(s) ago
Transfer 88fdf698-27df-11eb-8fbe-0a34088e79f9 has not yet finished; transfer submitted 47 minute(s) ago
Transfer 88fdf698-27df-11eb-8fbe-0a34088e79f9 has not yet finished; transfer submitted 48 minute(s) ago
Transfer 88fdf698-27df-11eb-8fbe-0a34088e79f9 has not yet finished; transfer submitted 49 minute(s) ago
Transfer 88fdf698-27df-11eb-8fbe-0a34088e79f9 has not yet finished; transfer submitted 50 minute(s) ago
Transfer 88fdf698-27df-11eb-8fbe-0a34088e79f9 has not yet finished; transfer submitted 51 minute(s) ago
Transfer 88fdf698-27df-11eb-8fbe-0a34088e79f9 has not yet finished; transfer submitted 52 minute(s) ago
Transfer 88fdf698-27df-11eb-8fbe-0a34088e79f9 has not yet finished; transfer submitted 53 minute(s) ago
Transfer 88fdf698-27df-11eb-8fbe-0a34088e79f9 has not yet finished; transfer submitted 54 minute(s) ago
DONE.
GLOBUS DELETE task_id: 48dd2cf2-27e7-11eb-b162-0ee0d5d9299f

Processing scenario ID: 6
Panels type: ref_closest_panel
Crop type: crop_plot
Clip type: nan
Smooth type: nan
Bin type: nan
Segment type: {'method': 'mcari2', 'wl1': [800], 'wl2': [670], 'wl3': [550], 'mask_percentile': [50, 75], 'mask_side': 'outside'}
GLOBUS TRANSFER task_id: 4d92bf96-27e7-11eb-8fbe-0a34088e79f9
Waiting for transfer 4d92bf96-27e7-11eb-8fbe-0a34088e79f9 to complete...
Transfer 4d92bf96-27e7-11eb-8fbe-0a34088e79f9 has not yet finished; transfer submitted 1 minute(s) ago
Transfer 4d92bf96-27e7-11eb-8fbe-0a34088e79f9 has not yet finished; transfer submitted 2 minute(s) ago
Transfer 4d92bf96-27e7-11eb-8fbe-0a34088e79f9 has not yet finished; transfer submitted 3 minute(s) ago
Transfer 4d92bf96-27e7-11eb-8fbe-0a34088e79f9 has not yet finished; transfer submitted 4 minute(s) ago
Transfer 4d92bf96-27e7-11eb-8fbe-0a34088e79f9 has not yet finished; transfer submitted 5 minute(s) ago
Transfer 4d92bf96-27e7-11eb-8fbe-0a34088e79f9 has not yet finished; transfer submitted 6 minute(s) ago
Transfer 4d92bf96-27e7-11eb-8fbe-0a34088e79f9 has not yet finished; transfer submitted 7 minute(s) ago
Transfer 4d92bf96-27e7-11eb-8fbe-0a34088e79f9 has not yet finished; transfer submitted 8 minute(s) ago
Transfer 4d92bf96-27e7-11eb-8fbe-0a34088e79f9 has not yet finished; transfer submitted 9 minute(s) ago
Transfer 4d92bf96-27e7-11eb-8fbe-0a34088e79f9 has not yet finished; transfer submitted 10 minute(s) ago
Transfer 4d92bf96-27e7-11eb-8fbe-0a34088e79f9 has not yet finished; transfer submitted 11 minute(s) ago
Transfer 4d92bf96-27e7-11eb-8fbe-0a34088e79f9 has not yet finished; transfer submitted 12 minute(s) ago
Transfer 4d92bf96-27e7-11eb-8fbe-0a34088e79f9 has not yet finished; transfer submitted 13 minute(s) ago
Transfer 4d92bf96-27e7-11eb-8fbe-0a34088e79f9 has not yet finished; transfer submitted 14 minute(s) ago
Transfer 4d92bf96-27e7-11eb-8fbe-0a34088e79f9 has not yet finished; transfer submitted 15 minute(s) ago
Transfer 4d92bf96-27e7-11eb-8fbe-0a34088e79f9 has not yet finished; transfer submitted 16 minute(s) ago
Transfer 4d92bf96-27e7-11eb-8fbe-0a34088e79f9 has not yet finished; transfer submitted 17 minute(s) ago
Transfer 4d92bf96-27e7-11eb-8fbe-0a34088e79f9 has not yet finished; transfer submitted 18 minute(s) ago
Transfer 4d92bf96-27e7-11eb-8fbe-0a34088e79f9 has not yet finished; transfer submitted 19 minute(s) ago
Transfer 4d92bf96-27e7-11eb-8fbe-0a34088e79f9 has not yet finished; transfer submitted 20 minute(s) ago
Transfer 4d92bf96-27e7-11eb-8fbe-0a34088e79f9 has not yet finished; transfer submitted 21 minute(s) ago
Transfer 4d92bf96-27e7-11eb-8fbe-0a34088e79f9 has not yet finished; transfer submitted 22 minute(s) ago
Transfer 4d92bf96-27e7-11eb-8fbe-0a34088e79f9 has not yet finished; transfer submitted 23 minute(s) ago
Transfer 4d92bf96-27e7-11eb-8fbe-0a34088e79f9 has not yet finished; transfer submitted 24 minute(s) ago
Transfer 4d92bf96-27e7-11eb-8fbe-0a34088e79f9 has not yet finished; transfer submitted 25 minute(s) ago
Transfer 4d92bf96-27e7-11eb-8fbe-0a34088e79f9 has not yet finished; transfer submitted 26 minute(s) ago
Transfer 4d92bf96-27e7-11eb-8fbe-0a34088e79f9 has not yet finished; transfer submitted 27 minute(s) ago
Transfer 4d92bf96-27e7-11eb-8fbe-0a34088e79f9 has not yet finished; transfer submitted 28 minute(s) ago
Transfer 4d92bf96-27e7-11eb-8fbe-0a34088e79f9 has not yet finished; transfer submitted 29 minute(s) ago
Transfer 4d92bf96-27e7-11eb-8fbe-0a34088e79f9 has not yet finished; transfer submitted 30 minute(s) ago
Transfer 4d92bf96-27e7-11eb-8fbe-0a34088e79f9 has not yet finished; transfer submitted 31 minute(s) ago
Transfer 4d92bf96-27e7-11eb-8fbe-0a34088e79f9 has not yet finished; transfer submitted 32 minute(s) ago
Transfer 4d92bf96-27e7-11eb-8fbe-0a34088e79f9 has not yet finished; transfer submitted 33 minute(s) ago
Transfer 4d92bf96-27e7-11eb-8fbe-0a34088e79f9 has not yet finished; transfer submitted 34 minute(s) ago
Transfer 4d92bf96-27e7-11eb-8fbe-0a34088e79f9 has not yet finished; transfer submitted 35 minute(s) ago
Transfer 4d92bf96-27e7-11eb-8fbe-0a34088e79f9 has not yet finished; transfer submitted 36 minute(s) ago
Transfer 4d92bf96-27e7-11eb-8fbe-0a34088e79f9 has not yet finished; transfer submitted 37 minute(s) ago
Transfer 4d92bf96-27e7-11eb-8fbe-0a34088e79f9 has not yet finished; transfer submitted 38 minute(s) ago
Transfer 4d92bf96-27e7-11eb-8fbe-0a34088e79f9 has not yet finished; transfer submitted 39 minute(s) ago
Transfer 4d92bf96-27e7-11eb-8fbe-0a34088e79f9 has not yet finished; transfer submitted 40 minute(s) ago
Transfer 4d92bf96-27e7-11eb-8fbe-0a34088e79f9 has not yet finished; transfer submitted 41 minute(s) ago
Transfer 4d92bf96-27e7-11eb-8fbe-0a34088e79f9 has not yet finished; transfer submitted 42 minute(s) ago
Transfer 4d92bf96-27e7-11eb-8fbe-0a34088e79f9 has not yet finished; transfer submitted 43 minute(s) ago
Transfer 4d92bf96-27e7-11eb-8fbe-0a34088e79f9 has not yet finished; transfer submitted 44 minute(s) ago
Transfer 4d92bf96-27e7-11eb-8fbe-0a34088e79f9 has not yet finished; transfer submitted 45 minute(s) ago
Transfer 4d92bf96-27e7-11eb-8fbe-0a34088e79f9 has not yet finished; transfer submitted 46 minute(s) ago
Transfer 4d92bf96-27e7-11eb-8fbe-0a34088e79f9 has not yet finished; transfer submitted 47 minute(s) ago
DONE.
GLOBUS DELETE task_id: 0343fc82-27ee-11eb-b539-02d9497ca481

Processing scenario ID: 7
Panels type: ref_closest_panel
Crop type: crop_plot
Clip type: nan
Smooth type: nan
Bin type: nan
Segment type: {'method': 'mcari2', 'wl1': [800], 'wl2': [670], 'wl3': [550], 'mask_percentile': [75, 95], 'mask_side': 'outside'}
GLOBUS TRANSFER task_id: 054c11b8-27ee-11eb-b539-02d9497ca481
Waiting for transfer 054c11b8-27ee-11eb-b539-02d9497ca481 to complete...
Transfer 054c11b8-27ee-11eb-b539-02d9497ca481 has not yet finished; transfer submitted 1 minute(s) ago
Transfer 054c11b8-27ee-11eb-b539-02d9497ca481 has not yet finished; transfer submitted 2 minute(s) ago
Transfer 054c11b8-27ee-11eb-b539-02d9497ca481 has not yet finished; transfer submitted 3 minute(s) ago
Transfer 054c11b8-27ee-11eb-b539-02d9497ca481 has not yet finished; transfer submitted 4 minute(s) ago
Transfer 054c11b8-27ee-11eb-b539-02d9497ca481 has not yet finished; transfer submitted 5 minute(s) ago
Transfer 054c11b8-27ee-11eb-b539-02d9497ca481 has not yet finished; transfer submitted 6 minute(s) ago
Transfer 054c11b8-27ee-11eb-b539-02d9497ca481 has not yet finished; transfer submitted 7 minute(s) ago
Transfer 054c11b8-27ee-11eb-b539-02d9497ca481 has not yet finished; transfer submitted 8 minute(s) ago
Transfer 054c11b8-27ee-11eb-b539-02d9497ca481 has not yet finished; transfer submitted 9 minute(s) ago
Transfer 054c11b8-27ee-11eb-b539-02d9497ca481 has not yet finished; transfer submitted 10 minute(s) ago
Transfer 054c11b8-27ee-11eb-b539-02d9497ca481 has not yet finished; transfer submitted 11 minute(s) ago
Transfer 054c11b8-27ee-11eb-b539-02d9497ca481 has not yet finished; transfer submitted 12 minute(s) ago
Transfer 054c11b8-27ee-11eb-b539-02d9497ca481 has not yet finished; transfer submitted 13 minute(s) ago
Transfer 054c11b8-27ee-11eb-b539-02d9497ca481 has not yet finished; transfer submitted 14 minute(s) ago
Transfer 054c11b8-27ee-11eb-b539-02d9497ca481 has not yet finished; transfer submitted 15 minute(s) ago
Transfer 054c11b8-27ee-11eb-b539-02d9497ca481 has not yet finished; transfer submitted 16 minute(s) ago
Transfer 054c11b8-27ee-11eb-b539-02d9497ca481 has not yet finished; transfer submitted 17 minute(s) ago
Transfer 054c11b8-27ee-11eb-b539-02d9497ca481 has not yet finished; transfer submitted 18 minute(s) ago
Transfer 054c11b8-27ee-11eb-b539-02d9497ca481 has not yet finished; transfer submitted 19 minute(s) ago
Transfer 054c11b8-27ee-11eb-b539-02d9497ca481 has not yet finished; transfer submitted 20 minute(s) ago
Transfer 054c11b8-27ee-11eb-b539-02d9497ca481 has not yet finished; transfer submitted 21 minute(s) ago
Transfer 054c11b8-27ee-11eb-b539-02d9497ca481 has not yet finished; transfer submitted 22 minute(s) ago
Transfer 054c11b8-27ee-11eb-b539-02d9497ca481 has not yet finished; transfer submitted 23 minute(s) ago
Transfer 054c11b8-27ee-11eb-b539-02d9497ca481 has not yet finished; transfer submitted 24 minute(s) ago
Transfer 054c11b8-27ee-11eb-b539-02d9497ca481 has not yet finished; transfer submitted 25 minute(s) ago
Transfer 054c11b8-27ee-11eb-b539-02d9497ca481 has not yet finished; transfer submitted 26 minute(s) ago
Transfer 054c11b8-27ee-11eb-b539-02d9497ca481 has not yet finished; transfer submitted 27 minute(s) ago
Transfer 054c11b8-27ee-11eb-b539-02d9497ca481 has not yet finished; transfer submitted 28 minute(s) ago
Transfer 054c11b8-27ee-11eb-b539-02d9497ca481 has not yet finished; transfer submitted 29 minute(s) ago
Transfer 054c11b8-27ee-11eb-b539-02d9497ca481 has not yet finished; transfer submitted 30 minute(s) ago
Transfer 054c11b8-27ee-11eb-b539-02d9497ca481 has not yet finished; transfer submitted 31 minute(s) ago
Transfer 054c11b8-27ee-11eb-b539-02d9497ca481 has not yet finished; transfer submitted 32 minute(s) ago
Transfer 054c11b8-27ee-11eb-b539-02d9497ca481 has not yet finished; transfer submitted 33 minute(s) ago
Transfer 054c11b8-27ee-11eb-b539-02d9497ca481 has not yet finished; transfer submitted 34 minute(s) ago
Transfer 054c11b8-27ee-11eb-b539-02d9497ca481 has not yet finished; transfer submitted 35 minute(s) ago
Transfer 054c11b8-27ee-11eb-b539-02d9497ca481 has not yet finished; transfer submitted 36 minute(s) ago
Transfer 054c11b8-27ee-11eb-b539-02d9497ca481 has not yet finished; transfer submitted 37 minute(s) ago
Transfer 054c11b8-27ee-11eb-b539-02d9497ca481 has not yet finished; transfer submitted 38 minute(s) ago
Transfer 054c11b8-27ee-11eb-b539-02d9497ca481 has not yet finished; transfer submitted 39 minute(s) ago
Transfer 054c11b8-27ee-11eb-b539-02d9497ca481 has not yet finished; transfer submitted 40 minute(s) ago
Transfer 054c11b8-27ee-11eb-b539-02d9497ca481 has not yet finished; transfer submitted 41 minute(s) ago
Transfer 054c11b8-27ee-11eb-b539-02d9497ca481 has not yet finished; transfer submitted 42 minute(s) ago
Transfer 054c11b8-27ee-11eb-b539-02d9497ca481 has not yet finished; transfer submitted 43 minute(s) ago
Transfer 054c11b8-27ee-11eb-b539-02d9497ca481 has not yet finished; transfer submitted 44 minute(s) ago
Transfer 054c11b8-27ee-11eb-b539-02d9497ca481 has not yet finished; transfer submitted 45 minute(s) ago
Transfer 054c11b8-27ee-11eb-b539-02d9497ca481 has not yet finished; transfer submitted 46 minute(s) ago
Transfer 054c11b8-27ee-11eb-b539-02d9497ca481 has not yet finished; transfer submitted 47 minute(s) ago
Transfer 054c11b8-27ee-11eb-b539-02d9497ca481 has not yet finished; transfer submitted 48 minute(s) ago
Transfer 054c11b8-27ee-11eb-b539-02d9497ca481 has not yet finished; transfer submitted 49 minute(s) ago
Transfer 054c11b8-27ee-11eb-b539-02d9497ca481 has not yet finished; transfer submitted 50 minute(s) ago
Transfer 054c11b8-27ee-11eb-b539-02d9497ca481 has not yet finished; transfer submitted 51 minute(s) ago
Transfer 054c11b8-27ee-11eb-b539-02d9497ca481 has not yet finished; transfer submitted 52 minute(s) ago
Transfer 054c11b8-27ee-11eb-b539-02d9497ca481 has not yet finished; transfer submitted 53 minute(s) ago
Transfer 054c11b8-27ee-11eb-b539-02d9497ca481 has not yet finished; transfer submitted 54 minute(s) ago
Transfer 054c11b8-27ee-11eb-b539-02d9497ca481 has not yet finished; transfer submitted 55 minute(s) ago
Transfer 054c11b8-27ee-11eb-b539-02d9497ca481 has not yet finished; transfer submitted 56 minute(s) ago
Transfer 054c11b8-27ee-11eb-b539-02d9497ca481 has not yet finished; transfer submitted 57 minute(s) ago
Transfer 054c11b8-27ee-11eb-b539-02d9497ca481 has not yet finished; transfer submitted 58 minute(s) ago
Transfer 054c11b8-27ee-11eb-b539-02d9497ca481 has not yet finished; transfer submitted 59 minute(s) ago
DONE.
GLOBUS DELETE task_id: 86858478-27f6-11eb-b162-0ee0d5d9299f

Processing scenario ID: 8
Panels type: ref_closest_panel
Crop type: crop_plot
Clip type: nan
Smooth type: nan
Bin type: nan
Segment type: {'method': ['mcari2', [545, 565]], 'wl1': [[800], [None]], 'wl2': [[670], [None]], 'wl3': [[550], [None]], 'mask_percentile': [90, 75], 'mask_side': ['lower', 'lower']}
GLOBUS TRANSFER task_id: 88795f3e-27f6-11eb-b162-0ee0d5d9299f
Waiting for transfer 88795f3e-27f6-11eb-b162-0ee0d5d9299f to complete...
Transfer 88795f3e-27f6-11eb-b162-0ee0d5d9299f has not yet finished; transfer submitted 1 minute(s) ago
Transfer 88795f3e-27f6-11eb-b162-0ee0d5d9299f has not yet finished; transfer submitted 2 minute(s) ago
Transfer 88795f3e-27f6-11eb-b162-0ee0d5d9299f has not yet finished; transfer submitted 3 minute(s) ago
Transfer 88795f3e-27f6-11eb-b162-0ee0d5d9299f has not yet finished; transfer submitted 4 minute(s) ago
Transfer 88795f3e-27f6-11eb-b162-0ee0d5d9299f has not yet finished; transfer submitted 5 minute(s) ago
Transfer 88795f3e-27f6-11eb-b162-0ee0d5d9299f has not yet finished; transfer submitted 6 minute(s) ago
Transfer 88795f3e-27f6-11eb-b162-0ee0d5d9299f has not yet finished; transfer submitted 7 minute(s) ago
Transfer 88795f3e-27f6-11eb-b162-0ee0d5d9299f has not yet finished; transfer submitted 8 minute(s) ago
Transfer 88795f3e-27f6-11eb-b162-0ee0d5d9299f has not yet finished; transfer submitted 9 minute(s) ago
Transfer 88795f3e-27f6-11eb-b162-0ee0d5d9299f has not yet finished; transfer submitted 10 minute(s) ago
Transfer 88795f3e-27f6-11eb-b162-0ee0d5d9299f has not yet finished; transfer submitted 11 minute(s) ago
Transfer 88795f3e-27f6-11eb-b162-0ee0d5d9299f has not yet finished; transfer submitted 12 minute(s) ago
Transfer 88795f3e-27f6-11eb-b162-0ee0d5d9299f has not yet finished; transfer submitted 13 minute(s) ago
Transfer 88795f3e-27f6-11eb-b162-0ee0d5d9299f has not yet finished; transfer submitted 14 minute(s) ago
Transfer 88795f3e-27f6-11eb-b162-0ee0d5d9299f has not yet finished; transfer submitted 15 minute(s) ago
Transfer 88795f3e-27f6-11eb-b162-0ee0d5d9299f has not yet finished; transfer submitted 16 minute(s) ago
Transfer 88795f3e-27f6-11eb-b162-0ee0d5d9299f has not yet finished; transfer submitted 17 minute(s) ago
Transfer 88795f3e-27f6-11eb-b162-0ee0d5d9299f has not yet finished; transfer submitted 18 minute(s) ago
Transfer 88795f3e-27f6-11eb-b162-0ee0d5d9299f has not yet finished; transfer submitted 19 minute(s) ago
Transfer 88795f3e-27f6-11eb-b162-0ee0d5d9299f has not yet finished; transfer submitted 20 minute(s) ago
Transfer 88795f3e-27f6-11eb-b162-0ee0d5d9299f has not yet finished; transfer submitted 21 minute(s) ago
Transfer 88795f3e-27f6-11eb-b162-0ee0d5d9299f has not yet finished; transfer submitted 22 minute(s) ago
Transfer 88795f3e-27f6-11eb-b162-0ee0d5d9299f has not yet finished; transfer submitted 23 minute(s) ago
Transfer 88795f3e-27f6-11eb-b162-0ee0d5d9299f has not yet finished; transfer submitted 24 minute(s) ago
Transfer 88795f3e-27f6-11eb-b162-0ee0d5d9299f has not yet finished; transfer submitted 25 minute(s) ago
Transfer 88795f3e-27f6-11eb-b162-0ee0d5d9299f has not yet finished; transfer submitted 26 minute(s) ago
Transfer 88795f3e-27f6-11eb-b162-0ee0d5d9299f has not yet finished; transfer submitted 27 minute(s) ago
Transfer 88795f3e-27f6-11eb-b162-0ee0d5d9299f has not yet finished; transfer submitted 28 minute(s) ago
Transfer 88795f3e-27f6-11eb-b162-0ee0d5d9299f has not yet finished; transfer submitted 29 minute(s) ago
Transfer 88795f3e-27f6-11eb-b162-0ee0d5d9299f has not yet finished; transfer submitted 30 minute(s) ago
Transfer 88795f3e-27f6-11eb-b162-0ee0d5d9299f has not yet finished; transfer submitted 31 minute(s) ago
Transfer 88795f3e-27f6-11eb-b162-0ee0d5d9299f has not yet finished; transfer submitted 32 minute(s) ago
Transfer 88795f3e-27f6-11eb-b162-0ee0d5d9299f has not yet finished; transfer submitted 33 minute(s) ago
DONE.
GLOBUS DELETE task_id: 5c3e0ae6-27fb-11eb-b162-0ee0d5d9299f

Processing scenario ID: 9
Panels type: ref_closest_panel
Crop type: crop_plot
Clip type: nan
Smooth type: nan
Bin type: {'method': 'spectral_mimic', 'sensor': 'sentinel-2a'}
Segment type: nan
GLOBUS TRANSFER task_id: 5e1877a2-27fb-11eb-8fbe-0a34088e79f9
Waiting for transfer 5e1877a2-27fb-11eb-8fbe-0a34088e79f9 to complete...
Transfer 5e1877a2-27fb-11eb-8fbe-0a34088e79f9 has not yet finished; transfer submitted 1 minute(s) ago
Transfer 5e1877a2-27fb-11eb-8fbe-0a34088e79f9 has not yet finished; transfer submitted 2 minute(s) ago
Transfer 5e1877a2-27fb-11eb-8fbe-0a34088e79f9 has not yet finished; transfer submitted 3 minute(s) ago
Transfer 5e1877a2-27fb-11eb-8fbe-0a34088e79f9 has not yet finished; transfer submitted 4 minute(s) ago
DONE.
GLOBUS DELETE task_id: 138179f4-27fc-11eb-8fbe-0a34088e79f9
