Skipping past idx_grix 0...
Skipping past idx_grix 1...
Skipping past idx_grix 2...
Skipping past idx_grix 3...
Skipping past idx_grix 4...
Skipping past idx_grix 5...
Skipping past idx_grix 6...
Skipping past idx_grix 7...
Skipping past idx_grix 8...
Skipping past idx_grix 9...
Skipping past idx_grix 10...
Skipping past idx_grix 11...
Skipping past idx_grix 12...
Skipping past idx_grix 13...
Skipping past idx_grix 14...
Skipping past idx_grix 15...
Skipping past idx_grix 16...
Skipping past idx_grix 17...
Skipping past idx_grix 18...
Skipping past idx_grix 19...
Skipping past idx_grix 20...
Skipping past idx_grix 21...
Skipping past idx_grix 22...
Skipping past idx_grix 23...
Skipping past idx_grix 24...
Skipping past idx_grix 25...
Skipping past idx_grix 26...
Skipping past idx_grix 27...
Skipping past idx_grix 28...
Skipping past idx_grix 29...
Skipping past idx_grix 30...
Skipping past idx_grix 31...
Skipping past idx_grix 32...
Skipping past idx_grix 33...
Skipping past idx_grix 34...
Skipping past idx_grix 35...
Skipping past idx_grix 36...
Skipping past idx_grix 37...
Skipping past idx_grix 38...
Skipping past idx_grix 39...

Processing scenario ID: 40
Panels type: ref_closest_panel
Crop type: crop_plot
Clip type: nan
Smooth type: {'window_size': 11, 'order': 2}
Bin type: {'method': 'spectral_mimic', 'sensor': 'sentinel-2a'}
Segment type: {'method': 'mcari2', 'wl1': [800], 'wl2': [670], 'wl3': [550], 'mask_percentile': 50, 'mask_side': 'upper'}

Response variable: biomass_kgha
Number of observations: 407

Feature set: reflectance

Writing mean spectra to a ``pandas.DataFrame``.
Number of input datacubes/spectra: 835
Using up to 9 selected features

Length of logspace_list: 300
Number of chunks: 16
Average length of each chunk: 18.8
Number of cores: 8

Hyperparameter tuning...

Number of features: 3
Number of features: 8
Number of features: 2
Number of features: 7
Number of features: 2
Number of features: 3
Number of features: 6
Number of features: 8
Number of features: 2
Number of features: 6
Number of features: 4
Number of features: 3
Number of features: 3
Number of features: 3
Number of features: 9
Number of features: 4
Number of features: 5
Number of features: 6
Number of features: 8
Number of features: 7
Number of features: 4
Number of features: 4
Number of features: 5
Number of features: 5
Number of features: 1
Number of features: 7
las_alpha
pls_n_components
pls_scale
Skipping past idx_grix 0...
Skipping past idx_grix 1...
Skipping past idx_grix 2...
Skipping past idx_grix 3...
Skipping past idx_grix 4...
Skipping past idx_grix 5...
Skipping past idx_grix 6...
Skipping past idx_grix 7...
Skipping past idx_grix 8...
Skipping past idx_grix 9...
Skipping past idx_grix 10...
Skipping past idx_grix 11...
Skipping past idx_grix 12...
Skipping past idx_grix 13...
Skipping past idx_grix 14...
Skipping past idx_grix 15...
Skipping past idx_grix 16...
Skipping past idx_grix 17...
Skipping past idx_grix 18...
Skipping past idx_grix 19...
Skipping past idx_grix 20...
Skipping past idx_grix 21...
Skipping past idx_grix 22...
Skipping past idx_grix 23...
Skipping past idx_grix 24...
Skipping past idx_grix 25...
Skipping past idx_grix 26...
Skipping past idx_grix 27...
Skipping past idx_grix 28...
Skipping past idx_grix 29...
Skipping past idx_grix 30...
Skipping past idx_grix 31...
Skipping past idx_grix 32...
Skipping past idx_grix 33...
Skipping past idx_grix 34...
Skipping past idx_grix 35...
Skipping past idx_grix 36...
Skipping past idx_grix 37...
Skipping past idx_grix 38...
Skipping past idx_grix 39...

Processing scenario ID: 40
Panels type: ref_closest_panel
Crop type: crop_plot
Clip type: nan
Smooth type: {'window_size': 11, 'order': 2}
Bin type: {'method': 'spectral_mimic', 'sensor': 'sentinel-2a'}
Segment type: {'method': 'mcari2', 'wl1': [800], 'wl2': [670], 'wl3': [550], 'mask_percentile': 50, 'mask_side': 'upper'}

Response variable: nup_kgha
Number of observations: 407

Feature set: reflectance

Writing mean spectra to a ``pandas.DataFrame``.
Number of input datacubes/spectra: 835
Using up to 9 selected features

Length of logspace_list: 300
Number of chunks: 16
Average length of each chunk: 18.8
Number of cores: 8

Hyperparameter tuning...

Number of features: 1
Number of features: 4
Number of features: 7
Number of features: 4
Number of features: 8
Number of features: 5
Number of features: 5
Number of features: 5
Number of features: 5
Number of features: 2
Number of features: 3
Number of features: 4
Number of features: 6
Number of features: 5
Number of features: 4
Number of features: 3
Number of features: 3
Number of features: 4
Number of features: 6
Number of features: 7
Number of features: 9
Number of features: 8
Number of features: 2
Number of features: 6
las_alpha
pls_n_components
pls_scale
Skipping past idx_grix 0...
Skipping past idx_grix 1...
Skipping past idx_grix 2...
Skipping past idx_grix 3...
Skipping past idx_grix 4...
Skipping past idx_grix 5...
Skipping past idx_grix 6...
Skipping past idx_grix 7...
Skipping past idx_grix 8...
Skipping past idx_grix 9...
Skipping past idx_grix 10...
Skipping past idx_grix 11...
Skipping past idx_grix 12...
Skipping past idx_grix 13...
Skipping past idx_grix 14...
Skipping past idx_grix 15...
Skipping past idx_grix 16...
Skipping past idx_grix 17...
Skipping past idx_grix 18...
Skipping past idx_grix 19...
Skipping past idx_grix 20...
Skipping past idx_grix 21...
Skipping past idx_grix 22...
Skipping past idx_grix 23...
Skipping past idx_grix 24...
Skipping past idx_grix 25...
Skipping past idx_grix 26...
Skipping past idx_grix 27...
Skipping past idx_grix 28...
Skipping past idx_grix 29...
Skipping past idx_grix 30...
Skipping past idx_grix 31...
Skipping past idx_grix 32...
Skipping past idx_grix 33...
Skipping past idx_grix 34...
Skipping past idx_grix 35...
Skipping past idx_grix 36...
Skipping past idx_grix 37...
Skipping past idx_grix 38...
Skipping past idx_grix 39...

Processing scenario ID: 40
Panels type: ref_closest_panel
Crop type: crop_plot
Clip type: nan
Smooth type: {'window_size': 11, 'order': 2}
Bin type: {'method': 'spectral_mimic', 'sensor': 'sentinel-2a'}
Segment type: {'method': 'mcari2', 'wl1': [800], 'wl2': [670], 'wl3': [550], 'mask_percentile': 50, 'mask_side': 'upper'}

Response variable: tissue_n_pct
Number of observations: 408

Feature set: reflectance

Writing mean spectra to a ``pandas.DataFrame``.
Number of input datacubes/spectra: 835
Using up to 9 selected features

Length of logspace_list: 300
Number of chunks: 16
Average length of each chunk: 18.8
Number of cores: 8

Hyperparameter tuning...

Number of features: 3
Number of features: 1
Number of features: 2
Number of features: 6
Number of features: 2
Number of features: 5
Number of features: 4
Number of features: 7
Number of features: 3
Number of features: 6
Number of features: 6
Number of features: 6
Number of features: 9
Number of features: 7
Number of features: 5
las_alpha
pls_n_components
pls_scale
Skipping past idx_grix 0...
Skipping past idx_grix 1...
Skipping past idx_grix 2...
Skipping past idx_grix 3...
Skipping past idx_grix 4...
Skipping past idx_grix 5...
Skipping past idx_grix 6...
Skipping past idx_grix 7...
Skipping past idx_grix 8...
Skipping past idx_grix 9...
Skipping past idx_grix 10...
Skipping past idx_grix 11...
Skipping past idx_grix 12...
Skipping past idx_grix 13...
Skipping past idx_grix 14...
Skipping past idx_grix 15...
Skipping past idx_grix 16...
Skipping past idx_grix 17...
Skipping past idx_grix 18...
Skipping past idx_grix 19...
Skipping past idx_grix 20...
Skipping past idx_grix 21...
Skipping past idx_grix 22...
Skipping past idx_grix 23...
Skipping past idx_grix 24...
Skipping past idx_grix 25...
Skipping past idx_grix 26...
Skipping past idx_grix 27...
Skipping past idx_grix 28...
Skipping past idx_grix 29...
Skipping past idx_grix 30...
Skipping past idx_grix 31...
Skipping past idx_grix 32...
Skipping past idx_grix 33...
Skipping past idx_grix 34...
Skipping past idx_grix 35...
Skipping past idx_grix 36...
Skipping past idx_grix 37...
Skipping past idx_grix 38...
Skipping past idx_grix 39...

Processing scenario ID: 40
Panels type: ref_closest_panel
Crop type: crop_plot
Clip type: nan
Smooth type: {'window_size': 11, 'order': 2}
Bin type: {'method': 'spectral_mimic', 'sensor': 'sentinel-2a'}
Segment type: {'method': 'mcari2', 'wl1': [800], 'wl2': [670], 'wl3': [550], 'mask_percentile': 50, 'mask_side': 'upper'}

Response variable: biomass_kgha
Number of observations: 407

Feature set: derivative_1

Writing mean spectra to a ``pandas.DataFrame``.
Number of input datacubes/spectra: 835
Using up to 9 selected features

Length of logspace_list: 300
Number of chunks: 16
Average length of each chunk: 18.8
Number of cores: 8

Hyperparameter tuning...

Number of features: 1
Number of features: 7
Number of features: 6
Number of features: 3
Number of features: 4
Number of features: 5
Number of features: 2
Number of features: 7
Number of features: 7
Number of features: 4
Number of features: 6
Number of features: 7
Number of features: 6
Number of features: 9
Number of features: 5
Number of features: 8
las_alpha
pls_n_components
pls_scale
Skipping past idx_grix 0...
Skipping past idx_grix 1...
Skipping past idx_grix 2...
Skipping past idx_grix 3...
Skipping past idx_grix 4...
Skipping past idx_grix 5...
Skipping past idx_grix 6...
Skipping past idx_grix 7...
Skipping past idx_grix 8...
Skipping past idx_grix 9...
Skipping past idx_grix 10...
Skipping past idx_grix 11...
Skipping past idx_grix 12...
Skipping past idx_grix 13...
Skipping past idx_grix 14...
Skipping past idx_grix 15...
Skipping past idx_grix 16...
Skipping past idx_grix 17...
Skipping past idx_grix 18...
Skipping past idx_grix 19...
Skipping past idx_grix 20...
Skipping past idx_grix 21...
Skipping past idx_grix 22...
Skipping past idx_grix 23...
Skipping past idx_grix 24...
Skipping past idx_grix 25...
Skipping past idx_grix 26...
Skipping past idx_grix 27...
Skipping past idx_grix 28...
Skipping past idx_grix 29...
Skipping past idx_grix 30...
Skipping past idx_grix 31...
Skipping past idx_grix 32...
Skipping past idx_grix 33...
Skipping past idx_grix 34...
Skipping past idx_grix 35...
Skipping past idx_grix 36...
Skipping past idx_grix 37...
Skipping past idx_grix 38...
Skipping past idx_grix 39...

Processing scenario ID: 40
Panels type: ref_closest_panel
Crop type: crop_plot
Clip type: nan
Smooth type: {'window_size': 11, 'order': 2}
Bin type: {'method': 'spectral_mimic', 'sensor': 'sentinel-2a'}
Segment type: {'method': 'mcari2', 'wl1': [800], 'wl2': [670], 'wl3': [550], 'mask_percentile': 50, 'mask_side': 'upper'}

Response variable: nup_kgha
Number of observations: 407

Feature set: derivative_1

Writing mean spectra to a ``pandas.DataFrame``.
Number of input datacubes/spectra: 835
Using up to 9 selected features

Length of logspace_list: 300
Number of chunks: 16
Average length of each chunk: 18.8
Number of cores: 8

Hyperparameter tuning...

Number of features: 2
Number of features: 4
Number of features: 5
Number of features: 5
Number of features: 5
Number of features: 6
Number of features: 1
Number of features: 3
Number of features: 4
Number of features: 7
Number of features: 6
Number of features: 6
las_alpha
pls_n_components
pls_scale
Skipping past idx_grix 0...
Skipping past idx_grix 1...
Skipping past idx_grix 2...
Skipping past idx_grix 3...
Skipping past idx_grix 4...
Skipping past idx_grix 5...
Skipping past idx_grix 6...
Skipping past idx_grix 7...
Skipping past idx_grix 8...
Skipping past idx_grix 9...
Skipping past idx_grix 10...
Skipping past idx_grix 11...
Skipping past idx_grix 12...
Skipping past idx_grix 13...
Skipping past idx_grix 14...
Skipping past idx_grix 15...
Skipping past idx_grix 16...
Skipping past idx_grix 17...
Skipping past idx_grix 18...
Skipping past idx_grix 19...
Skipping past idx_grix 20...
Skipping past idx_grix 21...
Skipping past idx_grix 22...
Skipping past idx_grix 23...
Skipping past idx_grix 24...
Skipping past idx_grix 25...
Skipping past idx_grix 26...
Skipping past idx_grix 27...
Skipping past idx_grix 28...
Skipping past idx_grix 29...
Skipping past idx_grix 30...
Skipping past idx_grix 31...
Skipping past idx_grix 32...
Skipping past idx_grix 33...
Skipping past idx_grix 34...
Skipping past idx_grix 35...
Skipping past idx_grix 36...
Skipping past idx_grix 37...
Skipping past idx_grix 38...
Skipping past idx_grix 39...

Processing scenario ID: 40
Panels type: ref_closest_panel
Crop type: crop_plot
Clip type: nan
Smooth type: {'window_size': 11, 'order': 2}
Bin type: {'method': 'spectral_mimic', 'sensor': 'sentinel-2a'}
Segment type: {'method': 'mcari2', 'wl1': [800], 'wl2': [670], 'wl3': [550], 'mask_percentile': 50, 'mask_side': 'upper'}

Response variable: tissue_n_pct
Number of observations: 408

Feature set: derivative_1

Writing mean spectra to a ``pandas.DataFrame``.
Number of input datacubes/spectra: 835
Old "step_pct": 0.05
New "step_pct": 0.5
alpha: 0.0005
Features selected: 3
Iterations without progress: 0

alpha: 0.00025
Features selected: 4
Iterations without progress: 0

alpha: 0.000125
Features selected: 6
Iterations without progress: 0

alpha: 6.25e-05
Features selected: 6
Iterations without progress: 1

Old "step_pct": 0.5
New "step_pct": 0.1
alpha: 5.6250000000000005e-05
Features selected: 8
Iterations without progress: 0

alpha: 5.0625000000000004e-05
Features selected: 7
Iterations without progress: 0

Old "step_pct": 0.1
New "step_pct": 0.02
alpha: 4.96125e-05
Features selected: 8
Iterations without progress: 0

alpha: 4.8620249999999996e-05
Features selected: 8
Iterations without progress: 1

alpha: 4.7647845e-05
Features selected: 8
Iterations without progress: 2

alpha: 4.66948881e-05
Features selected: 8
Iterations without progress: 3

alpha: 4.5760990338e-05
Features selected: 8
Iterations without progress: 4

alpha: 4.484577053124e-05
Features selected: 8
Iterations without progress: 5

Leaving while loop before finding the alpha value that achieves selection of 9 feature(s) (minimum alpha value to use).

Using up to 8 selected features

Length of logspace_list: 300
Number of chunks: 16
Average length of each chunk: 18.8
Number of cores: 8

Hyperparameter tuning...

Number of features: 2
Number of features: 1
Number of features: 6
Number of features: 2
Number of features: 3
Number of features: 5
Number of features: 4
Number of features: 2
Number of features: 3
Number of features: 3
Number of features: 8
Number of features: 6
Number of features: 7
Number of features: 7
Number of features: 7
las_alpha
pls_n_components
pls_scale
Skipping past idx_grix 0...
Skipping past idx_grix 1...
Skipping past idx_grix 2...
Skipping past idx_grix 3...
Skipping past idx_grix 4...
Skipping past idx_grix 5...
Skipping past idx_grix 6...
Skipping past idx_grix 7...
Skipping past idx_grix 8...
Skipping past idx_grix 9...
Skipping past idx_grix 10...
Skipping past idx_grix 11...
Skipping past idx_grix 12...
Skipping past idx_grix 13...
Skipping past idx_grix 14...
Skipping past idx_grix 15...
Skipping past idx_grix 16...
Skipping past idx_grix 17...
Skipping past idx_grix 18...
Skipping past idx_grix 19...
Skipping past idx_grix 20...
Skipping past idx_grix 21...
Skipping past idx_grix 22...
Skipping past idx_grix 23...
Skipping past idx_grix 24...
Skipping past idx_grix 25...
Skipping past idx_grix 26...
Skipping past idx_grix 27...
Skipping past idx_grix 28...
Skipping past idx_grix 29...
Skipping past idx_grix 30...
Skipping past idx_grix 31...
Skipping past idx_grix 32...
Skipping past idx_grix 33...
Skipping past idx_grix 34...
Skipping past idx_grix 35...
Skipping past idx_grix 36...
Skipping past idx_grix 37...
Skipping past idx_grix 38...
Skipping past idx_grix 39...

Processing scenario ID: 40
Panels type: ref_closest_panel
Crop type: crop_plot
Clip type: nan
Smooth type: {'window_size': 11, 'order': 2}
Bin type: {'method': 'spectral_mimic', 'sensor': 'sentinel-2a'}
Segment type: {'method': 'mcari2', 'wl1': [800], 'wl2': [670], 'wl3': [550], 'mask_percentile': 50, 'mask_side': 'upper'}

Response variable: biomass_kgha
Number of observations: 407

Feature set: derivative_2

Writing mean spectra to a ``pandas.DataFrame``.
Number of input datacubes/spectra: 835
Using up to 9 selected features

Length of logspace_list: 300
Number of chunks: 16
Average length of each chunk: 18.8
Number of cores: 8

Hyperparameter tuning...

Number of features: 0
Number of features: 2
Number of features: 4
Number of features: 4
Number of features: 5
Number of features: 6
Number of features: 5
Number of features: 7
Number of features: 1
Number of features: 8
Number of features: 3
Number of features: 6
las_alpha
pls_n_components
pls_scale
Skipping past idx_grix 0...
Skipping past idx_grix 1...
Skipping past idx_grix 2...
Skipping past idx_grix 3...
Skipping past idx_grix 4...
Skipping past idx_grix 5...
Skipping past idx_grix 6...
Skipping past idx_grix 7...
Skipping past idx_grix 8...
Skipping past idx_grix 9...
Skipping past idx_grix 10...
Skipping past idx_grix 11...
Skipping past idx_grix 12...
Skipping past idx_grix 13...
Skipping past idx_grix 14...
Skipping past idx_grix 15...
Skipping past idx_grix 16...
Skipping past idx_grix 17...
Skipping past idx_grix 18...
Skipping past idx_grix 19...
Skipping past idx_grix 20...
Skipping past idx_grix 21...
Skipping past idx_grix 22...
Skipping past idx_grix 23...
Skipping past idx_grix 24...
Skipping past idx_grix 25...
Skipping past idx_grix 26...
Skipping past idx_grix 27...
Skipping past idx_grix 28...
Skipping past idx_grix 29...
Skipping past idx_grix 30...
Skipping past idx_grix 31...
Skipping past idx_grix 32...
Skipping past idx_grix 33...
Skipping past idx_grix 34...
Skipping past idx_grix 35...
Skipping past idx_grix 36...
Skipping past idx_grix 37...
Skipping past idx_grix 38...
Skipping past idx_grix 39...

Processing scenario ID: 40
Panels type: ref_closest_panel
Crop type: crop_plot
Clip type: nan
Smooth type: {'window_size': 11, 'order': 2}
Bin type: {'method': 'spectral_mimic', 'sensor': 'sentinel-2a'}
Segment type: {'method': 'mcari2', 'wl1': [800], 'wl2': [670], 'wl3': [550], 'mask_percentile': 50, 'mask_side': 'upper'}

Response variable: nup_kgha
Number of observations: 407

Feature set: derivative_2

Writing mean spectra to a ``pandas.DataFrame``.
Number of input datacubes/spectra: 835
Old "step_pct": 0.05
New "step_pct": 0.5
alpha: 0.0005
Features selected: 4
Iterations without progress: 0

alpha: 0.00025
Features selected: 4
Iterations without progress: 1

alpha: 0.000125
Features selected: 4
Iterations without progress: 2

alpha: 6.25e-05
Features selected: 4
Iterations without progress: 3

alpha: 3.125e-05
Features selected: 6
Iterations without progress: 0

alpha: 1.5625e-05
Features selected: 6
Iterations without progress: 1

alpha: 7.8125e-06
Features selected: 6
Iterations without progress: 2

alpha: 3.90625e-06
Features selected: 7
Iterations without progress: 0

alpha: 1.953125e-06
Features selected: 7
Iterations without progress: 1

alpha: 9.765625e-07
Features selected: 7
Iterations without progress: 2

alpha: 4.8828125e-07
Features selected: 7
Iterations without progress: 3

alpha: 2.44140625e-07
Features selected: 7
Iterations without progress: 4

alpha: 4.638671875e-07
Features selected: 9
Iterations without progress: 0

Using up to 9 selected features

Length of logspace_list: 300
Number of chunks: 16
Average length of each chunk: 18.8
Number of cores: 8

Hyperparameter tuning...

Number of features: 2
Number of features: 4
Number of features: 4
Number of features: 2
Number of features: 1
Number of features: 6
Number of features: 6
Number of features: 3
Number of features: 7
Number of features: 5
Number of features: 5
las_alpha
pls_n_components
pls_scale
Skipping past idx_grix 0...
Skipping past idx_grix 1...
Skipping past idx_grix 2...
Skipping past idx_grix 3...
Skipping past idx_grix 4...
Skipping past idx_grix 5...
Skipping past idx_grix 6...
Skipping past idx_grix 7...
Skipping past idx_grix 8...
Skipping past idx_grix 9...
Skipping past idx_grix 10...
Skipping past idx_grix 11...
Skipping past idx_grix 12...
Skipping past idx_grix 13...
Skipping past idx_grix 14...
Skipping past idx_grix 15...
Skipping past idx_grix 16...
Skipping past idx_grix 17...
Skipping past idx_grix 18...
Skipping past idx_grix 19...
Skipping past idx_grix 20...
Skipping past idx_grix 21...
Skipping past idx_grix 22...
Skipping past idx_grix 23...
Skipping past idx_grix 24...
Skipping past idx_grix 25...
Skipping past idx_grix 26...
Skipping past idx_grix 27...
Skipping past idx_grix 28...
Skipping past idx_grix 29...
Skipping past idx_grix 30...
Skipping past idx_grix 31...
Skipping past idx_grix 32...
Skipping past idx_grix 33...
Skipping past idx_grix 34...
Skipping past idx_grix 35...
Skipping past idx_grix 36...
Skipping past idx_grix 37...
Skipping past idx_grix 38...
Skipping past idx_grix 39...

Processing scenario ID: 40
Panels type: ref_closest_panel
Crop type: crop_plot
Clip type: nan
Smooth type: {'window_size': 11, 'order': 2}
Bin type: {'method': 'spectral_mimic', 'sensor': 'sentinel-2a'}
Segment type: {'method': 'mcari2', 'wl1': [800], 'wl2': [670], 'wl3': [550], 'mask_percentile': 50, 'mask_side': 'upper'}

Response variable: tissue_n_pct
Number of observations: 408

Feature set: derivative_2

Writing mean spectra to a ``pandas.DataFrame``.
Number of input datacubes/spectra: 835
Old "step_pct": 0.05
New "step_pct": 0.5
alpha: 0.0005
Features selected: 1
Iterations without progress: 0

alpha: 0.00025
Features selected: 1
Iterations without progress: 1

alpha: 0.000125
Features selected: 2
Iterations without progress: 0

alpha: 6.25e-05
Features selected: 3
Iterations without progress: 0

alpha: 3.125e-05
Features selected: 3
Iterations without progress: 1

alpha: 1.5625e-05
Features selected: 3
Iterations without progress: 2

alpha: 7.8125e-06
Features selected: 4
Iterations without progress: 0

alpha: 3.90625e-06
Features selected: 4
Iterations without progress: 1

alpha: 1.953125e-06
Features selected: 6
Iterations without progress: 0

alpha: 9.765625e-07
Features selected: 5
Iterations without progress: 0

Old "step_pct": 0.5
New "step_pct": 0.1
alpha: 8.789062500000001e-07
Features selected: 8
Iterations without progress: 0

alpha: 7.910156250000001e-07
Features selected: 8
Iterations without progress: 1

alpha: 7.119140625e-07
Features selected: 8
Iterations without progress: 2

alpha: 6.407226562500001e-07
Features selected: 8
Iterations without progress: 3

alpha: 5.76650390625e-07
Features selected: 8
Iterations without progress: 4

alpha: 5.189853515625e-07
Features selected: 8
Iterations without progress: 5

Leaving while loop before finding the alpha value that achieves selection of 9 feature(s) (minimum alpha value to use).

Using up to 8 selected features

Length of logspace_list: 300
Number of chunks: 16
Average length of each chunk: 18.8
Number of cores: 8

Hyperparameter tuning...

Number of features: 3
Number of features: 5
Number of features: 0
Number of features: 4
Number of features: 4
Number of features: 4
Number of features: 5
Number of features: 5
Number of features: 3
Number of features: 7
Number of features: 3
Number of features: 6
Number of features: 1
Number of features: 3
Number of features: 2
Number of features: 4
Number of features: 4
Number of features: 6
Number of features: 8
las_alpha
pls_n_components
pls_scale

Processing scenario ID: 40
Panels type: ref_closest_panel
Crop type: crop_plot
Clip type: nan
Smooth type: {'window_size': 11, 'order': 2}
Bin type: {'method': 'spectral_mimic', 'sensor': 'sentinel-2a'}
Segment type: {'method': 'mcari2', 'wl1': [800], 'wl2': [670], 'wl3': [550], 'mask_percentile': 50, 'mask_side': 'upper'}
GLOBUS TRANSFER task_id: b303558a-27eb-11eb-8fbe-0a34088e79f9
Waiting for transfer b303558a-27eb-11eb-8fbe-0a34088e79f9 to complete...
Transfer b303558a-27eb-11eb-8fbe-0a34088e79f9 has not yet finished; transfer submitted 1 minute(s) ago
Transfer b303558a-27eb-11eb-8fbe-0a34088e79f9 has not yet finished; transfer submitted 2 minute(s) ago
Transfer b303558a-27eb-11eb-8fbe-0a34088e79f9 has not yet finished; transfer submitted 3 minute(s) ago
Transfer b303558a-27eb-11eb-8fbe-0a34088e79f9 has not yet finished; transfer submitted 4 minute(s) ago
Transfer b303558a-27eb-11eb-8fbe-0a34088e79f9 has not yet finished; transfer submitted 5 minute(s) ago
DONE.
GLOBUS DELETE task_id: 8cadefd4-27ec-11eb-8fbe-0a34088e79f9

Processing scenario ID: 41
Panels type: ref_closest_panel
Crop type: crop_plot
Clip type: nan
Smooth type: {'window_size': 11, 'order': 2}
Bin type: {'method': 'spectral_mimic', 'sensor': 'sentinel-2a'}
Segment type: {'method': 'mcari2', 'wl1': [800], 'wl2': [670], 'wl3': [550], 'mask_percentile': 90, 'mask_side': 'lower'}
GLOBUS TRANSFER task_id: 8ea69796-27ec-11eb-b539-02d9497ca481
Waiting for transfer 8ea69796-27ec-11eb-b539-02d9497ca481 to complete...
Transfer 8ea69796-27ec-11eb-b539-02d9497ca481 has not yet finished; transfer submitted 1 minute(s) ago
Transfer 8ea69796-27ec-11eb-b539-02d9497ca481 has not yet finished; transfer submitted 2 minute(s) ago
Transfer 8ea69796-27ec-11eb-b539-02d9497ca481 has not yet finished; transfer submitted 3 minute(s) ago
Transfer 8ea69796-27ec-11eb-b539-02d9497ca481 has not yet finished; transfer submitted 4 minute(s) ago
Transfer 8ea69796-27ec-11eb-b539-02d9497ca481 has not yet finished; transfer submitted 5 minute(s) ago
Transfer 8ea69796-27ec-11eb-b539-02d9497ca481 has not yet finished; transfer submitted 6 minute(s) ago
Transfer 8ea69796-27ec-11eb-b539-02d9497ca481 has not yet finished; transfer submitted 7 minute(s) ago
DONE.
GLOBUS DELETE task_id: a50e0afe-27ed-11eb-b539-02d9497ca481

Processing scenario ID: 42
Panels type: ref_closest_panel
Crop type: crop_plot
Clip type: nan
Smooth type: {'window_size': 11, 'order': 2}
Bin type: {'method': 'spectral_mimic', 'sensor': 'sentinel-2a'}
Segment type: {'method': 'mcari2', 'wl1': [800], 'wl2': [670], 'wl3': [550], 'mask_percentile': [50, 75], 'mask_side': 'outside'}
GLOBUS TRANSFER task_id: a70148e4-27ed-11eb-b162-0ee0d5d9299f
Waiting for transfer a70148e4-27ed-11eb-b162-0ee0d5d9299f to complete...
Transfer a70148e4-27ed-11eb-b162-0ee0d5d9299f has not yet finished; transfer submitted 1 minute(s) ago
Transfer a70148e4-27ed-11eb-b162-0ee0d5d9299f has not yet finished; transfer submitted 2 minute(s) ago
Transfer a70148e4-27ed-11eb-b162-0ee0d5d9299f has not yet finished; transfer submitted 3 minute(s) ago
Transfer a70148e4-27ed-11eb-b162-0ee0d5d9299f has not yet finished; transfer submitted 4 minute(s) ago
Transfer a70148e4-27ed-11eb-b162-0ee0d5d9299f has not yet finished; transfer submitted 5 minute(s) ago
Transfer a70148e4-27ed-11eb-b162-0ee0d5d9299f has not yet finished; transfer submitted 6 minute(s) ago
DONE.
GLOBUS DELETE task_id: 872a378c-27ee-11eb-b162-0ee0d5d9299f

Processing scenario ID: 43
Panels type: ref_closest_panel
Crop type: crop_plot
Clip type: nan
Smooth type: {'window_size': 11, 'order': 2}
Bin type: {'method': 'spectral_mimic', 'sensor': 'sentinel-2a'}
Segment type: {'method': 'mcari2', 'wl1': [800], 'wl2': [670], 'wl3': [550], 'mask_percentile': [75, 95], 'mask_side': 'outside'}
GLOBUS TRANSFER task_id: 893690de-27ee-11eb-b539-02d9497ca481
Waiting for transfer 893690de-27ee-11eb-b539-02d9497ca481 to complete...
Transfer 893690de-27ee-11eb-b539-02d9497ca481 has not yet finished; transfer submitted 1 minute(s) ago
Transfer 893690de-27ee-11eb-b539-02d9497ca481 has not yet finished; transfer submitted 2 minute(s) ago
Transfer 893690de-27ee-11eb-b539-02d9497ca481 has not yet finished; transfer submitted 3 minute(s) ago
Transfer 893690de-27ee-11eb-b539-02d9497ca481 has not yet finished; transfer submitted 4 minute(s) ago
Transfer 893690de-27ee-11eb-b539-02d9497ca481 has not yet finished; transfer submitted 5 minute(s) ago
Transfer 893690de-27ee-11eb-b539-02d9497ca481 has not yet finished; transfer submitted 6 minute(s) ago
Transfer 893690de-27ee-11eb-b539-02d9497ca481 has not yet finished; transfer submitted 7 minute(s) ago
DONE.
GLOBUS DELETE task_id: 9985eca4-27ef-11eb-b539-02d9497ca481

Processing scenario ID: 44
Panels type: ref_closest_panel
Crop type: crop_plot
Clip type: nan
Smooth type: {'window_size': 11, 'order': 2}
Bin type: {'method': 'spectral_mimic', 'sensor': 'sentinel-2a'}
Segment type: {'method': ['mcari2', [545, 565]], 'wl1': [[800], [None]], 'wl2': [[670], [None]], 'wl3': [[550], [None]], 'mask_percentile': [90, 75], 'mask_side': ['lower', 'lower']}
GLOBUS TRANSFER task_id: 9b794024-27ef-11eb-8fbe-0a34088e79f9
Waiting for transfer 9b794024-27ef-11eb-8fbe-0a34088e79f9 to complete...
Transfer 9b794024-27ef-11eb-8fbe-0a34088e79f9 has not yet finished; transfer submitted 1 minute(s) ago
Transfer 9b794024-27ef-11eb-8fbe-0a34088e79f9 has not yet finished; transfer submitted 2 minute(s) ago
Transfer 9b794024-27ef-11eb-8fbe-0a34088e79f9 has not yet finished; transfer submitted 3 minute(s) ago
Transfer 9b794024-27ef-11eb-8fbe-0a34088e79f9 has not yet finished; transfer submitted 4 minute(s) ago
Transfer 9b794024-27ef-11eb-8fbe-0a34088e79f9 has not yet finished; transfer submitted 5 minute(s) ago
Transfer 9b794024-27ef-11eb-8fbe-0a34088e79f9 has not yet finished; transfer submitted 6 minute(s) ago
Transfer 9b794024-27ef-11eb-8fbe-0a34088e79f9 has not yet finished; transfer submitted 7 minute(s) ago
DONE.
GLOBUS DELETE task_id: b1bf7172-27f0-11eb-8fbe-0a34088e79f9
