Skipping past idx_grix 0...
Skipping past idx_grix 1...
Skipping past idx_grix 2...
Skipping past idx_grix 3...
Skipping past idx_grix 4...
Skipping past idx_grix 5...
Skipping past idx_grix 6...
Skipping past idx_grix 7...
Skipping past idx_grix 8...
Skipping past idx_grix 9...

Processing scenario ID: 10
Panels type: ref_closest_panel
Crop type: crop_plot
Clip type: nan
Smooth type: nan
Bin type: {'method': 'spectral_mimic', 'sensor': 'sentinel-2a'}
Segment type: {'method': 'ndi', 'wl1': [770, 800], 'wl2': [650, 680], 'mask_percentile': 50, 'mask_side': 'lower'}

Response variable: biomass_kgha
Number of observations: 407

Feature set: reflectance

Writing mean spectra to a ``pandas.DataFrame``.
Number of input datacubes/spectra: 835
Using up to 9 selected features

Length of logspace_list: 300
Number of chunks: 16
Average length of each chunk: 18.8
Number of cores: 8

Hyperparameter tuning...

Number of features: 2
Number of features: 5
Number of features: 3
Number of features: 5
Number of features: 6
Number of features: 1
Number of features: 4
Number of features: 7
Number of features: 9
las_alpha
pls_n_components
pls_scale
Skipping past idx_grix 0...
Skipping past idx_grix 1...
Skipping past idx_grix 2...
Skipping past idx_grix 3...
Skipping past idx_grix 4...
Skipping past idx_grix 5...
Skipping past idx_grix 6...
Skipping past idx_grix 7...
Skipping past idx_grix 8...
Skipping past idx_grix 9...

Processing scenario ID: 10
Panels type: ref_closest_panel
Crop type: crop_plot
Clip type: nan
Smooth type: nan
Bin type: {'method': 'spectral_mimic', 'sensor': 'sentinel-2a'}
Segment type: {'method': 'ndi', 'wl1': [770, 800], 'wl2': [650, 680], 'mask_percentile': 50, 'mask_side': 'lower'}

Response variable: nup_kgha
Number of observations: 407

Feature set: reflectance

Writing mean spectra to a ``pandas.DataFrame``.
Number of input datacubes/spectra: 835
Using up to 9 selected features

Length of logspace_list: 300
Number of chunks: 16
Average length of each chunk: 18.8
Number of cores: 8

Hyperparameter tuning...

Number of features: 1
Number of features: 2
Number of features: 3
Number of features: 5
Number of features: 4
Number of features: 8
Number of features: 6
Number of features: 8
Number of features: 5
Number of features: 9
Number of features: 7
las_alpha
pls_n_components
pls_scale
Skipping past idx_grix 0...
Skipping past idx_grix 1...
Skipping past idx_grix 2...
Skipping past idx_grix 3...
Skipping past idx_grix 4...
Skipping past idx_grix 5...
Skipping past idx_grix 6...
Skipping past idx_grix 7...
Skipping past idx_grix 8...
Skipping past idx_grix 9...

Processing scenario ID: 10
Panels type: ref_closest_panel
Crop type: crop_plot
Clip type: nan
Smooth type: nan
Bin type: {'method': 'spectral_mimic', 'sensor': 'sentinel-2a'}
Segment type: {'method': 'ndi', 'wl1': [770, 800], 'wl2': [650, 680], 'mask_percentile': 50, 'mask_side': 'lower'}

Response variable: tissue_n_pct
Number of observations: 408

Feature set: reflectance

Writing mean spectra to a ``pandas.DataFrame``.
Number of input datacubes/spectra: 835
Using up to 9 selected features

Length of logspace_list: 300
Number of chunks: 16
Average length of each chunk: 18.8
Number of cores: 8

Hyperparameter tuning...

Number of features: 4
Number of features: 4
Number of features: 3
Number of features: 1
Number of features: 2
Number of features: 5
Number of features: 3
Number of features: 5
Number of features: 7
Number of features: 3
Number of features: 9
Number of features: 3
Number of features: 6
Number of features: 3
Number of features: 3
Number of features: 4
Number of features: 4
Number of features: 2
Number of features: 8
las_alpha
pls_n_components
pls_scale
Skipping past idx_grix 0...
Skipping past idx_grix 1...
Skipping past idx_grix 2...
Skipping past idx_grix 3...
Skipping past idx_grix 4...
Skipping past idx_grix 5...
Skipping past idx_grix 6...
Skipping past idx_grix 7...
Skipping past idx_grix 8...
Skipping past idx_grix 9...

Processing scenario ID: 10
Panels type: ref_closest_panel
Crop type: crop_plot
Clip type: nan
Smooth type: nan
Bin type: {'method': 'spectral_mimic', 'sensor': 'sentinel-2a'}
Segment type: {'method': 'ndi', 'wl1': [770, 800], 'wl2': [650, 680], 'mask_percentile': 50, 'mask_side': 'lower'}

Response variable: biomass_kgha
Number of observations: 407

Feature set: derivative_1

Writing mean spectra to a ``pandas.DataFrame``.
Number of input datacubes/spectra: 835
Using up to 9 selected features

Length of logspace_list: 300
Number of chunks: 16
Average length of each chunk: 18.8
Number of cores: 8

Hyperparameter tuning...

Number of features: 6
Number of features: 4
Number of features: 5
Number of features: 4
Number of features: 7
Number of features: 5
Number of features: 6
Number of features: 7
Number of features: 1
Number of features: 7
Number of features: 4
Number of features: 5
Number of features: 2
Number of features: 6
Number of features: 5
Number of features: 3
Number of features: 8
Number of features: 7
Number of features: 6
las_alpha
pls_n_components
pls_scale
Skipping past idx_grix 0...
Skipping past idx_grix 1...
Skipping past idx_grix 2...
Skipping past idx_grix 3...
Skipping past idx_grix 4...
Skipping past idx_grix 5...
Skipping past idx_grix 6...
Skipping past idx_grix 7...
Skipping past idx_grix 8...
Skipping past idx_grix 9...

Processing scenario ID: 10
Panels type: ref_closest_panel
Crop type: crop_plot
Clip type: nan
Smooth type: nan
Bin type: {'method': 'spectral_mimic', 'sensor': 'sentinel-2a'}
Segment type: {'method': 'ndi', 'wl1': [770, 800], 'wl2': [650, 680], 'mask_percentile': 50, 'mask_side': 'lower'}

Response variable: nup_kgha
Number of observations: 407

Feature set: derivative_1

Writing mean spectra to a ``pandas.DataFrame``.
Number of input datacubes/spectra: 835
alpha: 0.00095
Features selected: 7
Iterations without progress: 0

alpha: 0.0009025
Features selected: 7
Iterations without progress: 1

alpha: 0.000857375
Features selected: 7
Iterations without progress: 2

alpha: 0.0008145062499999999
Features selected: 7
Iterations without progress: 3

alpha: 0.0007737809374999998
Features selected: 7
Iterations without progress: 4

alpha: 0.0007350918906249997
Features selected: 7
Iterations without progress: 5

Leaving while loop before finding the alpha value that achieves selection of 9 feature(s) (minimum alpha value to use).

Using up to 7 selected features

Length of logspace_list: 300
Number of chunks: 16
Average length of each chunk: 18.8
Number of cores: 8

Hyperparameter tuning...

Number of features: 1
Number of features: 5
Number of features: 4
Number of features: 6
Number of features: 7
Number of features: 2
Number of features: 3
Number of features: 5
Number of features: 7
Number of features: 6
Number of features: 6
las_alpha
pls_n_components
pls_scale
Skipping past idx_grix 0...
Skipping past idx_grix 1...
Skipping past idx_grix 2...
Skipping past idx_grix 3...
Skipping past idx_grix 4...
Skipping past idx_grix 5...
Skipping past idx_grix 6...
Skipping past idx_grix 7...
Skipping past idx_grix 8...
Skipping past idx_grix 9...

Processing scenario ID: 10
Panels type: ref_closest_panel
Crop type: crop_plot
Clip type: nan
Smooth type: nan
Bin type: {'method': 'spectral_mimic', 'sensor': 'sentinel-2a'}
Segment type: {'method': 'ndi', 'wl1': [770, 800], 'wl2': [650, 680], 'mask_percentile': 50, 'mask_side': 'lower'}

Response variable: tissue_n_pct
Number of observations: 408

Feature set: derivative_1

Writing mean spectra to a ``pandas.DataFrame``.
Number of input datacubes/spectra: 835
Old "step_pct": 0.05
New "step_pct": 0.5
alpha: 0.0005
Features selected: 4
Iterations without progress: 0

alpha: 0.00025
Features selected: 4
Iterations without progress: 1

alpha: 0.000125
Features selected: 5
Iterations without progress: 0

alpha: 6.25e-05
Features selected: 5
Iterations without progress: 1

alpha: 3.125e-05
Features selected: 6
Iterations without progress: 0

Old "step_pct": 0.5
New "step_pct": 0.1
alpha: 2.8125000000000003e-05
Features selected: 8
Iterations without progress: 0

alpha: 2.5312500000000002e-05
Features selected: 8
Iterations without progress: 1

alpha: 2.278125e-05
Features selected: 8
Iterations without progress: 2

alpha: 2.0503125000000002e-05
Features selected: 8
Iterations without progress: 3

alpha: 1.84528125e-05
Features selected: 8
Iterations without progress: 4

alpha: 1.660753125e-05
Features selected: 8
Iterations without progress: 5

Leaving while loop before finding the alpha value that achieves selection of 9 feature(s) (minimum alpha value to use).

Using up to 8 selected features

Length of logspace_list: 300
Number of chunks: 16
Average length of each chunk: 18.8
Number of cores: 8

Hyperparameter tuning...

Number of features: 4
Number of features: 3
Number of features: 2
Number of features: 5
Number of features: 3
Number of features: 4
Number of features: 1
Number of features: 2
Number of features: 5
Number of features: 4
Number of features: 3
Number of features: 7
Number of features: 3
Number of features: 8
Number of features: 6
las_alpha
pls_n_components
pls_scale
Skipping past idx_grix 0...
Skipping past idx_grix 1...
Skipping past idx_grix 2...
Skipping past idx_grix 3...
Skipping past idx_grix 4...
Skipping past idx_grix 5...
Skipping past idx_grix 6...
Skipping past idx_grix 7...
Skipping past idx_grix 8...
Skipping past idx_grix 9...

Processing scenario ID: 10
Panels type: ref_closest_panel
Crop type: crop_plot
Clip type: nan
Smooth type: nan
Bin type: {'method': 'spectral_mimic', 'sensor': 'sentinel-2a'}
Segment type: {'method': 'ndi', 'wl1': [770, 800], 'wl2': [650, 680], 'mask_percentile': 50, 'mask_side': 'lower'}

Response variable: biomass_kgha
Number of observations: 407

Feature set: derivative_2

Writing mean spectra to a ``pandas.DataFrame``.
Number of input datacubes/spectra: 835
Using up to 9 selected features

Length of logspace_list: 300
Number of chunks: 16
Average length of each chunk: 18.8
Number of cores: 8

Hyperparameter tuning...

Number of features: 5
Number of features: 3
Number of features: 1
Number of features: 2
Number of features: 2
Number of features: 6
Number of features: 4
Number of features: 5
Number of features: 5
Number of features: 3
Number of features: 5
Number of features: 6
Number of features: 7
Number of features: 6
Number of features: 4
Number of features: 4
Number of features: 3
las_alpha
pls_n_components
pls_scale
Skipping past idx_grix 0...
Skipping past idx_grix 1...
Skipping past idx_grix 2...
Skipping past idx_grix 3...
Skipping past idx_grix 4...
Skipping past idx_grix 5...
Skipping past idx_grix 6...
Skipping past idx_grix 7...
Skipping past idx_grix 8...
Skipping past idx_grix 9...

Processing scenario ID: 10
Panels type: ref_closest_panel
Crop type: crop_plot
Clip type: nan
Smooth type: nan
Bin type: {'method': 'spectral_mimic', 'sensor': 'sentinel-2a'}
Segment type: {'method': 'ndi', 'wl1': [770, 800], 'wl2': [650, 680], 'mask_percentile': 50, 'mask_side': 'lower'}

Response variable: nup_kgha
Number of observations: 407

Feature set: derivative_2

Writing mean spectra to a ``pandas.DataFrame``.
Number of input datacubes/spectra: 835
Old "step_pct": 0.05
New "step_pct": 0.5
alpha: 0.0005
Features selected: 4
Iterations without progress: 0

alpha: 0.00025
Features selected: 4
Iterations without progress: 1

alpha: 0.000125
Features selected: 4
Iterations without progress: 2

alpha: 6.25e-05
Features selected: 5
Iterations without progress: 0

alpha: 3.125e-05
Features selected: 6
Iterations without progress: 0

alpha: 1.5625e-05
Features selected: 7
Iterations without progress: 0

Old "step_pct": 0.5
New "step_pct": 0.1
alpha: 1.4062500000000001e-05
Features selected: 8
Iterations without progress: 0

alpha: 1.2656250000000001e-05
Features selected: 8
Iterations without progress: 1

alpha: 1.1390625e-05
Features selected: 8
Iterations without progress: 2

alpha: 1.0251562500000001e-05
Features selected: 8
Iterations without progress: 3

alpha: 9.22640625e-06
Features selected: 8
Iterations without progress: 4

alpha: 8.303765625e-06
Features selected: 8
Iterations without progress: 5

Leaving while loop before finding the alpha value that achieves selection of 9 feature(s) (minimum alpha value to use).

Using up to 8 selected features

Length of logspace_list: 300
Number of chunks: 16
Average length of each chunk: 18.8
Number of cores: 8

Hyperparameter tuning...

Number of features: 5
Number of features: 3
Number of features: 4
Number of features: 4
Number of features: 6
Number of features: 3
Number of features: 5
Number of features: 5
Number of features: 3
Number of features: 2
Number of features: 6
Number of features: 2
Number of features: 5
Number of features: 1
Number of features: 4
Number of features: 3
Number of features: 8
Number of features: 7
Number of features: 6
las_alpha
pls_n_components
pls_scale
Skipping past idx_grix 0...
Skipping past idx_grix 1...
Skipping past idx_grix 2...
Skipping past idx_grix 3...
Skipping past idx_grix 4...
Skipping past idx_grix 5...
Skipping past idx_grix 6...
Skipping past idx_grix 7...
Skipping past idx_grix 8...
Skipping past idx_grix 9...

Processing scenario ID: 10
Panels type: ref_closest_panel
Crop type: crop_plot
Clip type: nan
Smooth type: nan
Bin type: {'method': 'spectral_mimic', 'sensor': 'sentinel-2a'}
Segment type: {'method': 'ndi', 'wl1': [770, 800], 'wl2': [650, 680], 'mask_percentile': 50, 'mask_side': 'lower'}

Response variable: tissue_n_pct
Number of observations: 408

Feature set: derivative_2

Writing mean spectra to a ``pandas.DataFrame``.
Number of input datacubes/spectra: 835
Old "step_pct": 0.05
New "step_pct": 0.5
alpha: 0.0005
Features selected: 1
Iterations without progress: 0

alpha: 0.00025
Features selected: 1
Iterations without progress: 1

alpha: 0.000125
Features selected: 2
Iterations without progress: 0

alpha: 6.25e-05
Features selected: 4
Iterations without progress: 0

alpha: 3.125e-05
Features selected: 3
Iterations without progress: 0

alpha: 1.5625e-05
Features selected: 3
Iterations without progress: 1

alpha: 7.8125e-06
Features selected: 3
Iterations without progress: 2

alpha: 3.90625e-06
Features selected: 4
Iterations without progress: 0

alpha: 1.953125e-06
Features selected: 5
Iterations without progress: 0

Old "step_pct": 0.5
New "step_pct": 0.1
alpha: 1.7578125000000002e-06
Features selected: 7
Iterations without progress: 0

alpha: 1.5820312500000001e-06
Features selected: 7
Iterations without progress: 1

Old "step_pct": 0.1
New "step_pct": 0.2
alpha: 1.2656250000000003e-06
Features selected: 6
Iterations without progress: 0

Old "step_pct": 0.2
New "step_pct": 0.4
alpha: 7.593750000000001e-07
Features selected: 6
Iterations without progress: 1

alpha: 4.556250000000001e-07
Features selected: 7
Iterations without progress: 0

alpha: 7.290000000000001e-07
Features selected: 9
Iterations without progress: 0

Using up to 9 selected features

Length of logspace_list: 300
Number of chunks: 16
Average length of each chunk: 18.8
Number of cores: 8

Hyperparameter tuning...

Number of features: 5
Number of features: 7
Number of features: 2
Number of features: 4
Number of features: 4
Number of features: 4
Number of features: 3
Number of features: 5
Number of features: 3
Number of features: 0
Number of features: 4
Number of features: 8
Number of features: 7
Number of features: 6
Number of features: 3
Number of features: 4
Number of features: 5
Number of features: 3
Number of features: 3
Number of features: 1
Number of features: 6
Number of features: 4
Number of features: 5
Number of features: 2
las_alpha
pls_n_components
pls_scale

Processing scenario ID: 10
Panels type: ref_closest_panel
Crop type: crop_plot
Clip type: nan
Smooth type: nan
Bin type: {'method': 'spectral_mimic', 'sensor': 'sentinel-2a'}
Segment type: {'method': 'ndi', 'wl1': [770, 800], 'wl2': [650, 680], 'mask_percentile': 50, 'mask_side': 'lower'}
GLOBUS TRANSFER task_id: 9530c29e-27dd-11eb-b539-02d9497ca481
Waiting for transfer 9530c29e-27dd-11eb-b539-02d9497ca481 to complete...
Transfer 9530c29e-27dd-11eb-b539-02d9497ca481 has not yet finished; transfer submitted 1 minute(s) ago
Transfer 9530c29e-27dd-11eb-b539-02d9497ca481 has not yet finished; transfer submitted 2 minute(s) ago
Transfer 9530c29e-27dd-11eb-b539-02d9497ca481 has not yet finished; transfer submitted 3 minute(s) ago
Transfer 9530c29e-27dd-11eb-b539-02d9497ca481 has not yet finished; transfer submitted 4 minute(s) ago
Transfer 9530c29e-27dd-11eb-b539-02d9497ca481 has not yet finished; transfer submitted 5 minute(s) ago
Transfer 9530c29e-27dd-11eb-b539-02d9497ca481 has not yet finished; transfer submitted 6 minute(s) ago
DONE.
GLOBUS DELETE task_id: 933df99c-27de-11eb-b539-02d9497ca481

Processing scenario ID: 11
Panels type: ref_closest_panel
Crop type: crop_plot
Clip type: nan
Smooth type: nan
Bin type: {'method': 'spectral_mimic', 'sensor': 'sentinel-2a'}
Segment type: {'method': 'ndi', 'wl1': [770, 800], 'wl2': [650, 680], 'mask_percentile': 50, 'mask_side': 'upper'}
GLOBUS TRANSFER task_id: 9546fb8a-27de-11eb-b162-0ee0d5d9299f
Waiting for transfer 9546fb8a-27de-11eb-b162-0ee0d5d9299f to complete...
Transfer 9546fb8a-27de-11eb-b162-0ee0d5d9299f has not yet finished; transfer submitted 1 minute(s) ago
Transfer 9546fb8a-27de-11eb-b162-0ee0d5d9299f has not yet finished; transfer submitted 2 minute(s) ago
Transfer 9546fb8a-27de-11eb-b162-0ee0d5d9299f has not yet finished; transfer submitted 3 minute(s) ago
Transfer 9546fb8a-27de-11eb-b162-0ee0d5d9299f has not yet finished; transfer submitted 4 minute(s) ago
Transfer 9546fb8a-27de-11eb-b162-0ee0d5d9299f has not yet finished; transfer submitted 5 minute(s) ago
Transfer 9546fb8a-27de-11eb-b162-0ee0d5d9299f has not yet finished; transfer submitted 6 minute(s) ago
Transfer 9546fb8a-27de-11eb-b162-0ee0d5d9299f has not yet finished; transfer submitted 7 minute(s) ago
DONE.
GLOBUS DELETE task_id: 99e11c2e-27df-11eb-b162-0ee0d5d9299f

Processing scenario ID: 12
Panels type: ref_closest_panel
Crop type: crop_plot
Clip type: nan
Smooth type: nan
Bin type: {'method': 'spectral_mimic', 'sensor': 'sentinel-2a'}
Segment type: {'method': 'mcari2', 'wl1': [800], 'wl2': [670], 'wl3': [550], 'mask_percentile': 50, 'mask_side': 'lower'}
GLOBUS TRANSFER task_id: 9be8ec22-27df-11eb-b539-02d9497ca481
Waiting for transfer 9be8ec22-27df-11eb-b539-02d9497ca481 to complete...
Transfer 9be8ec22-27df-11eb-b539-02d9497ca481 has not yet finished; transfer submitted 1 minute(s) ago
Transfer 9be8ec22-27df-11eb-b539-02d9497ca481 has not yet finished; transfer submitted 2 minute(s) ago
Transfer 9be8ec22-27df-11eb-b539-02d9497ca481 has not yet finished; transfer submitted 3 minute(s) ago
Transfer 9be8ec22-27df-11eb-b539-02d9497ca481 has not yet finished; transfer submitted 4 minute(s) ago
Transfer 9be8ec22-27df-11eb-b539-02d9497ca481 has not yet finished; transfer submitted 5 minute(s) ago
DONE.
GLOBUS DELETE task_id: 75df44da-27e0-11eb-b539-02d9497ca481

Processing scenario ID: 13
Panels type: ref_closest_panel
Crop type: crop_plot
Clip type: nan
Smooth type: nan
Bin type: {'method': 'spectral_mimic', 'sensor': 'sentinel-2a'}
Segment type: {'method': 'mcari2', 'wl1': [800], 'wl2': [670], 'wl3': [550], 'mask_percentile': 50, 'mask_side': 'upper'}
GLOBUS TRANSFER task_id: 782fac3e-27e0-11eb-b539-02d9497ca481
Waiting for transfer 782fac3e-27e0-11eb-b539-02d9497ca481 to complete...
Transfer 782fac3e-27e0-11eb-b539-02d9497ca481 has not yet finished; transfer submitted 1 minute(s) ago
Transfer 782fac3e-27e0-11eb-b539-02d9497ca481 has not yet finished; transfer submitted 2 minute(s) ago
Transfer 782fac3e-27e0-11eb-b539-02d9497ca481 has not yet finished; transfer submitted 3 minute(s) ago
Transfer 782fac3e-27e0-11eb-b539-02d9497ca481 has not yet finished; transfer submitted 4 minute(s) ago
Transfer 782fac3e-27e0-11eb-b539-02d9497ca481 has not yet finished; transfer submitted 5 minute(s) ago
Transfer 782fac3e-27e0-11eb-b539-02d9497ca481 has not yet finished; transfer submitted 6 minute(s) ago
DONE.
GLOBUS DELETE task_id: 70a05e54-27e1-11eb-b539-02d9497ca481

Processing scenario ID: 14
Panels type: ref_closest_panel
Crop type: crop_plot
Clip type: nan
Smooth type: nan
Bin type: {'method': 'spectral_mimic', 'sensor': 'sentinel-2a'}
Segment type: {'method': 'mcari2', 'wl1': [800], 'wl2': [670], 'wl3': [550], 'mask_percentile': 90, 'mask_side': 'lower'}
GLOBUS TRANSFER task_id: 7297ea10-27e1-11eb-b162-0ee0d5d9299f
Waiting for transfer 7297ea10-27e1-11eb-b162-0ee0d5d9299f to complete...
Transfer 7297ea10-27e1-11eb-b162-0ee0d5d9299f has not yet finished; transfer submitted 1 minute(s) ago
Transfer 7297ea10-27e1-11eb-b162-0ee0d5d9299f has not yet finished; transfer submitted 2 minute(s) ago
Transfer 7297ea10-27e1-11eb-b162-0ee0d5d9299f has not yet finished; transfer submitted 3 minute(s) ago
Transfer 7297ea10-27e1-11eb-b162-0ee0d5d9299f has not yet finished; transfer submitted 4 minute(s) ago
Transfer 7297ea10-27e1-11eb-b162-0ee0d5d9299f has not yet finished; transfer submitted 5 minute(s) ago
DONE.
GLOBUS DELETE task_id: 475eeb90-27e2-11eb-b162-0ee0d5d9299f
