Skipping past idx_grix 0...
Skipping past idx_grix 1...
Skipping past idx_grix 2...
Skipping past idx_grix 3...
Skipping past idx_grix 4...
Skipping past idx_grix 5...
Skipping past idx_grix 6...
Skipping past idx_grix 7...
Skipping past idx_grix 8...
Skipping past idx_grix 9...
Skipping past idx_grix 10...
Skipping past idx_grix 11...
Skipping past idx_grix 12...
Skipping past idx_grix 13...
Skipping past idx_grix 14...
Skipping past idx_grix 15...
Skipping past idx_grix 16...
Skipping past idx_grix 17...
Skipping past idx_grix 18...
Skipping past idx_grix 19...
Skipping past idx_grix 20...
Skipping past idx_grix 21...
Skipping past idx_grix 22...
Skipping past idx_grix 23...
Skipping past idx_grix 24...
Skipping past idx_grix 25...
Skipping past idx_grix 26...
Skipping past idx_grix 27...
Skipping past idx_grix 28...
Skipping past idx_grix 29...
Skipping past idx_grix 30...
Skipping past idx_grix 31...
Skipping past idx_grix 32...
Skipping past idx_grix 33...
Skipping past idx_grix 34...
Skipping past idx_grix 35...
Skipping past idx_grix 36...
Skipping past idx_grix 37...
Skipping past idx_grix 38...
Skipping past idx_grix 39...
Skipping past idx_grix 40...
Skipping past idx_grix 41...
Skipping past idx_grix 42...
Skipping past idx_grix 43...
Skipping past idx_grix 44...

Processing scenario ID: 45
Panels type: ref_closest_panel
Crop type: crop_plot
Clip type: nan
Smooth type: {'window_size': 11, 'order': 2}
Bin type: {'method': 'spectral_resample', 'bandwidth': 20}
Segment type: nan

Response variable: biomass_kgha
Number of observations: 407

Feature set: reflectance

Writing mean spectra to a ``pandas.DataFrame``.
Number of input datacubes/spectra: 835
Using up to 25 selected features

Length of logspace_list: 300
Number of chunks: 16
Average length of each chunk: 18.8
Number of cores: 8

Hyperparameter tuning...

Number of features: 16
Number of features: 4
Number of features: 21
Number of features: 20
Number of features: 6
Number of features: 6
Number of features: 13
Number of features: 5
Number of features: 7
Number of features: 24
Number of features: 17
Number of features: 8
Number of features: 5
Number of features: 5
Number of features: 6
Number of features: 1
Number of features: 9
Number of features: 14
Number of features: 2
Number of features: 17
Number of features: 16
Number of features: 12
Number of features: 25
Number of features: 22
Number of features: 14
Number of features: 11
Number of features: 22
Number of features: 23
Number of features: 6
Number of features: 18
Number of features: 23
Number of features: 13
Number of features: 7
Number of features: 10
Number of features: 15
Number of features: 3
Number of features: 19
las_alpha
pls_n_components
pls_scale
Skipping past idx_grix 0...
Skipping past idx_grix 1...
Skipping past idx_grix 2...
Skipping past idx_grix 3...
Skipping past idx_grix 4...
Skipping past idx_grix 5...
Skipping past idx_grix 6...
Skipping past idx_grix 7...
Skipping past idx_grix 8...
Skipping past idx_grix 9...
Skipping past idx_grix 10...
Skipping past idx_grix 11...
Skipping past idx_grix 12...
Skipping past idx_grix 13...
Skipping past idx_grix 14...
Skipping past idx_grix 15...
Skipping past idx_grix 16...
Skipping past idx_grix 17...
Skipping past idx_grix 18...
Skipping past idx_grix 19...
Skipping past idx_grix 20...
Skipping past idx_grix 21...
Skipping past idx_grix 22...
Skipping past idx_grix 23...
Skipping past idx_grix 24...
Skipping past idx_grix 25...
Skipping past idx_grix 26...
Skipping past idx_grix 27...
Skipping past idx_grix 28...
Skipping past idx_grix 29...
Skipping past idx_grix 30...
Skipping past idx_grix 31...
Skipping past idx_grix 32...
Skipping past idx_grix 33...
Skipping past idx_grix 34...
Skipping past idx_grix 35...
Skipping past idx_grix 36...
Skipping past idx_grix 37...
Skipping past idx_grix 38...
Skipping past idx_grix 39...
Skipping past idx_grix 40...
Skipping past idx_grix 41...
Skipping past idx_grix 42...
Skipping past idx_grix 43...
Skipping past idx_grix 44...

Processing scenario ID: 45
Panels type: ref_closest_panel
Crop type: crop_plot
Clip type: nan
Smooth type: {'window_size': 11, 'order': 2}
Bin type: {'method': 'spectral_resample', 'bandwidth': 20}
Segment type: nan

Response variable: nup_kgha
Number of observations: 407

Feature set: reflectance

Writing mean spectra to a ``pandas.DataFrame``.
Number of input datacubes/spectra: 835
alpha: 0.00095
Features selected: 24
Iterations without progress: 1

alpha: 0.0009025
Features selected: 24
Iterations without progress: 2

alpha: 0.000857375
Features selected: 24
Iterations without progress: 3

alpha: 0.0008145062499999999
Features selected: 24
Iterations without progress: 4

alpha: 0.0007737809374999998
Features selected: 24
Iterations without progress: 5

Leaving while loop before finding the alpha value that achieves selection of 25 feature(s) (minimum alpha value to use).

Using up to 24 selected features

Length of logspace_list: 300
Number of chunks: 16
Average length of each chunk: 18.8
Number of cores: 8

Hyperparameter tuning...

Number of features: 6
Number of features: 10
Number of features: 9
Number of features: 3
Number of features: 13
Number of features: 10
Number of features: 16
Number of features: 21
Number of features: 2
Number of features: 9
Number of features: 12
Number of features: 5
Number of features: 21
Number of features: 24
Number of features: 18
Number of features: 10
Number of features: 14
Number of features: 15
Number of features: 9
Number of features: 5
Number of features: 18
Number of features: 15
Number of features: 6
Number of features: 5
Number of features: 11
Number of features: 20
Number of features: 18
Number of features: 17
Number of features: 8
Number of features: 23
Number of features: 19
Number of features: 4
Number of features: 7
Number of features: 22
Number of features: 1
Number of features: 17
Number of features: 14
Number of features: 19
Number of features: 9
Number of features: 3
Number of features: 6
Number of features: 4
Number of features: 22
las_alpha
pls_n_components
pls_scale
Skipping past idx_grix 0...
Skipping past idx_grix 1...
Skipping past idx_grix 2...
Skipping past idx_grix 3...
Skipping past idx_grix 4...
Skipping past idx_grix 5...
Skipping past idx_grix 6...
Skipping past idx_grix 7...
Skipping past idx_grix 8...
Skipping past idx_grix 9...
Skipping past idx_grix 10...
Skipping past idx_grix 11...
Skipping past idx_grix 12...
Skipping past idx_grix 13...
Skipping past idx_grix 14...
Skipping past idx_grix 15...
Skipping past idx_grix 16...
Skipping past idx_grix 17...
Skipping past idx_grix 18...
Skipping past idx_grix 19...
Skipping past idx_grix 20...
Skipping past idx_grix 21...
Skipping past idx_grix 22...
Skipping past idx_grix 23...
Skipping past idx_grix 24...
Skipping past idx_grix 25...
Skipping past idx_grix 26...
Skipping past idx_grix 27...
Skipping past idx_grix 28...
Skipping past idx_grix 29...
Skipping past idx_grix 30...
Skipping past idx_grix 31...
Skipping past idx_grix 32...
Skipping past idx_grix 33...
Skipping past idx_grix 34...
Skipping past idx_grix 35...
Skipping past idx_grix 36...
Skipping past idx_grix 37...
Skipping past idx_grix 38...
Skipping past idx_grix 39...
Skipping past idx_grix 40...
Skipping past idx_grix 41...
Skipping past idx_grix 42...
Skipping past idx_grix 43...
Skipping past idx_grix 44...

Processing scenario ID: 45
Panels type: ref_closest_panel
Crop type: crop_plot
Clip type: nan
Smooth type: {'window_size': 11, 'order': 2}
Bin type: {'method': 'spectral_resample', 'bandwidth': 20}
Segment type: nan

Response variable: tissue_n_pct
Number of observations: 408

Feature set: reflectance

Writing mean spectra to a ``pandas.DataFrame``.
Number of input datacubes/spectra: 835
Old "step_pct": 0.05
New "step_pct": 0.1
alpha: 0.0009000000000000001
Features selected: 17
Iterations without progress: 0

Old "step_pct": 0.1
New "step_pct": 0.2
alpha: 0.0007200000000000002
Features selected: 17
Iterations without progress: 1

Old "step_pct": 0.2
New "step_pct": 0.4
alpha: 0.0004320000000000001
Features selected: 17
Iterations without progress: 2

alpha: 0.00025920000000000007
Features selected: 20
Iterations without progress: 0

alpha: 0.00015552000000000003
Features selected: 20
Iterations without progress: 1

alpha: 9.331200000000002e-05
Features selected: 21
Iterations without progress: 0

alpha: 5.5987200000000005e-05
Features selected: 22
Iterations without progress: 0

alpha: 8.957952000000001e-05
Features selected: 25
Iterations without progress: 0

Using up to 25 selected features

Length of logspace_list: 300
Number of chunks: 16
Average length of each chunk: 18.8
Number of cores: 8

Hyperparameter tuning...

Number of features: 18
Number of features: 19
Number of features: 4
Number of features: 20
Number of features: 20
Number of features: 16
Number of features: 22
Number of features: 3
Number of features: 19
Number of features: 4
Number of features: 7
Number of features: 12
Number of features: 11
Number of features: 3
Number of features: 10
Number of features: 11
Number of features: 11
Number of features: 21
Number of features: 10
Number of features: 12
Number of features: 13
Number of features: 6
Number of features: 11
Number of features: 13
Number of features: 6
Number of features: 8
Number of features: 4
Number of features: 6
Number of features: 10
Number of features: 19
Number of features: 12
Number of features: 3
Number of features: 1
Number of features: 5
Number of features: 5
Number of features: 9
Number of features: 5
Number of features: 6
Number of features: 14
Number of features: 14
Number of features: 4
Number of features: 3
Number of features: 17
Number of features: 15
Number of features: 15
las_alpha
pls_n_components
pls_scale
Skipping past idx_grix 0...
Skipping past idx_grix 1...
Skipping past idx_grix 2...
Skipping past idx_grix 3...
Skipping past idx_grix 4...
Skipping past idx_grix 5...
Skipping past idx_grix 6...
Skipping past idx_grix 7...
Skipping past idx_grix 8...
Skipping past idx_grix 9...
Skipping past idx_grix 10...
Skipping past idx_grix 11...
Skipping past idx_grix 12...
Skipping past idx_grix 13...
Skipping past idx_grix 14...
Skipping past idx_grix 15...
Skipping past idx_grix 16...
Skipping past idx_grix 17...
Skipping past idx_grix 18...
Skipping past idx_grix 19...
Skipping past idx_grix 20...
Skipping past idx_grix 21...
Skipping past idx_grix 22...
Skipping past idx_grix 23...
Skipping past idx_grix 24...
Skipping past idx_grix 25...
Skipping past idx_grix 26...
Skipping past idx_grix 27...
Skipping past idx_grix 28...
Skipping past idx_grix 29...
Skipping past idx_grix 30...
Skipping past idx_grix 31...
Skipping past idx_grix 32...
Skipping past idx_grix 33...
Skipping past idx_grix 34...
Skipping past idx_grix 35...
Skipping past idx_grix 36...
Skipping past idx_grix 37...
Skipping past idx_grix 38...
Skipping past idx_grix 39...
Skipping past idx_grix 40...
Skipping past idx_grix 41...
Skipping past idx_grix 42...
Skipping past idx_grix 43...
Skipping past idx_grix 44...

Processing scenario ID: 45
Panels type: ref_closest_panel
Crop type: crop_plot
Clip type: nan
Smooth type: {'window_size': 11, 'order': 2}
Bin type: {'method': 'spectral_resample', 'bandwidth': 20}
Segment type: nan

Response variable: biomass_kgha
Number of observations: 407

Feature set: derivative_1

Writing mean spectra to a ``pandas.DataFrame``.
Number of input datacubes/spectra: 835
Using up to 25 selected features

Length of logspace_list: 300
Number of chunks: 16
Average length of each chunk: 18.8
Number of cores: 8

Hyperparameter tuning...

Number of features: 22
Number of features: 8
Number of features: 1
Number of features: 20
Number of features: 6
Number of features: 3
Number of features: 23
Number of features: 19
Number of features: 20
Number of features: 8
Number of features: 17
Number of features: 16
Number of features: 22
Number of features: 15
Number of features: 11
Number of features: 10
Number of features: 5
Number of features: 2
Number of features: 16
Number of features: 10
Number of features: 9
Number of features: 20
Number of features: 9
Number of features: 16
Number of features: 2
Number of features: 13
Number of features: 3
Number of features: 12
Number of features: 21
Number of features: 12
Number of features: 17
Number of features: 24
Number of features: 7
Number of features: 21
Number of features: 21
Number of features: 18
Number of features: 9
Number of features: 17
Number of features: 13
Number of features: 16
Number of features: 14
Number of features: 4
Number of features: 19
Number of features: 23
Number of features: 14
las_alpha
pls_n_components
pls_scale
Skipping past idx_grix 0...
Skipping past idx_grix 1...
Skipping past idx_grix 2...
Skipping past idx_grix 3...
Skipping past idx_grix 4...
Skipping past idx_grix 5...
Skipping past idx_grix 6...
Skipping past idx_grix 7...
Skipping past idx_grix 8...
Skipping past idx_grix 9...
Skipping past idx_grix 10...
Skipping past idx_grix 11...
Skipping past idx_grix 12...
Skipping past idx_grix 13...
Skipping past idx_grix 14...
Skipping past idx_grix 15...
Skipping past idx_grix 16...
Skipping past idx_grix 17...
Skipping past idx_grix 18...
Skipping past idx_grix 19...
Skipping past idx_grix 20...
Skipping past idx_grix 21...
Skipping past idx_grix 22...
Skipping past idx_grix 23...
Skipping past idx_grix 24...
Skipping past idx_grix 25...
Skipping past idx_grix 26...
Skipping past idx_grix 27...
Skipping past idx_grix 28...
Skipping past idx_grix 29...
Skipping past idx_grix 30...
Skipping past idx_grix 31...
Skipping past idx_grix 32...
Skipping past idx_grix 33...
Skipping past idx_grix 34...
Skipping past idx_grix 35...
Skipping past idx_grix 36...
Skipping past idx_grix 37...
Skipping past idx_grix 38...
Skipping past idx_grix 39...
Skipping past idx_grix 40...
Skipping past idx_grix 41...
Skipping past idx_grix 42...
Skipping past idx_grix 43...
Skipping past idx_grix 44...

Processing scenario ID: 45
Panels type: ref_closest_panel
Crop type: crop_plot
Clip type: nan
Smooth type: {'window_size': 11, 'order': 2}
Bin type: {'method': 'spectral_resample', 'bandwidth': 20}
Segment type: nan

Response variable: nup_kgha
Number of observations: 407

Feature set: derivative_1

Writing mean spectra to a ``pandas.DataFrame``.
Number of input datacubes/spectra: 835
Old "step_pct": 0.05
New "step_pct": 0.1
alpha: 0.0009000000000000001
Features selected: 15
Iterations without progress: 0

Old "step_pct": 0.1
New "step_pct": 0.2
alpha: 0.0007200000000000002
Features selected: 15
Iterations without progress: 1

Old "step_pct": 0.2
New "step_pct": 0.4
alpha: 0.0004320000000000001
Features selected: 16
Iterations without progress: 0

Old "step_pct": 0.4
New "step_pct": 0.8
alpha: 8.64e-05
Features selected: 16
Iterations without progress: 1

Old "step_pct": 0.8
New "step_pct": 0.16
alpha: 7.257599999999999e-05
Features selected: 21
Iterations without progress: 0

alpha: 6.096383999999999e-05
Features selected: 21
Iterations without progress: 1

alpha: 5.120962559999999e-05
Features selected: 21
Iterations without progress: 2

alpha: 4.301608550399999e-05
Features selected: 21
Iterations without progress: 3

Old "step_pct": 0.16
New "step_pct": 0.08
alpha: 3.957479866367999e-05
Features selected: 23
Iterations without progress: 0

alpha: 3.640881477058559e-05
Features selected: 23
Iterations without progress: 1

alpha: 3.3496109588938746e-05
Features selected: 23
Iterations without progress: 2

alpha: 3.081642082182365e-05
Features selected: 23
Iterations without progress: 3

alpha: 2.8351107156077756e-05
Features selected: 23
Iterations without progress: 4

alpha: 2.608301858359154e-05
Features selected: 23
Iterations without progress: 5

Leaving while loop before finding the alpha value that achieves selection of 25 feature(s) (minimum alpha value to use).

Using up to 23 selected features

Length of logspace_list: 300
Number of chunks: 16
Average length of each chunk: 18.8
Number of cores: 8

Hyperparameter tuning...

Number of features: 2
Number of features: 18
Number of features: 20
Number of features: 12
Number of features: 4
Number of features: 21
Number of features: 3
Number of features: 10
Number of features: 11
Number of features: 15
Number of features: 7
Number of features: 11
Number of features: 1
Number of features: 7
Number of features: 9
Number of features: 16
Number of features: 5
Number of features: 5
Number of features: 14
Number of features: 22
Number of features: 15
Number of features: 21
Number of features: 6
Number of features: 21
Number of features: 6
Number of features: 4
Number of features: 13
Number of features: 23
Number of features: 8
Number of features: 9
Number of features: 16
Number of features: 19
Number of features: 10
Number of features: 12
Number of features: 20
Number of features: 17
las_alpha
pls_n_components
pls_scale
Skipping past idx_grix 0...
Skipping past idx_grix 1...
Skipping past idx_grix 2...
Skipping past idx_grix 3...
Skipping past idx_grix 4...
Skipping past idx_grix 5...
Skipping past idx_grix 6...
Skipping past idx_grix 7...
Skipping past idx_grix 8...
Skipping past idx_grix 9...
Skipping past idx_grix 10...
Skipping past idx_grix 11...
Skipping past idx_grix 12...
Skipping past idx_grix 13...
Skipping past idx_grix 14...
Skipping past idx_grix 15...
Skipping past idx_grix 16...
Skipping past idx_grix 17...
Skipping past idx_grix 18...
Skipping past idx_grix 19...
Skipping past idx_grix 20...
Skipping past idx_grix 21...
Skipping past idx_grix 22...
Skipping past idx_grix 23...
Skipping past idx_grix 24...
Skipping past idx_grix 25...
Skipping past idx_grix 26...
Skipping past idx_grix 27...
Skipping past idx_grix 28...
Skipping past idx_grix 29...
Skipping past idx_grix 30...
Skipping past idx_grix 31...
Skipping past idx_grix 32...
Skipping past idx_grix 33...
Skipping past idx_grix 34...
Skipping past idx_grix 35...
Skipping past idx_grix 36...
Skipping past idx_grix 37...
Skipping past idx_grix 38...
Skipping past idx_grix 39...
Skipping past idx_grix 40...
Skipping past idx_grix 41...
Skipping past idx_grix 42...
Skipping past idx_grix 43...
Skipping past idx_grix 44...

Processing scenario ID: 45
Panels type: ref_closest_panel
Crop type: crop_plot
Clip type: nan
Smooth type: {'window_size': 11, 'order': 2}
Bin type: {'method': 'spectral_resample', 'bandwidth': 20}
Segment type: nan

Response variable: tissue_n_pct
Number of observations: 408

Feature set: derivative_1

Writing mean spectra to a ``pandas.DataFrame``.
Number of input datacubes/spectra: 835
Old "step_pct": 0.05
New "step_pct": 0.5
alpha: 0.0005
Features selected: 5
Iterations without progress: 0

alpha: 0.00025
Features selected: 7
Iterations without progress: 0

alpha: 0.000125
Features selected: 10
Iterations without progress: 0

alpha: 6.25e-05
Features selected: 14
Iterations without progress: 0

alpha: 3.125e-05
Features selected: 13
Iterations without progress: 0

alpha: 1.5625e-05
Features selected: 17
Iterations without progress: 0

alpha: 7.8125e-06
Features selected: 19
Iterations without progress: 0

alpha: 3.90625e-06
Features selected: 21
Iterations without progress: 0

alpha: 1.953125e-06
Features selected: 21
Iterations without progress: 1

alpha: 9.765625e-07
Features selected: 22
Iterations without progress: 0

alpha: 4.8828125e-07
Features selected: 22
Iterations without progress: 1

alpha: 2.44140625e-07
Features selected: 22
Iterations without progress: 2

alpha: 4.638671875e-07
Features selected: 25
Iterations without progress: 0

Using up to 25 selected features

Length of logspace_list: 300
Number of chunks: 16
Average length of each chunk: 18.8
Number of cores: 8

Hyperparameter tuning...

Number of features: 3
Number of features: 6
Number of features: 13
Number of features: 1
Number of features: 12
Number of features: 7
Number of features: 13
Number of features: 20
Number of features: 4
Number of features: 2
Number of features: 13
Number of features: 22
Number of features: 2
Number of features: 21
Number of features: 7
Number of features: 8
Number of features: 19
Number of features: 11
Number of features: 14
Number of features: 14
Number of features: 3
Number of features: 19
Number of features: 12
Number of features: 20
Number of features: 10
Number of features: 14
Number of features: 6
Number of features: 17
Number of features: 19
Number of features: 5
Number of features: 9
Number of features: 11
Number of features: 21
Number of features: 22
Number of features: 18
Number of features: 16
Number of features: 13
Number of features: 20
Number of features: 13
las_alpha
pls_n_components
pls_scale
Skipping past idx_grix 0...
Skipping past idx_grix 1...
Skipping past idx_grix 2...
Skipping past idx_grix 3...
Skipping past idx_grix 4...
Skipping past idx_grix 5...
Skipping past idx_grix 6...
Skipping past idx_grix 7...
Skipping past idx_grix 8...
Skipping past idx_grix 9...
Skipping past idx_grix 10...
Skipping past idx_grix 11...
Skipping past idx_grix 12...
Skipping past idx_grix 13...
Skipping past idx_grix 14...
Skipping past idx_grix 15...
Skipping past idx_grix 16...
Skipping past idx_grix 17...
Skipping past idx_grix 18...
Skipping past idx_grix 19...
Skipping past idx_grix 20...
Skipping past idx_grix 21...
Skipping past idx_grix 22...
Skipping past idx_grix 23...
Skipping past idx_grix 24...
Skipping past idx_grix 25...
Skipping past idx_grix 26...
Skipping past idx_grix 27...
Skipping past idx_grix 28...
Skipping past idx_grix 29...
Skipping past idx_grix 30...
Skipping past idx_grix 31...
Skipping past idx_grix 32...
Skipping past idx_grix 33...
Skipping past idx_grix 34...
Skipping past idx_grix 35...
Skipping past idx_grix 36...
Skipping past idx_grix 37...
Skipping past idx_grix 38...
Skipping past idx_grix 39...
Skipping past idx_grix 40...
Skipping past idx_grix 41...
Skipping past idx_grix 42...
Skipping past idx_grix 43...
Skipping past idx_grix 44...

Processing scenario ID: 45
Panels type: ref_closest_panel
Crop type: crop_plot
Clip type: nan
Smooth type: {'window_size': 11, 'order': 2}
Bin type: {'method': 'spectral_resample', 'bandwidth': 20}
Segment type: nan

Response variable: biomass_kgha
Number of observations: 407

Feature set: derivative_2

Writing mean spectra to a ``pandas.DataFrame``.
Number of input datacubes/spectra: 835
Using up to 25 selected features

Length of logspace_list: 300
Number of chunks: 16
Average length of each chunk: 18.8
Number of cores: 8

Hyperparameter tuning...

Number of features: 2
Number of features: 7
Number of features: 3
Number of features: 12
Number of features: 15
Number of features: 22
Number of features: 22
Number of features: 16
Number of features: 21
Number of features: 13
Number of features: 11
Number of features: 12
Number of features: 20
Number of features: 10
Number of features: 4
Number of features: 9
Number of features: 9
Number of features: 11
Number of features: 8
Number of features: 1
Number of features: 17
Number of features: 19
Number of features: 14
Number of features: 6
Number of features: 18
Number of features: 13
Number of features: 10
las_alpha
pls_n_components
pls_scale
Skipping past idx_grix 0...
Skipping past idx_grix 1...
Skipping past idx_grix 2...
Skipping past idx_grix 3...
Skipping past idx_grix 4...
Skipping past idx_grix 5...
Skipping past idx_grix 6...
Skipping past idx_grix 7...
Skipping past idx_grix 8...
Skipping past idx_grix 9...
Skipping past idx_grix 10...
Skipping past idx_grix 11...
Skipping past idx_grix 12...
Skipping past idx_grix 13...
Skipping past idx_grix 14...
Skipping past idx_grix 15...
Skipping past idx_grix 16...
Skipping past idx_grix 17...
Skipping past idx_grix 18...
Skipping past idx_grix 19...
Skipping past idx_grix 20...
Skipping past idx_grix 21...
Skipping past idx_grix 22...
Skipping past idx_grix 23...
Skipping past idx_grix 24...
Skipping past idx_grix 25...
Skipping past idx_grix 26...
Skipping past idx_grix 27...
Skipping past idx_grix 28...
Skipping past idx_grix 29...
Skipping past idx_grix 30...
Skipping past idx_grix 31...
Skipping past idx_grix 32...
Skipping past idx_grix 33...
Skipping past idx_grix 34...
Skipping past idx_grix 35...
Skipping past idx_grix 36...
Skipping past idx_grix 37...
Skipping past idx_grix 38...
Skipping past idx_grix 39...
Skipping past idx_grix 40...
Skipping past idx_grix 41...
Skipping past idx_grix 42...
Skipping past idx_grix 43...
Skipping past idx_grix 44...

Processing scenario ID: 45
Panels type: ref_closest_panel
Crop type: crop_plot
Clip type: nan
Smooth type: {'window_size': 11, 'order': 2}
Bin type: {'method': 'spectral_resample', 'bandwidth': 20}
Segment type: nan

Response variable: nup_kgha
Number of observations: 407

Feature set: derivative_2

Writing mean spectra to a ``pandas.DataFrame``.
Number of input datacubes/spectra: 835
Old "step_pct": 0.05
New "step_pct": 0.5
alpha: 0.0005
Features selected: 11
Iterations without progress: 0

alpha: 0.00025
Features selected: 11
Iterations without progress: 1

alpha: 0.000125
Features selected: 13
Iterations without progress: 0

alpha: 6.25e-05
Features selected: 14
Iterations without progress: 0

alpha: 3.125e-05
Features selected: 15
Iterations without progress: 0

alpha: 1.5625e-05
Features selected: 18
Iterations without progress: 0

alpha: 7.8125e-06
Features selected: 19
Iterations without progress: 0

alpha: 3.90625e-06
Features selected: 21
Iterations without progress: 0

Old "step_pct": 0.5
New "step_pct": 0.25
alpha: 2.9296875e-06
Features selected: 23
Iterations without progress: 0

alpha: 2.1972656250000003e-06
Features selected: 23
Iterations without progress: 1

alpha: 1.6479492187500002e-06
Features selected: 24
Iterations without progress: 0

alpha: 1.2359619140625003e-06
Features selected: 24
Iterations without progress: 1

alpha: 9.269714355468752e-07
Features selected: 24
Iterations without progress: 2

alpha: 6.952285766601563e-07
Features selected: 24
Iterations without progress: 3

alpha: 5.214214324951173e-07
Features selected: 24
Iterations without progress: 4

alpha: 3.9106607437133794e-07
Features selected: 24
Iterations without progress: 5

Leaving while loop before finding the alpha value that achieves selection of 25 feature(s) (minimum alpha value to use).

Using up to 24 selected features

Length of logspace_list: 300
Number of chunks: 16
Average length of each chunk: 18.8
Number of cores: 8

Hyperparameter tuning...

Number of features: 16
Number of features: 18
Number of features: 1
Number of features: 5
Number of features: 19
Number of features: 3
Number of features: 20
Number of features: 6
Number of features: 9
Number of features: 13
Number of features: 15
Number of features: 9
Number of features: 6
Number of features: 14
Number of features: 10
Number of features: 8
Number of features: 2
Number of features: 21
Number of features: 22
Number of features: 4
Number of features: 7
Number of features: 10
Number of features: 24
Number of features: 5
Number of features: 9
Number of features: 11
Number of features: 17
Number of features: 11
Number of features: 23
las_alpha
pls_n_components
pls_scale
Skipping past idx_grix 0...
Skipping past idx_grix 1...
Skipping past idx_grix 2...
Skipping past idx_grix 3...
Skipping past idx_grix 4...
Skipping past idx_grix 5...
Skipping past idx_grix 6...
Skipping past idx_grix 7...
Skipping past idx_grix 8...
Skipping past idx_grix 9...
Skipping past idx_grix 10...
Skipping past idx_grix 11...
Skipping past idx_grix 12...
Skipping past idx_grix 13...
Skipping past idx_grix 14...
Skipping past idx_grix 15...
Skipping past idx_grix 16...
Skipping past idx_grix 17...
Skipping past idx_grix 18...
Skipping past idx_grix 19...
Skipping past idx_grix 20...
Skipping past idx_grix 21...
Skipping past idx_grix 22...
Skipping past idx_grix 23...
Skipping past idx_grix 24...
Skipping past idx_grix 25...
Skipping past idx_grix 26...
Skipping past idx_grix 27...
Skipping past idx_grix 28...
Skipping past idx_grix 29...
Skipping past idx_grix 30...
Skipping past idx_grix 31...
Skipping past idx_grix 32...
Skipping past idx_grix 33...
Skipping past idx_grix 34...
Skipping past idx_grix 35...
Skipping past idx_grix 36...
Skipping past idx_grix 37...
Skipping past idx_grix 38...
Skipping past idx_grix 39...
Skipping past idx_grix 40...
Skipping past idx_grix 41...
Skipping past idx_grix 42...
Skipping past idx_grix 43...
Skipping past idx_grix 44...

Processing scenario ID: 45
Panels type: ref_closest_panel
Crop type: crop_plot
Clip type: nan
Smooth type: {'window_size': 11, 'order': 2}
Bin type: {'method': 'spectral_resample', 'bandwidth': 20}
Segment type: nan

Response variable: tissue_n_pct
Number of observations: 408

Feature set: derivative_2

Writing mean spectra to a ``pandas.DataFrame``.
Number of input datacubes/spectra: 835
Old "step_pct": 0.05
New "step_pct": 0.5
alpha: 0.0005
Features selected: 1
Iterations without progress: 0

alpha: 0.00025
Features selected: 2
Iterations without progress: 0

alpha: 0.000125
Features selected: 3
Iterations without progress: 0

alpha: 6.25e-05
Features selected: 4
Iterations without progress: 0

alpha: 3.125e-05
Features selected: 7
Iterations without progress: 0

alpha: 1.5625e-05
Features selected: 6
Iterations without progress: 0

alpha: 7.8125e-06
Features selected: 8
Iterations without progress: 0

alpha: 3.90625e-06
Features selected: 13
Iterations without progress: 0

alpha: 1.953125e-06
Features selected: 15
Iterations without progress: 0

alpha: 9.765625e-07
Features selected: 18
Iterations without progress: 0

Old "step_pct": 0.5
New "step_pct": 0.1
alpha: 8.789062500000001e-07
Features selected: 22
Iterations without progress: 0

alpha: 7.910156250000001e-07
Features selected: 22
Iterations without progress: 1

alpha: 7.119140625e-07
Features selected: 22
Iterations without progress: 2

alpha: 6.407226562500001e-07
Features selected: 22
Iterations without progress: 3

alpha: 5.76650390625e-07
Features selected: 22
Iterations without progress: 4

alpha: 5.189853515625e-07
Features selected: 23
Iterations without progress: 0

alpha: 4.6708681640625e-07
Features selected: 23
Iterations without progress: 1

alpha: 4.20378134765625e-07
Features selected: 24
Iterations without progress: 0

alpha: 3.783403212890625e-07
Features selected: 24
Iterations without progress: 1

alpha: 3.4050628916015626e-07
Features selected: 24
Iterations without progress: 2

alpha: 3.0645566024414066e-07
Features selected: 24
Iterations without progress: 3

alpha: 2.758100942197266e-07
Features selected: 24
Iterations without progress: 4

alpha: 2.4822908479775395e-07
Features selected: 24
Iterations without progress: 5

Leaving while loop before finding the alpha value that achieves selection of 25 feature(s) (minimum alpha value to use).

Using up to 24 selected features

Length of logspace_list: 300
Number of chunks: 16
Average length of each chunk: 18.8
Number of cores: 8

Hyperparameter tuning...

Number of features: 17
Number of features: 23
Number of features: 14
Number of features: 18
Number of features: 6
Number of features: 8
Number of features: 3
Number of features: 5
Number of features: 9
Number of features: 6
Number of features: 15
Number of features: 24
Number of features: 6
Number of features: 12
Number of features: 21
Number of features: 1
Number of features: 7
Number of features: 2
Number of features: 17
Number of features: 4
Number of features: 13
Number of features: 3
Number of features: 15
Number of features: 2
Number of features: 0
Number of features: 22
Number of features: 23
Number of features: 13
Number of features: 22
Number of features: 16
Number of features: 7
Number of features: 5
Number of features: 14
Number of features: 20
Number of features: 19
Number of features: 4
Number of features: 12
Number of features: 16
las_alpha
pls_n_components
pls_scale

Processing scenario ID: 45
Panels type: ref_closest_panel
Crop type: crop_plot
Clip type: nan
Smooth type: {'window_size': 11, 'order': 2}
Bin type: {'method': 'spectral_resample', 'bandwidth': 20}
Segment type: nan
GLOBUS TRANSFER task_id: 4e6c3626-27ed-11eb-b162-0ee0d5d9299f
Waiting for transfer 4e6c3626-27ed-11eb-b162-0ee0d5d9299f to complete...
Transfer 4e6c3626-27ed-11eb-b162-0ee0d5d9299f has not yet finished; transfer submitted 1 minute(s) ago
Transfer 4e6c3626-27ed-11eb-b162-0ee0d5d9299f has not yet finished; transfer submitted 2 minute(s) ago
Transfer 4e6c3626-27ed-11eb-b162-0ee0d5d9299f has not yet finished; transfer submitted 3 minute(s) ago
Transfer 4e6c3626-27ed-11eb-b162-0ee0d5d9299f has not yet finished; transfer submitted 4 minute(s) ago
DONE.
GLOBUS DELETE task_id: 0421fc4e-27ee-11eb-b162-0ee0d5d9299f

Processing scenario ID: 46
Panels type: ref_closest_panel
Crop type: crop_plot
Clip type: nan
Smooth type: {'window_size': 11, 'order': 2}
Bin type: {'method': 'spectral_resample', 'bandwidth': 20}
Segment type: {'method': 'ndi', 'wl1': [770, 800], 'wl2': [650, 680], 'mask_percentile': 50, 'mask_side': 'lower'}
GLOBUS TRANSFER task_id: 06276e3e-27ee-11eb-8fbe-0a34088e79f9
Waiting for transfer 06276e3e-27ee-11eb-8fbe-0a34088e79f9 to complete...
Transfer 06276e3e-27ee-11eb-8fbe-0a34088e79f9 has not yet finished; transfer submitted 1 minute(s) ago
Transfer 06276e3e-27ee-11eb-8fbe-0a34088e79f9 has not yet finished; transfer submitted 2 minute(s) ago
Transfer 06276e3e-27ee-11eb-8fbe-0a34088e79f9 has not yet finished; transfer submitted 3 minute(s) ago
Transfer 06276e3e-27ee-11eb-8fbe-0a34088e79f9 has not yet finished; transfer submitted 4 minute(s) ago
Transfer 06276e3e-27ee-11eb-8fbe-0a34088e79f9 has not yet finished; transfer submitted 5 minute(s) ago
Transfer 06276e3e-27ee-11eb-8fbe-0a34088e79f9 has not yet finished; transfer submitted 6 minute(s) ago
Transfer 06276e3e-27ee-11eb-8fbe-0a34088e79f9 has not yet finished; transfer submitted 7 minute(s) ago
DONE.
GLOBUS DELETE task_id: 2247cfa4-27ef-11eb-8fbe-0a34088e79f9

Processing scenario ID: 47
Panels type: ref_closest_panel
Crop type: crop_plot
Clip type: nan
Smooth type: {'window_size': 11, 'order': 2}
Bin type: {'method': 'spectral_resample', 'bandwidth': 20}
Segment type: {'method': 'ndi', 'wl1': [770, 800], 'wl2': [650, 680], 'mask_percentile': 50, 'mask_side': 'upper'}
GLOBUS TRANSFER task_id: 246ae35c-27ef-11eb-8fbe-0a34088e79f9
Waiting for transfer 246ae35c-27ef-11eb-8fbe-0a34088e79f9 to complete...
Transfer 246ae35c-27ef-11eb-8fbe-0a34088e79f9 has not yet finished; transfer submitted 1 minute(s) ago
Transfer 246ae35c-27ef-11eb-8fbe-0a34088e79f9 has not yet finished; transfer submitted 2 minute(s) ago
Transfer 246ae35c-27ef-11eb-8fbe-0a34088e79f9 has not yet finished; transfer submitted 3 minute(s) ago
Transfer 246ae35c-27ef-11eb-8fbe-0a34088e79f9 has not yet finished; transfer submitted 4 minute(s) ago
Transfer 246ae35c-27ef-11eb-8fbe-0a34088e79f9 has not yet finished; transfer submitted 5 minute(s) ago
Transfer 246ae35c-27ef-11eb-8fbe-0a34088e79f9 has not yet finished; transfer submitted 6 minute(s) ago
Transfer 246ae35c-27ef-11eb-8fbe-0a34088e79f9 has not yet finished; transfer submitted 7 minute(s) ago
Transfer 246ae35c-27ef-11eb-8fbe-0a34088e79f9 has not yet finished; transfer submitted 8 minute(s) ago
Transfer 246ae35c-27ef-11eb-8fbe-0a34088e79f9 has not yet finished; transfer submitted 9 minute(s) ago
Transfer 246ae35c-27ef-11eb-8fbe-0a34088e79f9 has not yet finished; transfer submitted 10 minute(s) ago
Transfer 246ae35c-27ef-11eb-8fbe-0a34088e79f9 has not yet finished; transfer submitted 11 minute(s) ago
Transfer 246ae35c-27ef-11eb-8fbe-0a34088e79f9 has not yet finished; transfer submitted 12 minute(s) ago
Transfer 246ae35c-27ef-11eb-8fbe-0a34088e79f9 has not yet finished; transfer submitted 13 minute(s) ago
Transfer 246ae35c-27ef-11eb-8fbe-0a34088e79f9 has not yet finished; transfer submitted 14 minute(s) ago
Transfer 246ae35c-27ef-11eb-8fbe-0a34088e79f9 has not yet finished; transfer submitted 15 minute(s) ago
Transfer 246ae35c-27ef-11eb-8fbe-0a34088e79f9 has not yet finished; transfer submitted 16 minute(s) ago
Transfer 246ae35c-27ef-11eb-8fbe-0a34088e79f9 has not yet finished; transfer submitted 17 minute(s) ago
Transfer 246ae35c-27ef-11eb-8fbe-0a34088e79f9 has not yet finished; transfer submitted 18 minute(s) ago
Transfer 246ae35c-27ef-11eb-8fbe-0a34088e79f9 has not yet finished; transfer submitted 19 minute(s) ago
Transfer 246ae35c-27ef-11eb-8fbe-0a34088e79f9 has not yet finished; transfer submitted 20 minute(s) ago
Transfer 246ae35c-27ef-11eb-8fbe-0a34088e79f9 has not yet finished; transfer submitted 21 minute(s) ago
Transfer 246ae35c-27ef-11eb-8fbe-0a34088e79f9 has not yet finished; transfer submitted 22 minute(s) ago
Transfer 246ae35c-27ef-11eb-8fbe-0a34088e79f9 has not yet finished; transfer submitted 23 minute(s) ago
Transfer 246ae35c-27ef-11eb-8fbe-0a34088e79f9 has not yet finished; transfer submitted 24 minute(s) ago
Transfer 246ae35c-27ef-11eb-8fbe-0a34088e79f9 has not yet finished; transfer submitted 25 minute(s) ago
Transfer 246ae35c-27ef-11eb-8fbe-0a34088e79f9 has not yet finished; transfer submitted 26 minute(s) ago
Transfer 246ae35c-27ef-11eb-8fbe-0a34088e79f9 has not yet finished; transfer submitted 27 minute(s) ago
Transfer 246ae35c-27ef-11eb-8fbe-0a34088e79f9 has not yet finished; transfer submitted 28 minute(s) ago
Transfer 246ae35c-27ef-11eb-8fbe-0a34088e79f9 has not yet finished; transfer submitted 29 minute(s) ago
Transfer 246ae35c-27ef-11eb-8fbe-0a34088e79f9 has not yet finished; transfer submitted 30 minute(s) ago
Transfer 246ae35c-27ef-11eb-8fbe-0a34088e79f9 has not yet finished; transfer submitted 31 minute(s) ago
Transfer 246ae35c-27ef-11eb-8fbe-0a34088e79f9 has not yet finished; transfer submitted 32 minute(s) ago
Transfer 246ae35c-27ef-11eb-8fbe-0a34088e79f9 has not yet finished; transfer submitted 33 minute(s) ago
Transfer 246ae35c-27ef-11eb-8fbe-0a34088e79f9 has not yet finished; transfer submitted 34 minute(s) ago
Transfer 246ae35c-27ef-11eb-8fbe-0a34088e79f9 has not yet finished; transfer submitted 35 minute(s) ago
Transfer 246ae35c-27ef-11eb-8fbe-0a34088e79f9 has not yet finished; transfer submitted 36 minute(s) ago
Transfer 246ae35c-27ef-11eb-8fbe-0a34088e79f9 has not yet finished; transfer submitted 37 minute(s) ago
Transfer 246ae35c-27ef-11eb-8fbe-0a34088e79f9 has not yet finished; transfer submitted 38 minute(s) ago
Transfer 246ae35c-27ef-11eb-8fbe-0a34088e79f9 has not yet finished; transfer submitted 39 minute(s) ago
Transfer 246ae35c-27ef-11eb-8fbe-0a34088e79f9 has not yet finished; transfer submitted 40 minute(s) ago
Transfer 246ae35c-27ef-11eb-8fbe-0a34088e79f9 has not yet finished; transfer submitted 41 minute(s) ago
Transfer 246ae35c-27ef-11eb-8fbe-0a34088e79f9 has not yet finished; transfer submitted 42 minute(s) ago
Transfer 246ae35c-27ef-11eb-8fbe-0a34088e79f9 has not yet finished; transfer submitted 43 minute(s) ago
Transfer 246ae35c-27ef-11eb-8fbe-0a34088e79f9 has not yet finished; transfer submitted 44 minute(s) ago
Transfer 246ae35c-27ef-11eb-8fbe-0a34088e79f9 has not yet finished; transfer submitted 45 minute(s) ago
Transfer 246ae35c-27ef-11eb-8fbe-0a34088e79f9 has not yet finished; transfer submitted 46 minute(s) ago
Transfer 246ae35c-27ef-11eb-8fbe-0a34088e79f9 has not yet finished; transfer submitted 47 minute(s) ago
Transfer 246ae35c-27ef-11eb-8fbe-0a34088e79f9 has not yet finished; transfer submitted 48 minute(s) ago
Transfer 246ae35c-27ef-11eb-8fbe-0a34088e79f9 has not yet finished; transfer submitted 49 minute(s) ago
Transfer 246ae35c-27ef-11eb-8fbe-0a34088e79f9 has not yet finished; transfer submitted 50 minute(s) ago
Transfer 246ae35c-27ef-11eb-8fbe-0a34088e79f9 has not yet finished; transfer submitted 51 minute(s) ago
Transfer 246ae35c-27ef-11eb-8fbe-0a34088e79f9 has not yet finished; transfer submitted 52 minute(s) ago
Transfer 246ae35c-27ef-11eb-8fbe-0a34088e79f9 has not yet finished; transfer submitted 53 minute(s) ago
DONE.
GLOBUS DELETE task_id: ae60e49c-27f6-11eb-b162-0ee0d5d9299f

Processing scenario ID: 48
Panels type: ref_closest_panel
Crop type: crop_plot
Clip type: nan
Smooth type: {'window_size': 11, 'order': 2}
Bin type: {'method': 'spectral_resample', 'bandwidth': 20}
Segment type: {'method': 'mcari2', 'wl1': [800], 'wl2': [670], 'wl3': [550], 'mask_percentile': 50, 'mask_side': 'lower'}
GLOBUS TRANSFER task_id: b444b15e-27f6-11eb-8fbe-0a34088e79f9
Waiting for transfer b444b15e-27f6-11eb-8fbe-0a34088e79f9 to complete...
Transfer b444b15e-27f6-11eb-8fbe-0a34088e79f9 has not yet finished; transfer submitted 1 minute(s) ago
Transfer b444b15e-27f6-11eb-8fbe-0a34088e79f9 has not yet finished; transfer submitted 2 minute(s) ago
Transfer b444b15e-27f6-11eb-8fbe-0a34088e79f9 has not yet finished; transfer submitted 3 minute(s) ago
Transfer b444b15e-27f6-11eb-8fbe-0a34088e79f9 has not yet finished; transfer submitted 4 minute(s) ago
Transfer b444b15e-27f6-11eb-8fbe-0a34088e79f9 has not yet finished; transfer submitted 5 minute(s) ago
Transfer b444b15e-27f6-11eb-8fbe-0a34088e79f9 has not yet finished; transfer submitted 6 minute(s) ago
Transfer b444b15e-27f6-11eb-8fbe-0a34088e79f9 has not yet finished; transfer submitted 7 minute(s) ago
Transfer b444b15e-27f6-11eb-8fbe-0a34088e79f9 has not yet finished; transfer submitted 8 minute(s) ago
Transfer b444b15e-27f6-11eb-8fbe-0a34088e79f9 has not yet finished; transfer submitted 9 minute(s) ago
Transfer b444b15e-27f6-11eb-8fbe-0a34088e79f9 has not yet finished; transfer submitted 10 minute(s) ago
Transfer b444b15e-27f6-11eb-8fbe-0a34088e79f9 has not yet finished; transfer submitted 11 minute(s) ago
Transfer b444b15e-27f6-11eb-8fbe-0a34088e79f9 has not yet finished; transfer submitted 12 minute(s) ago
Transfer b444b15e-27f6-11eb-8fbe-0a34088e79f9 has not yet finished; transfer submitted 13 minute(s) ago
DONE.
GLOBUS DELETE task_id: a51f3c56-27f8-11eb-b162-0ee0d5d9299f

Processing scenario ID: 49
Panels type: ref_closest_panel
Crop type: crop_plot
Clip type: nan
Smooth type: {'window_size': 11, 'order': 2}
Bin type: {'method': 'spectral_resample', 'bandwidth': 20}
Segment type: {'method': 'mcari2', 'wl1': [800], 'wl2': [670], 'wl3': [550], 'mask_percentile': 50, 'mask_side': 'upper'}
GLOBUS TRANSFER task_id: a764f370-27f8-11eb-b539-02d9497ca481
Waiting for transfer a764f370-27f8-11eb-b539-02d9497ca481 to complete...
Transfer a764f370-27f8-11eb-b539-02d9497ca481 has not yet finished; transfer submitted 1 minute(s) ago
Transfer a764f370-27f8-11eb-b539-02d9497ca481 has not yet finished; transfer submitted 2 minute(s) ago
Transfer a764f370-27f8-11eb-b539-02d9497ca481 has not yet finished; transfer submitted 3 minute(s) ago
Transfer a764f370-27f8-11eb-b539-02d9497ca481 has not yet finished; transfer submitted 4 minute(s) ago
Transfer a764f370-27f8-11eb-b539-02d9497ca481 has not yet finished; transfer submitted 5 minute(s) ago
Transfer a764f370-27f8-11eb-b539-02d9497ca481 has not yet finished; transfer submitted 6 minute(s) ago
Transfer a764f370-27f8-11eb-b539-02d9497ca481 has not yet finished; transfer submitted 7 minute(s) ago
Transfer a764f370-27f8-11eb-b539-02d9497ca481 has not yet finished; transfer submitted 8 minute(s) ago
DONE.
GLOBUS DELETE task_id: d65091ca-27f9-11eb-b539-02d9497ca481
