Traceback (most recent call last):
  File "sip/tune_train.py", line 205, in <module>
    df_spec, meta_bands, bands = load_spec_data(dir_data, row, feat)
  File "/panfs/roc/groups/5/yangc1/public/hs_process/sip/sip_functions.py", line 1495, in load_spec_data
    df_spec = hsbatch.spectra_to_df(
  File "/home/yangc1/nigo0024/anaconda3/envs/sip_run_2/lib/python3.8/site-packages/hs_process/batch.py", line 2853, in spectra_to_df
    fname_list = self._recurs_dir(base_dir, search_ext, dir_level)
  File "/home/yangc1/nigo0024/anaconda3/envs/sip_run_2/lib/python3.8/site-packages/hs_process/batch.py", line 1516, in _recurs_dir
    d_str = os.listdir(base_dir)
FileNotFoundError: [Errno 2] No such file or directory: '/panfs/roc/groups/5/yangc1/public/hs_process/data/ref_closest_panel/crop_plot/clip_ends/smooth_window_11/bin_none/seg_mcari2_50_upper/reflectance'
Traceback (most recent call last):
  File "sip/tune_train.py", line 205, in <module>
    df_spec, meta_bands, bands = load_spec_data(dir_data, row, feat)
  File "/panfs/roc/groups/5/yangc1/public/hs_process/sip/sip_functions.py", line 1495, in load_spec_data
    df_spec = hsbatch.spectra_to_df(
  File "/home/yangc1/nigo0024/anaconda3/envs/sip_run_2/lib/python3.8/site-packages/hs_process/batch.py", line 2853, in spectra_to_df
    fname_list = self._recurs_dir(base_dir, search_ext, dir_level)
  File "/home/yangc1/nigo0024/anaconda3/envs/sip_run_2/lib/python3.8/site-packages/hs_process/batch.py", line 1516, in _recurs_dir
    d_str = os.listdir(base_dir)
FileNotFoundError: [Errno 2] No such file or directory: '/panfs/roc/groups/5/yangc1/public/hs_process/data/ref_closest_panel/crop_plot/clip_ends/smooth_window_11/bin_none/seg_mcari2_50_upper/reflectance'
Traceback (most recent call last):
  File "sip/tune_train.py", line 205, in <module>
    df_spec, meta_bands, bands = load_spec_data(dir_data, row, feat)
  File "/panfs/roc/groups/5/yangc1/public/hs_process/sip/sip_functions.py", line 1495, in load_spec_data
    df_spec = hsbatch.spectra_to_df(
  File "/home/yangc1/nigo0024/anaconda3/envs/sip_run_2/lib/python3.8/site-packages/hs_process/batch.py", line 2853, in spectra_to_df
    fname_list = self._recurs_dir(base_dir, search_ext, dir_level)
  File "/home/yangc1/nigo0024/anaconda3/envs/sip_run_2/lib/python3.8/site-packages/hs_process/batch.py", line 1516, in _recurs_dir
    d_str = os.listdir(base_dir)
FileNotFoundError: [Errno 2] No such file or directory: '/panfs/roc/groups/5/yangc1/public/hs_process/data/ref_closest_panel/crop_plot/clip_ends/smooth_window_11/bin_none/seg_mcari2_50_upper/reflectance'
Traceback (most recent call last):
  File "sip/tune_train.py", line 205, in <module>
    df_spec, meta_bands, bands = load_spec_data(dir_data, row, feat)
  File "/panfs/roc/groups/5/yangc1/public/hs_process/sip/sip_functions.py", line 1495, in load_spec_data
    df_spec = hsbatch.spectra_to_df(
  File "/home/yangc1/nigo0024/anaconda3/envs/sip_run_2/lib/python3.8/site-packages/hs_process/batch.py", line 2853, in spectra_to_df
    fname_list = self._recurs_dir(base_dir, search_ext, dir_level)
  File "/home/yangc1/nigo0024/anaconda3/envs/sip_run_2/lib/python3.8/site-packages/hs_process/batch.py", line 1516, in _recurs_dir
    d_str = os.listdir(base_dir)
FileNotFoundError: [Errno 2] No such file or directory: '/panfs/roc/groups/5/yangc1/public/hs_process/data/ref_closest_panel/crop_plot/clip_ends/smooth_window_11/bin_none/seg_mcari2_50_upper/derivative_1'
Traceback (most recent call last):
  File "sip/tune_train.py", line 205, in <module>
    df_spec, meta_bands, bands = load_spec_data(dir_data, row, feat)
  File "/panfs/roc/groups/5/yangc1/public/hs_process/sip/sip_functions.py", line 1495, in load_spec_data
    df_spec = hsbatch.spectra_to_df(
  File "/home/yangc1/nigo0024/anaconda3/envs/sip_run_2/lib/python3.8/site-packages/hs_process/batch.py", line 2853, in spectra_to_df
    fname_list = self._recurs_dir(base_dir, search_ext, dir_level)
  File "/home/yangc1/nigo0024/anaconda3/envs/sip_run_2/lib/python3.8/site-packages/hs_process/batch.py", line 1516, in _recurs_dir
    d_str = os.listdir(base_dir)
FileNotFoundError: [Errno 2] No such file or directory: '/panfs/roc/groups/5/yangc1/public/hs_process/data/ref_closest_panel/crop_plot/clip_ends/smooth_window_11/bin_none/seg_mcari2_50_upper/derivative_1'
Traceback (most recent call last):
  File "sip/tune_train.py", line 205, in <module>
    df_spec, meta_bands, bands = load_spec_data(dir_data, row, feat)
  File "/panfs/roc/groups/5/yangc1/public/hs_process/sip/sip_functions.py", line 1495, in load_spec_data
    df_spec = hsbatch.spectra_to_df(
  File "/home/yangc1/nigo0024/anaconda3/envs/sip_run_2/lib/python3.8/site-packages/hs_process/batch.py", line 2853, in spectra_to_df
    fname_list = self._recurs_dir(base_dir, search_ext, dir_level)
  File "/home/yangc1/nigo0024/anaconda3/envs/sip_run_2/lib/python3.8/site-packages/hs_process/batch.py", line 1516, in _recurs_dir
    d_str = os.listdir(base_dir)
FileNotFoundError: [Errno 2] No such file or directory: '/panfs/roc/groups/5/yangc1/public/hs_process/data/ref_closest_panel/crop_plot/clip_ends/smooth_window_11/bin_none/seg_mcari2_50_upper/derivative_1'
Traceback (most recent call last):
  File "sip/tune_train.py", line 205, in <module>
    df_spec, meta_bands, bands = load_spec_data(dir_data, row, feat)
  File "/panfs/roc/groups/5/yangc1/public/hs_process/sip/sip_functions.py", line 1495, in load_spec_data
    df_spec = hsbatch.spectra_to_df(
  File "/home/yangc1/nigo0024/anaconda3/envs/sip_run_2/lib/python3.8/site-packages/hs_process/batch.py", line 2853, in spectra_to_df
    fname_list = self._recurs_dir(base_dir, search_ext, dir_level)
  File "/home/yangc1/nigo0024/anaconda3/envs/sip_run_2/lib/python3.8/site-packages/hs_process/batch.py", line 1516, in _recurs_dir
    d_str = os.listdir(base_dir)
FileNotFoundError: [Errno 2] No such file or directory: '/panfs/roc/groups/5/yangc1/public/hs_process/data/ref_closest_panel/crop_plot/clip_ends/smooth_window_11/bin_none/seg_mcari2_50_upper/derivative_2'
Traceback (most recent call last):
  File "sip/tune_train.py", line 205, in <module>
    df_spec, meta_bands, bands = load_spec_data(dir_data, row, feat)
  File "/panfs/roc/groups/5/yangc1/public/hs_process/sip/sip_functions.py", line 1495, in load_spec_data
    df_spec = hsbatch.spectra_to_df(
  File "/home/yangc1/nigo0024/anaconda3/envs/sip_run_2/lib/python3.8/site-packages/hs_process/batch.py", line 2853, in spectra_to_df
    fname_list = self._recurs_dir(base_dir, search_ext, dir_level)
  File "/home/yangc1/nigo0024/anaconda3/envs/sip_run_2/lib/python3.8/site-packages/hs_process/batch.py", line 1516, in _recurs_dir
    d_str = os.listdir(base_dir)
FileNotFoundError: [Errno 2] No such file or directory: '/panfs/roc/groups/5/yangc1/public/hs_process/data/ref_closest_panel/crop_plot/clip_ends/smooth_window_11/bin_none/seg_mcari2_50_upper/derivative_2'
Traceback (most recent call last):
  File "sip/tune_train.py", line 205, in <module>
    df_spec, meta_bands, bands = load_spec_data(dir_data, row, feat)
  File "/panfs/roc/groups/5/yangc1/public/hs_process/sip/sip_functions.py", line 1495, in load_spec_data
    df_spec = hsbatch.spectra_to_df(
  File "/home/yangc1/nigo0024/anaconda3/envs/sip_run_2/lib/python3.8/site-packages/hs_process/batch.py", line 2853, in spectra_to_df
    fname_list = self._recurs_dir(base_dir, search_ext, dir_level)
  File "/home/yangc1/nigo0024/anaconda3/envs/sip_run_2/lib/python3.8/site-packages/hs_process/batch.py", line 1516, in _recurs_dir
    d_str = os.listdir(base_dir)
FileNotFoundError: [Errno 2] No such file or directory: '/panfs/roc/groups/5/yangc1/public/hs_process/data/ref_closest_panel/crop_plot/clip_ends/smooth_window_11/bin_none/seg_mcari2_50_upper/derivative_2'
slurmstepd: error: *** JOB 81464 ON cn1013 CANCELLED AT 2020-11-18T11:32:39 DUE TO TIME LIMIT ***
