/home/yangc1/nigo0024/anaconda3/envs/sip_run_2/lib/python3.8/site-packages/sklearn/linear_model/_coordinate_descent.py:529: ConvergenceWarning: Objective did not converge. You might want to increase the number of iterations. Duality gap: 17919595.009213366, tolerance: 29878.114385653145
  model = cd_fast.enet_coordinate_descent(
/home/yangc1/nigo0024/anaconda3/envs/sip_run_2/lib/python3.8/site-packages/sklearn/linear_model/_coordinate_descent.py:529: ConvergenceWarning: Objective did not converge. You might want to increase the number of iterations. Duality gap: 2385832.2788108513, tolerance: 29878.114385653145
  model = cd_fast.enet_coordinate_descent(
/home/yangc1/nigo0024/anaconda3/envs/sip_run_2/lib/python3.8/site-packages/sklearn/linear_model/_coordinate_descent.py:529: ConvergenceWarning: Objective did not converge. You might want to increase the number of iterations. Duality gap: 12044863.047918092, tolerance: 29878.114385653145
  model = cd_fast.enet_coordinate_descent(
/home/yangc1/nigo0024/anaconda3/envs/sip_run_2/lib/python3.8/site-packages/sklearn/linear_model/_coordinate_descent.py:529: ConvergenceWarning: Objective did not converge. You might want to increase the number of iterations. Duality gap: 2342691.606239695, tolerance: 29878.114385653145
  model = cd_fast.enet_coordinate_descent(
/home/yangc1/nigo0024/anaconda3/envs/sip_run_2/lib/python3.8/site-packages/sklearn/linear_model/_coordinate_descent.py:529: ConvergenceWarning: Objective did not converge. You might want to increase the number of iterations. Duality gap: 8596798.453787524, tolerance: 29878.114385653145
  model = cd_fast.enet_coordinate_descent(
/home/yangc1/nigo0024/anaconda3/envs/sip_run_2/lib/python3.8/site-packages/sklearn/linear_model/_coordinate_descent.py:529: ConvergenceWarning: Objective did not converge. You might want to increase the number of iterations. Duality gap: 12587409.448158618, tolerance: 29878.114385653145
  model = cd_fast.enet_coordinate_descent(
/home/yangc1/nigo0024/anaconda3/envs/sip_run_2/lib/python3.8/site-packages/sklearn/linear_model/_coordinate_descent.py:529: ConvergenceWarning: Objective did not converge. You might want to increase the number of iterations. Duality gap: 8525678.880877117, tolerance: 29878.114385653145
  model = cd_fast.enet_coordinate_descent(
/home/yangc1/nigo0024/anaconda3/envs/sip_run_2/lib/python3.8/site-packages/sklearn/linear_model/_coordinate_descent.py:529: ConvergenceWarning: Objective did not converge. You might want to increase the number of iterations. Duality gap: 12448078.956384944, tolerance: 29878.114385653145
  model = cd_fast.enet_coordinate_descent(
/home/yangc1/nigo0024/anaconda3/envs/sip_run_2/lib/python3.8/site-packages/sklearn/linear_model/_coordinate_descent.py:529: ConvergenceWarning: Objective did not converge. You might want to increase the number of iterations. Duality gap: 89851.1740815267, tolerance: 29878.114385653145
  model = cd_fast.enet_coordinate_descent(
/home/yangc1/nigo0024/anaconda3/envs/sip_run_2/lib/python3.8/site-packages/sklearn/linear_model/_coordinate_descent.py:529: ConvergenceWarning: Objective did not converge. You might want to increase the number of iterations. Duality gap: 99174.19969173521, tolerance: 29878.114385653145
  model = cd_fast.enet_coordinate_descent(
/home/yangc1/nigo0024/anaconda3/envs/sip_run_2/lib/python3.8/site-packages/sklearn/linear_model/_coordinate_descent.py:529: ConvergenceWarning: Objective did not converge. You might want to increase the number of iterations. Duality gap: 75506.32473076135, tolerance: 29878.114385653145
  model = cd_fast.enet_coordinate_descent(
/home/yangc1/nigo0024/anaconda3/envs/sip_run_2/lib/python3.8/site-packages/sklearn/linear_model/_coordinate_descent.py:529: ConvergenceWarning: Objective did not converge. You might want to increase the number of iterations. Duality gap: 15626958.351819532, tolerance: 29878.114385653145
  model = cd_fast.enet_coordinate_descent(
/home/yangc1/nigo0024/anaconda3/envs/sip_run_2/lib/python3.8/site-packages/sklearn/linear_model/_coordinate_descent.py:529: ConvergenceWarning: Objective did not converge. You might want to increase the number of iterations. Duality gap: 12986845.986881701, tolerance: 29878.114385653145
  model = cd_fast.enet_coordinate_descent(
/home/yangc1/nigo0024/anaconda3/envs/sip_run_2/lib/python3.8/site-packages/sklearn/linear_model/_coordinate_descent.py:529: ConvergenceWarning: Objective did not converge. You might want to increase the number of iterations. Duality gap: 15840343.775556851, tolerance: 29878.114385653145
  model = cd_fast.enet_coordinate_descent(
/home/yangc1/nigo0024/anaconda3/envs/sip_run_2/lib/python3.8/site-packages/sklearn/linear_model/_coordinate_descent.py:529: ConvergenceWarning: Objective did not converge. You might want to increase the number of iterations. Duality gap: 759702.270004008, tolerance: 29878.114385653145
  model = cd_fast.enet_coordinate_descent(
/home/yangc1/nigo0024/anaconda3/envs/sip_run_2/lib/python3.8/site-packages/sklearn/linear_model/_coordinate_descent.py:529: ConvergenceWarning: Objective did not converge. You might want to increase the number of iterations. Duality gap: 15334884.926132638, tolerance: 29878.114385653145
  model = cd_fast.enet_coordinate_descent(
/home/yangc1/nigo0024/anaconda3/envs/sip_run_2/lib/python3.8/site-packages/sklearn/linear_model/_coordinate_descent.py:529: ConvergenceWarning: Objective did not converge. You might want to increase the number of iterations. Duality gap: 3.9852413747430546, tolerance: 3.6648978079144934
  model = cd_fast.enet_coordinate_descent(
/home/yangc1/nigo0024/anaconda3/envs/sip_run_2/lib/python3.8/site-packages/sklearn/linear_model/_coordinate_descent.py:529: ConvergenceWarning: Objective did not converge. You might want to increase the number of iterations. Duality gap: 5.383509360992321, tolerance: 3.6648978079144934
  model = cd_fast.enet_coordinate_descent(
/home/yangc1/nigo0024/anaconda3/envs/sip_run_2/lib/python3.8/site-packages/sklearn/linear_model/_coordinate_descent.py:529: ConvergenceWarning: Objective did not converge. You might want to increase the number of iterations. Duality gap: 4.932841717111387, tolerance: 3.6648978079144934
  model = cd_fast.enet_coordinate_descent(
/home/yangc1/nigo0024/anaconda3/envs/sip_run_2/lib/python3.8/site-packages/sklearn/linear_model/_coordinate_descent.py:529: ConvergenceWarning: Objective did not converge. You might want to increase the number of iterations. Duality gap: 100704.65896702558, tolerance: 29878.114385653145
  model = cd_fast.enet_coordinate_descent(
All processing scenarios are finished. Exiting program.
/home/yangc1/nigo0024/anaconda3/envs/sip_run_2/lib/python3.8/site-packages/sklearn/linear_model/_coordinate_descent.py:529: ConvergenceWarning: Objective did not converge. You might want to increase the number of iterations. Duality gap: 1767.3202220327876, tolerance: 17.538496504468622
  model = cd_fast.enet_coordinate_descent(
All processing scenarios are finished. Exiting program.
/home/yangc1/nigo0024/anaconda3/envs/sip_run_2/lib/python3.8/site-packages/sklearn/linear_model/_coordinate_descent.py:529: ConvergenceWarning: Objective did not converge. You might want to increase the number of iterations. Duality gap: 0.014961355612868488, tolerance: 0.011853163025327513
  model = cd_fast.enet_coordinate_descent(
/home/yangc1/nigo0024/anaconda3/envs/sip_run_2/lib/python3.8/site-packages/sklearn/linear_model/_coordinate_descent.py:529: ConvergenceWarning: Objective did not converge. You might want to increase the number of iterations. Duality gap: 0.020885604531656554, tolerance: 0.011853163025327513
  model = cd_fast.enet_coordinate_descent(
/home/yangc1/nigo0024/anaconda3/envs/sip_run_2/lib/python3.8/site-packages/sklearn/linear_model/_coordinate_descent.py:529: ConvergenceWarning: Objective did not converge. You might want to increase the number of iterations. Duality gap: 0.03046696402181226, tolerance: 0.011853163025327513
  model = cd_fast.enet_coordinate_descent(
/home/yangc1/nigo0024/anaconda3/envs/sip_run_2/lib/python3.8/site-packages/sklearn/linear_model/_coordinate_descent.py:529: ConvergenceWarning: Objective did not converge. You might want to increase the number of iterations. Duality gap: 0.044122877701724406, tolerance: 0.011853163025327513
  model = cd_fast.enet_coordinate_descent(
/home/yangc1/nigo0024/anaconda3/envs/sip_run_2/lib/python3.8/site-packages/sklearn/linear_model/_coordinate_descent.py:529: ConvergenceWarning: Objective did not converge. You might want to increase the number of iterations. Duality gap: 0.06349882293189069, tolerance: 0.011853163025327513
  model = cd_fast.enet_coordinate_descent(
/home/yangc1/nigo0024/anaconda3/envs/sip_run_2/lib/python3.8/site-packages/sklearn/linear_model/_coordinate_descent.py:529: ConvergenceWarning: Objective did not converge. You might want to increase the number of iterations. Duality gap: 0.12430175990277803, tolerance: 0.011853163025327513
  model = cd_fast.enet_coordinate_descent(
/home/yangc1/nigo0024/anaconda3/envs/sip_run_2/lib/python3.8/site-packages/sklearn/linear_model/_coordinate_descent.py:529: ConvergenceWarning: Objective did not converge. You might want to increase the number of iterations. Duality gap: 0.20726479454081925, tolerance: 0.011853163025327513
  model = cd_fast.enet_coordinate_descent(
/home/yangc1/nigo0024/anaconda3/envs/sip_run_2/lib/python3.8/site-packages/sklearn/linear_model/_coordinate_descent.py:529: ConvergenceWarning: Objective did not converge. You might want to increase the number of iterations. Duality gap: 0.22641266481318922, tolerance: 0.011853163025327513
  model = cd_fast.enet_coordinate_descent(
/home/yangc1/nigo0024/anaconda3/envs/sip_run_2/lib/python3.8/site-packages/sklearn/linear_model/_coordinate_descent.py:529: ConvergenceWarning: Objective did not converge. You might want to increase the number of iterations. Duality gap: 0.22460636496915498, tolerance: 0.011853163025327513
  model = cd_fast.enet_coordinate_descent(
/home/yangc1/nigo0024/anaconda3/envs/sip_run_2/lib/python3.8/site-packages/sklearn/linear_model/_coordinate_descent.py:529: ConvergenceWarning: Objective did not converge. You might want to increase the number of iterations. Duality gap: 0.29637414421377883, tolerance: 0.011853163025327513
  model = cd_fast.enet_coordinate_descent(
/home/yangc1/nigo0024/anaconda3/envs/sip_run_2/lib/python3.8/site-packages/sklearn/linear_model/_coordinate_descent.py:529: ConvergenceWarning: Objective did not converge. You might want to increase the number of iterations. Duality gap: 0.3848828263558417, tolerance: 0.011853163025327513
  model = cd_fast.enet_coordinate_descent(
/home/yangc1/nigo0024/anaconda3/envs/sip_run_2/lib/python3.8/site-packages/sklearn/linear_model/_coordinate_descent.py:529: ConvergenceWarning: Objective did not converge. You might want to increase the number of iterations. Duality gap: 1.282097957741577, tolerance: 0.011853163025327513
  model = cd_fast.enet_coordinate_descent(
/home/yangc1/nigo0024/anaconda3/envs/sip_run_2/lib/python3.8/site-packages/sklearn/linear_model/_coordinate_descent.py:529: ConvergenceWarning: Objective did not converge. You might want to increase the number of iterations. Duality gap: 3.973117181979969, tolerance: 0.011853163025327513
  model = cd_fast.enet_coordinate_descent(
/home/yangc1/nigo0024/anaconda3/envs/sip_run_2/lib/python3.8/site-packages/sklearn/linear_model/_coordinate_descent.py:529: ConvergenceWarning: Objective did not converge. You might want to increase the number of iterations. Duality gap: 0.01680068923032252, tolerance: 0.011853163025327513
  model = cd_fast.enet_coordinate_descent(
All processing scenarios are finished. Exiting program.
/home/yangc1/nigo0024/anaconda3/envs/sip_run_2/lib/python3.8/site-packages/sklearn/linear_model/_coordinate_descent.py:529: ConvergenceWarning: Objective did not converge. You might want to increase the number of iterations. Duality gap: 16518693.12275587, tolerance: 29878.114385653145
  model = cd_fast.enet_coordinate_descent(
/home/yangc1/nigo0024/anaconda3/envs/sip_run_2/lib/python3.8/site-packages/sklearn/linear_model/_coordinate_descent.py:529: ConvergenceWarning: Objective did not converge. You might want to increase the number of iterations. Duality gap: 17066608.268176418, tolerance: 29878.114385653145
  model = cd_fast.enet_coordinate_descent(
/home/yangc1/nigo0024/anaconda3/envs/sip_run_2/lib/python3.8/site-packages/sklearn/linear_model/_coordinate_descent.py:529: ConvergenceWarning: Objective did not converge. You might want to increase the number of iterations. Duality gap: 17590270.921018675, tolerance: 29878.114385653145
  model = cd_fast.enet_coordinate_descent(
/home/yangc1/nigo0024/anaconda3/envs/sip_run_2/lib/python3.8/site-packages/sklearn/linear_model/_coordinate_descent.py:529: ConvergenceWarning: Objective did not converge. You might want to increase the number of iterations. Duality gap: 18842367.09642298, tolerance: 29878.114385653145
  model = cd_fast.enet_coordinate_descent(
/home/yangc1/nigo0024/anaconda3/envs/sip_run_2/lib/python3.8/site-packages/sklearn/linear_model/_coordinate_descent.py:529: ConvergenceWarning: Objective did not converge. You might want to increase the number of iterations. Duality gap: 18848355.008272156, tolerance: 29878.114385653145
  model = cd_fast.enet_coordinate_descent(
/home/yangc1/nigo0024/anaconda3/envs/sip_run_2/lib/python3.8/site-packages/sklearn/linear_model/_coordinate_descent.py:529: ConvergenceWarning: Objective did not converge. You might want to increase the number of iterations. Duality gap: 18827428.543240257, tolerance: 29878.114385653145
  model = cd_fast.enet_coordinate_descent(
/home/yangc1/nigo0024/anaconda3/envs/sip_run_2/lib/python3.8/site-packages/sklearn/linear_model/_coordinate_descent.py:529: ConvergenceWarning: Objective did not converge. You might want to increase the number of iterations. Duality gap: 16518693.12275587, tolerance: 29878.114385653145
  model = cd_fast.enet_coordinate_descent(
/home/yangc1/nigo0024/anaconda3/envs/sip_run_2/lib/python3.8/site-packages/sklearn/linear_model/_coordinate_descent.py:529: ConvergenceWarning: Objective did not converge. You might want to increase the number of iterations. Duality gap: 18793124.654794574, tolerance: 29878.114385653145
  model = cd_fast.enet_coordinate_descent(
/home/yangc1/nigo0024/anaconda3/envs/sip_run_2/lib/python3.8/site-packages/sklearn/linear_model/_coordinate_descent.py:529: ConvergenceWarning: Objective did not converge. You might want to increase the number of iterations. Duality gap: 213038.66193038225, tolerance: 29878.114385653145
  model = cd_fast.enet_coordinate_descent(
/home/yangc1/nigo0024/anaconda3/envs/sip_run_2/lib/python3.8/site-packages/sklearn/linear_model/_coordinate_descent.py:529: ConvergenceWarning: Objective did not converge. You might want to increase the number of iterations. Duality gap: 272137.955547221, tolerance: 29878.114385653145
  model = cd_fast.enet_coordinate_descent(
/home/yangc1/nigo0024/anaconda3/envs/sip_run_2/lib/python3.8/site-packages/sklearn/linear_model/_coordinate_descent.py:529: ConvergenceWarning: Objective did not converge. You might want to increase the number of iterations. Duality gap: 248968.84502018988, tolerance: 29878.114385653145
  model = cd_fast.enet_coordinate_descent(
/home/yangc1/nigo0024/anaconda3/envs/sip_run_2/lib/python3.8/site-packages/sklearn/linear_model/_coordinate_descent.py:529: ConvergenceWarning: Objective did not converge. You might want to increase the number of iterations. Duality gap: 247182.40888369083, tolerance: 29878.114385653145
  model = cd_fast.enet_coordinate_descent(
/home/yangc1/nigo0024/anaconda3/envs/sip_run_2/lib/python3.8/site-packages/sklearn/linear_model/_coordinate_descent.py:529: ConvergenceWarning: Objective did not converge. You might want to increase the number of iterations. Duality gap: 254374.97012329847, tolerance: 29878.114385653145
  model = cd_fast.enet_coordinate_descent(
/home/yangc1/nigo0024/anaconda3/envs/sip_run_2/lib/python3.8/site-packages/sklearn/linear_model/_coordinate_descent.py:529: ConvergenceWarning: Objective did not converge. You might want to increase the number of iterations. Duality gap: 237798.666504696, tolerance: 29878.114385653145
  model = cd_fast.enet_coordinate_descent(
/home/yangc1/nigo0024/anaconda3/envs/sip_run_2/lib/python3.8/site-packages/sklearn/linear_model/_coordinate_descent.py:529: ConvergenceWarning: Objective did not converge. You might want to increase the number of iterations. Duality gap: 189693.5259852782, tolerance: 29878.114385653145
  model = cd_fast.enet_coordinate_descent(
/home/yangc1/nigo0024/anaconda3/envs/sip_run_2/lib/python3.8/site-packages/sklearn/linear_model/_coordinate_descent.py:529: ConvergenceWarning: Objective did not converge. You might want to increase the number of iterations. Duality gap: 277535.13407069445, tolerance: 29878.114385653145
  model = cd_fast.enet_coordinate_descent(
/home/yangc1/nigo0024/anaconda3/envs/sip_run_2/lib/python3.8/site-packages/sklearn/linear_model/_coordinate_descent.py:529: ConvergenceWarning: Objective did not converge. You might want to increase the number of iterations. Duality gap: 393567.3035174385, tolerance: 29878.114385653145
  model = cd_fast.enet_coordinate_descent(
/home/yangc1/nigo0024/anaconda3/envs/sip_run_2/lib/python3.8/site-packages/sklearn/linear_model/_coordinate_descent.py:529: ConvergenceWarning: Objective did not converge. You might want to increase the number of iterations. Duality gap: 539628.7090439945, tolerance: 29878.114385653145
  model = cd_fast.enet_coordinate_descent(
/home/yangc1/nigo0024/anaconda3/envs/sip_run_2/lib/python3.8/site-packages/sklearn/linear_model/_coordinate_descent.py:529: ConvergenceWarning: Objective did not converge. You might want to increase the number of iterations. Duality gap: 723574.6690457612, tolerance: 29878.114385653145
  model = cd_fast.enet_coordinate_descent(
/home/yangc1/nigo0024/anaconda3/envs/sip_run_2/lib/python3.8/site-packages/sklearn/linear_model/_coordinate_descent.py:529: ConvergenceWarning: Objective did not converge. You might want to increase the number of iterations. Duality gap: 1017194.052768182, tolerance: 29878.114385653145
  model = cd_fast.enet_coordinate_descent(
/home/yangc1/nigo0024/anaconda3/envs/sip_run_2/lib/python3.8/site-packages/sklearn/linear_model/_coordinate_descent.py:529: ConvergenceWarning: Objective did not converge. You might want to increase the number of iterations. Duality gap: 1204083.222059697, tolerance: 29878.114385653145
  model = cd_fast.enet_coordinate_descent(
/home/yangc1/nigo0024/anaconda3/envs/sip_run_2/lib/python3.8/site-packages/sklearn/linear_model/_coordinate_descent.py:529: ConvergenceWarning: Objective did not converge. You might want to increase the number of iterations. Duality gap: 1185218.7915029824, tolerance: 29878.114385653145
  model = cd_fast.enet_coordinate_descent(
/home/yangc1/nigo0024/anaconda3/envs/sip_run_2/lib/python3.8/site-packages/sklearn/linear_model/_coordinate_descent.py:529: ConvergenceWarning: Objective did not converge. You might want to increase the number of iterations. Duality gap: 1251524.3783031031, tolerance: 29878.114385653145
  model = cd_fast.enet_coordinate_descent(
/home/yangc1/nigo0024/anaconda3/envs/sip_run_2/lib/python3.8/site-packages/sklearn/linear_model/_coordinate_descent.py:529: ConvergenceWarning: Objective did not converge. You might want to increase the number of iterations. Duality gap: 1285534.8842397109, tolerance: 29878.114385653145
  model = cd_fast.enet_coordinate_descent(
/home/yangc1/nigo0024/anaconda3/envs/sip_run_2/lib/python3.8/site-packages/sklearn/linear_model/_coordinate_descent.py:529: ConvergenceWarning: Objective did not converge. You might want to increase the number of iterations. Duality gap: 1221536.037952304, tolerance: 29878.114385653145
  model = cd_fast.enet_coordinate_descent(
/home/yangc1/nigo0024/anaconda3/envs/sip_run_2/lib/python3.8/site-packages/sklearn/linear_model/_coordinate_descent.py:529: ConvergenceWarning: Objective did not converge. You might want to increase the number of iterations. Duality gap: 1167180.819870457, tolerance: 29878.114385653145
  model = cd_fast.enet_coordinate_descent(
/home/yangc1/nigo0024/anaconda3/envs/sip_run_2/lib/python3.8/site-packages/sklearn/linear_model/_coordinate_descent.py:529: ConvergenceWarning: Objective did not converge. You might want to increase the number of iterations. Duality gap: 1122015.5338992514, tolerance: 29878.114385653145
  model = cd_fast.enet_coordinate_descent(
/home/yangc1/nigo0024/anaconda3/envs/sip_run_2/lib/python3.8/site-packages/sklearn/linear_model/_coordinate_descent.py:529: ConvergenceWarning: Objective did not converge. You might want to increase the number of iterations. Duality gap: 1076291.1226837076, tolerance: 29878.114385653145
  model = cd_fast.enet_coordinate_descent(
/home/yangc1/nigo0024/anaconda3/envs/sip_run_2/lib/python3.8/site-packages/sklearn/linear_model/_coordinate_descent.py:529: ConvergenceWarning: Objective did not converge. You might want to increase the number of iterations. Duality gap: 1025195.0347066857, tolerance: 29878.114385653145
  model = cd_fast.enet_coordinate_descent(
/home/yangc1/nigo0024/anaconda3/envs/sip_run_2/lib/python3.8/site-packages/sklearn/linear_model/_coordinate_descent.py:529: ConvergenceWarning: Objective did not converge. You might want to increase the number of iterations. Duality gap: 967420.7002810463, tolerance: 29878.114385653145
  model = cd_fast.enet_coordinate_descent(
/home/yangc1/nigo0024/anaconda3/envs/sip_run_2/lib/python3.8/site-packages/sklearn/linear_model/_coordinate_descent.py:529: ConvergenceWarning: Objective did not converge. You might want to increase the number of iterations. Duality gap: 19927049.738400754, tolerance: 29878.114385653145
  model = cd_fast.enet_coordinate_descent(
/home/yangc1/nigo0024/anaconda3/envs/sip_run_2/lib/python3.8/site-packages/sklearn/linear_model/_coordinate_descent.py:529: ConvergenceWarning: Objective did not converge. You might want to increase the number of iterations. Duality gap: 19660938.99395933, tolerance: 29878.114385653145
  model = cd_fast.enet_coordinate_descent(
/home/yangc1/nigo0024/anaconda3/envs/sip_run_2/lib/python3.8/site-packages/sklearn/linear_model/_coordinate_descent.py:529: ConvergenceWarning: Objective did not converge. You might want to increase the number of iterations. Duality gap: 16946452.581872955, tolerance: 29878.114385653145
  model = cd_fast.enet_coordinate_descent(
/home/yangc1/nigo0024/anaconda3/envs/sip_run_2/lib/python3.8/site-packages/sklearn/linear_model/_coordinate_descent.py:529: ConvergenceWarning: Objective did not converge. You might want to increase the number of iterations. Duality gap: 16116822.415799452, tolerance: 29878.114385653145
  model = cd_fast.enet_coordinate_descent(
/home/yangc1/nigo0024/anaconda3/envs/sip_run_2/lib/python3.8/site-packages/sklearn/linear_model/_coordinate_descent.py:529: ConvergenceWarning: Objective did not converge. You might want to increase the number of iterations. Duality gap: 18804181.404936854, tolerance: 29878.114385653145
  model = cd_fast.enet_coordinate_descent(
/home/yangc1/nigo0024/anaconda3/envs/sip_run_2/lib/python3.8/site-packages/sklearn/linear_model/_coordinate_descent.py:529: ConvergenceWarning: Objective did not converge. You might want to increase the number of iterations. Duality gap: 14546076.92946988, tolerance: 29878.114385653145
  model = cd_fast.enet_coordinate_descent(
/home/yangc1/nigo0024/anaconda3/envs/sip_run_2/lib/python3.8/site-packages/sklearn/linear_model/_coordinate_descent.py:529: ConvergenceWarning: Objective did not converge. You might want to increase the number of iterations. Duality gap: 16034190.00399896, tolerance: 29878.114385653145
  model = cd_fast.enet_coordinate_descent(
/home/yangc1/nigo0024/anaconda3/envs/sip_run_2/lib/python3.8/site-packages/sklearn/linear_model/_coordinate_descent.py:529: ConvergenceWarning: Objective did not converge. You might want to increase the number of iterations. Duality gap: 14072164.773266923, tolerance: 29878.114385653145
  model = cd_fast.enet_coordinate_descent(
/home/yangc1/nigo0024/anaconda3/envs/sip_run_2/lib/python3.8/site-packages/sklearn/linear_model/_coordinate_descent.py:529: ConvergenceWarning: Objective did not converge. You might want to increase the number of iterations. Duality gap: 18842411.124760758, tolerance: 29878.114385653145
  model = cd_fast.enet_coordinate_descent(
/home/yangc1/nigo0024/anaconda3/envs/sip_run_2/lib/python3.8/site-packages/sklearn/linear_model/_coordinate_descent.py:529: ConvergenceWarning: Objective did not converge. You might want to increase the number of iterations. Duality gap: 14351307.04735133, tolerance: 29878.114385653145
  model = cd_fast.enet_coordinate_descent(
/home/yangc1/nigo0024/anaconda3/envs/sip_run_2/lib/python3.8/site-packages/sklearn/linear_model/_coordinate_descent.py:529: ConvergenceWarning: Objective did not converge. You might want to increase the number of iterations. Duality gap: 5266171.100226156, tolerance: 29878.114385653145
  model = cd_fast.enet_coordinate_descent(
/home/yangc1/nigo0024/anaconda3/envs/sip_run_2/lib/python3.8/site-packages/sklearn/linear_model/_coordinate_descent.py:529: ConvergenceWarning: Objective did not converge. You might want to increase the number of iterations. Duality gap: 1356989.788081631, tolerance: 29878.114385653145
  model = cd_fast.enet_coordinate_descent(
/home/yangc1/nigo0024/anaconda3/envs/sip_run_2/lib/python3.8/site-packages/sklearn/linear_model/_coordinate_descent.py:529: ConvergenceWarning: Objective did not converge. You might want to increase the number of iterations. Duality gap: 1000219.4986465648, tolerance: 29878.114385653145
  model = cd_fast.enet_coordinate_descent(
/home/yangc1/nigo0024/anaconda3/envs/sip_run_2/lib/python3.8/site-packages/sklearn/linear_model/_coordinate_descent.py:529: ConvergenceWarning: Objective did not converge. You might want to increase the number of iterations. Duality gap: 606444.3712205514, tolerance: 29878.114385653145
  model = cd_fast.enet_coordinate_descent(
/home/yangc1/nigo0024/anaconda3/envs/sip_run_2/lib/python3.8/site-packages/sklearn/linear_model/_coordinate_descent.py:529: ConvergenceWarning: Objective did not converge. You might want to increase the number of iterations. Duality gap: 216739.5147146806, tolerance: 29878.114385653145
  model = cd_fast.enet_coordinate_descent(
/home/yangc1/nigo0024/anaconda3/envs/sip_run_2/lib/python3.8/site-packages/sklearn/linear_model/_coordinate_descent.py:529: ConvergenceWarning: Objective did not converge. You might want to increase the number of iterations. Duality gap: 4325027.460648045, tolerance: 29878.114385653145
  model = cd_fast.enet_coordinate_descent(
/home/yangc1/nigo0024/anaconda3/envs/sip_run_2/lib/python3.8/site-packages/sklearn/linear_model/_coordinate_descent.py:529: ConvergenceWarning: Objective did not converge. You might want to increase the number of iterations. Duality gap: 8236529.571450155, tolerance: 29878.114385653145
  model = cd_fast.enet_coordinate_descent(
/home/yangc1/nigo0024/anaconda3/envs/sip_run_2/lib/python3.8/site-packages/sklearn/linear_model/_coordinate_descent.py:529: ConvergenceWarning: Objective did not converge. You might want to increase the number of iterations. Duality gap: 8226355.94497139, tolerance: 29878.114385653145
  model = cd_fast.enet_coordinate_descent(
/home/yangc1/nigo0024/anaconda3/envs/sip_run_2/lib/python3.8/site-packages/sklearn/linear_model/_coordinate_descent.py:529: ConvergenceWarning: Objective did not converge. You might want to increase the number of iterations. Duality gap: 8166722.673516002, tolerance: 29878.114385653145
  model = cd_fast.enet_coordinate_descent(
/home/yangc1/nigo0024/anaconda3/envs/sip_run_2/lib/python3.8/site-packages/sklearn/linear_model/_coordinate_descent.py:529: ConvergenceWarning: Objective did not converge. You might want to increase the number of iterations. Duality gap: 7558795.727316637, tolerance: 29878.114385653145
  model = cd_fast.enet_coordinate_descent(
/home/yangc1/nigo0024/anaconda3/envs/sip_run_2/lib/python3.8/site-packages/sklearn/linear_model/_coordinate_descent.py:529: ConvergenceWarning: Objective did not converge. You might want to increase the number of iterations. Duality gap: 1786991.8448351733, tolerance: 29878.114385653145
  model = cd_fast.enet_coordinate_descent(
/home/yangc1/nigo0024/anaconda3/envs/sip_run_2/lib/python3.8/site-packages/sklearn/linear_model/_coordinate_descent.py:529: ConvergenceWarning: Objective did not converge. You might want to increase the number of iterations. Duality gap: 210435.010340482, tolerance: 29878.114385653145
  model = cd_fast.enet_coordinate_descent(
/home/yangc1/nigo0024/anaconda3/envs/sip_run_2/lib/python3.8/site-packages/sklearn/linear_model/_coordinate_descent.py:529: ConvergenceWarning: Objective did not converge. You might want to increase the number of iterations. Duality gap: 9576333.400847899, tolerance: 29878.114385653145
  model = cd_fast.enet_coordinate_descent(
All processing scenarios are finished. Exiting program.
/home/yangc1/nigo0024/anaconda3/envs/sip_run_2/lib/python3.8/site-packages/sklearn/linear_model/_coordinate_descent.py:529: ConvergenceWarning: Objective did not converge. You might want to increase the number of iterations. Duality gap: 112.1833025367414, tolerance: 17.538496504468622
  model = cd_fast.enet_coordinate_descent(
/home/yangc1/nigo0024/anaconda3/envs/sip_run_2/lib/python3.8/site-packages/sklearn/linear_model/_coordinate_descent.py:529: ConvergenceWarning: Objective did not converge. You might want to increase the number of iterations. Duality gap: 2092.556999421111, tolerance: 17.538496504468622
  model = cd_fast.enet_coordinate_descent(
/home/yangc1/nigo0024/anaconda3/envs/sip_run_2/lib/python3.8/site-packages/sklearn/linear_model/_coordinate_descent.py:529: ConvergenceWarning: Objective did not converge. You might want to increase the number of iterations. Duality gap: 5789.1542677529815, tolerance: 17.538496504468622
  model = cd_fast.enet_coordinate_descent(
/home/yangc1/nigo0024/anaconda3/envs/sip_run_2/lib/python3.8/site-packages/sklearn/linear_model/_coordinate_descent.py:529: ConvergenceWarning: Objective did not converge. You might want to increase the number of iterations. Duality gap: 6676.476109454514, tolerance: 17.538496504468622
  model = cd_fast.enet_coordinate_descent(
/home/yangc1/nigo0024/anaconda3/envs/sip_run_2/lib/python3.8/site-packages/sklearn/linear_model/_coordinate_descent.py:529: ConvergenceWarning: Objective did not converge. You might want to increase the number of iterations. Duality gap: 10297.02586153855, tolerance: 17.538496504468622
  model = cd_fast.enet_coordinate_descent(
/home/yangc1/nigo0024/anaconda3/envs/sip_run_2/lib/python3.8/site-packages/sklearn/linear_model/_coordinate_descent.py:529: ConvergenceWarning: Objective did not converge. You might want to increase the number of iterations. Duality gap: 10602.18360256419, tolerance: 17.538496504468622
  model = cd_fast.enet_coordinate_descent(
/home/yangc1/nigo0024/anaconda3/envs/sip_run_2/lib/python3.8/site-packages/sklearn/linear_model/_coordinate_descent.py:529: ConvergenceWarning: Objective did not converge. You might want to increase the number of iterations. Duality gap: 10875.425042527602, tolerance: 17.538496504468622
  model = cd_fast.enet_coordinate_descent(
/home/yangc1/nigo0024/anaconda3/envs/sip_run_2/lib/python3.8/site-packages/sklearn/linear_model/_coordinate_descent.py:529: ConvergenceWarning: Objective did not converge. You might want to increase the number of iterations. Duality gap: 132.17367308511893, tolerance: 17.538496504468622
  model = cd_fast.enet_coordinate_descent(
/home/yangc1/nigo0024/anaconda3/envs/sip_run_2/lib/python3.8/site-packages/sklearn/linear_model/_coordinate_descent.py:529: ConvergenceWarning: Objective did not converge. You might want to increase the number of iterations. Duality gap: 51.507525375141995, tolerance: 17.538496504468622
  model = cd_fast.enet_coordinate_descent(
/home/yangc1/nigo0024/anaconda3/envs/sip_run_2/lib/python3.8/site-packages/sklearn/linear_model/_coordinate_descent.py:529: ConvergenceWarning: Objective did not converge. You might want to increase the number of iterations. Duality gap: 112.18587988851868, tolerance: 17.538496504468622
  model = cd_fast.enet_coordinate_descent(
/home/yangc1/nigo0024/anaconda3/envs/sip_run_2/lib/python3.8/site-packages/sklearn/linear_model/_coordinate_descent.py:529: ConvergenceWarning: Objective did not converge. You might want to increase the number of iterations. Duality gap: 112.1833025367414, tolerance: 17.538496504468622
  model = cd_fast.enet_coordinate_descent(
/home/yangc1/nigo0024/anaconda3/envs/sip_run_2/lib/python3.8/site-packages/sklearn/linear_model/_coordinate_descent.py:529: ConvergenceWarning: Objective did not converge. You might want to increase the number of iterations. Duality gap: 169.0049875820223, tolerance: 17.538496504468622
  model = cd_fast.enet_coordinate_descent(
/home/yangc1/nigo0024/anaconda3/envs/sip_run_2/lib/python3.8/site-packages/sklearn/linear_model/_coordinate_descent.py:529: ConvergenceWarning: Objective did not converge. You might want to increase the number of iterations. Duality gap: 8134.019569825616, tolerance: 17.538496504468622
  model = cd_fast.enet_coordinate_descent(
/home/yangc1/nigo0024/anaconda3/envs/sip_run_2/lib/python3.8/site-packages/sklearn/linear_model/_coordinate_descent.py:529: ConvergenceWarning: Objective did not converge. You might want to increase the number of iterations. Duality gap: 9619.949466796861, tolerance: 17.538496504468622
  model = cd_fast.enet_coordinate_descent(
/home/yangc1/nigo0024/anaconda3/envs/sip_run_2/lib/python3.8/site-packages/sklearn/linear_model/_coordinate_descent.py:529: ConvergenceWarning: Objective did not converge. You might want to increase the number of iterations. Duality gap: 10010.907388317879, tolerance: 17.538496504468622
  model = cd_fast.enet_coordinate_descent(
/home/yangc1/nigo0024/anaconda3/envs/sip_run_2/lib/python3.8/site-packages/sklearn/linear_model/_coordinate_descent.py:529: ConvergenceWarning: Objective did not converge. You might want to increase the number of iterations. Duality gap: 11669.146580481367, tolerance: 17.538496504468622
  model = cd_fast.enet_coordinate_descent(
/home/yangc1/nigo0024/anaconda3/envs/sip_run_2/lib/python3.8/site-packages/sklearn/linear_model/_coordinate_descent.py:529: ConvergenceWarning: Objective did not converge. You might want to increase the number of iterations. Duality gap: 12206.21357575818, tolerance: 17.538496504468622
  model = cd_fast.enet_coordinate_descent(
/home/yangc1/nigo0024/anaconda3/envs/sip_run_2/lib/python3.8/site-packages/sklearn/linear_model/_coordinate_descent.py:529: ConvergenceWarning: Objective did not converge. You might want to increase the number of iterations. Duality gap: 3026.363739557324, tolerance: 17.538496504468622
  model = cd_fast.enet_coordinate_descent(
All processing scenarios are finished. Exiting program.
/home/yangc1/nigo0024/anaconda3/envs/sip_run_2/lib/python3.8/site-packages/sklearn/linear_model/_coordinate_descent.py:529: ConvergenceWarning: Objective did not converge. You might want to increase the number of iterations. Duality gap: 1.5790617805331593, tolerance: 0.011853163025327513
  model = cd_fast.enet_coordinate_descent(
/home/yangc1/nigo0024/anaconda3/envs/sip_run_2/lib/python3.8/site-packages/sklearn/linear_model/_coordinate_descent.py:529: ConvergenceWarning: Objective did not converge. You might want to increase the number of iterations. Duality gap: 2.591298283968662, tolerance: 0.011853163025327513
  model = cd_fast.enet_coordinate_descent(
/home/yangc1/nigo0024/anaconda3/envs/sip_run_2/lib/python3.8/site-packages/sklearn/linear_model/_coordinate_descent.py:529: ConvergenceWarning: Objective did not converge. You might want to increase the number of iterations. Duality gap: 3.6568815948696667, tolerance: 0.011853163025327513
  model = cd_fast.enet_coordinate_descent(
/home/yangc1/nigo0024/anaconda3/envs/sip_run_2/lib/python3.8/site-packages/sklearn/linear_model/_coordinate_descent.py:529: ConvergenceWarning: Objective did not converge. You might want to increase the number of iterations. Duality gap: 4.798228463636306, tolerance: 0.011853163025327513
  model = cd_fast.enet_coordinate_descent(
/home/yangc1/nigo0024/anaconda3/envs/sip_run_2/lib/python3.8/site-packages/sklearn/linear_model/_coordinate_descent.py:529: ConvergenceWarning: Objective did not converge. You might want to increase the number of iterations. Duality gap: 5.982204627976227, tolerance: 0.011853163025327513
  model = cd_fast.enet_coordinate_descent(
/home/yangc1/nigo0024/anaconda3/envs/sip_run_2/lib/python3.8/site-packages/sklearn/linear_model/_coordinate_descent.py:529: ConvergenceWarning: Objective did not converge. You might want to increase the number of iterations. Duality gap: 7.181853616206251, tolerance: 0.011853163025327513
  model = cd_fast.enet_coordinate_descent(
/home/yangc1/nigo0024/anaconda3/envs/sip_run_2/lib/python3.8/site-packages/sklearn/linear_model/_coordinate_descent.py:529: ConvergenceWarning: Objective did not converge. You might want to increase the number of iterations. Duality gap: 8.375654876976458, tolerance: 0.011853163025327513
  model = cd_fast.enet_coordinate_descent(
/home/yangc1/nigo0024/anaconda3/envs/sip_run_2/lib/python3.8/site-packages/sklearn/linear_model/_coordinate_descent.py:529: ConvergenceWarning: Objective did not converge. You might want to increase the number of iterations. Duality gap: 2.694603283272592, tolerance: 0.011853163025327513
  model = cd_fast.enet_coordinate_descent(
/home/yangc1/nigo0024/anaconda3/envs/sip_run_2/lib/python3.8/site-packages/sklearn/linear_model/_coordinate_descent.py:529: ConvergenceWarning: Objective did not converge. You might want to increase the number of iterations. Duality gap: 0.49069703122040664, tolerance: 0.011853163025327513
  model = cd_fast.enet_coordinate_descent(
/home/yangc1/nigo0024/anaconda3/envs/sip_run_2/lib/python3.8/site-packages/sklearn/linear_model/_coordinate_descent.py:529: ConvergenceWarning: Objective did not converge. You might want to increase the number of iterations. Duality gap: 3.9307814440831415, tolerance: 0.011853163025327513
  model = cd_fast.enet_coordinate_descent(
/home/yangc1/nigo0024/anaconda3/envs/sip_run_2/lib/python3.8/site-packages/sklearn/linear_model/_coordinate_descent.py:529: ConvergenceWarning: Objective did not converge. You might want to increase the number of iterations. Duality gap: 8.13810548941554, tolerance: 0.011853163025327513
  model = cd_fast.enet_coordinate_descent(
All processing scenarios are finished. Exiting program.
/home/yangc1/nigo0024/anaconda3/envs/sip_run_2/lib/python3.8/site-packages/sklearn/feature_selection/_base.py:79: UserWarning: No features were selected: either the data is too noisy or the selection test too strict.
  warn("No features were selected: either the data is"
/home/yangc1/nigo0024/anaconda3/envs/sip_run_2/lib/python3.8/site-packages/sklearn/feature_selection/_base.py:79: UserWarning: No features were selected: either the data is too noisy or the selection test too strict.
  warn("No features were selected: either the data is"
All processing scenarios are finished. Exiting program.
All processing scenarios are finished. Exiting program.
/home/yangc1/nigo0024/anaconda3/envs/sip_run_2/lib/python3.8/site-packages/sklearn/feature_selection/_base.py:79: UserWarning: No features were selected: either the data is too noisy or the selection test too strict.
  warn("No features were selected: either the data is"
/home/yangc1/nigo0024/anaconda3/envs/sip_run_2/lib/python3.8/site-packages/sklearn/feature_selection/_base.py:79: UserWarning: No features were selected: either the data is too noisy or the selection test too strict.
  warn("No features were selected: either the data is"
/home/yangc1/nigo0024/anaconda3/envs/sip_run_2/lib/python3.8/site-packages/sklearn/feature_selection/_base.py:79: UserWarning: No features were selected: either the data is too noisy or the selection test too strict.
  warn("No features were selected: either the data is"
/home/yangc1/nigo0024/anaconda3/envs/sip_run_2/lib/python3.8/site-packages/sklearn/feature_selection/_base.py:79: UserWarning: No features were selected: either the data is too noisy or the selection test too strict.
  warn("No features were selected: either the data is"
/home/yangc1/nigo0024/anaconda3/envs/sip_run_2/lib/python3.8/site-packages/sklearn/feature_selection/_base.py:79: UserWarning: No features were selected: either the data is too noisy or the selection test too strict.
  warn("No features were selected: either the data is"
/home/yangc1/nigo0024/anaconda3/envs/sip_run_2/lib/python3.8/site-packages/sklearn/feature_selection/_base.py:79: UserWarning: No features were selected: either the data is too noisy or the selection test too strict.
  warn("No features were selected: either the data is"
/home/yangc1/nigo0024/anaconda3/envs/sip_run_2/lib/python3.8/site-packages/sklearn/feature_selection/_base.py:79: UserWarning: No features were selected: either the data is too noisy or the selection test too strict.
  warn("No features were selected: either the data is"
/home/yangc1/nigo0024/anaconda3/envs/sip_run_2/lib/python3.8/site-packages/sklearn/feature_selection/_base.py:79: UserWarning: No features were selected: either the data is too noisy or the selection test too strict.
  warn("No features were selected: either the data is"
/home/yangc1/nigo0024/anaconda3/envs/sip_run_2/lib/python3.8/site-packages/sklearn/feature_selection/_base.py:79: UserWarning: No features were selected: either the data is too noisy or the selection test too strict.
  warn("No features were selected: either the data is"
/home/yangc1/nigo0024/anaconda3/envs/sip_run_2/lib/python3.8/site-packages/sklearn/feature_selection/_base.py:79: UserWarning: No features were selected: either the data is too noisy or the selection test too strict.
  warn("No features were selected: either the data is"
/home/yangc1/nigo0024/anaconda3/envs/sip_run_2/lib/python3.8/site-packages/sklearn/feature_selection/_base.py:79: UserWarning: No features were selected: either the data is too noisy or the selection test too strict.
  warn("No features were selected: either the data is"
/home/yangc1/nigo0024/anaconda3/envs/sip_run_2/lib/python3.8/site-packages/sklearn/feature_selection/_base.py:79: UserWarning: No features were selected: either the data is too noisy or the selection test too strict.
  warn("No features were selected: either the data is"
/home/yangc1/nigo0024/anaconda3/envs/sip_run_2/lib/python3.8/site-packages/sklearn/feature_selection/_base.py:79: UserWarning: No features were selected: either the data is too noisy or the selection test too strict.
  warn("No features were selected: either the data is"
/home/yangc1/nigo0024/anaconda3/envs/sip_run_2/lib/python3.8/site-packages/sklearn/feature_selection/_base.py:79: UserWarning: No features were selected: either the data is too noisy or the selection test too strict.
  warn("No features were selected: either the data is"
/home/yangc1/nigo0024/anaconda3/envs/sip_run_2/lib/python3.8/site-packages/sklearn/feature_selection/_base.py:79: UserWarning: No features were selected: either the data is too noisy or the selection test too strict.
  warn("No features were selected: either the data is"
/home/yangc1/nigo0024/anaconda3/envs/sip_run_2/lib/python3.8/site-packages/sklearn/feature_selection/_base.py:79: UserWarning: No features were selected: either the data is too noisy or the selection test too strict.
  warn("No features were selected: either the data is"
/home/yangc1/nigo0024/anaconda3/envs/sip_run_2/lib/python3.8/site-packages/sklearn/feature_selection/_base.py:79: UserWarning: No features were selected: either the data is too noisy or the selection test too strict.
  warn("No features were selected: either the data is"
/home/yangc1/nigo0024/anaconda3/envs/sip_run_2/lib/python3.8/site-packages/sklearn/feature_selection/_base.py:79: UserWarning: No features were selected: either the data is too noisy or the selection test too strict.
  warn("No features were selected: either the data is"
/home/yangc1/nigo0024/anaconda3/envs/sip_run_2/lib/python3.8/site-packages/sklearn/feature_selection/_base.py:79: UserWarning: No features were selected: either the data is too noisy or the selection test too strict.
  warn("No features were selected: either the data is"
/home/yangc1/nigo0024/anaconda3/envs/sip_run_2/lib/python3.8/site-packages/sklearn/feature_selection/_base.py:79: UserWarning: No features were selected: either the data is too noisy or the selection test too strict.
  warn("No features were selected: either the data is"
/home/yangc1/nigo0024/anaconda3/envs/sip_run_2/lib/python3.8/site-packages/sklearn/feature_selection/_base.py:79: UserWarning: No features were selected: either the data is too noisy or the selection test too strict.
  warn("No features were selected: either the data is"
/home/yangc1/nigo0024/anaconda3/envs/sip_run_2/lib/python3.8/site-packages/sklearn/feature_selection/_base.py:79: UserWarning: No features were selected: either the data is too noisy or the selection test too strict.
  warn("No features were selected: either the data is"
/home/yangc1/nigo0024/anaconda3/envs/sip_run_2/lib/python3.8/site-packages/sklearn/feature_selection/_base.py:79: UserWarning: No features were selected: either the data is too noisy or the selection test too strict.
  warn("No features were selected: either the data is"
/home/yangc1/nigo0024/anaconda3/envs/sip_run_2/lib/python3.8/site-packages/sklearn/feature_selection/_base.py:79: UserWarning: No features were selected: either the data is too noisy or the selection test too strict.
  warn("No features were selected: either the data is"
/home/yangc1/nigo0024/anaconda3/envs/sip_run_2/lib/python3.8/site-packages/sklearn/feature_selection/_base.py:79: UserWarning: No features were selected: either the data is too noisy or the selection test too strict.
  warn("No features were selected: either the data is"
/home/yangc1/nigo0024/anaconda3/envs/sip_run_2/lib/python3.8/site-packages/sklearn/feature_selection/_base.py:79: UserWarning: No features were selected: either the data is too noisy or the selection test too strict.
  warn("No features were selected: either the data is"
/home/yangc1/nigo0024/anaconda3/envs/sip_run_2/lib/python3.8/site-packages/sklearn/feature_selection/_base.py:79: UserWarning: No features were selected: either the data is too noisy or the selection test too strict.
  warn("No features were selected: either the data is"
/home/yangc1/nigo0024/anaconda3/envs/sip_run_2/lib/python3.8/site-packages/sklearn/feature_selection/_base.py:79: UserWarning: No features were selected: either the data is too noisy or the selection test too strict.
  warn("No features were selected: either the data is"
/home/yangc1/nigo0024/anaconda3/envs/sip_run_2/lib/python3.8/site-packages/sklearn/feature_selection/_base.py:79: UserWarning: No features were selected: either the data is too noisy or the selection test too strict.
  warn("No features were selected: either the data is"
/home/yangc1/nigo0024/anaconda3/envs/sip_run_2/lib/python3.8/site-packages/sklearn/feature_selection/_base.py:79: UserWarning: No features were selected: either the data is too noisy or the selection test too strict.
  warn("No features were selected: either the data is"
/home/yangc1/nigo0024/anaconda3/envs/sip_run_2/lib/python3.8/site-packages/sklearn/feature_selection/_base.py:79: UserWarning: No features were selected: either the data is too noisy or the selection test too strict.
  warn("No features were selected: either the data is"
/home/yangc1/nigo0024/anaconda3/envs/sip_run_2/lib/python3.8/site-packages/sklearn/feature_selection/_base.py:79: UserWarning: No features were selected: either the data is too noisy or the selection test too strict.
  warn("No features were selected: either the data is"
/home/yangc1/nigo0024/anaconda3/envs/sip_run_2/lib/python3.8/site-packages/sklearn/feature_selection/_base.py:79: UserWarning: No features were selected: either the data is too noisy or the selection test too strict.
  warn("No features were selected: either the data is"
/home/yangc1/nigo0024/anaconda3/envs/sip_run_2/lib/python3.8/site-packages/sklearn/feature_selection/_base.py:79: UserWarning: No features were selected: either the data is too noisy or the selection test too strict.
  warn("No features were selected: either the data is"
/home/yangc1/nigo0024/anaconda3/envs/sip_run_2/lib/python3.8/site-packages/sklearn/feature_selection/_base.py:79: UserWarning: No features were selected: either the data is too noisy or the selection test too strict.
  warn("No features were selected: either the data is"
/home/yangc1/nigo0024/anaconda3/envs/sip_run_2/lib/python3.8/site-packages/sklearn/feature_selection/_base.py:79: UserWarning: No features were selected: either the data is too noisy or the selection test too strict.
  warn("No features were selected: either the data is"
/home/yangc1/nigo0024/anaconda3/envs/sip_run_2/lib/python3.8/site-packages/sklearn/feature_selection/_base.py:79: UserWarning: No features were selected: either the data is too noisy or the selection test too strict.
  warn("No features were selected: either the data is"
/home/yangc1/nigo0024/anaconda3/envs/sip_run_2/lib/python3.8/site-packages/sklearn/feature_selection/_base.py:79: UserWarning: No features were selected: either the data is too noisy or the selection test too strict.
  warn("No features were selected: either the data is"
/home/yangc1/nigo0024/anaconda3/envs/sip_run_2/lib/python3.8/site-packages/sklearn/feature_selection/_base.py:79: UserWarning: No features were selected: either the data is too noisy or the selection test too strict.
  warn("No features were selected: either the data is"
/home/yangc1/nigo0024/anaconda3/envs/sip_run_2/lib/python3.8/site-packages/sklearn/feature_selection/_base.py:79: UserWarning: No features were selected: either the data is too noisy or the selection test too strict.
  warn("No features were selected: either the data is"
/home/yangc1/nigo0024/anaconda3/envs/sip_run_2/lib/python3.8/site-packages/sklearn/feature_selection/_base.py:79: UserWarning: No features were selected: either the data is too noisy or the selection test too strict.
  warn("No features were selected: either the data is"
/home/yangc1/nigo0024/anaconda3/envs/sip_run_2/lib/python3.8/site-packages/sklearn/feature_selection/_base.py:79: UserWarning: No features were selected: either the data is too noisy or the selection test too strict.
  warn("No features were selected: either the data is"
/home/yangc1/nigo0024/anaconda3/envs/sip_run_2/lib/python3.8/site-packages/sklearn/feature_selection/_base.py:79: UserWarning: No features were selected: either the data is too noisy or the selection test too strict.
  warn("No features were selected: either the data is"
/home/yangc1/nigo0024/anaconda3/envs/sip_run_2/lib/python3.8/site-packages/sklearn/feature_selection/_base.py:79: UserWarning: No features were selected: either the data is too noisy or the selection test too strict.
  warn("No features were selected: either the data is"
/home/yangc1/nigo0024/anaconda3/envs/sip_run_2/lib/python3.8/site-packages/sklearn/feature_selection/_base.py:79: UserWarning: No features were selected: either the data is too noisy or the selection test too strict.
  warn("No features were selected: either the data is"
/home/yangc1/nigo0024/anaconda3/envs/sip_run_2/lib/python3.8/site-packages/sklearn/feature_selection/_base.py:79: UserWarning: No features were selected: either the data is too noisy or the selection test too strict.
  warn("No features were selected: either the data is"
/home/yangc1/nigo0024/anaconda3/envs/sip_run_2/lib/python3.8/site-packages/sklearn/feature_selection/_base.py:79: UserWarning: No features were selected: either the data is too noisy or the selection test too strict.
  warn("No features were selected: either the data is"
/home/yangc1/nigo0024/anaconda3/envs/sip_run_2/lib/python3.8/site-packages/sklearn/feature_selection/_base.py:79: UserWarning: No features were selected: either the data is too noisy or the selection test too strict.
  warn("No features were selected: either the data is"
/home/yangc1/nigo0024/anaconda3/envs/sip_run_2/lib/python3.8/site-packages/sklearn/feature_selection/_base.py:79: UserWarning: No features were selected: either the data is too noisy or the selection test too strict.
  warn("No features were selected: either the data is"
/home/yangc1/nigo0024/anaconda3/envs/sip_run_2/lib/python3.8/site-packages/sklearn/feature_selection/_base.py:79: UserWarning: No features were selected: either the data is too noisy or the selection test too strict.
  warn("No features were selected: either the data is"
/home/yangc1/nigo0024/anaconda3/envs/sip_run_2/lib/python3.8/site-packages/sklearn/feature_selection/_base.py:79: UserWarning: No features were selected: either the data is too noisy or the selection test too strict.
  warn("No features were selected: either the data is"
/home/yangc1/nigo0024/anaconda3/envs/sip_run_2/lib/python3.8/site-packages/sklearn/feature_selection/_base.py:79: UserWarning: No features were selected: either the data is too noisy or the selection test too strict.
  warn("No features were selected: either the data is"
/home/yangc1/nigo0024/anaconda3/envs/sip_run_2/lib/python3.8/site-packages/sklearn/feature_selection/_base.py:79: UserWarning: No features were selected: either the data is too noisy or the selection test too strict.
  warn("No features were selected: either the data is"
/home/yangc1/nigo0024/anaconda3/envs/sip_run_2/lib/python3.8/site-packages/sklearn/feature_selection/_base.py:79: UserWarning: No features were selected: either the data is too noisy or the selection test too strict.
  warn("No features were selected: either the data is"
/home/yangc1/nigo0024/anaconda3/envs/sip_run_2/lib/python3.8/site-packages/sklearn/feature_selection/_base.py:79: UserWarning: No features were selected: either the data is too noisy or the selection test too strict.
  warn("No features were selected: either the data is"
/home/yangc1/nigo0024/anaconda3/envs/sip_run_2/lib/python3.8/site-packages/sklearn/feature_selection/_base.py:79: UserWarning: No features were selected: either the data is too noisy or the selection test too strict.
  warn("No features were selected: either the data is"
/home/yangc1/nigo0024/anaconda3/envs/sip_run_2/lib/python3.8/site-packages/sklearn/feature_selection/_base.py:79: UserWarning: No features were selected: either the data is too noisy or the selection test too strict.
  warn("No features were selected: either the data is"
/home/yangc1/nigo0024/anaconda3/envs/sip_run_2/lib/python3.8/site-packages/sklearn/feature_selection/_base.py:79: UserWarning: No features were selected: either the data is too noisy or the selection test too strict.
  warn("No features were selected: either the data is"
/home/yangc1/nigo0024/anaconda3/envs/sip_run_2/lib/python3.8/site-packages/sklearn/feature_selection/_base.py:79: UserWarning: No features were selected: either the data is too noisy or the selection test too strict.
  warn("No features were selected: either the data is"
/home/yangc1/nigo0024/anaconda3/envs/sip_run_2/lib/python3.8/site-packages/sklearn/feature_selection/_base.py:79: UserWarning: No features were selected: either the data is too noisy or the selection test too strict.
  warn("No features were selected: either the data is"
/home/yangc1/nigo0024/anaconda3/envs/sip_run_2/lib/python3.8/site-packages/sklearn/feature_selection/_base.py:79: UserWarning: No features were selected: either the data is too noisy or the selection test too strict.
  warn("No features were selected: either the data is"
/home/yangc1/nigo0024/anaconda3/envs/sip_run_2/lib/python3.8/site-packages/sklearn/feature_selection/_base.py:79: UserWarning: No features were selected: either the data is too noisy or the selection test too strict.
  warn("No features were selected: either the data is"
/home/yangc1/nigo0024/anaconda3/envs/sip_run_2/lib/python3.8/site-packages/sklearn/feature_selection/_base.py:79: UserWarning: No features were selected: either the data is too noisy or the selection test too strict.
  warn("No features were selected: either the data is"
/home/yangc1/nigo0024/anaconda3/envs/sip_run_2/lib/python3.8/site-packages/sklearn/feature_selection/_base.py:79: UserWarning: No features were selected: either the data is too noisy or the selection test too strict.
  warn("No features were selected: either the data is"
/home/yangc1/nigo0024/anaconda3/envs/sip_run_2/lib/python3.8/site-packages/sklearn/feature_selection/_base.py:79: UserWarning: No features were selected: either the data is too noisy or the selection test too strict.
  warn("No features were selected: either the data is"
/home/yangc1/nigo0024/anaconda3/envs/sip_run_2/lib/python3.8/site-packages/sklearn/feature_selection/_base.py:79: UserWarning: No features were selected: either the data is too noisy or the selection test too strict.
  warn("No features were selected: either the data is"
/home/yangc1/nigo0024/anaconda3/envs/sip_run_2/lib/python3.8/site-packages/sklearn/feature_selection/_base.py:79: UserWarning: No features were selected: either the data is too noisy or the selection test too strict.
  warn("No features were selected: either the data is"
/home/yangc1/nigo0024/anaconda3/envs/sip_run_2/lib/python3.8/site-packages/sklearn/feature_selection/_base.py:79: UserWarning: No features were selected: either the data is too noisy or the selection test too strict.
  warn("No features were selected: either the data is"
/home/yangc1/nigo0024/anaconda3/envs/sip_run_2/lib/python3.8/site-packages/sklearn/feature_selection/_base.py:79: UserWarning: No features were selected: either the data is too noisy or the selection test too strict.
  warn("No features were selected: either the data is"
/home/yangc1/nigo0024/anaconda3/envs/sip_run_2/lib/python3.8/site-packages/sklearn/feature_selection/_base.py:79: UserWarning: No features were selected: either the data is too noisy or the selection test too strict.
  warn("No features were selected: either the data is"
/home/yangc1/nigo0024/anaconda3/envs/sip_run_2/lib/python3.8/site-packages/sklearn/feature_selection/_base.py:79: UserWarning: No features were selected: either the data is too noisy or the selection test too strict.
  warn("No features were selected: either the data is"
/home/yangc1/nigo0024/anaconda3/envs/sip_run_2/lib/python3.8/site-packages/sklearn/feature_selection/_base.py:79: UserWarning: No features were selected: either the data is too noisy or the selection test too strict.
  warn("No features were selected: either the data is"
/home/yangc1/nigo0024/anaconda3/envs/sip_run_2/lib/python3.8/site-packages/sklearn/feature_selection/_base.py:79: UserWarning: No features were selected: either the data is too noisy or the selection test too strict.
  warn("No features were selected: either the data is"
/home/yangc1/nigo0024/anaconda3/envs/sip_run_2/lib/python3.8/site-packages/sklearn/feature_selection/_base.py:79: UserWarning: No features were selected: either the data is too noisy or the selection test too strict.
  warn("No features were selected: either the data is"
/home/yangc1/nigo0024/anaconda3/envs/sip_run_2/lib/python3.8/site-packages/sklearn/feature_selection/_base.py:79: UserWarning: No features were selected: either the data is too noisy or the selection test too strict.
  warn("No features were selected: either the data is"
/home/yangc1/nigo0024/anaconda3/envs/sip_run_2/lib/python3.8/site-packages/sklearn/feature_selection/_base.py:79: UserWarning: No features were selected: either the data is too noisy or the selection test too strict.
  warn("No features were selected: either the data is"
/home/yangc1/nigo0024/anaconda3/envs/sip_run_2/lib/python3.8/site-packages/sklearn/feature_selection/_base.py:79: UserWarning: No features were selected: either the data is too noisy or the selection test too strict.
  warn("No features were selected: either the data is"
/home/yangc1/nigo0024/anaconda3/envs/sip_run_2/lib/python3.8/site-packages/sklearn/feature_selection/_base.py:79: UserWarning: No features were selected: either the data is too noisy or the selection test too strict.
  warn("No features were selected: either the data is"
/home/yangc1/nigo0024/anaconda3/envs/sip_run_2/lib/python3.8/site-packages/sklearn/feature_selection/_base.py:79: UserWarning: No features were selected: either the data is too noisy or the selection test too strict.
  warn("No features were selected: either the data is"
/home/yangc1/nigo0024/anaconda3/envs/sip_run_2/lib/python3.8/site-packages/sklearn/feature_selection/_base.py:79: UserWarning: No features were selected: either the data is too noisy or the selection test too strict.
  warn("No features were selected: either the data is"
/home/yangc1/nigo0024/anaconda3/envs/sip_run_2/lib/python3.8/site-packages/sklearn/feature_selection/_base.py:79: UserWarning: No features were selected: either the data is too noisy or the selection test too strict.
  warn("No features were selected: either the data is"
/home/yangc1/nigo0024/anaconda3/envs/sip_run_2/lib/python3.8/site-packages/sklearn/feature_selection/_base.py:79: UserWarning: No features were selected: either the data is too noisy or the selection test too strict.
  warn("No features were selected: either the data is"
/home/yangc1/nigo0024/anaconda3/envs/sip_run_2/lib/python3.8/site-packages/sklearn/feature_selection/_base.py:79: UserWarning: No features were selected: either the data is too noisy or the selection test too strict.
  warn("No features were selected: either the data is"
/home/yangc1/nigo0024/anaconda3/envs/sip_run_2/lib/python3.8/site-packages/sklearn/feature_selection/_base.py:79: UserWarning: No features were selected: either the data is too noisy or the selection test too strict.
  warn("No features were selected: either the data is"
/home/yangc1/nigo0024/anaconda3/envs/sip_run_2/lib/python3.8/site-packages/sklearn/feature_selection/_base.py:79: UserWarning: No features were selected: either the data is too noisy or the selection test too strict.
  warn("No features were selected: either the data is"
/home/yangc1/nigo0024/anaconda3/envs/sip_run_2/lib/python3.8/site-packages/sklearn/feature_selection/_base.py:79: UserWarning: No features were selected: either the data is too noisy or the selection test too strict.
  warn("No features were selected: either the data is"
/home/yangc1/nigo0024/anaconda3/envs/sip_run_2/lib/python3.8/site-packages/sklearn/feature_selection/_base.py:79: UserWarning: No features were selected: either the data is too noisy or the selection test too strict.
  warn("No features were selected: either the data is"
/home/yangc1/nigo0024/anaconda3/envs/sip_run_2/lib/python3.8/site-packages/sklearn/feature_selection/_base.py:79: UserWarning: No features were selected: either the data is too noisy or the selection test too strict.
  warn("No features were selected: either the data is"
/home/yangc1/nigo0024/anaconda3/envs/sip_run_2/lib/python3.8/site-packages/sklearn/feature_selection/_base.py:79: UserWarning: No features were selected: either the data is too noisy or the selection test too strict.
  warn("No features were selected: either the data is"
/home/yangc1/nigo0024/anaconda3/envs/sip_run_2/lib/python3.8/site-packages/sklearn/feature_selection/_base.py:79: UserWarning: No features were selected: either the data is too noisy or the selection test too strict.
  warn("No features were selected: either the data is"
/home/yangc1/nigo0024/anaconda3/envs/sip_run_2/lib/python3.8/site-packages/sklearn/feature_selection/_base.py:79: UserWarning: No features were selected: either the data is too noisy or the selection test too strict.
  warn("No features were selected: either the data is"
/home/yangc1/nigo0024/anaconda3/envs/sip_run_2/lib/python3.8/site-packages/sklearn/feature_selection/_base.py:79: UserWarning: No features were selected: either the data is too noisy or the selection test too strict.
  warn("No features were selected: either the data is"
/home/yangc1/nigo0024/anaconda3/envs/sip_run_2/lib/python3.8/site-packages/sklearn/feature_selection/_base.py:79: UserWarning: No features were selected: either the data is too noisy or the selection test too strict.
  warn("No features were selected: either the data is"
/home/yangc1/nigo0024/anaconda3/envs/sip_run_2/lib/python3.8/site-packages/sklearn/feature_selection/_base.py:79: UserWarning: No features were selected: either the data is too noisy or the selection test too strict.
  warn("No features were selected: either the data is"
/home/yangc1/nigo0024/anaconda3/envs/sip_run_2/lib/python3.8/site-packages/sklearn/feature_selection/_base.py:79: UserWarning: No features were selected: either the data is too noisy or the selection test too strict.
  warn("No features were selected: either the data is"
/home/yangc1/nigo0024/anaconda3/envs/sip_run_2/lib/python3.8/site-packages/sklearn/feature_selection/_base.py:79: UserWarning: No features were selected: either the data is too noisy or the selection test too strict.
  warn("No features were selected: either the data is"
/home/yangc1/nigo0024/anaconda3/envs/sip_run_2/lib/python3.8/site-packages/sklearn/feature_selection/_base.py:79: UserWarning: No features were selected: either the data is too noisy or the selection test too strict.
  warn("No features were selected: either the data is"
/home/yangc1/nigo0024/anaconda3/envs/sip_run_2/lib/python3.8/site-packages/sklearn/feature_selection/_base.py:79: UserWarning: No features were selected: either the data is too noisy or the selection test too strict.
  warn("No features were selected: either the data is"
/home/yangc1/nigo0024/anaconda3/envs/sip_run_2/lib/python3.8/site-packages/sklearn/feature_selection/_base.py:79: UserWarning: No features were selected: either the data is too noisy or the selection test too strict.
  warn("No features were selected: either the data is"
/home/yangc1/nigo0024/anaconda3/envs/sip_run_2/lib/python3.8/site-packages/sklearn/feature_selection/_base.py:79: UserWarning: No features were selected: either the data is too noisy or the selection test too strict.
  warn("No features were selected: either the data is"
/home/yangc1/nigo0024/anaconda3/envs/sip_run_2/lib/python3.8/site-packages/sklearn/feature_selection/_base.py:79: UserWarning: No features were selected: either the data is too noisy or the selection test too strict.
  warn("No features were selected: either the data is"
/home/yangc1/nigo0024/anaconda3/envs/sip_run_2/lib/python3.8/site-packages/sklearn/feature_selection/_base.py:79: UserWarning: No features were selected: either the data is too noisy or the selection test too strict.
  warn("No features were selected: either the data is"
/home/yangc1/nigo0024/anaconda3/envs/sip_run_2/lib/python3.8/site-packages/sklearn/feature_selection/_base.py:79: UserWarning: No features were selected: either the data is too noisy or the selection test too strict.
  warn("No features were selected: either the data is"
/home/yangc1/nigo0024/anaconda3/envs/sip_run_2/lib/python3.8/site-packages/sklearn/feature_selection/_base.py:79: UserWarning: No features were selected: either the data is too noisy or the selection test too strict.
  warn("No features were selected: either the data is"
/home/yangc1/nigo0024/anaconda3/envs/sip_run_2/lib/python3.8/site-packages/sklearn/feature_selection/_base.py:79: UserWarning: No features were selected: either the data is too noisy or the selection test too strict.
  warn("No features were selected: either the data is"
/home/yangc1/nigo0024/anaconda3/envs/sip_run_2/lib/python3.8/site-packages/sklearn/feature_selection/_base.py:79: UserWarning: No features were selected: either the data is too noisy or the selection test too strict.
  warn("No features were selected: either the data is"
/home/yangc1/nigo0024/anaconda3/envs/sip_run_2/lib/python3.8/site-packages/sklearn/feature_selection/_base.py:79: UserWarning: No features were selected: either the data is too noisy or the selection test too strict.
  warn("No features were selected: either the data is"
/home/yangc1/nigo0024/anaconda3/envs/sip_run_2/lib/python3.8/site-packages/sklearn/feature_selection/_base.py:79: UserWarning: No features were selected: either the data is too noisy or the selection test too strict.
  warn("No features were selected: either the data is"
/home/yangc1/nigo0024/anaconda3/envs/sip_run_2/lib/python3.8/site-packages/sklearn/feature_selection/_base.py:79: UserWarning: No features were selected: either the data is too noisy or the selection test too strict.
  warn("No features were selected: either the data is"
/home/yangc1/nigo0024/anaconda3/envs/sip_run_2/lib/python3.8/site-packages/sklearn/feature_selection/_base.py:79: UserWarning: No features were selected: either the data is too noisy or the selection test too strict.
  warn("No features were selected: either the data is"
/home/yangc1/nigo0024/anaconda3/envs/sip_run_2/lib/python3.8/site-packages/sklearn/feature_selection/_base.py:79: UserWarning: No features were selected: either the data is too noisy or the selection test too strict.
  warn("No features were selected: either the data is"
/home/yangc1/nigo0024/anaconda3/envs/sip_run_2/lib/python3.8/site-packages/sklearn/feature_selection/_base.py:79: UserWarning: No features were selected: either the data is too noisy or the selection test too strict.
  warn("No features were selected: either the data is"
/home/yangc1/nigo0024/anaconda3/envs/sip_run_2/lib/python3.8/site-packages/sklearn/feature_selection/_base.py:79: UserWarning: No features were selected: either the data is too noisy or the selection test too strict.
  warn("No features were selected: either the data is"
/home/yangc1/nigo0024/anaconda3/envs/sip_run_2/lib/python3.8/site-packages/sklearn/feature_selection/_base.py:79: UserWarning: No features were selected: either the data is too noisy or the selection test too strict.
  warn("No features were selected: either the data is"
/home/yangc1/nigo0024/anaconda3/envs/sip_run_2/lib/python3.8/site-packages/sklearn/feature_selection/_base.py:79: UserWarning: No features were selected: either the data is too noisy or the selection test too strict.
  warn("No features were selected: either the data is"
/home/yangc1/nigo0024/anaconda3/envs/sip_run_2/lib/python3.8/site-packages/sklearn/feature_selection/_base.py:79: UserWarning: No features were selected: either the data is too noisy or the selection test too strict.
  warn("No features were selected: either the data is"
/home/yangc1/nigo0024/anaconda3/envs/sip_run_2/lib/python3.8/site-packages/sklearn/feature_selection/_base.py:79: UserWarning: No features were selected: either the data is too noisy or the selection test too strict.
  warn("No features were selected: either the data is"
/home/yangc1/nigo0024/anaconda3/envs/sip_run_2/lib/python3.8/site-packages/sklearn/feature_selection/_base.py:79: UserWarning: No features were selected: either the data is too noisy or the selection test too strict.
  warn("No features were selected: either the data is"
/home/yangc1/nigo0024/anaconda3/envs/sip_run_2/lib/python3.8/site-packages/sklearn/feature_selection/_base.py:79: UserWarning: No features were selected: either the data is too noisy or the selection test too strict.
  warn("No features were selected: either the data is"
/home/yangc1/nigo0024/anaconda3/envs/sip_run_2/lib/python3.8/site-packages/sklearn/feature_selection/_base.py:79: UserWarning: No features were selected: either the data is too noisy or the selection test too strict.
  warn("No features were selected: either the data is"
/home/yangc1/nigo0024/anaconda3/envs/sip_run_2/lib/python3.8/site-packages/sklearn/feature_selection/_base.py:79: UserWarning: No features were selected: either the data is too noisy or the selection test too strict.
  warn("No features were selected: either the data is"
/home/yangc1/nigo0024/anaconda3/envs/sip_run_2/lib/python3.8/site-packages/sklearn/feature_selection/_base.py:79: UserWarning: No features were selected: either the data is too noisy or the selection test too strict.
  warn("No features were selected: either the data is"
/home/yangc1/nigo0024/anaconda3/envs/sip_run_2/lib/python3.8/site-packages/sklearn/feature_selection/_base.py:79: UserWarning: No features were selected: either the data is too noisy or the selection test too strict.
  warn("No features were selected: either the data is"
/home/yangc1/nigo0024/anaconda3/envs/sip_run_2/lib/python3.8/site-packages/sklearn/feature_selection/_base.py:79: UserWarning: No features were selected: either the data is too noisy or the selection test too strict.
  warn("No features were selected: either the data is"
/home/yangc1/nigo0024/anaconda3/envs/sip_run_2/lib/python3.8/site-packages/sklearn/feature_selection/_base.py:79: UserWarning: No features were selected: either the data is too noisy or the selection test too strict.
  warn("No features were selected: either the data is"
/home/yangc1/nigo0024/anaconda3/envs/sip_run_2/lib/python3.8/site-packages/sklearn/feature_selection/_base.py:79: UserWarning: No features were selected: either the data is too noisy or the selection test too strict.
  warn("No features were selected: either the data is"
/home/yangc1/nigo0024/anaconda3/envs/sip_run_2/lib/python3.8/site-packages/sklearn/feature_selection/_base.py:79: UserWarning: No features were selected: either the data is too noisy or the selection test too strict.
  warn("No features were selected: either the data is"
/home/yangc1/nigo0024/anaconda3/envs/sip_run_2/lib/python3.8/site-packages/sklearn/feature_selection/_base.py:79: UserWarning: No features were selected: either the data is too noisy or the selection test too strict.
  warn("No features were selected: either the data is"
/home/yangc1/nigo0024/anaconda3/envs/sip_run_2/lib/python3.8/site-packages/sklearn/feature_selection/_base.py:79: UserWarning: No features were selected: either the data is too noisy or the selection test too strict.
  warn("No features were selected: either the data is"
/home/yangc1/nigo0024/anaconda3/envs/sip_run_2/lib/python3.8/site-packages/sklearn/feature_selection/_base.py:79: UserWarning: No features were selected: either the data is too noisy or the selection test too strict.
  warn("No features were selected: either the data is"
/home/yangc1/nigo0024/anaconda3/envs/sip_run_2/lib/python3.8/site-packages/sklearn/feature_selection/_base.py:79: UserWarning: No features were selected: either the data is too noisy or the selection test too strict.
  warn("No features were selected: either the data is"
/home/yangc1/nigo0024/anaconda3/envs/sip_run_2/lib/python3.8/site-packages/sklearn/feature_selection/_base.py:79: UserWarning: No features were selected: either the data is too noisy or the selection test too strict.
  warn("No features were selected: either the data is"
/home/yangc1/nigo0024/anaconda3/envs/sip_run_2/lib/python3.8/site-packages/sklearn/feature_selection/_base.py:79: UserWarning: No features were selected: either the data is too noisy or the selection test too strict.
  warn("No features were selected: either the data is"
/home/yangc1/nigo0024/anaconda3/envs/sip_run_2/lib/python3.8/site-packages/sklearn/feature_selection/_base.py:79: UserWarning: No features were selected: either the data is too noisy or the selection test too strict.
  warn("No features were selected: either the data is"
/home/yangc1/nigo0024/anaconda3/envs/sip_run_2/lib/python3.8/site-packages/sklearn/feature_selection/_base.py:79: UserWarning: No features were selected: either the data is too noisy or the selection test too strict.
  warn("No features were selected: either the data is"
/home/yangc1/nigo0024/anaconda3/envs/sip_run_2/lib/python3.8/site-packages/sklearn/feature_selection/_base.py:79: UserWarning: No features were selected: either the data is too noisy or the selection test too strict.
  warn("No features were selected: either the data is"
/home/yangc1/nigo0024/anaconda3/envs/sip_run_2/lib/python3.8/site-packages/sklearn/feature_selection/_base.py:79: UserWarning: No features were selected: either the data is too noisy or the selection test too strict.
  warn("No features were selected: either the data is"
/home/yangc1/nigo0024/anaconda3/envs/sip_run_2/lib/python3.8/site-packages/sklearn/feature_selection/_base.py:79: UserWarning: No features were selected: either the data is too noisy or the selection test too strict.
  warn("No features were selected: either the data is"
/home/yangc1/nigo0024/anaconda3/envs/sip_run_2/lib/python3.8/site-packages/sklearn/feature_selection/_base.py:79: UserWarning: No features were selected: either the data is too noisy or the selection test too strict.
  warn("No features were selected: either the data is"
/home/yangc1/nigo0024/anaconda3/envs/sip_run_2/lib/python3.8/site-packages/sklearn/feature_selection/_base.py:79: UserWarning: No features were selected: either the data is too noisy or the selection test too strict.
  warn("No features were selected: either the data is"
/home/yangc1/nigo0024/anaconda3/envs/sip_run_2/lib/python3.8/site-packages/sklearn/feature_selection/_base.py:79: UserWarning: No features were selected: either the data is too noisy or the selection test too strict.
  warn("No features were selected: either the data is"
/home/yangc1/nigo0024/anaconda3/envs/sip_run_2/lib/python3.8/site-packages/sklearn/feature_selection/_base.py:79: UserWarning: No features were selected: either the data is too noisy or the selection test too strict.
  warn("No features were selected: either the data is"
/home/yangc1/nigo0024/anaconda3/envs/sip_run_2/lib/python3.8/site-packages/sklearn/feature_selection/_base.py:79: UserWarning: No features were selected: either the data is too noisy or the selection test too strict.
  warn("No features were selected: either the data is"
/home/yangc1/nigo0024/anaconda3/envs/sip_run_2/lib/python3.8/site-packages/sklearn/feature_selection/_base.py:79: UserWarning: No features were selected: either the data is too noisy or the selection test too strict.
  warn("No features were selected: either the data is"
/home/yangc1/nigo0024/anaconda3/envs/sip_run_2/lib/python3.8/site-packages/sklearn/feature_selection/_base.py:79: UserWarning: No features were selected: either the data is too noisy or the selection test too strict.
  warn("No features were selected: either the data is"
/home/yangc1/nigo0024/anaconda3/envs/sip_run_2/lib/python3.8/site-packages/sklearn/feature_selection/_base.py:79: UserWarning: No features were selected: either the data is too noisy or the selection test too strict.
  warn("No features were selected: either the data is"
/home/yangc1/nigo0024/anaconda3/envs/sip_run_2/lib/python3.8/site-packages/sklearn/feature_selection/_base.py:79: UserWarning: No features were selected: either the data is too noisy or the selection test too strict.
  warn("No features were selected: either the data is"
/home/yangc1/nigo0024/anaconda3/envs/sip_run_2/lib/python3.8/site-packages/sklearn/feature_selection/_base.py:79: UserWarning: No features were selected: either the data is too noisy or the selection test too strict.
  warn("No features were selected: either the data is"
All processing scenarios are finished. Exiting program.
