Skipping past idx_grix 0...
Skipping past idx_grix 1...
Skipping past idx_grix 2...
Skipping past idx_grix 3...
Skipping past idx_grix 4...
Skipping past idx_grix 5...
Skipping past idx_grix 6...
Skipping past idx_grix 7...
Skipping past idx_grix 8...
Skipping past idx_grix 9...
Skipping past idx_grix 10...
Skipping past idx_grix 11...

Processing scenario ID: 12
Panels type: ref_closest_panel
Crop type: crop_plot
Clip type: nan
Smooth type: nan
Bin type: {'method': 'spectral_mimic', 'sensor': 'sentinel-2a'}
Segment type: {'method': 'mcari2', 'wl1': [800], 'wl2': [670], 'wl3': [550], 'mask_percentile': 50, 'mask_side': 'lower'}

Response variable: biomass_kgha
Number of observations: 407

Feature set: reflectance

Writing mean spectra to a ``pandas.DataFrame``.
Number of input datacubes/spectra: 835
Using up to 9 selected features

Hyperparameter tuning...

Number of features: 1
Trimming excess components in <param_grid>...
Number of features: 3
Trimming excess components in <param_grid>...
Number of features: 4
Trimming excess components in <param_grid>...
Number of features: 5
Trimming excess components in <param_grid>...
Number of features: 6
Trimming excess components in <param_grid>...
Number of features: 5
Trimming excess components in <param_grid>...
Number of features: 8
Trimming excess components in <param_grid>...
Number of features: 6
Trimming excess components in <param_grid>...
Number of features: 9
Trimming excess components in <param_grid>...
Number of features: 7
Trimming excess components in <param_grid>...
Testing...

GLOBUS TRANSFER task_id: 94a4defc-29a2-11eb-8fc0-0a34088e79f9
Waiting for transfer 94a4defc-29a2-11eb-8fc0-0a34088e79f9 to complete...
DONE.
GLOBUS DELETE task_id: b2f1c91a-29a2-11eb-8fc0-0a34088e79f9

Processing scenario ID: 13
Panels type: ref_closest_panel
Crop type: crop_plot
Clip type: nan
Smooth type: nan
Bin type: {'method': 'spectral_mimic', 'sensor': 'sentinel-2a'}
Segment type: {'method': 'mcari2', 'wl1': [800], 'wl2': [670], 'wl3': [550], 'mask_percentile': 50, 'mask_side': 'upper'}

Response variable: biomass_kgha
Number of observations: 407

Feature set: reflectance

Writing mean spectra to a ``pandas.DataFrame``.
Number of input datacubes/spectra: 835
Using up to 9 selected features

Hyperparameter tuning...

Number of features: 1
Trimming excess components in <param_grid>...
Number of features: 5
Trimming excess components in <param_grid>...
Number of features: 4
Trimming excess components in <param_grid>...
Number of features: 4
Trimming excess components in <param_grid>...
Number of features: 4
Trimming excess components in <param_grid>...
Number of features: 8
Trimming excess components in <param_grid>...
Number of features: 2
Trimming excess components in <param_grid>...
Number of features: 7
Trimming excess components in <param_grid>...
Number of features: 5
Trimming excess components in <param_grid>...
Number of features: 5
Trimming excess components in <param_grid>...
Number of features: 3
Trimming excess components in <param_grid>...
Number of features: 7
Trimming excess components in <param_grid>...
Number of features: 6
Trimming excess components in <param_grid>...
Number of features: 2
Trimming excess components in <param_grid>...
Number of features: 3
Trimming excess components in <param_grid>...
Number of features: 3
Trimming excess components in <param_grid>...
Number of features: 6
Trimming excess components in <param_grid>...
Number of features: 7
Trimming excess components in <param_grid>...
Number of features: 6
Trimming excess components in <param_grid>...
Number of features: 8
Trimming excess components in <param_grid>...
Number of features: 4
Trimming excess components in <param_grid>...
Number of features: 9
Trimming excess components in <param_grid>...
Number of features: 3
Trimming excess components in <param_grid>...
Testing...

GLOBUS TRANSFER task_id: cdae34fa-29a2-11eb-8fc0-0a34088e79f9
Waiting for transfer cdae34fa-29a2-11eb-8fc0-0a34088e79f9 to complete...
Transfer cdae34fa-29a2-11eb-8fc0-0a34088e79f9 has not yet finished; transfer submitted 1 minute(s) ago
Transfer cdae34fa-29a2-11eb-8fc0-0a34088e79f9 has not yet finished; transfer submitted 2 minute(s) ago
Transfer cdae34fa-29a2-11eb-8fc0-0a34088e79f9 has not yet finished; transfer submitted 3 minute(s) ago
Transfer cdae34fa-29a2-11eb-8fc0-0a34088e79f9 has not yet finished; transfer submitted 4 minute(s) ago
Transfer cdae34fa-29a2-11eb-8fc0-0a34088e79f9 has not yet finished; transfer submitted 5 minute(s) ago
Transfer cdae34fa-29a2-11eb-8fc0-0a34088e79f9 has not yet finished; transfer submitted 6 minute(s) ago
Transfer cdae34fa-29a2-11eb-8fc0-0a34088e79f9 has not yet finished; transfer submitted 7 minute(s) ago
DONE.
GLOBUS DELETE task_id: d899f9f2-29a3-11eb-8fc0-0a34088e79f9

Processing scenario ID: 14
Panels type: ref_closest_panel
Crop type: crop_plot
Clip type: nan
Smooth type: nan
Bin type: {'method': 'spectral_mimic', 'sensor': 'sentinel-2a'}
Segment type: {'method': 'mcari2', 'wl1': [800], 'wl2': [670], 'wl3': [550], 'mask_percentile': 90, 'mask_side': 'lower'}

Response variable: biomass_kgha
Number of observations: 407

Feature set: reflectance

Writing mean spectra to a ``pandas.DataFrame``.
Number of input datacubes/spectra: 835
Using up to 9 selected features

Hyperparameter tuning...

Number of features: 1
Trimming excess components in <param_grid>...
Number of features: 3
Trimming excess components in <param_grid>...
Number of features: 2
Trimming excess components in <param_grid>...
Number of features: 4
Trimming excess components in <param_grid>...
Number of features: 8
Trimming excess components in <param_grid>...
Number of features: 6
Trimming excess components in <param_grid>...
Number of features: 5
Trimming excess components in <param_grid>...
Number of features: 7
Trimming excess components in <param_grid>...
Number of features: 9
Trimming excess components in <param_grid>...
Number of features: 5
Trimming excess components in <param_grid>...
Testing...

GLOBUS TRANSFER task_id: f1949426-29a3-11eb-b165-0ee0d5d9299f
Waiting for transfer f1949426-29a3-11eb-b165-0ee0d5d9299f to complete...
Transfer f1949426-29a3-11eb-b165-0ee0d5d9299f has not yet finished; transfer submitted 1 minute(s) ago
Transfer f1949426-29a3-11eb-b165-0ee0d5d9299f has not yet finished; transfer submitted 2 minute(s) ago
DONE.
GLOBUS DELETE task_id: 4c7acc5c-29a4-11eb-b165-0ee0d5d9299f
Skipping past idx_grix 0...
Skipping past idx_grix 1...
Skipping past idx_grix 2...
Skipping past idx_grix 3...
Skipping past idx_grix 4...
Skipping past idx_grix 5...
Skipping past idx_grix 6...
Skipping past idx_grix 7...
Skipping past idx_grix 8...
Skipping past idx_grix 9...
Skipping past idx_grix 10...
Skipping past idx_grix 11...

Processing scenario ID: 12
Panels type: ref_closest_panel
Crop type: crop_plot
Clip type: nan
Smooth type: nan
Bin type: {'method': 'spectral_mimic', 'sensor': 'sentinel-2a'}
Segment type: {'method': 'mcari2', 'wl1': [800], 'wl2': [670], 'wl3': [550], 'mask_percentile': 50, 'mask_side': 'lower'}

Response variable: nup_kgha
Number of observations: 407

Feature set: reflectance

Writing mean spectra to a ``pandas.DataFrame``.
Number of input datacubes/spectra: 835
Using up to 9 selected features

Hyperparameter tuning...

Number of features: 1
Trimming excess components in <param_grid>...
Number of features: 2
Trimming excess components in <param_grid>...
Number of features: 3
Trimming excess components in <param_grid>...
Number of features: 5
Trimming excess components in <param_grid>...
Number of features: 5
Trimming excess components in <param_grid>...
Number of features: 4
Trimming excess components in <param_grid>...
Number of features: 6
Trimming excess components in <param_grid>...
Number of features: 8
Trimming excess components in <param_grid>...
Number of features: 9
Trimming excess components in <param_grid>...
Number of features: 7
Trimming excess components in <param_grid>...
Number of features: 8
Trimming excess components in <param_grid>...
Testing...

GLOBUS TRANSFER task_id: 63f3d8f6-29a4-11eb-b165-0ee0d5d9299f
Waiting for transfer 63f3d8f6-29a4-11eb-b165-0ee0d5d9299f to complete...
Transfer 63f3d8f6-29a4-11eb-b165-0ee0d5d9299f has not yet finished; transfer submitted 1 minute(s) ago
DONE.
GLOBUS DELETE task_id: a6a251b4-29a4-11eb-b165-0ee0d5d9299f

Processing scenario ID: 13
Panels type: ref_closest_panel
Crop type: crop_plot
Clip type: nan
Smooth type: nan
Bin type: {'method': 'spectral_mimic', 'sensor': 'sentinel-2a'}
Segment type: {'method': 'mcari2', 'wl1': [800], 'wl2': [670], 'wl3': [550], 'mask_percentile': 50, 'mask_side': 'upper'}

Response variable: nup_kgha
Number of observations: 407

Feature set: reflectance

Writing mean spectra to a ``pandas.DataFrame``.
Number of input datacubes/spectra: 835
Using up to 9 selected features

Hyperparameter tuning...

Number of features: 4
Trimming excess components in <param_grid>...
Number of features: 1
Trimming excess components in <param_grid>...
Number of features: 3
Trimming excess components in <param_grid>...
Number of features: 4
Trimming excess components in <param_grid>...
Number of features: 6
Trimming excess components in <param_grid>...
Number of features: 2
Trimming excess components in <param_grid>...
Number of features: 4
Trimming excess components in <param_grid>...
Number of features: 8
Trimming excess components in <param_grid>...
Number of features: 4
Trimming excess components in <param_grid>...
Number of features: 5
Trimming excess components in <param_grid>...
Number of features: 7
Trimming excess components in <param_grid>...
Number of features: 7
Trimming excess components in <param_grid>...
Number of features: 5
Trimming excess components in <param_grid>...
Number of features: 4
Trimming excess components in <param_grid>...
Number of features: 3
Trimming excess components in <param_grid>...
Number of features: 3
Trimming excess components in <param_grid>...
Number of features: 6
Trimming excess components in <param_grid>...
Number of features: 5
Trimming excess components in <param_grid>...
Number of features: 6
Trimming excess components in <param_grid>...
Number of features: 5
Trimming excess components in <param_grid>...
Testing...

GLOBUS TRANSFER task_id: bd12c4e2-29a4-11eb-b53b-02d9497ca481
Waiting for transfer bd12c4e2-29a4-11eb-b53b-02d9497ca481 to complete...
Transfer bd12c4e2-29a4-11eb-b53b-02d9497ca481 has not yet finished; transfer submitted 1 minute(s) ago
Transfer bd12c4e2-29a4-11eb-b53b-02d9497ca481 has not yet finished; transfer submitted 2 minute(s) ago
DONE.
GLOBUS DELETE task_id: 0bd9a6ae-29a5-11eb-b53b-02d9497ca481

Processing scenario ID: 14
Panels type: ref_closest_panel
Crop type: crop_plot
Clip type: nan
Smooth type: nan
Bin type: {'method': 'spectral_mimic', 'sensor': 'sentinel-2a'}
Segment type: {'method': 'mcari2', 'wl1': [800], 'wl2': [670], 'wl3': [550], 'mask_percentile': 90, 'mask_side': 'lower'}

Response variable: nup_kgha
Number of observations: 407

Feature set: reflectance

Writing mean spectra to a ``pandas.DataFrame``.
Number of input datacubes/spectra: 835
Old "step_pct": 0.05
New "step_pct": 0.5
alpha: 1.25
Features selected: 3
Iterations without progress: 0

alpha: 0.625
Features selected: 3
Iterations without progress: 1

alpha: 0.3125
Features selected: 5
Iterations without progress: 0

alpha: 0.15625
Features selected: 6
Iterations without progress: 0

alpha: 0.296875
Features selected: 9
Iterations without progress: 0

Using up to 9 selected features

Hyperparameter tuning...

Number of features: 1
Trimming excess components in <param_grid>...
Number of features: 3
Trimming excess components in <param_grid>...
Number of features: 2
Trimming excess components in <param_grid>...
Number of features: 4
Trimming excess components in <param_grid>...
Number of features: 5
Trimming excess components in <param_grid>...
Number of features: 6
Trimming excess components in <param_grid>...
Testing...

GLOBUS TRANSFER task_id: 1ba0d5d0-29a5-11eb-8fc0-0a34088e79f9
Waiting for transfer 1ba0d5d0-29a5-11eb-8fc0-0a34088e79f9 to complete...
DONE.
GLOBUS DELETE task_id: 33ea5918-29a5-11eb-8fc0-0a34088e79f9
Skipping past idx_grix 0...
Skipping past idx_grix 1...
Skipping past idx_grix 2...
Skipping past idx_grix 3...
Skipping past idx_grix 4...
Skipping past idx_grix 5...
Skipping past idx_grix 6...
Skipping past idx_grix 7...
Skipping past idx_grix 8...
Skipping past idx_grix 9...
Skipping past idx_grix 10...
Skipping past idx_grix 11...

Processing scenario ID: 12
Panels type: ref_closest_panel
Crop type: crop_plot
Clip type: nan
Smooth type: nan
Bin type: {'method': 'spectral_mimic', 'sensor': 'sentinel-2a'}
Segment type: {'method': 'mcari2', 'wl1': [800], 'wl2': [670], 'wl3': [550], 'mask_percentile': 50, 'mask_side': 'lower'}

Response variable: tissue_n_pct
Number of observations: 408

Feature set: reflectance

Writing mean spectra to a ``pandas.DataFrame``.
Number of input datacubes/spectra: 835
Using up to 9 selected features

Hyperparameter tuning...

Number of features: 4
Trimming excess components in <param_grid>...
Number of features: 6
Trimming excess components in <param_grid>...
Number of features: 4
Trimming excess components in <param_grid>...
Number of features: 4
Trimming excess components in <param_grid>...
Number of features: 2
Trimming excess components in <param_grid>...
Number of features: 3
Trimming excess components in <param_grid>...
Number of features: 5
Trimming excess components in <param_grid>...
Number of features: 3
Trimming excess components in <param_grid>...
Number of features: 4
Trimming excess components in <param_grid>...
Number of features: 3
Trimming excess components in <param_grid>...
Number of features: 8
Trimming excess components in <param_grid>...
Number of features: 1
Trimming excess components in <param_grid>...
Number of features: 2
Trimming excess components in <param_grid>...
Number of features: 3
Trimming excess components in <param_grid>...
Number of features: 9
Trimming excess components in <param_grid>...
Number of features: 5
Trimming excess components in <param_grid>...
Number of features: 7
Trimming excess components in <param_grid>...
Number of features: 4
Trimming excess components in <param_grid>...
Number of features: 7
Trimming excess components in <param_grid>...
Number of features: 3
Trimming excess components in <param_grid>...
Testing...

GLOBUS TRANSFER task_id: 4a2525a0-29a5-11eb-b53b-02d9497ca481
Waiting for transfer 4a2525a0-29a5-11eb-b53b-02d9497ca481 to complete...
DONE.
GLOBUS DELETE task_id: 505b26cc-29a5-11eb-b53b-02d9497ca481

Processing scenario ID: 13
Panels type: ref_closest_panel
Crop type: crop_plot
Clip type: nan
Smooth type: nan
Bin type: {'method': 'spectral_mimic', 'sensor': 'sentinel-2a'}
Segment type: {'method': 'mcari2', 'wl1': [800], 'wl2': [670], 'wl3': [550], 'mask_percentile': 50, 'mask_side': 'upper'}

Response variable: tissue_n_pct
Number of observations: 408

Feature set: reflectance

Writing mean spectra to a ``pandas.DataFrame``.
Number of input datacubes/spectra: 835
Old "step_pct": 0.05
New "step_pct": 0.5
alpha: 0.025
Features selected: 3
Iterations without progress: 0

alpha: 0.0125
Features selected: 5
Iterations without progress: 0

alpha: 0.00625
Features selected: 6
Iterations without progress: 0

alpha: 0.003125
Features selected: 7
Iterations without progress: 0

alpha: 0.0059375
Features selected: 9
Iterations without progress: 0

Using up to 9 selected features

Hyperparameter tuning...

Number of features: 1
Trimming excess components in <param_grid>...
Number of features: 2
Trimming excess components in <param_grid>...
Number of features: 2
Trimming excess components in <param_grid>...
Number of features: 4
Trimming excess components in <param_grid>...
Number of features: 6
Trimming excess components in <param_grid>...
Number of features: 3
Trimming excess components in <param_grid>...
Number of features: 6
Trimming excess components in <param_grid>...
Number of features: 5
Trimming excess components in <param_grid>...
Number of features: 3
Trimming excess components in <param_grid>...
Number of features: 7
Trimming excess components in <param_grid>...
Number of features: 5
Trimming excess components in <param_grid>...
Number of features: 6
Trimming excess components in <param_grid>...
Testing...

GLOBUS TRANSFER task_id: 60bc3c7c-29a5-11eb-b53b-02d9497ca481
Waiting for transfer 60bc3c7c-29a5-11eb-b53b-02d9497ca481 to complete...
DONE.
GLOBUS DELETE task_id: 791225b6-29a5-11eb-b53b-02d9497ca481

Processing scenario ID: 14
Panels type: ref_closest_panel
Crop type: crop_plot
Clip type: nan
Smooth type: nan
Bin type: {'method': 'spectral_mimic', 'sensor': 'sentinel-2a'}
Segment type: {'method': 'mcari2', 'wl1': [800], 'wl2': [670], 'wl3': [550], 'mask_percentile': 90, 'mask_side': 'lower'}

Response variable: tissue_n_pct
Number of observations: 408

Feature set: reflectance

Writing mean spectra to a ``pandas.DataFrame``.
Number of input datacubes/spectra: 835
Old "step_pct": 0.05
New "step_pct": 0.5
alpha: 0.1484375
Features selected: 1
Iterations without progress: 0

alpha: 0.07421875
Features selected: 2
Iterations without progress: 0

alpha: 0.037109375
Features selected: 3
Iterations without progress: 0

alpha: 0.0185546875
Features selected: 4
Iterations without progress: 0

alpha: 0.00927734375
Features selected: 6
Iterations without progress: 0

alpha: 0.004638671875
Features selected: 7
Iterations without progress: 0

alpha: 0.0023193359375
Features selected: 7
Iterations without progress: 1

alpha: 0.00115966796875
Features selected: 7
Iterations without progress: 2

alpha: 0.002203369140625
Features selected: 9
Iterations without progress: 0

Using up to 9 selected features

Hyperparameter tuning...

Number of features: 2
Trimming excess components in <param_grid>...
Number of features: 3
Trimming excess components in <param_grid>...
Number of features: 2
Trimming excess components in <param_grid>...
Number of features: 3
Trimming excess components in <param_grid>...
Number of features: 4
Trimming excess components in <param_grid>...
Number of features: 2
Trimming excess components in <param_grid>...
Number of features: 3
Trimming excess components in <param_grid>...
Number of features: 1
Trimming excess components in <param_grid>...
Number of features: 6
Trimming excess components in <param_grid>...
Number of features: 5
Trimming excess components in <param_grid>...
Number of features: 6
Trimming excess components in <param_grid>...
Number of features: 3
Trimming excess components in <param_grid>...
Number of features: 4
Trimming excess components in <param_grid>...
Number of features: 5
Trimming excess components in <param_grid>...
Number of features: 7
Trimming excess components in <param_grid>...
Testing...

GLOBUS TRANSFER task_id: 89ec8fb6-29a5-11eb-b53b-02d9497ca481
Waiting for transfer 89ec8fb6-29a5-11eb-b53b-02d9497ca481 to complete...
DONE.
GLOBUS DELETE task_id: a24d8cea-29a5-11eb-b53b-02d9497ca481
Skipping past idx_grix 0...
Skipping past idx_grix 1...
Skipping past idx_grix 2...
Skipping past idx_grix 3...
Skipping past idx_grix 4...
Skipping past idx_grix 5...
Skipping past idx_grix 6...
Skipping past idx_grix 7...
Skipping past idx_grix 8...
Skipping past idx_grix 9...
Skipping past idx_grix 10...
Skipping past idx_grix 11...

Processing scenario ID: 12
Panels type: ref_closest_panel
Crop type: crop_plot
Clip type: nan
Smooth type: nan
Bin type: {'method': 'spectral_mimic', 'sensor': 'sentinel-2a'}
Segment type: {'method': 'mcari2', 'wl1': [800], 'wl2': [670], 'wl3': [550], 'mask_percentile': 50, 'mask_side': 'lower'}

Response variable: biomass_kgha
Number of observations: 407

Feature set: derivative_1

Writing mean spectra to a ``pandas.DataFrame``.
Number of input datacubes/spectra: 835
Using up to 9 selected features

Hyperparameter tuning...

Number of features: 2
Trimming excess components in <param_grid>...
Number of features: 1
Trimming excess components in <param_grid>...
Number of features: 3
Trimming excess components in <param_grid>...
Number of features: 4
Trimming excess components in <param_grid>...
Number of features: 5
Trimming excess components in <param_grid>...
Number of features: 6
Trimming excess components in <param_grid>...
Number of features: 5
Trimming excess components in <param_grid>...
Number of features: 7
Trimming excess components in <param_grid>...
Number of features: 7
Trimming excess components in <param_grid>...
Number of features: 4
Trimming excess components in <param_grid>...
Number of features: 8
Trimming excess components in <param_grid>...
Testing...

GLOBUS TRANSFER task_id: b963bed6-29a5-11eb-b53b-02d9497ca481
Waiting for transfer b963bed6-29a5-11eb-b53b-02d9497ca481 to complete...
DONE.
GLOBUS DELETE task_id: bf8d31de-29a5-11eb-b53b-02d9497ca481

Processing scenario ID: 13
Panels type: ref_closest_panel
Crop type: crop_plot
Clip type: nan
Smooth type: nan
Bin type: {'method': 'spectral_mimic', 'sensor': 'sentinel-2a'}
Segment type: {'method': 'mcari2', 'wl1': [800], 'wl2': [670], 'wl3': [550], 'mask_percentile': 50, 'mask_side': 'upper'}

Response variable: biomass_kgha
Number of observations: 407

Feature set: derivative_1

Writing mean spectra to a ``pandas.DataFrame``.
Number of input datacubes/spectra: 835
alpha: 0.0475
Features selected: 7
Iterations without progress: 1

alpha: 0.045125
Features selected: 7
Iterations without progress: 2

alpha: 0.04286875
Features selected: 7
Iterations without progress: 3

alpha: 0.04072531249999999
Features selected: 7
Iterations without progress: 4

alpha: 0.038689046874999994
Features selected: 7
Iterations without progress: 5

Old "step_pct": 0.05
New "step_pct": 0.01
alpha: 0.038302156406249996
Features selected: 8
Iterations without progress: 0

alpha: 0.037919134842187494
Features selected: 8
Iterations without progress: 1

alpha: 0.03753994349376562
Features selected: 8
Iterations without progress: 2

alpha: 0.037164544058827964
Features selected: 8
Iterations without progress: 3

alpha: 0.036792898618239686
Features selected: 8
Iterations without progress: 4

alpha: 0.03642496963205729
Features selected: 8
Iterations without progress: 5

Leaving while loop before finding the alpha value that achieves selection of 9 feature(s) (minimum alpha value to use).

Using up to 8 selected features

Hyperparameter tuning...

Number of features: 3
Trimming excess components in <param_grid>...
Number of features: 2
Trimming excess components in <param_grid>...
Number of features: 4
Trimming excess components in <param_grid>...
Number of features: 5
Trimming excess components in <param_grid>...
Number of features: 4
Trimming excess components in <param_grid>...
Number of features: 1
Trimming excess components in <param_grid>...
Number of features: 6
Trimming excess components in <param_grid>...
Number of features: 5
Trimming excess components in <param_grid>...
Number of features: 8
Trimming excess components in <param_grid>...
Number of features: 7
Trimming excess components in <param_grid>...
Number of features: 7
Trimming excess components in <param_grid>...
Number of features: 6
Trimming excess components in <param_grid>...
Testing...

GLOBUS TRANSFER task_id: d4fb7940-29a5-11eb-b53b-02d9497ca481
Waiting for transfer d4fb7940-29a5-11eb-b53b-02d9497ca481 to complete...
DONE.
GLOBUS DELETE task_id: e12bbf2c-29a5-11eb-b53b-02d9497ca481

Processing scenario ID: 14
Panels type: ref_closest_panel
Crop type: crop_plot
Clip type: nan
Smooth type: nan
Bin type: {'method': 'spectral_mimic', 'sensor': 'sentinel-2a'}
Segment type: {'method': 'mcari2', 'wl1': [800], 'wl2': [670], 'wl3': [550], 'mask_percentile': 90, 'mask_side': 'lower'}

Response variable: biomass_kgha
Number of observations: 407

Feature set: derivative_1

Writing mean spectra to a ``pandas.DataFrame``.
Number of input datacubes/spectra: 835
Old "step_pct": 0.01
New "step_pct": 0.05
alpha: 1.7301860575227213
Features selected: 5
Iterations without progress: 0

Old "step_pct": 0.05
New "step_pct": 0.25
alpha: 1.2976395431420409
Features selected: 5
Iterations without progress: 1

Old "step_pct": 0.25
New "step_pct": 0.5
alpha: 0.6488197715710204
Features selected: 5
Iterations without progress: 2

alpha: 0.3244098857855102
Features selected: 5
Iterations without progress: 3

alpha: 0.1622049428927551
Features selected: 5
Iterations without progress: 4

alpha: 0.08110247144637756
Features selected: 5
Iterations without progress: 5

alpha: 0.04055123572318878
Features selected: 6
Iterations without progress: 0

Old "step_pct": 0.5
New "step_pct": 0.1
alpha: 0.036496112150869904
Features selected: 8
Iterations without progress: 0

alpha: 0.03284650093578292
Features selected: 8
Iterations without progress: 1

alpha: 0.029561850842204626
Features selected: 8
Iterations without progress: 2

alpha: 0.026605665757984166
Features selected: 8
Iterations without progress: 3

alpha: 0.02394509918218575
Features selected: 8
Iterations without progress: 4

alpha: 0.021550589263967176
Features selected: 8
Iterations without progress: 5

Leaving while loop before finding the alpha value that achieves selection of 9 feature(s) (minimum alpha value to use).

Using up to 8 selected features

Hyperparameter tuning...

Number of features: 4
Trimming excess components in <param_grid>...
Number of features: 5
Trimming excess components in <param_grid>...
Number of features: 5
Trimming excess components in <param_grid>...
Number of features: 1
Trimming excess components in <param_grid>...
Number of features: 4
Trimming excess components in <param_grid>...
Number of features: 5
Trimming excess components in <param_grid>...
Number of features: 8
Trimming excess components in <param_grid>...
Number of features: 6
Trimming excess components in <param_grid>...
Number of features: 5
Trimming excess components in <param_grid>...
Number of features: 5
Trimming excess components in <param_grid>...
Number of features: 5
Trimming excess components in <param_grid>...
Number of features: 6
Trimming excess components in <param_grid>...
Number of features: 3
Trimming excess components in <param_grid>...
Number of features: 4
Trimming excess components in <param_grid>...
Number of features: 6
Trimming excess components in <param_grid>...
Number of features: 4
Trimming excess components in <param_grid>...
Number of features: 6
Trimming excess components in <param_grid>...
Number of features: 7
Trimming excess components in <param_grid>...
Number of features: 7
Trimming excess components in <param_grid>...
Number of features: 2
Trimming excess components in <param_grid>...
Testing...

GLOBUS TRANSFER task_id: f8bca5c0-29a5-11eb-b165-0ee0d5d9299f
Waiting for transfer f8bca5c0-29a5-11eb-b165-0ee0d5d9299f to complete...
DONE.
GLOBUS DELETE task_id: feeb0d60-29a5-11eb-b165-0ee0d5d9299f
Skipping past idx_grix 0...
Skipping past idx_grix 1...
Skipping past idx_grix 2...
Skipping past idx_grix 3...
Skipping past idx_grix 4...
Skipping past idx_grix 5...
Skipping past idx_grix 6...
Skipping past idx_grix 7...
Skipping past idx_grix 8...
Skipping past idx_grix 9...
Skipping past idx_grix 10...
Skipping past idx_grix 11...

Processing scenario ID: 12
Panels type: ref_closest_panel
Crop type: crop_plot
Clip type: nan
Smooth type: nan
Bin type: {'method': 'spectral_mimic', 'sensor': 'sentinel-2a'}
Segment type: {'method': 'mcari2', 'wl1': [800], 'wl2': [670], 'wl3': [550], 'mask_percentile': 50, 'mask_side': 'lower'}

Response variable: nup_kgha
Number of observations: 407

Feature set: derivative_1

Writing mean spectra to a ``pandas.DataFrame``.
Number of input datacubes/spectra: 835
alpha: 0.00095
Features selected: 7
Iterations without progress: 0

alpha: 0.0009025
Features selected: 7
Iterations without progress: 1

alpha: 0.000857375
Features selected: 7
Iterations without progress: 2

alpha: 0.0008145062499999999
Features selected: 7
Iterations without progress: 3

Old "step_pct": 0.05
New "step_pct": 0.01
alpha: 0.0008063611874999998
Features selected: 8
Iterations without progress: 0

alpha: 0.0007982975756249998
Features selected: 8
Iterations without progress: 1

alpha: 0.0007903145998687498
Features selected: 8
Iterations without progress: 2

alpha: 0.0007824114538700623
Features selected: 8
Iterations without progress: 3

alpha: 0.0007745873393313617
Features selected: 8
Iterations without progress: 4

alpha: 0.0007668414659380481
Features selected: 8
Iterations without progress: 5

Leaving while loop before finding the alpha value that achieves selection of 9 feature(s) (minimum alpha value to use).

Using up to 8 selected features

Hyperparameter tuning...

Number of features: 3
Trimming excess components in <param_grid>...
Number of features: 1
Trimming excess components in <param_grid>...
Number of features: 4
Trimming excess components in <param_grid>...
Number of features: 7
Trimming excess components in <param_grid>...
Number of features: 5
Trimming excess components in <param_grid>...
Number of features: 6
Trimming excess components in <param_grid>...
Number of features: 2
Trimming excess components in <param_grid>...
Number of features: 8
Trimming excess components in <param_grid>...
Number of features: 6
Trimming excess components in <param_grid>...
Number of features: 5
Trimming excess components in <param_grid>...
Number of features: 6
Trimming excess components in <param_grid>...
Number of features: 7
Trimming excess components in <param_grid>...
Testing...

GLOBUS TRANSFER task_id: 12f10184-29a6-11eb-b53b-02d9497ca481
Waiting for transfer 12f10184-29a6-11eb-b53b-02d9497ca481 to complete...
DONE.
GLOBUS DELETE task_id: 2b4b953c-29a6-11eb-b53b-02d9497ca481

Processing scenario ID: 13
Panels type: ref_closest_panel
Crop type: crop_plot
Clip type: nan
Smooth type: nan
Bin type: {'method': 'spectral_mimic', 'sensor': 'sentinel-2a'}
Segment type: {'method': 'mcari2', 'wl1': [800], 'wl2': [670], 'wl3': [550], 'mask_percentile': 50, 'mask_side': 'upper'}

Response variable: nup_kgha
Number of observations: 407

Feature set: derivative_1

Writing mean spectra to a ``pandas.DataFrame``.
Number of input datacubes/spectra: 835
Old "step_pct": 0.01
New "step_pct": 0.1
alpha: 0.03450786596721216
Features selected: 3
Iterations without progress: 0

Old "step_pct": 0.1
New "step_pct": 0.5
alpha: 0.01725393298360608
Features selected: 3
Iterations without progress: 1

alpha: 0.00862696649180304
Features selected: 4
Iterations without progress: 0

alpha: 0.00431348324590152
Features selected: 5
Iterations without progress: 0

alpha: 0.00215674162295076
Features selected: 5
Iterations without progress: 1

alpha: 0.00107837081147538
Features selected: 6
Iterations without progress: 0

alpha: 0.00053918540573769
Features selected: 6
Iterations without progress: 1

alpha: 0.000269592702868845
Features selected: 7
Iterations without progress: 0

alpha: 0.0001347963514344225
Features selected: 7
Iterations without progress: 1

alpha: 0.00025611306772540274
Features selected: 9
Iterations without progress: 0

Using up to 9 selected features

Hyperparameter tuning...

Number of features: 1
Trimming excess components in <param_grid>...
Number of features: 4
Trimming excess components in <param_grid>...
Number of features: 5
Trimming excess components in <param_grid>...
Number of features: 2
Trimming excess components in <param_grid>...
Number of features: 5
Trimming excess components in <param_grid>...
Number of features: 4
Trimming excess components in <param_grid>...
Number of features: 6
Trimming excess components in <param_grid>...
Number of features: 3
Trimming excess components in <param_grid>...
Number of features: 7
Trimming excess components in <param_grid>...
Number of features: 5
Trimming excess components in <param_grid>...
Number of features: 6
Trimming excess components in <param_grid>...
Number of features: 7
Trimming excess components in <param_grid>...
Number of features: 6
Trimming excess components in <param_grid>...
Testing...

GLOBUS TRANSFER task_id: 3d999108-29a6-11eb-8fc0-0a34088e79f9
Waiting for transfer 3d999108-29a6-11eb-8fc0-0a34088e79f9 to complete...
DONE.
GLOBUS DELETE task_id: 54fa4182-29a6-11eb-8fc0-0a34088e79f9

Processing scenario ID: 14
Panels type: ref_closest_panel
Crop type: crop_plot
Clip type: nan
Smooth type: nan
Bin type: {'method': 'spectral_mimic', 'sensor': 'sentinel-2a'}
Segment type: {'method': 'mcari2', 'wl1': [800], 'wl2': [670], 'wl3': [550], 'mask_percentile': 90, 'mask_side': 'lower'}

Response variable: nup_kgha
Number of observations: 407

Feature set: derivative_1

Writing mean spectra to a ``pandas.DataFrame``.
Number of input datacubes/spectra: 835
Old "step_pct": 0.05
New "step_pct": 0.5
alpha: 0.006402826693135068
Features selected: 4
Iterations without progress: 0

alpha: 0.003201413346567534
Features selected: 6
Iterations without progress: 0

alpha: 0.001600706673283767
Features selected: 5
Iterations without progress: 0

alpha: 0.0008003533366418835
Features selected: 6
Iterations without progress: 0

alpha: 0.00040017666832094175
Features selected: 5
Iterations without progress: 0

Old "step_pct": 0.5
New "step_pct": 0.1
alpha: 0.0003601590014888476
Features selected: 8
Iterations without progress: 0

alpha: 0.00032414310133996283
Features selected: 8
Iterations without progress: 1

alpha: 0.00029172879120596657
Features selected: 8
Iterations without progress: 2

alpha: 0.00026255591208536994
Features selected: 8
Iterations without progress: 3

alpha: 0.00023630032087683294
Features selected: 8
Iterations without progress: 4

alpha: 0.00021267028878914964
Features selected: 8
Iterations without progress: 5

Leaving while loop before finding the alpha value that achieves selection of 9 feature(s) (minimum alpha value to use).

Using up to 8 selected features

Hyperparameter tuning...

Number of features: 4
Trimming excess components in <param_grid>...
Number of features: 3
Trimming excess components in <param_grid>...
Number of features: 7
Trimming excess components in <param_grid>...
Number of features: 1
Trimming excess components in <param_grid>...
Number of features: 4
Trimming excess components in <param_grid>...
Number of features: 6
Trimming excess components in <param_grid>...
Number of features: 5
Trimming excess components in <param_grid>...
Number of features: 2
Trimming excess components in <param_grid>...
Number of features: 7
Trimming excess components in <param_grid>...
Number of features: 5
Trimming excess components in <param_grid>...
Number of features: 5
Trimming excess components in <param_grid>...
Number of features: 6
Trimming excess components in <param_grid>...
Number of features: 6
Trimming excess components in <param_grid>...
Number of features: 8
Trimming excess components in <param_grid>...
Number of features: 5
Trimming excess components in <param_grid>...
Number of features: 6
Trimming excess components in <param_grid>...
Number of features: 5
Trimming excess components in <param_grid>...
Number of features: 4
Trimming excess components in <param_grid>...
Testing...

GLOBUS TRANSFER task_id: 6c391a2e-29a6-11eb-8fc0-0a34088e79f9
Waiting for transfer 6c391a2e-29a6-11eb-8fc0-0a34088e79f9 to complete...
DONE.
GLOBUS DELETE task_id: 8ab48222-29a6-11eb-8fc0-0a34088e79f9
Skipping past idx_grix 0...
Skipping past idx_grix 1...
Skipping past idx_grix 2...
Skipping past idx_grix 3...
Skipping past idx_grix 4...
Skipping past idx_grix 5...
Skipping past idx_grix 6...
Skipping past idx_grix 7...
Skipping past idx_grix 8...
Skipping past idx_grix 9...
Skipping past idx_grix 10...
Skipping past idx_grix 11...

Processing scenario ID: 12
Panels type: ref_closest_panel
Crop type: crop_plot
Clip type: nan
Smooth type: nan
Bin type: {'method': 'spectral_mimic', 'sensor': 'sentinel-2a'}
Segment type: {'method': 'mcari2', 'wl1': [800], 'wl2': [670], 'wl3': [550], 'mask_percentile': 50, 'mask_side': 'lower'}

Response variable: tissue_n_pct
Number of observations: 408

Feature set: derivative_1

Writing mean spectra to a ``pandas.DataFrame``.
Number of input datacubes/spectra: 835
Old "step_pct": 0.05
New "step_pct": 0.5
alpha: 0.0005
Features selected: 4
Iterations without progress: 0

alpha: 0.00025
Features selected: 3
Iterations without progress: 0

alpha: 0.000125
Features selected: 5
Iterations without progress: 0

alpha: 6.25e-05
Features selected: 6
Iterations without progress: 0

alpha: 3.125e-05
Features selected: 6
Iterations without progress: 1

alpha: 1.5625e-05
Features selected: 7
Iterations without progress: 0

Old "step_pct": 0.5
New "step_pct": 0.1
alpha: 1.4062500000000001e-05
Features selected: 8
Iterations without progress: 0

alpha: 1.2656250000000001e-05
Features selected: 8
Iterations without progress: 1

alpha: 1.1390625e-05
Features selected: 8
Iterations without progress: 2

alpha: 1.0251562500000001e-05
Features selected: 8
Iterations without progress: 3

alpha: 9.22640625e-06
Features selected: 8
Iterations without progress: 4

alpha: 8.303765625e-06
Features selected: 8
Iterations without progress: 5

Leaving while loop before finding the alpha value that achieves selection of 9 feature(s) (minimum alpha value to use).

Using up to 8 selected features

Hyperparameter tuning...

Number of features: 2
Trimming excess components in <param_grid>...
Number of features: 1
Trimming excess components in <param_grid>...
Number of features: 3
Trimming excess components in <param_grid>...
Number of features: 5
Trimming excess components in <param_grid>...
Number of features: 5
Trimming excess components in <param_grid>...
Number of features: 7
Trimming excess components in <param_grid>...
Number of features: 2
Trimming excess components in <param_grid>...
Number of features: 2
Trimming excess components in <param_grid>...
Number of features: 3
Trimming excess components in <param_grid>...
Number of features: 3
Trimming excess components in <param_grid>...
Number of features: 3
Trimming excess components in <param_grid>...
Number of features: 7
Trimming excess components in <param_grid>...
Number of features: 4
Trimming excess components in <param_grid>...
Number of features: 6
Trimming excess components in <param_grid>...
Number of features: 8
Trimming excess components in <param_grid>...
Number of features: 4
Trimming excess components in <param_grid>...
Number of features: 4
Trimming excess components in <param_grid>...
Number of features: 3
Trimming excess components in <param_grid>...
Testing...

GLOBUS TRANSFER task_id: 9f0db61c-29a6-11eb-b53b-02d9497ca481
Waiting for transfer 9f0db61c-29a6-11eb-b53b-02d9497ca481 to complete...
DONE.
GLOBUS DELETE task_id: b761d43c-29a6-11eb-b53b-02d9497ca481

Processing scenario ID: 13
Panels type: ref_closest_panel
Crop type: crop_plot
Clip type: nan
Smooth type: nan
Bin type: {'method': 'spectral_mimic', 'sensor': 'sentinel-2a'}
Segment type: {'method': 'mcari2', 'wl1': [800], 'wl2': [670], 'wl3': [550], 'mask_percentile': 50, 'mask_side': 'upper'}

Response variable: tissue_n_pct
Number of observations: 408

Feature set: derivative_1

Writing mean spectra to a ``pandas.DataFrame``.
Number of input datacubes/spectra: 835
Old "step_pct": 0.1
New "step_pct": 0.5
alpha: 0.000207594140625
Features selected: 5
Iterations without progress: 0

alpha: 0.0001037970703125
Features selected: 6
Iterations without progress: 0

alpha: 5.189853515625e-05
Features selected: 7
Iterations without progress: 0

alpha: 2.5949267578125e-05
Features selected: 7
Iterations without progress: 1

Old "step_pct": 0.5
New "step_pct": 0.1
alpha: 2.33543408203125e-05
Features selected: 8
Iterations without progress: 0

alpha: 2.101890673828125e-05
Features selected: 8
Iterations without progress: 1

alpha: 1.8917016064453128e-05
Features selected: 8
Iterations without progress: 2

alpha: 1.7025314458007817e-05
Features selected: 8
Iterations without progress: 3

alpha: 1.5322783012207038e-05
Features selected: 8
Iterations without progress: 4

alpha: 1.3790504710986334e-05
Features selected: 8
Iterations without progress: 5

Leaving while loop before finding the alpha value that achieves selection of 9 feature(s) (minimum alpha value to use).

Using up to 8 selected features

Hyperparameter tuning...

Number of features: 2
Trimming excess components in <param_grid>...
Number of features: 5
Trimming excess components in <param_grid>...
Number of features: 6
Trimming excess components in <param_grid>...
Number of features: 1
Trimming excess components in <param_grid>...
Number of features: 3
Trimming excess components in <param_grid>...
Number of features: 2
Trimming excess components in <param_grid>...
Number of features: 2
Trimming excess components in <param_grid>...
Number of features: 7
Trimming excess components in <param_grid>...
Number of features: 8
Trimming excess components in <param_grid>...
Number of features: 7
Trimming excess components in <param_grid>...
Number of features: 4
Trimming excess components in <param_grid>...
Number of features: 7
Trimming excess components in <param_grid>...
Number of features: 7
Trimming excess components in <param_grid>...
Number of features: 3
Trimming excess components in <param_grid>...
Number of features: 6
Trimming excess components in <param_grid>...
Number of features: 3
Trimming excess components in <param_grid>...
Testing...

GLOBUS TRANSFER task_id: c9d7d526-29a6-11eb-b165-0ee0d5d9299f
Waiting for transfer c9d7d526-29a6-11eb-b165-0ee0d5d9299f to complete...
DONE.
GLOBUS DELETE task_id: e23b90e4-29a6-11eb-b165-0ee0d5d9299f

Processing scenario ID: 14
Panels type: ref_closest_panel
Crop type: crop_plot
Clip type: nan
Smooth type: nan
Bin type: {'method': 'spectral_mimic', 'sensor': 'sentinel-2a'}
Segment type: {'method': 'mcari2', 'wl1': [800], 'wl2': [670], 'wl3': [550], 'mask_percentile': 90, 'mask_side': 'lower'}

Response variable: tissue_n_pct
Number of observations: 408

Feature set: derivative_1

Writing mean spectra to a ``pandas.DataFrame``.
Number of input datacubes/spectra: 835
Old "step_pct": 0.1
New "step_pct": 0.5
alpha: 0.00034476261777465834
Features selected: 5
Iterations without progress: 0

alpha: 0.00017238130888732917
Features selected: 3
Iterations without progress: 0

alpha: 8.619065444366458e-05
Features selected: 5
Iterations without progress: 0

alpha: 4.309532722183229e-05
Features selected: 6
Iterations without progress: 0

alpha: 2.1547663610916146e-05
Features selected: 7
Iterations without progress: 0

Old "step_pct": 0.5
New "step_pct": 0.1
alpha: 1.939289724982453e-05
Features selected: 8
Iterations without progress: 0

alpha: 1.745360752484208e-05
Features selected: 7
Iterations without progress: 0

alpha: 1.570824677235787e-05
Features selected: 7
Iterations without progress: 1

alpha: 1.4137422095122084e-05
Features selected: 7
Iterations without progress: 2

alpha: 1.2723679885609876e-05
Features selected: 7
Iterations without progress: 3

Old "step_pct": 0.1
New "step_pct": 0.02
alpha: 1.2469206287897678e-05
Features selected: 8
Iterations without progress: 0

alpha: 1.2219822162139724e-05
Features selected: 8
Iterations without progress: 1

alpha: 1.197542571889693e-05
Features selected: 8
Iterations without progress: 2

alpha: 1.173591720451899e-05
Features selected: 8
Iterations without progress: 3

alpha: 1.1501198860428611e-05
Features selected: 7
Iterations without progress: 0

Old "step_pct": 0.02
New "step_pct": 0.004
alpha: 1.1455194064986897e-05
Features selected: 8
Iterations without progress: 0

alpha: 1.1409373288726949e-05
Features selected: 8
Iterations without progress: 1

alpha: 1.1363735795572042e-05
Features selected: 8
Iterations without progress: 2

alpha: 1.1318280852389753e-05
Features selected: 8
Iterations without progress: 3

alpha: 1.1273007728980195e-05
Features selected: 8
Iterations without progress: 4

alpha: 1.1227915698064274e-05
Features selected: 8
Iterations without progress: 5

Leaving while loop before finding the alpha value that achieves selection of 9 feature(s) (minimum alpha value to use).

Using up to 8 selected features

Hyperparameter tuning...

Number of features: 1
Trimming excess components in <param_grid>...
Number of features: 4
Trimming excess components in <param_grid>...
Number of features: 6
Trimming excess components in <param_grid>...
Number of features: 3
Trimming excess components in <param_grid>...
Number of features: 2
Trimming excess components in <param_grid>...
Number of features: 8
Trimming excess components in <param_grid>...
Number of features: 5
Trimming excess components in <param_grid>...
Number of features: 7
Trimming excess components in <param_grid>...
Number of features: 4
Trimming excess components in <param_grid>...
Number of features: 3
Trimming excess components in <param_grid>...
Number of features: 7
Trimming excess components in <param_grid>...
Number of features: 3
Trimming excess components in <param_grid>...
Number of features: 5
Trimming excess components in <param_grid>...
Number of features: 4
Trimming excess components in <param_grid>...
Number of features: 7
Trimming excess components in <param_grid>...
Number of features: 8
Trimming excess components in <param_grid>...
Testing...

GLOBUS TRANSFER task_id: f560560a-29a6-11eb-b165-0ee0d5d9299f
Waiting for transfer f560560a-29a6-11eb-b165-0ee0d5d9299f to complete...
DONE.
GLOBUS DELETE task_id: fb52cf04-29a6-11eb-b165-0ee0d5d9299f
Skipping past idx_grix 0...
Skipping past idx_grix 1...
Skipping past idx_grix 2...
Skipping past idx_grix 3...
Skipping past idx_grix 4...
Skipping past idx_grix 5...
Skipping past idx_grix 6...
Skipping past idx_grix 7...
Skipping past idx_grix 8...
Skipping past idx_grix 9...
Skipping past idx_grix 10...
Skipping past idx_grix 11...

Processing scenario ID: 12
Panels type: ref_closest_panel
Crop type: crop_plot
Clip type: nan
Smooth type: nan
Bin type: {'method': 'spectral_mimic', 'sensor': 'sentinel-2a'}
Segment type: {'method': 'mcari2', 'wl1': [800], 'wl2': [670], 'wl3': [550], 'mask_percentile': 50, 'mask_side': 'lower'}

Response variable: biomass_kgha
Number of observations: 407

Feature set: derivative_2

Writing mean spectra to a ``pandas.DataFrame``.
Number of input datacubes/spectra: 835
Using up to 9 selected features

Hyperparameter tuning...

Number of features: 1
Trimming excess components in <param_grid>...
Number of features: 6
Trimming excess components in <param_grid>...
Number of features: 8
Trimming excess components in <param_grid>...
Number of features: 5
Trimming excess components in <param_grid>...
Number of features: 3
Trimming excess components in <param_grid>...
Number of features: 2
Trimming excess components in <param_grid>...
Number of features: 6
Trimming excess components in <param_grid>...
Number of features: 4
Trimming excess components in <param_grid>...
Number of features: 5
Trimming excess components in <param_grid>...
Number of features: 4
Trimming excess components in <param_grid>...
Number of features: 9
Trimming excess components in <param_grid>...
Number of features: 3
Trimming excess components in <param_grid>...
Number of features: 4
Trimming excess components in <param_grid>...
Number of features: 6
Trimming excess components in <param_grid>...
Number of features: 3
Trimming excess components in <param_grid>...
Number of features: 5
Trimming excess components in <param_grid>...
Number of features: 5
Trimming excess components in <param_grid>...
Number of features: 2
Trimming excess components in <param_grid>...
Testing...

GLOBUS TRANSFER task_id: 140152d0-29a7-11eb-b165-0ee0d5d9299f
Waiting for transfer 140152d0-29a7-11eb-b165-0ee0d5d9299f to complete...
DONE.
GLOBUS DELETE task_id: 1a3cc35a-29a7-11eb-b165-0ee0d5d9299f

Processing scenario ID: 13
Panels type: ref_closest_panel
Crop type: crop_plot
Clip type: nan
Smooth type: nan
Bin type: {'method': 'spectral_mimic', 'sensor': 'sentinel-2a'}
Segment type: {'method': 'mcari2', 'wl1': [800], 'wl2': [670], 'wl3': [550], 'mask_percentile': 50, 'mask_side': 'upper'}

Response variable: biomass_kgha
Number of observations: 407

Feature set: derivative_2

Writing mean spectra to a ``pandas.DataFrame``.
Number of input datacubes/spectra: 835
Old "step_pct": 0.05
New "step_pct": 0.5
alpha: 0.025
Features selected: 4
Iterations without progress: 0

alpha: 0.0125
Features selected: 4
Iterations without progress: 1

alpha: 0.00625
Features selected: 4
Iterations without progress: 2

alpha: 0.003125
Features selected: 5
Iterations without progress: 0

alpha: 0.0015625
Features selected: 5
Iterations without progress: 1

alpha: 0.00078125
Features selected: 6
Iterations without progress: 0

alpha: 0.001484375
Features selected: 9
Iterations without progress: 0

Using up to 9 selected features

Hyperparameter tuning...

Number of features: 1
Trimming excess components in <param_grid>...
Number of features: 3
Trimming excess components in <param_grid>...
Number of features: 5
Trimming excess components in <param_grid>...
Number of features: 4
Trimming excess components in <param_grid>...
Number of features: 6
Trimming excess components in <param_grid>...
Number of features: 2
Trimming excess components in <param_grid>...
Number of features: 7
Trimming excess components in <param_grid>...
Number of features: 6
Trimming excess components in <param_grid>...
Number of features: 5
Trimming excess components in <param_grid>...
Testing...

GLOBUS TRANSFER task_id: 2d21b8ae-29a7-11eb-8fc0-0a34088e79f9
Waiting for transfer 2d21b8ae-29a7-11eb-8fc0-0a34088e79f9 to complete...
DONE.
GLOBUS DELETE task_id: 3352ba70-29a7-11eb-8fc0-0a34088e79f9

Processing scenario ID: 14
Panels type: ref_closest_panel
Crop type: crop_plot
Clip type: nan
Smooth type: nan
Bin type: {'method': 'spectral_mimic', 'sensor': 'sentinel-2a'}
Segment type: {'method': 'mcari2', 'wl1': [800], 'wl2': [670], 'wl3': [550], 'mask_percentile': 90, 'mask_side': 'lower'}

Response variable: biomass_kgha
Number of observations: 407

Feature set: derivative_2

Writing mean spectra to a ``pandas.DataFrame``.
Number of input datacubes/spectra: 835
Old "step_pct": 0.05
New "step_pct": 0.5
alpha: 0.037109375
Features selected: 4
Iterations without progress: 0

alpha: 0.0185546875
Features selected: 4
Iterations without progress: 1

alpha: 0.00927734375
Features selected: 4
Iterations without progress: 2

alpha: 0.004638671875
Features selected: 5
Iterations without progress: 0

alpha: 0.0023193359375
Features selected: 6
Iterations without progress: 0

alpha: 0.00115966796875
Features selected: 7
Iterations without progress: 0

alpha: 0.000579833984375
Features selected: 7
Iterations without progress: 1

alpha: 0.0011016845703125
Features selected: 9
Iterations without progress: 0

Using up to 9 selected features

Hyperparameter tuning...

Number of features: 4
Trimming excess components in <param_grid>...
Number of features: 1
Trimming excess components in <param_grid>...
Number of features: 6
Trimming excess components in <param_grid>...
Number of features: 4
Trimming excess components in <param_grid>...
Number of features: 2
Trimming excess components in <param_grid>...
Number of features: 5
Trimming excess components in <param_grid>...
Number of features: 6
Trimming excess components in <param_grid>...
Number of features: 5
Trimming excess components in <param_grid>...
Number of features: 6
Trimming excess components in <param_grid>...
Number of features: 3
Trimming excess components in <param_grid>...
Number of features: 4
Trimming excess components in <param_grid>...
Number of features: 3
Trimming excess components in <param_grid>...
Number of features: 5
Trimming excess components in <param_grid>...
Number of features: 5
Trimming excess components in <param_grid>...
Number of features: 7
Trimming excess components in <param_grid>...
Testing...

GLOBUS TRANSFER task_id: 4798798f-29a7-11eb-b53b-02d9497ca481
Waiting for transfer 4798798f-29a7-11eb-b53b-02d9497ca481 to complete...
DONE.
GLOBUS DELETE task_id: 610156a2-29a7-11eb-b53b-02d9497ca481
Skipping past idx_grix 0...
Skipping past idx_grix 1...
Skipping past idx_grix 2...
Skipping past idx_grix 3...
Skipping past idx_grix 4...
Skipping past idx_grix 5...
Skipping past idx_grix 6...
Skipping past idx_grix 7...
Skipping past idx_grix 8...
Skipping past idx_grix 9...
Skipping past idx_grix 10...
Skipping past idx_grix 11...

Processing scenario ID: 12
Panels type: ref_closest_panel
Crop type: crop_plot
Clip type: nan
Smooth type: nan
Bin type: {'method': 'spectral_mimic', 'sensor': 'sentinel-2a'}
Segment type: {'method': 'mcari2', 'wl1': [800], 'wl2': [670], 'wl3': [550], 'mask_percentile': 50, 'mask_side': 'lower'}

Response variable: nup_kgha
Number of observations: 407

Feature set: derivative_2

Writing mean spectra to a ``pandas.DataFrame``.
Number of input datacubes/spectra: 835
Old "step_pct": 0.05
New "step_pct": 0.5
alpha: 0.0005
Features selected: 4
Iterations without progress: 0

alpha: 0.00025
Features selected: 4
Iterations without progress: 1

alpha: 0.000125
Features selected: 5
Iterations without progress: 0

alpha: 6.25e-05
Features selected: 5
Iterations without progress: 1

alpha: 3.125e-05
Features selected: 6
Iterations without progress: 0

alpha: 1.5625e-05
Features selected: 7
Iterations without progress: 0

alpha: 7.8125e-06
Features selected: 7
Iterations without progress: 1

alpha: 3.90625e-06
Features selected: 6
Iterations without progress: 0

alpha: 7.421875e-06
Features selected: 9
Iterations without progress: 0

Using up to 9 selected features

Hyperparameter tuning...

Number of features: 3
Trimming excess components in <param_grid>...
Number of features: 2
Trimming excess components in <param_grid>...
Number of features: 6
Trimming excess components in <param_grid>...
Number of features: 4
Trimming excess components in <param_grid>...
Number of features: 2
Trimming excess components in <param_grid>...
Number of features: 1
Trimming excess components in <param_grid>...
Number of features: 7
Trimming excess components in <param_grid>...
Number of features: 3
Trimming excess components in <param_grid>...
Number of features: 4
Trimming excess components in <param_grid>...
Number of features: 3
Trimming excess components in <param_grid>...
Number of features: 5
Trimming excess components in <param_grid>...
Number of features: 5
Trimming excess components in <param_grid>...
Number of features: 5
Trimming excess components in <param_grid>...
Number of features: 6
Trimming excess components in <param_grid>...
Number of features: 5
Trimming excess components in <param_grid>...
Number of features: 4
Trimming excess components in <param_grid>...
Number of features: 4
Trimming excess components in <param_grid>...
Number of features: 3
Trimming excess components in <param_grid>...
Number of features: 6
Trimming excess components in <param_grid>...
Testing...

GLOBUS TRANSFER task_id: 74bfb6de-29a7-11eb-8fc0-0a34088e79f9
Waiting for transfer 74bfb6de-29a7-11eb-8fc0-0a34088e79f9 to complete...
DONE.
GLOBUS DELETE task_id: 8d0e4aca-29a7-11eb-8fc0-0a34088e79f9

Processing scenario ID: 13
Panels type: ref_closest_panel
Crop type: crop_plot
Clip type: nan
Smooth type: nan
Bin type: {'method': 'spectral_mimic', 'sensor': 'sentinel-2a'}
Segment type: {'method': 'mcari2', 'wl1': [800], 'wl2': [670], 'wl3': [550], 'mask_percentile': 50, 'mask_side': 'upper'}

Response variable: nup_kgha
Number of observations: 407

Feature set: derivative_2

Writing mean spectra to a ``pandas.DataFrame``.
Number of input datacubes/spectra: 835
Old "step_pct": 0.05
New "step_pct": 0.5
alpha: 0.000185546875
Features selected: 4
Iterations without progress: 0

alpha: 9.27734375e-05
Features selected: 4
Iterations without progress: 1

alpha: 4.638671875e-05
Features selected: 6
Iterations without progress: 0

alpha: 2.3193359375e-05
Features selected: 5
Iterations without progress: 0

alpha: 1.15966796875e-05
Features selected: 6
Iterations without progress: 0

alpha: 5.79833984375e-06
Features selected: 7
Iterations without progress: 0

alpha: 2.899169921875e-06
Features selected: 7
Iterations without progress: 1

Old "step_pct": 0.5
New "step_pct": 0.1
alpha: 2.6092529296875e-06
Features selected: 8
Iterations without progress: 0

alpha: 2.34832763671875e-06
Features selected: 8
Iterations without progress: 1

alpha: 2.1134948730468753e-06
Features selected: 8
Iterations without progress: 2

alpha: 1.9021453857421878e-06
Features selected: 8
Iterations without progress: 3

alpha: 1.711930847167969e-06
Features selected: 8
Iterations without progress: 4

alpha: 1.5407377624511722e-06
Features selected: 8
Iterations without progress: 5

Leaving while loop before finding the alpha value that achieves selection of 9 feature(s) (minimum alpha value to use).

Using up to 8 selected features

Hyperparameter tuning...

Number of features: 1
Trimming excess components in <param_grid>...
Number of features: 4
Trimming excess components in <param_grid>...
Number of features: 2
Trimming excess components in <param_grid>...
Number of features: 4
Trimming excess components in <param_grid>...
Number of features: 2
Trimming excess components in <param_grid>...
Number of features: 5
Trimming excess components in <param_grid>...
Number of features: 6
Trimming excess components in <param_grid>...
Number of features: 3
Trimming excess components in <param_grid>...
Number of features: 6
Trimming excess components in <param_grid>...
Number of features: 8
Trimming excess components in <param_grid>...
Number of features: 5
Trimming excess components in <param_grid>...
Number of features: 7
Trimming excess components in <param_grid>...
Testing...

GLOBUS TRANSFER task_id: a1410780-29a7-11eb-b165-0ee0d5d9299f
Waiting for transfer a1410780-29a7-11eb-b165-0ee0d5d9299f to complete...
DONE.
GLOBUS DELETE task_id: b9a2e35c-29a7-11eb-b165-0ee0d5d9299f

Processing scenario ID: 14
Panels type: ref_closest_panel
Crop type: crop_plot
Clip type: nan
Smooth type: nan
Bin type: {'method': 'spectral_mimic', 'sensor': 'sentinel-2a'}
Segment type: {'method': 'mcari2', 'wl1': [800], 'wl2': [670], 'wl3': [550], 'mask_percentile': 90, 'mask_side': 'lower'}

Response variable: nup_kgha
Number of observations: 407

Feature set: derivative_2

Writing mean spectra to a ``pandas.DataFrame``.
Number of input datacubes/spectra: 835
Old "step_pct": 0.1
New "step_pct": 0.2
alpha: 6.162951049804689e-05
Features selected: 6
Iterations without progress: 0

alpha: 4.930360839843751e-05
Features selected: 7
Iterations without progress: 0

alpha: 3.9442886718750014e-05
Features selected: 7
Iterations without progress: 1

alpha: 3.1554309375000014e-05
Features selected: 7
Iterations without progress: 2

alpha: 2.5243447500000013e-05
Features selected: 7
Iterations without progress: 3

Old "step_pct": 0.2
New "step_pct": 0.04
alpha: 2.4233709600000013e-05
Features selected: 8
Iterations without progress: 0

alpha: 2.3264361216000012e-05
Features selected: 8
Iterations without progress: 1

alpha: 2.233378676736001e-05
Features selected: 8
Iterations without progress: 2

alpha: 2.1440435296665607e-05
Features selected: 8
Iterations without progress: 3

alpha: 2.058281788479898e-05
Features selected: 8
Iterations without progress: 4

alpha: 1.975950516940702e-05
Features selected: 8
Iterations without progress: 5

Leaving while loop before finding the alpha value that achieves selection of 9 feature(s) (minimum alpha value to use).

Using up to 8 selected features

Hyperparameter tuning...

Number of features: 2
Trimming excess components in <param_grid>...
Number of features: 3
Trimming excess components in <param_grid>...
Number of features: 4
Trimming excess components in <param_grid>...
Number of features: 1
Trimming excess components in <param_grid>...
Number of features: 3
Trimming excess components in <param_grid>...
Number of features: 7
Trimming excess components in <param_grid>...
Number of features: 5
Trimming excess components in <param_grid>...
Number of features: 4
Trimming excess components in <param_grid>...
Number of features: 5
Trimming excess components in <param_grid>...
Number of features: 8
Trimming excess components in <param_grid>...
Number of features: 6
Trimming excess components in <param_grid>...
Number of features: 5
Trimming excess components in <param_grid>...
Number of features: 5
Trimming excess components in <param_grid>...
Number of features: 6
Trimming excess components in <param_grid>...
Number of features: 6
Trimming excess components in <param_grid>...
Number of features: 4
Trimming excess components in <param_grid>...
Testing...

GLOBUS TRANSFER task_id: cf026a92-29a7-11eb-b53b-02d9497ca481
Waiting for transfer cf026a92-29a7-11eb-b53b-02d9497ca481 to complete...
DONE.
GLOBUS DELETE task_id: ed6d0654-29a7-11eb-b53b-02d9497ca481
Skipping past idx_grix 0...
Skipping past idx_grix 1...
Skipping past idx_grix 2...
Skipping past idx_grix 3...
Skipping past idx_grix 4...
Skipping past idx_grix 5...
Skipping past idx_grix 6...
Skipping past idx_grix 7...
Skipping past idx_grix 8...
Skipping past idx_grix 9...
Skipping past idx_grix 10...
Skipping past idx_grix 11...

Processing scenario ID: 12
Panels type: ref_closest_panel
Crop type: crop_plot
Clip type: nan
Smooth type: nan
Bin type: {'method': 'spectral_mimic', 'sensor': 'sentinel-2a'}
Segment type: {'method': 'mcari2', 'wl1': [800], 'wl2': [670], 'wl3': [550], 'mask_percentile': 50, 'mask_side': 'lower'}

Response variable: tissue_n_pct
Number of observations: 408

Feature set: derivative_2

Writing mean spectra to a ``pandas.DataFrame``.
Number of input datacubes/spectra: 835
Old "step_pct": 0.05
New "step_pct": 0.5
alpha: 0.0005
Features selected: 1
Iterations without progress: 0

alpha: 0.00025
Features selected: 2
Iterations without progress: 0

alpha: 0.000125
Features selected: 3
Iterations without progress: 0

alpha: 6.25e-05
Features selected: 3
Iterations without progress: 1

alpha: 3.125e-05
Features selected: 3
Iterations without progress: 2

alpha: 1.5625e-05
Features selected: 4
Iterations without progress: 0

alpha: 7.8125e-06
Features selected: 4
Iterations without progress: 1

alpha: 3.90625e-06
Features selected: 5
Iterations without progress: 0

alpha: 1.953125e-06
Features selected: 5
Iterations without progress: 1

alpha: 9.765625e-07
Features selected: 6
Iterations without progress: 0

alpha: 4.8828125e-07
Features selected: 7
Iterations without progress: 0

Old "step_pct": 0.5
New "step_pct": 0.1
alpha: 4.3945312500000004e-07
Features selected: 8
Iterations without progress: 0

alpha: 3.9550781250000003e-07
Features selected: 8
Iterations without progress: 1

alpha: 3.5595703125e-07
Features selected: 8
Iterations without progress: 2

alpha: 3.2036132812500003e-07
Features selected: 7
Iterations without progress: 0

Old "step_pct": 0.1
New "step_pct": 0.02
alpha: 3.1395410156250005e-07
Features selected: 8
Iterations without progress: 0

alpha: 3.1972060546875e-07
Features selected: 9
Iterations without progress: 0

Using up to 9 selected features

Hyperparameter tuning...

Number of features: 0
Trimming excess components in <param_grid>...
Number of features: 2
Trimming excess components in <param_grid>...
Number of features: 3
Trimming excess components in <param_grid>...
Number of features: 3
Trimming excess components in <param_grid>...
Number of features: 4
Trimming excess components in <param_grid>...
Number of features: 7
Trimming excess components in <param_grid>...
Number of features: 1
Trimming excess components in <param_grid>...
Number of features: 8
Trimming excess components in <param_grid>...
Number of features: 3
Trimming excess components in <param_grid>...
Number of features: 6
Trimming excess components in <param_grid>...
Number of features: 5
Trimming excess components in <param_grid>...
Number of features: 4
Trimming excess components in <param_grid>...
Number of features: 6
Trimming excess components in <param_grid>...
Number of features: 6
Trimming excess components in <param_grid>...
Number of features: 7
Trimming excess components in <param_grid>...
Number of features: 4
Trimming excess components in <param_grid>...
Number of features: 5
Trimming excess components in <param_grid>...
Number of features: 4
Trimming excess components in <param_grid>...
Testing...

GLOBUS TRANSFER task_id: 02de68d4-29a8-11eb-8fc0-0a34088e79f9
Waiting for transfer 02de68d4-29a8-11eb-8fc0-0a34088e79f9 to complete...
Transfer 02de68d4-29a8-11eb-8fc0-0a34088e79f9 has not yet finished; transfer submitted 1 minute(s) ago
Transfer 02de68d4-29a8-11eb-8fc0-0a34088e79f9 has not yet finished; transfer submitted 2 minute(s) ago
Transfer 02de68d4-29a8-11eb-8fc0-0a34088e79f9 has not yet finished; transfer submitted 3 minute(s) ago
Transfer 02de68d4-29a8-11eb-8fc0-0a34088e79f9 has not yet finished; transfer submitted 4 minute(s) ago
Transfer 02de68d4-29a8-11eb-8fc0-0a34088e79f9 has not yet finished; transfer submitted 5 minute(s) ago
Transfer 02de68d4-29a8-11eb-8fc0-0a34088e79f9 has not yet finished; transfer submitted 6 minute(s) ago
DONE.
GLOBUS DELETE task_id: eed146a8-29a8-11eb-8fc0-0a34088e79f9

Processing scenario ID: 13
Panels type: ref_closest_panel
Crop type: crop_plot
Clip type: nan
Smooth type: nan
Bin type: {'method': 'spectral_mimic', 'sensor': 'sentinel-2a'}
Segment type: {'method': 'mcari2', 'wl1': [800], 'wl2': [670], 'wl3': [550], 'mask_percentile': 50, 'mask_side': 'upper'}

Response variable: tissue_n_pct
Number of observations: 408

Feature set: derivative_2

Writing mean spectra to a ``pandas.DataFrame``.
Number of input datacubes/spectra: 835
Old "step_pct": 0.002
New "step_pct": 0.02
alpha: 1.566630966796875e-05
Features selected: 4
Iterations without progress: 0

Old "step_pct": 0.02
New "step_pct": 0.2
alpha: 1.2533047734375e-05
Features selected: 4
Iterations without progress: 1

Old "step_pct": 0.2
New "step_pct": 0.4
alpha: 7.519828640625e-06
Features selected: 4
Iterations without progress: 2

Old "step_pct": 0.4
New "step_pct": 0.8
alpha: 1.5039657281249997e-06
Features selected: 4
Iterations without progress: 3

Old "step_pct": 0.8
New "step_pct": 0.16
alpha: 1.2633312116249996e-06
Features selected: 8
Iterations without progress: 0

alpha: 1.0611982177649996e-06
Features selected: 8
Iterations without progress: 1

alpha: 8.914065029225996e-07
Features selected: 8
Iterations without progress: 2

alpha: 7.487814624549837e-07
Features selected: 8
Iterations without progress: 3

alpha: 6.289764284621863e-07
Features selected: 8
Iterations without progress: 4

alpha: 5.283401999082364e-07
Features selected: 8
Iterations without progress: 5

Leaving while loop before finding the alpha value that achieves selection of 9 feature(s) (minimum alpha value to use).

Using up to 8 selected features

Hyperparameter tuning...

Number of features: 0
Trimming excess components in <param_grid>...
Number of features: 1
Trimming excess components in <param_grid>...
Number of features: 4
Trimming excess components in <param_grid>...
Number of features: 4
Trimming excess components in <param_grid>...
Number of features: 3
Trimming excess components in <param_grid>...
Number of features: 7
Trimming excess components in <param_grid>...
Number of features: 5
Trimming excess components in <param_grid>...
Number of features: 4
Trimming excess components in <param_grid>...
Number of features: 3
Trimming excess components in <param_grid>...
Number of features: 6
Trimming excess components in <param_grid>...
Number of features: 4
Trimming excess components in <param_grid>...
Number of features: 4
Trimming excess components in <param_grid>...
Number of features: 3
Trimming excess components in <param_grid>...
Number of features: 6
Trimming excess components in <param_grid>...
Number of features: 5
Trimming excess components in <param_grid>...
Number of features: 8
Trimming excess components in <param_grid>...
Number of features: 2
Trimming excess components in <param_grid>...
Number of features: 3
Trimming excess components in <param_grid>...
Number of features: 5
Trimming excess components in <param_grid>...
Testing...

GLOBUS TRANSFER task_id: 032a2d9a-29a9-11eb-8fc0-0a34088e79f9
Waiting for transfer 032a2d9a-29a9-11eb-8fc0-0a34088e79f9 to complete...
Transfer 032a2d9a-29a9-11eb-8fc0-0a34088e79f9 has not yet finished; transfer submitted 1 minute(s) ago
Transfer 032a2d9a-29a9-11eb-8fc0-0a34088e79f9 has not yet finished; transfer submitted 2 minute(s) ago
Transfer 032a2d9a-29a9-11eb-8fc0-0a34088e79f9 has not yet finished; transfer submitted 3 minute(s) ago
Transfer 032a2d9a-29a9-11eb-8fc0-0a34088e79f9 has not yet finished; transfer submitted 4 minute(s) ago
Transfer 032a2d9a-29a9-11eb-8fc0-0a34088e79f9 has not yet finished; transfer submitted 5 minute(s) ago
DONE.
GLOBUS DELETE task_id: dd0d22ec-29a9-11eb-8fc0-0a34088e79f9

Processing scenario ID: 14
Panels type: ref_closest_panel
Crop type: crop_plot
Clip type: nan
Smooth type: nan
Bin type: {'method': 'spectral_mimic', 'sensor': 'sentinel-2a'}
Segment type: {'method': 'mcari2', 'wl1': [800], 'wl2': [670], 'wl3': [550], 'mask_percentile': 90, 'mask_side': 'lower'}

Response variable: tissue_n_pct
Number of observations: 408

Feature set: derivative_2

Writing mean spectra to a ``pandas.DataFrame``.
Number of input datacubes/spectra: 835
Old "step_pct": 0.16
New "step_pct": 0.8
alpha: 5.283401999082363e-06
Features selected: 4
Iterations without progress: 0

alpha: 1.0566803998164723e-06
Features selected: 4
Iterations without progress: 1

alpha: 2.1133607996329442e-07
Features selected: 6
Iterations without progress: 0

alpha: 9.721459678311546e-07
Features selected: 9
Iterations without progress: 0

Using up to 9 selected features

Hyperparameter tuning...

Number of features: 0
Trimming excess components in <param_grid>...
Number of features: 1
Trimming excess components in <param_grid>...
Number of features: 2
Trimming excess components in <param_grid>...
Number of features: 3
Trimming excess components in <param_grid>...
Number of features: 5
Trimming excess components in <param_grid>...
Number of features: 5
Trimming excess components in <param_grid>...
Number of features: 5
Trimming excess components in <param_grid>...
Number of features: 4
Trimming excess components in <param_grid>...
Number of features: 4
Trimming excess components in <param_grid>...
Number of features: 4
Trimming excess components in <param_grid>...
Number of features: 6
Trimming excess components in <param_grid>...
Number of features: 5
Trimming excess components in <param_grid>...
Number of features: 7
Trimming excess components in <param_grid>...
Number of features: 6
Trimming excess components in <param_grid>...
Number of features: 6
Trimming excess components in <param_grid>...
Testing...

GLOBUS TRANSFER task_id: ee2b6336-29a9-11eb-8fc0-0a34088e79f9
Waiting for transfer ee2b6336-29a9-11eb-8fc0-0a34088e79f9 to complete...
Transfer ee2b6336-29a9-11eb-8fc0-0a34088e79f9 has not yet finished; transfer submitted 1 minute(s) ago
Transfer ee2b6336-29a9-11eb-8fc0-0a34088e79f9 has not yet finished; transfer submitted 2 minute(s) ago
Transfer ee2b6336-29a9-11eb-8fc0-0a34088e79f9 has not yet finished; transfer submitted 3 minute(s) ago
Transfer ee2b6336-29a9-11eb-8fc0-0a34088e79f9 has not yet finished; transfer submitted 4 minute(s) ago
DONE.
GLOBUS DELETE task_id: 85875aa0-29aa-11eb-8fc0-0a34088e79f9

Processing scenario ID: 12
Panels type: ref_closest_panel
Crop type: crop_plot
Clip type: nan
Smooth type: nan
Bin type: {'method': 'spectral_mimic', 'sensor': 'sentinel-2a'}
Segment type: {'method': 'mcari2', 'wl1': [800], 'wl2': [670], 'wl3': [550], 'mask_percentile': 50, 'mask_side': 'lower'}
GLOBUS TRANSFER task_id: 8772f374-29aa-11eb-b165-0ee0d5d9299f
Waiting for transfer 8772f374-29aa-11eb-b165-0ee0d5d9299f to complete...
Transfer 8772f374-29aa-11eb-b165-0ee0d5d9299f has not yet finished; transfer submitted 1 minute(s) ago
Transfer 8772f374-29aa-11eb-b165-0ee0d5d9299f has not yet finished; transfer submitted 2 minute(s) ago
Transfer 8772f374-29aa-11eb-b165-0ee0d5d9299f has not yet finished; transfer submitted 3 minute(s) ago
Transfer 8772f374-29aa-11eb-b165-0ee0d5d9299f has not yet finished; transfer submitted 4 minute(s) ago
Transfer 8772f374-29aa-11eb-b165-0ee0d5d9299f has not yet finished; transfer submitted 5 minute(s) ago
DONE.
GLOBUS DELETE task_id: 5bce3390-29ab-11eb-b165-0ee0d5d9299f

Processing scenario ID: 13
Panels type: ref_closest_panel
Crop type: crop_plot
Clip type: nan
Smooth type: nan
Bin type: {'method': 'spectral_mimic', 'sensor': 'sentinel-2a'}
Segment type: {'method': 'mcari2', 'wl1': [800], 'wl2': [670], 'wl3': [550], 'mask_percentile': 50, 'mask_side': 'upper'}
GLOBUS TRANSFER task_id: 5d6cc7e8-29ab-11eb-8fc0-0a34088e79f9
Waiting for transfer 5d6cc7e8-29ab-11eb-8fc0-0a34088e79f9 to complete...
Transfer 5d6cc7e8-29ab-11eb-8fc0-0a34088e79f9 has not yet finished; transfer submitted 1 minute(s) ago
Transfer 5d6cc7e8-29ab-11eb-8fc0-0a34088e79f9 has not yet finished; transfer submitted 2 minute(s) ago
Transfer 5d6cc7e8-29ab-11eb-8fc0-0a34088e79f9 has not yet finished; transfer submitted 3 minute(s) ago
Transfer 5d6cc7e8-29ab-11eb-8fc0-0a34088e79f9 has not yet finished; transfer submitted 4 minute(s) ago
Transfer 5d6cc7e8-29ab-11eb-8fc0-0a34088e79f9 has not yet finished; transfer submitted 5 minute(s) ago
DONE.
GLOBUS DELETE task_id: 257abe84-29ac-11eb-8fc0-0a34088e79f9

Processing scenario ID: 14
Panels type: ref_closest_panel
Crop type: crop_plot
Clip type: nan
Smooth type: nan
Bin type: {'method': 'spectral_mimic', 'sensor': 'sentinel-2a'}
Segment type: {'method': 'mcari2', 'wl1': [800], 'wl2': [670], 'wl3': [550], 'mask_percentile': 90, 'mask_side': 'lower'}
GLOBUS TRANSFER task_id: 27140e6c-29ac-11eb-b53b-02d9497ca481
Waiting for transfer 27140e6c-29ac-11eb-b53b-02d9497ca481 to complete...
Transfer 27140e6c-29ac-11eb-b53b-02d9497ca481 has not yet finished; transfer submitted 1 minute(s) ago
Transfer 27140e6c-29ac-11eb-b53b-02d9497ca481 has not yet finished; transfer submitted 2 minute(s) ago
Transfer 27140e6c-29ac-11eb-b53b-02d9497ca481 has not yet finished; transfer submitted 3 minute(s) ago
Transfer 27140e6c-29ac-11eb-b53b-02d9497ca481 has not yet finished; transfer submitted 4 minute(s) ago
DONE.
GLOBUS DELETE task_id: d6beadb8-29ac-11eb-b53b-02d9497ca481
