/home/yangc1/nigo0024/anaconda3/envs/sip_run_2/lib/python3.8/site-packages/sklearn/linear_model/_coordinate_descent.py:529: ConvergenceWarning: Objective did not converge. You might want to increase the number of iterations. Duality gap: 16107762.125112459, tolerance: 29878.114385653145
  model = cd_fast.enet_coordinate_descent(
/home/yangc1/nigo0024/anaconda3/envs/sip_run_2/lib/python3.8/site-packages/sklearn/linear_model/_coordinate_descent.py:529: ConvergenceWarning: Objective did not converge. You might want to increase the number of iterations. Duality gap: 671095.4837405309, tolerance: 29878.114385653145
  model = cd_fast.enet_coordinate_descent(
/home/yangc1/nigo0024/anaconda3/envs/sip_run_2/lib/python3.8/site-packages/sklearn/linear_model/_coordinate_descent.py:529: ConvergenceWarning: Objective did not converge. You might want to increase the number of iterations. Duality gap: 12655309.047968203, tolerance: 29878.114385653145
  model = cd_fast.enet_coordinate_descent(
/home/yangc1/nigo0024/anaconda3/envs/sip_run_2/lib/python3.8/site-packages/sklearn/linear_model/_coordinate_descent.py:529: ConvergenceWarning: Objective did not converge. You might want to increase the number of iterations. Duality gap: 13429224.792562734, tolerance: 29878.114385653145
  model = cd_fast.enet_coordinate_descent(
/home/yangc1/nigo0024/anaconda3/envs/sip_run_2/lib/python3.8/site-packages/sklearn/linear_model/_coordinate_descent.py:529: ConvergenceWarning: Objective did not converge. You might want to increase the number of iterations. Duality gap: 13443485.585777827, tolerance: 29878.114385653145
  model = cd_fast.enet_coordinate_descent(
/home/yangc1/nigo0024/anaconda3/envs/sip_run_2/lib/python3.8/site-packages/sklearn/linear_model/_coordinate_descent.py:529: ConvergenceWarning: Objective did not converge. You might want to increase the number of iterations. Duality gap: 12811253.237453207, tolerance: 29878.114385653145
  model = cd_fast.enet_coordinate_descent(
/home/yangc1/nigo0024/anaconda3/envs/sip_run_2/lib/python3.8/site-packages/sklearn/linear_model/_coordinate_descent.py:529: ConvergenceWarning: Objective did not converge. You might want to increase the number of iterations. Duality gap: 15417751.277673725, tolerance: 29878.114385653145
  model = cd_fast.enet_coordinate_descent(
/home/yangc1/nigo0024/anaconda3/envs/sip_run_2/lib/python3.8/site-packages/sklearn/linear_model/_coordinate_descent.py:529: ConvergenceWarning: Objective did not converge. You might want to increase the number of iterations. Duality gap: 15251877.561483003, tolerance: 29878.114385653145
  model = cd_fast.enet_coordinate_descent(
/home/yangc1/nigo0024/anaconda3/envs/sip_run_2/lib/python3.8/site-packages/sklearn/linear_model/_coordinate_descent.py:529: ConvergenceWarning: Objective did not converge. You might want to increase the number of iterations. Duality gap: 13001967.05275326, tolerance: 29878.114385653145
  model = cd_fast.enet_coordinate_descent(
/home/yangc1/nigo0024/anaconda3/envs/sip_run_2/lib/python3.8/site-packages/sklearn/linear_model/_coordinate_descent.py:529: ConvergenceWarning: Objective did not converge. You might want to increase the number of iterations. Duality gap: 4.244004844070332, tolerance: 3.6648978079144934
  model = cd_fast.enet_coordinate_descent(
/home/yangc1/nigo0024/anaconda3/envs/sip_run_2/lib/python3.8/site-packages/sklearn/linear_model/_coordinate_descent.py:529: ConvergenceWarning: Objective did not converge. You might want to increase the number of iterations. Duality gap: 4.394452028504475, tolerance: 3.6648978079144934
  model = cd_fast.enet_coordinate_descent(
/home/yangc1/nigo0024/anaconda3/envs/sip_run_2/lib/python3.8/site-packages/sklearn/linear_model/_coordinate_descent.py:529: ConvergenceWarning: Objective did not converge. You might want to increase the number of iterations. Duality gap: 4.414776548333975, tolerance: 3.6648978079144934
  model = cd_fast.enet_coordinate_descent(
/home/yangc1/nigo0024/anaconda3/envs/sip_run_2/lib/python3.8/site-packages/sklearn/linear_model/_coordinate_descent.py:529: ConvergenceWarning: Objective did not converge. You might want to increase the number of iterations. Duality gap: 6.171535735350972, tolerance: 3.6648978079144934
  model = cd_fast.enet_coordinate_descent(
/home/yangc1/nigo0024/anaconda3/envs/sip_run_2/lib/python3.8/site-packages/sklearn/linear_model/_coordinate_descent.py:529: ConvergenceWarning: Objective did not converge. You might want to increase the number of iterations. Duality gap: 6.180424415888865, tolerance: 3.6648978079144934
  model = cd_fast.enet_coordinate_descent(
/home/yangc1/nigo0024/anaconda3/envs/sip_run_2/lib/python3.8/site-packages/sklearn/linear_model/_coordinate_descent.py:529: ConvergenceWarning: Objective did not converge. You might want to increase the number of iterations. Duality gap: 15.167513129462804, tolerance: 3.6648978079144934
  model = cd_fast.enet_coordinate_descent(
/home/yangc1/nigo0024/anaconda3/envs/sip_run_2/lib/python3.8/site-packages/sklearn/linear_model/_coordinate_descent.py:529: ConvergenceWarning: Objective did not converge. You might want to increase the number of iterations. Duality gap: 15.502087650874728, tolerance: 3.6648978079144934
  model = cd_fast.enet_coordinate_descent(
/home/yangc1/nigo0024/anaconda3/envs/sip_run_2/lib/python3.8/site-packages/sklearn/linear_model/_coordinate_descent.py:529: ConvergenceWarning: Objective did not converge. You might want to increase the number of iterations. Duality gap: 8215954.247337662, tolerance: 29878.114385653145
  model = cd_fast.enet_coordinate_descent(
/home/yangc1/nigo0024/anaconda3/envs/sip_run_2/lib/python3.8/site-packages/sklearn/linear_model/_coordinate_descent.py:529: ConvergenceWarning: Objective did not converge. You might want to increase the number of iterations. Duality gap: 13421351.622150324, tolerance: 29878.114385653145
  model = cd_fast.enet_coordinate_descent(
/home/yangc1/nigo0024/anaconda3/envs/sip_run_2/lib/python3.8/site-packages/sklearn/linear_model/_coordinate_descent.py:529: ConvergenceWarning: Objective did not converge. You might want to increase the number of iterations. Duality gap: 1511082.857447736, tolerance: 29878.114385653145
  model = cd_fast.enet_coordinate_descent(
/home/yangc1/nigo0024/anaconda3/envs/sip_run_2/lib/python3.8/site-packages/sklearn/linear_model/_coordinate_descent.py:529: ConvergenceWarning: Objective did not converge. You might want to increase the number of iterations. Duality gap: 17333245.932892974, tolerance: 29878.114385653145
  model = cd_fast.enet_coordinate_descent(
/home/yangc1/nigo0024/anaconda3/envs/sip_run_2/lib/python3.8/site-packages/sklearn/linear_model/_coordinate_descent.py:529: ConvergenceWarning: Objective did not converge. You might want to increase the number of iterations. Duality gap: 17357933.45263706, tolerance: 29878.114385653145
  model = cd_fast.enet_coordinate_descent(
/home/yangc1/nigo0024/anaconda3/envs/sip_run_2/lib/python3.8/site-packages/sklearn/linear_model/_coordinate_descent.py:529: ConvergenceWarning: Objective did not converge. You might want to increase the number of iterations. Duality gap: 81.46213147256958, tolerance: 3.6648978079144934
  model = cd_fast.enet_coordinate_descent(
/home/yangc1/nigo0024/anaconda3/envs/sip_run_2/lib/python3.8/site-packages/sklearn/linear_model/_coordinate_descent.py:529: ConvergenceWarning: Objective did not converge. You might want to increase the number of iterations. Duality gap: 125.43471677213347, tolerance: 3.6648978079144934
  model = cd_fast.enet_coordinate_descent(
/home/yangc1/nigo0024/anaconda3/envs/sip_run_2/lib/python3.8/site-packages/sklearn/linear_model/_coordinate_descent.py:529: ConvergenceWarning: Objective did not converge. You might want to increase the number of iterations. Duality gap: 16788105.000845484, tolerance: 29878.114385653145
  model = cd_fast.enet_coordinate_descent(
/home/yangc1/nigo0024/anaconda3/envs/sip_run_2/lib/python3.8/site-packages/sklearn/linear_model/_coordinate_descent.py:529: ConvergenceWarning: Objective did not converge. You might want to increase the number of iterations. Duality gap: 17811642.487645835, tolerance: 29878.114385653145
  model = cd_fast.enet_coordinate_descent(
All processing scenarios are finished. Exiting program.
/home/yangc1/nigo0024/anaconda3/envs/sip_run_2/lib/python3.8/site-packages/sklearn/linear_model/_coordinate_descent.py:529: ConvergenceWarning: Objective did not converge. You might want to increase the number of iterations. Duality gap: 8115.174938820083, tolerance: 17.538496504468622
  model = cd_fast.enet_coordinate_descent(
/home/yangc1/nigo0024/anaconda3/envs/sip_run_2/lib/python3.8/site-packages/sklearn/linear_model/_coordinate_descent.py:529: ConvergenceWarning: Objective did not converge. You might want to increase the number of iterations. Duality gap: 36.12080846617755, tolerance: 17.538496504468622
  model = cd_fast.enet_coordinate_descent(
/home/yangc1/nigo0024/anaconda3/envs/sip_run_2/lib/python3.8/site-packages/sklearn/linear_model/_coordinate_descent.py:529: ConvergenceWarning: Objective did not converge. You might want to increase the number of iterations. Duality gap: 21.570367650710978, tolerance: 17.538496504468622
  model = cd_fast.enet_coordinate_descent(
/home/yangc1/nigo0024/anaconda3/envs/sip_run_2/lib/python3.8/site-packages/sklearn/linear_model/_coordinate_descent.py:529: ConvergenceWarning: Objective did not converge. You might want to increase the number of iterations. Duality gap: 40.854635194722505, tolerance: 17.538496504468622
  model = cd_fast.enet_coordinate_descent(
/home/yangc1/nigo0024/anaconda3/envs/sip_run_2/lib/python3.8/site-packages/sklearn/linear_model/_coordinate_descent.py:529: ConvergenceWarning: Objective did not converge. You might want to increase the number of iterations. Duality gap: 93.3499709452226, tolerance: 17.538496504468622
  model = cd_fast.enet_coordinate_descent(
/home/yangc1/nigo0024/anaconda3/envs/sip_run_2/lib/python3.8/site-packages/sklearn/linear_model/_coordinate_descent.py:529: ConvergenceWarning: Objective did not converge. You might want to increase the number of iterations. Duality gap: 172.26335894611475, tolerance: 17.538496504468622
  model = cd_fast.enet_coordinate_descent(
/home/yangc1/nigo0024/anaconda3/envs/sip_run_2/lib/python3.8/site-packages/sklearn/linear_model/_coordinate_descent.py:529: ConvergenceWarning: Objective did not converge. You might want to increase the number of iterations. Duality gap: 293.8635766669213, tolerance: 17.538496504468622
  model = cd_fast.enet_coordinate_descent(
/home/yangc1/nigo0024/anaconda3/envs/sip_run_2/lib/python3.8/site-packages/sklearn/linear_model/_coordinate_descent.py:529: ConvergenceWarning: Objective did not converge. You might want to increase the number of iterations. Duality gap: 474.0499933258325, tolerance: 17.538496504468622
  model = cd_fast.enet_coordinate_descent(
/home/yangc1/nigo0024/anaconda3/envs/sip_run_2/lib/python3.8/site-packages/sklearn/linear_model/_coordinate_descent.py:529: ConvergenceWarning: Objective did not converge. You might want to increase the number of iterations. Duality gap: 730.6855939516754, tolerance: 17.538496504468622
  model = cd_fast.enet_coordinate_descent(
/home/yangc1/nigo0024/anaconda3/envs/sip_run_2/lib/python3.8/site-packages/sklearn/linear_model/_coordinate_descent.py:529: ConvergenceWarning: Objective did not converge. You might want to increase the number of iterations. Duality gap: 1082.4475793378042, tolerance: 17.538496504468622
  model = cd_fast.enet_coordinate_descent(
/home/yangc1/nigo0024/anaconda3/envs/sip_run_2/lib/python3.8/site-packages/sklearn/linear_model/_coordinate_descent.py:529: ConvergenceWarning: Objective did not converge. You might want to increase the number of iterations. Duality gap: 54.42691035260577, tolerance: 17.538496504468622
  model = cd_fast.enet_coordinate_descent(
/home/yangc1/nigo0024/anaconda3/envs/sip_run_2/lib/python3.8/site-packages/sklearn/linear_model/_coordinate_descent.py:529: ConvergenceWarning: Objective did not converge. You might want to increase the number of iterations. Duality gap: 813.1133483620906, tolerance: 17.538496504468622
  model = cd_fast.enet_coordinate_descent(
/home/yangc1/nigo0024/anaconda3/envs/sip_run_2/lib/python3.8/site-packages/sklearn/linear_model/_coordinate_descent.py:529: ConvergenceWarning: Objective did not converge. You might want to increase the number of iterations. Duality gap: 44.408181650076585, tolerance: 17.538496504468622
  model = cd_fast.enet_coordinate_descent(
/home/yangc1/nigo0024/anaconda3/envs/sip_run_2/lib/python3.8/site-packages/sklearn/linear_model/_coordinate_descent.py:529: ConvergenceWarning: Objective did not converge. You might want to increase the number of iterations. Duality gap: 39.10260117688449, tolerance: 17.538496504468622
  model = cd_fast.enet_coordinate_descent(
/home/yangc1/nigo0024/anaconda3/envs/sip_run_2/lib/python3.8/site-packages/sklearn/linear_model/_coordinate_descent.py:529: ConvergenceWarning: Objective did not converge. You might want to increase the number of iterations. Duality gap: 19.017140701576864, tolerance: 17.538496504468622
  model = cd_fast.enet_coordinate_descent(
All processing scenarios are finished. Exiting program.
/home/yangc1/nigo0024/anaconda3/envs/sip_run_2/lib/python3.8/site-packages/sklearn/linear_model/_coordinate_descent.py:529: ConvergenceWarning: Objective did not converge. You might want to increase the number of iterations. Duality gap: 0.012211850908535382, tolerance: 0.011853163025327513
  model = cd_fast.enet_coordinate_descent(
/home/yangc1/nigo0024/anaconda3/envs/sip_run_2/lib/python3.8/site-packages/sklearn/linear_model/_coordinate_descent.py:529: ConvergenceWarning: Objective did not converge. You might want to increase the number of iterations. Duality gap: 0.013895029974918316, tolerance: 0.011853163025327513
  model = cd_fast.enet_coordinate_descent(
/home/yangc1/nigo0024/anaconda3/envs/sip_run_2/lib/python3.8/site-packages/sklearn/linear_model/_coordinate_descent.py:529: ConvergenceWarning: Objective did not converge. You might want to increase the number of iterations. Duality gap: 0.015658175350914405, tolerance: 0.011853163025327513
  model = cd_fast.enet_coordinate_descent(
/home/yangc1/nigo0024/anaconda3/envs/sip_run_2/lib/python3.8/site-packages/sklearn/linear_model/_coordinate_descent.py:529: ConvergenceWarning: Objective did not converge. You might want to increase the number of iterations. Duality gap: 0.017492347797762875, tolerance: 0.011853163025327513
  model = cd_fast.enet_coordinate_descent(
/home/yangc1/nigo0024/anaconda3/envs/sip_run_2/lib/python3.8/site-packages/sklearn/linear_model/_coordinate_descent.py:529: ConvergenceWarning: Objective did not converge. You might want to increase the number of iterations. Duality gap: 0.08146142226735265, tolerance: 0.011853163025327513
  model = cd_fast.enet_coordinate_descent(
/home/yangc1/nigo0024/anaconda3/envs/sip_run_2/lib/python3.8/site-packages/sklearn/linear_model/_coordinate_descent.py:529: ConvergenceWarning: Objective did not converge. You might want to increase the number of iterations. Duality gap: 0.10873241501406028, tolerance: 0.011853163025327513
  model = cd_fast.enet_coordinate_descent(
/home/yangc1/nigo0024/anaconda3/envs/sip_run_2/lib/python3.8/site-packages/sklearn/linear_model/_coordinate_descent.py:529: ConvergenceWarning: Objective did not converge. You might want to increase the number of iterations. Duality gap: 0.14556086633487553, tolerance: 0.011853163025327513
  model = cd_fast.enet_coordinate_descent(
/home/yangc1/nigo0024/anaconda3/envs/sip_run_2/lib/python3.8/site-packages/sklearn/linear_model/_coordinate_descent.py:529: ConvergenceWarning: Objective did not converge. You might want to increase the number of iterations. Duality gap: 0.19542384939864377, tolerance: 0.011853163025327513
  model = cd_fast.enet_coordinate_descent(
/home/yangc1/nigo0024/anaconda3/envs/sip_run_2/lib/python3.8/site-packages/sklearn/linear_model/_coordinate_descent.py:529: ConvergenceWarning: Objective did not converge. You might want to increase the number of iterations. Duality gap: 0.30306472090074266, tolerance: 0.011853163025327513
  model = cd_fast.enet_coordinate_descent(
/home/yangc1/nigo0024/anaconda3/envs/sip_run_2/lib/python3.8/site-packages/sklearn/linear_model/_coordinate_descent.py:529: ConvergenceWarning: Objective did not converge. You might want to increase the number of iterations. Duality gap: 0.4437363164426742, tolerance: 0.011853163025327513
  model = cd_fast.enet_coordinate_descent(
/home/yangc1/nigo0024/anaconda3/envs/sip_run_2/lib/python3.8/site-packages/sklearn/linear_model/_coordinate_descent.py:529: ConvergenceWarning: Objective did not converge. You might want to increase the number of iterations. Duality gap: 0.6584743492191762, tolerance: 0.011853163025327513
  model = cd_fast.enet_coordinate_descent(
/home/yangc1/nigo0024/anaconda3/envs/sip_run_2/lib/python3.8/site-packages/sklearn/linear_model/_coordinate_descent.py:529: ConvergenceWarning: Objective did not converge. You might want to increase the number of iterations. Duality gap: 0.980582824435551, tolerance: 0.011853163025327513
  model = cd_fast.enet_coordinate_descent(
All processing scenarios are finished. Exiting program.
/home/yangc1/nigo0024/anaconda3/envs/sip_run_2/lib/python3.8/site-packages/sklearn/linear_model/_coordinate_descent.py:529: ConvergenceWarning: Objective did not converge. You might want to increase the number of iterations. Duality gap: 17013640.500753745, tolerance: 29878.114385653145
  model = cd_fast.enet_coordinate_descent(
/home/yangc1/nigo0024/anaconda3/envs/sip_run_2/lib/python3.8/site-packages/sklearn/linear_model/_coordinate_descent.py:529: ConvergenceWarning: Objective did not converge. You might want to increase the number of iterations. Duality gap: 5760167.674062699, tolerance: 29878.114385653145
  model = cd_fast.enet_coordinate_descent(
/home/yangc1/nigo0024/anaconda3/envs/sip_run_2/lib/python3.8/site-packages/sklearn/linear_model/_coordinate_descent.py:529: ConvergenceWarning: Objective did not converge. You might want to increase the number of iterations. Duality gap: 16348220.510332163, tolerance: 29878.114385653145
  model = cd_fast.enet_coordinate_descent(
/home/yangc1/nigo0024/anaconda3/envs/sip_run_2/lib/python3.8/site-packages/sklearn/linear_model/_coordinate_descent.py:529: ConvergenceWarning: Objective did not converge. You might want to increase the number of iterations. Duality gap: 16340989.704944696, tolerance: 29878.114385653145
  model = cd_fast.enet_coordinate_descent(
/home/yangc1/nigo0024/anaconda3/envs/sip_run_2/lib/python3.8/site-packages/sklearn/linear_model/_coordinate_descent.py:529: ConvergenceWarning: Objective did not converge. You might want to increase the number of iterations. Duality gap: 17013640.500753745, tolerance: 29878.114385653145
  model = cd_fast.enet_coordinate_descent(
/home/yangc1/nigo0024/anaconda3/envs/sip_run_2/lib/python3.8/site-packages/sklearn/linear_model/_coordinate_descent.py:529: ConvergenceWarning: Objective did not converge. You might want to increase the number of iterations. Duality gap: 16425837.835656375, tolerance: 29878.114385653145
  model = cd_fast.enet_coordinate_descent(
/home/yangc1/nigo0024/anaconda3/envs/sip_run_2/lib/python3.8/site-packages/sklearn/linear_model/_coordinate_descent.py:529: ConvergenceWarning: Objective did not converge. You might want to increase the number of iterations. Duality gap: 1218955.0395488366, tolerance: 29878.114385653145
  model = cd_fast.enet_coordinate_descent(
/home/yangc1/nigo0024/anaconda3/envs/sip_run_2/lib/python3.8/site-packages/sklearn/linear_model/_coordinate_descent.py:529: ConvergenceWarning: Objective did not converge. You might want to increase the number of iterations. Duality gap: 15707575.728728227, tolerance: 29878.114385653145
  model = cd_fast.enet_coordinate_descent(
/home/yangc1/nigo0024/anaconda3/envs/sip_run_2/lib/python3.8/site-packages/sklearn/linear_model/_coordinate_descent.py:529: ConvergenceWarning: Objective did not converge. You might want to increase the number of iterations. Duality gap: 15640292.243773472, tolerance: 29878.114385653145
  model = cd_fast.enet_coordinate_descent(
/home/yangc1/nigo0024/anaconda3/envs/sip_run_2/lib/python3.8/site-packages/sklearn/linear_model/_coordinate_descent.py:529: ConvergenceWarning: Objective did not converge. You might want to increase the number of iterations. Duality gap: 561649.72754509, tolerance: 29878.114385653145
  model = cd_fast.enet_coordinate_descent(
/home/yangc1/nigo0024/anaconda3/envs/sip_run_2/lib/python3.8/site-packages/sklearn/linear_model/_coordinate_descent.py:529: ConvergenceWarning: Objective did not converge. You might want to increase the number of iterations. Duality gap: 2024309.6352761462, tolerance: 29878.114385653145
  model = cd_fast.enet_coordinate_descent(
/home/yangc1/nigo0024/anaconda3/envs/sip_run_2/lib/python3.8/site-packages/sklearn/linear_model/_coordinate_descent.py:529: ConvergenceWarning: Objective did not converge. You might want to increase the number of iterations. Duality gap: 326491.97043018043, tolerance: 29878.114385653145
  model = cd_fast.enet_coordinate_descent(
/home/yangc1/nigo0024/anaconda3/envs/sip_run_2/lib/python3.8/site-packages/sklearn/linear_model/_coordinate_descent.py:529: ConvergenceWarning: Objective did not converge. You might want to increase the number of iterations. Duality gap: 2479573.263245061, tolerance: 29878.114385653145
  model = cd_fast.enet_coordinate_descent(
/home/yangc1/nigo0024/anaconda3/envs/sip_run_2/lib/python3.8/site-packages/sklearn/linear_model/_coordinate_descent.py:529: ConvergenceWarning: Objective did not converge. You might want to increase the number of iterations. Duality gap: 4083139.553000711, tolerance: 29878.114385653145
  model = cd_fast.enet_coordinate_descent(
/home/yangc1/nigo0024/anaconda3/envs/sip_run_2/lib/python3.8/site-packages/sklearn/linear_model/_coordinate_descent.py:529: ConvergenceWarning: Objective did not converge. You might want to increase the number of iterations. Duality gap: 5738402.227619216, tolerance: 29878.114385653145
  model = cd_fast.enet_coordinate_descent(
/home/yangc1/nigo0024/anaconda3/envs/sip_run_2/lib/python3.8/site-packages/sklearn/linear_model/_coordinate_descent.py:529: ConvergenceWarning: Objective did not converge. You might want to increase the number of iterations. Duality gap: 9406697.781870924, tolerance: 29878.114385653145
  model = cd_fast.enet_coordinate_descent(
/home/yangc1/nigo0024/anaconda3/envs/sip_run_2/lib/python3.8/site-packages/sklearn/linear_model/_coordinate_descent.py:529: ConvergenceWarning: Objective did not converge. You might want to increase the number of iterations. Duality gap: 18929092.450705286, tolerance: 29878.114385653145
  model = cd_fast.enet_coordinate_descent(
/home/yangc1/nigo0024/anaconda3/envs/sip_run_2/lib/python3.8/site-packages/sklearn/linear_model/_coordinate_descent.py:529: ConvergenceWarning: Objective did not converge. You might want to increase the number of iterations. Duality gap: 9463470.552615337, tolerance: 29878.114385653145
  model = cd_fast.enet_coordinate_descent(
/home/yangc1/nigo0024/anaconda3/envs/sip_run_2/lib/python3.8/site-packages/sklearn/linear_model/_coordinate_descent.py:529: ConvergenceWarning: Objective did not converge. You might want to increase the number of iterations. Duality gap: 18545506.282502525, tolerance: 29878.114385653145
  model = cd_fast.enet_coordinate_descent(
/home/yangc1/nigo0024/anaconda3/envs/sip_run_2/lib/python3.8/site-packages/sklearn/linear_model/_coordinate_descent.py:529: ConvergenceWarning: Objective did not converge. You might want to increase the number of iterations. Duality gap: 11387832.90102373, tolerance: 29878.114385653145
  model = cd_fast.enet_coordinate_descent(
/home/yangc1/nigo0024/anaconda3/envs/sip_run_2/lib/python3.8/site-packages/sklearn/linear_model/_coordinate_descent.py:529: ConvergenceWarning: Objective did not converge. You might want to increase the number of iterations. Duality gap: 18737810.636483457, tolerance: 29878.114385653145
  model = cd_fast.enet_coordinate_descent(
/home/yangc1/nigo0024/anaconda3/envs/sip_run_2/lib/python3.8/site-packages/sklearn/linear_model/_coordinate_descent.py:529: ConvergenceWarning: Objective did not converge. You might want to increase the number of iterations. Duality gap: 17473395.219586253, tolerance: 29878.114385653145
  model = cd_fast.enet_coordinate_descent(
All processing scenarios are finished. Exiting program.
/home/yangc1/nigo0024/anaconda3/envs/sip_run_2/lib/python3.8/site-packages/sklearn/linear_model/_coordinate_descent.py:529: ConvergenceWarning: Objective did not converge. You might want to increase the number of iterations. Duality gap: 544.223648373063, tolerance: 17.538496504468622
  model = cd_fast.enet_coordinate_descent(
/home/yangc1/nigo0024/anaconda3/envs/sip_run_2/lib/python3.8/site-packages/sklearn/linear_model/_coordinate_descent.py:529: ConvergenceWarning: Objective did not converge. You might want to increase the number of iterations. Duality gap: 38.86182216359157, tolerance: 17.538496504468622
  model = cd_fast.enet_coordinate_descent(
/home/yangc1/nigo0024/anaconda3/envs/sip_run_2/lib/python3.8/site-packages/sklearn/linear_model/_coordinate_descent.py:529: ConvergenceWarning: Objective did not converge. You might want to increase the number of iterations. Duality gap: 580.2305209139085, tolerance: 17.538496504468622
  model = cd_fast.enet_coordinate_descent(
/home/yangc1/nigo0024/anaconda3/envs/sip_run_2/lib/python3.8/site-packages/sklearn/linear_model/_coordinate_descent.py:529: ConvergenceWarning: Objective did not converge. You might want to increase the number of iterations. Duality gap: 1551.7141677535074, tolerance: 17.538496504468622
  model = cd_fast.enet_coordinate_descent(
/home/yangc1/nigo0024/anaconda3/envs/sip_run_2/lib/python3.8/site-packages/sklearn/linear_model/_coordinate_descent.py:529: ConvergenceWarning: Objective did not converge. You might want to increase the number of iterations. Duality gap: 2631.8002019354462, tolerance: 17.538496504468622
  model = cd_fast.enet_coordinate_descent(
/home/yangc1/nigo0024/anaconda3/envs/sip_run_2/lib/python3.8/site-packages/sklearn/linear_model/_coordinate_descent.py:529: ConvergenceWarning: Objective did not converge. You might want to increase the number of iterations. Duality gap: 26.865775476759154, tolerance: 17.538496504468622
  model = cd_fast.enet_coordinate_descent(
/home/yangc1/nigo0024/anaconda3/envs/sip_run_2/lib/python3.8/site-packages/sklearn/linear_model/_coordinate_descent.py:529: ConvergenceWarning: Objective did not converge. You might want to increase the number of iterations. Duality gap: 166.27910728963616, tolerance: 17.538496504468622
  model = cd_fast.enet_coordinate_descent(
/home/yangc1/nigo0024/anaconda3/envs/sip_run_2/lib/python3.8/site-packages/sklearn/linear_model/_coordinate_descent.py:529: ConvergenceWarning: Objective did not converge. You might want to increase the number of iterations. Duality gap: 414.8680213530315, tolerance: 17.538496504468622
  model = cd_fast.enet_coordinate_descent(
/home/yangc1/nigo0024/anaconda3/envs/sip_run_2/lib/python3.8/site-packages/sklearn/linear_model/_coordinate_descent.py:529: ConvergenceWarning: Objective did not converge. You might want to increase the number of iterations. Duality gap: 763.2747239463242, tolerance: 17.538496504468622
  model = cd_fast.enet_coordinate_descent(
/home/yangc1/nigo0024/anaconda3/envs/sip_run_2/lib/python3.8/site-packages/sklearn/linear_model/_coordinate_descent.py:529: ConvergenceWarning: Objective did not converge. You might want to increase the number of iterations. Duality gap: 1200.9183371000618, tolerance: 17.538496504468622
  model = cd_fast.enet_coordinate_descent(
/home/yangc1/nigo0024/anaconda3/envs/sip_run_2/lib/python3.8/site-packages/sklearn/linear_model/_coordinate_descent.py:529: ConvergenceWarning: Objective did not converge. You might want to increase the number of iterations. Duality gap: 1715.978995704303, tolerance: 17.538496504468622
  model = cd_fast.enet_coordinate_descent(
/home/yangc1/nigo0024/anaconda3/envs/sip_run_2/lib/python3.8/site-packages/sklearn/linear_model/_coordinate_descent.py:529: ConvergenceWarning: Objective did not converge. You might want to increase the number of iterations. Duality gap: 2295.5327346444865, tolerance: 17.538496504468622
  model = cd_fast.enet_coordinate_descent(
/home/yangc1/nigo0024/anaconda3/envs/sip_run_2/lib/python3.8/site-packages/sklearn/linear_model/_coordinate_descent.py:529: ConvergenceWarning: Objective did not converge. You might want to increase the number of iterations. Duality gap: 68.99827091607222, tolerance: 17.538496504468622
  model = cd_fast.enet_coordinate_descent(
/home/yangc1/nigo0024/anaconda3/envs/sip_run_2/lib/python3.8/site-packages/sklearn/linear_model/_coordinate_descent.py:529: ConvergenceWarning: Objective did not converge. You might want to increase the number of iterations. Duality gap: 282.7103433630182, tolerance: 17.538496504468622
  model = cd_fast.enet_coordinate_descent(
/home/yangc1/nigo0024/anaconda3/envs/sip_run_2/lib/python3.8/site-packages/sklearn/linear_model/_coordinate_descent.py:529: ConvergenceWarning: Objective did not converge. You might want to increase the number of iterations. Duality gap: 69.54783696472805, tolerance: 17.538496504468622
  model = cd_fast.enet_coordinate_descent(
/home/yangc1/nigo0024/anaconda3/envs/sip_run_2/lib/python3.8/site-packages/sklearn/linear_model/_coordinate_descent.py:529: ConvergenceWarning: Objective did not converge. You might want to increase the number of iterations. Duality gap: 149.1319456029778, tolerance: 17.538496504468622
  model = cd_fast.enet_coordinate_descent(
/home/yangc1/nigo0024/anaconda3/envs/sip_run_2/lib/python3.8/site-packages/sklearn/linear_model/_coordinate_descent.py:529: ConvergenceWarning: Objective did not converge. You might want to increase the number of iterations. Duality gap: 260.0863289522167, tolerance: 17.538496504468622
  model = cd_fast.enet_coordinate_descent(
/home/yangc1/nigo0024/anaconda3/envs/sip_run_2/lib/python3.8/site-packages/sklearn/linear_model/_coordinate_descent.py:529: ConvergenceWarning: Objective did not converge. You might want to increase the number of iterations. Duality gap: 687.6340455480349, tolerance: 17.538496504468622
  model = cd_fast.enet_coordinate_descent(
/home/yangc1/nigo0024/anaconda3/envs/sip_run_2/lib/python3.8/site-packages/sklearn/linear_model/_coordinate_descent.py:529: ConvergenceWarning: Objective did not converge. You might want to increase the number of iterations. Duality gap: 1327.4352441269148, tolerance: 17.538496504468622
  model = cd_fast.enet_coordinate_descent(
/home/yangc1/nigo0024/anaconda3/envs/sip_run_2/lib/python3.8/site-packages/sklearn/linear_model/_coordinate_descent.py:529: ConvergenceWarning: Objective did not converge. You might want to increase the number of iterations. Duality gap: 810.9768038531656, tolerance: 17.538496504468622
  model = cd_fast.enet_coordinate_descent(
/home/yangc1/nigo0024/anaconda3/envs/sip_run_2/lib/python3.8/site-packages/sklearn/linear_model/_coordinate_descent.py:529: ConvergenceWarning: Objective did not converge. You might want to increase the number of iterations. Duality gap: 2923.6827806545625, tolerance: 17.538496504468622
  model = cd_fast.enet_coordinate_descent(
/home/yangc1/nigo0024/anaconda3/envs/sip_run_2/lib/python3.8/site-packages/sklearn/linear_model/_coordinate_descent.py:529: ConvergenceWarning: Objective did not converge. You might want to increase the number of iterations. Duality gap: 5178.5124161109015, tolerance: 17.538496504468622
  model = cd_fast.enet_coordinate_descent(
All processing scenarios are finished. Exiting program.
/home/yangc1/nigo0024/anaconda3/envs/sip_run_2/lib/python3.8/site-packages/sklearn/linear_model/_coordinate_descent.py:529: ConvergenceWarning: Objective did not converge. You might want to increase the number of iterations. Duality gap: 0.032874497468213804, tolerance: 0.011853163025327513
  model = cd_fast.enet_coordinate_descent(
/home/yangc1/nigo0024/anaconda3/envs/sip_run_2/lib/python3.8/site-packages/sklearn/linear_model/_coordinate_descent.py:529: ConvergenceWarning: Objective did not converge. You might want to increase the number of iterations. Duality gap: 0.45798813117777826, tolerance: 0.011853163025327513
  model = cd_fast.enet_coordinate_descent(
/home/yangc1/nigo0024/anaconda3/envs/sip_run_2/lib/python3.8/site-packages/sklearn/linear_model/_coordinate_descent.py:529: ConvergenceWarning: Objective did not converge. You might want to increase the number of iterations. Duality gap: 0.14809170887391332, tolerance: 0.011853163025327513
  model = cd_fast.enet_coordinate_descent(
/home/yangc1/nigo0024/anaconda3/envs/sip_run_2/lib/python3.8/site-packages/sklearn/linear_model/_coordinate_descent.py:529: ConvergenceWarning: Objective did not converge. You might want to increase the number of iterations. Duality gap: 0.031607035400874395, tolerance: 0.011853163025327513
  model = cd_fast.enet_coordinate_descent(
/home/yangc1/nigo0024/anaconda3/envs/sip_run_2/lib/python3.8/site-packages/sklearn/linear_model/_coordinate_descent.py:529: ConvergenceWarning: Objective did not converge. You might want to increase the number of iterations. Duality gap: 0.1781466183618079, tolerance: 0.011853163025327513
  model = cd_fast.enet_coordinate_descent(
/home/yangc1/nigo0024/anaconda3/envs/sip_run_2/lib/python3.8/site-packages/sklearn/linear_model/_coordinate_descent.py:529: ConvergenceWarning: Objective did not converge. You might want to increase the number of iterations. Duality gap: 0.43409123224708424, tolerance: 0.011853163025327513
  model = cd_fast.enet_coordinate_descent(
/home/yangc1/nigo0024/anaconda3/envs/sip_run_2/lib/python3.8/site-packages/sklearn/linear_model/_coordinate_descent.py:529: ConvergenceWarning: Objective did not converge. You might want to increase the number of iterations. Duality gap: 0.7975830911456967, tolerance: 0.011853163025327513
  model = cd_fast.enet_coordinate_descent(
/home/yangc1/nigo0024/anaconda3/envs/sip_run_2/lib/python3.8/site-packages/sklearn/linear_model/_coordinate_descent.py:529: ConvergenceWarning: Objective did not converge. You might want to increase the number of iterations. Duality gap: 1.2654381611266814, tolerance: 0.011853163025327513
  model = cd_fast.enet_coordinate_descent(
/home/yangc1/nigo0024/anaconda3/envs/sip_run_2/lib/python3.8/site-packages/sklearn/feature_selection/_base.py:79: UserWarning: No features were selected: either the data is too noisy or the selection test too strict.
  warn("No features were selected: either the data is"
/home/yangc1/nigo0024/anaconda3/envs/sip_run_2/lib/python3.8/site-packages/sklearn/feature_selection/_base.py:79: UserWarning: No features were selected: either the data is too noisy or the selection test too strict.
  warn("No features were selected: either the data is"
/home/yangc1/nigo0024/anaconda3/envs/sip_run_2/lib/python3.8/site-packages/sklearn/feature_selection/_base.py:79: UserWarning: No features were selected: either the data is too noisy or the selection test too strict.
  warn("No features were selected: either the data is"
/home/yangc1/nigo0024/anaconda3/envs/sip_run_2/lib/python3.8/site-packages/sklearn/feature_selection/_base.py:79: UserWarning: No features were selected: either the data is too noisy or the selection test too strict.
  warn("No features were selected: either the data is"
/home/yangc1/nigo0024/anaconda3/envs/sip_run_2/lib/python3.8/site-packages/sklearn/feature_selection/_base.py:79: UserWarning: No features were selected: either the data is too noisy or the selection test too strict.
  warn("No features were selected: either the data is"
/home/yangc1/nigo0024/anaconda3/envs/sip_run_2/lib/python3.8/site-packages/sklearn/feature_selection/_base.py:79: UserWarning: No features were selected: either the data is too noisy or the selection test too strict.
  warn("No features were selected: either the data is"
All processing scenarios are finished. Exiting program.
All processing scenarios are finished. Exiting program.
All processing scenarios are finished. Exiting program.
/home/yangc1/nigo0024/anaconda3/envs/sip_run_2/lib/python3.8/site-packages/sklearn/feature_selection/_base.py:79: UserWarning: No features were selected: either the data is too noisy or the selection test too strict.
  warn("No features were selected: either the data is"
/home/yangc1/nigo0024/anaconda3/envs/sip_run_2/lib/python3.8/site-packages/sklearn/feature_selection/_base.py:79: UserWarning: No features were selected: either the data is too noisy or the selection test too strict.
  warn("No features were selected: either the data is"
/home/yangc1/nigo0024/anaconda3/envs/sip_run_2/lib/python3.8/site-packages/sklearn/feature_selection/_base.py:79: UserWarning: No features were selected: either the data is too noisy or the selection test too strict.
  warn("No features were selected: either the data is"
/home/yangc1/nigo0024/anaconda3/envs/sip_run_2/lib/python3.8/site-packages/sklearn/feature_selection/_base.py:79: UserWarning: No features were selected: either the data is too noisy or the selection test too strict.
  warn("No features were selected: either the data is"
/home/yangc1/nigo0024/anaconda3/envs/sip_run_2/lib/python3.8/site-packages/sklearn/feature_selection/_base.py:79: UserWarning: No features were selected: either the data is too noisy or the selection test too strict.
  warn("No features were selected: either the data is"
/home/yangc1/nigo0024/anaconda3/envs/sip_run_2/lib/python3.8/site-packages/sklearn/feature_selection/_base.py:79: UserWarning: No features were selected: either the data is too noisy or the selection test too strict.
  warn("No features were selected: either the data is"
/home/yangc1/nigo0024/anaconda3/envs/sip_run_2/lib/python3.8/site-packages/sklearn/feature_selection/_base.py:79: UserWarning: No features were selected: either the data is too noisy or the selection test too strict.
  warn("No features were selected: either the data is"
/home/yangc1/nigo0024/anaconda3/envs/sip_run_2/lib/python3.8/site-packages/sklearn/feature_selection/_base.py:79: UserWarning: No features were selected: either the data is too noisy or the selection test too strict.
  warn("No features were selected: either the data is"
/home/yangc1/nigo0024/anaconda3/envs/sip_run_2/lib/python3.8/site-packages/sklearn/feature_selection/_base.py:79: UserWarning: No features were selected: either the data is too noisy or the selection test too strict.
  warn("No features were selected: either the data is"
/home/yangc1/nigo0024/anaconda3/envs/sip_run_2/lib/python3.8/site-packages/sklearn/feature_selection/_base.py:79: UserWarning: No features were selected: either the data is too noisy or the selection test too strict.
  warn("No features were selected: either the data is"
/home/yangc1/nigo0024/anaconda3/envs/sip_run_2/lib/python3.8/site-packages/sklearn/feature_selection/_base.py:79: UserWarning: No features were selected: either the data is too noisy or the selection test too strict.
  warn("No features were selected: either the data is"
/home/yangc1/nigo0024/anaconda3/envs/sip_run_2/lib/python3.8/site-packages/sklearn/feature_selection/_base.py:79: UserWarning: No features were selected: either the data is too noisy or the selection test too strict.
  warn("No features were selected: either the data is"
/home/yangc1/nigo0024/anaconda3/envs/sip_run_2/lib/python3.8/site-packages/sklearn/feature_selection/_base.py:79: UserWarning: No features were selected: either the data is too noisy or the selection test too strict.
  warn("No features were selected: either the data is"
/home/yangc1/nigo0024/anaconda3/envs/sip_run_2/lib/python3.8/site-packages/sklearn/feature_selection/_base.py:79: UserWarning: No features were selected: either the data is too noisy or the selection test too strict.
  warn("No features were selected: either the data is"
/home/yangc1/nigo0024/anaconda3/envs/sip_run_2/lib/python3.8/site-packages/sklearn/feature_selection/_base.py:79: UserWarning: No features were selected: either the data is too noisy or the selection test too strict.
  warn("No features were selected: either the data is"
/home/yangc1/nigo0024/anaconda3/envs/sip_run_2/lib/python3.8/site-packages/sklearn/feature_selection/_base.py:79: UserWarning: No features were selected: either the data is too noisy or the selection test too strict.
  warn("No features were selected: either the data is"
/home/yangc1/nigo0024/anaconda3/envs/sip_run_2/lib/python3.8/site-packages/sklearn/feature_selection/_base.py:79: UserWarning: No features were selected: either the data is too noisy or the selection test too strict.
  warn("No features were selected: either the data is"
/home/yangc1/nigo0024/anaconda3/envs/sip_run_2/lib/python3.8/site-packages/sklearn/feature_selection/_base.py:79: UserWarning: No features were selected: either the data is too noisy or the selection test too strict.
  warn("No features were selected: either the data is"
/home/yangc1/nigo0024/anaconda3/envs/sip_run_2/lib/python3.8/site-packages/sklearn/feature_selection/_base.py:79: UserWarning: No features were selected: either the data is too noisy or the selection test too strict.
  warn("No features were selected: either the data is"
/home/yangc1/nigo0024/anaconda3/envs/sip_run_2/lib/python3.8/site-packages/sklearn/feature_selection/_base.py:79: UserWarning: No features were selected: either the data is too noisy or the selection test too strict.
  warn("No features were selected: either the data is"
/home/yangc1/nigo0024/anaconda3/envs/sip_run_2/lib/python3.8/site-packages/sklearn/feature_selection/_base.py:79: UserWarning: No features were selected: either the data is too noisy or the selection test too strict.
  warn("No features were selected: either the data is"
/home/yangc1/nigo0024/anaconda3/envs/sip_run_2/lib/python3.8/site-packages/sklearn/feature_selection/_base.py:79: UserWarning: No features were selected: either the data is too noisy or the selection test too strict.
  warn("No features were selected: either the data is"
/home/yangc1/nigo0024/anaconda3/envs/sip_run_2/lib/python3.8/site-packages/sklearn/feature_selection/_base.py:79: UserWarning: No features were selected: either the data is too noisy or the selection test too strict.
  warn("No features were selected: either the data is"
/home/yangc1/nigo0024/anaconda3/envs/sip_run_2/lib/python3.8/site-packages/sklearn/feature_selection/_base.py:79: UserWarning: No features were selected: either the data is too noisy or the selection test too strict.
  warn("No features were selected: either the data is"
/home/yangc1/nigo0024/anaconda3/envs/sip_run_2/lib/python3.8/site-packages/sklearn/feature_selection/_base.py:79: UserWarning: No features were selected: either the data is too noisy or the selection test too strict.
  warn("No features were selected: either the data is"
/home/yangc1/nigo0024/anaconda3/envs/sip_run_2/lib/python3.8/site-packages/sklearn/feature_selection/_base.py:79: UserWarning: No features were selected: either the data is too noisy or the selection test too strict.
  warn("No features were selected: either the data is"
/home/yangc1/nigo0024/anaconda3/envs/sip_run_2/lib/python3.8/site-packages/sklearn/feature_selection/_base.py:79: UserWarning: No features were selected: either the data is too noisy or the selection test too strict.
  warn("No features were selected: either the data is"
/home/yangc1/nigo0024/anaconda3/envs/sip_run_2/lib/python3.8/site-packages/sklearn/feature_selection/_base.py:79: UserWarning: No features were selected: either the data is too noisy or the selection test too strict.
  warn("No features were selected: either the data is"
/home/yangc1/nigo0024/anaconda3/envs/sip_run_2/lib/python3.8/site-packages/sklearn/feature_selection/_base.py:79: UserWarning: No features were selected: either the data is too noisy or the selection test too strict.
  warn("No features were selected: either the data is"
/home/yangc1/nigo0024/anaconda3/envs/sip_run_2/lib/python3.8/site-packages/sklearn/feature_selection/_base.py:79: UserWarning: No features were selected: either the data is too noisy or the selection test too strict.
  warn("No features were selected: either the data is"
/home/yangc1/nigo0024/anaconda3/envs/sip_run_2/lib/python3.8/site-packages/sklearn/feature_selection/_base.py:79: UserWarning: No features were selected: either the data is too noisy or the selection test too strict.
  warn("No features were selected: either the data is"
/home/yangc1/nigo0024/anaconda3/envs/sip_run_2/lib/python3.8/site-packages/sklearn/feature_selection/_base.py:79: UserWarning: No features were selected: either the data is too noisy or the selection test too strict.
  warn("No features were selected: either the data is"
/home/yangc1/nigo0024/anaconda3/envs/sip_run_2/lib/python3.8/site-packages/sklearn/feature_selection/_base.py:79: UserWarning: No features were selected: either the data is too noisy or the selection test too strict.
  warn("No features were selected: either the data is"
/home/yangc1/nigo0024/anaconda3/envs/sip_run_2/lib/python3.8/site-packages/sklearn/feature_selection/_base.py:79: UserWarning: No features were selected: either the data is too noisy or the selection test too strict.
  warn("No features were selected: either the data is"
/home/yangc1/nigo0024/anaconda3/envs/sip_run_2/lib/python3.8/site-packages/sklearn/feature_selection/_base.py:79: UserWarning: No features were selected: either the data is too noisy or the selection test too strict.
  warn("No features were selected: either the data is"
/home/yangc1/nigo0024/anaconda3/envs/sip_run_2/lib/python3.8/site-packages/sklearn/feature_selection/_base.py:79: UserWarning: No features were selected: either the data is too noisy or the selection test too strict.
  warn("No features were selected: either the data is"
/home/yangc1/nigo0024/anaconda3/envs/sip_run_2/lib/python3.8/site-packages/sklearn/feature_selection/_base.py:79: UserWarning: No features were selected: either the data is too noisy or the selection test too strict.
  warn("No features were selected: either the data is"
/home/yangc1/nigo0024/anaconda3/envs/sip_run_2/lib/python3.8/site-packages/sklearn/feature_selection/_base.py:79: UserWarning: No features were selected: either the data is too noisy or the selection test too strict.
  warn("No features were selected: either the data is"
/home/yangc1/nigo0024/anaconda3/envs/sip_run_2/lib/python3.8/site-packages/sklearn/feature_selection/_base.py:79: UserWarning: No features were selected: either the data is too noisy or the selection test too strict.
  warn("No features were selected: either the data is"
/home/yangc1/nigo0024/anaconda3/envs/sip_run_2/lib/python3.8/site-packages/sklearn/feature_selection/_base.py:79: UserWarning: No features were selected: either the data is too noisy or the selection test too strict.
  warn("No features were selected: either the data is"
/home/yangc1/nigo0024/anaconda3/envs/sip_run_2/lib/python3.8/site-packages/sklearn/feature_selection/_base.py:79: UserWarning: No features were selected: either the data is too noisy or the selection test too strict.
  warn("No features were selected: either the data is"
/home/yangc1/nigo0024/anaconda3/envs/sip_run_2/lib/python3.8/site-packages/sklearn/feature_selection/_base.py:79: UserWarning: No features were selected: either the data is too noisy or the selection test too strict.
  warn("No features were selected: either the data is"
/home/yangc1/nigo0024/anaconda3/envs/sip_run_2/lib/python3.8/site-packages/sklearn/feature_selection/_base.py:79: UserWarning: No features were selected: either the data is too noisy or the selection test too strict.
  warn("No features were selected: either the data is"
/home/yangc1/nigo0024/anaconda3/envs/sip_run_2/lib/python3.8/site-packages/sklearn/feature_selection/_base.py:79: UserWarning: No features were selected: either the data is too noisy or the selection test too strict.
  warn("No features were selected: either the data is"
/home/yangc1/nigo0024/anaconda3/envs/sip_run_2/lib/python3.8/site-packages/sklearn/feature_selection/_base.py:79: UserWarning: No features were selected: either the data is too noisy or the selection test too strict.
  warn("No features were selected: either the data is"
/home/yangc1/nigo0024/anaconda3/envs/sip_run_2/lib/python3.8/site-packages/sklearn/feature_selection/_base.py:79: UserWarning: No features were selected: either the data is too noisy or the selection test too strict.
  warn("No features were selected: either the data is"
/home/yangc1/nigo0024/anaconda3/envs/sip_run_2/lib/python3.8/site-packages/sklearn/feature_selection/_base.py:79: UserWarning: No features were selected: either the data is too noisy or the selection test too strict.
  warn("No features were selected: either the data is"
/home/yangc1/nigo0024/anaconda3/envs/sip_run_2/lib/python3.8/site-packages/sklearn/feature_selection/_base.py:79: UserWarning: No features were selected: either the data is too noisy or the selection test too strict.
  warn("No features were selected: either the data is"
/home/yangc1/nigo0024/anaconda3/envs/sip_run_2/lib/python3.8/site-packages/sklearn/feature_selection/_base.py:79: UserWarning: No features were selected: either the data is too noisy or the selection test too strict.
  warn("No features were selected: either the data is"
/home/yangc1/nigo0024/anaconda3/envs/sip_run_2/lib/python3.8/site-packages/sklearn/feature_selection/_base.py:79: UserWarning: No features were selected: either the data is too noisy or the selection test too strict.
  warn("No features were selected: either the data is"
/home/yangc1/nigo0024/anaconda3/envs/sip_run_2/lib/python3.8/site-packages/sklearn/feature_selection/_base.py:79: UserWarning: No features were selected: either the data is too noisy or the selection test too strict.
  warn("No features were selected: either the data is"
/home/yangc1/nigo0024/anaconda3/envs/sip_run_2/lib/python3.8/site-packages/sklearn/feature_selection/_base.py:79: UserWarning: No features were selected: either the data is too noisy or the selection test too strict.
  warn("No features were selected: either the data is"
/home/yangc1/nigo0024/anaconda3/envs/sip_run_2/lib/python3.8/site-packages/sklearn/feature_selection/_base.py:79: UserWarning: No features were selected: either the data is too noisy or the selection test too strict.
  warn("No features were selected: either the data is"
/home/yangc1/nigo0024/anaconda3/envs/sip_run_2/lib/python3.8/site-packages/sklearn/feature_selection/_base.py:79: UserWarning: No features were selected: either the data is too noisy or the selection test too strict.
  warn("No features were selected: either the data is"
/home/yangc1/nigo0024/anaconda3/envs/sip_run_2/lib/python3.8/site-packages/sklearn/feature_selection/_base.py:79: UserWarning: No features were selected: either the data is too noisy or the selection test too strict.
  warn("No features were selected: either the data is"
/home/yangc1/nigo0024/anaconda3/envs/sip_run_2/lib/python3.8/site-packages/sklearn/feature_selection/_base.py:79: UserWarning: No features were selected: either the data is too noisy or the selection test too strict.
  warn("No features were selected: either the data is"
/home/yangc1/nigo0024/anaconda3/envs/sip_run_2/lib/python3.8/site-packages/sklearn/feature_selection/_base.py:79: UserWarning: No features were selected: either the data is too noisy or the selection test too strict.
  warn("No features were selected: either the data is"
/home/yangc1/nigo0024/anaconda3/envs/sip_run_2/lib/python3.8/site-packages/sklearn/feature_selection/_base.py:79: UserWarning: No features were selected: either the data is too noisy or the selection test too strict.
  warn("No features were selected: either the data is"
/home/yangc1/nigo0024/anaconda3/envs/sip_run_2/lib/python3.8/site-packages/sklearn/feature_selection/_base.py:79: UserWarning: No features were selected: either the data is too noisy or the selection test too strict.
  warn("No features were selected: either the data is"
/home/yangc1/nigo0024/anaconda3/envs/sip_run_2/lib/python3.8/site-packages/sklearn/feature_selection/_base.py:79: UserWarning: No features were selected: either the data is too noisy or the selection test too strict.
  warn("No features were selected: either the data is"
/home/yangc1/nigo0024/anaconda3/envs/sip_run_2/lib/python3.8/site-packages/sklearn/feature_selection/_base.py:79: UserWarning: No features were selected: either the data is too noisy or the selection test too strict.
  warn("No features were selected: either the data is"
/home/yangc1/nigo0024/anaconda3/envs/sip_run_2/lib/python3.8/site-packages/sklearn/feature_selection/_base.py:79: UserWarning: No features were selected: either the data is too noisy or the selection test too strict.
  warn("No features were selected: either the data is"
/home/yangc1/nigo0024/anaconda3/envs/sip_run_2/lib/python3.8/site-packages/sklearn/feature_selection/_base.py:79: UserWarning: No features were selected: either the data is too noisy or the selection test too strict.
  warn("No features were selected: either the data is"
/home/yangc1/nigo0024/anaconda3/envs/sip_run_2/lib/python3.8/site-packages/sklearn/feature_selection/_base.py:79: UserWarning: No features were selected: either the data is too noisy or the selection test too strict.
  warn("No features were selected: either the data is"
/home/yangc1/nigo0024/anaconda3/envs/sip_run_2/lib/python3.8/site-packages/sklearn/feature_selection/_base.py:79: UserWarning: No features were selected: either the data is too noisy or the selection test too strict.
  warn("No features were selected: either the data is"
/home/yangc1/nigo0024/anaconda3/envs/sip_run_2/lib/python3.8/site-packages/sklearn/feature_selection/_base.py:79: UserWarning: No features were selected: either the data is too noisy or the selection test too strict.
  warn("No features were selected: either the data is"
/home/yangc1/nigo0024/anaconda3/envs/sip_run_2/lib/python3.8/site-packages/sklearn/feature_selection/_base.py:79: UserWarning: No features were selected: either the data is too noisy or the selection test too strict.
  warn("No features were selected: either the data is"
/home/yangc1/nigo0024/anaconda3/envs/sip_run_2/lib/python3.8/site-packages/sklearn/feature_selection/_base.py:79: UserWarning: No features were selected: either the data is too noisy or the selection test too strict.
  warn("No features were selected: either the data is"
/home/yangc1/nigo0024/anaconda3/envs/sip_run_2/lib/python3.8/site-packages/sklearn/feature_selection/_base.py:79: UserWarning: No features were selected: either the data is too noisy or the selection test too strict.
  warn("No features were selected: either the data is"
/home/yangc1/nigo0024/anaconda3/envs/sip_run_2/lib/python3.8/site-packages/sklearn/feature_selection/_base.py:79: UserWarning: No features were selected: either the data is too noisy or the selection test too strict.
  warn("No features were selected: either the data is"
/home/yangc1/nigo0024/anaconda3/envs/sip_run_2/lib/python3.8/site-packages/sklearn/feature_selection/_base.py:79: UserWarning: No features were selected: either the data is too noisy or the selection test too strict.
  warn("No features were selected: either the data is"
/home/yangc1/nigo0024/anaconda3/envs/sip_run_2/lib/python3.8/site-packages/sklearn/feature_selection/_base.py:79: UserWarning: No features were selected: either the data is too noisy or the selection test too strict.
  warn("No features were selected: either the data is"
/home/yangc1/nigo0024/anaconda3/envs/sip_run_2/lib/python3.8/site-packages/sklearn/feature_selection/_base.py:79: UserWarning: No features were selected: either the data is too noisy or the selection test too strict.
  warn("No features were selected: either the data is"
/home/yangc1/nigo0024/anaconda3/envs/sip_run_2/lib/python3.8/site-packages/sklearn/feature_selection/_base.py:79: UserWarning: No features were selected: either the data is too noisy or the selection test too strict.
  warn("No features were selected: either the data is"
/home/yangc1/nigo0024/anaconda3/envs/sip_run_2/lib/python3.8/site-packages/sklearn/feature_selection/_base.py:79: UserWarning: No features were selected: either the data is too noisy or the selection test too strict.
  warn("No features were selected: either the data is"
/home/yangc1/nigo0024/anaconda3/envs/sip_run_2/lib/python3.8/site-packages/sklearn/feature_selection/_base.py:79: UserWarning: No features were selected: either the data is too noisy or the selection test too strict.
  warn("No features were selected: either the data is"
/home/yangc1/nigo0024/anaconda3/envs/sip_run_2/lib/python3.8/site-packages/sklearn/feature_selection/_base.py:79: UserWarning: No features were selected: either the data is too noisy or the selection test too strict.
  warn("No features were selected: either the data is"
/home/yangc1/nigo0024/anaconda3/envs/sip_run_2/lib/python3.8/site-packages/sklearn/feature_selection/_base.py:79: UserWarning: No features were selected: either the data is too noisy or the selection test too strict.
  warn("No features were selected: either the data is"
/home/yangc1/nigo0024/anaconda3/envs/sip_run_2/lib/python3.8/site-packages/sklearn/feature_selection/_base.py:79: UserWarning: No features were selected: either the data is too noisy or the selection test too strict.
  warn("No features were selected: either the data is"
/home/yangc1/nigo0024/anaconda3/envs/sip_run_2/lib/python3.8/site-packages/sklearn/feature_selection/_base.py:79: UserWarning: No features were selected: either the data is too noisy or the selection test too strict.
  warn("No features were selected: either the data is"
/home/yangc1/nigo0024/anaconda3/envs/sip_run_2/lib/python3.8/site-packages/sklearn/feature_selection/_base.py:79: UserWarning: No features were selected: either the data is too noisy or the selection test too strict.
  warn("No features were selected: either the data is"
/home/yangc1/nigo0024/anaconda3/envs/sip_run_2/lib/python3.8/site-packages/sklearn/feature_selection/_base.py:79: UserWarning: No features were selected: either the data is too noisy or the selection test too strict.
  warn("No features were selected: either the data is"
/home/yangc1/nigo0024/anaconda3/envs/sip_run_2/lib/python3.8/site-packages/sklearn/feature_selection/_base.py:79: UserWarning: No features were selected: either the data is too noisy or the selection test too strict.
  warn("No features were selected: either the data is"
/home/yangc1/nigo0024/anaconda3/envs/sip_run_2/lib/python3.8/site-packages/sklearn/feature_selection/_base.py:79: UserWarning: No features were selected: either the data is too noisy or the selection test too strict.
  warn("No features were selected: either the data is"
/home/yangc1/nigo0024/anaconda3/envs/sip_run_2/lib/python3.8/site-packages/sklearn/feature_selection/_base.py:79: UserWarning: No features were selected: either the data is too noisy or the selection test too strict.
  warn("No features were selected: either the data is"
/home/yangc1/nigo0024/anaconda3/envs/sip_run_2/lib/python3.8/site-packages/sklearn/feature_selection/_base.py:79: UserWarning: No features were selected: either the data is too noisy or the selection test too strict.
  warn("No features were selected: either the data is"
/home/yangc1/nigo0024/anaconda3/envs/sip_run_2/lib/python3.8/site-packages/sklearn/feature_selection/_base.py:79: UserWarning: No features were selected: either the data is too noisy or the selection test too strict.
  warn("No features were selected: either the data is"
/home/yangc1/nigo0024/anaconda3/envs/sip_run_2/lib/python3.8/site-packages/sklearn/feature_selection/_base.py:79: UserWarning: No features were selected: either the data is too noisy or the selection test too strict.
  warn("No features were selected: either the data is"
/home/yangc1/nigo0024/anaconda3/envs/sip_run_2/lib/python3.8/site-packages/sklearn/feature_selection/_base.py:79: UserWarning: No features were selected: either the data is too noisy or the selection test too strict.
  warn("No features were selected: either the data is"
/home/yangc1/nigo0024/anaconda3/envs/sip_run_2/lib/python3.8/site-packages/sklearn/feature_selection/_base.py:79: UserWarning: No features were selected: either the data is too noisy or the selection test too strict.
  warn("No features were selected: either the data is"
/home/yangc1/nigo0024/anaconda3/envs/sip_run_2/lib/python3.8/site-packages/sklearn/feature_selection/_base.py:79: UserWarning: No features were selected: either the data is too noisy or the selection test too strict.
  warn("No features were selected: either the data is"
/home/yangc1/nigo0024/anaconda3/envs/sip_run_2/lib/python3.8/site-packages/sklearn/feature_selection/_base.py:79: UserWarning: No features were selected: either the data is too noisy or the selection test too strict.
  warn("No features were selected: either the data is"
/home/yangc1/nigo0024/anaconda3/envs/sip_run_2/lib/python3.8/site-packages/sklearn/feature_selection/_base.py:79: UserWarning: No features were selected: either the data is too noisy or the selection test too strict.
  warn("No features were selected: either the data is"
/home/yangc1/nigo0024/anaconda3/envs/sip_run_2/lib/python3.8/site-packages/sklearn/feature_selection/_base.py:79: UserWarning: No features were selected: either the data is too noisy or the selection test too strict.
  warn("No features were selected: either the data is"
/home/yangc1/nigo0024/anaconda3/envs/sip_run_2/lib/python3.8/site-packages/sklearn/feature_selection/_base.py:79: UserWarning: No features were selected: either the data is too noisy or the selection test too strict.
  warn("No features were selected: either the data is"
/home/yangc1/nigo0024/anaconda3/envs/sip_run_2/lib/python3.8/site-packages/sklearn/feature_selection/_base.py:79: UserWarning: No features were selected: either the data is too noisy or the selection test too strict.
  warn("No features were selected: either the data is"
/home/yangc1/nigo0024/anaconda3/envs/sip_run_2/lib/python3.8/site-packages/sklearn/feature_selection/_base.py:79: UserWarning: No features were selected: either the data is too noisy or the selection test too strict.
  warn("No features were selected: either the data is"
/home/yangc1/nigo0024/anaconda3/envs/sip_run_2/lib/python3.8/site-packages/sklearn/feature_selection/_base.py:79: UserWarning: No features were selected: either the data is too noisy or the selection test too strict.
  warn("No features were selected: either the data is"
/home/yangc1/nigo0024/anaconda3/envs/sip_run_2/lib/python3.8/site-packages/sklearn/feature_selection/_base.py:79: UserWarning: No features were selected: either the data is too noisy or the selection test too strict.
  warn("No features were selected: either the data is"
/home/yangc1/nigo0024/anaconda3/envs/sip_run_2/lib/python3.8/site-packages/sklearn/feature_selection/_base.py:79: UserWarning: No features were selected: either the data is too noisy or the selection test too strict.
  warn("No features were selected: either the data is"
/home/yangc1/nigo0024/anaconda3/envs/sip_run_2/lib/python3.8/site-packages/sklearn/feature_selection/_base.py:79: UserWarning: No features were selected: either the data is too noisy or the selection test too strict.
  warn("No features were selected: either the data is"
/home/yangc1/nigo0024/anaconda3/envs/sip_run_2/lib/python3.8/site-packages/sklearn/feature_selection/_base.py:79: UserWarning: No features were selected: either the data is too noisy or the selection test too strict.
  warn("No features were selected: either the data is"
/home/yangc1/nigo0024/anaconda3/envs/sip_run_2/lib/python3.8/site-packages/sklearn/feature_selection/_base.py:79: UserWarning: No features were selected: either the data is too noisy or the selection test too strict.
  warn("No features were selected: either the data is"
/home/yangc1/nigo0024/anaconda3/envs/sip_run_2/lib/python3.8/site-packages/sklearn/feature_selection/_base.py:79: UserWarning: No features were selected: either the data is too noisy or the selection test too strict.
  warn("No features were selected: either the data is"
/home/yangc1/nigo0024/anaconda3/envs/sip_run_2/lib/python3.8/site-packages/sklearn/feature_selection/_base.py:79: UserWarning: No features were selected: either the data is too noisy or the selection test too strict.
  warn("No features were selected: either the data is"
/home/yangc1/nigo0024/anaconda3/envs/sip_run_2/lib/python3.8/site-packages/sklearn/feature_selection/_base.py:79: UserWarning: No features were selected: either the data is too noisy or the selection test too strict.
  warn("No features were selected: either the data is"
/home/yangc1/nigo0024/anaconda3/envs/sip_run_2/lib/python3.8/site-packages/sklearn/feature_selection/_base.py:79: UserWarning: No features were selected: either the data is too noisy or the selection test too strict.
  warn("No features were selected: either the data is"
/home/yangc1/nigo0024/anaconda3/envs/sip_run_2/lib/python3.8/site-packages/sklearn/feature_selection/_base.py:79: UserWarning: No features were selected: either the data is too noisy or the selection test too strict.
  warn("No features were selected: either the data is"
/home/yangc1/nigo0024/anaconda3/envs/sip_run_2/lib/python3.8/site-packages/sklearn/feature_selection/_base.py:79: UserWarning: No features were selected: either the data is too noisy or the selection test too strict.
  warn("No features were selected: either the data is"
/home/yangc1/nigo0024/anaconda3/envs/sip_run_2/lib/python3.8/site-packages/sklearn/feature_selection/_base.py:79: UserWarning: No features were selected: either the data is too noisy or the selection test too strict.
  warn("No features were selected: either the data is"
/home/yangc1/nigo0024/anaconda3/envs/sip_run_2/lib/python3.8/site-packages/sklearn/feature_selection/_base.py:79: UserWarning: No features were selected: either the data is too noisy or the selection test too strict.
  warn("No features were selected: either the data is"
/home/yangc1/nigo0024/anaconda3/envs/sip_run_2/lib/python3.8/site-packages/sklearn/feature_selection/_base.py:79: UserWarning: No features were selected: either the data is too noisy or the selection test too strict.
  warn("No features were selected: either the data is"
/home/yangc1/nigo0024/anaconda3/envs/sip_run_2/lib/python3.8/site-packages/sklearn/feature_selection/_base.py:79: UserWarning: No features were selected: either the data is too noisy or the selection test too strict.
  warn("No features were selected: either the data is"
/home/yangc1/nigo0024/anaconda3/envs/sip_run_2/lib/python3.8/site-packages/sklearn/feature_selection/_base.py:79: UserWarning: No features were selected: either the data is too noisy or the selection test too strict.
  warn("No features were selected: either the data is"
/home/yangc1/nigo0024/anaconda3/envs/sip_run_2/lib/python3.8/site-packages/sklearn/feature_selection/_base.py:79: UserWarning: No features were selected: either the data is too noisy or the selection test too strict.
  warn("No features were selected: either the data is"
/home/yangc1/nigo0024/anaconda3/envs/sip_run_2/lib/python3.8/site-packages/sklearn/feature_selection/_base.py:79: UserWarning: No features were selected: either the data is too noisy or the selection test too strict.
  warn("No features were selected: either the data is"
/home/yangc1/nigo0024/anaconda3/envs/sip_run_2/lib/python3.8/site-packages/sklearn/feature_selection/_base.py:79: UserWarning: No features were selected: either the data is too noisy or the selection test too strict.
  warn("No features were selected: either the data is"
/home/yangc1/nigo0024/anaconda3/envs/sip_run_2/lib/python3.8/site-packages/sklearn/feature_selection/_base.py:79: UserWarning: No features were selected: either the data is too noisy or the selection test too strict.
  warn("No features were selected: either the data is"
/home/yangc1/nigo0024/anaconda3/envs/sip_run_2/lib/python3.8/site-packages/sklearn/feature_selection/_base.py:79: UserWarning: No features were selected: either the data is too noisy or the selection test too strict.
  warn("No features were selected: either the data is"
/home/yangc1/nigo0024/anaconda3/envs/sip_run_2/lib/python3.8/site-packages/sklearn/feature_selection/_base.py:79: UserWarning: No features were selected: either the data is too noisy or the selection test too strict.
  warn("No features were selected: either the data is"
/home/yangc1/nigo0024/anaconda3/envs/sip_run_2/lib/python3.8/site-packages/sklearn/feature_selection/_base.py:79: UserWarning: No features were selected: either the data is too noisy or the selection test too strict.
  warn("No features were selected: either the data is"
/home/yangc1/nigo0024/anaconda3/envs/sip_run_2/lib/python3.8/site-packages/sklearn/feature_selection/_base.py:79: UserWarning: No features were selected: either the data is too noisy or the selection test too strict.
  warn("No features were selected: either the data is"
/home/yangc1/nigo0024/anaconda3/envs/sip_run_2/lib/python3.8/site-packages/sklearn/feature_selection/_base.py:79: UserWarning: No features were selected: either the data is too noisy or the selection test too strict.
  warn("No features were selected: either the data is"
/home/yangc1/nigo0024/anaconda3/envs/sip_run_2/lib/python3.8/site-packages/sklearn/feature_selection/_base.py:79: UserWarning: No features were selected: either the data is too noisy or the selection test too strict.
  warn("No features were selected: either the data is"
/home/yangc1/nigo0024/anaconda3/envs/sip_run_2/lib/python3.8/site-packages/sklearn/feature_selection/_base.py:79: UserWarning: No features were selected: either the data is too noisy or the selection test too strict.
  warn("No features were selected: either the data is"
/home/yangc1/nigo0024/anaconda3/envs/sip_run_2/lib/python3.8/site-packages/sklearn/feature_selection/_base.py:79: UserWarning: No features were selected: either the data is too noisy or the selection test too strict.
  warn("No features were selected: either the data is"
/home/yangc1/nigo0024/anaconda3/envs/sip_run_2/lib/python3.8/site-packages/sklearn/feature_selection/_base.py:79: UserWarning: No features were selected: either the data is too noisy or the selection test too strict.
  warn("No features were selected: either the data is"
/home/yangc1/nigo0024/anaconda3/envs/sip_run_2/lib/python3.8/site-packages/sklearn/feature_selection/_base.py:79: UserWarning: No features were selected: either the data is too noisy or the selection test too strict.
  warn("No features were selected: either the data is"
/home/yangc1/nigo0024/anaconda3/envs/sip_run_2/lib/python3.8/site-packages/sklearn/feature_selection/_base.py:79: UserWarning: No features were selected: either the data is too noisy or the selection test too strict.
  warn("No features were selected: either the data is"
/home/yangc1/nigo0024/anaconda3/envs/sip_run_2/lib/python3.8/site-packages/sklearn/feature_selection/_base.py:79: UserWarning: No features were selected: either the data is too noisy or the selection test too strict.
  warn("No features were selected: either the data is"
/home/yangc1/nigo0024/anaconda3/envs/sip_run_2/lib/python3.8/site-packages/sklearn/feature_selection/_base.py:79: UserWarning: No features were selected: either the data is too noisy or the selection test too strict.
  warn("No features were selected: either the data is"
/home/yangc1/nigo0024/anaconda3/envs/sip_run_2/lib/python3.8/site-packages/sklearn/feature_selection/_base.py:79: UserWarning: No features were selected: either the data is too noisy or the selection test too strict.
  warn("No features were selected: either the data is"
/home/yangc1/nigo0024/anaconda3/envs/sip_run_2/lib/python3.8/site-packages/sklearn/feature_selection/_base.py:79: UserWarning: No features were selected: either the data is too noisy or the selection test too strict.
  warn("No features were selected: either the data is"
/home/yangc1/nigo0024/anaconda3/envs/sip_run_2/lib/python3.8/site-packages/sklearn/feature_selection/_base.py:79: UserWarning: No features were selected: either the data is too noisy or the selection test too strict.
  warn("No features were selected: either the data is"
/home/yangc1/nigo0024/anaconda3/envs/sip_run_2/lib/python3.8/site-packages/sklearn/feature_selection/_base.py:79: UserWarning: No features were selected: either the data is too noisy or the selection test too strict.
  warn("No features were selected: either the data is"
/home/yangc1/nigo0024/anaconda3/envs/sip_run_2/lib/python3.8/site-packages/sklearn/feature_selection/_base.py:79: UserWarning: No features were selected: either the data is too noisy or the selection test too strict.
  warn("No features were selected: either the data is"
/home/yangc1/nigo0024/anaconda3/envs/sip_run_2/lib/python3.8/site-packages/sklearn/feature_selection/_base.py:79: UserWarning: No features were selected: either the data is too noisy or the selection test too strict.
  warn("No features were selected: either the data is"
/home/yangc1/nigo0024/anaconda3/envs/sip_run_2/lib/python3.8/site-packages/sklearn/feature_selection/_base.py:79: UserWarning: No features were selected: either the data is too noisy or the selection test too strict.
  warn("No features were selected: either the data is"
/home/yangc1/nigo0024/anaconda3/envs/sip_run_2/lib/python3.8/site-packages/sklearn/feature_selection/_base.py:79: UserWarning: No features were selected: either the data is too noisy or the selection test too strict.
  warn("No features were selected: either the data is"
/home/yangc1/nigo0024/anaconda3/envs/sip_run_2/lib/python3.8/site-packages/sklearn/feature_selection/_base.py:79: UserWarning: No features were selected: either the data is too noisy or the selection test too strict.
  warn("No features were selected: either the data is"
/home/yangc1/nigo0024/anaconda3/envs/sip_run_2/lib/python3.8/site-packages/sklearn/feature_selection/_base.py:79: UserWarning: No features were selected: either the data is too noisy or the selection test too strict.
  warn("No features were selected: either the data is"
/home/yangc1/nigo0024/anaconda3/envs/sip_run_2/lib/python3.8/site-packages/sklearn/feature_selection/_base.py:79: UserWarning: No features were selected: either the data is too noisy or the selection test too strict.
  warn("No features were selected: either the data is"
/home/yangc1/nigo0024/anaconda3/envs/sip_run_2/lib/python3.8/site-packages/sklearn/feature_selection/_base.py:79: UserWarning: No features were selected: either the data is too noisy or the selection test too strict.
  warn("No features were selected: either the data is"
/home/yangc1/nigo0024/anaconda3/envs/sip_run_2/lib/python3.8/site-packages/sklearn/feature_selection/_base.py:79: UserWarning: No features were selected: either the data is too noisy or the selection test too strict.
  warn("No features were selected: either the data is"
/home/yangc1/nigo0024/anaconda3/envs/sip_run_2/lib/python3.8/site-packages/sklearn/feature_selection/_base.py:79: UserWarning: No features were selected: either the data is too noisy or the selection test too strict.
  warn("No features were selected: either the data is"
/home/yangc1/nigo0024/anaconda3/envs/sip_run_2/lib/python3.8/site-packages/sklearn/feature_selection/_base.py:79: UserWarning: No features were selected: either the data is too noisy or the selection test too strict.
  warn("No features were selected: either the data is"
/home/yangc1/nigo0024/anaconda3/envs/sip_run_2/lib/python3.8/site-packages/sklearn/feature_selection/_base.py:79: UserWarning: No features were selected: either the data is too noisy or the selection test too strict.
  warn("No features were selected: either the data is"
/home/yangc1/nigo0024/anaconda3/envs/sip_run_2/lib/python3.8/site-packages/sklearn/feature_selection/_base.py:79: UserWarning: No features were selected: either the data is too noisy or the selection test too strict.
  warn("No features were selected: either the data is"
/home/yangc1/nigo0024/anaconda3/envs/sip_run_2/lib/python3.8/site-packages/sklearn/feature_selection/_base.py:79: UserWarning: No features were selected: either the data is too noisy or the selection test too strict.
  warn("No features were selected: either the data is"
/home/yangc1/nigo0024/anaconda3/envs/sip_run_2/lib/python3.8/site-packages/sklearn/feature_selection/_base.py:79: UserWarning: No features were selected: either the data is too noisy or the selection test too strict.
  warn("No features were selected: either the data is"
/home/yangc1/nigo0024/anaconda3/envs/sip_run_2/lib/python3.8/site-packages/sklearn/feature_selection/_base.py:79: UserWarning: No features were selected: either the data is too noisy or the selection test too strict.
  warn("No features were selected: either the data is"
/home/yangc1/nigo0024/anaconda3/envs/sip_run_2/lib/python3.8/site-packages/sklearn/feature_selection/_base.py:79: UserWarning: No features were selected: either the data is too noisy or the selection test too strict.
  warn("No features were selected: either the data is"
/home/yangc1/nigo0024/anaconda3/envs/sip_run_2/lib/python3.8/site-packages/sklearn/feature_selection/_base.py:79: UserWarning: No features were selected: either the data is too noisy or the selection test too strict.
  warn("No features were selected: either the data is"
/home/yangc1/nigo0024/anaconda3/envs/sip_run_2/lib/python3.8/site-packages/sklearn/feature_selection/_base.py:79: UserWarning: No features were selected: either the data is too noisy or the selection test too strict.
  warn("No features were selected: either the data is"
/home/yangc1/nigo0024/anaconda3/envs/sip_run_2/lib/python3.8/site-packages/sklearn/feature_selection/_base.py:79: UserWarning: No features were selected: either the data is too noisy or the selection test too strict.
  warn("No features were selected: either the data is"
/home/yangc1/nigo0024/anaconda3/envs/sip_run_2/lib/python3.8/site-packages/sklearn/feature_selection/_base.py:79: UserWarning: No features were selected: either the data is too noisy or the selection test too strict.
  warn("No features were selected: either the data is"
/home/yangc1/nigo0024/anaconda3/envs/sip_run_2/lib/python3.8/site-packages/sklearn/feature_selection/_base.py:79: UserWarning: No features were selected: either the data is too noisy or the selection test too strict.
  warn("No features were selected: either the data is"
/home/yangc1/nigo0024/anaconda3/envs/sip_run_2/lib/python3.8/site-packages/sklearn/feature_selection/_base.py:79: UserWarning: No features were selected: either the data is too noisy or the selection test too strict.
  warn("No features were selected: either the data is"
/home/yangc1/nigo0024/anaconda3/envs/sip_run_2/lib/python3.8/site-packages/sklearn/feature_selection/_base.py:79: UserWarning: No features were selected: either the data is too noisy or the selection test too strict.
  warn("No features were selected: either the data is"
/home/yangc1/nigo0024/anaconda3/envs/sip_run_2/lib/python3.8/site-packages/sklearn/feature_selection/_base.py:79: UserWarning: No features were selected: either the data is too noisy or the selection test too strict.
  warn("No features were selected: either the data is"
/home/yangc1/nigo0024/anaconda3/envs/sip_run_2/lib/python3.8/site-packages/sklearn/feature_selection/_base.py:79: UserWarning: No features were selected: either the data is too noisy or the selection test too strict.
  warn("No features were selected: either the data is"
/home/yangc1/nigo0024/anaconda3/envs/sip_run_2/lib/python3.8/site-packages/sklearn/feature_selection/_base.py:79: UserWarning: No features were selected: either the data is too noisy or the selection test too strict.
  warn("No features were selected: either the data is"
/home/yangc1/nigo0024/anaconda3/envs/sip_run_2/lib/python3.8/site-packages/sklearn/feature_selection/_base.py:79: UserWarning: No features were selected: either the data is too noisy or the selection test too strict.
  warn("No features were selected: either the data is"
/home/yangc1/nigo0024/anaconda3/envs/sip_run_2/lib/python3.8/site-packages/sklearn/feature_selection/_base.py:79: UserWarning: No features were selected: either the data is too noisy or the selection test too strict.
  warn("No features were selected: either the data is"
/home/yangc1/nigo0024/anaconda3/envs/sip_run_2/lib/python3.8/site-packages/sklearn/feature_selection/_base.py:79: UserWarning: No features were selected: either the data is too noisy or the selection test too strict.
  warn("No features were selected: either the data is"
/home/yangc1/nigo0024/anaconda3/envs/sip_run_2/lib/python3.8/site-packages/sklearn/feature_selection/_base.py:79: UserWarning: No features were selected: either the data is too noisy or the selection test too strict.
  warn("No features were selected: either the data is"
/home/yangc1/nigo0024/anaconda3/envs/sip_run_2/lib/python3.8/site-packages/sklearn/feature_selection/_base.py:79: UserWarning: No features were selected: either the data is too noisy or the selection test too strict.
  warn("No features were selected: either the data is"
/home/yangc1/nigo0024/anaconda3/envs/sip_run_2/lib/python3.8/site-packages/sklearn/feature_selection/_base.py:79: UserWarning: No features were selected: either the data is too noisy or the selection test too strict.
  warn("No features were selected: either the data is"
/home/yangc1/nigo0024/anaconda3/envs/sip_run_2/lib/python3.8/site-packages/sklearn/feature_selection/_base.py:79: UserWarning: No features were selected: either the data is too noisy or the selection test too strict.
  warn("No features were selected: either the data is"
/home/yangc1/nigo0024/anaconda3/envs/sip_run_2/lib/python3.8/site-packages/sklearn/feature_selection/_base.py:79: UserWarning: No features were selected: either the data is too noisy or the selection test too strict.
  warn("No features were selected: either the data is"
/home/yangc1/nigo0024/anaconda3/envs/sip_run_2/lib/python3.8/site-packages/sklearn/feature_selection/_base.py:79: UserWarning: No features were selected: either the data is too noisy or the selection test too strict.
  warn("No features were selected: either the data is"
/home/yangc1/nigo0024/anaconda3/envs/sip_run_2/lib/python3.8/site-packages/sklearn/feature_selection/_base.py:79: UserWarning: No features were selected: either the data is too noisy or the selection test too strict.
  warn("No features were selected: either the data is"
/home/yangc1/nigo0024/anaconda3/envs/sip_run_2/lib/python3.8/site-packages/sklearn/feature_selection/_base.py:79: UserWarning: No features were selected: either the data is too noisy or the selection test too strict.
  warn("No features were selected: either the data is"
/home/yangc1/nigo0024/anaconda3/envs/sip_run_2/lib/python3.8/site-packages/sklearn/feature_selection/_base.py:79: UserWarning: No features were selected: either the data is too noisy or the selection test too strict.
  warn("No features were selected: either the data is"
/home/yangc1/nigo0024/anaconda3/envs/sip_run_2/lib/python3.8/site-packages/sklearn/feature_selection/_base.py:79: UserWarning: No features were selected: either the data is too noisy or the selection test too strict.
  warn("No features were selected: either the data is"
/home/yangc1/nigo0024/anaconda3/envs/sip_run_2/lib/python3.8/site-packages/sklearn/feature_selection/_base.py:79: UserWarning: No features were selected: either the data is too noisy or the selection test too strict.
  warn("No features were selected: either the data is"
/home/yangc1/nigo0024/anaconda3/envs/sip_run_2/lib/python3.8/site-packages/sklearn/feature_selection/_base.py:79: UserWarning: No features were selected: either the data is too noisy or the selection test too strict.
  warn("No features were selected: either the data is"
/home/yangc1/nigo0024/anaconda3/envs/sip_run_2/lib/python3.8/site-packages/sklearn/feature_selection/_base.py:79: UserWarning: No features were selected: either the data is too noisy or the selection test too strict.
  warn("No features were selected: either the data is"
/home/yangc1/nigo0024/anaconda3/envs/sip_run_2/lib/python3.8/site-packages/sklearn/feature_selection/_base.py:79: UserWarning: No features were selected: either the data is too noisy or the selection test too strict.
  warn("No features were selected: either the data is"
/home/yangc1/nigo0024/anaconda3/envs/sip_run_2/lib/python3.8/site-packages/sklearn/feature_selection/_base.py:79: UserWarning: No features were selected: either the data is too noisy or the selection test too strict.
  warn("No features were selected: either the data is"
/home/yangc1/nigo0024/anaconda3/envs/sip_run_2/lib/python3.8/site-packages/sklearn/feature_selection/_base.py:79: UserWarning: No features were selected: either the data is too noisy or the selection test too strict.
  warn("No features were selected: either the data is"
/home/yangc1/nigo0024/anaconda3/envs/sip_run_2/lib/python3.8/site-packages/sklearn/feature_selection/_base.py:79: UserWarning: No features were selected: either the data is too noisy or the selection test too strict.
  warn("No features were selected: either the data is"
/home/yangc1/nigo0024/anaconda3/envs/sip_run_2/lib/python3.8/site-packages/sklearn/feature_selection/_base.py:79: UserWarning: No features were selected: either the data is too noisy or the selection test too strict.
  warn("No features were selected: either the data is"
/home/yangc1/nigo0024/anaconda3/envs/sip_run_2/lib/python3.8/site-packages/sklearn/feature_selection/_base.py:79: UserWarning: No features were selected: either the data is too noisy or the selection test too strict.
  warn("No features were selected: either the data is"
/home/yangc1/nigo0024/anaconda3/envs/sip_run_2/lib/python3.8/site-packages/sklearn/feature_selection/_base.py:79: UserWarning: No features were selected: either the data is too noisy or the selection test too strict.
  warn("No features were selected: either the data is"
/home/yangc1/nigo0024/anaconda3/envs/sip_run_2/lib/python3.8/site-packages/sklearn/feature_selection/_base.py:79: UserWarning: No features were selected: either the data is too noisy or the selection test too strict.
  warn("No features were selected: either the data is"
/home/yangc1/nigo0024/anaconda3/envs/sip_run_2/lib/python3.8/site-packages/sklearn/feature_selection/_base.py:79: UserWarning: No features were selected: either the data is too noisy or the selection test too strict.
  warn("No features were selected: either the data is"
/home/yangc1/nigo0024/anaconda3/envs/sip_run_2/lib/python3.8/site-packages/sklearn/feature_selection/_base.py:79: UserWarning: No features were selected: either the data is too noisy or the selection test too strict.
  warn("No features were selected: either the data is"
/home/yangc1/nigo0024/anaconda3/envs/sip_run_2/lib/python3.8/site-packages/sklearn/feature_selection/_base.py:79: UserWarning: No features were selected: either the data is too noisy or the selection test too strict.
  warn("No features were selected: either the data is"
/home/yangc1/nigo0024/anaconda3/envs/sip_run_2/lib/python3.8/site-packages/sklearn/feature_selection/_base.py:79: UserWarning: No features were selected: either the data is too noisy or the selection test too strict.
  warn("No features were selected: either the data is"
/home/yangc1/nigo0024/anaconda3/envs/sip_run_2/lib/python3.8/site-packages/sklearn/feature_selection/_base.py:79: UserWarning: No features were selected: either the data is too noisy or the selection test too strict.
  warn("No features were selected: either the data is"
All processing scenarios are finished. Exiting program.
