Skipping past idx_grix 0...
Skipping past idx_grix 1...
Skipping past idx_grix 2...
Skipping past idx_grix 3...
Skipping past idx_grix 4...
Skipping past idx_grix 5...
Skipping past idx_grix 6...
Skipping past idx_grix 7...
Skipping past idx_grix 8...
Skipping past idx_grix 9...
Skipping past idx_grix 10...
Skipping past idx_grix 11...
Skipping past idx_grix 12...
Skipping past idx_grix 13...
Skipping past idx_grix 14...
Skipping past idx_grix 15...
Skipping past idx_grix 16...
Skipping past idx_grix 17...
Skipping past idx_grix 18...
Skipping past idx_grix 19...
Skipping past idx_grix 20...
Skipping past idx_grix 21...
Skipping past idx_grix 22...
Skipping past idx_grix 23...
Skipping past idx_grix 24...
Skipping past idx_grix 25...
Skipping past idx_grix 26...
Skipping past idx_grix 27...
Skipping past idx_grix 28...
Skipping past idx_grix 29...
Skipping past idx_grix 30...
Skipping past idx_grix 31...
Skipping past idx_grix 32...
Skipping past idx_grix 33...
Skipping past idx_grix 34...
Skipping past idx_grix 35...
Skipping past idx_grix 36...
Skipping past idx_grix 37...
Skipping past idx_grix 38...
Skipping past idx_grix 39...
Skipping past idx_grix 40...
Skipping past idx_grix 41...
Skipping past idx_grix 42...
Skipping past idx_grix 43...
Skipping past idx_grix 44...
Skipping past idx_grix 45...
Skipping past idx_grix 46...
Skipping past idx_grix 47...
Skipping past idx_grix 48...
Skipping past idx_grix 49...
Skipping past idx_grix 50...
Skipping past idx_grix 51...
Skipping past idx_grix 52...
Skipping past idx_grix 53...
Skipping past idx_grix 54...
Skipping past idx_grix 55...
Skipping past idx_grix 56...
Skipping past idx_grix 57...
Skipping past idx_grix 58...
Skipping past idx_grix 59...
Skipping past idx_grix 60...
Skipping past idx_grix 61...
Skipping past idx_grix 62...
Skipping past idx_grix 63...
Skipping past idx_grix 64...
Skipping past idx_grix 65...
Skipping past idx_grix 66...
Skipping past idx_grix 67...
Skipping past idx_grix 68...
Skipping past idx_grix 69...
Skipping past idx_grix 70...
Skipping past idx_grix 71...
Skipping past idx_grix 72...
Skipping past idx_grix 73...
Skipping past idx_grix 74...
Skipping past idx_grix 75...
Skipping past idx_grix 76...
Skipping past idx_grix 77...
Skipping past idx_grix 78...
Skipping past idx_grix 79...
Skipping past idx_grix 80...
Skipping past idx_grix 81...
Skipping past idx_grix 82...
Skipping past idx_grix 83...
Skipping past idx_grix 84...
Skipping past idx_grix 85...
Skipping past idx_grix 86...

Processing scenario ID: 87
Panels type: ref_closest_panel
Crop type: crop_plot
Clip type: {'wl_bands': [[0, 420], [880, 1000]]}
Smooth type: {'window_size': 11, 'order': 2}
Bin type: nan
Segment type: {'method': 'mcari2', 'wl1': [800], 'wl2': [670], 'wl3': [550], 'mask_percentile': [50, 75], 'mask_side': 'outside'}

Response variable: biomass_kgha
Number of observations: 407

Feature set: reflectance

Skipping past idx_grix 0...
Skipping past idx_grix 1...
Skipping past idx_grix 2...
Skipping past idx_grix 3...
Skipping past idx_grix 4...
Skipping past idx_grix 5...
Skipping past idx_grix 6...
Skipping past idx_grix 7...
Skipping past idx_grix 8...
Skipping past idx_grix 9...
Skipping past idx_grix 10...
Skipping past idx_grix 11...
Skipping past idx_grix 12...
Skipping past idx_grix 13...
Skipping past idx_grix 14...
Skipping past idx_grix 15...
Skipping past idx_grix 16...
Skipping past idx_grix 17...
Skipping past idx_grix 18...
Skipping past idx_grix 19...
Skipping past idx_grix 20...
Skipping past idx_grix 21...
Skipping past idx_grix 22...
Skipping past idx_grix 23...
Skipping past idx_grix 24...
Skipping past idx_grix 25...
Skipping past idx_grix 26...
Skipping past idx_grix 27...
Skipping past idx_grix 28...
Skipping past idx_grix 29...
Skipping past idx_grix 30...
Skipping past idx_grix 31...
Skipping past idx_grix 32...
Skipping past idx_grix 33...
Skipping past idx_grix 34...
Skipping past idx_grix 35...
Skipping past idx_grix 36...
Skipping past idx_grix 37...
Skipping past idx_grix 38...
Skipping past idx_grix 39...
Skipping past idx_grix 40...
Skipping past idx_grix 41...
Skipping past idx_grix 42...
Skipping past idx_grix 43...
Skipping past idx_grix 44...
Skipping past idx_grix 45...
Skipping past idx_grix 46...
Skipping past idx_grix 47...
Skipping past idx_grix 48...
Skipping past idx_grix 49...
Skipping past idx_grix 50...
Skipping past idx_grix 51...
Skipping past idx_grix 52...
Skipping past idx_grix 53...
Skipping past idx_grix 54...
Skipping past idx_grix 55...
Skipping past idx_grix 56...
Skipping past idx_grix 57...
Skipping past idx_grix 58...
Skipping past idx_grix 59...
Skipping past idx_grix 60...
Skipping past idx_grix 61...
Skipping past idx_grix 62...
Skipping past idx_grix 63...
Skipping past idx_grix 64...
Skipping past idx_grix 65...
Skipping past idx_grix 66...
Skipping past idx_grix 67...
Skipping past idx_grix 68...
Skipping past idx_grix 69...
Skipping past idx_grix 70...
Skipping past idx_grix 71...
Skipping past idx_grix 72...
Skipping past idx_grix 73...
Skipping past idx_grix 74...
Skipping past idx_grix 75...
Skipping past idx_grix 76...
Skipping past idx_grix 77...
Skipping past idx_grix 78...
Skipping past idx_grix 79...
Skipping past idx_grix 80...
Skipping past idx_grix 81...
Skipping past idx_grix 82...
Skipping past idx_grix 83...
Skipping past idx_grix 84...
Skipping past idx_grix 85...
Skipping past idx_grix 86...

Processing scenario ID: 87
Panels type: ref_closest_panel
Crop type: crop_plot
Clip type: {'wl_bands': [[0, 420], [880, 1000]]}
Smooth type: {'window_size': 11, 'order': 2}
Bin type: nan
Segment type: {'method': 'mcari2', 'wl1': [800], 'wl2': [670], 'wl3': [550], 'mask_percentile': [50, 75], 'mask_side': 'outside'}

Response variable: nup_kgha
Number of observations: 407

Feature set: reflectance

Skipping past idx_grix 0...
Skipping past idx_grix 1...
Skipping past idx_grix 2...
Skipping past idx_grix 3...
Skipping past idx_grix 4...
Skipping past idx_grix 5...
Skipping past idx_grix 6...
Skipping past idx_grix 7...
Skipping past idx_grix 8...
Skipping past idx_grix 9...
Skipping past idx_grix 10...
Skipping past idx_grix 11...
Skipping past idx_grix 12...
Skipping past idx_grix 13...
Skipping past idx_grix 14...
Skipping past idx_grix 15...
Skipping past idx_grix 16...
Skipping past idx_grix 17...
Skipping past idx_grix 18...
Skipping past idx_grix 19...
Skipping past idx_grix 20...
Skipping past idx_grix 21...
Skipping past idx_grix 22...
Skipping past idx_grix 23...
Skipping past idx_grix 24...
Skipping past idx_grix 25...
Skipping past idx_grix 26...
Skipping past idx_grix 27...
Skipping past idx_grix 28...
Skipping past idx_grix 29...
Skipping past idx_grix 30...
Skipping past idx_grix 31...
Skipping past idx_grix 32...
Skipping past idx_grix 33...
Skipping past idx_grix 34...
Skipping past idx_grix 35...
Skipping past idx_grix 36...
Skipping past idx_grix 37...
Skipping past idx_grix 38...
Skipping past idx_grix 39...
Skipping past idx_grix 40...
Skipping past idx_grix 41...
Skipping past idx_grix 42...
Skipping past idx_grix 43...
Skipping past idx_grix 44...
Skipping past idx_grix 45...
Skipping past idx_grix 46...
Skipping past idx_grix 47...
Skipping past idx_grix 48...
Skipping past idx_grix 49...
Skipping past idx_grix 50...
Skipping past idx_grix 51...
Skipping past idx_grix 52...
Skipping past idx_grix 53...
Skipping past idx_grix 54...
Skipping past idx_grix 55...
Skipping past idx_grix 56...
Skipping past idx_grix 57...
Skipping past idx_grix 58...
Skipping past idx_grix 59...
Skipping past idx_grix 60...
Skipping past idx_grix 61...
Skipping past idx_grix 62...
Skipping past idx_grix 63...
Skipping past idx_grix 64...
Skipping past idx_grix 65...
Skipping past idx_grix 66...
Skipping past idx_grix 67...
Skipping past idx_grix 68...
Skipping past idx_grix 69...
Skipping past idx_grix 70...
Skipping past idx_grix 71...
Skipping past idx_grix 72...
Skipping past idx_grix 73...
Skipping past idx_grix 74...
Skipping past idx_grix 75...
Skipping past idx_grix 76...
Skipping past idx_grix 77...
Skipping past idx_grix 78...
Skipping past idx_grix 79...
Skipping past idx_grix 80...
Skipping past idx_grix 81...
Skipping past idx_grix 82...
Skipping past idx_grix 83...
Skipping past idx_grix 84...
Skipping past idx_grix 85...
Skipping past idx_grix 86...

Processing scenario ID: 87
Panels type: ref_closest_panel
Crop type: crop_plot
Clip type: {'wl_bands': [[0, 420], [880, 1000]]}
Smooth type: {'window_size': 11, 'order': 2}
Bin type: nan
Segment type: {'method': 'mcari2', 'wl1': [800], 'wl2': [670], 'wl3': [550], 'mask_percentile': [50, 75], 'mask_side': 'outside'}

Response variable: tissue_n_pct
Number of observations: 408

Feature set: reflectance

Skipping past idx_grix 0...
Skipping past idx_grix 1...
Skipping past idx_grix 2...
Skipping past idx_grix 3...
Skipping past idx_grix 4...
Skipping past idx_grix 5...
Skipping past idx_grix 6...
Skipping past idx_grix 7...
Skipping past idx_grix 8...
Skipping past idx_grix 9...
Skipping past idx_grix 10...
Skipping past idx_grix 11...
Skipping past idx_grix 12...
Skipping past idx_grix 13...
Skipping past idx_grix 14...
Skipping past idx_grix 15...
Skipping past idx_grix 16...
Skipping past idx_grix 17...
Skipping past idx_grix 18...
Skipping past idx_grix 19...
Skipping past idx_grix 20...
Skipping past idx_grix 21...
Skipping past idx_grix 22...
Skipping past idx_grix 23...
Skipping past idx_grix 24...
Skipping past idx_grix 25...
Skipping past idx_grix 26...
Skipping past idx_grix 27...
Skipping past idx_grix 28...
Skipping past idx_grix 29...
Skipping past idx_grix 30...
Skipping past idx_grix 31...
Skipping past idx_grix 32...
Skipping past idx_grix 33...
Skipping past idx_grix 34...
Skipping past idx_grix 35...
Skipping past idx_grix 36...
Skipping past idx_grix 37...
Skipping past idx_grix 38...
Skipping past idx_grix 39...
Skipping past idx_grix 40...
Skipping past idx_grix 41...
Skipping past idx_grix 42...
Skipping past idx_grix 43...
Skipping past idx_grix 44...
Skipping past idx_grix 45...
Skipping past idx_grix 46...
Skipping past idx_grix 47...
Skipping past idx_grix 48...
Skipping past idx_grix 49...
Skipping past idx_grix 50...
Skipping past idx_grix 51...
Skipping past idx_grix 52...
Skipping past idx_grix 53...
Skipping past idx_grix 54...
Skipping past idx_grix 55...
Skipping past idx_grix 56...
Skipping past idx_grix 57...
Skipping past idx_grix 58...
Skipping past idx_grix 59...
Skipping past idx_grix 60...
Skipping past idx_grix 61...
Skipping past idx_grix 62...
Skipping past idx_grix 63...
Skipping past idx_grix 64...
Skipping past idx_grix 65...
Skipping past idx_grix 66...
Skipping past idx_grix 67...
Skipping past idx_grix 68...
Skipping past idx_grix 69...
Skipping past idx_grix 70...
Skipping past idx_grix 71...
Skipping past idx_grix 72...
Skipping past idx_grix 73...
Skipping past idx_grix 74...
Skipping past idx_grix 75...
Skipping past idx_grix 76...
Skipping past idx_grix 77...
Skipping past idx_grix 78...
Skipping past idx_grix 79...
Skipping past idx_grix 80...
Skipping past idx_grix 81...
Skipping past idx_grix 82...
Skipping past idx_grix 83...
Skipping past idx_grix 84...
Skipping past idx_grix 85...
Skipping past idx_grix 86...

Processing scenario ID: 87
Panels type: ref_closest_panel
Crop type: crop_plot
Clip type: {'wl_bands': [[0, 420], [880, 1000]]}
Smooth type: {'window_size': 11, 'order': 2}
Bin type: nan
Segment type: {'method': 'mcari2', 'wl1': [800], 'wl2': [670], 'wl3': [550], 'mask_percentile': [50, 75], 'mask_side': 'outside'}

Response variable: biomass_kgha
Number of observations: 407

Feature set: derivative_1

Skipping past idx_grix 0...
Skipping past idx_grix 1...
Skipping past idx_grix 2...
Skipping past idx_grix 3...
Skipping past idx_grix 4...
Skipping past idx_grix 5...
Skipping past idx_grix 6...
Skipping past idx_grix 7...
Skipping past idx_grix 8...
Skipping past idx_grix 9...
Skipping past idx_grix 10...
Skipping past idx_grix 11...
Skipping past idx_grix 12...
Skipping past idx_grix 13...
Skipping past idx_grix 14...
Skipping past idx_grix 15...
Skipping past idx_grix 16...
Skipping past idx_grix 17...
Skipping past idx_grix 18...
Skipping past idx_grix 19...
Skipping past idx_grix 20...
Skipping past idx_grix 21...
Skipping past idx_grix 22...
Skipping past idx_grix 23...
Skipping past idx_grix 24...
Skipping past idx_grix 25...
Skipping past idx_grix 26...
Skipping past idx_grix 27...
Skipping past idx_grix 28...
Skipping past idx_grix 29...
Skipping past idx_grix 30...
Skipping past idx_grix 31...
Skipping past idx_grix 32...
Skipping past idx_grix 33...
Skipping past idx_grix 34...
Skipping past idx_grix 35...
Skipping past idx_grix 36...
Skipping past idx_grix 37...
Skipping past idx_grix 38...
Skipping past idx_grix 39...
Skipping past idx_grix 40...
Skipping past idx_grix 41...
Skipping past idx_grix 42...
Skipping past idx_grix 43...
Skipping past idx_grix 44...
Skipping past idx_grix 45...
Skipping past idx_grix 46...
Skipping past idx_grix 47...
Skipping past idx_grix 48...
Skipping past idx_grix 49...
Skipping past idx_grix 50...
Skipping past idx_grix 51...
Skipping past idx_grix 52...
Skipping past idx_grix 53...
Skipping past idx_grix 54...
Skipping past idx_grix 55...
Skipping past idx_grix 56...
Skipping past idx_grix 57...
Skipping past idx_grix 58...
Skipping past idx_grix 59...
Skipping past idx_grix 60...
Skipping past idx_grix 61...
Skipping past idx_grix 62...
Skipping past idx_grix 63...
Skipping past idx_grix 64...
Skipping past idx_grix 65...
Skipping past idx_grix 66...
Skipping past idx_grix 67...
Skipping past idx_grix 68...
Skipping past idx_grix 69...
Skipping past idx_grix 70...
Skipping past idx_grix 71...
Skipping past idx_grix 72...
Skipping past idx_grix 73...
Skipping past idx_grix 74...
Skipping past idx_grix 75...
Skipping past idx_grix 76...
Skipping past idx_grix 77...
Skipping past idx_grix 78...
Skipping past idx_grix 79...
Skipping past idx_grix 80...
Skipping past idx_grix 81...
Skipping past idx_grix 82...
Skipping past idx_grix 83...
Skipping past idx_grix 84...
Skipping past idx_grix 85...
Skipping past idx_grix 86...

Processing scenario ID: 87
Panels type: ref_closest_panel
Crop type: crop_plot
Clip type: {'wl_bands': [[0, 420], [880, 1000]]}
Smooth type: {'window_size': 11, 'order': 2}
Bin type: nan
Segment type: {'method': 'mcari2', 'wl1': [800], 'wl2': [670], 'wl3': [550], 'mask_percentile': [50, 75], 'mask_side': 'outside'}

Response variable: nup_kgha
Number of observations: 407

Feature set: derivative_1

Skipping past idx_grix 0...
Skipping past idx_grix 1...
Skipping past idx_grix 2...
Skipping past idx_grix 3...
Skipping past idx_grix 4...
Skipping past idx_grix 5...
Skipping past idx_grix 6...
Skipping past idx_grix 7...
Skipping past idx_grix 8...
Skipping past idx_grix 9...
Skipping past idx_grix 10...
Skipping past idx_grix 11...
Skipping past idx_grix 12...
Skipping past idx_grix 13...
Skipping past idx_grix 14...
Skipping past idx_grix 15...
Skipping past idx_grix 16...
Skipping past idx_grix 17...
Skipping past idx_grix 18...
Skipping past idx_grix 19...
Skipping past idx_grix 20...
Skipping past idx_grix 21...
Skipping past idx_grix 22...
Skipping past idx_grix 23...
Skipping past idx_grix 24...
Skipping past idx_grix 25...
Skipping past idx_grix 26...
Skipping past idx_grix 27...
Skipping past idx_grix 28...
Skipping past idx_grix 29...
Skipping past idx_grix 30...
Skipping past idx_grix 31...
Skipping past idx_grix 32...
Skipping past idx_grix 33...
Skipping past idx_grix 34...
Skipping past idx_grix 35...
Skipping past idx_grix 36...
Skipping past idx_grix 37...
Skipping past idx_grix 38...
Skipping past idx_grix 39...
Skipping past idx_grix 40...
Skipping past idx_grix 41...
Skipping past idx_grix 42...
Skipping past idx_grix 43...
Skipping past idx_grix 44...
Skipping past idx_grix 45...
Skipping past idx_grix 46...
Skipping past idx_grix 47...
Skipping past idx_grix 48...
Skipping past idx_grix 49...
Skipping past idx_grix 50...
Skipping past idx_grix 51...
Skipping past idx_grix 52...
Skipping past idx_grix 53...
Skipping past idx_grix 54...
Skipping past idx_grix 55...
Skipping past idx_grix 56...
Skipping past idx_grix 57...
Skipping past idx_grix 58...
Skipping past idx_grix 59...
Skipping past idx_grix 60...
Skipping past idx_grix 61...
Skipping past idx_grix 62...
Skipping past idx_grix 63...
Skipping past idx_grix 64...
Skipping past idx_grix 65...
Skipping past idx_grix 66...
Skipping past idx_grix 67...
Skipping past idx_grix 68...
Skipping past idx_grix 69...
Skipping past idx_grix 70...
Skipping past idx_grix 71...
Skipping past idx_grix 72...
Skipping past idx_grix 73...
Skipping past idx_grix 74...
Skipping past idx_grix 75...
Skipping past idx_grix 76...
Skipping past idx_grix 77...
Skipping past idx_grix 78...
Skipping past idx_grix 79...
Skipping past idx_grix 80...
Skipping past idx_grix 81...
Skipping past idx_grix 82...
Skipping past idx_grix 83...
Skipping past idx_grix 84...
Skipping past idx_grix 85...
Skipping past idx_grix 86...

Processing scenario ID: 87
Panels type: ref_closest_panel
Crop type: crop_plot
Clip type: {'wl_bands': [[0, 420], [880, 1000]]}
Smooth type: {'window_size': 11, 'order': 2}
Bin type: nan
Segment type: {'method': 'mcari2', 'wl1': [800], 'wl2': [670], 'wl3': [550], 'mask_percentile': [50, 75], 'mask_side': 'outside'}

Response variable: tissue_n_pct
Number of observations: 408

Feature set: derivative_1

Skipping past idx_grix 0...
Skipping past idx_grix 1...
Skipping past idx_grix 2...
Skipping past idx_grix 3...
Skipping past idx_grix 4...
Skipping past idx_grix 5...
Skipping past idx_grix 6...
Skipping past idx_grix 7...
Skipping past idx_grix 8...
Skipping past idx_grix 9...
Skipping past idx_grix 10...
Skipping past idx_grix 11...
Skipping past idx_grix 12...
Skipping past idx_grix 13...
Skipping past idx_grix 14...
Skipping past idx_grix 15...
Skipping past idx_grix 16...
Skipping past idx_grix 17...
Skipping past idx_grix 18...
Skipping past idx_grix 19...
Skipping past idx_grix 20...
Skipping past idx_grix 21...
Skipping past idx_grix 22...
Skipping past idx_grix 23...
Skipping past idx_grix 24...
Skipping past idx_grix 25...
Skipping past idx_grix 26...
Skipping past idx_grix 27...
Skipping past idx_grix 28...
Skipping past idx_grix 29...
Skipping past idx_grix 30...
Skipping past idx_grix 31...
Skipping past idx_grix 32...
Skipping past idx_grix 33...
Skipping past idx_grix 34...
Skipping past idx_grix 35...
Skipping past idx_grix 36...
Skipping past idx_grix 37...
Skipping past idx_grix 38...
Skipping past idx_grix 39...
Skipping past idx_grix 40...
Skipping past idx_grix 41...
Skipping past idx_grix 42...
Skipping past idx_grix 43...
Skipping past idx_grix 44...
Skipping past idx_grix 45...
Skipping past idx_grix 46...
Skipping past idx_grix 47...
Skipping past idx_grix 48...
Skipping past idx_grix 49...
Skipping past idx_grix 50...
Skipping past idx_grix 51...
Skipping past idx_grix 52...
Skipping past idx_grix 53...
Skipping past idx_grix 54...
Skipping past idx_grix 55...
Skipping past idx_grix 56...
Skipping past idx_grix 57...
Skipping past idx_grix 58...
Skipping past idx_grix 59...
Skipping past idx_grix 60...
Skipping past idx_grix 61...
Skipping past idx_grix 62...
Skipping past idx_grix 63...
Skipping past idx_grix 64...
Skipping past idx_grix 65...
Skipping past idx_grix 66...
Skipping past idx_grix 67...
Skipping past idx_grix 68...
Skipping past idx_grix 69...
Skipping past idx_grix 70...
Skipping past idx_grix 71...
Skipping past idx_grix 72...
Skipping past idx_grix 73...
Skipping past idx_grix 74...
Skipping past idx_grix 75...
Skipping past idx_grix 76...
Skipping past idx_grix 77...
Skipping past idx_grix 78...
Skipping past idx_grix 79...
Skipping past idx_grix 80...
Skipping past idx_grix 81...
Skipping past idx_grix 82...
Skipping past idx_grix 83...
Skipping past idx_grix 84...
Skipping past idx_grix 85...
Skipping past idx_grix 86...

Processing scenario ID: 87
Panels type: ref_closest_panel
Crop type: crop_plot
Clip type: {'wl_bands': [[0, 420], [880, 1000]]}
Smooth type: {'window_size': 11, 'order': 2}
Bin type: nan
Segment type: {'method': 'mcari2', 'wl1': [800], 'wl2': [670], 'wl3': [550], 'mask_percentile': [50, 75], 'mask_side': 'outside'}

Response variable: biomass_kgha
Number of observations: 407

Feature set: derivative_2

Skipping past idx_grix 0...
Skipping past idx_grix 1...
Skipping past idx_grix 2...
Skipping past idx_grix 3...
Skipping past idx_grix 4...
Skipping past idx_grix 5...
Skipping past idx_grix 6...
Skipping past idx_grix 7...
Skipping past idx_grix 8...
Skipping past idx_grix 9...
Skipping past idx_grix 10...
Skipping past idx_grix 11...
Skipping past idx_grix 12...
Skipping past idx_grix 13...
Skipping past idx_grix 14...
Skipping past idx_grix 15...
Skipping past idx_grix 16...
Skipping past idx_grix 17...
Skipping past idx_grix 18...
Skipping past idx_grix 19...
Skipping past idx_grix 20...
Skipping past idx_grix 21...
Skipping past idx_grix 22...
Skipping past idx_grix 23...
Skipping past idx_grix 24...
Skipping past idx_grix 25...
Skipping past idx_grix 26...
Skipping past idx_grix 27...
Skipping past idx_grix 28...
Skipping past idx_grix 29...
Skipping past idx_grix 30...
Skipping past idx_grix 31...
Skipping past idx_grix 32...
Skipping past idx_grix 33...
Skipping past idx_grix 34...
Skipping past idx_grix 35...
Skipping past idx_grix 36...
Skipping past idx_grix 37...
Skipping past idx_grix 38...
Skipping past idx_grix 39...
Skipping past idx_grix 40...
Skipping past idx_grix 41...
Skipping past idx_grix 42...
Skipping past idx_grix 43...
Skipping past idx_grix 44...
Skipping past idx_grix 45...
Skipping past idx_grix 46...
Skipping past idx_grix 47...
Skipping past idx_grix 48...
Skipping past idx_grix 49...
Skipping past idx_grix 50...
Skipping past idx_grix 51...
Skipping past idx_grix 52...
Skipping past idx_grix 53...
Skipping past idx_grix 54...
Skipping past idx_grix 55...
Skipping past idx_grix 56...
Skipping past idx_grix 57...
Skipping past idx_grix 58...
Skipping past idx_grix 59...
Skipping past idx_grix 60...
Skipping past idx_grix 61...
Skipping past idx_grix 62...
Skipping past idx_grix 63...
Skipping past idx_grix 64...
Skipping past idx_grix 65...
Skipping past idx_grix 66...
Skipping past idx_grix 67...
Skipping past idx_grix 68...
Skipping past idx_grix 69...
Skipping past idx_grix 70...
Skipping past idx_grix 71...
Skipping past idx_grix 72...
Skipping past idx_grix 73...
Skipping past idx_grix 74...
Skipping past idx_grix 75...
Skipping past idx_grix 76...
Skipping past idx_grix 77...
Skipping past idx_grix 78...
Skipping past idx_grix 79...
Skipping past idx_grix 80...
Skipping past idx_grix 81...
Skipping past idx_grix 82...
Skipping past idx_grix 83...
Skipping past idx_grix 84...
Skipping past idx_grix 85...
Skipping past idx_grix 86...

Processing scenario ID: 87
Panels type: ref_closest_panel
Crop type: crop_plot
Clip type: {'wl_bands': [[0, 420], [880, 1000]]}
Smooth type: {'window_size': 11, 'order': 2}
Bin type: nan
Segment type: {'method': 'mcari2', 'wl1': [800], 'wl2': [670], 'wl3': [550], 'mask_percentile': [50, 75], 'mask_side': 'outside'}

Response variable: nup_kgha
Number of observations: 407

Feature set: derivative_2

Skipping past idx_grix 0...
Skipping past idx_grix 1...
Skipping past idx_grix 2...
Skipping past idx_grix 3...
Skipping past idx_grix 4...
Skipping past idx_grix 5...
Skipping past idx_grix 6...
Skipping past idx_grix 7...
Skipping past idx_grix 8...
Skipping past idx_grix 9...
Skipping past idx_grix 10...
Skipping past idx_grix 11...
Skipping past idx_grix 12...
Skipping past idx_grix 13...
Skipping past idx_grix 14...
Skipping past idx_grix 15...
Skipping past idx_grix 16...
Skipping past idx_grix 17...
Skipping past idx_grix 18...
Skipping past idx_grix 19...
Skipping past idx_grix 20...
Skipping past idx_grix 21...
Skipping past idx_grix 22...
Skipping past idx_grix 23...
Skipping past idx_grix 24...
Skipping past idx_grix 25...
Skipping past idx_grix 26...
Skipping past idx_grix 27...
Skipping past idx_grix 28...
Skipping past idx_grix 29...
Skipping past idx_grix 30...
Skipping past idx_grix 31...
Skipping past idx_grix 32...
Skipping past idx_grix 33...
Skipping past idx_grix 34...
Skipping past idx_grix 35...
Skipping past idx_grix 36...
Skipping past idx_grix 37...
Skipping past idx_grix 38...
Skipping past idx_grix 39...
Skipping past idx_grix 40...
Skipping past idx_grix 41...
Skipping past idx_grix 42...
Skipping past idx_grix 43...
Skipping past idx_grix 44...
Skipping past idx_grix 45...
Skipping past idx_grix 46...
Skipping past idx_grix 47...
Skipping past idx_grix 48...
Skipping past idx_grix 49...
Skipping past idx_grix 50...
Skipping past idx_grix 51...
Skipping past idx_grix 52...
Skipping past idx_grix 53...
Skipping past idx_grix 54...
Skipping past idx_grix 55...
Skipping past idx_grix 56...
Skipping past idx_grix 57...
Skipping past idx_grix 58...
Skipping past idx_grix 59...
Skipping past idx_grix 60...
Skipping past idx_grix 61...
Skipping past idx_grix 62...
Skipping past idx_grix 63...
Skipping past idx_grix 64...
Skipping past idx_grix 65...
Skipping past idx_grix 66...
Skipping past idx_grix 67...
Skipping past idx_grix 68...
Skipping past idx_grix 69...
Skipping past idx_grix 70...
Skipping past idx_grix 71...
Skipping past idx_grix 72...
Skipping past idx_grix 73...
Skipping past idx_grix 74...
Skipping past idx_grix 75...
Skipping past idx_grix 76...
Skipping past idx_grix 77...
Skipping past idx_grix 78...
Skipping past idx_grix 79...
Skipping past idx_grix 80...
Skipping past idx_grix 81...
Skipping past idx_grix 82...
Skipping past idx_grix 83...
Skipping past idx_grix 84...
Skipping past idx_grix 85...
Skipping past idx_grix 86...

Processing scenario ID: 87
Panels type: ref_closest_panel
Crop type: crop_plot
Clip type: {'wl_bands': [[0, 420], [880, 1000]]}
Smooth type: {'window_size': 11, 'order': 2}
Bin type: nan
Segment type: {'method': 'mcari2', 'wl1': [800], 'wl2': [670], 'wl3': [550], 'mask_percentile': [50, 75], 'mask_side': 'outside'}

Response variable: tissue_n_pct
Number of observations: 408

Feature set: derivative_2


Processing scenario ID: 87
Panels type: ref_closest_panel
Crop type: crop_plot
Clip type: {'wl_bands': [[0, 420], [880, 1000]]}
Smooth type: {'window_size': 11, 'order': 2}
Bin type: nan
Segment type: {'method': 'mcari2', 'wl1': [800], 'wl2': [670], 'wl3': [550], 'mask_percentile': [50, 75], 'mask_side': 'outside'}
GLOBUS TRANSFER task_id: 863a5392-29a2-11eb-8fc0-0a34088e79f9
Waiting for transfer 863a5392-29a2-11eb-8fc0-0a34088e79f9 to complete...
Transfer 863a5392-29a2-11eb-8fc0-0a34088e79f9 has not yet finished; transfer submitted 1 minute(s) ago
Transfer 863a5392-29a2-11eb-8fc0-0a34088e79f9 has not yet finished; transfer submitted 2 minute(s) ago
Transfer 863a5392-29a2-11eb-8fc0-0a34088e79f9 has not yet finished; transfer submitted 3 minute(s) ago
Transfer 863a5392-29a2-11eb-8fc0-0a34088e79f9 has not yet finished; transfer submitted 4 minute(s) ago
Transfer 863a5392-29a2-11eb-8fc0-0a34088e79f9 has not yet finished; transfer submitted 5 minute(s) ago
Transfer 863a5392-29a2-11eb-8fc0-0a34088e79f9 has not yet finished; transfer submitted 6 minute(s) ago
Transfer 863a5392-29a2-11eb-8fc0-0a34088e79f9 has not yet finished; transfer submitted 7 minute(s) ago
Transfer 863a5392-29a2-11eb-8fc0-0a34088e79f9 has not yet finished; transfer submitted 8 minute(s) ago
Transfer 863a5392-29a2-11eb-8fc0-0a34088e79f9 has not yet finished; transfer submitted 9 minute(s) ago
Transfer 863a5392-29a2-11eb-8fc0-0a34088e79f9 has not yet finished; transfer submitted 10 minute(s) ago
Transfer 863a5392-29a2-11eb-8fc0-0a34088e79f9 has not yet finished; transfer submitted 11 minute(s) ago
Transfer 863a5392-29a2-11eb-8fc0-0a34088e79f9 has not yet finished; transfer submitted 12 minute(s) ago
Transfer 863a5392-29a2-11eb-8fc0-0a34088e79f9 has not yet finished; transfer submitted 13 minute(s) ago
Transfer 863a5392-29a2-11eb-8fc0-0a34088e79f9 has not yet finished; transfer submitted 14 minute(s) ago
Transfer 863a5392-29a2-11eb-8fc0-0a34088e79f9 has not yet finished; transfer submitted 15 minute(s) ago
Transfer 863a5392-29a2-11eb-8fc0-0a34088e79f9 has not yet finished; transfer submitted 16 minute(s) ago
Transfer 863a5392-29a2-11eb-8fc0-0a34088e79f9 has not yet finished; transfer submitted 17 minute(s) ago
Transfer 863a5392-29a2-11eb-8fc0-0a34088e79f9 has not yet finished; transfer submitted 18 minute(s) ago
Transfer 863a5392-29a2-11eb-8fc0-0a34088e79f9 has not yet finished; transfer submitted 19 minute(s) ago
Transfer 863a5392-29a2-11eb-8fc0-0a34088e79f9 has not yet finished; transfer submitted 20 minute(s) ago
Transfer 863a5392-29a2-11eb-8fc0-0a34088e79f9 has not yet finished; transfer submitted 21 minute(s) ago
Transfer 863a5392-29a2-11eb-8fc0-0a34088e79f9 has not yet finished; transfer submitted 22 minute(s) ago
Transfer 863a5392-29a2-11eb-8fc0-0a34088e79f9 has not yet finished; transfer submitted 23 minute(s) ago
Transfer 863a5392-29a2-11eb-8fc0-0a34088e79f9 has not yet finished; transfer submitted 24 minute(s) ago
Transfer 863a5392-29a2-11eb-8fc0-0a34088e79f9 has not yet finished; transfer submitted 25 minute(s) ago
Transfer 863a5392-29a2-11eb-8fc0-0a34088e79f9 has not yet finished; transfer submitted 26 minute(s) ago
Transfer 863a5392-29a2-11eb-8fc0-0a34088e79f9 has not yet finished; transfer submitted 27 minute(s) ago
Transfer 863a5392-29a2-11eb-8fc0-0a34088e79f9 has not yet finished; transfer submitted 28 minute(s) ago
Transfer 863a5392-29a2-11eb-8fc0-0a34088e79f9 has not yet finished; transfer submitted 29 minute(s) ago
Transfer 863a5392-29a2-11eb-8fc0-0a34088e79f9 has not yet finished; transfer submitted 30 minute(s) ago
Transfer 863a5392-29a2-11eb-8fc0-0a34088e79f9 has not yet finished; transfer submitted 31 minute(s) ago
Transfer 863a5392-29a2-11eb-8fc0-0a34088e79f9 has not yet finished; transfer submitted 32 minute(s) ago
Transfer 863a5392-29a2-11eb-8fc0-0a34088e79f9 has not yet finished; transfer submitted 33 minute(s) ago
Transfer 863a5392-29a2-11eb-8fc0-0a34088e79f9 has not yet finished; transfer submitted 34 minute(s) ago
Transfer 863a5392-29a2-11eb-8fc0-0a34088e79f9 has not yet finished; transfer submitted 35 minute(s) ago
Transfer 863a5392-29a2-11eb-8fc0-0a34088e79f9 has not yet finished; transfer submitted 36 minute(s) ago
Transfer 863a5392-29a2-11eb-8fc0-0a34088e79f9 has not yet finished; transfer submitted 37 minute(s) ago
Transfer 863a5392-29a2-11eb-8fc0-0a34088e79f9 has not yet finished; transfer submitted 38 minute(s) ago
Transfer 863a5392-29a2-11eb-8fc0-0a34088e79f9 has not yet finished; transfer submitted 39 minute(s) ago
Transfer 863a5392-29a2-11eb-8fc0-0a34088e79f9 has not yet finished; transfer submitted 40 minute(s) ago
Transfer 863a5392-29a2-11eb-8fc0-0a34088e79f9 has not yet finished; transfer submitted 41 minute(s) ago
Transfer 863a5392-29a2-11eb-8fc0-0a34088e79f9 has not yet finished; transfer submitted 42 minute(s) ago
Transfer 863a5392-29a2-11eb-8fc0-0a34088e79f9 has not yet finished; transfer submitted 43 minute(s) ago
Transfer 863a5392-29a2-11eb-8fc0-0a34088e79f9 has not yet finished; transfer submitted 44 minute(s) ago
Transfer 863a5392-29a2-11eb-8fc0-0a34088e79f9 has not yet finished; transfer submitted 45 minute(s) ago
Transfer 863a5392-29a2-11eb-8fc0-0a34088e79f9 has not yet finished; transfer submitted 46 minute(s) ago
Transfer 863a5392-29a2-11eb-8fc0-0a34088e79f9 has not yet finished; transfer submitted 47 minute(s) ago
Transfer 863a5392-29a2-11eb-8fc0-0a34088e79f9 has not yet finished; transfer submitted 48 minute(s) ago
Transfer 863a5392-29a2-11eb-8fc0-0a34088e79f9 has not yet finished; transfer submitted 49 minute(s) ago
Transfer 863a5392-29a2-11eb-8fc0-0a34088e79f9 has not yet finished; transfer submitted 50 minute(s) ago
Transfer 863a5392-29a2-11eb-8fc0-0a34088e79f9 has not yet finished; transfer submitted 51 minute(s) ago
Transfer 863a5392-29a2-11eb-8fc0-0a34088e79f9 has not yet finished; transfer submitted 52 minute(s) ago
Transfer 863a5392-29a2-11eb-8fc0-0a34088e79f9 has not yet finished; transfer submitted 53 minute(s) ago
Transfer 863a5392-29a2-11eb-8fc0-0a34088e79f9 has not yet finished; transfer submitted 54 minute(s) ago
Transfer 863a5392-29a2-11eb-8fc0-0a34088e79f9 has not yet finished; transfer submitted 55 minute(s) ago
Transfer 863a5392-29a2-11eb-8fc0-0a34088e79f9 has not yet finished; transfer submitted 56 minute(s) ago
Transfer 863a5392-29a2-11eb-8fc0-0a34088e79f9 has not yet finished; transfer submitted 57 minute(s) ago
Transfer 863a5392-29a2-11eb-8fc0-0a34088e79f9 has not yet finished; transfer submitted 58 minute(s) ago
Transfer 863a5392-29a2-11eb-8fc0-0a34088e79f9 has not yet finished; transfer submitted 59 minute(s) ago
Transfer 863a5392-29a2-11eb-8fc0-0a34088e79f9 has not yet finished; transfer submitted 60 minute(s) ago
Transfer 863a5392-29a2-11eb-8fc0-0a34088e79f9 has not yet finished; transfer submitted 61 minute(s) ago
Transfer 863a5392-29a2-11eb-8fc0-0a34088e79f9 has not yet finished; transfer submitted 62 minute(s) ago
Transfer 863a5392-29a2-11eb-8fc0-0a34088e79f9 has not yet finished; transfer submitted 63 minute(s) ago
Transfer 863a5392-29a2-11eb-8fc0-0a34088e79f9 has not yet finished; transfer submitted 64 minute(s) ago
Transfer 863a5392-29a2-11eb-8fc0-0a34088e79f9 has not yet finished; transfer submitted 65 minute(s) ago
Transfer 863a5392-29a2-11eb-8fc0-0a34088e79f9 has not yet finished; transfer submitted 66 minute(s) ago
Transfer 863a5392-29a2-11eb-8fc0-0a34088e79f9 has not yet finished; transfer submitted 67 minute(s) ago
Transfer 863a5392-29a2-11eb-8fc0-0a34088e79f9 has not yet finished; transfer submitted 68 minute(s) ago
Transfer 863a5392-29a2-11eb-8fc0-0a34088e79f9 has not yet finished; transfer submitted 69 minute(s) ago
Transfer 863a5392-29a2-11eb-8fc0-0a34088e79f9 has not yet finished; transfer submitted 70 minute(s) ago
Transfer 863a5392-29a2-11eb-8fc0-0a34088e79f9 has not yet finished; transfer submitted 71 minute(s) ago
Transfer 863a5392-29a2-11eb-8fc0-0a34088e79f9 has not yet finished; transfer submitted 72 minute(s) ago
Transfer 863a5392-29a2-11eb-8fc0-0a34088e79f9 has not yet finished; transfer submitted 73 minute(s) ago
Transfer 863a5392-29a2-11eb-8fc0-0a34088e79f9 has not yet finished; transfer submitted 74 minute(s) ago
Transfer 863a5392-29a2-11eb-8fc0-0a34088e79f9 has not yet finished; transfer submitted 75 minute(s) ago
Transfer 863a5392-29a2-11eb-8fc0-0a34088e79f9 has not yet finished; transfer submitted 76 minute(s) ago
Transfer 863a5392-29a2-11eb-8fc0-0a34088e79f9 has not yet finished; transfer submitted 77 minute(s) ago
Transfer 863a5392-29a2-11eb-8fc0-0a34088e79f9 has not yet finished; transfer submitted 78 minute(s) ago
Transfer 863a5392-29a2-11eb-8fc0-0a34088e79f9 has not yet finished; transfer submitted 79 minute(s) ago
Transfer 863a5392-29a2-11eb-8fc0-0a34088e79f9 has not yet finished; transfer submitted 80 minute(s) ago
Transfer 863a5392-29a2-11eb-8fc0-0a34088e79f9 has not yet finished; transfer submitted 81 minute(s) ago
Transfer 863a5392-29a2-11eb-8fc0-0a34088e79f9 has not yet finished; transfer submitted 82 minute(s) ago
Transfer 863a5392-29a2-11eb-8fc0-0a34088e79f9 has not yet finished; transfer submitted 83 minute(s) ago
Transfer 863a5392-29a2-11eb-8fc0-0a34088e79f9 has not yet finished; transfer submitted 84 minute(s) ago
Transfer 863a5392-29a2-11eb-8fc0-0a34088e79f9 has not yet finished; transfer submitted 85 minute(s) ago
Transfer 863a5392-29a2-11eb-8fc0-0a34088e79f9 has not yet finished; transfer submitted 86 minute(s) ago
Transfer 863a5392-29a2-11eb-8fc0-0a34088e79f9 has not yet finished; transfer submitted 87 minute(s) ago
Transfer 863a5392-29a2-11eb-8fc0-0a34088e79f9 has not yet finished; transfer submitted 88 minute(s) ago
Transfer 863a5392-29a2-11eb-8fc0-0a34088e79f9 has not yet finished; transfer submitted 89 minute(s) ago
Transfer 863a5392-29a2-11eb-8fc0-0a34088e79f9 has not yet finished; transfer submitted 90 minute(s) ago
Transfer 863a5392-29a2-11eb-8fc0-0a34088e79f9 has not yet finished; transfer submitted 91 minute(s) ago
Transfer 863a5392-29a2-11eb-8fc0-0a34088e79f9 has not yet finished; transfer submitted 92 minute(s) ago
Transfer 863a5392-29a2-11eb-8fc0-0a34088e79f9 has not yet finished; transfer submitted 93 minute(s) ago
Transfer 863a5392-29a2-11eb-8fc0-0a34088e79f9 has not yet finished; transfer submitted 94 minute(s) ago
Transfer 863a5392-29a2-11eb-8fc0-0a34088e79f9 has not yet finished; transfer submitted 95 minute(s) ago
Transfer 863a5392-29a2-11eb-8fc0-0a34088e79f9 has not yet finished; transfer submitted 96 minute(s) ago
Transfer 863a5392-29a2-11eb-8fc0-0a34088e79f9 has not yet finished; transfer submitted 97 minute(s) ago
Transfer 863a5392-29a2-11eb-8fc0-0a34088e79f9 has not yet finished; transfer submitted 98 minute(s) ago
Transfer 863a5392-29a2-11eb-8fc0-0a34088e79f9 has not yet finished; transfer submitted 99 minute(s) ago
Transfer 863a5392-29a2-11eb-8fc0-0a34088e79f9 has not yet finished; transfer submitted 100 minute(s) ago
Transfer 863a5392-29a2-11eb-8fc0-0a34088e79f9 has not yet finished; transfer submitted 101 minute(s) ago
Transfer 863a5392-29a2-11eb-8fc0-0a34088e79f9 has not yet finished; transfer submitted 102 minute(s) ago
Transfer 863a5392-29a2-11eb-8fc0-0a34088e79f9 has not yet finished; transfer submitted 103 minute(s) ago
Transfer 863a5392-29a2-11eb-8fc0-0a34088e79f9 has not yet finished; transfer submitted 104 minute(s) ago
Transfer 863a5392-29a2-11eb-8fc0-0a34088e79f9 has not yet finished; transfer submitted 105 minute(s) ago
Transfer 863a5392-29a2-11eb-8fc0-0a34088e79f9 has not yet finished; transfer submitted 106 minute(s) ago
Transfer 863a5392-29a2-11eb-8fc0-0a34088e79f9 has not yet finished; transfer submitted 107 minute(s) ago
Transfer 863a5392-29a2-11eb-8fc0-0a34088e79f9 has not yet finished; transfer submitted 108 minute(s) ago
Transfer 863a5392-29a2-11eb-8fc0-0a34088e79f9 has not yet finished; transfer submitted 109 minute(s) ago
Transfer 863a5392-29a2-11eb-8fc0-0a34088e79f9 has not yet finished; transfer submitted 110 minute(s) ago
Transfer 863a5392-29a2-11eb-8fc0-0a34088e79f9 has not yet finished; transfer submitted 111 minute(s) ago
Transfer 863a5392-29a2-11eb-8fc0-0a34088e79f9 has not yet finished; transfer submitted 112 minute(s) ago
Transfer 863a5392-29a2-11eb-8fc0-0a34088e79f9 has not yet finished; transfer submitted 113 minute(s) ago
Transfer 863a5392-29a2-11eb-8fc0-0a34088e79f9 has not yet finished; transfer submitted 114 minute(s) ago
Transfer 863a5392-29a2-11eb-8fc0-0a34088e79f9 has not yet finished; transfer submitted 115 minute(s) ago
Transfer 863a5392-29a2-11eb-8fc0-0a34088e79f9 has not yet finished; transfer submitted 116 minute(s) ago
Transfer 863a5392-29a2-11eb-8fc0-0a34088e79f9 has not yet finished; transfer submitted 117 minute(s) ago
Transfer 863a5392-29a2-11eb-8fc0-0a34088e79f9 has not yet finished; transfer submitted 118 minute(s) ago
Transfer 863a5392-29a2-11eb-8fc0-0a34088e79f9 has not yet finished; transfer submitted 119 minute(s) ago
Transfer 863a5392-29a2-11eb-8fc0-0a34088e79f9 has not yet finished; transfer submitted 120 minute(s) ago
Transfer 863a5392-29a2-11eb-8fc0-0a34088e79f9 has not yet finished; transfer submitted 121 minute(s) ago
Transfer 863a5392-29a2-11eb-8fc0-0a34088e79f9 has not yet finished; transfer submitted 122 minute(s) ago
Transfer 863a5392-29a2-11eb-8fc0-0a34088e79f9 has not yet finished; transfer submitted 123 minute(s) ago
Transfer 863a5392-29a2-11eb-8fc0-0a34088e79f9 has not yet finished; transfer submitted 124 minute(s) ago
Transfer 863a5392-29a2-11eb-8fc0-0a34088e79f9 has not yet finished; transfer submitted 125 minute(s) ago
Transfer 863a5392-29a2-11eb-8fc0-0a34088e79f9 has not yet finished; transfer submitted 126 minute(s) ago
Transfer 863a5392-29a2-11eb-8fc0-0a34088e79f9 has not yet finished; transfer submitted 127 minute(s) ago
Transfer 863a5392-29a2-11eb-8fc0-0a34088e79f9 has not yet finished; transfer submitted 128 minute(s) ago
Transfer 863a5392-29a2-11eb-8fc0-0a34088e79f9 has not yet finished; transfer submitted 129 minute(s) ago
Transfer 863a5392-29a2-11eb-8fc0-0a34088e79f9 has not yet finished; transfer submitted 130 minute(s) ago
Transfer 863a5392-29a2-11eb-8fc0-0a34088e79f9 has not yet finished; transfer submitted 131 minute(s) ago
Transfer 863a5392-29a2-11eb-8fc0-0a34088e79f9 has not yet finished; transfer submitted 132 minute(s) ago
Transfer 863a5392-29a2-11eb-8fc0-0a34088e79f9 has not yet finished; transfer submitted 133 minute(s) ago
Transfer 863a5392-29a2-11eb-8fc0-0a34088e79f9 has not yet finished; transfer submitted 134 minute(s) ago
Transfer 863a5392-29a2-11eb-8fc0-0a34088e79f9 has not yet finished; transfer submitted 135 minute(s) ago
Transfer 863a5392-29a2-11eb-8fc0-0a34088e79f9 has not yet finished; transfer submitted 136 minute(s) ago
Transfer 863a5392-29a2-11eb-8fc0-0a34088e79f9 has not yet finished; transfer submitted 137 minute(s) ago
Transfer 863a5392-29a2-11eb-8fc0-0a34088e79f9 has not yet finished; transfer submitted 138 minute(s) ago
Transfer 863a5392-29a2-11eb-8fc0-0a34088e79f9 has not yet finished; transfer submitted 139 minute(s) ago
Transfer 863a5392-29a2-11eb-8fc0-0a34088e79f9 has not yet finished; transfer submitted 140 minute(s) ago
Transfer 863a5392-29a2-11eb-8fc0-0a34088e79f9 has not yet finished; transfer submitted 141 minute(s) ago
Transfer 863a5392-29a2-11eb-8fc0-0a34088e79f9 has not yet finished; transfer submitted 142 minute(s) ago
Transfer 863a5392-29a2-11eb-8fc0-0a34088e79f9 has not yet finished; transfer submitted 143 minute(s) ago
Transfer 863a5392-29a2-11eb-8fc0-0a34088e79f9 has not yet finished; transfer submitted 144 minute(s) ago
Transfer 863a5392-29a2-11eb-8fc0-0a34088e79f9 has not yet finished; transfer submitted 145 minute(s) ago
Transfer 863a5392-29a2-11eb-8fc0-0a34088e79f9 has not yet finished; transfer submitted 146 minute(s) ago
Transfer 863a5392-29a2-11eb-8fc0-0a34088e79f9 has not yet finished; transfer submitted 147 minute(s) ago
Transfer 863a5392-29a2-11eb-8fc0-0a34088e79f9 has not yet finished; transfer submitted 148 minute(s) ago
Transfer 863a5392-29a2-11eb-8fc0-0a34088e79f9 has not yet finished; transfer submitted 149 minute(s) ago
Transfer 863a5392-29a2-11eb-8fc0-0a34088e79f9 has not yet finished; transfer submitted 150 minute(s) ago
Transfer 863a5392-29a2-11eb-8fc0-0a34088e79f9 has not yet finished; transfer submitted 151 minute(s) ago
Transfer 863a5392-29a2-11eb-8fc0-0a34088e79f9 has not yet finished; transfer submitted 152 minute(s) ago
Transfer 863a5392-29a2-11eb-8fc0-0a34088e79f9 has not yet finished; transfer submitted 153 minute(s) ago
Transfer 863a5392-29a2-11eb-8fc0-0a34088e79f9 has not yet finished; transfer submitted 154 minute(s) ago