Skipping past idx_grix 0...
Skipping past idx_grix 1...
Skipping past idx_grix 2...
Skipping past idx_grix 3...
Skipping past idx_grix 4...
Skipping past idx_grix 5...
Skipping past idx_grix 6...
Skipping past idx_grix 7...
Skipping past idx_grix 8...
Skipping past idx_grix 9...
Skipping past idx_grix 10...
Skipping past idx_grix 11...
Skipping past idx_grix 12...
Skipping past idx_grix 13...
Skipping past idx_grix 14...
Skipping past idx_grix 15...
Skipping past idx_grix 16...
Skipping past idx_grix 17...
Skipping past idx_grix 18...
Skipping past idx_grix 19...
Skipping past idx_grix 20...
Skipping past idx_grix 21...
Skipping past idx_grix 22...
Skipping past idx_grix 23...
Skipping past idx_grix 24...
Skipping past idx_grix 25...
Skipping past idx_grix 26...
Skipping past idx_grix 27...
Skipping past idx_grix 28...
Skipping past idx_grix 29...
Skipping past idx_grix 30...
Skipping past idx_grix 31...
Skipping past idx_grix 32...
Skipping past idx_grix 33...
Skipping past idx_grix 34...
Skipping past idx_grix 35...
Skipping past idx_grix 36...
Skipping past idx_grix 37...
Skipping past idx_grix 38...
Skipping past idx_grix 39...
Skipping past idx_grix 40...
Skipping past idx_grix 41...

Processing scenario ID: 42
Panels type: ref_closest_panel
Crop type: crop_plot
Clip type: nan
Smooth type: {'window_size': 11, 'order': 2}
Bin type: {'method': 'spectral_mimic', 'sensor': 'sentinel-2a'}
Segment type: {'method': 'mcari2', 'wl1': [800], 'wl2': [670], 'wl3': [550], 'mask_percentile': [50, 75], 'mask_side': 'outside'}

Response variable: biomass_kgha
Number of observations: 407

Feature set: reflectance

Writing mean spectra to a ``pandas.DataFrame``.
Number of input datacubes/spectra: 835
Using up to 9 selected features

Hyperparameter tuning...

Number of features: 2
Trimming excess components in <param_grid>...
Number of features: 2
Trimming excess components in <param_grid>...
Number of features: 4
Trimming excess components in <param_grid>...
Number of features: 5
Trimming excess components in <param_grid>...
Number of features: 6
Trimming excess components in <param_grid>...
Number of features: 7
Trimming excess components in <param_grid>...
Number of features: 7
Trimming excess components in <param_grid>...
Number of features: 1
Trimming excess components in <param_grid>...
Number of features: 6
Trimming excess components in <param_grid>...
Number of features: 6
Trimming excess components in <param_grid>...
Number of features: 3
Trimming excess components in <param_grid>...
Number of features: 5
Trimming excess components in <param_grid>...
Number of features: 4
Trimming excess components in <param_grid>...
Number of features: 9
Trimming excess components in <param_grid>...
Number of features: 8
Trimming excess components in <param_grid>...
Number of features: 3
Trimming excess components in <param_grid>...
Testing...

GLOBUS TRANSFER task_id: 94d3d1f8-29a2-11eb-b165-0ee0d5d9299f
Waiting for transfer 94d3d1f8-29a2-11eb-b165-0ee0d5d9299f to complete...
DONE.
GLOBUS DELETE task_id: a10f36ce-29a2-11eb-b165-0ee0d5d9299f

Processing scenario ID: 43
Panels type: ref_closest_panel
Crop type: crop_plot
Clip type: nan
Smooth type: {'window_size': 11, 'order': 2}
Bin type: {'method': 'spectral_mimic', 'sensor': 'sentinel-2a'}
Segment type: {'method': 'mcari2', 'wl1': [800], 'wl2': [670], 'wl3': [550], 'mask_percentile': [75, 95], 'mask_side': 'outside'}

Response variable: biomass_kgha
Number of observations: 407

Feature set: reflectance

Writing mean spectra to a ``pandas.DataFrame``.
Number of input datacubes/spectra: 835
Using up to 9 selected features

Hyperparameter tuning...

Number of features: 1
Trimming excess components in <param_grid>...
Number of features: 3
Trimming excess components in <param_grid>...
Number of features: 6
Trimming excess components in <param_grid>...
Number of features: 8
Trimming excess components in <param_grid>...
Number of features: 2
Trimming excess components in <param_grid>...
Number of features: 5
Trimming excess components in <param_grid>...
Number of features: 7
Trimming excess components in <param_grid>...
Number of features: 4
Trimming excess components in <param_grid>...
Number of features: 5
Trimming excess components in <param_grid>...
Number of features: 9
Trimming excess components in <param_grid>...
Testing...

GLOBUS TRANSFER task_id: b6425e7c-29a2-11eb-b165-0ee0d5d9299f
Waiting for transfer b6425e7c-29a2-11eb-b165-0ee0d5d9299f to complete...
Transfer b6425e7c-29a2-11eb-b165-0ee0d5d9299f has not yet finished; transfer submitted 1 minute(s) ago
Transfer b6425e7c-29a2-11eb-b165-0ee0d5d9299f has not yet finished; transfer submitted 2 minute(s) ago
Transfer b6425e7c-29a2-11eb-b165-0ee0d5d9299f has not yet finished; transfer submitted 3 minute(s) ago
Transfer b6425e7c-29a2-11eb-b165-0ee0d5d9299f has not yet finished; transfer submitted 4 minute(s) ago
DONE.
GLOBUS DELETE task_id: 5401e902-29a3-11eb-b165-0ee0d5d9299f

Processing scenario ID: 44
Panels type: ref_closest_panel
Crop type: crop_plot
Clip type: nan
Smooth type: {'window_size': 11, 'order': 2}
Bin type: {'method': 'spectral_mimic', 'sensor': 'sentinel-2a'}
Segment type: {'method': ['mcari2', [545, 565]], 'wl1': [[800], [None]], 'wl2': [[670], [None]], 'wl3': [[550], [None]], 'mask_percentile': [90, 75], 'mask_side': ['lower', 'lower']}

Response variable: biomass_kgha
Number of observations: 407

Feature set: reflectance

Writing mean spectra to a ``pandas.DataFrame``.
Number of input datacubes/spectra: 835
Using up to 9 selected features

Hyperparameter tuning...

Number of features: 1
Trimming excess components in <param_grid>...
Number of features: 2
Trimming excess components in <param_grid>...
Number of features: 3
Trimming excess components in <param_grid>...
Number of features: 3
Trimming excess components in <param_grid>...
Number of features: 4
Trimming excess components in <param_grid>...
Number of features: 6
Trimming excess components in <param_grid>...
Number of features: 5
Trimming excess components in <param_grid>...
Number of features: 9
Trimming excess components in <param_grid>...
Number of features: 7
Trimming excess components in <param_grid>...
Number of features: 8
Trimming excess components in <param_grid>...
Number of features: 4
Trimming excess components in <param_grid>...
Testing...

GLOBUS TRANSFER task_id: 715f81b2-29a3-11eb-8fc0-0a34088e79f9
Waiting for transfer 715f81b2-29a3-11eb-8fc0-0a34088e79f9 to complete...
Transfer 715f81b2-29a3-11eb-8fc0-0a34088e79f9 has not yet finished; transfer submitted 1 minute(s) ago
Transfer 715f81b2-29a3-11eb-8fc0-0a34088e79f9 has not yet finished; transfer submitted 2 minute(s) ago
Transfer 715f81b2-29a3-11eb-8fc0-0a34088e79f9 has not yet finished; transfer submitted 3 minute(s) ago
Transfer 715f81b2-29a3-11eb-8fc0-0a34088e79f9 has not yet finished; transfer submitted 4 minute(s) ago
DONE.
GLOBUS DELETE task_id: 278eb728-29a4-11eb-8fc0-0a34088e79f9
Skipping past idx_grix 0...
Skipping past idx_grix 1...
Skipping past idx_grix 2...
Skipping past idx_grix 3...
Skipping past idx_grix 4...
Skipping past idx_grix 5...
Skipping past idx_grix 6...
Skipping past idx_grix 7...
Skipping past idx_grix 8...
Skipping past idx_grix 9...
Skipping past idx_grix 10...
Skipping past idx_grix 11...
Skipping past idx_grix 12...
Skipping past idx_grix 13...
Skipping past idx_grix 14...
Skipping past idx_grix 15...
Skipping past idx_grix 16...
Skipping past idx_grix 17...
Skipping past idx_grix 18...
Skipping past idx_grix 19...
Skipping past idx_grix 20...
Skipping past idx_grix 21...
Skipping past idx_grix 22...
Skipping past idx_grix 23...
Skipping past idx_grix 24...
Skipping past idx_grix 25...
Skipping past idx_grix 26...
Skipping past idx_grix 27...
Skipping past idx_grix 28...
Skipping past idx_grix 29...
Skipping past idx_grix 30...
Skipping past idx_grix 31...
Skipping past idx_grix 32...
Skipping past idx_grix 33...
Skipping past idx_grix 34...
Skipping past idx_grix 35...
Skipping past idx_grix 36...
Skipping past idx_grix 37...
Skipping past idx_grix 38...
Skipping past idx_grix 39...
Skipping past idx_grix 40...
Skipping past idx_grix 41...

Processing scenario ID: 42
Panels type: ref_closest_panel
Crop type: crop_plot
Clip type: nan
Smooth type: {'window_size': 11, 'order': 2}
Bin type: {'method': 'spectral_mimic', 'sensor': 'sentinel-2a'}
Segment type: {'method': 'mcari2', 'wl1': [800], 'wl2': [670], 'wl3': [550], 'mask_percentile': [50, 75], 'mask_side': 'outside'}

Response variable: nup_kgha
Number of observations: 407

Feature set: reflectance

Writing mean spectra to a ``pandas.DataFrame``.
Number of input datacubes/spectra: 835
Using up to 9 selected features

Hyperparameter tuning...

Number of features: 1
Trimming excess components in <param_grid>...
Number of features: 2
Trimming excess components in <param_grid>...
Number of features: 3
Trimming excess components in <param_grid>...
Number of features: 4
Trimming excess components in <param_grid>...
Number of features: 7
Trimming excess components in <param_grid>...
Number of features: 5
Trimming excess components in <param_grid>...
Number of features: 7
Trimming excess components in <param_grid>...
Number of features: 8
Trimming excess components in <param_grid>...
Number of features: 8
Trimming excess components in <param_grid>...
Number of features: 9
Trimming excess components in <param_grid>...
Number of features: 6
Trimming excess components in <param_grid>...
Testing...

GLOBUS TRANSFER task_id: 4b622d7e-29a4-11eb-b165-0ee0d5d9299f
Waiting for transfer 4b622d7e-29a4-11eb-b165-0ee0d5d9299f to complete...
DONE.
GLOBUS DELETE task_id: 57a88bbe-29a4-11eb-b165-0ee0d5d9299f

Processing scenario ID: 43
Panels type: ref_closest_panel
Crop type: crop_plot
Clip type: nan
Smooth type: {'window_size': 11, 'order': 2}
Bin type: {'method': 'spectral_mimic', 'sensor': 'sentinel-2a'}
Segment type: {'method': 'mcari2', 'wl1': [800], 'wl2': [670], 'wl3': [550], 'mask_percentile': [75, 95], 'mask_side': 'outside'}

Response variable: nup_kgha
Number of observations: 407

Feature set: reflectance

Writing mean spectra to a ``pandas.DataFrame``.
Number of input datacubes/spectra: 835
Using up to 9 selected features

Hyperparameter tuning...

Number of features: 1
Trimming excess components in <param_grid>...
Number of features: 3
Trimming excess components in <param_grid>...
Number of features: 2
Trimming excess components in <param_grid>...
Number of features: 4
Trimming excess components in <param_grid>...
Number of features: 5
Trimming excess components in <param_grid>...
Number of features: 8
Trimming excess components in <param_grid>...
Number of features: 6
Trimming excess components in <param_grid>...
Number of features: 8
Trimming excess components in <param_grid>...
Number of features: 9
Trimming excess components in <param_grid>...
Number of features: 5
Trimming excess components in <param_grid>...
Testing...

GLOBUS TRANSFER task_id: 75a02d16-29a4-11eb-b53b-02d9497ca481
Waiting for transfer 75a02d16-29a4-11eb-b53b-02d9497ca481 to complete...
Transfer 75a02d16-29a4-11eb-b53b-02d9497ca481 has not yet finished; transfer submitted 1 minute(s) ago
Transfer 75a02d16-29a4-11eb-b53b-02d9497ca481 has not yet finished; transfer submitted 2 minute(s) ago
DONE.
GLOBUS DELETE task_id: dcc34186-29a4-11eb-b53b-02d9497ca481

Processing scenario ID: 44
Panels type: ref_closest_panel
Crop type: crop_plot
Clip type: nan
Smooth type: {'window_size': 11, 'order': 2}
Bin type: {'method': 'spectral_mimic', 'sensor': 'sentinel-2a'}
Segment type: {'method': ['mcari2', [545, 565]], 'wl1': [[800], [None]], 'wl2': [[670], [None]], 'wl3': [[550], [None]], 'mask_percentile': [90, 75], 'mask_side': ['lower', 'lower']}

Response variable: nup_kgha
Number of observations: 407

Feature set: reflectance

Writing mean spectra to a ``pandas.DataFrame``.
Number of input datacubes/spectra: 835
Old "step_pct": 0.05
New "step_pct": 0.5
alpha: 1.25
Features selected: 3
Iterations without progress: 0

alpha: 0.625
Features selected: 4
Iterations without progress: 0

alpha: 0.3125
Features selected: 6
Iterations without progress: 0

alpha: 0.15625
Features selected: 7
Iterations without progress: 0

Old "step_pct": 0.5
New "step_pct": 0.1
alpha: 0.140625
Features selected: 8
Iterations without progress: 0

alpha: 0.1265625
Features selected: 8
Iterations without progress: 1

alpha: 0.13921875
Features selected: 9
Iterations without progress: 0

Using up to 9 selected features

Hyperparameter tuning...

Number of features: 1
Trimming excess components in <param_grid>...
Number of features: 6
Trimming excess components in <param_grid>...
Number of features: 3
Trimming excess components in <param_grid>...
Number of features: 2
Trimming excess components in <param_grid>...
Number of features: 7
Trimming excess components in <param_grid>...
Number of features: 6
Trimming excess components in <param_grid>...
Number of features: 5
Trimming excess components in <param_grid>...
Number of features: 8
Trimming excess components in <param_grid>...
Number of features: 7
Trimming excess components in <param_grid>...
Number of features: 4
Trimming excess components in <param_grid>...
Testing...

GLOBUS TRANSFER task_id: faecc6e6-29a4-11eb-b165-0ee0d5d9299f
Waiting for transfer faecc6e6-29a4-11eb-b165-0ee0d5d9299f to complete...
Transfer faecc6e6-29a4-11eb-b165-0ee0d5d9299f has not yet finished; transfer submitted 1 minute(s) ago
DONE.
GLOBUS DELETE task_id: 25b2e37e-29a5-11eb-b165-0ee0d5d9299f
Skipping past idx_grix 0...
Skipping past idx_grix 1...
Skipping past idx_grix 2...
Skipping past idx_grix 3...
Skipping past idx_grix 4...
Skipping past idx_grix 5...
Skipping past idx_grix 6...
Skipping past idx_grix 7...
Skipping past idx_grix 8...
Skipping past idx_grix 9...
Skipping past idx_grix 10...
Skipping past idx_grix 11...
Skipping past idx_grix 12...
Skipping past idx_grix 13...
Skipping past idx_grix 14...
Skipping past idx_grix 15...
Skipping past idx_grix 16...
Skipping past idx_grix 17...
Skipping past idx_grix 18...
Skipping past idx_grix 19...
Skipping past idx_grix 20...
Skipping past idx_grix 21...
Skipping past idx_grix 22...
Skipping past idx_grix 23...
Skipping past idx_grix 24...
Skipping past idx_grix 25...
Skipping past idx_grix 26...
Skipping past idx_grix 27...
Skipping past idx_grix 28...
Skipping past idx_grix 29...
Skipping past idx_grix 30...
Skipping past idx_grix 31...
Skipping past idx_grix 32...
Skipping past idx_grix 33...
Skipping past idx_grix 34...
Skipping past idx_grix 35...
Skipping past idx_grix 36...
Skipping past idx_grix 37...
Skipping past idx_grix 38...
Skipping past idx_grix 39...
Skipping past idx_grix 40...
Skipping past idx_grix 41...

Processing scenario ID: 42
Panels type: ref_closest_panel
Crop type: crop_plot
Clip type: nan
Smooth type: {'window_size': 11, 'order': 2}
Bin type: {'method': 'spectral_mimic', 'sensor': 'sentinel-2a'}
Segment type: {'method': 'mcari2', 'wl1': [800], 'wl2': [670], 'wl3': [550], 'mask_percentile': [50, 75], 'mask_side': 'outside'}

Response variable: tissue_n_pct
Number of observations: 408

Feature set: reflectance

Writing mean spectra to a ``pandas.DataFrame``.
Number of input datacubes/spectra: 835
Using up to 9 selected features

Hyperparameter tuning...

Number of features: 1
Trimming excess components in <param_grid>...
Number of features: 3
Trimming excess components in <param_grid>...
Number of features: 3
Trimming excess components in <param_grid>...
Number of features: 4
Trimming excess components in <param_grid>...
Number of features: 5
Trimming excess components in <param_grid>...
Number of features: 8
Trimming excess components in <param_grid>...
Number of features: 2
Trimming excess components in <param_grid>...
Number of features: 4
Trimming excess components in <param_grid>...
Number of features: 6
Trimming excess components in <param_grid>...
Number of features: 5
Trimming excess components in <param_grid>...
Number of features: 7
Trimming excess components in <param_grid>...
Number of features: 4
Trimming excess components in <param_grid>...
Number of features: 3
Trimming excess components in <param_grid>...
Number of features: 5
Trimming excess components in <param_grid>...
Number of features: 9
Trimming excess components in <param_grid>...
Number of features: 4
Trimming excess components in <param_grid>...
Number of features: 6
Trimming excess components in <param_grid>...
Number of features: 7
Trimming excess components in <param_grid>...
Testing...

GLOBUS TRANSFER task_id: 3f0f402e-29a5-11eb-8fc0-0a34088e79f9
Waiting for transfer 3f0f402e-29a5-11eb-8fc0-0a34088e79f9 to complete...
DONE.
GLOBUS DELETE task_id: 575e2e1a-29a5-11eb-8fc0-0a34088e79f9

Processing scenario ID: 43
Panels type: ref_closest_panel
Crop type: crop_plot
Clip type: nan
Smooth type: {'window_size': 11, 'order': 2}
Bin type: {'method': 'spectral_mimic', 'sensor': 'sentinel-2a'}
Segment type: {'method': 'mcari2', 'wl1': [800], 'wl2': [670], 'wl3': [550], 'mask_percentile': [75, 95], 'mask_side': 'outside'}

Response variable: tissue_n_pct
Number of observations: 408

Feature set: reflectance

Writing mean spectra to a ``pandas.DataFrame``.
Number of input datacubes/spectra: 835
Old "step_pct": 0.05
New "step_pct": 0.5
alpha: 0.025
Features selected: 3
Iterations without progress: 0

alpha: 0.0125
Features selected: 5
Iterations without progress: 0

Old "step_pct": 0.5
New "step_pct": 0.1
alpha: 0.011250000000000001
Features selected: 7
Iterations without progress: 0

Old "step_pct": 0.1
New "step_pct": 0.2
alpha: 0.009000000000000001
Features selected: 6
Iterations without progress: 0

alpha: 0.0072000000000000015
Features selected: 7
Iterations without progress: 0

Old "step_pct": 0.2
New "step_pct": 0.04
alpha: 0.0069120000000000015
Features selected: 8
Iterations without progress: 0

alpha: 0.0066355200000000015
Features selected: 8
Iterations without progress: 1

alpha: 0.0063700992000000015
Features selected: 8
Iterations without progress: 2

alpha: 0.0061152952320000014
Features selected: 8
Iterations without progress: 3

alpha: 0.005870683422720001
Features selected: 8
Iterations without progress: 4

alpha: 0.005635856085811201
Features selected: 8
Iterations without progress: 5

Leaving while loop before finding the alpha value that achieves selection of 9 feature(s) (minimum alpha value to use).

Using up to 8 selected features

Hyperparameter tuning...

Number of features: 2
Trimming excess components in <param_grid>...
Number of features: 2
Trimming excess components in <param_grid>...
Number of features: 3
Trimming excess components in <param_grid>...
Number of features: 4
Trimming excess components in <param_grid>...
Number of features: 2
Trimming excess components in <param_grid>...
Number of features: 6
Trimming excess components in <param_grid>...
Number of features: 7
Trimming excess components in <param_grid>...
Number of features: 5
Trimming excess components in <param_grid>...
Number of features: 2
Trimming excess components in <param_grid>...
Number of features: 3
Trimming excess components in <param_grid>...
Number of features: 1
Trimming excess components in <param_grid>...
Number of features: 8
Trimming excess components in <param_grid>...
Number of features: 3
Trimming excess components in <param_grid>...
Number of features: 7
Trimming excess components in <param_grid>...
Number of features: 4
Trimming excess components in <param_grid>...
Number of features: 6
Trimming excess components in <param_grid>...
Number of features: 3
Trimming excess components in <param_grid>...
Number of features: 3
Trimming excess components in <param_grid>...
Testing...

GLOBUS TRANSFER task_id: 6b8f67b4-29a5-11eb-b53b-02d9497ca481
Waiting for transfer 6b8f67b4-29a5-11eb-b53b-02d9497ca481 to complete...
DONE.
GLOBUS DELETE task_id: 77ba5d1e-29a5-11eb-b53b-02d9497ca481

Processing scenario ID: 44
Panels type: ref_closest_panel
Crop type: crop_plot
Clip type: nan
Smooth type: {'window_size': 11, 'order': 2}
Bin type: {'method': 'spectral_mimic', 'sensor': 'sentinel-2a'}
Segment type: {'method': ['mcari2', [545, 565]], 'wl1': [[800], [None]], 'wl2': [[670], [None]], 'wl3': [[550], [None]], 'mask_percentile': [90, 75], 'mask_side': ['lower', 'lower']}

Response variable: tissue_n_pct
Number of observations: 408

Feature set: reflectance

Writing mean spectra to a ``pandas.DataFrame``.
Number of input datacubes/spectra: 835
Old "step_pct": 0.04
New "step_pct": 0.4
alpha: 0.169075682574336
Features selected: 1
Iterations without progress: 0

Old "step_pct": 0.4
New "step_pct": 0.8
alpha: 0.03381513651486719
Features selected: 3
Iterations without progress: 0

Old "step_pct": 0.8
New "step_pct": 0.16
alpha: 0.02840471467248844
Features selected: 6
Iterations without progress: 0

Old "step_pct": 0.16
New "step_pct": 0.32
alpha: 0.019315205977292138
Features selected: 6
Iterations without progress: 1

Old "step_pct": 0.32
New "step_pct": 0.64
alpha: 0.006953474151825169
Features selected: 6
Iterations without progress: 2

Old "step_pct": 0.64
New "step_pct": 0.128
alpha: 0.006063429460391547
Features selected: 8
Iterations without progress: 0

alpha: 0.006864469682681807
Features selected: 9
Iterations without progress: 0

Using up to 9 selected features

Hyperparameter tuning...

Number of features: 3
Trimming excess components in <param_grid>...
Number of features: 3
Trimming excess components in <param_grid>...
Number of features: 5
Trimming excess components in <param_grid>...
Number of features: 4
Trimming excess components in <param_grid>...
Number of features: 4
Trimming excess components in <param_grid>...
Number of features: 1
Trimming excess components in <param_grid>...
Number of features: 3
Trimming excess components in <param_grid>...
Number of features: 2
Trimming excess components in <param_grid>...
Number of features: 2
Trimming excess components in <param_grid>...
Number of features: 8
Trimming excess components in <param_grid>...
Number of features: 8
Trimming excess components in <param_grid>...
Number of features: 3
Trimming excess components in <param_grid>...
Number of features: 4
Trimming excess components in <param_grid>...
Number of features: 9
Trimming excess components in <param_grid>...
Number of features: 2
Trimming excess components in <param_grid>...
Number of features: 5
Trimming excess components in <param_grid>...
Number of features: 7
Trimming excess components in <param_grid>...
Number of features: 4
Trimming excess components in <param_grid>...
Number of features: 6
Trimming excess components in <param_grid>...
Testing...

GLOBUS TRANSFER task_id: 8ec7d6ee-29a5-11eb-b53b-02d9497ca481
Waiting for transfer 8ec7d6ee-29a5-11eb-b53b-02d9497ca481 to complete...
DONE.
GLOBUS DELETE task_id: a779ffb4-29a5-11eb-b53b-02d9497ca481
Skipping past idx_grix 0...
Skipping past idx_grix 1...
Skipping past idx_grix 2...
Skipping past idx_grix 3...
Skipping past idx_grix 4...
Skipping past idx_grix 5...
Skipping past idx_grix 6...
Skipping past idx_grix 7...
Skipping past idx_grix 8...
Skipping past idx_grix 9...
Skipping past idx_grix 10...
Skipping past idx_grix 11...
Skipping past idx_grix 12...
Skipping past idx_grix 13...
Skipping past idx_grix 14...
Skipping past idx_grix 15...
Skipping past idx_grix 16...
Skipping past idx_grix 17...
Skipping past idx_grix 18...
Skipping past idx_grix 19...
Skipping past idx_grix 20...
Skipping past idx_grix 21...
Skipping past idx_grix 22...
Skipping past idx_grix 23...
Skipping past idx_grix 24...
Skipping past idx_grix 25...
Skipping past idx_grix 26...
Skipping past idx_grix 27...
Skipping past idx_grix 28...
Skipping past idx_grix 29...
Skipping past idx_grix 30...
Skipping past idx_grix 31...
Skipping past idx_grix 32...
Skipping past idx_grix 33...
Skipping past idx_grix 34...
Skipping past idx_grix 35...
Skipping past idx_grix 36...
Skipping past idx_grix 37...
Skipping past idx_grix 38...
Skipping past idx_grix 39...
Skipping past idx_grix 40...
Skipping past idx_grix 41...

Processing scenario ID: 42
Panels type: ref_closest_panel
Crop type: crop_plot
Clip type: nan
Smooth type: {'window_size': 11, 'order': 2}
Bin type: {'method': 'spectral_mimic', 'sensor': 'sentinel-2a'}
Segment type: {'method': 'mcari2', 'wl1': [800], 'wl2': [670], 'wl3': [550], 'mask_percentile': [50, 75], 'mask_side': 'outside'}

Response variable: biomass_kgha
Number of observations: 407

Feature set: derivative_1

Writing mean spectra to a ``pandas.DataFrame``.
Number of input datacubes/spectra: 835
Using up to 9 selected features

Hyperparameter tuning...

Number of features: 3
Trimming excess components in <param_grid>...
Number of features: 1
Trimming excess components in <param_grid>...
Number of features: 4
Trimming excess components in <param_grid>...
Number of features: 2
Trimming excess components in <param_grid>...
Number of features: 4
Trimming excess components in <param_grid>...
Number of features: 5
Trimming excess components in <param_grid>...
Number of features: 6
Trimming excess components in <param_grid>...
Number of features: 7
Trimming excess components in <param_grid>...
Number of features: 8
Trimming excess components in <param_grid>...
Number of features: 7
Trimming excess components in <param_grid>...
Number of features: 5
Trimming excess components in <param_grid>...
Number of features: 9
Trimming excess components in <param_grid>...
Testing...

GLOBUS TRANSFER task_id: cc448dc8-29a5-11eb-b165-0ee0d5d9299f
Waiting for transfer cc448dc8-29a5-11eb-b165-0ee0d5d9299f to complete...
DONE.
GLOBUS DELETE task_id: d27bdad4-29a5-11eb-b165-0ee0d5d9299f

Processing scenario ID: 43
Panels type: ref_closest_panel
Crop type: crop_plot
Clip type: nan
Smooth type: {'window_size': 11, 'order': 2}
Bin type: {'method': 'spectral_mimic', 'sensor': 'sentinel-2a'}
Segment type: {'method': 'mcari2', 'wl1': [800], 'wl2': [670], 'wl3': [550], 'mask_percentile': [75, 95], 'mask_side': 'outside'}

Response variable: biomass_kgha
Number of observations: 407

Feature set: derivative_1

Writing mean spectra to a ``pandas.DataFrame``.
Number of input datacubes/spectra: 835
alpha: 0.0475
Features selected: 8
Iterations without progress: 1

alpha: 0.045125
Features selected: 8
Iterations without progress: 2

alpha: 0.04286875
Features selected: 8
Iterations without progress: 3

alpha: 0.04072531249999999
Features selected: 8
Iterations without progress: 4

alpha: 0.038689046874999994
Features selected: 8
Iterations without progress: 5

Leaving while loop before finding the alpha value that achieves selection of 9 feature(s) (minimum alpha value to use).

Using up to 8 selected features

Hyperparameter tuning...

Number of features: 1
Trimming excess components in <param_grid>...
Number of features: 2
Trimming excess components in <param_grid>...
Number of features: 4
Trimming excess components in <param_grid>...
Number of features: 4
Trimming excess components in <param_grid>...
Number of features: 5
Trimming excess components in <param_grid>...
Number of features: 3
Trimming excess components in <param_grid>...
Number of features: 6
Trimming excess components in <param_grid>...
Number of features: 8
Trimming excess components in <param_grid>...
Number of features: 4
Trimming excess components in <param_grid>...
Number of features: 5
Trimming excess components in <param_grid>...
Number of features: 7
Trimming excess components in <param_grid>...
Number of features: 5
Trimming excess components in <param_grid>...
Number of features: 6
Trimming excess components in <param_grid>...
Testing...

GLOBUS TRANSFER task_id: f0b58e14-29a5-11eb-8fc0-0a34088e79f9
Waiting for transfer f0b58e14-29a5-11eb-8fc0-0a34088e79f9 to complete...
DONE.
GLOBUS DELETE task_id: 0903f0a0-29a6-11eb-8fc0-0a34088e79f9

Processing scenario ID: 44
Panels type: ref_closest_panel
Crop type: crop_plot
Clip type: nan
Smooth type: {'window_size': 11, 'order': 2}
Bin type: {'method': 'spectral_mimic', 'sensor': 'sentinel-2a'}
Segment type: {'method': ['mcari2', [545, 565]], 'wl1': [[800], [None]], 'wl2': [[670], [None]], 'wl3': [[550], [None]], 'mask_percentile': [90, 75], 'mask_side': ['lower', 'lower']}

Response variable: biomass_kgha
Number of observations: 407

Feature set: derivative_1

Writing mean spectra to a ``pandas.DataFrame``.
Number of input datacubes/spectra: 835
Old "step_pct": 0.05
New "step_pct": 0.25
alpha: 1.4508392578124998
Features selected: 5
Iterations without progress: 1

Old "step_pct": 0.25
New "step_pct": 0.5
alpha: 0.7254196289062499
Features selected: 6
Iterations without progress: 0

alpha: 0.36270981445312495
Features selected: 6
Iterations without progress: 1

alpha: 0.18135490722656247
Features selected: 5
Iterations without progress: 0

alpha: 0.09067745361328124
Features selected: 5
Iterations without progress: 1

Old "step_pct": 0.5
New "step_pct": 0.1
alpha: 0.08160970825195311
Features selected: 7
Iterations without progress: 0

Old "step_pct": 0.1
New "step_pct": 0.02
alpha: 0.07997751408691404
Features selected: 8
Iterations without progress: 0

alpha: 0.07837796380517577
Features selected: 8
Iterations without progress: 1

alpha: 0.07681040452907226
Features selected: 8
Iterations without progress: 2

alpha: 0.07527419643849081
Features selected: 8
Iterations without progress: 3

alpha: 0.073768712509721
Features selected: 8
Iterations without progress: 4

alpha: 0.07229333825952658
Features selected: 8
Iterations without progress: 5

Leaving while loop before finding the alpha value that achieves selection of 9 feature(s) (minimum alpha value to use).

Using up to 8 selected features

Hyperparameter tuning...

Number of features: 2
Trimming excess components in <param_grid>...
Number of features: 1
Trimming excess components in <param_grid>...
Number of features: 3
Trimming excess components in <param_grid>...
Number of features: 4
Trimming excess components in <param_grid>...
Number of features: 6
Trimming excess components in <param_grid>...
Number of features: 6
Trimming excess components in <param_grid>...
Number of features: 5
Trimming excess components in <param_grid>...
Number of features: 6
Trimming excess components in <param_grid>...
Number of features: 5
Trimming excess components in <param_grid>...
Number of features: 7
Trimming excess components in <param_grid>...
Number of features: 8
Trimming excess components in <param_grid>...
Number of features: 7
Trimming excess components in <param_grid>...
Testing...

GLOBUS TRANSFER task_id: 26a5104e-29a6-11eb-8fc0-0a34088e79f9
Waiting for transfer 26a5104e-29a6-11eb-8fc0-0a34088e79f9 to complete...
DONE.
GLOBUS DELETE task_id: 2cdad5ac-29a6-11eb-8fc0-0a34088e79f9
Skipping past idx_grix 0...
Skipping past idx_grix 1...
Skipping past idx_grix 2...
Skipping past idx_grix 3...
Skipping past idx_grix 4...
Skipping past idx_grix 5...
Skipping past idx_grix 6...
Skipping past idx_grix 7...
Skipping past idx_grix 8...
Skipping past idx_grix 9...
Skipping past idx_grix 10...
Skipping past idx_grix 11...
Skipping past idx_grix 12...
Skipping past idx_grix 13...
Skipping past idx_grix 14...
Skipping past idx_grix 15...
Skipping past idx_grix 16...
Skipping past idx_grix 17...
Skipping past idx_grix 18...
Skipping past idx_grix 19...
Skipping past idx_grix 20...
Skipping past idx_grix 21...
Skipping past idx_grix 22...
Skipping past idx_grix 23...
Skipping past idx_grix 24...
Skipping past idx_grix 25...
Skipping past idx_grix 26...
Skipping past idx_grix 27...
Skipping past idx_grix 28...
Skipping past idx_grix 29...
Skipping past idx_grix 30...
Skipping past idx_grix 31...
Skipping past idx_grix 32...
Skipping past idx_grix 33...
Skipping past idx_grix 34...
Skipping past idx_grix 35...
Skipping past idx_grix 36...
Skipping past idx_grix 37...
Skipping past idx_grix 38...
Skipping past idx_grix 39...
Skipping past idx_grix 40...
Skipping past idx_grix 41...

Processing scenario ID: 42
Panels type: ref_closest_panel
Crop type: crop_plot
Clip type: nan
Smooth type: {'window_size': 11, 'order': 2}
Bin type: {'method': 'spectral_mimic', 'sensor': 'sentinel-2a'}
Segment type: {'method': 'mcari2', 'wl1': [800], 'wl2': [670], 'wl3': [550], 'mask_percentile': [50, 75], 'mask_side': 'outside'}

Response variable: nup_kgha
Number of observations: 407

Feature set: derivative_1

Writing mean spectra to a ``pandas.DataFrame``.
Number of input datacubes/spectra: 835
alpha: 0.00095
Features selected: 7
Iterations without progress: 0

alpha: 0.0009025
Features selected: 7
Iterations without progress: 1

alpha: 0.000857375
Features selected: 7
Iterations without progress: 2

Old "step_pct": 0.05
New "step_pct": 0.01
alpha: 0.0008488012499999999
Features selected: 8
Iterations without progress: 0

alpha: 0.0008403132374999999
Features selected: 8
Iterations without progress: 1

alpha: 0.0008319101051249999
Features selected: 8
Iterations without progress: 2

alpha: 0.00082359100407375
Features selected: 8
Iterations without progress: 3

alpha: 0.0008153550940330124
Features selected: 8
Iterations without progress: 4

alpha: 0.0008072015430926823
Features selected: 8
Iterations without progress: 5

Leaving while loop before finding the alpha value that achieves selection of 9 feature(s) (minimum alpha value to use).

Using up to 8 selected features

Hyperparameter tuning...

Number of features: 1
Trimming excess components in <param_grid>...
Number of features: 2
Trimming excess components in <param_grid>...
Number of features: 3
Trimming excess components in <param_grid>...
Number of features: 4
Trimming excess components in <param_grid>...
Number of features: 5
Trimming excess components in <param_grid>...
Number of features: 5
Trimming excess components in <param_grid>...
Number of features: 5
Trimming excess components in <param_grid>...
Number of features: 6
Trimming excess components in <param_grid>...
Number of features: 6
Trimming excess components in <param_grid>...
Number of features: 8
Trimming excess components in <param_grid>...
Number of features: 6
Trimming excess components in <param_grid>...
Number of features: 7
Trimming excess components in <param_grid>...
Testing...

GLOBUS TRANSFER task_id: 4b12f608-29a6-11eb-b165-0ee0d5d9299f
Waiting for transfer 4b12f608-29a6-11eb-b165-0ee0d5d9299f to complete...
DONE.
GLOBUS DELETE task_id: 5148df24-29a6-11eb-b165-0ee0d5d9299f

Processing scenario ID: 43
Panels type: ref_closest_panel
Crop type: crop_plot
Clip type: nan
Smooth type: {'window_size': 11, 'order': 2}
Bin type: {'method': 'spectral_mimic', 'sensor': 'sentinel-2a'}
Segment type: {'method': 'mcari2', 'wl1': [800], 'wl2': [670], 'wl3': [550], 'mask_percentile': [75, 95], 'mask_side': 'outside'}

Response variable: nup_kgha
Number of observations: 407

Feature set: derivative_1

Writing mean spectra to a ``pandas.DataFrame``.
Number of input datacubes/spectra: 835
Old "step_pct": 0.01
New "step_pct": 0.1
alpha: 0.0363240694391707
Features selected: 3
Iterations without progress: 0

Old "step_pct": 0.1
New "step_pct": 0.5
alpha: 0.01816203471958535
Features selected: 3
Iterations without progress: 1

alpha: 0.009081017359792675
Features selected: 4
Iterations without progress: 0

alpha: 0.0045405086798963375
Features selected: 6
Iterations without progress: 0

alpha: 0.0022702543399481688
Features selected: 6
Iterations without progress: 1

alpha: 0.0011351271699740844
Features selected: 7
Iterations without progress: 0

alpha: 0.0005675635849870422
Features selected: 6
Iterations without progress: 0

Old "step_pct": 0.5
New "step_pct": 0.1
alpha: 0.000510807226488338
Features selected: 8
Iterations without progress: 0

alpha: 0.0004597265038395042
Features selected: 8
Iterations without progress: 1

alpha: 0.00041375385345555384
Features selected: 8
Iterations without progress: 2

alpha: 0.00037237846810999844
Features selected: 8
Iterations without progress: 3

alpha: 0.0003351406212989986
Features selected: 8
Iterations without progress: 4

alpha: 0.00030162655916909876
Features selected: 8
Iterations without progress: 5

Leaving while loop before finding the alpha value that achieves selection of 9 feature(s) (minimum alpha value to use).

Using up to 8 selected features

Hyperparameter tuning...

Number of features: 2
Trimming excess components in <param_grid>...
Number of features: 1
Trimming excess components in <param_grid>...
Number of features: 5
Trimming excess components in <param_grid>...
Number of features: 6
Trimming excess components in <param_grid>...
Number of features: 4
Trimming excess components in <param_grid>...
Number of features: 7
Trimming excess components in <param_grid>...
Number of features: 5
Trimming excess components in <param_grid>...
Number of features: 6
Trimming excess components in <param_grid>...
Number of features: 7
Trimming excess components in <param_grid>...
Number of features: 6
Trimming excess components in <param_grid>...
Number of features: 3
Trimming excess components in <param_grid>...
Number of features: 7
Trimming excess components in <param_grid>...
Number of features: 8
Trimming excess components in <param_grid>...
Number of features: 6
Trimming excess components in <param_grid>...
Testing...

GLOBUS TRANSFER task_id: 6c391a30-29a6-11eb-8fc0-0a34088e79f9
Waiting for transfer 6c391a30-29a6-11eb-8fc0-0a34088e79f9 to complete...
DONE.
GLOBUS DELETE task_id: 727ca91e-29a6-11eb-8fc0-0a34088e79f9

Processing scenario ID: 44
Panels type: ref_closest_panel
Crop type: crop_plot
Clip type: nan
Smooth type: {'window_size': 11, 'order': 2}
Bin type: {'method': 'spectral_mimic', 'sensor': 'sentinel-2a'}
Segment type: {'method': ['mcari2', [545, 565]], 'wl1': [[800], [None]], 'wl2': [[670], [None]], 'wl3': [[550], [None]], 'mask_percentile': [90, 75], 'mask_side': ['lower', 'lower']}

Response variable: nup_kgha
Number of observations: 407

Feature set: derivative_1

Writing mean spectra to a ``pandas.DataFrame``.
Number of input datacubes/spectra: 835
Old "step_pct": 0.1
New "step_pct": 0.5
alpha: 0.0075406639792274695
Features selected: 5
Iterations without progress: 0

alpha: 0.0037703319896137347
Features selected: 4
Iterations without progress: 0

alpha: 0.0018851659948068674
Features selected: 5
Iterations without progress: 0

Old "step_pct": 0.5
New "step_pct": 0.1
alpha: 0.0016966493953261806
Features selected: 7
Iterations without progress: 0

alpha: 0.0015269844557935625
Features selected: 7
Iterations without progress: 1

Old "step_pct": 0.1
New "step_pct": 0.02
alpha: 0.0014964447666776912
Features selected: 8
Iterations without progress: 0

alpha: 0.0014665158713441373
Features selected: 8
Iterations without progress: 1

alpha: 0.0014371855539172546
Features selected: 8
Iterations without progress: 2

alpha: 0.0014084418428389094
Features selected: 8
Iterations without progress: 3

alpha: 0.0013802730059821312
Features selected: 8
Iterations without progress: 4

alpha: 0.0013526675458624886
Features selected: 8
Iterations without progress: 5

Leaving while loop before finding the alpha value that achieves selection of 9 feature(s) (minimum alpha value to use).

Using up to 8 selected features

Hyperparameter tuning...

Number of features: 1
Trimming excess components in <param_grid>...
Number of features: 4
Trimming excess components in <param_grid>...
Number of features: 2
Trimming excess components in <param_grid>...
Number of features: 5
Trimming excess components in <param_grid>...
Number of features: 4
Trimming excess components in <param_grid>...
Number of features: 5
Trimming excess components in <param_grid>...
Number of features: 7
Trimming excess components in <param_grid>...
Number of features: 8
Trimming excess components in <param_grid>...
Number of features: 6
Trimming excess components in <param_grid>...
Number of features: 5
Trimming excess components in <param_grid>...
Number of features: 3
Trimming excess components in <param_grid>...
Testing...

GLOBUS TRANSFER task_id: 8e04ee80-29a6-11eb-8fc0-0a34088e79f9
Waiting for transfer 8e04ee80-29a6-11eb-8fc0-0a34088e79f9 to complete...
DONE.
GLOBUS DELETE task_id: 942ba6be-29a6-11eb-8fc0-0a34088e79f9
Skipping past idx_grix 0...
Skipping past idx_grix 1...
Skipping past idx_grix 2...
Skipping past idx_grix 3...
Skipping past idx_grix 4...
Skipping past idx_grix 5...
Skipping past idx_grix 6...
Skipping past idx_grix 7...
Skipping past idx_grix 8...
Skipping past idx_grix 9...
Skipping past idx_grix 10...
Skipping past idx_grix 11...
Skipping past idx_grix 12...
Skipping past idx_grix 13...
Skipping past idx_grix 14...
Skipping past idx_grix 15...
Skipping past idx_grix 16...
Skipping past idx_grix 17...
Skipping past idx_grix 18...
Skipping past idx_grix 19...
Skipping past idx_grix 20...
Skipping past idx_grix 21...
Skipping past idx_grix 22...
Skipping past idx_grix 23...
Skipping past idx_grix 24...
Skipping past idx_grix 25...
Skipping past idx_grix 26...
Skipping past idx_grix 27...
Skipping past idx_grix 28...
Skipping past idx_grix 29...
Skipping past idx_grix 30...
Skipping past idx_grix 31...
Skipping past idx_grix 32...
Skipping past idx_grix 33...
Skipping past idx_grix 34...
Skipping past idx_grix 35...
Skipping past idx_grix 36...
Skipping past idx_grix 37...
Skipping past idx_grix 38...
Skipping past idx_grix 39...
Skipping past idx_grix 40...
Skipping past idx_grix 41...

Processing scenario ID: 42
Panels type: ref_closest_panel
Crop type: crop_plot
Clip type: nan
Smooth type: {'window_size': 11, 'order': 2}
Bin type: {'method': 'spectral_mimic', 'sensor': 'sentinel-2a'}
Segment type: {'method': 'mcari2', 'wl1': [800], 'wl2': [670], 'wl3': [550], 'mask_percentile': [50, 75], 'mask_side': 'outside'}

Response variable: tissue_n_pct
Number of observations: 408

Feature set: derivative_1

Writing mean spectra to a ``pandas.DataFrame``.
Number of input datacubes/spectra: 835
Old "step_pct": 0.05
New "step_pct": 0.5
alpha: 0.0005
Features selected: 2
Iterations without progress: 0

alpha: 0.00025
Features selected: 4
Iterations without progress: 0

alpha: 0.000125
Features selected: 4
Iterations without progress: 1

alpha: 6.25e-05
Features selected: 4
Iterations without progress: 2

alpha: 3.125e-05
Features selected: 6
Iterations without progress: 0

Old "step_pct": 0.5
New "step_pct": 0.1
alpha: 2.8125000000000003e-05
Features selected: 8
Iterations without progress: 0

alpha: 2.5312500000000002e-05
Features selected: 8
Iterations without progress: 1

alpha: 2.278125e-05
Features selected: 8
Iterations without progress: 2

alpha: 2.0503125000000002e-05
Features selected: 8
Iterations without progress: 3

alpha: 1.84528125e-05
Features selected: 7
Iterations without progress: 0

alpha: 1.660753125e-05
Features selected: 7
Iterations without progress: 1

alpha: 1.4946778125e-05
Features selected: 7
Iterations without progress: 2

Old "step_pct": 0.1
New "step_pct": 0.02
alpha: 1.46478425625e-05
Features selected: 8
Iterations without progress: 0

alpha: 1.435488571125e-05
Features selected: 8
Iterations without progress: 1

alpha: 1.4067787997024998e-05
Features selected: 8
Iterations without progress: 2

alpha: 1.3786432237084498e-05
Features selected: 8
Iterations without progress: 3

alpha: 1.3510703592342807e-05
Features selected: 8
Iterations without progress: 4

alpha: 1.324048952049595e-05
Features selected: 8
Iterations without progress: 5

Leaving while loop before finding the alpha value that achieves selection of 9 feature(s) (minimum alpha value to use).

Using up to 8 selected features

Hyperparameter tuning...

Number of features: 8
Trimming excess components in <param_grid>...
Number of features: 4
Trimming excess components in <param_grid>...
Number of features: 2
Trimming excess components in <param_grid>...
Number of features: 3
Trimming excess components in <param_grid>...
Number of features: 3
Trimming excess components in <param_grid>...
Number of features: 8
Trimming excess components in <param_grid>...
Number of features: 4
Trimming excess components in <param_grid>...
Number of features: 3
Trimming excess components in <param_grid>...
Number of features: 2
Trimming excess components in <param_grid>...
Number of features: 3
Trimming excess components in <param_grid>...
Number of features: 3
Trimming excess components in <param_grid>...
Number of features: 7
Trimming excess components in <param_grid>...
Number of features: 7
Trimming excess components in <param_grid>...
Number of features: 7
Trimming excess components in <param_grid>...
Number of features: 3
Trimming excess components in <param_grid>...
Number of features: 1
Trimming excess components in <param_grid>...
Number of features: 2
Trimming excess components in <param_grid>...
Number of features: 3
Trimming excess components in <param_grid>...
Number of features: 6
Trimming excess components in <param_grid>...
Number of features: 5
Trimming excess components in <param_grid>...
Number of features: 4
Trimming excess components in <param_grid>...
Number of features: 4
Trimming excess components in <param_grid>...
Number of features: 3
Trimming excess components in <param_grid>...
Number of features: 4
Trimming excess components in <param_grid>...
Testing...

GLOBUS TRANSFER task_id: acd46cf0-29a6-11eb-b165-0ee0d5d9299f
Waiting for transfer acd46cf0-29a6-11eb-b165-0ee0d5d9299f to complete...
DONE.
GLOBUS DELETE task_id: cb451db0-29a6-11eb-b165-0ee0d5d9299f

Processing scenario ID: 43
Panels type: ref_closest_panel
Crop type: crop_plot
Clip type: nan
Smooth type: {'window_size': 11, 'order': 2}
Bin type: {'method': 'spectral_mimic', 'sensor': 'sentinel-2a'}
Segment type: {'method': 'mcari2', 'wl1': [800], 'wl2': [670], 'wl3': [550], 'mask_percentile': [75, 95], 'mask_side': 'outside'}

Response variable: tissue_n_pct
Number of observations: 408

Feature set: derivative_1

Writing mean spectra to a ``pandas.DataFrame``.
Number of input datacubes/spectra: 835
Old "step_pct": 0.02
New "step_pct": 0.2
alpha: 0.000529619580819838
Features selected: 3
Iterations without progress: 0

Old "step_pct": 0.2
New "step_pct": 0.4
alpha: 0.0003177717484919028
Features selected: 3
Iterations without progress: 1

Old "step_pct": 0.4
New "step_pct": 0.8
alpha: 6.355434969838055e-05
Features selected: 5
Iterations without progress: 0

alpha: 1.2710869939676106e-05
Features selected: 6
Iterations without progress: 0

Old "step_pct": 0.8
New "step_pct": 0.16
alpha: 1.0677130749327929e-05
Features selected: 8
Iterations without progress: 0

alpha: 8.96878982943546e-06
Features selected: 8
Iterations without progress: 1

alpha: 7.533783456725786e-06
Features selected: 8
Iterations without progress: 2

alpha: 6.32837810364966e-06
Features selected: 8
Iterations without progress: 3

alpha: 5.315837607065714e-06
Features selected: 8
Iterations without progress: 4

alpha: 4.465303589935199e-06
Features selected: 8
Iterations without progress: 5

Leaving while loop before finding the alpha value that achieves selection of 9 feature(s) (minimum alpha value to use).

Using up to 8 selected features

Hyperparameter tuning...

Number of features: 3
Trimming excess components in <param_grid>...
Number of features: 8
Trimming excess components in <param_grid>...
Number of features: 3
Trimming excess components in <param_grid>...
Number of features: 5
Trimming excess components in <param_grid>...
Number of features: 3
Trimming excess components in <param_grid>...
Number of features: 1
Trimming excess components in <param_grid>...
Number of features: 4
Trimming excess components in <param_grid>...
Number of features: 5
Trimming excess components in <param_grid>...
Number of features: 2
Trimming excess components in <param_grid>...
Number of features: 4
Trimming excess components in <param_grid>...
Number of features: 4
Trimming excess components in <param_grid>...
Number of features: 2
Trimming excess components in <param_grid>...
Number of features: 6
Trimming excess components in <param_grid>...
Number of features: 7
Trimming excess components in <param_grid>...
Number of features: 3
Trimming excess components in <param_grid>...
Number of features: 7
Trimming excess components in <param_grid>...
Number of features: 7
Trimming excess components in <param_grid>...
Testing...

GLOBUS TRANSFER task_id: e0f1d3ba-29a6-11eb-8fc0-0a34088e79f9
Waiting for transfer e0f1d3ba-29a6-11eb-8fc0-0a34088e79f9 to complete...
DONE.
GLOBUS DELETE task_id: e7184f76-29a6-11eb-8fc0-0a34088e79f9

Processing scenario ID: 44
Panels type: ref_closest_panel
Crop type: crop_plot
Clip type: nan
Smooth type: {'window_size': 11, 'order': 2}
Bin type: {'method': 'spectral_mimic', 'sensor': 'sentinel-2a'}
Segment type: {'method': ['mcari2', [545, 565]], 'wl1': [[800], [None]], 'wl2': [[670], [None]], 'wl3': [[550], [None]], 'mask_percentile': [90, 75], 'mask_side': ['lower', 'lower']}

Response variable: tissue_n_pct
Number of observations: 408

Feature set: derivative_1

Writing mean spectra to a ``pandas.DataFrame``.
Number of input datacubes/spectra: 835
Old "step_pct": 0.16
New "step_pct": 0.8
alpha: 4.465303589935198e-05
Features selected: 5
Iterations without progress: 0

alpha: 8.930607179870394e-06
Features selected: 6
Iterations without progress: 0

Old "step_pct": 0.8
New "step_pct": 0.16
alpha: 7.501710031091131e-06
Features selected: 8
Iterations without progress: 0

alpha: 6.301436426116549e-06
Features selected: 8
Iterations without progress: 1

alpha: 5.2932065979379015e-06
Features selected: 8
Iterations without progress: 2

alpha: 4.446293542267837e-06
Features selected: 8
Iterations without progress: 3

alpha: 3.7348865755049825e-06
Features selected: 8
Iterations without progress: 4

alpha: 3.137304723424185e-06
Features selected: 8
Iterations without progress: 5

Leaving while loop before finding the alpha value that achieves selection of 9 feature(s) (minimum alpha value to use).

Using up to 8 selected features

Hyperparameter tuning...

Number of features: 3
Trimming excess components in <param_grid>...
Number of features: 2
Trimming excess components in <param_grid>...
Number of features: 4
Trimming excess components in <param_grid>...
Number of features: 5
Trimming excess components in <param_grid>...
Number of features: 4
Trimming excess components in <param_grid>...
Number of features: 7
Trimming excess components in <param_grid>...
Number of features: 8
Trimming excess components in <param_grid>...
Number of features: 6
Trimming excess components in <param_grid>...
Number of features: 6
Trimming excess components in <param_grid>...
Number of features: 8
Trimming excess components in <param_grid>...
Number of features: 7
Trimming excess components in <param_grid>...
Number of features: 1
Trimming excess components in <param_grid>...
Number of features: 3
Trimming excess components in <param_grid>...
Testing...

GLOBUS TRANSFER task_id: fc5a229c-29a6-11eb-8fc0-0a34088e79f9
Waiting for transfer fc5a229c-29a6-11eb-8fc0-0a34088e79f9 to complete...
DONE.
GLOBUS DELETE task_id: 0281c4ae-29a7-11eb-8fc0-0a34088e79f9
Skipping past idx_grix 0...
Skipping past idx_grix 1...
Skipping past idx_grix 2...
Skipping past idx_grix 3...
Skipping past idx_grix 4...
Skipping past idx_grix 5...
Skipping past idx_grix 6...
Skipping past idx_grix 7...
Skipping past idx_grix 8...
Skipping past idx_grix 9...
Skipping past idx_grix 10...
Skipping past idx_grix 11...
Skipping past idx_grix 12...
Skipping past idx_grix 13...
Skipping past idx_grix 14...
Skipping past idx_grix 15...
Skipping past idx_grix 16...
Skipping past idx_grix 17...
Skipping past idx_grix 18...
Skipping past idx_grix 19...
Skipping past idx_grix 20...
Skipping past idx_grix 21...
Skipping past idx_grix 22...
Skipping past idx_grix 23...
Skipping past idx_grix 24...
Skipping past idx_grix 25...
Skipping past idx_grix 26...
Skipping past idx_grix 27...
Skipping past idx_grix 28...
Skipping past idx_grix 29...
Skipping past idx_grix 30...
Skipping past idx_grix 31...
Skipping past idx_grix 32...
Skipping past idx_grix 33...
Skipping past idx_grix 34...
Skipping past idx_grix 35...
Skipping past idx_grix 36...
Skipping past idx_grix 37...
Skipping past idx_grix 38...
Skipping past idx_grix 39...
Skipping past idx_grix 40...
Skipping past idx_grix 41...

Processing scenario ID: 42
Panels type: ref_closest_panel
Crop type: crop_plot
Clip type: nan
Smooth type: {'window_size': 11, 'order': 2}
Bin type: {'method': 'spectral_mimic', 'sensor': 'sentinel-2a'}
Segment type: {'method': 'mcari2', 'wl1': [800], 'wl2': [670], 'wl3': [550], 'mask_percentile': [50, 75], 'mask_side': 'outside'}

Response variable: biomass_kgha
Number of observations: 407

Feature set: derivative_2

Writing mean spectra to a ``pandas.DataFrame``.
Number of input datacubes/spectra: 835
Using up to 9 selected features

Hyperparameter tuning...

Number of features: 0
Trimming excess components in <param_grid>...
Number of features: 3
Trimming excess components in <param_grid>...
Number of features: 4
Trimming excess components in <param_grid>...
Number of features: 6
Trimming excess components in <param_grid>...
Number of features: 4
Trimming excess components in <param_grid>...
Number of features: 6
Trimming excess components in <param_grid>...
Number of features: 2
Trimming excess components in <param_grid>...
Number of features: 2
Trimming excess components in <param_grid>...
Number of features: 1
Trimming excess components in <param_grid>...
Number of features: 3
Trimming excess components in <param_grid>...
Number of features: 6
Trimming excess components in <param_grid>...
Number of features: 8
Trimming excess components in <param_grid>...
Number of features: 5
Trimming excess components in <param_grid>...
Number of features: 3
Trimming excess components in <param_grid>...
Number of features: 7
Trimming excess components in <param_grid>...
Number of features: 5
Trimming excess components in <param_grid>...
Number of features: 4
Trimming excess components in <param_grid>...
Number of features: 5
Trimming excess components in <param_grid>...
Number of features: 5
Trimming excess components in <param_grid>...
Testing...

GLOBUS TRANSFER task_id: 23d6b006-29a7-11eb-b53b-02d9497ca481
Waiting for transfer 23d6b006-29a7-11eb-b53b-02d9497ca481 to complete...
DONE.
GLOBUS DELETE task_id: 3c4b04e8-29a7-11eb-b53b-02d9497ca481

Processing scenario ID: 43
Panels type: ref_closest_panel
Crop type: crop_plot
Clip type: nan
Smooth type: {'window_size': 11, 'order': 2}
Bin type: {'method': 'spectral_mimic', 'sensor': 'sentinel-2a'}
Segment type: {'method': 'mcari2', 'wl1': [800], 'wl2': [670], 'wl3': [550], 'mask_percentile': [75, 95], 'mask_side': 'outside'}

Response variable: biomass_kgha
Number of observations: 407

Feature set: derivative_2

Writing mean spectra to a ``pandas.DataFrame``.
Number of input datacubes/spectra: 835
Old "step_pct": 0.05
New "step_pct": 0.5
alpha: 0.025
Features selected: 4
Iterations without progress: 0

alpha: 0.0125
Features selected: 4
Iterations without progress: 1

alpha: 0.00625
Features selected: 5
Iterations without progress: 0

alpha: 0.003125
Features selected: 6
Iterations without progress: 0

alpha: 0.0015625
Features selected: 6
Iterations without progress: 1

alpha: 0.00078125
Features selected: 7
Iterations without progress: 0

alpha: 0.001484375
Features selected: 9
Iterations without progress: 0

Using up to 9 selected features

Hyperparameter tuning...

Number of features: 1
Trimming excess components in <param_grid>...
Number of features: 5
Trimming excess components in <param_grid>...
Number of features: 7
Trimming excess components in <param_grid>...
Number of features: 5
Trimming excess components in <param_grid>...
Number of features: 2
Trimming excess components in <param_grid>...
Number of features: 2
Trimming excess components in <param_grid>...
Number of features: 3
Trimming excess components in <param_grid>...
Number of features: 4
Trimming excess components in <param_grid>...
Number of features: 4
Trimming excess components in <param_grid>...
Number of features: 4
Trimming excess components in <param_grid>...
Number of features: 3
Trimming excess components in <param_grid>...
Number of features: 6
Trimming excess components in <param_grid>...
Number of features: 5
Trimming excess components in <param_grid>...
Number of features: 6
Trimming excess components in <param_grid>...
Number of features: 9
Trimming excess components in <param_grid>...
Testing...

GLOBUS TRANSFER task_id: 5b746d46-29a7-11eb-b165-0ee0d5d9299f
Waiting for transfer 5b746d46-29a7-11eb-b165-0ee0d5d9299f to complete...
DONE.
GLOBUS DELETE task_id: 61aaf914-29a7-11eb-b165-0ee0d5d9299f

Processing scenario ID: 44
Panels type: ref_closest_panel
Crop type: crop_plot
Clip type: nan
Smooth type: {'window_size': 11, 'order': 2}
Bin type: {'method': 'spectral_mimic', 'sensor': 'sentinel-2a'}
Segment type: {'method': ['mcari2', [545, 565]], 'wl1': [[800], [None]], 'wl2': [[670], [None]], 'wl3': [[550], [None]], 'mask_percentile': [90, 75], 'mask_side': ['lower', 'lower']}

Response variable: biomass_kgha
Number of observations: 407

Feature set: derivative_2

Writing mean spectra to a ``pandas.DataFrame``.
Number of input datacubes/spectra: 835
Old "step_pct": 0.05
New "step_pct": 0.5
alpha: 0.037109375
Features selected: 4
Iterations without progress: 0

alpha: 0.0185546875
Features selected: 4
Iterations without progress: 1

alpha: 0.00927734375
Features selected: 4
Iterations without progress: 2

alpha: 0.004638671875
Features selected: 5
Iterations without progress: 0

alpha: 0.0023193359375
Features selected: 6
Iterations without progress: 0

alpha: 0.00115966796875
Features selected: 7
Iterations without progress: 0

alpha: 0.002203369140625
Features selected: 9
Iterations without progress: 0

Using up to 9 selected features

Hyperparameter tuning...

Number of features: 1
Trimming excess components in <param_grid>...
Number of features: 3
Trimming excess components in <param_grid>...
Number of features: 3
Trimming excess components in <param_grid>...
Number of features: 3
Trimming excess components in <param_grid>...
Number of features: 5
Trimming excess components in <param_grid>...
Number of features: 7
Trimming excess components in <param_grid>...
Number of features: 4
Trimming excess components in <param_grid>...
Number of features: 4
Trimming excess components in <param_grid>...
Number of features: 6
Trimming excess components in <param_grid>...
Number of features: 5
Trimming excess components in <param_grid>...
Number of features: 5
Trimming excess components in <param_grid>...
Number of features: 4
Trimming excess components in <param_grid>...
Number of features: 4
Trimming excess components in <param_grid>...
Number of features: 6
Trimming excess components in <param_grid>...
Number of features: 2
Trimming excess components in <param_grid>...
Testing...

GLOBUS TRANSFER task_id: 7d63fe1c-29a7-11eb-b53b-02d9497ca481
Waiting for transfer 7d63fe1c-29a7-11eb-b53b-02d9497ca481 to complete...
DONE.
GLOBUS DELETE task_id: 9bbe1898-29a7-11eb-b53b-02d9497ca481
Skipping past idx_grix 0...
Skipping past idx_grix 1...
Skipping past idx_grix 2...
Skipping past idx_grix 3...
Skipping past idx_grix 4...
Skipping past idx_grix 5...
Skipping past idx_grix 6...
Skipping past idx_grix 7...
Skipping past idx_grix 8...
Skipping past idx_grix 9...
Skipping past idx_grix 10...
Skipping past idx_grix 11...
Skipping past idx_grix 12...
Skipping past idx_grix 13...
Skipping past idx_grix 14...
Skipping past idx_grix 15...
Skipping past idx_grix 16...
Skipping past idx_grix 17...
Skipping past idx_grix 18...
Skipping past idx_grix 19...
Skipping past idx_grix 20...
Skipping past idx_grix 21...
Skipping past idx_grix 22...
Skipping past idx_grix 23...
Skipping past idx_grix 24...
Skipping past idx_grix 25...
Skipping past idx_grix 26...
Skipping past idx_grix 27...
Skipping past idx_grix 28...
Skipping past idx_grix 29...
Skipping past idx_grix 30...
Skipping past idx_grix 31...
Skipping past idx_grix 32...
Skipping past idx_grix 33...
Skipping past idx_grix 34...
Skipping past idx_grix 35...
Skipping past idx_grix 36...
Skipping past idx_grix 37...
Skipping past idx_grix 38...
Skipping past idx_grix 39...
Skipping past idx_grix 40...
Skipping past idx_grix 41...

Processing scenario ID: 42
Panels type: ref_closest_panel
Crop type: crop_plot
Clip type: nan
Smooth type: {'window_size': 11, 'order': 2}
Bin type: {'method': 'spectral_mimic', 'sensor': 'sentinel-2a'}
Segment type: {'method': 'mcari2', 'wl1': [800], 'wl2': [670], 'wl3': [550], 'mask_percentile': [50, 75], 'mask_side': 'outside'}

Response variable: nup_kgha
Number of observations: 407

Feature set: derivative_2

Writing mean spectra to a ``pandas.DataFrame``.
Number of input datacubes/spectra: 835
Old "step_pct": 0.05
New "step_pct": 0.5
alpha: 0.0005
Features selected: 4
Iterations without progress: 0

alpha: 0.00025
Features selected: 4
Iterations without progress: 1

alpha: 0.000125
Features selected: 5
Iterations without progress: 0

alpha: 6.25e-05
Features selected: 5
Iterations without progress: 1

alpha: 3.125e-05
Features selected: 6
Iterations without progress: 0

alpha: 1.5625e-05
Features selected: 6
Iterations without progress: 1

alpha: 7.8125e-06
Features selected: 7
Iterations without progress: 0

alpha: 1.484375e-05
Features selected: 9
Iterations without progress: 0

Using up to 9 selected features

Hyperparameter tuning...

Number of features: 3
Trimming excess components in <param_grid>...
Number of features: 3
Trimming excess components in <param_grid>...
Number of features: 5
Trimming excess components in <param_grid>...
Number of features: 3
Trimming excess components in <param_grid>...
Number of features: 5
Trimming excess components in <param_grid>...
Number of features: 2
Trimming excess components in <param_grid>...
Number of features: 1
Trimming excess components in <param_grid>...
Number of features: 2
Trimming excess components in <param_grid>...
Number of features: 6
Trimming excess components in <param_grid>...
Number of features: 7
Trimming excess components in <param_grid>...
Number of features: 6
Trimming excess components in <param_grid>...
Number of features: 6
Trimming excess components in <param_grid>...
Number of features: 3
Trimming excess components in <param_grid>...
Number of features: 4
Trimming excess components in <param_grid>...
Number of features: 4
Trimming excess components in <param_grid>...
Number of features: 4
Trimming excess components in <param_grid>...
Number of features: 4
Trimming excess components in <param_grid>...
Number of features: 5
Trimming excess components in <param_grid>...
Number of features: 5
Trimming excess components in <param_grid>...
Testing...

GLOBUS TRANSFER task_id: ba725f94-29a7-11eb-8fc0-0a34088e79f9
Waiting for transfer ba725f94-29a7-11eb-8fc0-0a34088e79f9 to complete...
DONE.
GLOBUS DELETE task_id: d91b8770-29a7-11eb-8fc0-0a34088e79f9

Processing scenario ID: 43
Panels type: ref_closest_panel
Crop type: crop_plot
Clip type: nan
Smooth type: {'window_size': 11, 'order': 2}
Bin type: {'method': 'spectral_mimic', 'sensor': 'sentinel-2a'}
Segment type: {'method': 'mcari2', 'wl1': [800], 'wl2': [670], 'wl3': [550], 'mask_percentile': [75, 95], 'mask_side': 'outside'}

Response variable: nup_kgha
Number of observations: 407

Feature set: derivative_2

Writing mean spectra to a ``pandas.DataFrame``.
Number of input datacubes/spectra: 835
Old "step_pct": 0.05
New "step_pct": 0.5
alpha: 0.00037109375
Features selected: 4
Iterations without progress: 0

alpha: 0.000185546875
Features selected: 4
Iterations without progress: 1

alpha: 9.27734375e-05
Features selected: 5
Iterations without progress: 0

alpha: 4.638671875e-05
Features selected: 6
Iterations without progress: 0

alpha: 2.3193359375e-05
Features selected: 6
Iterations without progress: 1

alpha: 1.15966796875e-05
Features selected: 7
Iterations without progress: 0

alpha: 5.79833984375e-06
Features selected: 7
Iterations without progress: 1

alpha: 2.899169921875e-06
Features selected: 6
Iterations without progress: 0

alpha: 1.4495849609375e-06
Features selected: 7
Iterations without progress: 0

Old "step_pct": 0.5
New "step_pct": 0.1
alpha: 1.30462646484375e-06
Features selected: 8
Iterations without progress: 0

alpha: 1.174163818359375e-06
Features selected: 8
Iterations without progress: 1

alpha: 1.0567474365234377e-06
Features selected: 8
Iterations without progress: 2

alpha: 9.510726928710939e-07
Features selected: 8
Iterations without progress: 3

alpha: 8.559654235839845e-07
Features selected: 8
Iterations without progress: 4

alpha: 7.703688812255861e-07
Features selected: 8
Iterations without progress: 5

Leaving while loop before finding the alpha value that achieves selection of 9 feature(s) (minimum alpha value to use).

Using up to 8 selected features

Hyperparameter tuning...

Number of features: 2
Trimming excess components in <param_grid>...
Number of features: 3
Trimming excess components in <param_grid>...
Number of features: 4
Trimming excess components in <param_grid>...
Number of features: 5
Trimming excess components in <param_grid>...
Number of features: 5
Trimming excess components in <param_grid>...
Number of features: 7
Trimming excess components in <param_grid>...
Number of features: 8
Trimming excess components in <param_grid>...
Number of features: 6
Trimming excess components in <param_grid>...
Number of features: 3
Trimming excess components in <param_grid>...
Number of features: 4
Trimming excess components in <param_grid>...
Number of features: 5
Trimming excess components in <param_grid>...
Number of features: 5
Trimming excess components in <param_grid>...
Number of features: 1
Trimming excess components in <param_grid>...
Number of features: 6
Trimming excess components in <param_grid>...
Number of features: 6
Trimming excess components in <param_grid>...
Number of features: 2
Trimming excess components in <param_grid>...
Testing...

GLOBUS TRANSFER task_id: f7a79f62-29a7-11eb-b165-0ee0d5d9299f
Waiting for transfer f7a79f62-29a7-11eb-b165-0ee0d5d9299f to complete...
Transfer f7a79f62-29a7-11eb-b165-0ee0d5d9299f has not yet finished; transfer submitted 1 minute(s) ago
Transfer f7a79f62-29a7-11eb-b165-0ee0d5d9299f has not yet finished; transfer submitted 2 minute(s) ago
Transfer f7a79f62-29a7-11eb-b165-0ee0d5d9299f has not yet finished; transfer submitted 3 minute(s) ago
Transfer f7a79f62-29a7-11eb-b165-0ee0d5d9299f has not yet finished; transfer submitted 4 minute(s) ago
Transfer f7a79f62-29a7-11eb-b165-0ee0d5d9299f has not yet finished; transfer submitted 5 minute(s) ago
Transfer f7a79f62-29a7-11eb-b165-0ee0d5d9299f has not yet finished; transfer submitted 6 minute(s) ago
Transfer f7a79f62-29a7-11eb-b165-0ee0d5d9299f has not yet finished; transfer submitted 7 minute(s) ago
Transfer f7a79f62-29a7-11eb-b165-0ee0d5d9299f has not yet finished; transfer submitted 8 minute(s) ago
Transfer f7a79f62-29a7-11eb-b165-0ee0d5d9299f has not yet finished; transfer submitted 9 minute(s) ago
Transfer f7a79f62-29a7-11eb-b165-0ee0d5d9299f has not yet finished; transfer submitted 10 minute(s) ago
Transfer f7a79f62-29a7-11eb-b165-0ee0d5d9299f has not yet finished; transfer submitted 11 minute(s) ago
Transfer f7a79f62-29a7-11eb-b165-0ee0d5d9299f has not yet finished; transfer submitted 12 minute(s) ago
Transfer f7a79f62-29a7-11eb-b165-0ee0d5d9299f has not yet finished; transfer submitted 13 minute(s) ago
Transfer f7a79f62-29a7-11eb-b165-0ee0d5d9299f has not yet finished; transfer submitted 14 minute(s) ago
Transfer f7a79f62-29a7-11eb-b165-0ee0d5d9299f has not yet finished; transfer submitted 15 minute(s) ago
Transfer f7a79f62-29a7-11eb-b165-0ee0d5d9299f has not yet finished; transfer submitted 16 minute(s) ago
Transfer f7a79f62-29a7-11eb-b165-0ee0d5d9299f has not yet finished; transfer submitted 17 minute(s) ago
Transfer f7a79f62-29a7-11eb-b165-0ee0d5d9299f has not yet finished; transfer submitted 18 minute(s) ago
Transfer f7a79f62-29a7-11eb-b165-0ee0d5d9299f has not yet finished; transfer submitted 19 minute(s) ago
Transfer f7a79f62-29a7-11eb-b165-0ee0d5d9299f has not yet finished; transfer submitted 20 minute(s) ago
Transfer f7a79f62-29a7-11eb-b165-0ee0d5d9299f has not yet finished; transfer submitted 21 minute(s) ago
DONE.
GLOBUS DELETE task_id: 0c0ee9bc-29ab-11eb-8fc0-0a34088e79f9

Processing scenario ID: 44
Panels type: ref_closest_panel
Crop type: crop_plot
Clip type: nan
Smooth type: {'window_size': 11, 'order': 2}
Bin type: {'method': 'spectral_mimic', 'sensor': 'sentinel-2a'}
Segment type: {'method': ['mcari2', [545, 565]], 'wl1': [[800], [None]], 'wl2': [[670], [None]], 'wl3': [[550], [None]], 'mask_percentile': [90, 75], 'mask_side': ['lower', 'lower']}

Response variable: nup_kgha
Number of observations: 407

Feature set: derivative_2

Writing mean spectra to a ``pandas.DataFrame``.
Number of input datacubes/spectra: 835
alpha: 4.237028846740723e-05
Features selected: 9
Iterations without progress: 0

Using up to 9 selected features

Hyperparameter tuning...

Number of features: 3
Trimming excess components in <param_grid>...
Number of features: 1
Trimming excess components in <param_grid>...
Number of features: 4
Trimming excess components in <param_grid>...
Number of features: 4
Trimming excess components in <param_grid>...
Number of features: 6
Trimming excess components in <param_grid>...
Number of features: 9
Trimming excess components in <param_grid>...
Number of features: 4
Trimming excess components in <param_grid>...
Number of features: 2
Trimming excess components in <param_grid>...
Number of features: 6
Trimming excess components in <param_grid>...
Number of features: 6
Trimming excess components in <param_grid>...
Number of features: 5
Trimming excess components in <param_grid>...
Number of features: 5
Trimming excess components in <param_grid>...
Number of features: 5
Trimming excess components in <param_grid>...
Number of features: 8
Trimming excess components in <param_grid>...
Number of features: 3
Trimming excess components in <param_grid>...
Number of features: 5
Trimming excess components in <param_grid>...
Testing...

GLOBUS TRANSFER task_id: 2930c2fe-29ab-11eb-8fc0-0a34088e79f9
Waiting for transfer 2930c2fe-29ab-11eb-8fc0-0a34088e79f9 to complete...
Transfer 2930c2fe-29ab-11eb-8fc0-0a34088e79f9 has not yet finished; transfer submitted 1 minute(s) ago
DONE.
GLOBUS DELETE task_id: 65b6dd44-29ab-11eb-8fc0-0a34088e79f9
Skipping past idx_grix 0...
Skipping past idx_grix 1...
Skipping past idx_grix 2...
Skipping past idx_grix 3...
Skipping past idx_grix 4...
Skipping past idx_grix 5...
Skipping past idx_grix 6...
Skipping past idx_grix 7...
Skipping past idx_grix 8...
Skipping past idx_grix 9...
Skipping past idx_grix 10...
Skipping past idx_grix 11...
Skipping past idx_grix 12...
Skipping past idx_grix 13...
Skipping past idx_grix 14...
Skipping past idx_grix 15...
Skipping past idx_grix 16...
Skipping past idx_grix 17...
Skipping past idx_grix 18...
Skipping past idx_grix 19...
Skipping past idx_grix 20...
Skipping past idx_grix 21...
Skipping past idx_grix 22...
Skipping past idx_grix 23...
Skipping past idx_grix 24...
Skipping past idx_grix 25...
Skipping past idx_grix 26...
Skipping past idx_grix 27...
Skipping past idx_grix 28...
Skipping past idx_grix 29...
Skipping past idx_grix 30...
Skipping past idx_grix 31...
Skipping past idx_grix 32...
Skipping past idx_grix 33...
Skipping past idx_grix 34...
Skipping past idx_grix 35...
Skipping past idx_grix 36...
Skipping past idx_grix 37...
Skipping past idx_grix 38...
Skipping past idx_grix 39...
Skipping past idx_grix 40...
Skipping past idx_grix 41...

Processing scenario ID: 42
Panels type: ref_closest_panel
Crop type: crop_plot
Clip type: nan
Smooth type: {'window_size': 11, 'order': 2}
Bin type: {'method': 'spectral_mimic', 'sensor': 'sentinel-2a'}
Segment type: {'method': 'mcari2', 'wl1': [800], 'wl2': [670], 'wl3': [550], 'mask_percentile': [50, 75], 'mask_side': 'outside'}

Response variable: tissue_n_pct
Number of observations: 408

Feature set: derivative_2

Writing mean spectra to a ``pandas.DataFrame``.
Number of input datacubes/spectra: 835
Old "step_pct": 0.05
New "step_pct": 0.5
alpha: 0.0005
Features selected: 1
Iterations without progress: 0

alpha: 0.00025
Features selected: 1
Iterations without progress: 1

alpha: 0.000125
Features selected: 2
Iterations without progress: 0

alpha: 6.25e-05
Features selected: 2
Iterations without progress: 1

alpha: 3.125e-05
Features selected: 3
Iterations without progress: 0

alpha: 1.5625e-05
Features selected: 3
Iterations without progress: 1

alpha: 7.8125e-06
Features selected: 4
Iterations without progress: 0

alpha: 3.90625e-06
Features selected: 5
Iterations without progress: 0

alpha: 1.953125e-06
Features selected: 4
Iterations without progress: 0

alpha: 9.765625e-07
Features selected: 5
Iterations without progress: 0

Old "step_pct": 0.5
New "step_pct": 0.1
alpha: 8.789062500000001e-07
Features selected: 8
Iterations without progress: 0

alpha: 7.910156250000001e-07
Features selected: 8
Iterations without progress: 1

alpha: 7.119140625e-07
Features selected: 8
Iterations without progress: 2

alpha: 6.407226562500001e-07
Features selected: 8
Iterations without progress: 3

alpha: 5.76650390625e-07
Features selected: 8
Iterations without progress: 4

alpha: 5.189853515625e-07
Features selected: 8
Iterations without progress: 5

Leaving while loop before finding the alpha value that achieves selection of 9 feature(s) (minimum alpha value to use).

Using up to 8 selected features

Hyperparameter tuning...

Number of features: 0
Trimming excess components in <param_grid>...
Number of features: 1
Trimming excess components in <param_grid>...
Number of features: 6
Trimming excess components in <param_grid>...
Number of features: 8
Trimming excess components in <param_grid>...
Number of features: 5
Trimming excess components in <param_grid>...
Number of features: 2
Trimming excess components in <param_grid>...
Number of features: 4
Trimming excess components in <param_grid>...
Number of features: 4
Trimming excess components in <param_grid>...
Number of features: 2
Trimming excess components in <param_grid>...
Number of features: 3
Trimming excess components in <param_grid>...
Testing...

GLOBUS TRANSFER task_id: 7bc25a8c-29ab-11eb-b53b-02d9497ca481
Waiting for transfer 7bc25a8c-29ab-11eb-b53b-02d9497ca481 to complete...
Transfer 7bc25a8c-29ab-11eb-b53b-02d9497ca481 has not yet finished; transfer submitted 1 minute(s) ago
Transfer 7bc25a8c-29ab-11eb-b53b-02d9497ca481 has not yet finished; transfer submitted 2 minute(s) ago
DONE.
GLOBUS DELETE task_id: dcfc4eb6-29ab-11eb-b53b-02d9497ca481

Processing scenario ID: 43
Panels type: ref_closest_panel
Crop type: crop_plot
Clip type: nan
Smooth type: {'window_size': 11, 'order': 2}
Bin type: {'method': 'spectral_mimic', 'sensor': 'sentinel-2a'}
Segment type: {'method': 'mcari2', 'wl1': [800], 'wl2': [670], 'wl3': [550], 'mask_percentile': [75, 95], 'mask_side': 'outside'}

Response variable: tissue_n_pct
Number of observations: 408

Feature set: derivative_2

Writing mean spectra to a ``pandas.DataFrame``.
Number of input datacubes/spectra: 835
Old "step_pct": 0.1
New "step_pct": 0.5
alpha: 1.29746337890625e-05
Features selected: 3
Iterations without progress: 0

alpha: 6.48731689453125e-06
Features selected: 4
Iterations without progress: 0

alpha: 3.243658447265625e-06
Features selected: 5
Iterations without progress: 0

Old "step_pct": 0.5
New "step_pct": 0.1
alpha: 2.9192926025390626e-06
Features selected: 7
Iterations without progress: 0

alpha: 2.6273633422851564e-06
Features selected: 7
Iterations without progress: 1

Old "step_pct": 0.1
New "step_pct": 0.5
alpha: 1.3136816711425782e-06
Features selected: 5
Iterations without progress: 0

alpha: 6.568408355712891e-07
Features selected: 6
Iterations without progress: 0

alpha: 3.2842041778564455e-07
Features selected: 6
Iterations without progress: 1

alpha: 6.239987937927246e-07
Features selected: 9
Iterations without progress: 0

Using up to 9 selected features

Hyperparameter tuning...

Number of features: 6
Trimming excess components in <param_grid>...
Number of features: 0
Trimming excess components in <param_grid>...
Number of features: 4
Trimming excess components in <param_grid>...
Number of features: 2
Trimming excess components in <param_grid>...
Number of features: 3
Trimming excess components in <param_grid>...
Number of features: 3
Trimming excess components in <param_grid>...
Number of features: 3
Trimming excess components in <param_grid>...
Number of features: 4
Trimming excess components in <param_grid>...
Number of features: 4
Trimming excess components in <param_grid>...
Number of features: 3
Trimming excess components in <param_grid>...
Number of features: 5
Trimming excess components in <param_grid>...
Number of features: 4
Trimming excess components in <param_grid>...
Number of features: 1
Trimming excess components in <param_grid>...
Number of features: 1
Trimming excess components in <param_grid>...
Number of features: 5
Trimming excess components in <param_grid>...
Number of features: 3
Trimming excess components in <param_grid>...
Number of features: 7
Trimming excess components in <param_grid>...
Number of features: 5
Trimming excess components in <param_grid>...
Number of features: 6
Trimming excess components in <param_grid>...
Number of features: 6
Trimming excess components in <param_grid>...
Number of features: 2
Trimming excess components in <param_grid>...
Number of features: 4
Trimming excess components in <param_grid>...
Number of features: 4
Trimming excess components in <param_grid>...
Number of features: 5
Trimming excess components in <param_grid>...
Number of features: 2
Trimming excess components in <param_grid>...
Testing...

GLOBUS TRANSFER task_id: f0e7bc6c-29ab-11eb-8fc0-0a34088e79f9
Waiting for transfer f0e7bc6c-29ab-11eb-8fc0-0a34088e79f9 to complete...
DONE.
GLOBUS DELETE task_id: f710f996-29ab-11eb-8fc0-0a34088e79f9

Processing scenario ID: 44
Panels type: ref_closest_panel
Crop type: crop_plot
Clip type: nan
Smooth type: {'window_size': 11, 'order': 2}
Bin type: {'method': 'spectral_mimic', 'sensor': 'sentinel-2a'}
Segment type: {'method': ['mcari2', [545, 565]], 'wl1': [[800], [None]], 'wl2': [[670], [None]], 'wl3': [[550], [None]], 'mask_percentile': [90, 75], 'mask_side': ['lower', 'lower']}

Response variable: tissue_n_pct
Number of observations: 408

Feature set: derivative_2

Writing mean spectra to a ``pandas.DataFrame``.
Number of input datacubes/spectra: 835
Old "step_pct": 0.05
New "step_pct": 0.5
alpha: 1.5599969844818117e-05
Features selected: 4
Iterations without progress: 0

alpha: 7.799984922409058e-06
Features selected: 4
Iterations without progress: 1

alpha: 3.899992461204529e-06
Features selected: 5
Iterations without progress: 0

alpha: 1.9499962306022646e-06
Features selected: 5
Iterations without progress: 1

Old "step_pct": 0.5
New "step_pct": 0.1
alpha: 1.7549966075420382e-06
Features selected: 7
Iterations without progress: 0

alpha: 1.5794969467878345e-06
Features selected: 7
Iterations without progress: 1

Old "step_pct": 0.1
New "step_pct": 0.02
alpha: 1.5479070078520778e-06
Features selected: 8
Iterations without progress: 0

alpha: 1.5169488676950362e-06
Features selected: 8
Iterations without progress: 1

alpha: 1.4866098903411355e-06
Features selected: 8
Iterations without progress: 2

alpha: 1.4568776925343128e-06
Features selected: 8
Iterations without progress: 3

alpha: 1.4277401386836266e-06
Features selected: 8
Iterations without progress: 4

alpha: 1.4539639371492442e-06
Features selected: 9
Iterations without progress: 0

Using up to 9 selected features

Hyperparameter tuning...

Number of features: 0
Trimming excess components in <param_grid>...
Number of features: 4
Trimming excess components in <param_grid>...
Number of features: 1
Trimming excess components in <param_grid>...
Number of features: 3
Trimming excess components in <param_grid>...
Number of features: 5
Trimming excess components in <param_grid>...
Number of features: 6
Trimming excess components in <param_grid>...
Number of features: 2
Trimming excess components in <param_grid>...
Number of features: 6
Trimming excess components in <param_grid>...
Number of features: 5
Trimming excess components in <param_grid>...
Number of features: 7
Trimming excess components in <param_grid>...
Number of features: 3
Trimming excess components in <param_grid>...
Number of features: 8
Trimming excess components in <param_grid>...
Number of features: 5
Trimming excess components in <param_grid>...
Number of features: 5
Trimming excess components in <param_grid>...
Number of features: 4
Trimming excess components in <param_grid>...
Number of features: 5
Trimming excess components in <param_grid>...
Testing...

GLOBUS TRANSFER task_id: 0cc72698-29ac-11eb-b53b-02d9497ca481
Waiting for transfer 0cc72698-29ac-11eb-b53b-02d9497ca481 to complete...
Transfer 0cc72698-29ac-11eb-b53b-02d9497ca481 has not yet finished; transfer submitted 1 minute(s) ago
Transfer 0cc72698-29ac-11eb-b53b-02d9497ca481 has not yet finished; transfer submitted 2 minute(s) ago
DONE.
GLOBUS DELETE task_id: 67890272-29ac-11eb-b53b-02d9497ca481

Processing scenario ID: 42
Panels type: ref_closest_panel
Crop type: crop_plot
Clip type: nan
Smooth type: {'window_size': 11, 'order': 2}
Bin type: {'method': 'spectral_mimic', 'sensor': 'sentinel-2a'}
Segment type: {'method': 'mcari2', 'wl1': [800], 'wl2': [670], 'wl3': [550], 'mask_percentile': [50, 75], 'mask_side': 'outside'}
GLOBUS TRANSFER task_id: 6b54bb58-29ac-11eb-b165-0ee0d5d9299f
Waiting for transfer 6b54bb58-29ac-11eb-b165-0ee0d5d9299f to complete...
Transfer 6b54bb58-29ac-11eb-b165-0ee0d5d9299f has not yet finished; transfer submitted 1 minute(s) ago
Transfer 6b54bb58-29ac-11eb-b165-0ee0d5d9299f has not yet finished; transfer submitted 2 minute(s) ago
Transfer 6b54bb58-29ac-11eb-b165-0ee0d5d9299f has not yet finished; transfer submitted 3 minute(s) ago
Transfer 6b54bb58-29ac-11eb-b165-0ee0d5d9299f has not yet finished; transfer submitted 4 minute(s) ago
DONE.
GLOBUS DELETE task_id: 09191316-29ad-11eb-b165-0ee0d5d9299f

Processing scenario ID: 43
Panels type: ref_closest_panel
Crop type: crop_plot
Clip type: nan
Smooth type: {'window_size': 11, 'order': 2}
Bin type: {'method': 'spectral_mimic', 'sensor': 'sentinel-2a'}
Segment type: {'method': 'mcari2', 'wl1': [800], 'wl2': [670], 'wl3': [550], 'mask_percentile': [75, 95], 'mask_side': 'outside'}
GLOBUS TRANSFER task_id: 0d06abd2-29ad-11eb-b165-0ee0d5d9299f
Waiting for transfer 0d06abd2-29ad-11eb-b165-0ee0d5d9299f to complete...
Transfer 0d06abd2-29ad-11eb-b165-0ee0d5d9299f has not yet finished; transfer submitted 1 minute(s) ago
Transfer 0d06abd2-29ad-11eb-b165-0ee0d5d9299f has not yet finished; transfer submitted 2 minute(s) ago
Transfer 0d06abd2-29ad-11eb-b165-0ee0d5d9299f has not yet finished; transfer submitted 3 minute(s) ago
Transfer 0d06abd2-29ad-11eb-b165-0ee0d5d9299f has not yet finished; transfer submitted 4 minute(s) ago
DONE.
GLOBUS DELETE task_id: b6c5501a-29ad-11eb-b165-0ee0d5d9299f

Processing scenario ID: 44
Panels type: ref_closest_panel
Crop type: crop_plot
Clip type: nan
Smooth type: {'window_size': 11, 'order': 2}
Bin type: {'method': 'spectral_mimic', 'sensor': 'sentinel-2a'}
Segment type: {'method': ['mcari2', [545, 565]], 'wl1': [[800], [None]], 'wl2': [[670], [None]], 'wl3': [[550], [None]], 'mask_percentile': [90, 75], 'mask_side': ['lower', 'lower']}
GLOBUS TRANSFER task_id: ba746fd4-29ad-11eb-8fc0-0a34088e79f9
Waiting for transfer ba746fd4-29ad-11eb-8fc0-0a34088e79f9 to complete...
Transfer ba746fd4-29ad-11eb-8fc0-0a34088e79f9 has not yet finished; transfer submitted 1 minute(s) ago
Transfer ba746fd4-29ad-11eb-8fc0-0a34088e79f9 has not yet finished; transfer submitted 2 minute(s) ago
Transfer ba746fd4-29ad-11eb-8fc0-0a34088e79f9 has not yet finished; transfer submitted 3 minute(s) ago
Transfer ba746fd4-29ad-11eb-8fc0-0a34088e79f9 has not yet finished; transfer submitted 4 minute(s) ago
Transfer ba746fd4-29ad-11eb-8fc0-0a34088e79f9 has not yet finished; transfer submitted 5 minute(s) ago
DONE.
GLOBUS DELETE task_id: 82302e50-29ae-11eb-8fc0-0a34088e79f9
