All processing scenarios are finished. Exiting program.
All processing scenarios are finished. Exiting program.
All processing scenarios are finished. Exiting program.
/home/yangc1/nigo0024/anaconda3/envs/sip_run_2/lib/python3.8/site-packages/sklearn/linear_model/_coordinate_descent.py:529: ConvergenceWarning: Objective did not converge. You might want to increase the number of iterations. Duality gap: 64051.62536486983, tolerance: 29878.114385653145
  model = cd_fast.enet_coordinate_descent(
/home/yangc1/nigo0024/anaconda3/envs/sip_run_2/lib/python3.8/site-packages/sklearn/linear_model/_coordinate_descent.py:529: ConvergenceWarning: Objective did not converge. You might want to increase the number of iterations. Duality gap: 36502392.5430534, tolerance: 29878.114385653145
  model = cd_fast.enet_coordinate_descent(
All processing scenarios are finished. Exiting program.
/home/yangc1/nigo0024/anaconda3/envs/sip_run_2/lib/python3.8/site-packages/sklearn/linear_model/_coordinate_descent.py:529: ConvergenceWarning: Objective did not converge. You might want to increase the number of iterations. Duality gap: 12565.635064667043, tolerance: 17.538496504468622
  model = cd_fast.enet_coordinate_descent(
/home/yangc1/nigo0024/anaconda3/envs/sip_run_2/lib/python3.8/site-packages/sklearn/linear_model/_coordinate_descent.py:529: ConvergenceWarning: Objective did not converge. You might want to increase the number of iterations. Duality gap: 1208.0597174519498, tolerance: 17.538496504468622
  model = cd_fast.enet_coordinate_descent(
All processing scenarios are finished. Exiting program.
All processing scenarios are finished. Exiting program.
/home/yangc1/nigo0024/anaconda3/envs/sip_run_2/lib/python3.8/site-packages/sklearn/cross_decomposition/_pls.py:353: UserWarning: X scores are null at iteration 7
  warnings.warn('X scores are null at iteration %s' % k)
/home/yangc1/nigo0024/anaconda3/envs/sip_run_2/lib/python3.8/site-packages/sklearn/cross_decomposition/_pls.py:353: UserWarning: X scores are null at iteration 7
  warnings.warn('X scores are null at iteration %s' % k)
/home/yangc1/nigo0024/anaconda3/envs/sip_run_2/lib/python3.8/site-packages/sklearn/cross_decomposition/_pls.py:353: UserWarning: X scores are null at iteration 7
  warnings.warn('X scores are null at iteration %s' % k)
/home/yangc1/nigo0024/anaconda3/envs/sip_run_2/lib/python3.8/site-packages/sklearn/cross_decomposition/_pls.py:353: UserWarning: X scores are null at iteration 7
  warnings.warn('X scores are null at iteration %s' % k)
/home/yangc1/nigo0024/anaconda3/envs/sip_run_2/lib/python3.8/site-packages/sklearn/cross_decomposition/_pls.py:353: UserWarning: X scores are null at iteration 7
  warnings.warn('X scores are null at iteration %s' % k)
/home/yangc1/nigo0024/anaconda3/envs/sip_run_2/lib/python3.8/site-packages/sklearn/cross_decomposition/_pls.py:353: UserWarning: X scores are null at iteration 7
  warnings.warn('X scores are null at iteration %s' % k)
/home/yangc1/nigo0024/anaconda3/envs/sip_run_2/lib/python3.8/site-packages/sklearn/cross_decomposition/_pls.py:353: UserWarning: X scores are null at iteration 7
  warnings.warn('X scores are null at iteration %s' % k)
/home/yangc1/nigo0024/anaconda3/envs/sip_run_2/lib/python3.8/site-packages/sklearn/cross_decomposition/_pls.py:353: UserWarning: X scores are null at iteration 7
  warnings.warn('X scores are null at iteration %s' % k)
/home/yangc1/nigo0024/anaconda3/envs/sip_run_2/lib/python3.8/site-packages/sklearn/cross_decomposition/_pls.py:353: UserWarning: X scores are null at iteration 7
  warnings.warn('X scores are null at iteration %s' % k)
/home/yangc1/nigo0024/anaconda3/envs/sip_run_2/lib/python3.8/site-packages/sklearn/cross_decomposition/_pls.py:353: UserWarning: X scores are null at iteration 7
  warnings.warn('X scores are null at iteration %s' % k)
/home/yangc1/nigo0024/anaconda3/envs/sip_run_2/lib/python3.8/site-packages/sklearn/cross_decomposition/_pls.py:353: UserWarning: X scores are null at iteration 7
  warnings.warn('X scores are null at iteration %s' % k)
/home/yangc1/nigo0024/anaconda3/envs/sip_run_2/lib/python3.8/site-packages/sklearn/cross_decomposition/_pls.py:353: UserWarning: X scores are null at iteration 7
  warnings.warn('X scores are null at iteration %s' % k)
/home/yangc1/nigo0024/anaconda3/envs/sip_run_2/lib/python3.8/site-packages/sklearn/cross_decomposition/_pls.py:353: UserWarning: X scores are null at iteration 8
  warnings.warn('X scores are null at iteration %s' % k)
/home/yangc1/nigo0024/anaconda3/envs/sip_run_2/lib/python3.8/site-packages/sklearn/cross_decomposition/_pls.py:353: UserWarning: X scores are null at iteration 8
  warnings.warn('X scores are null at iteration %s' % k)
/home/yangc1/nigo0024/anaconda3/envs/sip_run_2/lib/python3.8/site-packages/sklearn/cross_decomposition/_pls.py:353: UserWarning: X scores are null at iteration 8
  warnings.warn('X scores are null at iteration %s' % k)
/home/yangc1/nigo0024/anaconda3/envs/sip_run_2/lib/python3.8/site-packages/sklearn/cross_decomposition/_pls.py:353: UserWarning: X scores are null at iteration 8
  warnings.warn('X scores are null at iteration %s' % k)
/home/yangc1/nigo0024/anaconda3/envs/sip_run_2/lib/python3.8/site-packages/sklearn/cross_decomposition/_pls.py:353: UserWarning: X scores are null at iteration 8
  warnings.warn('X scores are null at iteration %s' % k)
/home/yangc1/nigo0024/anaconda3/envs/sip_run_2/lib/python3.8/site-packages/sklearn/cross_decomposition/_pls.py:353: UserWarning: X scores are null at iteration 8
  warnings.warn('X scores are null at iteration %s' % k)
/home/yangc1/nigo0024/anaconda3/envs/sip_run_2/lib/python3.8/site-packages/sklearn/cross_decomposition/_pls.py:353: UserWarning: X scores are null at iteration 8
  warnings.warn('X scores are null at iteration %s' % k)
/home/yangc1/nigo0024/anaconda3/envs/sip_run_2/lib/python3.8/site-packages/sklearn/cross_decomposition/_pls.py:353: UserWarning: X scores are null at iteration 8
  warnings.warn('X scores are null at iteration %s' % k)
/home/yangc1/nigo0024/anaconda3/envs/sip_run_2/lib/python3.8/site-packages/sklearn/cross_decomposition/_pls.py:353: UserWarning: X scores are null at iteration 8
  warnings.warn('X scores are null at iteration %s' % k)
/home/yangc1/nigo0024/anaconda3/envs/sip_run_2/lib/python3.8/site-packages/sklearn/cross_decomposition/_pls.py:353: UserWarning: X scores are null at iteration 8
  warnings.warn('X scores are null at iteration %s' % k)
/home/yangc1/nigo0024/anaconda3/envs/sip_run_2/lib/python3.8/site-packages/sklearn/cross_decomposition/_pls.py:353: UserWarning: X scores are null at iteration 8
  warnings.warn('X scores are null at iteration %s' % k)
/home/yangc1/nigo0024/anaconda3/envs/sip_run_2/lib/python3.8/site-packages/sklearn/cross_decomposition/_pls.py:353: UserWarning: X scores are null at iteration 8
  warnings.warn('X scores are null at iteration %s' % k)
/home/yangc1/nigo0024/anaconda3/envs/sip_run_2/lib/python3.8/site-packages/sklearn/linear_model/_coordinate_descent.py:529: ConvergenceWarning: Objective did not converge. You might want to increase the number of iterations. Duality gap: 5387426.514350906, tolerance: 29878.114385653145
  model = cd_fast.enet_coordinate_descent(
/home/yangc1/nigo0024/anaconda3/envs/sip_run_2/lib/python3.8/site-packages/sklearn/linear_model/_coordinate_descent.py:529: ConvergenceWarning: Objective did not converge. You might want to increase the number of iterations. Duality gap: 5435148.882511154, tolerance: 29878.114385653145
  model = cd_fast.enet_coordinate_descent(
/home/yangc1/nigo0024/anaconda3/envs/sip_run_2/lib/python3.8/site-packages/sklearn/linear_model/_coordinate_descent.py:529: ConvergenceWarning: Objective did not converge. You might want to increase the number of iterations. Duality gap: 3884330.0838131607, tolerance: 29878.114385653145
  model = cd_fast.enet_coordinate_descent(
All processing scenarios are finished. Exiting program.
All processing scenarios are finished. Exiting program.
/home/yangc1/nigo0024/anaconda3/envs/sip_run_2/lib/python3.8/site-packages/sklearn/feature_selection/_base.py:79: UserWarning: No features were selected: either the data is too noisy or the selection test too strict.
  warn("No features were selected: either the data is"
/home/yangc1/nigo0024/anaconda3/envs/sip_run_2/lib/python3.8/site-packages/sklearn/feature_selection/_base.py:79: UserWarning: No features were selected: either the data is too noisy or the selection test too strict.
  warn("No features were selected: either the data is"
/home/yangc1/nigo0024/anaconda3/envs/sip_run_2/lib/python3.8/site-packages/sklearn/feature_selection/_base.py:79: UserWarning: No features were selected: either the data is too noisy or the selection test too strict.
  warn("No features were selected: either the data is"
/home/yangc1/nigo0024/anaconda3/envs/sip_run_2/lib/python3.8/site-packages/sklearn/feature_selection/_base.py:79: UserWarning: No features were selected: either the data is too noisy or the selection test too strict.
  warn("No features were selected: either the data is"
/home/yangc1/nigo0024/anaconda3/envs/sip_run_2/lib/python3.8/site-packages/sklearn/feature_selection/_base.py:79: UserWarning: No features were selected: either the data is too noisy or the selection test too strict.
  warn("No features were selected: either the data is"
/home/yangc1/nigo0024/anaconda3/envs/sip_run_2/lib/python3.8/site-packages/sklearn/feature_selection/_base.py:79: UserWarning: No features were selected: either the data is too noisy or the selection test too strict.
  warn("No features were selected: either the data is"
/home/yangc1/nigo0024/anaconda3/envs/sip_run_2/lib/python3.8/site-packages/sklearn/feature_selection/_base.py:79: UserWarning: No features were selected: either the data is too noisy or the selection test too strict.
  warn("No features were selected: either the data is"
/home/yangc1/nigo0024/anaconda3/envs/sip_run_2/lib/python3.8/site-packages/sklearn/feature_selection/_base.py:79: UserWarning: No features were selected: either the data is too noisy or the selection test too strict.
  warn("No features were selected: either the data is"
/home/yangc1/nigo0024/anaconda3/envs/sip_run_2/lib/python3.8/site-packages/sklearn/feature_selection/_base.py:79: UserWarning: No features were selected: either the data is too noisy or the selection test too strict.
  warn("No features were selected: either the data is"
/home/yangc1/nigo0024/anaconda3/envs/sip_run_2/lib/python3.8/site-packages/sklearn/feature_selection/_base.py:79: UserWarning: No features were selected: either the data is too noisy or the selection test too strict.
  warn("No features were selected: either the data is"
/home/yangc1/nigo0024/anaconda3/envs/sip_run_2/lib/python3.8/site-packages/sklearn/feature_selection/_base.py:79: UserWarning: No features were selected: either the data is too noisy or the selection test too strict.
  warn("No features were selected: either the data is"
/home/yangc1/nigo0024/anaconda3/envs/sip_run_2/lib/python3.8/site-packages/sklearn/feature_selection/_base.py:79: UserWarning: No features were selected: either the data is too noisy or the selection test too strict.
  warn("No features were selected: either the data is"
/home/yangc1/nigo0024/anaconda3/envs/sip_run_2/lib/python3.8/site-packages/sklearn/feature_selection/_base.py:79: UserWarning: No features were selected: either the data is too noisy or the selection test too strict.
  warn("No features were selected: either the data is"
/home/yangc1/nigo0024/anaconda3/envs/sip_run_2/lib/python3.8/site-packages/sklearn/feature_selection/_base.py:79: UserWarning: No features were selected: either the data is too noisy or the selection test too strict.
  warn("No features were selected: either the data is"
/home/yangc1/nigo0024/anaconda3/envs/sip_run_2/lib/python3.8/site-packages/sklearn/feature_selection/_base.py:79: UserWarning: No features were selected: either the data is too noisy or the selection test too strict.
  warn("No features were selected: either the data is"
/home/yangc1/nigo0024/anaconda3/envs/sip_run_2/lib/python3.8/site-packages/sklearn/feature_selection/_base.py:79: UserWarning: No features were selected: either the data is too noisy or the selection test too strict.
  warn("No features were selected: either the data is"
/home/yangc1/nigo0024/anaconda3/envs/sip_run_2/lib/python3.8/site-packages/sklearn/feature_selection/_base.py:79: UserWarning: No features were selected: either the data is too noisy or the selection test too strict.
  warn("No features were selected: either the data is"
/home/yangc1/nigo0024/anaconda3/envs/sip_run_2/lib/python3.8/site-packages/sklearn/feature_selection/_base.py:79: UserWarning: No features were selected: either the data is too noisy or the selection test too strict.
  warn("No features were selected: either the data is"
/home/yangc1/nigo0024/anaconda3/envs/sip_run_2/lib/python3.8/site-packages/sklearn/feature_selection/_base.py:79: UserWarning: No features were selected: either the data is too noisy or the selection test too strict.
  warn("No features were selected: either the data is"
/home/yangc1/nigo0024/anaconda3/envs/sip_run_2/lib/python3.8/site-packages/sklearn/feature_selection/_base.py:79: UserWarning: No features were selected: either the data is too noisy or the selection test too strict.
  warn("No features were selected: either the data is"
/home/yangc1/nigo0024/anaconda3/envs/sip_run_2/lib/python3.8/site-packages/sklearn/feature_selection/_base.py:79: UserWarning: No features were selected: either the data is too noisy or the selection test too strict.
  warn("No features were selected: either the data is"
/home/yangc1/nigo0024/anaconda3/envs/sip_run_2/lib/python3.8/site-packages/sklearn/feature_selection/_base.py:79: UserWarning: No features were selected: either the data is too noisy or the selection test too strict.
  warn("No features were selected: either the data is"
/home/yangc1/nigo0024/anaconda3/envs/sip_run_2/lib/python3.8/site-packages/sklearn/feature_selection/_base.py:79: UserWarning: No features were selected: either the data is too noisy or the selection test too strict.
  warn("No features were selected: either the data is"
/home/yangc1/nigo0024/anaconda3/envs/sip_run_2/lib/python3.8/site-packages/sklearn/feature_selection/_base.py:79: UserWarning: No features were selected: either the data is too noisy or the selection test too strict.
  warn("No features were selected: either the data is"
/home/yangc1/nigo0024/anaconda3/envs/sip_run_2/lib/python3.8/site-packages/sklearn/feature_selection/_base.py:79: UserWarning: No features were selected: either the data is too noisy or the selection test too strict.
  warn("No features were selected: either the data is"
/home/yangc1/nigo0024/anaconda3/envs/sip_run_2/lib/python3.8/site-packages/sklearn/feature_selection/_base.py:79: UserWarning: No features were selected: either the data is too noisy or the selection test too strict.
  warn("No features were selected: either the data is"
/home/yangc1/nigo0024/anaconda3/envs/sip_run_2/lib/python3.8/site-packages/sklearn/feature_selection/_base.py:79: UserWarning: No features were selected: either the data is too noisy or the selection test too strict.
  warn("No features were selected: either the data is"
/home/yangc1/nigo0024/anaconda3/envs/sip_run_2/lib/python3.8/site-packages/sklearn/feature_selection/_base.py:79: UserWarning: No features were selected: either the data is too noisy or the selection test too strict.
  warn("No features were selected: either the data is"
/home/yangc1/nigo0024/anaconda3/envs/sip_run_2/lib/python3.8/site-packages/sklearn/feature_selection/_base.py:79: UserWarning: No features were selected: either the data is too noisy or the selection test too strict.
  warn("No features were selected: either the data is"
/home/yangc1/nigo0024/anaconda3/envs/sip_run_2/lib/python3.8/site-packages/sklearn/feature_selection/_base.py:79: UserWarning: No features were selected: either the data is too noisy or the selection test too strict.
  warn("No features were selected: either the data is"
/home/yangc1/nigo0024/anaconda3/envs/sip_run_2/lib/python3.8/site-packages/sklearn/feature_selection/_base.py:79: UserWarning: No features were selected: either the data is too noisy or the selection test too strict.
  warn("No features were selected: either the data is"
/home/yangc1/nigo0024/anaconda3/envs/sip_run_2/lib/python3.8/site-packages/sklearn/feature_selection/_base.py:79: UserWarning: No features were selected: either the data is too noisy or the selection test too strict.
  warn("No features were selected: either the data is"
/home/yangc1/nigo0024/anaconda3/envs/sip_run_2/lib/python3.8/site-packages/sklearn/feature_selection/_base.py:79: UserWarning: No features were selected: either the data is too noisy or the selection test too strict.
  warn("No features were selected: either the data is"
/home/yangc1/nigo0024/anaconda3/envs/sip_run_2/lib/python3.8/site-packages/sklearn/feature_selection/_base.py:79: UserWarning: No features were selected: either the data is too noisy or the selection test too strict.
  warn("No features were selected: either the data is"
/home/yangc1/nigo0024/anaconda3/envs/sip_run_2/lib/python3.8/site-packages/sklearn/feature_selection/_base.py:79: UserWarning: No features were selected: either the data is too noisy or the selection test too strict.
  warn("No features were selected: either the data is"
/home/yangc1/nigo0024/anaconda3/envs/sip_run_2/lib/python3.8/site-packages/sklearn/feature_selection/_base.py:79: UserWarning: No features were selected: either the data is too noisy or the selection test too strict.
  warn("No features were selected: either the data is"
/home/yangc1/nigo0024/anaconda3/envs/sip_run_2/lib/python3.8/site-packages/sklearn/feature_selection/_base.py:79: UserWarning: No features were selected: either the data is too noisy or the selection test too strict.
  warn("No features were selected: either the data is"
/home/yangc1/nigo0024/anaconda3/envs/sip_run_2/lib/python3.8/site-packages/sklearn/feature_selection/_base.py:79: UserWarning: No features were selected: either the data is too noisy or the selection test too strict.
  warn("No features were selected: either the data is"
/home/yangc1/nigo0024/anaconda3/envs/sip_run_2/lib/python3.8/site-packages/sklearn/feature_selection/_base.py:79: UserWarning: No features were selected: either the data is too noisy or the selection test too strict.
  warn("No features were selected: either the data is"
/home/yangc1/nigo0024/anaconda3/envs/sip_run_2/lib/python3.8/site-packages/sklearn/feature_selection/_base.py:79: UserWarning: No features were selected: either the data is too noisy or the selection test too strict.
  warn("No features were selected: either the data is"
/home/yangc1/nigo0024/anaconda3/envs/sip_run_2/lib/python3.8/site-packages/sklearn/feature_selection/_base.py:79: UserWarning: No features were selected: either the data is too noisy or the selection test too strict.
  warn("No features were selected: either the data is"
/home/yangc1/nigo0024/anaconda3/envs/sip_run_2/lib/python3.8/site-packages/sklearn/feature_selection/_base.py:79: UserWarning: No features were selected: either the data is too noisy or the selection test too strict.
  warn("No features were selected: either the data is"
/home/yangc1/nigo0024/anaconda3/envs/sip_run_2/lib/python3.8/site-packages/sklearn/feature_selection/_base.py:79: UserWarning: No features were selected: either the data is too noisy or the selection test too strict.
  warn("No features were selected: either the data is"
/home/yangc1/nigo0024/anaconda3/envs/sip_run_2/lib/python3.8/site-packages/sklearn/feature_selection/_base.py:79: UserWarning: No features were selected: either the data is too noisy or the selection test too strict.
  warn("No features were selected: either the data is"
/home/yangc1/nigo0024/anaconda3/envs/sip_run_2/lib/python3.8/site-packages/sklearn/feature_selection/_base.py:79: UserWarning: No features were selected: either the data is too noisy or the selection test too strict.
  warn("No features were selected: either the data is"
/home/yangc1/nigo0024/anaconda3/envs/sip_run_2/lib/python3.8/site-packages/sklearn/feature_selection/_base.py:79: UserWarning: No features were selected: either the data is too noisy or the selection test too strict.
  warn("No features were selected: either the data is"
/home/yangc1/nigo0024/anaconda3/envs/sip_run_2/lib/python3.8/site-packages/sklearn/feature_selection/_base.py:79: UserWarning: No features were selected: either the data is too noisy or the selection test too strict.
  warn("No features were selected: either the data is"
/home/yangc1/nigo0024/anaconda3/envs/sip_run_2/lib/python3.8/site-packages/sklearn/feature_selection/_base.py:79: UserWarning: No features were selected: either the data is too noisy or the selection test too strict.
  warn("No features were selected: either the data is"
/home/yangc1/nigo0024/anaconda3/envs/sip_run_2/lib/python3.8/site-packages/sklearn/feature_selection/_base.py:79: UserWarning: No features were selected: either the data is too noisy or the selection test too strict.
  warn("No features were selected: either the data is"
/home/yangc1/nigo0024/anaconda3/envs/sip_run_2/lib/python3.8/site-packages/sklearn/feature_selection/_base.py:79: UserWarning: No features were selected: either the data is too noisy or the selection test too strict.
  warn("No features were selected: either the data is"
/home/yangc1/nigo0024/anaconda3/envs/sip_run_2/lib/python3.8/site-packages/sklearn/feature_selection/_base.py:79: UserWarning: No features were selected: either the data is too noisy or the selection test too strict.
  warn("No features were selected: either the data is"
/home/yangc1/nigo0024/anaconda3/envs/sip_run_2/lib/python3.8/site-packages/sklearn/feature_selection/_base.py:79: UserWarning: No features were selected: either the data is too noisy or the selection test too strict.
  warn("No features were selected: either the data is"
/home/yangc1/nigo0024/anaconda3/envs/sip_run_2/lib/python3.8/site-packages/sklearn/feature_selection/_base.py:79: UserWarning: No features were selected: either the data is too noisy or the selection test too strict.
  warn("No features were selected: either the data is"
/home/yangc1/nigo0024/anaconda3/envs/sip_run_2/lib/python3.8/site-packages/sklearn/feature_selection/_base.py:79: UserWarning: No features were selected: either the data is too noisy or the selection test too strict.
  warn("No features were selected: either the data is"
/home/yangc1/nigo0024/anaconda3/envs/sip_run_2/lib/python3.8/site-packages/sklearn/feature_selection/_base.py:79: UserWarning: No features were selected: either the data is too noisy or the selection test too strict.
  warn("No features were selected: either the data is"
/home/yangc1/nigo0024/anaconda3/envs/sip_run_2/lib/python3.8/site-packages/sklearn/feature_selection/_base.py:79: UserWarning: No features were selected: either the data is too noisy or the selection test too strict.
  warn("No features were selected: either the data is"
/home/yangc1/nigo0024/anaconda3/envs/sip_run_2/lib/python3.8/site-packages/sklearn/feature_selection/_base.py:79: UserWarning: No features were selected: either the data is too noisy or the selection test too strict.
  warn("No features were selected: either the data is"
/home/yangc1/nigo0024/anaconda3/envs/sip_run_2/lib/python3.8/site-packages/sklearn/feature_selection/_base.py:79: UserWarning: No features were selected: either the data is too noisy or the selection test too strict.
  warn("No features were selected: either the data is"
/home/yangc1/nigo0024/anaconda3/envs/sip_run_2/lib/python3.8/site-packages/sklearn/feature_selection/_base.py:79: UserWarning: No features were selected: either the data is too noisy or the selection test too strict.
  warn("No features were selected: either the data is"
/home/yangc1/nigo0024/anaconda3/envs/sip_run_2/lib/python3.8/site-packages/sklearn/feature_selection/_base.py:79: UserWarning: No features were selected: either the data is too noisy or the selection test too strict.
  warn("No features were selected: either the data is"
/home/yangc1/nigo0024/anaconda3/envs/sip_run_2/lib/python3.8/site-packages/sklearn/feature_selection/_base.py:79: UserWarning: No features were selected: either the data is too noisy or the selection test too strict.
  warn("No features were selected: either the data is"
/home/yangc1/nigo0024/anaconda3/envs/sip_run_2/lib/python3.8/site-packages/sklearn/feature_selection/_base.py:79: UserWarning: No features were selected: either the data is too noisy or the selection test too strict.
  warn("No features were selected: either the data is"
/home/yangc1/nigo0024/anaconda3/envs/sip_run_2/lib/python3.8/site-packages/sklearn/feature_selection/_base.py:79: UserWarning: No features were selected: either the data is too noisy or the selection test too strict.
  warn("No features were selected: either the data is"
/home/yangc1/nigo0024/anaconda3/envs/sip_run_2/lib/python3.8/site-packages/sklearn/cross_decomposition/_pls.py:353: UserWarning: X scores are null at iteration 7
  warnings.warn('X scores are null at iteration %s' % k)
/home/yangc1/nigo0024/anaconda3/envs/sip_run_2/lib/python3.8/site-packages/sklearn/cross_decomposition/_pls.py:353: UserWarning: X scores are null at iteration 7
  warnings.warn('X scores are null at iteration %s' % k)
/home/yangc1/nigo0024/anaconda3/envs/sip_run_2/lib/python3.8/site-packages/sklearn/cross_decomposition/_pls.py:353: UserWarning: X scores are null at iteration 7
  warnings.warn('X scores are null at iteration %s' % k)
/home/yangc1/nigo0024/anaconda3/envs/sip_run_2/lib/python3.8/site-packages/sklearn/cross_decomposition/_pls.py:353: UserWarning: X scores are null at iteration 7
  warnings.warn('X scores are null at iteration %s' % k)
/home/yangc1/nigo0024/anaconda3/envs/sip_run_2/lib/python3.8/site-packages/sklearn/cross_decomposition/_pls.py:353: UserWarning: X scores are null at iteration 7
  warnings.warn('X scores are null at iteration %s' % k)
/home/yangc1/nigo0024/anaconda3/envs/sip_run_2/lib/python3.8/site-packages/sklearn/cross_decomposition/_pls.py:353: UserWarning: X scores are null at iteration 7
  warnings.warn('X scores are null at iteration %s' % k)
/home/yangc1/nigo0024/anaconda3/envs/sip_run_2/lib/python3.8/site-packages/sklearn/cross_decomposition/_pls.py:353: UserWarning: X scores are null at iteration 7
  warnings.warn('X scores are null at iteration %s' % k)
/home/yangc1/nigo0024/anaconda3/envs/sip_run_2/lib/python3.8/site-packages/sklearn/cross_decomposition/_pls.py:353: UserWarning: X scores are null at iteration 7
  warnings.warn('X scores are null at iteration %s' % k)
/home/yangc1/nigo0024/anaconda3/envs/sip_run_2/lib/python3.8/site-packages/sklearn/cross_decomposition/_pls.py:353: UserWarning: X scores are null at iteration 7
  warnings.warn('X scores are null at iteration %s' % k)
/home/yangc1/nigo0024/anaconda3/envs/sip_run_2/lib/python3.8/site-packages/sklearn/cross_decomposition/_pls.py:353: UserWarning: X scores are null at iteration 7
  warnings.warn('X scores are null at iteration %s' % k)
/home/yangc1/nigo0024/anaconda3/envs/sip_run_2/lib/python3.8/site-packages/sklearn/cross_decomposition/_pls.py:353: UserWarning: X scores are null at iteration 7
  warnings.warn('X scores are null at iteration %s' % k)
/home/yangc1/nigo0024/anaconda3/envs/sip_run_2/lib/python3.8/site-packages/sklearn/cross_decomposition/_pls.py:353: UserWarning: X scores are null at iteration 7
  warnings.warn('X scores are null at iteration %s' % k)
/home/yangc1/nigo0024/anaconda3/envs/sip_run_2/lib/python3.8/site-packages/sklearn/cross_decomposition/_pls.py:353: UserWarning: X scores are null at iteration 6
  warnings.warn('X scores are null at iteration %s' % k)
/home/yangc1/nigo0024/anaconda3/envs/sip_run_2/lib/python3.8/site-packages/sklearn/cross_decomposition/_pls.py:353: UserWarning: X scores are null at iteration 6
  warnings.warn('X scores are null at iteration %s' % k)
/home/yangc1/nigo0024/anaconda3/envs/sip_run_2/lib/python3.8/site-packages/sklearn/cross_decomposition/_pls.py:353: UserWarning: X scores are null at iteration 6
  warnings.warn('X scores are null at iteration %s' % k)
/home/yangc1/nigo0024/anaconda3/envs/sip_run_2/lib/python3.8/site-packages/sklearn/cross_decomposition/_pls.py:353: UserWarning: X scores are null at iteration 6
  warnings.warn('X scores are null at iteration %s' % k)
/home/yangc1/nigo0024/anaconda3/envs/sip_run_2/lib/python3.8/site-packages/sklearn/cross_decomposition/_pls.py:353: UserWarning: X scores are null at iteration 6
  warnings.warn('X scores are null at iteration %s' % k)
/home/yangc1/nigo0024/anaconda3/envs/sip_run_2/lib/python3.8/site-packages/sklearn/cross_decomposition/_pls.py:353: UserWarning: X scores are null at iteration 6
  warnings.warn('X scores are null at iteration %s' % k)
/home/yangc1/nigo0024/anaconda3/envs/sip_run_2/lib/python3.8/site-packages/sklearn/cross_decomposition/_pls.py:353: UserWarning: X scores are null at iteration 6
  warnings.warn('X scores are null at iteration %s' % k)
/home/yangc1/nigo0024/anaconda3/envs/sip_run_2/lib/python3.8/site-packages/sklearn/cross_decomposition/_pls.py:353: UserWarning: X scores are null at iteration 6
  warnings.warn('X scores are null at iteration %s' % k)
/home/yangc1/nigo0024/anaconda3/envs/sip_run_2/lib/python3.8/site-packages/sklearn/cross_decomposition/_pls.py:353: UserWarning: X scores are null at iteration 6
  warnings.warn('X scores are null at iteration %s' % k)
/home/yangc1/nigo0024/anaconda3/envs/sip_run_2/lib/python3.8/site-packages/sklearn/cross_decomposition/_pls.py:353: UserWarning: X scores are null at iteration 6
  warnings.warn('X scores are null at iteration %s' % k)
/home/yangc1/nigo0024/anaconda3/envs/sip_run_2/lib/python3.8/site-packages/sklearn/cross_decomposition/_pls.py:353: UserWarning: X scores are null at iteration 6
  warnings.warn('X scores are null at iteration %s' % k)
/home/yangc1/nigo0024/anaconda3/envs/sip_run_2/lib/python3.8/site-packages/sklearn/cross_decomposition/_pls.py:353: UserWarning: X scores are null at iteration 6
  warnings.warn('X scores are null at iteration %s' % k)
/home/yangc1/nigo0024/anaconda3/envs/sip_run_2/lib/python3.8/site-packages/sklearn/feature_selection/_base.py:79: UserWarning: No features were selected: either the data is too noisy or the selection test too strict.
  warn("No features were selected: either the data is"
/home/yangc1/nigo0024/anaconda3/envs/sip_run_2/lib/python3.8/site-packages/sklearn/feature_selection/_base.py:79: UserWarning: No features were selected: either the data is too noisy or the selection test too strict.
  warn("No features were selected: either the data is"
/home/yangc1/nigo0024/anaconda3/envs/sip_run_2/lib/python3.8/site-packages/sklearn/feature_selection/_base.py:79: UserWarning: No features were selected: either the data is too noisy or the selection test too strict.
  warn("No features were selected: either the data is"
/home/yangc1/nigo0024/anaconda3/envs/sip_run_2/lib/python3.8/site-packages/sklearn/feature_selection/_base.py:79: UserWarning: No features were selected: either the data is too noisy or the selection test too strict.
  warn("No features were selected: either the data is"
/home/yangc1/nigo0024/anaconda3/envs/sip_run_2/lib/python3.8/site-packages/sklearn/feature_selection/_base.py:79: UserWarning: No features were selected: either the data is too noisy or the selection test too strict.
  warn("No features were selected: either the data is"
/home/yangc1/nigo0024/anaconda3/envs/sip_run_2/lib/python3.8/site-packages/sklearn/feature_selection/_base.py:79: UserWarning: No features were selected: either the data is too noisy or the selection test too strict.
  warn("No features were selected: either the data is"
/home/yangc1/nigo0024/anaconda3/envs/sip_run_2/lib/python3.8/site-packages/sklearn/feature_selection/_base.py:79: UserWarning: No features were selected: either the data is too noisy or the selection test too strict.
  warn("No features were selected: either the data is"
/home/yangc1/nigo0024/anaconda3/envs/sip_run_2/lib/python3.8/site-packages/sklearn/feature_selection/_base.py:79: UserWarning: No features were selected: either the data is too noisy or the selection test too strict.
  warn("No features were selected: either the data is"
/home/yangc1/nigo0024/anaconda3/envs/sip_run_2/lib/python3.8/site-packages/sklearn/feature_selection/_base.py:79: UserWarning: No features were selected: either the data is too noisy or the selection test too strict.
  warn("No features were selected: either the data is"
/home/yangc1/nigo0024/anaconda3/envs/sip_run_2/lib/python3.8/site-packages/sklearn/feature_selection/_base.py:79: UserWarning: No features were selected: either the data is too noisy or the selection test too strict.
  warn("No features were selected: either the data is"
/home/yangc1/nigo0024/anaconda3/envs/sip_run_2/lib/python3.8/site-packages/sklearn/feature_selection/_base.py:79: UserWarning: No features were selected: either the data is too noisy or the selection test too strict.
  warn("No features were selected: either the data is"
/home/yangc1/nigo0024/anaconda3/envs/sip_run_2/lib/python3.8/site-packages/sklearn/feature_selection/_base.py:79: UserWarning: No features were selected: either the data is too noisy or the selection test too strict.
  warn("No features were selected: either the data is"
/home/yangc1/nigo0024/anaconda3/envs/sip_run_2/lib/python3.8/site-packages/sklearn/feature_selection/_base.py:79: UserWarning: No features were selected: either the data is too noisy or the selection test too strict.
  warn("No features were selected: either the data is"
/home/yangc1/nigo0024/anaconda3/envs/sip_run_2/lib/python3.8/site-packages/sklearn/feature_selection/_base.py:79: UserWarning: No features were selected: either the data is too noisy or the selection test too strict.
  warn("No features were selected: either the data is"
/home/yangc1/nigo0024/anaconda3/envs/sip_run_2/lib/python3.8/site-packages/sklearn/feature_selection/_base.py:79: UserWarning: No features were selected: either the data is too noisy or the selection test too strict.
  warn("No features were selected: either the data is"
/home/yangc1/nigo0024/anaconda3/envs/sip_run_2/lib/python3.8/site-packages/sklearn/feature_selection/_base.py:79: UserWarning: No features were selected: either the data is too noisy or the selection test too strict.
  warn("No features were selected: either the data is"
/home/yangc1/nigo0024/anaconda3/envs/sip_run_2/lib/python3.8/site-packages/sklearn/feature_selection/_base.py:79: UserWarning: No features were selected: either the data is too noisy or the selection test too strict.
  warn("No features were selected: either the data is"
/home/yangc1/nigo0024/anaconda3/envs/sip_run_2/lib/python3.8/site-packages/sklearn/feature_selection/_base.py:79: UserWarning: No features were selected: either the data is too noisy or the selection test too strict.
  warn("No features were selected: either the data is"
/home/yangc1/nigo0024/anaconda3/envs/sip_run_2/lib/python3.8/site-packages/sklearn/feature_selection/_base.py:79: UserWarning: No features were selected: either the data is too noisy or the selection test too strict.
  warn("No features were selected: either the data is"
/home/yangc1/nigo0024/anaconda3/envs/sip_run_2/lib/python3.8/site-packages/sklearn/feature_selection/_base.py:79: UserWarning: No features were selected: either the data is too noisy or the selection test too strict.
  warn("No features were selected: either the data is"
/home/yangc1/nigo0024/anaconda3/envs/sip_run_2/lib/python3.8/site-packages/sklearn/feature_selection/_base.py:79: UserWarning: No features were selected: either the data is too noisy or the selection test too strict.
  warn("No features were selected: either the data is"
/home/yangc1/nigo0024/anaconda3/envs/sip_run_2/lib/python3.8/site-packages/sklearn/feature_selection/_base.py:79: UserWarning: No features were selected: either the data is too noisy or the selection test too strict.
  warn("No features were selected: either the data is"
/home/yangc1/nigo0024/anaconda3/envs/sip_run_2/lib/python3.8/site-packages/sklearn/feature_selection/_base.py:79: UserWarning: No features were selected: either the data is too noisy or the selection test too strict.
  warn("No features were selected: either the data is"
/home/yangc1/nigo0024/anaconda3/envs/sip_run_2/lib/python3.8/site-packages/sklearn/feature_selection/_base.py:79: UserWarning: No features were selected: either the data is too noisy or the selection test too strict.
  warn("No features were selected: either the data is"
/home/yangc1/nigo0024/anaconda3/envs/sip_run_2/lib/python3.8/site-packages/sklearn/feature_selection/_base.py:79: UserWarning: No features were selected: either the data is too noisy or the selection test too strict.
  warn("No features were selected: either the data is"
/home/yangc1/nigo0024/anaconda3/envs/sip_run_2/lib/python3.8/site-packages/sklearn/feature_selection/_base.py:79: UserWarning: No features were selected: either the data is too noisy or the selection test too strict.
  warn("No features were selected: either the data is"
/home/yangc1/nigo0024/anaconda3/envs/sip_run_2/lib/python3.8/site-packages/sklearn/feature_selection/_base.py:79: UserWarning: No features were selected: either the data is too noisy or the selection test too strict.
  warn("No features were selected: either the data is"
/home/yangc1/nigo0024/anaconda3/envs/sip_run_2/lib/python3.8/site-packages/sklearn/feature_selection/_base.py:79: UserWarning: No features were selected: either the data is too noisy or the selection test too strict.
  warn("No features were selected: either the data is"
/home/yangc1/nigo0024/anaconda3/envs/sip_run_2/lib/python3.8/site-packages/sklearn/feature_selection/_base.py:79: UserWarning: No features were selected: either the data is too noisy or the selection test too strict.
  warn("No features were selected: either the data is"
/home/yangc1/nigo0024/anaconda3/envs/sip_run_2/lib/python3.8/site-packages/sklearn/feature_selection/_base.py:79: UserWarning: No features were selected: either the data is too noisy or the selection test too strict.
  warn("No features were selected: either the data is"
/home/yangc1/nigo0024/anaconda3/envs/sip_run_2/lib/python3.8/site-packages/sklearn/feature_selection/_base.py:79: UserWarning: No features were selected: either the data is too noisy or the selection test too strict.
  warn("No features were selected: either the data is"
/home/yangc1/nigo0024/anaconda3/envs/sip_run_2/lib/python3.8/site-packages/sklearn/feature_selection/_base.py:79: UserWarning: No features were selected: either the data is too noisy or the selection test too strict.
  warn("No features were selected: either the data is"
/home/yangc1/nigo0024/anaconda3/envs/sip_run_2/lib/python3.8/site-packages/sklearn/feature_selection/_base.py:79: UserWarning: No features were selected: either the data is too noisy or the selection test too strict.
  warn("No features were selected: either the data is"
/home/yangc1/nigo0024/anaconda3/envs/sip_run_2/lib/python3.8/site-packages/sklearn/feature_selection/_base.py:79: UserWarning: No features were selected: either the data is too noisy or the selection test too strict.
  warn("No features were selected: either the data is"
/home/yangc1/nigo0024/anaconda3/envs/sip_run_2/lib/python3.8/site-packages/sklearn/feature_selection/_base.py:79: UserWarning: No features were selected: either the data is too noisy or the selection test too strict.
  warn("No features were selected: either the data is"
/home/yangc1/nigo0024/anaconda3/envs/sip_run_2/lib/python3.8/site-packages/sklearn/feature_selection/_base.py:79: UserWarning: No features were selected: either the data is too noisy or the selection test too strict.
  warn("No features were selected: either the data is"
/home/yangc1/nigo0024/anaconda3/envs/sip_run_2/lib/python3.8/site-packages/sklearn/feature_selection/_base.py:79: UserWarning: No features were selected: either the data is too noisy or the selection test too strict.
  warn("No features were selected: either the data is"
/home/yangc1/nigo0024/anaconda3/envs/sip_run_2/lib/python3.8/site-packages/sklearn/feature_selection/_base.py:79: UserWarning: No features were selected: either the data is too noisy or the selection test too strict.
  warn("No features were selected: either the data is"
/home/yangc1/nigo0024/anaconda3/envs/sip_run_2/lib/python3.8/site-packages/sklearn/feature_selection/_base.py:79: UserWarning: No features were selected: either the data is too noisy or the selection test too strict.
  warn("No features were selected: either the data is"
/home/yangc1/nigo0024/anaconda3/envs/sip_run_2/lib/python3.8/site-packages/sklearn/feature_selection/_base.py:79: UserWarning: No features were selected: either the data is too noisy or the selection test too strict.
  warn("No features were selected: either the data is"
/home/yangc1/nigo0024/anaconda3/envs/sip_run_2/lib/python3.8/site-packages/sklearn/feature_selection/_base.py:79: UserWarning: No features were selected: either the data is too noisy or the selection test too strict.
  warn("No features were selected: either the data is"
/home/yangc1/nigo0024/anaconda3/envs/sip_run_2/lib/python3.8/site-packages/sklearn/feature_selection/_base.py:79: UserWarning: No features were selected: either the data is too noisy or the selection test too strict.
  warn("No features were selected: either the data is"
/home/yangc1/nigo0024/anaconda3/envs/sip_run_2/lib/python3.8/site-packages/sklearn/feature_selection/_base.py:79: UserWarning: No features were selected: either the data is too noisy or the selection test too strict.
  warn("No features were selected: either the data is"
/home/yangc1/nigo0024/anaconda3/envs/sip_run_2/lib/python3.8/site-packages/sklearn/feature_selection/_base.py:79: UserWarning: No features were selected: either the data is too noisy or the selection test too strict.
  warn("No features were selected: either the data is"
/home/yangc1/nigo0024/anaconda3/envs/sip_run_2/lib/python3.8/site-packages/sklearn/feature_selection/_base.py:79: UserWarning: No features were selected: either the data is too noisy or the selection test too strict.
  warn("No features were selected: either the data is"
/home/yangc1/nigo0024/anaconda3/envs/sip_run_2/lib/python3.8/site-packages/sklearn/feature_selection/_base.py:79: UserWarning: No features were selected: either the data is too noisy or the selection test too strict.
  warn("No features were selected: either the data is"
/home/yangc1/nigo0024/anaconda3/envs/sip_run_2/lib/python3.8/site-packages/sklearn/feature_selection/_base.py:79: UserWarning: No features were selected: either the data is too noisy or the selection test too strict.
  warn("No features were selected: either the data is"
/home/yangc1/nigo0024/anaconda3/envs/sip_run_2/lib/python3.8/site-packages/sklearn/feature_selection/_base.py:79: UserWarning: No features were selected: either the data is too noisy or the selection test too strict.
  warn("No features were selected: either the data is"
/home/yangc1/nigo0024/anaconda3/envs/sip_run_2/lib/python3.8/site-packages/sklearn/feature_selection/_base.py:79: UserWarning: No features were selected: either the data is too noisy or the selection test too strict.
  warn("No features were selected: either the data is"
/home/yangc1/nigo0024/anaconda3/envs/sip_run_2/lib/python3.8/site-packages/sklearn/feature_selection/_base.py:79: UserWarning: No features were selected: either the data is too noisy or the selection test too strict.
  warn("No features were selected: either the data is"
/home/yangc1/nigo0024/anaconda3/envs/sip_run_2/lib/python3.8/site-packages/sklearn/feature_selection/_base.py:79: UserWarning: No features were selected: either the data is too noisy or the selection test too strict.
  warn("No features were selected: either the data is"
/home/yangc1/nigo0024/anaconda3/envs/sip_run_2/lib/python3.8/site-packages/sklearn/feature_selection/_base.py:79: UserWarning: No features were selected: either the data is too noisy or the selection test too strict.
  warn("No features were selected: either the data is"
/home/yangc1/nigo0024/anaconda3/envs/sip_run_2/lib/python3.8/site-packages/sklearn/feature_selection/_base.py:79: UserWarning: No features were selected: either the data is too noisy or the selection test too strict.
  warn("No features were selected: either the data is"
/home/yangc1/nigo0024/anaconda3/envs/sip_run_2/lib/python3.8/site-packages/sklearn/feature_selection/_base.py:79: UserWarning: No features were selected: either the data is too noisy or the selection test too strict.
  warn("No features were selected: either the data is"
/home/yangc1/nigo0024/anaconda3/envs/sip_run_2/lib/python3.8/site-packages/sklearn/feature_selection/_base.py:79: UserWarning: No features were selected: either the data is too noisy or the selection test too strict.
  warn("No features were selected: either the data is"
/home/yangc1/nigo0024/anaconda3/envs/sip_run_2/lib/python3.8/site-packages/sklearn/feature_selection/_base.py:79: UserWarning: No features were selected: either the data is too noisy or the selection test too strict.
  warn("No features were selected: either the data is"
/home/yangc1/nigo0024/anaconda3/envs/sip_run_2/lib/python3.8/site-packages/sklearn/feature_selection/_base.py:79: UserWarning: No features were selected: either the data is too noisy or the selection test too strict.
  warn("No features were selected: either the data is"
/home/yangc1/nigo0024/anaconda3/envs/sip_run_2/lib/python3.8/site-packages/sklearn/feature_selection/_base.py:79: UserWarning: No features were selected: either the data is too noisy or the selection test too strict.
  warn("No features were selected: either the data is"
/home/yangc1/nigo0024/anaconda3/envs/sip_run_2/lib/python3.8/site-packages/sklearn/feature_selection/_base.py:79: UserWarning: No features were selected: either the data is too noisy or the selection test too strict.
  warn("No features were selected: either the data is"
/home/yangc1/nigo0024/anaconda3/envs/sip_run_2/lib/python3.8/site-packages/sklearn/feature_selection/_base.py:79: UserWarning: No features were selected: either the data is too noisy or the selection test too strict.
  warn("No features were selected: either the data is"
/home/yangc1/nigo0024/anaconda3/envs/sip_run_2/lib/python3.8/site-packages/sklearn/feature_selection/_base.py:79: UserWarning: No features were selected: either the data is too noisy or the selection test too strict.
  warn("No features were selected: either the data is"
/home/yangc1/nigo0024/anaconda3/envs/sip_run_2/lib/python3.8/site-packages/sklearn/feature_selection/_base.py:79: UserWarning: No features were selected: either the data is too noisy or the selection test too strict.
  warn("No features were selected: either the data is"
/home/yangc1/nigo0024/anaconda3/envs/sip_run_2/lib/python3.8/site-packages/sklearn/feature_selection/_base.py:79: UserWarning: No features were selected: either the data is too noisy or the selection test too strict.
  warn("No features were selected: either the data is"
/home/yangc1/nigo0024/anaconda3/envs/sip_run_2/lib/python3.8/site-packages/sklearn/feature_selection/_base.py:79: UserWarning: No features were selected: either the data is too noisy or the selection test too strict.
  warn("No features were selected: either the data is"
/home/yangc1/nigo0024/anaconda3/envs/sip_run_2/lib/python3.8/site-packages/sklearn/feature_selection/_base.py:79: UserWarning: No features were selected: either the data is too noisy or the selection test too strict.
  warn("No features were selected: either the data is"
/home/yangc1/nigo0024/anaconda3/envs/sip_run_2/lib/python3.8/site-packages/sklearn/feature_selection/_base.py:79: UserWarning: No features were selected: either the data is too noisy or the selection test too strict.
  warn("No features were selected: either the data is"
/home/yangc1/nigo0024/anaconda3/envs/sip_run_2/lib/python3.8/site-packages/sklearn/cross_decomposition/_pls.py:353: UserWarning: X scores are null at iteration 7
  warnings.warn('X scores are null at iteration %s' % k)
/home/yangc1/nigo0024/anaconda3/envs/sip_run_2/lib/python3.8/site-packages/sklearn/cross_decomposition/_pls.py:353: UserWarning: X scores are null at iteration 7
  warnings.warn('X scores are null at iteration %s' % k)
/home/yangc1/nigo0024/anaconda3/envs/sip_run_2/lib/python3.8/site-packages/sklearn/cross_decomposition/_pls.py:353: UserWarning: X scores are null at iteration 7
  warnings.warn('X scores are null at iteration %s' % k)
/home/yangc1/nigo0024/anaconda3/envs/sip_run_2/lib/python3.8/site-packages/sklearn/cross_decomposition/_pls.py:353: UserWarning: X scores are null at iteration 7
  warnings.warn('X scores are null at iteration %s' % k)
/home/yangc1/nigo0024/anaconda3/envs/sip_run_2/lib/python3.8/site-packages/sklearn/cross_decomposition/_pls.py:353: UserWarning: X scores are null at iteration 7
  warnings.warn('X scores are null at iteration %s' % k)
/home/yangc1/nigo0024/anaconda3/envs/sip_run_2/lib/python3.8/site-packages/sklearn/cross_decomposition/_pls.py:353: UserWarning: X scores are null at iteration 7
  warnings.warn('X scores are null at iteration %s' % k)
/home/yangc1/nigo0024/anaconda3/envs/sip_run_2/lib/python3.8/site-packages/sklearn/cross_decomposition/_pls.py:353: UserWarning: X scores are null at iteration 7
  warnings.warn('X scores are null at iteration %s' % k)
/home/yangc1/nigo0024/anaconda3/envs/sip_run_2/lib/python3.8/site-packages/sklearn/cross_decomposition/_pls.py:353: UserWarning: X scores are null at iteration 7
  warnings.warn('X scores are null at iteration %s' % k)
/home/yangc1/nigo0024/anaconda3/envs/sip_run_2/lib/python3.8/site-packages/sklearn/cross_decomposition/_pls.py:353: UserWarning: X scores are null at iteration 7
  warnings.warn('X scores are null at iteration %s' % k)
/home/yangc1/nigo0024/anaconda3/envs/sip_run_2/lib/python3.8/site-packages/sklearn/cross_decomposition/_pls.py:353: UserWarning: X scores are null at iteration 7
  warnings.warn('X scores are null at iteration %s' % k)
/home/yangc1/nigo0024/anaconda3/envs/sip_run_2/lib/python3.8/site-packages/sklearn/cross_decomposition/_pls.py:353: UserWarning: X scores are null at iteration 7
  warnings.warn('X scores are null at iteration %s' % k)
/home/yangc1/nigo0024/anaconda3/envs/sip_run_2/lib/python3.8/site-packages/sklearn/cross_decomposition/_pls.py:353: UserWarning: X scores are null at iteration 7
  warnings.warn('X scores are null at iteration %s' % k)
/home/yangc1/nigo0024/anaconda3/envs/sip_run_2/lib/python3.8/site-packages/sklearn/feature_selection/_base.py:79: UserWarning: No features were selected: either the data is too noisy or the selection test too strict.
  warn("No features were selected: either the data is"
/home/yangc1/nigo0024/anaconda3/envs/sip_run_2/lib/python3.8/site-packages/sklearn/feature_selection/_base.py:79: UserWarning: No features were selected: either the data is too noisy or the selection test too strict.
  warn("No features were selected: either the data is"
/home/yangc1/nigo0024/anaconda3/envs/sip_run_2/lib/python3.8/site-packages/sklearn/feature_selection/_base.py:79: UserWarning: No features were selected: either the data is too noisy or the selection test too strict.
  warn("No features were selected: either the data is"
/home/yangc1/nigo0024/anaconda3/envs/sip_run_2/lib/python3.8/site-packages/sklearn/feature_selection/_base.py:79: UserWarning: No features were selected: either the data is too noisy or the selection test too strict.
  warn("No features were selected: either the data is"
/home/yangc1/nigo0024/anaconda3/envs/sip_run_2/lib/python3.8/site-packages/sklearn/feature_selection/_base.py:79: UserWarning: No features were selected: either the data is too noisy or the selection test too strict.
  warn("No features were selected: either the data is"
/home/yangc1/nigo0024/anaconda3/envs/sip_run_2/lib/python3.8/site-packages/sklearn/feature_selection/_base.py:79: UserWarning: No features were selected: either the data is too noisy or the selection test too strict.
  warn("No features were selected: either the data is"
/home/yangc1/nigo0024/anaconda3/envs/sip_run_2/lib/python3.8/site-packages/sklearn/feature_selection/_base.py:79: UserWarning: No features were selected: either the data is too noisy or the selection test too strict.
  warn("No features were selected: either the data is"
/home/yangc1/nigo0024/anaconda3/envs/sip_run_2/lib/python3.8/site-packages/sklearn/feature_selection/_base.py:79: UserWarning: No features were selected: either the data is too noisy or the selection test too strict.
  warn("No features were selected: either the data is"
/home/yangc1/nigo0024/anaconda3/envs/sip_run_2/lib/python3.8/site-packages/sklearn/feature_selection/_base.py:79: UserWarning: No features were selected: either the data is too noisy or the selection test too strict.
  warn("No features were selected: either the data is"
/home/yangc1/nigo0024/anaconda3/envs/sip_run_2/lib/python3.8/site-packages/sklearn/feature_selection/_base.py:79: UserWarning: No features were selected: either the data is too noisy or the selection test too strict.
  warn("No features were selected: either the data is"
/home/yangc1/nigo0024/anaconda3/envs/sip_run_2/lib/python3.8/site-packages/sklearn/feature_selection/_base.py:79: UserWarning: No features were selected: either the data is too noisy or the selection test too strict.
  warn("No features were selected: either the data is"
/home/yangc1/nigo0024/anaconda3/envs/sip_run_2/lib/python3.8/site-packages/sklearn/feature_selection/_base.py:79: UserWarning: No features were selected: either the data is too noisy or the selection test too strict.
  warn("No features were selected: either the data is"
/home/yangc1/nigo0024/anaconda3/envs/sip_run_2/lib/python3.8/site-packages/sklearn/feature_selection/_base.py:79: UserWarning: No features were selected: either the data is too noisy or the selection test too strict.
  warn("No features were selected: either the data is"
/home/yangc1/nigo0024/anaconda3/envs/sip_run_2/lib/python3.8/site-packages/sklearn/feature_selection/_base.py:79: UserWarning: No features were selected: either the data is too noisy or the selection test too strict.
  warn("No features were selected: either the data is"
/home/yangc1/nigo0024/anaconda3/envs/sip_run_2/lib/python3.8/site-packages/sklearn/feature_selection/_base.py:79: UserWarning: No features were selected: either the data is too noisy or the selection test too strict.
  warn("No features were selected: either the data is"
/home/yangc1/nigo0024/anaconda3/envs/sip_run_2/lib/python3.8/site-packages/sklearn/feature_selection/_base.py:79: UserWarning: No features were selected: either the data is too noisy or the selection test too strict.
  warn("No features were selected: either the data is"
/home/yangc1/nigo0024/anaconda3/envs/sip_run_2/lib/python3.8/site-packages/sklearn/feature_selection/_base.py:79: UserWarning: No features were selected: either the data is too noisy or the selection test too strict.
  warn("No features were selected: either the data is"
/home/yangc1/nigo0024/anaconda3/envs/sip_run_2/lib/python3.8/site-packages/sklearn/feature_selection/_base.py:79: UserWarning: No features were selected: either the data is too noisy or the selection test too strict.
  warn("No features were selected: either the data is"
/home/yangc1/nigo0024/anaconda3/envs/sip_run_2/lib/python3.8/site-packages/sklearn/feature_selection/_base.py:79: UserWarning: No features were selected: either the data is too noisy or the selection test too strict.
  warn("No features were selected: either the data is"
/home/yangc1/nigo0024/anaconda3/envs/sip_run_2/lib/python3.8/site-packages/sklearn/feature_selection/_base.py:79: UserWarning: No features were selected: either the data is too noisy or the selection test too strict.
  warn("No features were selected: either the data is"
/home/yangc1/nigo0024/anaconda3/envs/sip_run_2/lib/python3.8/site-packages/sklearn/feature_selection/_base.py:79: UserWarning: No features were selected: either the data is too noisy or the selection test too strict.
  warn("No features were selected: either the data is"
/home/yangc1/nigo0024/anaconda3/envs/sip_run_2/lib/python3.8/site-packages/sklearn/feature_selection/_base.py:79: UserWarning: No features were selected: either the data is too noisy or the selection test too strict.
  warn("No features were selected: either the data is"
/home/yangc1/nigo0024/anaconda3/envs/sip_run_2/lib/python3.8/site-packages/sklearn/feature_selection/_base.py:79: UserWarning: No features were selected: either the data is too noisy or the selection test too strict.
  warn("No features were selected: either the data is"
/home/yangc1/nigo0024/anaconda3/envs/sip_run_2/lib/python3.8/site-packages/sklearn/feature_selection/_base.py:79: UserWarning: No features were selected: either the data is too noisy or the selection test too strict.
  warn("No features were selected: either the data is"
/home/yangc1/nigo0024/anaconda3/envs/sip_run_2/lib/python3.8/site-packages/sklearn/feature_selection/_base.py:79: UserWarning: No features were selected: either the data is too noisy or the selection test too strict.
  warn("No features were selected: either the data is"
/home/yangc1/nigo0024/anaconda3/envs/sip_run_2/lib/python3.8/site-packages/sklearn/feature_selection/_base.py:79: UserWarning: No features were selected: either the data is too noisy or the selection test too strict.
  warn("No features were selected: either the data is"
/home/yangc1/nigo0024/anaconda3/envs/sip_run_2/lib/python3.8/site-packages/sklearn/feature_selection/_base.py:79: UserWarning: No features were selected: either the data is too noisy or the selection test too strict.
  warn("No features were selected: either the data is"
/home/yangc1/nigo0024/anaconda3/envs/sip_run_2/lib/python3.8/site-packages/sklearn/feature_selection/_base.py:79: UserWarning: No features were selected: either the data is too noisy or the selection test too strict.
  warn("No features were selected: either the data is"
/home/yangc1/nigo0024/anaconda3/envs/sip_run_2/lib/python3.8/site-packages/sklearn/feature_selection/_base.py:79: UserWarning: No features were selected: either the data is too noisy or the selection test too strict.
  warn("No features were selected: either the data is"
/home/yangc1/nigo0024/anaconda3/envs/sip_run_2/lib/python3.8/site-packages/sklearn/feature_selection/_base.py:79: UserWarning: No features were selected: either the data is too noisy or the selection test too strict.
  warn("No features were selected: either the data is"
/home/yangc1/nigo0024/anaconda3/envs/sip_run_2/lib/python3.8/site-packages/sklearn/feature_selection/_base.py:79: UserWarning: No features were selected: either the data is too noisy or the selection test too strict.
  warn("No features were selected: either the data is"
/home/yangc1/nigo0024/anaconda3/envs/sip_run_2/lib/python3.8/site-packages/sklearn/feature_selection/_base.py:79: UserWarning: No features were selected: either the data is too noisy or the selection test too strict.
  warn("No features were selected: either the data is"
/home/yangc1/nigo0024/anaconda3/envs/sip_run_2/lib/python3.8/site-packages/sklearn/feature_selection/_base.py:79: UserWarning: No features were selected: either the data is too noisy or the selection test too strict.
  warn("No features were selected: either the data is"
/home/yangc1/nigo0024/anaconda3/envs/sip_run_2/lib/python3.8/site-packages/sklearn/feature_selection/_base.py:79: UserWarning: No features were selected: either the data is too noisy or the selection test too strict.
  warn("No features were selected: either the data is"
/home/yangc1/nigo0024/anaconda3/envs/sip_run_2/lib/python3.8/site-packages/sklearn/feature_selection/_base.py:79: UserWarning: No features were selected: either the data is too noisy or the selection test too strict.
  warn("No features were selected: either the data is"
/home/yangc1/nigo0024/anaconda3/envs/sip_run_2/lib/python3.8/site-packages/sklearn/feature_selection/_base.py:79: UserWarning: No features were selected: either the data is too noisy or the selection test too strict.
  warn("No features were selected: either the data is"
/home/yangc1/nigo0024/anaconda3/envs/sip_run_2/lib/python3.8/site-packages/sklearn/feature_selection/_base.py:79: UserWarning: No features were selected: either the data is too noisy or the selection test too strict.
  warn("No features were selected: either the data is"
/home/yangc1/nigo0024/anaconda3/envs/sip_run_2/lib/python3.8/site-packages/sklearn/feature_selection/_base.py:79: UserWarning: No features were selected: either the data is too noisy or the selection test too strict.
  warn("No features were selected: either the data is"
/home/yangc1/nigo0024/anaconda3/envs/sip_run_2/lib/python3.8/site-packages/sklearn/feature_selection/_base.py:79: UserWarning: No features were selected: either the data is too noisy or the selection test too strict.
  warn("No features were selected: either the data is"
/home/yangc1/nigo0024/anaconda3/envs/sip_run_2/lib/python3.8/site-packages/sklearn/feature_selection/_base.py:79: UserWarning: No features were selected: either the data is too noisy or the selection test too strict.
  warn("No features were selected: either the data is"
/home/yangc1/nigo0024/anaconda3/envs/sip_run_2/lib/python3.8/site-packages/sklearn/feature_selection/_base.py:79: UserWarning: No features were selected: either the data is too noisy or the selection test too strict.
  warn("No features were selected: either the data is"
/home/yangc1/nigo0024/anaconda3/envs/sip_run_2/lib/python3.8/site-packages/sklearn/feature_selection/_base.py:79: UserWarning: No features were selected: either the data is too noisy or the selection test too strict.
  warn("No features were selected: either the data is"
/home/yangc1/nigo0024/anaconda3/envs/sip_run_2/lib/python3.8/site-packages/sklearn/feature_selection/_base.py:79: UserWarning: No features were selected: either the data is too noisy or the selection test too strict.
  warn("No features were selected: either the data is"
/home/yangc1/nigo0024/anaconda3/envs/sip_run_2/lib/python3.8/site-packages/sklearn/feature_selection/_base.py:79: UserWarning: No features were selected: either the data is too noisy or the selection test too strict.
  warn("No features were selected: either the data is"
/home/yangc1/nigo0024/anaconda3/envs/sip_run_2/lib/python3.8/site-packages/sklearn/feature_selection/_base.py:79: UserWarning: No features were selected: either the data is too noisy or the selection test too strict.
  warn("No features were selected: either the data is"
/home/yangc1/nigo0024/anaconda3/envs/sip_run_2/lib/python3.8/site-packages/sklearn/feature_selection/_base.py:79: UserWarning: No features were selected: either the data is too noisy or the selection test too strict.
  warn("No features were selected: either the data is"
/home/yangc1/nigo0024/anaconda3/envs/sip_run_2/lib/python3.8/site-packages/sklearn/feature_selection/_base.py:79: UserWarning: No features were selected: either the data is too noisy or the selection test too strict.
  warn("No features were selected: either the data is"
/home/yangc1/nigo0024/anaconda3/envs/sip_run_2/lib/python3.8/site-packages/sklearn/feature_selection/_base.py:79: UserWarning: No features were selected: either the data is too noisy or the selection test too strict.
  warn("No features were selected: either the data is"
/home/yangc1/nigo0024/anaconda3/envs/sip_run_2/lib/python3.8/site-packages/sklearn/feature_selection/_base.py:79: UserWarning: No features were selected: either the data is too noisy or the selection test too strict.
  warn("No features were selected: either the data is"
/home/yangc1/nigo0024/anaconda3/envs/sip_run_2/lib/python3.8/site-packages/sklearn/feature_selection/_base.py:79: UserWarning: No features were selected: either the data is too noisy or the selection test too strict.
  warn("No features were selected: either the data is"
/home/yangc1/nigo0024/anaconda3/envs/sip_run_2/lib/python3.8/site-packages/sklearn/feature_selection/_base.py:79: UserWarning: No features were selected: either the data is too noisy or the selection test too strict.
  warn("No features were selected: either the data is"
/home/yangc1/nigo0024/anaconda3/envs/sip_run_2/lib/python3.8/site-packages/sklearn/feature_selection/_base.py:79: UserWarning: No features were selected: either the data is too noisy or the selection test too strict.
  warn("No features were selected: either the data is"
/home/yangc1/nigo0024/anaconda3/envs/sip_run_2/lib/python3.8/site-packages/sklearn/feature_selection/_base.py:79: UserWarning: No features were selected: either the data is too noisy or the selection test too strict.
  warn("No features were selected: either the data is"
/home/yangc1/nigo0024/anaconda3/envs/sip_run_2/lib/python3.8/site-packages/sklearn/feature_selection/_base.py:79: UserWarning: No features were selected: either the data is too noisy or the selection test too strict.
  warn("No features were selected: either the data is"
/home/yangc1/nigo0024/anaconda3/envs/sip_run_2/lib/python3.8/site-packages/sklearn/feature_selection/_base.py:79: UserWarning: No features were selected: either the data is too noisy or the selection test too strict.
  warn("No features were selected: either the data is"
/home/yangc1/nigo0024/anaconda3/envs/sip_run_2/lib/python3.8/site-packages/sklearn/feature_selection/_base.py:79: UserWarning: No features were selected: either the data is too noisy or the selection test too strict.
  warn("No features were selected: either the data is"
/home/yangc1/nigo0024/anaconda3/envs/sip_run_2/lib/python3.8/site-packages/sklearn/feature_selection/_base.py:79: UserWarning: No features were selected: either the data is too noisy or the selection test too strict.
  warn("No features were selected: either the data is"
/home/yangc1/nigo0024/anaconda3/envs/sip_run_2/lib/python3.8/site-packages/sklearn/feature_selection/_base.py:79: UserWarning: No features were selected: either the data is too noisy or the selection test too strict.
  warn("No features were selected: either the data is"
/home/yangc1/nigo0024/anaconda3/envs/sip_run_2/lib/python3.8/site-packages/sklearn/feature_selection/_base.py:79: UserWarning: No features were selected: either the data is too noisy or the selection test too strict.
  warn("No features were selected: either the data is"
/home/yangc1/nigo0024/anaconda3/envs/sip_run_2/lib/python3.8/site-packages/sklearn/feature_selection/_base.py:79: UserWarning: No features were selected: either the data is too noisy or the selection test too strict.
  warn("No features were selected: either the data is"
/home/yangc1/nigo0024/anaconda3/envs/sip_run_2/lib/python3.8/site-packages/sklearn/feature_selection/_base.py:79: UserWarning: No features were selected: either the data is too noisy or the selection test too strict.
  warn("No features were selected: either the data is"
/home/yangc1/nigo0024/anaconda3/envs/sip_run_2/lib/python3.8/site-packages/sklearn/feature_selection/_base.py:79: UserWarning: No features were selected: either the data is too noisy or the selection test too strict.
  warn("No features were selected: either the data is"
/home/yangc1/nigo0024/anaconda3/envs/sip_run_2/lib/python3.8/site-packages/sklearn/feature_selection/_base.py:79: UserWarning: No features were selected: either the data is too noisy or the selection test too strict.
  warn("No features were selected: either the data is"
/home/yangc1/nigo0024/anaconda3/envs/sip_run_2/lib/python3.8/site-packages/sklearn/feature_selection/_base.py:79: UserWarning: No features were selected: either the data is too noisy or the selection test too strict.
  warn("No features were selected: either the data is"
/home/yangc1/nigo0024/anaconda3/envs/sip_run_2/lib/python3.8/site-packages/sklearn/feature_selection/_base.py:79: UserWarning: No features were selected: either the data is too noisy or the selection test too strict.
  warn("No features were selected: either the data is"
/home/yangc1/nigo0024/anaconda3/envs/sip_run_2/lib/python3.8/site-packages/sklearn/feature_selection/_base.py:79: UserWarning: No features were selected: either the data is too noisy or the selection test too strict.
  warn("No features were selected: either the data is"
/home/yangc1/nigo0024/anaconda3/envs/sip_run_2/lib/python3.8/site-packages/sklearn/feature_selection/_base.py:79: UserWarning: No features were selected: either the data is too noisy or the selection test too strict.
  warn("No features were selected: either the data is"
/home/yangc1/nigo0024/anaconda3/envs/sip_run_2/lib/python3.8/site-packages/sklearn/feature_selection/_base.py:79: UserWarning: No features were selected: either the data is too noisy or the selection test too strict.
  warn("No features were selected: either the data is"
/home/yangc1/nigo0024/anaconda3/envs/sip_run_2/lib/python3.8/site-packages/sklearn/feature_selection/_base.py:79: UserWarning: No features were selected: either the data is too noisy or the selection test too strict.
  warn("No features were selected: either the data is"
/home/yangc1/nigo0024/anaconda3/envs/sip_run_2/lib/python3.8/site-packages/sklearn/feature_selection/_base.py:79: UserWarning: No features were selected: either the data is too noisy or the selection test too strict.
  warn("No features were selected: either the data is"
/home/yangc1/nigo0024/anaconda3/envs/sip_run_2/lib/python3.8/site-packages/sklearn/feature_selection/_base.py:79: UserWarning: No features were selected: either the data is too noisy or the selection test too strict.
  warn("No features were selected: either the data is"
/home/yangc1/nigo0024/anaconda3/envs/sip_run_2/lib/python3.8/site-packages/sklearn/feature_selection/_base.py:79: UserWarning: No features were selected: either the data is too noisy or the selection test too strict.
  warn("No features were selected: either the data is"
/home/yangc1/nigo0024/anaconda3/envs/sip_run_2/lib/python3.8/site-packages/sklearn/feature_selection/_base.py:79: UserWarning: No features were selected: either the data is too noisy or the selection test too strict.
  warn("No features were selected: either the data is"
/home/yangc1/nigo0024/anaconda3/envs/sip_run_2/lib/python3.8/site-packages/sklearn/feature_selection/_base.py:79: UserWarning: No features were selected: either the data is too noisy or the selection test too strict.
  warn("No features were selected: either the data is"
/home/yangc1/nigo0024/anaconda3/envs/sip_run_2/lib/python3.8/site-packages/sklearn/feature_selection/_base.py:79: UserWarning: No features were selected: either the data is too noisy or the selection test too strict.
  warn("No features were selected: either the data is"
/home/yangc1/nigo0024/anaconda3/envs/sip_run_2/lib/python3.8/site-packages/sklearn/feature_selection/_base.py:79: UserWarning: No features were selected: either the data is too noisy or the selection test too strict.
  warn("No features were selected: either the data is"
/home/yangc1/nigo0024/anaconda3/envs/sip_run_2/lib/python3.8/site-packages/sklearn/feature_selection/_base.py:79: UserWarning: No features were selected: either the data is too noisy or the selection test too strict.
  warn("No features were selected: either the data is"
/home/yangc1/nigo0024/anaconda3/envs/sip_run_2/lib/python3.8/site-packages/sklearn/feature_selection/_base.py:79: UserWarning: No features were selected: either the data is too noisy or the selection test too strict.
  warn("No features were selected: either the data is"
/home/yangc1/nigo0024/anaconda3/envs/sip_run_2/lib/python3.8/site-packages/sklearn/feature_selection/_base.py:79: UserWarning: No features were selected: either the data is too noisy or the selection test too strict.
  warn("No features were selected: either the data is"
/home/yangc1/nigo0024/anaconda3/envs/sip_run_2/lib/python3.8/site-packages/sklearn/feature_selection/_base.py:79: UserWarning: No features were selected: either the data is too noisy or the selection test too strict.
  warn("No features were selected: either the data is"
/home/yangc1/nigo0024/anaconda3/envs/sip_run_2/lib/python3.8/site-packages/sklearn/feature_selection/_base.py:79: UserWarning: No features were selected: either the data is too noisy or the selection test too strict.
  warn("No features were selected: either the data is"
/home/yangc1/nigo0024/anaconda3/envs/sip_run_2/lib/python3.8/site-packages/sklearn/feature_selection/_base.py:79: UserWarning: No features were selected: either the data is too noisy or the selection test too strict.
  warn("No features were selected: either the data is"
/home/yangc1/nigo0024/anaconda3/envs/sip_run_2/lib/python3.8/site-packages/sklearn/feature_selection/_base.py:79: UserWarning: No features were selected: either the data is too noisy or the selection test too strict.
  warn("No features were selected: either the data is"
/home/yangc1/nigo0024/anaconda3/envs/sip_run_2/lib/python3.8/site-packages/sklearn/feature_selection/_base.py:79: UserWarning: No features were selected: either the data is too noisy or the selection test too strict.
  warn("No features were selected: either the data is"
/home/yangc1/nigo0024/anaconda3/envs/sip_run_2/lib/python3.8/site-packages/sklearn/feature_selection/_base.py:79: UserWarning: No features were selected: either the data is too noisy or the selection test too strict.
  warn("No features were selected: either the data is"
/home/yangc1/nigo0024/anaconda3/envs/sip_run_2/lib/python3.8/site-packages/sklearn/feature_selection/_base.py:79: UserWarning: No features were selected: either the data is too noisy or the selection test too strict.
  warn("No features were selected: either the data is"
/home/yangc1/nigo0024/anaconda3/envs/sip_run_2/lib/python3.8/site-packages/sklearn/feature_selection/_base.py:79: UserWarning: No features were selected: either the data is too noisy or the selection test too strict.
  warn("No features were selected: either the data is"
/home/yangc1/nigo0024/anaconda3/envs/sip_run_2/lib/python3.8/site-packages/sklearn/feature_selection/_base.py:79: UserWarning: No features were selected: either the data is too noisy or the selection test too strict.
  warn("No features were selected: either the data is"
/home/yangc1/nigo0024/anaconda3/envs/sip_run_2/lib/python3.8/site-packages/sklearn/feature_selection/_base.py:79: UserWarning: No features were selected: either the data is too noisy or the selection test too strict.
  warn("No features were selected: either the data is"
/home/yangc1/nigo0024/anaconda3/envs/sip_run_2/lib/python3.8/site-packages/sklearn/feature_selection/_base.py:79: UserWarning: No features were selected: either the data is too noisy or the selection test too strict.
  warn("No features were selected: either the data is"
/home/yangc1/nigo0024/anaconda3/envs/sip_run_2/lib/python3.8/site-packages/sklearn/feature_selection/_base.py:79: UserWarning: No features were selected: either the data is too noisy or the selection test too strict.
  warn("No features were selected: either the data is"
/home/yangc1/nigo0024/anaconda3/envs/sip_run_2/lib/python3.8/site-packages/sklearn/feature_selection/_base.py:79: UserWarning: No features were selected: either the data is too noisy or the selection test too strict.
  warn("No features were selected: either the data is"
/home/yangc1/nigo0024/anaconda3/envs/sip_run_2/lib/python3.8/site-packages/sklearn/feature_selection/_base.py:79: UserWarning: No features were selected: either the data is too noisy or the selection test too strict.
  warn("No features were selected: either the data is"
/home/yangc1/nigo0024/anaconda3/envs/sip_run_2/lib/python3.8/site-packages/sklearn/feature_selection/_base.py:79: UserWarning: No features were selected: either the data is too noisy or the selection test too strict.
  warn("No features were selected: either the data is"
/home/yangc1/nigo0024/anaconda3/envs/sip_run_2/lib/python3.8/site-packages/sklearn/feature_selection/_base.py:79: UserWarning: No features were selected: either the data is too noisy or the selection test too strict.
  warn("No features were selected: either the data is"
/home/yangc1/nigo0024/anaconda3/envs/sip_run_2/lib/python3.8/site-packages/sklearn/feature_selection/_base.py:79: UserWarning: No features were selected: either the data is too noisy or the selection test too strict.
  warn("No features were selected: either the data is"
/home/yangc1/nigo0024/anaconda3/envs/sip_run_2/lib/python3.8/site-packages/sklearn/feature_selection/_base.py:79: UserWarning: No features were selected: either the data is too noisy or the selection test too strict.
  warn("No features were selected: either the data is"
/home/yangc1/nigo0024/anaconda3/envs/sip_run_2/lib/python3.8/site-packages/sklearn/feature_selection/_base.py:79: UserWarning: No features were selected: either the data is too noisy or the selection test too strict.
  warn("No features were selected: either the data is"
/home/yangc1/nigo0024/anaconda3/envs/sip_run_2/lib/python3.8/site-packages/sklearn/feature_selection/_base.py:79: UserWarning: No features were selected: either the data is too noisy or the selection test too strict.
  warn("No features were selected: either the data is"
/home/yangc1/nigo0024/anaconda3/envs/sip_run_2/lib/python3.8/site-packages/sklearn/feature_selection/_base.py:79: UserWarning: No features were selected: either the data is too noisy or the selection test too strict.
  warn("No features were selected: either the data is"
/home/yangc1/nigo0024/anaconda3/envs/sip_run_2/lib/python3.8/site-packages/sklearn/feature_selection/_base.py:79: UserWarning: No features were selected: either the data is too noisy or the selection test too strict.
  warn("No features were selected: either the data is"
/home/yangc1/nigo0024/anaconda3/envs/sip_run_2/lib/python3.8/site-packages/sklearn/feature_selection/_base.py:79: UserWarning: No features were selected: either the data is too noisy or the selection test too strict.
  warn("No features were selected: either the data is"
/home/yangc1/nigo0024/anaconda3/envs/sip_run_2/lib/python3.8/site-packages/sklearn/feature_selection/_base.py:79: UserWarning: No features were selected: either the data is too noisy or the selection test too strict.
  warn("No features were selected: either the data is"
All processing scenarios are finished. Exiting program.
