Skipping past idx_grix 0...
Skipping past idx_grix 1...
Skipping past idx_grix 2...
Skipping past idx_grix 3...
Skipping past idx_grix 4...
Skipping past idx_grix 5...
Skipping past idx_grix 6...
Skipping past idx_grix 7...
Skipping past idx_grix 8...
Skipping past idx_grix 9...
Skipping past idx_grix 10...
Skipping past idx_grix 11...
Skipping past idx_grix 12...
Skipping past idx_grix 13...
Skipping past idx_grix 14...
Skipping past idx_grix 15...
Skipping past idx_grix 16...
Skipping past idx_grix 17...
Skipping past idx_grix 18...
Skipping past idx_grix 19...
Skipping past idx_grix 20...
Skipping past idx_grix 21...
Skipping past idx_grix 22...
Skipping past idx_grix 23...
Skipping past idx_grix 24...
Skipping past idx_grix 25...
Skipping past idx_grix 26...
Skipping past idx_grix 27...
Skipping past idx_grix 28...
Skipping past idx_grix 29...
Skipping past idx_grix 30...
Skipping past idx_grix 31...
Skipping past idx_grix 32...
Skipping past idx_grix 33...
Skipping past idx_grix 34...
Skipping past idx_grix 35...
Skipping past idx_grix 36...
Skipping past idx_grix 37...
Skipping past idx_grix 38...

Processing scenario ID: 39
Panels type: ref_closest_panel
Crop type: crop_plot
Clip type: nan
Smooth type: {'window_size': 11, 'order': 2}
Bin type: {'method': 'spectral_mimic', 'sensor': 'sentinel-2a'}
Segment type: {'method': 'mcari2', 'wl1': [800], 'wl2': [670], 'wl3': [550], 'mask_percentile': 50, 'mask_side': 'lower'}

Response variable: biomass_kgha
Number of observations: 407

Feature set: reflectance

Writing mean spectra to a ``pandas.DataFrame``.
Number of input datacubes/spectra: 835
Using up to 9 selected features

Hyperparameter tuning...

Number of features: 1
Trimming excess components in <param_grid>...
Number of features: 2
Trimming excess components in <param_grid>...
Number of features: 3
Trimming excess components in <param_grid>...
Number of features: 4
Trimming excess components in <param_grid>...
Number of features: 5
Trimming excess components in <param_grid>...
Number of features: 5
Trimming excess components in <param_grid>...
Number of features: 6
Trimming excess components in <param_grid>...
Number of features: 6
Trimming excess components in <param_grid>...
Number of features: 7
Trimming excess components in <param_grid>...
Number of features: 9
Trimming excess components in <param_grid>...
Number of features: 8
Trimming excess components in <param_grid>...
Testing...

GLOBUS TRANSFER task_id: 95677fc0-29a2-11eb-b53b-02d9497ca481
Waiting for transfer 95677fc0-29a2-11eb-b53b-02d9497ca481 to complete...
DONE.
GLOBUS DELETE task_id: b3b332f8-29a2-11eb-b53b-02d9497ca481

Processing scenario ID: 40
Panels type: ref_closest_panel
Crop type: crop_plot
Clip type: nan
Smooth type: {'window_size': 11, 'order': 2}
Bin type: {'method': 'spectral_mimic', 'sensor': 'sentinel-2a'}
Segment type: {'method': 'mcari2', 'wl1': [800], 'wl2': [670], 'wl3': [550], 'mask_percentile': 50, 'mask_side': 'upper'}

Response variable: biomass_kgha
Number of observations: 407

Feature set: reflectance

Writing mean spectra to a ``pandas.DataFrame``.
Number of input datacubes/spectra: 835
Using up to 9 selected features

Hyperparameter tuning...

Number of features: 6
Trimming excess components in <param_grid>...
Number of features: 3
Trimming excess components in <param_grid>...
Number of features: 4
Trimming excess components in <param_grid>...
Number of features: 3
Trimming excess components in <param_grid>...
Number of features: 3
Trimming excess components in <param_grid>...
Number of features: 8
Trimming excess components in <param_grid>...
Number of features: 5
Trimming excess components in <param_grid>...
Number of features: 5
Trimming excess components in <param_grid>...
Number of features: 4
Trimming excess components in <param_grid>...
Number of features: 7
Trimming excess components in <param_grid>...
Number of features: 4
Trimming excess components in <param_grid>...
Number of features: 8
Trimming excess components in <param_grid>...
Number of features: 7
Trimming excess components in <param_grid>...
Number of features: 2
Trimming excess components in <param_grid>...
Number of features: 3
Trimming excess components in <param_grid>...
Number of features: 2
Trimming excess components in <param_grid>...
Number of features: 6
Trimming excess components in <param_grid>...
Number of features: 8
Trimming excess components in <param_grid>...
Number of features: 6
Trimming excess components in <param_grid>...
Number of features: 3
Trimming excess components in <param_grid>...
Number of features: 9
Trimming excess components in <param_grid>...
Number of features: 7
Trimming excess components in <param_grid>...
Number of features: 5
Trimming excess components in <param_grid>...
Number of features: 4
Trimming excess components in <param_grid>...
Number of features: 1
Trimming excess components in <param_grid>...
Number of features: 8
Trimming excess components in <param_grid>...
Testing...

GLOBUS TRANSFER task_id: cf77b4dc-29a2-11eb-b165-0ee0d5d9299f
Waiting for transfer cf77b4dc-29a2-11eb-b165-0ee0d5d9299f to complete...
Transfer cf77b4dc-29a2-11eb-b165-0ee0d5d9299f has not yet finished; transfer submitted 1 minute(s) ago
DONE.
GLOBUS DELETE task_id: 062d3704-29a3-11eb-b165-0ee0d5d9299f

Processing scenario ID: 41
Panels type: ref_closest_panel
Crop type: crop_plot
Clip type: nan
Smooth type: {'window_size': 11, 'order': 2}
Bin type: {'method': 'spectral_mimic', 'sensor': 'sentinel-2a'}
Segment type: {'method': 'mcari2', 'wl1': [800], 'wl2': [670], 'wl3': [550], 'mask_percentile': 90, 'mask_side': 'lower'}

Response variable: biomass_kgha
Number of observations: 407

Feature set: reflectance

Writing mean spectra to a ``pandas.DataFrame``.
Number of input datacubes/spectra: 835
Using up to 9 selected features

Hyperparameter tuning...

Number of features: 2
Trimming excess components in <param_grid>...
Number of features: 1
Trimming excess components in <param_grid>...
Number of features: 6
Trimming excess components in <param_grid>...
Number of features: 3
Trimming excess components in <param_grid>...
Number of features: 5
Trimming excess components in <param_grid>...
Number of features: 9
Trimming excess components in <param_grid>...
Number of features: 8
Trimming excess components in <param_grid>...
Number of features: 5
Trimming excess components in <param_grid>...
Number of features: 4
Trimming excess components in <param_grid>...
Number of features: 7
Trimming excess components in <param_grid>...
Testing...

GLOBUS TRANSFER task_id: 1db485da-29a3-11eb-b53b-02d9497ca481
Waiting for transfer 1db485da-29a3-11eb-b53b-02d9497ca481 to complete...
Transfer 1db485da-29a3-11eb-b53b-02d9497ca481 has not yet finished; transfer submitted 1 minute(s) ago
Transfer 1db485da-29a3-11eb-b53b-02d9497ca481 has not yet finished; transfer submitted 2 minute(s) ago
Transfer 1db485da-29a3-11eb-b53b-02d9497ca481 has not yet finished; transfer submitted 3 minute(s) ago
Transfer 1db485da-29a3-11eb-b53b-02d9497ca481 has not yet finished; transfer submitted 4 minute(s) ago
DONE.
GLOBUS DELETE task_id: d35c8428-29a3-11eb-b53b-02d9497ca481
Skipping past idx_grix 0...
Skipping past idx_grix 1...
Skipping past idx_grix 2...
Skipping past idx_grix 3...
Skipping past idx_grix 4...
Skipping past idx_grix 5...
Skipping past idx_grix 6...
Skipping past idx_grix 7...
Skipping past idx_grix 8...
Skipping past idx_grix 9...
Skipping past idx_grix 10...
Skipping past idx_grix 11...
Skipping past idx_grix 12...
Skipping past idx_grix 13...
Skipping past idx_grix 14...
Skipping past idx_grix 15...
Skipping past idx_grix 16...
Skipping past idx_grix 17...
Skipping past idx_grix 18...
Skipping past idx_grix 19...
Skipping past idx_grix 20...
Skipping past idx_grix 21...
Skipping past idx_grix 22...
Skipping past idx_grix 23...
Skipping past idx_grix 24...
Skipping past idx_grix 25...
Skipping past idx_grix 26...
Skipping past idx_grix 27...
Skipping past idx_grix 28...
Skipping past idx_grix 29...
Skipping past idx_grix 30...
Skipping past idx_grix 31...
Skipping past idx_grix 32...
Skipping past idx_grix 33...
Skipping past idx_grix 34...
Skipping past idx_grix 35...
Skipping past idx_grix 36...
Skipping past idx_grix 37...
Skipping past idx_grix 38...

Processing scenario ID: 39
Panels type: ref_closest_panel
Crop type: crop_plot
Clip type: nan
Smooth type: {'window_size': 11, 'order': 2}
Bin type: {'method': 'spectral_mimic', 'sensor': 'sentinel-2a'}
Segment type: {'method': 'mcari2', 'wl1': [800], 'wl2': [670], 'wl3': [550], 'mask_percentile': 50, 'mask_side': 'lower'}

Response variable: nup_kgha
Number of observations: 407

Feature set: reflectance

Writing mean spectra to a ``pandas.DataFrame``.
Number of input datacubes/spectra: 835
Using up to 9 selected features

Hyperparameter tuning...

Number of features: 1
Trimming excess components in <param_grid>...
Number of features: 2
Trimming excess components in <param_grid>...
Number of features: 4
Trimming excess components in <param_grid>...
Number of features: 6
Trimming excess components in <param_grid>...
Number of features: 7
Trimming excess components in <param_grid>...
Number of features: 5
Trimming excess components in <param_grid>...
Number of features: 5
Trimming excess components in <param_grid>...
Number of features: 9
Trimming excess components in <param_grid>...
Number of features: 8
Trimming excess components in <param_grid>...
Number of features: 8
Trimming excess components in <param_grid>...
Number of features: 3
Trimming excess components in <param_grid>...
Testing...

GLOBUS TRANSFER task_id: e8e3eade-29a3-11eb-8fc0-0a34088e79f9
Waiting for transfer e8e3eade-29a3-11eb-8fc0-0a34088e79f9 to complete...
Transfer e8e3eade-29a3-11eb-8fc0-0a34088e79f9 has not yet finished; transfer submitted 1 minute(s) ago
DONE.
GLOBUS DELETE task_id: 2b7b11b0-29a4-11eb-8fc0-0a34088e79f9

Processing scenario ID: 40
Panels type: ref_closest_panel
Crop type: crop_plot
Clip type: nan
Smooth type: {'window_size': 11, 'order': 2}
Bin type: {'method': 'spectral_mimic', 'sensor': 'sentinel-2a'}
Segment type: {'method': 'mcari2', 'wl1': [800], 'wl2': [670], 'wl3': [550], 'mask_percentile': 50, 'mask_side': 'upper'}

Response variable: nup_kgha
Number of observations: 407

Feature set: reflectance

Writing mean spectra to a ``pandas.DataFrame``.
Number of input datacubes/spectra: 835
Using up to 9 selected features

Hyperparameter tuning...

Number of features: 3
Trimming excess components in <param_grid>...
Number of features: 4
Trimming excess components in <param_grid>...
Number of features: 8
Trimming excess components in <param_grid>...
Number of features: 5
Trimming excess components in <param_grid>...
Number of features: 4
Trimming excess components in <param_grid>...
Number of features: 4
Trimming excess components in <param_grid>...
Number of features: 5
Trimming excess components in <param_grid>...
Number of features: 2
Trimming excess components in <param_grid>...
Number of features: 1
Trimming excess components in <param_grid>...
Number of features: 5
Trimming excess components in <param_grid>...
Number of features: 5
Trimming excess components in <param_grid>...
Number of features: 5
Trimming excess components in <param_grid>...
Number of features: 6
Trimming excess components in <param_grid>...
Number of features: 6
Trimming excess components in <param_grid>...
Number of features: 3
Trimming excess components in <param_grid>...
Number of features: 2
Trimming excess components in <param_grid>...
Number of features: 3
Trimming excess components in <param_grid>...
Number of features: 9
Trimming excess components in <param_grid>...
Number of features: 4
Trimming excess components in <param_grid>...
Number of features: 6
Trimming excess components in <param_grid>...
Number of features: 4
Trimming excess components in <param_grid>...
Number of features: 7
Trimming excess components in <param_grid>...
Number of features: 7
Trimming excess components in <param_grid>...
Number of features: 8
Trimming excess components in <param_grid>...
Testing...

GLOBUS TRANSFER task_id: 438f0680-29a4-11eb-b165-0ee0d5d9299f
Waiting for transfer 438f0680-29a4-11eb-b165-0ee0d5d9299f to complete...
DONE.
GLOBUS DELETE task_id: 4ef22b8a-29a4-11eb-b165-0ee0d5d9299f

Processing scenario ID: 41
Panels type: ref_closest_panel
Crop type: crop_plot
Clip type: nan
Smooth type: {'window_size': 11, 'order': 2}
Bin type: {'method': 'spectral_mimic', 'sensor': 'sentinel-2a'}
Segment type: {'method': 'mcari2', 'wl1': [800], 'wl2': [670], 'wl3': [550], 'mask_percentile': 90, 'mask_side': 'lower'}

Response variable: nup_kgha
Number of observations: 407

Feature set: reflectance

Writing mean spectra to a ``pandas.DataFrame``.
Number of input datacubes/spectra: 835
Old "step_pct": 0.05
New "step_pct": 0.5
alpha: 1.25
Features selected: 3
Iterations without progress: 0

alpha: 0.625
Features selected: 3
Iterations without progress: 1

alpha: 0.3125
Features selected: 5
Iterations without progress: 0

alpha: 0.15625
Features selected: 6
Iterations without progress: 0

Old "step_pct": 0.5
New "step_pct": 0.1
alpha: 0.140625
Features selected: 8
Iterations without progress: 0

alpha: 0.1546875
Features selected: 9
Iterations without progress: 0

Using up to 9 selected features

Hyperparameter tuning...

Number of features: 1
Trimming excess components in <param_grid>...
Number of features: 2
Trimming excess components in <param_grid>...
Number of features: 5
Trimming excess components in <param_grid>...
Number of features: 4
Trimming excess components in <param_grid>...
Number of features: 5
Trimming excess components in <param_grid>...
Number of features: 3
Trimming excess components in <param_grid>...
Number of features: 6
Trimming excess components in <param_grid>...
Number of features: 9
Trimming excess components in <param_grid>...
Number of features: 7
Trimming excess components in <param_grid>...
Number of features: 8
Trimming excess components in <param_grid>...
Testing...

GLOBUS TRANSFER task_id: 65080262-29a4-11eb-b53b-02d9497ca481
Waiting for transfer 65080262-29a4-11eb-b53b-02d9497ca481 to complete...
Transfer 65080262-29a4-11eb-b53b-02d9497ca481 has not yet finished; transfer submitted 1 minute(s) ago
Transfer 65080262-29a4-11eb-b53b-02d9497ca481 has not yet finished; transfer submitted 2 minute(s) ago
Transfer 65080262-29a4-11eb-b53b-02d9497ca481 has not yet finished; transfer submitted 3 minute(s) ago
DONE.
GLOBUS DELETE task_id: de550e62-29a4-11eb-b53b-02d9497ca481
Skipping past idx_grix 0...
Skipping past idx_grix 1...
Skipping past idx_grix 2...
Skipping past idx_grix 3...
Skipping past idx_grix 4...
Skipping past idx_grix 5...
Skipping past idx_grix 6...
Skipping past idx_grix 7...
Skipping past idx_grix 8...
Skipping past idx_grix 9...
Skipping past idx_grix 10...
Skipping past idx_grix 11...
Skipping past idx_grix 12...
Skipping past idx_grix 13...
Skipping past idx_grix 14...
Skipping past idx_grix 15...
Skipping past idx_grix 16...
Skipping past idx_grix 17...
Skipping past idx_grix 18...
Skipping past idx_grix 19...
Skipping past idx_grix 20...
Skipping past idx_grix 21...
Skipping past idx_grix 22...
Skipping past idx_grix 23...
Skipping past idx_grix 24...
Skipping past idx_grix 25...
Skipping past idx_grix 26...
Skipping past idx_grix 27...
Skipping past idx_grix 28...
Skipping past idx_grix 29...
Skipping past idx_grix 30...
Skipping past idx_grix 31...
Skipping past idx_grix 32...
Skipping past idx_grix 33...
Skipping past idx_grix 34...
Skipping past idx_grix 35...
Skipping past idx_grix 36...
Skipping past idx_grix 37...
Skipping past idx_grix 38...

Processing scenario ID: 39
Panels type: ref_closest_panel
Crop type: crop_plot
Clip type: nan
Smooth type: {'window_size': 11, 'order': 2}
Bin type: {'method': 'spectral_mimic', 'sensor': 'sentinel-2a'}
Segment type: {'method': 'mcari2', 'wl1': [800], 'wl2': [670], 'wl3': [550], 'mask_percentile': 50, 'mask_side': 'lower'}

Response variable: tissue_n_pct
Number of observations: 408

Feature set: reflectance

Writing mean spectra to a ``pandas.DataFrame``.
Number of input datacubes/spectra: 835
Using up to 9 selected features

Hyperparameter tuning...

Number of features: 4
Trimming excess components in <param_grid>...
Number of features: 5
Trimming excess components in <param_grid>...
Number of features: 4
Trimming excess components in <param_grid>...
Number of features: 1
Trimming excess components in <param_grid>...
Number of features: 3
Trimming excess components in <param_grid>...
Number of features: 3
Trimming excess components in <param_grid>...
Number of features: 3
Trimming excess components in <param_grid>...
Number of features: 4
Trimming excess components in <param_grid>...
Number of features: 3
Trimming excess components in <param_grid>...
Number of features: 3
Trimming excess components in <param_grid>...
Number of features: 6
Trimming excess components in <param_grid>...
Number of features: 2
Trimming excess components in <param_grid>...
Number of features: 3
Trimming excess components in <param_grid>...
Number of features: 9
Trimming excess components in <param_grid>...
Number of features: 8
Trimming excess components in <param_grid>...
Number of features: 7
Trimming excess components in <param_grid>...
Number of features: 4
Trimming excess components in <param_grid>...
Number of features: 6
Trimming excess components in <param_grid>...
Number of features: 2
Trimming excess components in <param_grid>...
Number of features: 5
Trimming excess components in <param_grid>...
Number of features: 7
Trimming excess components in <param_grid>...
Number of features: 4
Trimming excess components in <param_grid>...
Testing...

GLOBUS TRANSFER task_id: f337f150-29a4-11eb-b165-0ee0d5d9299f
Waiting for transfer f337f150-29a4-11eb-b165-0ee0d5d9299f to complete...
DONE.
GLOBUS DELETE task_id: ff70f944-29a4-11eb-b165-0ee0d5d9299f

Processing scenario ID: 40
Panels type: ref_closest_panel
Crop type: crop_plot
Clip type: nan
Smooth type: {'window_size': 11, 'order': 2}
Bin type: {'method': 'spectral_mimic', 'sensor': 'sentinel-2a'}
Segment type: {'method': 'mcari2', 'wl1': [800], 'wl2': [670], 'wl3': [550], 'mask_percentile': 50, 'mask_side': 'upper'}

Response variable: tissue_n_pct
Number of observations: 408

Feature set: reflectance

Writing mean spectra to a ``pandas.DataFrame``.
Number of input datacubes/spectra: 835
Old "step_pct": 0.05
New "step_pct": 0.5
alpha: 0.025
Features selected: 3
Iterations without progress: 0

alpha: 0.0125
Features selected: 5
Iterations without progress: 0

Old "step_pct": 0.5
New "step_pct": 0.1
alpha: 0.011250000000000001
Features selected: 7
Iterations without progress: 0

Old "step_pct": 0.1
New "step_pct": 0.2
alpha: 0.009000000000000001
Features selected: 6
Iterations without progress: 0

Old "step_pct": 0.2
New "step_pct": 0.4
alpha: 0.0054
Features selected: 6
Iterations without progress: 1

Old "step_pct": 0.4
New "step_pct": 0.8
alpha: 0.0010799999999999998
Features selected: 6
Iterations without progress: 2

alpha: 0.004968
Features selected: 9
Iterations without progress: 0

Using up to 9 selected features

Hyperparameter tuning...

Number of features: 2
Trimming excess components in <param_grid>...
Number of features: 1
Trimming excess components in <param_grid>...
Number of features: 2
Trimming excess components in <param_grid>...
Number of features: 3
Trimming excess components in <param_grid>...
Number of features: 5
Trimming excess components in <param_grid>...
Number of features: 5
Trimming excess components in <param_grid>...
Number of features: 6
Trimming excess components in <param_grid>...
Number of features: 7
Trimming excess components in <param_grid>...
Number of features: 6
Trimming excess components in <param_grid>...
Number of features: 6
Trimming excess components in <param_grid>...
Number of features: 6
Trimming excess components in <param_grid>...
Number of features: 4
Trimming excess components in <param_grid>...
Testing...

GLOBUS TRANSFER task_id: 0f150354-29a5-11eb-8fc0-0a34088e79f9
Waiting for transfer 0f150354-29a5-11eb-8fc0-0a34088e79f9 to complete...
DONE.
GLOBUS DELETE task_id: 2143f828-29a5-11eb-8fc0-0a34088e79f9

Processing scenario ID: 41
Panels type: ref_closest_panel
Crop type: crop_plot
Clip type: nan
Smooth type: {'window_size': 11, 'order': 2}
Bin type: {'method': 'spectral_mimic', 'sensor': 'sentinel-2a'}
Segment type: {'method': 'mcari2', 'wl1': [800], 'wl2': [670], 'wl3': [550], 'mask_percentile': 90, 'mask_side': 'lower'}

Response variable: tissue_n_pct
Number of observations: 408

Feature set: reflectance

Writing mean spectra to a ``pandas.DataFrame``.
Number of input datacubes/spectra: 835
Old "step_pct": 0.08
New "step_pct": 0.8
alpha: 0.04967999999999999
Features selected: 1
Iterations without progress: 0

alpha: 0.009935999999999995
Features selected: 3
Iterations without progress: 0

Old "step_pct": 0.8
New "step_pct": 0.16
alpha: 0.008346239999999996
Features selected: 6
Iterations without progress: 0

alpha: 0.007010841599999996
Features selected: 7
Iterations without progress: 0

alpha: 0.005889106943999997
Features selected: 7
Iterations without progress: 1

alpha: 0.0049468498329599975
Features selected: 7
Iterations without progress: 2

alpha: 0.004155353859686398
Features selected: 7
Iterations without progress: 3

alpha: 0.003490497242136574
Features selected: 7
Iterations without progress: 4

Old "step_pct": 0.16
New "step_pct": 0.032
alpha: 0.0033788013303882036
Features selected: 8
Iterations without progress: 0

alpha: 0.003270679687815781
Features selected: 8
Iterations without progress: 1

alpha: 0.003166017937805676
Features selected: 8
Iterations without progress: 2

alpha: 0.0030647053637958945
Features selected: 8
Iterations without progress: 3

alpha: 0.002966634792154426
Features selected: 8
Iterations without progress: 4

alpha: 0.0028717024788054843
Features selected: 8
Iterations without progress: 5

Leaving while loop before finding the alpha value that achieves selection of 9 feature(s) (minimum alpha value to use).

Using up to 8 selected features

Hyperparameter tuning...

Number of features: 2
Trimming excess components in <param_grid>...
Number of features: 2
Trimming excess components in <param_grid>...
Number of features: 2
Trimming excess components in <param_grid>...
Number of features: 3
Trimming excess components in <param_grid>...
Number of features: 6
Trimming excess components in <param_grid>...
Number of features: 3
Trimming excess components in <param_grid>...
Number of features: 4
Trimming excess components in <param_grid>...
Number of features: 5
Trimming excess components in <param_grid>...
Number of features: 7
Trimming excess components in <param_grid>...
Number of features: 3
Trimming excess components in <param_grid>...
Number of features: 6
Trimming excess components in <param_grid>...
Number of features: 4
Trimming excess components in <param_grid>...
Number of features: 5
Trimming excess components in <param_grid>...
Number of features: 1
Trimming excess components in <param_grid>...
Number of features: 3
Trimming excess components in <param_grid>...
Number of features: 8
Trimming excess components in <param_grid>...
Testing...

GLOBUS TRANSFER task_id: 33324102-29a5-11eb-8fc0-0a34088e79f9
Waiting for transfer 33324102-29a5-11eb-8fc0-0a34088e79f9 to complete...
DONE.
GLOBUS DELETE task_id: 395e32de-29a5-11eb-8fc0-0a34088e79f9
Skipping past idx_grix 0...
Skipping past idx_grix 1...
Skipping past idx_grix 2...
Skipping past idx_grix 3...
Skipping past idx_grix 4...
Skipping past idx_grix 5...
Skipping past idx_grix 6...
Skipping past idx_grix 7...
Skipping past idx_grix 8...
Skipping past idx_grix 9...
Skipping past idx_grix 10...
Skipping past idx_grix 11...
Skipping past idx_grix 12...
Skipping past idx_grix 13...
Skipping past idx_grix 14...
Skipping past idx_grix 15...
Skipping past idx_grix 16...
Skipping past idx_grix 17...
Skipping past idx_grix 18...
Skipping past idx_grix 19...
Skipping past idx_grix 20...
Skipping past idx_grix 21...
Skipping past idx_grix 22...
Skipping past idx_grix 23...
Skipping past idx_grix 24...
Skipping past idx_grix 25...
Skipping past idx_grix 26...
Skipping past idx_grix 27...
Skipping past idx_grix 28...
Skipping past idx_grix 29...
Skipping past idx_grix 30...
Skipping past idx_grix 31...
Skipping past idx_grix 32...
Skipping past idx_grix 33...
Skipping past idx_grix 34...
Skipping past idx_grix 35...
Skipping past idx_grix 36...
Skipping past idx_grix 37...
Skipping past idx_grix 38...

Processing scenario ID: 39
Panels type: ref_closest_panel
Crop type: crop_plot
Clip type: nan
Smooth type: {'window_size': 11, 'order': 2}
Bin type: {'method': 'spectral_mimic', 'sensor': 'sentinel-2a'}
Segment type: {'method': 'mcari2', 'wl1': [800], 'wl2': [670], 'wl3': [550], 'mask_percentile': 50, 'mask_side': 'lower'}

Response variable: biomass_kgha
Number of observations: 407

Feature set: derivative_1

Writing mean spectra to a ``pandas.DataFrame``.
Number of input datacubes/spectra: 835
Using up to 9 selected features

Hyperparameter tuning...

Number of features: 2
Trimming excess components in <param_grid>...
Number of features: 1
Trimming excess components in <param_grid>...
Number of features: 4
Trimming excess components in <param_grid>...
Number of features: 4
Trimming excess components in <param_grid>...
Number of features: 7
Trimming excess components in <param_grid>...
Number of features: 5
Trimming excess components in <param_grid>...
Number of features: 6
Trimming excess components in <param_grid>...
Number of features: 3
Trimming excess components in <param_grid>...
Number of features: 7
Trimming excess components in <param_grid>...
Number of features: 8
Trimming excess components in <param_grid>...
Number of features: 5
Trimming excess components in <param_grid>...
Testing...

GLOBUS TRANSFER task_id: 4fa3fe70-29a5-11eb-b53b-02d9497ca481
Waiting for transfer 4fa3fe70-29a5-11eb-b53b-02d9497ca481 to complete...
DONE.
GLOBUS DELETE task_id: 681f2ba0-29a5-11eb-b53b-02d9497ca481

Processing scenario ID: 40
Panels type: ref_closest_panel
Crop type: crop_plot
Clip type: nan
Smooth type: {'window_size': 11, 'order': 2}
Bin type: {'method': 'spectral_mimic', 'sensor': 'sentinel-2a'}
Segment type: {'method': 'mcari2', 'wl1': [800], 'wl2': [670], 'wl3': [550], 'mask_percentile': 50, 'mask_side': 'upper'}

Response variable: biomass_kgha
Number of observations: 407

Feature set: derivative_1

Writing mean spectra to a ``pandas.DataFrame``.
Number of input datacubes/spectra: 835
Old "step_pct": 0.05
New "step_pct": 0.1
alpha: 0.045000000000000005
Features selected: 6
Iterations without progress: 0

Old "step_pct": 0.1
New "step_pct": 0.2
alpha: 0.036000000000000004
Features selected: 6
Iterations without progress: 1

alpha: 0.028800000000000006
Features selected: 7
Iterations without progress: 0

alpha: 0.023040000000000005
Features selected: 7
Iterations without progress: 1

Old "step_pct": 0.2
New "step_pct": 0.04
alpha: 0.022118400000000003
Features selected: 8
Iterations without progress: 0

alpha: 0.021233664000000003
Features selected: 7
Iterations without progress: 0

alpha: 0.02038431744
Features selected: 7
Iterations without progress: 1

Old "step_pct": 0.04
New "step_pct": 0.08
alpha: 0.0187535720448
Features selected: 6
Iterations without progress: 0

alpha: 0.017253286281216
Features selected: 7
Iterations without progress: 0

alpha: 0.015873023378718723
Features selected: 7
Iterations without progress: 1

alpha: 0.014603181508421225
Features selected: 7
Iterations without progress: 2

alpha: 0.013434926987747528
Features selected: 7
Iterations without progress: 3

alpha: 0.012360132828727726
Features selected: 7
Iterations without progress: 4

Old "step_pct": 0.08
New "step_pct": 0.016
alpha: 0.012162370703468083
Features selected: 8
Iterations without progress: 0

alpha: 0.011967772772212594
Features selected: 8
Iterations without progress: 1

alpha: 0.011776288407857192
Features selected: 8
Iterations without progress: 2

alpha: 0.011587867793331477
Features selected: 8
Iterations without progress: 3

alpha: 0.011402461908638173
Features selected: 8
Iterations without progress: 4

alpha: 0.011220022518099962
Features selected: 8
Iterations without progress: 5

Leaving while loop before finding the alpha value that achieves selection of 9 feature(s) (minimum alpha value to use).

Using up to 8 selected features

Hyperparameter tuning...

Number of features: 2
Trimming excess components in <param_grid>...
Number of features: 5
Trimming excess components in <param_grid>...
Number of features: 5
Trimming excess components in <param_grid>...
Number of features: 6
Trimming excess components in <param_grid>...
Number of features: 7
Trimming excess components in <param_grid>...
Number of features: 6
Trimming excess components in <param_grid>...
Number of features: 6
Trimming excess components in <param_grid>...
Number of features: 4
Trimming excess components in <param_grid>...
Number of features: 1
Trimming excess components in <param_grid>...
Number of features: 7
Trimming excess components in <param_grid>...
Number of features: 8
Trimming excess components in <param_grid>...
Number of features: 7
Trimming excess components in <param_grid>...
Number of features: 4
Trimming excess components in <param_grid>...
Number of features: 3
Trimming excess components in <param_grid>...
Number of features: 7
Trimming excess components in <param_grid>...
Testing...

GLOBUS TRANSFER task_id: 7d9c2596-29a5-11eb-8fc0-0a34088e79f9
Waiting for transfer 7d9c2596-29a5-11eb-8fc0-0a34088e79f9 to complete...
DONE.
GLOBUS DELETE task_id: 95ca33ee-29a5-11eb-8fc0-0a34088e79f9

Processing scenario ID: 41
Panels type: ref_closest_panel
Crop type: crop_plot
Clip type: nan
Smooth type: {'window_size': 11, 'order': 2}
Bin type: {'method': 'spectral_mimic', 'sensor': 'sentinel-2a'}
Segment type: {'method': 'mcari2', 'wl1': [800], 'wl2': [670], 'wl3': [550], 'mask_percentile': 90, 'mask_side': 'lower'}

Response variable: biomass_kgha
Number of observations: 407

Feature set: derivative_1

Writing mean spectra to a ``pandas.DataFrame``.
Number of input datacubes/spectra: 835
Old "step_pct": 0.016
New "step_pct": 0.16
alpha: 0.47124094576019837
Features selected: 4
Iterations without progress: 0

Old "step_pct": 0.16
New "step_pct": 0.8
alpha: 0.09424818915203965
Features selected: 4
Iterations without progress: 1

alpha: 0.018849637830407925
Features selected: 6
Iterations without progress: 0

Old "step_pct": 0.8
New "step_pct": 0.16
alpha: 0.015833695777542657
Features selected: 8
Iterations without progress: 0

alpha: 0.013300304453135832
Features selected: 8
Iterations without progress: 1

alpha: 0.011172255740634098
Features selected: 8
Iterations without progress: 2

alpha: 0.009384694822132642
Features selected: 8
Iterations without progress: 3

alpha: 0.00788314365059142
Features selected: 8
Iterations without progress: 4

alpha: 0.006621840666496792
Features selected: 8
Iterations without progress: 5

Leaving while loop before finding the alpha value that achieves selection of 9 feature(s) (minimum alpha value to use).

Using up to 8 selected features

Hyperparameter tuning...

Number of features: 1
Trimming excess components in <param_grid>...
Number of features: 4
Trimming excess components in <param_grid>...
Number of features: 4
Trimming excess components in <param_grid>...
Number of features: 4
Trimming excess components in <param_grid>...
Number of features: 5
Trimming excess components in <param_grid>...
Number of features: 5
Trimming excess components in <param_grid>...
Number of features: 5
Trimming excess components in <param_grid>...
Number of features: 6
Trimming excess components in <param_grid>...
Number of features: 7
Trimming excess components in <param_grid>...
Number of features: 2
Trimming excess components in <param_grid>...
Number of features: 6
Trimming excess components in <param_grid>...
Number of features: 3
Trimming excess components in <param_grid>...
Number of features: 6
Trimming excess components in <param_grid>...
Number of features: 8
Trimming excess components in <param_grid>...
Number of features: 5
Trimming excess components in <param_grid>...
Number of features: 5
Trimming excess components in <param_grid>...
Number of features: 6
Trimming excess components in <param_grid>...
Testing...

GLOBUS TRANSFER task_id: ab3cabf6-29a5-11eb-b165-0ee0d5d9299f
Waiting for transfer ab3cabf6-29a5-11eb-b165-0ee0d5d9299f to complete...
DONE.
GLOBUS DELETE task_id: b10c4228-29a5-11eb-b165-0ee0d5d9299f
Skipping past idx_grix 0...
Skipping past idx_grix 1...
Skipping past idx_grix 2...
Skipping past idx_grix 3...
Skipping past idx_grix 4...
Skipping past idx_grix 5...
Skipping past idx_grix 6...
Skipping past idx_grix 7...
Skipping past idx_grix 8...
Skipping past idx_grix 9...
Skipping past idx_grix 10...
Skipping past idx_grix 11...
Skipping past idx_grix 12...
Skipping past idx_grix 13...
Skipping past idx_grix 14...
Skipping past idx_grix 15...
Skipping past idx_grix 16...
Skipping past idx_grix 17...
Skipping past idx_grix 18...
Skipping past idx_grix 19...
Skipping past idx_grix 20...
Skipping past idx_grix 21...
Skipping past idx_grix 22...
Skipping past idx_grix 23...
Skipping past idx_grix 24...
Skipping past idx_grix 25...
Skipping past idx_grix 26...
Skipping past idx_grix 27...
Skipping past idx_grix 28...
Skipping past idx_grix 29...
Skipping past idx_grix 30...
Skipping past idx_grix 31...
Skipping past idx_grix 32...
Skipping past idx_grix 33...
Skipping past idx_grix 34...
Skipping past idx_grix 35...
Skipping past idx_grix 36...
Skipping past idx_grix 37...
Skipping past idx_grix 38...

Processing scenario ID: 39
Panels type: ref_closest_panel
Crop type: crop_plot
Clip type: nan
Smooth type: {'window_size': 11, 'order': 2}
Bin type: {'method': 'spectral_mimic', 'sensor': 'sentinel-2a'}
Segment type: {'method': 'mcari2', 'wl1': [800], 'wl2': [670], 'wl3': [550], 'mask_percentile': 50, 'mask_side': 'lower'}

Response variable: nup_kgha
Number of observations: 407

Feature set: derivative_1

Writing mean spectra to a ``pandas.DataFrame``.
Number of input datacubes/spectra: 835
alpha: 0.00095
Features selected: 7
Iterations without progress: 0

alpha: 0.0009025
Features selected: 7
Iterations without progress: 1

alpha: 0.000857375
Features selected: 7
Iterations without progress: 2

alpha: 0.0008145062499999999
Features selected: 7
Iterations without progress: 3

Old "step_pct": 0.05
New "step_pct": 0.01
alpha: 0.0008063611874999998
Features selected: 8
Iterations without progress: 0

alpha: 0.0007982975756249998
Features selected: 8
Iterations without progress: 1

alpha: 0.0007903145998687498
Features selected: 8
Iterations without progress: 2

alpha: 0.0007824114538700623
Features selected: 8
Iterations without progress: 3

alpha: 0.0007745873393313617
Features selected: 8
Iterations without progress: 4

alpha: 0.0007668414659380481
Features selected: 8
Iterations without progress: 5

Leaving while loop before finding the alpha value that achieves selection of 9 feature(s) (minimum alpha value to use).

Using up to 8 selected features

Hyperparameter tuning...

Number of features: 1
Trimming excess components in <param_grid>...
Number of features: 0
Trimming excess components in <param_grid>...
Number of features: 2
Trimming excess components in <param_grid>...
Number of features: 3
Trimming excess components in <param_grid>...
Number of features: 4
Trimming excess components in <param_grid>...
Number of features: 5
Trimming excess components in <param_grid>...
Number of features: 7
Trimming excess components in <param_grid>...
Number of features: 5
Trimming excess components in <param_grid>...
Number of features: 6
Trimming excess components in <param_grid>...
Number of features: 7
Trimming excess components in <param_grid>...
Number of features: 6
Trimming excess components in <param_grid>...
Number of features: 6
Trimming excess components in <param_grid>...
Number of features: 8
Trimming excess components in <param_grid>...
Testing...

GLOBUS TRANSFER task_id: c45f71ea-29a5-11eb-8fc0-0a34088e79f9
Waiting for transfer c45f71ea-29a5-11eb-8fc0-0a34088e79f9 to complete...
DONE.
GLOBUS DELETE task_id: dca4cde0-29a5-11eb-8fc0-0a34088e79f9

Processing scenario ID: 40
Panels type: ref_closest_panel
Crop type: crop_plot
Clip type: nan
Smooth type: {'window_size': 11, 'order': 2}
Bin type: {'method': 'spectral_mimic', 'sensor': 'sentinel-2a'}
Segment type: {'method': 'mcari2', 'wl1': [800], 'wl2': [670], 'wl3': [550], 'mask_percentile': 50, 'mask_side': 'upper'}

Response variable: nup_kgha
Number of observations: 407

Feature set: derivative_1

Writing mean spectra to a ``pandas.DataFrame``.
Number of input datacubes/spectra: 835
Old "step_pct": 0.01
New "step_pct": 0.1
alpha: 0.03450786596721216
Features selected: 3
Iterations without progress: 0

Old "step_pct": 0.1
New "step_pct": 0.5
alpha: 0.01725393298360608
Features selected: 3
Iterations without progress: 1

alpha: 0.00862696649180304
Features selected: 4
Iterations without progress: 0

alpha: 0.00431348324590152
Features selected: 5
Iterations without progress: 0

alpha: 0.00215674162295076
Features selected: 5
Iterations without progress: 1

alpha: 0.00107837081147538
Features selected: 6
Iterations without progress: 0

alpha: 0.00053918540573769
Features selected: 6
Iterations without progress: 1

alpha: 0.000269592702868845
Features selected: 7
Iterations without progress: 0

alpha: 0.0001347963514344225
Features selected: 7
Iterations without progress: 1

alpha: 0.00025611306772540274
Features selected: 9
Iterations without progress: 0

Using up to 9 selected features

Hyperparameter tuning...

Number of features: 1
Trimming excess components in <param_grid>...
Number of features: 2
Trimming excess components in <param_grid>...
Number of features: 3
Trimming excess components in <param_grid>...
Number of features: 4
Trimming excess components in <param_grid>...
Number of features: 4
Trimming excess components in <param_grid>...
Number of features: 6
Trimming excess components in <param_grid>...
Number of features: 5
Trimming excess components in <param_grid>...
Number of features: 5
Trimming excess components in <param_grid>...
Number of features: 6
Trimming excess components in <param_grid>...
Number of features: 7
Trimming excess components in <param_grid>...
Number of features: 6
Trimming excess components in <param_grid>...
Number of features: 7
Trimming excess components in <param_grid>...
Number of features: 5
Trimming excess components in <param_grid>...
Testing...

GLOBUS TRANSFER task_id: ee77d31e-29a5-11eb-8fc0-0a34088e79f9
Waiting for transfer ee77d31e-29a5-11eb-8fc0-0a34088e79f9 to complete...
DONE.
GLOBUS DELETE task_id: 06c6dbc2-29a6-11eb-8fc0-0a34088e79f9

Processing scenario ID: 41
Panels type: ref_closest_panel
Crop type: crop_plot
Clip type: nan
Smooth type: {'window_size': 11, 'order': 2}
Bin type: {'method': 'spectral_mimic', 'sensor': 'sentinel-2a'}
Segment type: {'method': 'mcari2', 'wl1': [800], 'wl2': [670], 'wl3': [550], 'mask_percentile': 90, 'mask_side': 'lower'}

Response variable: nup_kgha
Number of observations: 407

Feature set: derivative_1

Writing mean spectra to a ``pandas.DataFrame``.
Number of input datacubes/spectra: 835
Old "step_pct": 0.05
New "step_pct": 0.5
alpha: 0.006402826693135068
Features selected: 4
Iterations without progress: 0

alpha: 0.003201413346567534
Features selected: 6
Iterations without progress: 0

alpha: 0.001600706673283767
Features selected: 5
Iterations without progress: 0

alpha: 0.0008003533366418835
Features selected: 5
Iterations without progress: 1

alpha: 0.00040017666832094175
Features selected: 5
Iterations without progress: 2

Old "step_pct": 0.5
New "step_pct": 0.1
alpha: 0.0003601590014888476
Features selected: 8
Iterations without progress: 0

alpha: 0.00032414310133996283
Features selected: 8
Iterations without progress: 1

alpha: 0.00029172879120596657
Features selected: 8
Iterations without progress: 2

alpha: 0.00026255591208536994
Features selected: 8
Iterations without progress: 3

alpha: 0.00023630032087683294
Features selected: 8
Iterations without progress: 4

alpha: 0.00021267028878914964
Features selected: 8
Iterations without progress: 5

Leaving while loop before finding the alpha value that achieves selection of 9 feature(s) (minimum alpha value to use).

Using up to 8 selected features

Hyperparameter tuning...

Number of features: 1
Trimming excess components in <param_grid>...
Number of features: 5
Trimming excess components in <param_grid>...
Number of features: 5
Trimming excess components in <param_grid>...
Number of features: 4
Trimming excess components in <param_grid>...
Number of features: 6
Trimming excess components in <param_grid>...
Number of features: 4
Trimming excess components in <param_grid>...
Number of features: 3
Trimming excess components in <param_grid>...
Number of features: 5
Trimming excess components in <param_grid>...
Number of features: 6
Trimming excess components in <param_grid>...
Number of features: 2
Trimming excess components in <param_grid>...
Number of features: 5
Trimming excess components in <param_grid>...
Number of features: 7
Trimming excess components in <param_grid>...
Number of features: 7
Trimming excess components in <param_grid>...
Number of features: 8
Trimming excess components in <param_grid>...
Number of features: 6
Trimming excess components in <param_grid>...
Number of features: 6
Trimming excess components in <param_grid>...
Number of features: 6
Trimming excess components in <param_grid>...
Number of features: 5
Trimming excess components in <param_grid>...
Testing...

GLOBUS TRANSFER task_id: 1b8cc3e6-29a6-11eb-b53b-02d9497ca481
Waiting for transfer 1b8cc3e6-29a6-11eb-b53b-02d9497ca481 to complete...
DONE.
GLOBUS DELETE task_id: 33fc2818-29a6-11eb-b53b-02d9497ca481
Skipping past idx_grix 0...
Skipping past idx_grix 1...
Skipping past idx_grix 2...
Skipping past idx_grix 3...
Skipping past idx_grix 4...
Skipping past idx_grix 5...
Skipping past idx_grix 6...
Skipping past idx_grix 7...
Skipping past idx_grix 8...
Skipping past idx_grix 9...
Skipping past idx_grix 10...
Skipping past idx_grix 11...
Skipping past idx_grix 12...
Skipping past idx_grix 13...
Skipping past idx_grix 14...
Skipping past idx_grix 15...
Skipping past idx_grix 16...
Skipping past idx_grix 17...
Skipping past idx_grix 18...
Skipping past idx_grix 19...
Skipping past idx_grix 20...
Skipping past idx_grix 21...
Skipping past idx_grix 22...
Skipping past idx_grix 23...
Skipping past idx_grix 24...
Skipping past idx_grix 25...
Skipping past idx_grix 26...
Skipping past idx_grix 27...
Skipping past idx_grix 28...
Skipping past idx_grix 29...
Skipping past idx_grix 30...
Skipping past idx_grix 31...
Skipping past idx_grix 32...
Skipping past idx_grix 33...
Skipping past idx_grix 34...
Skipping past idx_grix 35...
Skipping past idx_grix 36...
Skipping past idx_grix 37...
Skipping past idx_grix 38...

Processing scenario ID: 39
Panels type: ref_closest_panel
Crop type: crop_plot
Clip type: nan
Smooth type: {'window_size': 11, 'order': 2}
Bin type: {'method': 'spectral_mimic', 'sensor': 'sentinel-2a'}
Segment type: {'method': 'mcari2', 'wl1': [800], 'wl2': [670], 'wl3': [550], 'mask_percentile': 50, 'mask_side': 'lower'}

Response variable: tissue_n_pct
Number of observations: 408

Feature set: derivative_1

Writing mean spectra to a ``pandas.DataFrame``.
Number of input datacubes/spectra: 835
Old "step_pct": 0.05
New "step_pct": 0.5
alpha: 0.0005
Features selected: 3
Iterations without progress: 0

alpha: 0.00025
Features selected: 3
Iterations without progress: 1

alpha: 0.000125
Features selected: 5
Iterations without progress: 0

alpha: 6.25e-05
Features selected: 6
Iterations without progress: 0

alpha: 3.125e-05
Features selected: 6
Iterations without progress: 1

Old "step_pct": 0.5
New "step_pct": 0.1
alpha: 2.8125000000000003e-05
Features selected: 8
Iterations without progress: 0

alpha: 2.5312500000000002e-05
Features selected: 8
Iterations without progress: 1

alpha: 2.278125e-05
Features selected: 8
Iterations without progress: 2

alpha: 2.0503125000000002e-05
Features selected: 8
Iterations without progress: 3

alpha: 1.84528125e-05
Features selected: 7
Iterations without progress: 0

alpha: 1.660753125e-05
Features selected: 7
Iterations without progress: 1

alpha: 1.4946778125e-05
Features selected: 7
Iterations without progress: 2

Old "step_pct": 0.1
New "step_pct": 0.02
alpha: 1.46478425625e-05
Features selected: 8
Iterations without progress: 0

alpha: 1.435488571125e-05
Features selected: 8
Iterations without progress: 1

alpha: 1.4067787997024998e-05
Features selected: 8
Iterations without progress: 2

alpha: 1.3786432237084498e-05
Features selected: 8
Iterations without progress: 3

alpha: 1.3510703592342807e-05
Features selected: 8
Iterations without progress: 4

alpha: 1.324048952049595e-05
Features selected: 8
Iterations without progress: 5

Leaving while loop before finding the alpha value that achieves selection of 9 feature(s) (minimum alpha value to use).

Using up to 8 selected features

Hyperparameter tuning...

Number of features: 3
Trimming excess components in <param_grid>...
Number of features: 3
Trimming excess components in <param_grid>...
Number of features: 4
Trimming excess components in <param_grid>...
Number of features: 1
Trimming excess components in <param_grid>...
Number of features: 2
Trimming excess components in <param_grid>...
Number of features: 3
Trimming excess components in <param_grid>...
Number of features: 7
Trimming excess components in <param_grid>...
Number of features: 6
Trimming excess components in <param_grid>...
Number of features: 3
Trimming excess components in <param_grid>...
Number of features: 4
Trimming excess components in <param_grid>...
Number of features: 8
Trimming excess components in <param_grid>...
Number of features: 2
Trimming excess components in <param_grid>...
Number of features: 4
Trimming excess components in <param_grid>...
Number of features: 7
Trimming excess components in <param_grid>...
Number of features: 2
Trimming excess components in <param_grid>...
Number of features: 3
Trimming excess components in <param_grid>...
Number of features: 3
Trimming excess components in <param_grid>...
Number of features: 7
Trimming excess components in <param_grid>...
Number of features: 5
Trimming excess components in <param_grid>...
Number of features: 8
Trimming excess components in <param_grid>...
Testing...

GLOBUS TRANSFER task_id: 47093a54-29a6-11eb-b53b-02d9497ca481
Waiting for transfer 47093a54-29a6-11eb-b53b-02d9497ca481 to complete...
DONE.
GLOBUS DELETE task_id: 5f7a0924-29a6-11eb-b53b-02d9497ca481

Processing scenario ID: 40
Panels type: ref_closest_panel
Crop type: crop_plot
Clip type: nan
Smooth type: {'window_size': 11, 'order': 2}
Bin type: {'method': 'spectral_mimic', 'sensor': 'sentinel-2a'}
Segment type: {'method': 'mcari2', 'wl1': [800], 'wl2': [670], 'wl3': [550], 'mask_percentile': 50, 'mask_side': 'upper'}

Response variable: tissue_n_pct
Number of observations: 408

Feature set: derivative_1

Writing mean spectra to a ``pandas.DataFrame``.
Number of input datacubes/spectra: 835
Old "step_pct": 0.02
New "step_pct": 0.2
alpha: 0.000529619580819838
Features selected: 3
Iterations without progress: 0

Old "step_pct": 0.2
New "step_pct": 0.4
alpha: 0.0003177717484919028
Features selected: 4
Iterations without progress: 0

Old "step_pct": 0.4
New "step_pct": 0.8
alpha: 6.355434969838055e-05
Features selected: 5
Iterations without progress: 0

Old "step_pct": 0.8
New "step_pct": 0.16
alpha: 5.338565374663966e-05
Features selected: 8
Iterations without progress: 0

alpha: 4.4843949147177314e-05
Features selected: 8
Iterations without progress: 1

alpha: 3.766891728362894e-05
Features selected: 8
Iterations without progress: 2

alpha: 3.164189051824831e-05
Features selected: 7
Iterations without progress: 0

Old "step_pct": 0.16
New "step_pct": 0.032
alpha: 3.0629350021664364e-05
Features selected: 8
Iterations without progress: 0

alpha: 2.9649210820971103e-05
Features selected: 8
Iterations without progress: 1

alpha: 2.8700436074700028e-05
Features selected: 8
Iterations without progress: 2

alpha: 2.7782022120309625e-05
Features selected: 8
Iterations without progress: 3

alpha: 2.6892997412459715e-05
Features selected: 8
Iterations without progress: 4

alpha: 2.6032421495261004e-05
Features selected: 8
Iterations without progress: 5

Leaving while loop before finding the alpha value that achieves selection of 9 feature(s) (minimum alpha value to use).

Using up to 8 selected features

Hyperparameter tuning...

Number of features: 2
Trimming excess components in <param_grid>...
Number of features: 3
Trimming excess components in <param_grid>...
Number of features: 5
Trimming excess components in <param_grid>...
Number of features: 4
Trimming excess components in <param_grid>...
Number of features: 6
Trimming excess components in <param_grid>...
Number of features: 7
Trimming excess components in <param_grid>...
Number of features: 2
Trimming excess components in <param_grid>...
Number of features: 2
Trimming excess components in <param_grid>...
Number of features: 7
Trimming excess components in <param_grid>...
Number of features: 1
Trimming excess components in <param_grid>...
Number of features: 6
Trimming excess components in <param_grid>...
Number of features: 7
Trimming excess components in <param_grid>...
Number of features: 3
Trimming excess components in <param_grid>...
Number of features: 7
Trimming excess components in <param_grid>...
Number of features: 8
Trimming excess components in <param_grid>...
Number of features: 3
Trimming excess components in <param_grid>...
Testing...

GLOBUS TRANSFER task_id: 714feb2a-29a6-11eb-b165-0ee0d5d9299f
Waiting for transfer 714feb2a-29a6-11eb-b165-0ee0d5d9299f to complete...
DONE.
GLOBUS DELETE task_id: 77c794d8-29a6-11eb-b165-0ee0d5d9299f

Processing scenario ID: 41
Panels type: ref_closest_panel
Crop type: crop_plot
Clip type: nan
Smooth type: {'window_size': 11, 'order': 2}
Bin type: {'method': 'spectral_mimic', 'sensor': 'sentinel-2a'}
Segment type: {'method': 'mcari2', 'wl1': [800], 'wl2': [670], 'wl3': [550], 'mask_percentile': 90, 'mask_side': 'lower'}

Response variable: tissue_n_pct
Number of observations: 408

Feature set: derivative_1

Writing mean spectra to a ``pandas.DataFrame``.
Number of input datacubes/spectra: 835
Old "step_pct": 0.032
New "step_pct": 0.32
alpha: 0.0008851023308388741
Features selected: 3
Iterations without progress: 0

Old "step_pct": 0.32
New "step_pct": 0.64
alpha: 0.00031863683910199466
Features selected: 4
Iterations without progress: 0

alpha: 0.00011470926207671808
Features selected: 3
Iterations without progress: 0

alpha: 4.1295334347618504e-05
Features selected: 5
Iterations without progress: 0

Old "step_pct": 0.64
New "step_pct": 0.128
alpha: 3.6009531551123335e-05
Features selected: 7
Iterations without progress: 0

alpha: 3.140031151257955e-05
Features selected: 7
Iterations without progress: 1

alpha: 2.738107163896937e-05
Features selected: 7
Iterations without progress: 2

Old "step_pct": 0.128
New "step_pct": 0.0256
alpha: 2.6680116205011754e-05
Features selected: 8
Iterations without progress: 0

alpha: 2.5997105230163456e-05
Features selected: 8
Iterations without progress: 1

alpha: 2.5331579336271273e-05
Features selected: 8
Iterations without progress: 2

alpha: 2.468309090526273e-05
Features selected: 8
Iterations without progress: 3

alpha: 2.4051203778088005e-05
Features selected: 8
Iterations without progress: 4

alpha: 2.3435492961368952e-05
Features selected: 8
Iterations without progress: 5

Leaving while loop before finding the alpha value that achieves selection of 9 feature(s) (minimum alpha value to use).

Using up to 8 selected features

Hyperparameter tuning...

Number of features: 1
Trimming excess components in <param_grid>...
Number of features: 2
Trimming excess components in <param_grid>...
Number of features: 3
Trimming excess components in <param_grid>...
Number of features: 4
Trimming excess components in <param_grid>...
Number of features: 4
Trimming excess components in <param_grid>...
Number of features: 3
Trimming excess components in <param_grid>...
Number of features: 3
Trimming excess components in <param_grid>...
Number of features: 5
Trimming excess components in <param_grid>...
Number of features: 7
Trimming excess components in <param_grid>...
Number of features: 5
Trimming excess components in <param_grid>...
Number of features: 6
Trimming excess components in <param_grid>...
Number of features: 8
Trimming excess components in <param_grid>...
Number of features: 4
Trimming excess components in <param_grid>...
Number of features: 4
Trimming excess components in <param_grid>...
Testing...

GLOBUS TRANSFER task_id: 89e42cbc-29a6-11eb-b165-0ee0d5d9299f
Waiting for transfer 89e42cbc-29a6-11eb-b165-0ee0d5d9299f to complete...
DONE.
GLOBUS DELETE task_id: 9028db86-29a6-11eb-b165-0ee0d5d9299f
Skipping past idx_grix 0...
Skipping past idx_grix 1...
Skipping past idx_grix 2...
Skipping past idx_grix 3...
Skipping past idx_grix 4...
Skipping past idx_grix 5...
Skipping past idx_grix 6...
Skipping past idx_grix 7...
Skipping past idx_grix 8...
Skipping past idx_grix 9...
Skipping past idx_grix 10...
Skipping past idx_grix 11...
Skipping past idx_grix 12...
Skipping past idx_grix 13...
Skipping past idx_grix 14...
Skipping past idx_grix 15...
Skipping past idx_grix 16...
Skipping past idx_grix 17...
Skipping past idx_grix 18...
Skipping past idx_grix 19...
Skipping past idx_grix 20...
Skipping past idx_grix 21...
Skipping past idx_grix 22...
Skipping past idx_grix 23...
Skipping past idx_grix 24...
Skipping past idx_grix 25...
Skipping past idx_grix 26...
Skipping past idx_grix 27...
Skipping past idx_grix 28...
Skipping past idx_grix 29...
Skipping past idx_grix 30...
Skipping past idx_grix 31...
Skipping past idx_grix 32...
Skipping past idx_grix 33...
Skipping past idx_grix 34...
Skipping past idx_grix 35...
Skipping past idx_grix 36...
Skipping past idx_grix 37...
Skipping past idx_grix 38...

Processing scenario ID: 39
Panels type: ref_closest_panel
Crop type: crop_plot
Clip type: nan
Smooth type: {'window_size': 11, 'order': 2}
Bin type: {'method': 'spectral_mimic', 'sensor': 'sentinel-2a'}
Segment type: {'method': 'mcari2', 'wl1': [800], 'wl2': [670], 'wl3': [550], 'mask_percentile': 50, 'mask_side': 'lower'}

Response variable: biomass_kgha
Number of observations: 407

Feature set: derivative_2

Writing mean spectra to a ``pandas.DataFrame``.
Number of input datacubes/spectra: 835
Using up to 9 selected features

Hyperparameter tuning...

Number of features: 3
Trimming excess components in <param_grid>...
Number of features: 4
Trimming excess components in <param_grid>...
Number of features: 5
Trimming excess components in <param_grid>...
Number of features: 5
Trimming excess components in <param_grid>...
Number of features: 1
Trimming excess components in <param_grid>...
Number of features: 4
Trimming excess components in <param_grid>...
Number of features: 5
Trimming excess components in <param_grid>...
Number of features: 6
Trimming excess components in <param_grid>...
Number of features: 4
Trimming excess components in <param_grid>...
Number of features: 2
Trimming excess components in <param_grid>...
Number of features: 3
Trimming excess components in <param_grid>...
Number of features: 4
Trimming excess components in <param_grid>...
Number of features: 9
Trimming excess components in <param_grid>...
Number of features: 2
Trimming excess components in <param_grid>...
Number of features: 6
Trimming excess components in <param_grid>...
Number of features: 8
Trimming excess components in <param_grid>...
Number of features: 3
Trimming excess components in <param_grid>...
Testing...

GLOBUS TRANSFER task_id: a64ca78a-29a6-11eb-8fc0-0a34088e79f9
Waiting for transfer a64ca78a-29a6-11eb-8fc0-0a34088e79f9 to complete...
DONE.
GLOBUS DELETE task_id: bea7972c-29a6-11eb-8fc0-0a34088e79f9

Processing scenario ID: 40
Panels type: ref_closest_panel
Crop type: crop_plot
Clip type: nan
Smooth type: {'window_size': 11, 'order': 2}
Bin type: {'method': 'spectral_mimic', 'sensor': 'sentinel-2a'}
Segment type: {'method': 'mcari2', 'wl1': [800], 'wl2': [670], 'wl3': [550], 'mask_percentile': 50, 'mask_side': 'upper'}

Response variable: biomass_kgha
Number of observations: 407

Feature set: derivative_2

Writing mean spectra to a ``pandas.DataFrame``.
Number of input datacubes/spectra: 835
Old "step_pct": 0.05
New "step_pct": 0.5
alpha: 0.025
Features selected: 4
Iterations without progress: 0

alpha: 0.0125
Features selected: 4
Iterations without progress: 1

alpha: 0.00625
Features selected: 4
Iterations without progress: 2

alpha: 0.003125
Features selected: 6
Iterations without progress: 0

alpha: 0.0015625
Features selected: 5
Iterations without progress: 0

alpha: 0.00078125
Features selected: 6
Iterations without progress: 0

Old "step_pct": 0.5
New "step_pct": 0.1
alpha: 0.0007031250000000001
Features selected: 8
Iterations without progress: 0

alpha: 0.0006328125000000001
Features selected: 8
Iterations without progress: 1

alpha: 0.0006960937500000001
Features selected: 9
Iterations without progress: 0

Using up to 9 selected features

Hyperparameter tuning...

Number of features: 0
Trimming excess components in <param_grid>...
Number of features: 1
Trimming excess components in <param_grid>...
Number of features: 2
Trimming excess components in <param_grid>...
Number of features: 3
Trimming excess components in <param_grid>...
Number of features: 3
Trimming excess components in <param_grid>...
Number of features: 5
Trimming excess components in <param_grid>...
Number of features: 4
Trimming excess components in <param_grid>...
Number of features: 6
Trimming excess components in <param_grid>...
Number of features: 7
Trimming excess components in <param_grid>...
Number of features: 8
Trimming excess components in <param_grid>...
Number of features: 6
Trimming excess components in <param_grid>...
Number of features: 5
Trimming excess components in <param_grid>...
Testing...

GLOBUS TRANSFER task_id: d262bc38-29a6-11eb-b165-0ee0d5d9299f
Waiting for transfer d262bc38-29a6-11eb-b165-0ee0d5d9299f to complete...
DONE.
GLOBUS DELETE task_id: d897c684-29a6-11eb-b165-0ee0d5d9299f

Processing scenario ID: 41
Panels type: ref_closest_panel
Crop type: crop_plot
Clip type: nan
Smooth type: {'window_size': 11, 'order': 2}
Bin type: {'method': 'spectral_mimic', 'sensor': 'sentinel-2a'}
Segment type: {'method': 'mcari2', 'wl1': [800], 'wl2': [670], 'wl3': [550], 'mask_percentile': 90, 'mask_side': 'lower'}

Response variable: biomass_kgha
Number of observations: 407

Feature set: derivative_2

Writing mean spectra to a ``pandas.DataFrame``.
Number of input datacubes/spectra: 835
Old "step_pct": 0.01
New "step_pct": 0.1
alpha: 0.03132421875000001
Features selected: 4
Iterations without progress: 0

Old "step_pct": 0.1
New "step_pct": 0.5
alpha: 0.015662109375000004
Features selected: 4
Iterations without progress: 1

alpha: 0.007831054687500002
Features selected: 4
Iterations without progress: 2

alpha: 0.003915527343750001
Features selected: 6
Iterations without progress: 0

alpha: 0.0019577636718750005
Features selected: 6
Iterations without progress: 1

alpha: 0.0009788818359375002
Features selected: 7
Iterations without progress: 0

alpha: 0.0004894409179687501
Features selected: 7
Iterations without progress: 1

alpha: 0.0009299377441406251
Features selected: 9
Iterations without progress: 0

Using up to 9 selected features

Hyperparameter tuning...

Number of features: 1
Trimming excess components in <param_grid>...
Number of features: 5
Trimming excess components in <param_grid>...
Number of features: 4
Trimming excess components in <param_grid>...
Number of features: 3
Trimming excess components in <param_grid>...
Number of features: 4
Trimming excess components in <param_grid>...
Number of features: 9
Trimming excess components in <param_grid>...
Number of features: 5
Trimming excess components in <param_grid>...
Number of features: 7
Trimming excess components in <param_grid>...
Number of features: 3
Trimming excess components in <param_grid>...
Number of features: 4
Trimming excess components in <param_grid>...
Number of features: 4
Trimming excess components in <param_grid>...
Number of features: 6
Trimming excess components in <param_grid>...
Number of features: 2
Trimming excess components in <param_grid>...
Number of features: 3
Trimming excess components in <param_grid>...
Number of features: 5
Trimming excess components in <param_grid>...
Number of features: 6
Trimming excess components in <param_grid>...
Testing...

GLOBUS TRANSFER task_id: ed6da614-29a6-11eb-b53b-02d9497ca481
Waiting for transfer ed6da614-29a6-11eb-b53b-02d9497ca481 to complete...
DONE.
GLOBUS DELETE task_id: 05d7d544-29a7-11eb-b53b-02d9497ca481
Skipping past idx_grix 0...
Skipping past idx_grix 1...
Skipping past idx_grix 2...
Skipping past idx_grix 3...
Skipping past idx_grix 4...
Skipping past idx_grix 5...
Skipping past idx_grix 6...
Skipping past idx_grix 7...
Skipping past idx_grix 8...
Skipping past idx_grix 9...
Skipping past idx_grix 10...
Skipping past idx_grix 11...
Skipping past idx_grix 12...
Skipping past idx_grix 13...
Skipping past idx_grix 14...
Skipping past idx_grix 15...
Skipping past idx_grix 16...
Skipping past idx_grix 17...
Skipping past idx_grix 18...
Skipping past idx_grix 19...
Skipping past idx_grix 20...
Skipping past idx_grix 21...
Skipping past idx_grix 22...
Skipping past idx_grix 23...
Skipping past idx_grix 24...
Skipping past idx_grix 25...
Skipping past idx_grix 26...
Skipping past idx_grix 27...
Skipping past idx_grix 28...
Skipping past idx_grix 29...
Skipping past idx_grix 30...
Skipping past idx_grix 31...
Skipping past idx_grix 32...
Skipping past idx_grix 33...
Skipping past idx_grix 34...
Skipping past idx_grix 35...
Skipping past idx_grix 36...
Skipping past idx_grix 37...
Skipping past idx_grix 38...

Processing scenario ID: 39
Panels type: ref_closest_panel
Crop type: crop_plot
Clip type: nan
Smooth type: {'window_size': 11, 'order': 2}
Bin type: {'method': 'spectral_mimic', 'sensor': 'sentinel-2a'}
Segment type: {'method': 'mcari2', 'wl1': [800], 'wl2': [670], 'wl3': [550], 'mask_percentile': 50, 'mask_side': 'lower'}

Response variable: nup_kgha
Number of observations: 407

Feature set: derivative_2

Writing mean spectra to a ``pandas.DataFrame``.
Number of input datacubes/spectra: 835
Old "step_pct": 0.05
New "step_pct": 0.5
alpha: 0.0005
Features selected: 4
Iterations without progress: 0

alpha: 0.00025
Features selected: 4
Iterations without progress: 1

alpha: 0.000125
Features selected: 5
Iterations without progress: 0

alpha: 6.25e-05
Features selected: 5
Iterations without progress: 1

alpha: 3.125e-05
Features selected: 6
Iterations without progress: 0

alpha: 1.5625e-05
Features selected: 7
Iterations without progress: 0

alpha: 7.8125e-06
Features selected: 7
Iterations without progress: 1

alpha: 3.90625e-06
Features selected: 7
Iterations without progress: 2

alpha: 7.421875e-06
Features selected: 9
Iterations without progress: 0

Using up to 9 selected features

Hyperparameter tuning...

Number of features: 2
Trimming excess components in <param_grid>...
Number of features: 2
Trimming excess components in <param_grid>...
Number of features: 6
Trimming excess components in <param_grid>...
Number of features: 4
Trimming excess components in <param_grid>...
Number of features: 5
Trimming excess components in <param_grid>...
Number of features: 5
Trimming excess components in <param_grid>...
Number of features: 3
Trimming excess components in <param_grid>...
Number of features: 1
Trimming excess components in <param_grid>...
Number of features: 3
Trimming excess components in <param_grid>...
Number of features: 4
Trimming excess components in <param_grid>...
Number of features: 6
Trimming excess components in <param_grid>...
Number of features: 5
Trimming excess components in <param_grid>...
Number of features: 5
Trimming excess components in <param_grid>...
Number of features: 4
Trimming excess components in <param_grid>...
Number of features: 6
Trimming excess components in <param_grid>...
Number of features: 3
Trimming excess components in <param_grid>...
Number of features: 4
Trimming excess components in <param_grid>...
Number of features: 7
Trimming excess components in <param_grid>...
Testing...

GLOBUS TRANSFER task_id: 188f8524-29a7-11eb-8fc0-0a34088e79f9
Waiting for transfer 188f8524-29a7-11eb-8fc0-0a34088e79f9 to complete...
DONE.
GLOBUS DELETE task_id: 30e332b0-29a7-11eb-8fc0-0a34088e79f9

Processing scenario ID: 40
Panels type: ref_closest_panel
Crop type: crop_plot
Clip type: nan
Smooth type: {'window_size': 11, 'order': 2}
Bin type: {'method': 'spectral_mimic', 'sensor': 'sentinel-2a'}
Segment type: {'method': 'mcari2', 'wl1': [800], 'wl2': [670], 'wl3': [550], 'mask_percentile': 50, 'mask_side': 'upper'}

Response variable: nup_kgha
Number of observations: 407

Feature set: derivative_2

Writing mean spectra to a ``pandas.DataFrame``.
Number of input datacubes/spectra: 835
Old "step_pct": 0.05
New "step_pct": 0.5
alpha: 0.000185546875
Features selected: 4
Iterations without progress: 0

alpha: 9.27734375e-05
Features selected: 4
Iterations without progress: 1

alpha: 4.638671875e-05
Features selected: 6
Iterations without progress: 0

alpha: 2.3193359375e-05
Features selected: 5
Iterations without progress: 0

alpha: 1.15966796875e-05
Features selected: 6
Iterations without progress: 0

alpha: 5.79833984375e-06
Features selected: 7
Iterations without progress: 0

alpha: 2.899169921875e-06
Features selected: 7
Iterations without progress: 1

alpha: 1.4495849609375e-06
Features selected: 7
Iterations without progress: 2

alpha: 7.2479248046875e-07
Features selected: 7
Iterations without progress: 3

alpha: 3.62396240234375e-07
Features selected: 7
Iterations without progress: 4

alpha: 1.811981201171875e-07
Features selected: 7
Iterations without progress: 5

alpha: 3.4427642822265624e-07
Features selected: 9
Iterations without progress: 0

Using up to 9 selected features

Hyperparameter tuning...

Number of features: 1
Trimming excess components in <param_grid>...
Number of features: 2
Trimming excess components in <param_grid>...
Number of features: 2
Trimming excess components in <param_grid>...
Number of features: 5
Trimming excess components in <param_grid>...
Number of features: 4
Trimming excess components in <param_grid>...
Number of features: 3
Trimming excess components in <param_grid>...
Number of features: 5
Trimming excess components in <param_grid>...
Number of features: 4
Trimming excess components in <param_grid>...
Number of features: 6
Trimming excess components in <param_grid>...
Number of features: 6
Trimming excess components in <param_grid>...
Number of features: 7
Trimming excess components in <param_grid>...
Testing...

GLOBUS TRANSFER task_id: 42fe5f2e-29a7-11eb-b165-0ee0d5d9299f
Waiting for transfer 42fe5f2e-29a7-11eb-b165-0ee0d5d9299f to complete...
DONE.
GLOBUS DELETE task_id: 5b822666-29a7-11eb-b165-0ee0d5d9299f

Processing scenario ID: 41
Panels type: ref_closest_panel
Crop type: crop_plot
Clip type: nan
Smooth type: {'window_size': 11, 'order': 2}
Bin type: {'method': 'spectral_mimic', 'sensor': 'sentinel-2a'}
Segment type: {'method': 'mcari2', 'wl1': [800], 'wl2': [670], 'wl3': [550], 'mask_percentile': 90, 'mask_side': 'lower'}

Response variable: nup_kgha
Number of observations: 407

Feature set: derivative_2

Writing mean spectra to a ``pandas.DataFrame``.
Number of input datacubes/spectra: 835
alpha: 1.6353130340576173e-05
Features selected: 8
Iterations without progress: 1

alpha: 1.5535473823547363e-05
Features selected: 8
Iterations without progress: 2

alpha: 1.4758700132369994e-05
Features selected: 8
Iterations without progress: 3

alpha: 1.4020765125751495e-05
Features selected: 8
Iterations without progress: 4

alpha: 1.331972686946392e-05
Features selected: 8
Iterations without progress: 5

Leaving while loop before finding the alpha value that achieves selection of 9 feature(s) (minimum alpha value to use).

Using up to 8 selected features

Hyperparameter tuning...

Number of features: 1
Trimming excess components in <param_grid>...
Number of features: 2
Trimming excess components in <param_grid>...
Number of features: 4
Trimming excess components in <param_grid>...
Number of features: 5
Trimming excess components in <param_grid>...
Number of features: 5
Trimming excess components in <param_grid>...
Number of features: 6
Trimming excess components in <param_grid>...
Number of features: 5
Trimming excess components in <param_grid>...
Number of features: 8
Trimming excess components in <param_grid>...
Number of features: 4
Trimming excess components in <param_grid>...
Number of features: 7
Trimming excess components in <param_grid>...
Number of features: 6
Trimming excess components in <param_grid>...
Number of features: 4
Trimming excess components in <param_grid>...
Number of features: 5
Trimming excess components in <param_grid>...
Number of features: 6
Trimming excess components in <param_grid>...
Number of features: 3
Trimming excess components in <param_grid>...
Number of features: 3
Trimming excess components in <param_grid>...
Testing...

GLOBUS TRANSFER task_id: 6e1d01d8-29a7-11eb-b53b-02d9497ca481
Waiting for transfer 6e1d01d8-29a7-11eb-b53b-02d9497ca481 to complete...
DONE.
GLOBUS DELETE task_id: 86963b26-29a7-11eb-b53b-02d9497ca481
Skipping past idx_grix 0...
Skipping past idx_grix 1...
Skipping past idx_grix 2...
Skipping past idx_grix 3...
Skipping past idx_grix 4...
Skipping past idx_grix 5...
Skipping past idx_grix 6...
Skipping past idx_grix 7...
Skipping past idx_grix 8...
Skipping past idx_grix 9...
Skipping past idx_grix 10...
Skipping past idx_grix 11...
Skipping past idx_grix 12...
Skipping past idx_grix 13...
Skipping past idx_grix 14...
Skipping past idx_grix 15...
Skipping past idx_grix 16...
Skipping past idx_grix 17...
Skipping past idx_grix 18...
Skipping past idx_grix 19...
Skipping past idx_grix 20...
Skipping past idx_grix 21...
Skipping past idx_grix 22...
Skipping past idx_grix 23...
Skipping past idx_grix 24...
Skipping past idx_grix 25...
Skipping past idx_grix 26...
Skipping past idx_grix 27...
Skipping past idx_grix 28...
Skipping past idx_grix 29...
Skipping past idx_grix 30...
Skipping past idx_grix 31...
Skipping past idx_grix 32...
Skipping past idx_grix 33...
Skipping past idx_grix 34...
Skipping past idx_grix 35...
Skipping past idx_grix 36...
Skipping past idx_grix 37...
Skipping past idx_grix 38...

Processing scenario ID: 39
Panels type: ref_closest_panel
Crop type: crop_plot
Clip type: nan
Smooth type: {'window_size': 11, 'order': 2}
Bin type: {'method': 'spectral_mimic', 'sensor': 'sentinel-2a'}
Segment type: {'method': 'mcari2', 'wl1': [800], 'wl2': [670], 'wl3': [550], 'mask_percentile': 50, 'mask_side': 'lower'}

Response variable: tissue_n_pct
Number of observations: 408

Feature set: derivative_2

Writing mean spectra to a ``pandas.DataFrame``.
Number of input datacubes/spectra: 835
Old "step_pct": 0.05
New "step_pct": 0.5
alpha: 0.0005
Features selected: 1
Iterations without progress: 0

alpha: 0.00025
Features selected: 2
Iterations without progress: 0

alpha: 0.000125
Features selected: 3
Iterations without progress: 0

alpha: 6.25e-05
Features selected: 3
Iterations without progress: 1

alpha: 3.125e-05
Features selected: 3
Iterations without progress: 2

alpha: 1.5625e-05
Features selected: 4
Iterations without progress: 0

alpha: 7.8125e-06
Features selected: 4
Iterations without progress: 1

alpha: 3.90625e-06
Features selected: 4
Iterations without progress: 2

alpha: 1.953125e-06
Features selected: 5
Iterations without progress: 0

alpha: 9.765625e-07
Features selected: 5
Iterations without progress: 1

Old "step_pct": 0.5
New "step_pct": 0.1
alpha: 8.789062500000001e-07
Features selected: 8
Iterations without progress: 0

alpha: 7.910156250000001e-07
Features selected: 8
Iterations without progress: 1

alpha: 8.701171875000001e-07
Features selected: 9
Iterations without progress: 0

Using up to 9 selected features

Hyperparameter tuning...

Number of features: 1
Trimming excess components in <param_grid>...
Number of features: 0
Trimming excess components in <param_grid>...
Number of features: 4
Trimming excess components in <param_grid>...
Number of features: 4
Trimming excess components in <param_grid>...
Number of features: 4
Trimming excess components in <param_grid>...
Number of features: 6
Trimming excess components in <param_grid>...
Number of features: 8
Trimming excess components in <param_grid>...
Number of features: 7
Trimming excess components in <param_grid>...
Number of features: 3
Trimming excess components in <param_grid>...
Number of features: 3
Trimming excess components in <param_grid>...
Number of features: 3
Trimming excess components in <param_grid>...
Number of features: 4
Trimming excess components in <param_grid>...
Number of features: 5
Trimming excess components in <param_grid>...
Number of features: 6
Trimming excess components in <param_grid>...
Number of features: 6
Trimming excess components in <param_grid>...
Number of features: 5
Trimming excess components in <param_grid>...
Number of features: 2
Trimming excess components in <param_grid>...
Number of features: 7
Trimming excess components in <param_grid>...
Testing...

GLOBUS TRANSFER task_id: 9a0acac8-29a7-11eb-b165-0ee0d5d9299f
Waiting for transfer 9a0acac8-29a7-11eb-b165-0ee0d5d9299f to complete...
DONE.
GLOBUS DELETE task_id: a0412838-29a7-11eb-b165-0ee0d5d9299f

Processing scenario ID: 40
Panels type: ref_closest_panel
Crop type: crop_plot
Clip type: nan
Smooth type: {'window_size': 11, 'order': 2}
Bin type: {'method': 'spectral_mimic', 'sensor': 'sentinel-2a'}
Segment type: {'method': 'mcari2', 'wl1': [800], 'wl2': [670], 'wl3': [550], 'mask_percentile': 50, 'mask_side': 'upper'}

Response variable: tissue_n_pct
Number of observations: 408

Feature set: derivative_2

Writing mean spectra to a ``pandas.DataFrame``.
Number of input datacubes/spectra: 835
Old "step_pct": 0.01
New "step_pct": 0.1
alpha: 3.9155273437500006e-05
Features selected: 3
Iterations without progress: 0

Old "step_pct": 0.1
New "step_pct": 0.5
alpha: 1.9577636718750003e-05
Features selected: 3
Iterations without progress: 1

alpha: 9.788818359375001e-06
Features selected: 3
Iterations without progress: 2

alpha: 4.894409179687501e-06
Features selected: 4
Iterations without progress: 0

alpha: 2.4472045898437503e-06
Features selected: 5
Iterations without progress: 0

alpha: 1.2236022949218752e-06
Features selected: 5
Iterations without progress: 1

Old "step_pct": 0.5
New "step_pct": 0.1
alpha: 1.1012420654296877e-06
Features selected: 8
Iterations without progress: 0

alpha: 9.911178588867189e-07
Features selected: 8
Iterations without progress: 1

alpha: 8.920060729980471e-07
Features selected: 8
Iterations without progress: 2

alpha: 8.028054656982424e-07
Features selected: 8
Iterations without progress: 3

alpha: 7.225249191284182e-07
Features selected: 8
Iterations without progress: 4

alpha: 6.502724272155764e-07
Features selected: 8
Iterations without progress: 5

Leaving while loop before finding the alpha value that achieves selection of 9 feature(s) (minimum alpha value to use).

Using up to 8 selected features

Hyperparameter tuning...

Number of features: 1
Trimming excess components in <param_grid>...
Number of features: 3
Trimming excess components in <param_grid>...
Number of features: 0
Trimming excess components in <param_grid>...
Number of features: 3
Trimming excess components in <param_grid>...
Number of features: 4
Trimming excess components in <param_grid>...
Number of features: 6
Trimming excess components in <param_grid>...
Number of features: 4
Trimming excess components in <param_grid>...
Number of features: 4
Trimming excess components in <param_grid>...
Number of features: 5
Trimming excess components in <param_grid>...
Number of features: 3
Trimming excess components in <param_grid>...
Number of features: 5
Trimming excess components in <param_grid>...
Number of features: 5
Trimming excess components in <param_grid>...
Number of features: 4
Trimming excess components in <param_grid>...
Number of features: 2
Trimming excess components in <param_grid>...
Number of features: 8
Trimming excess components in <param_grid>...
Number of features: 3
Trimming excess components in <param_grid>...
Number of features: 7
Trimming excess components in <param_grid>...
Number of features: 4
Trimming excess components in <param_grid>...
Number of features: 6
Trimming excess components in <param_grid>...
Number of features: 7
Trimming excess components in <param_grid>...
Testing...

GLOBUS TRANSFER task_id: b3c7ec70-29a7-11eb-8fc0-0a34088e79f9
Waiting for transfer b3c7ec70-29a7-11eb-8fc0-0a34088e79f9 to complete...
DONE.
GLOBUS DELETE task_id: cc1a84f4-29a7-11eb-8fc0-0a34088e79f9

Processing scenario ID: 41
Panels type: ref_closest_panel
Crop type: crop_plot
Clip type: nan
Smooth type: {'window_size': 11, 'order': 2}
Bin type: {'method': 'spectral_mimic', 'sensor': 'sentinel-2a'}
Segment type: {'method': 'mcari2', 'wl1': [800], 'wl2': [670], 'wl3': [550], 'mask_percentile': 90, 'mask_side': 'lower'}

Response variable: tissue_n_pct
Number of observations: 408

Feature set: derivative_2

Writing mean spectra to a ``pandas.DataFrame``.
Number of input datacubes/spectra: 835
Old "step_pct": 0.1
New "step_pct": 0.5
alpha: 1.625681068038941e-05
Features selected: 4
Iterations without progress: 1

alpha: 8.128405340194705e-06
Features selected: 5
Iterations without progress: 0

alpha: 4.064202670097353e-06
Features selected: 4
Iterations without progress: 0

alpha: 2.0321013350486763e-06
Features selected: 4
Iterations without progress: 1

alpha: 1.0160506675243382e-06
Features selected: 5
Iterations without progress: 0

alpha: 5.080253337621691e-07
Features selected: 6
Iterations without progress: 0

alpha: 2.5401266688108454e-07
Features selected: 6
Iterations without progress: 1

Old "step_pct": 0.5
New "step_pct": 0.1
alpha: 2.2861140019297608e-07
Features selected: 8
Iterations without progress: 0

alpha: 2.5147254021227367e-07
Features selected: 9
Iterations without progress: 0

Using up to 9 selected features

Hyperparameter tuning...

Number of features: 2
Trimming excess components in <param_grid>...
Number of features: 0
Trimming excess components in <param_grid>...
Number of features: 3
Trimming excess components in <param_grid>...
Number of features: 5
Trimming excess components in <param_grid>...
Number of features: 6
Trimming excess components in <param_grid>...
Number of features: 4
Trimming excess components in <param_grid>...
Number of features: 3
Trimming excess components in <param_grid>...
Number of features: 7
Trimming excess components in <param_grid>...
Number of features: 5
Trimming excess components in <param_grid>...
Number of features: 6
Trimming excess components in <param_grid>...
Number of features: 4
Trimming excess components in <param_grid>...
Number of features: 9
Trimming excess components in <param_grid>...
Number of features: 4
Trimming excess components in <param_grid>...
Number of features: 5
Trimming excess components in <param_grid>...
Number of features: 4
Trimming excess components in <param_grid>...
Number of features: 6
Trimming excess components in <param_grid>...
Number of features: 6
Trimming excess components in <param_grid>...
Number of features: 5
Trimming excess components in <param_grid>...
Number of features: 1
Trimming excess components in <param_grid>...
Number of features: 4
Trimming excess components in <param_grid>...
Testing...

GLOBUS TRANSFER task_id: df396c58-29a7-11eb-8fc0-0a34088e79f9
Waiting for transfer df396c58-29a7-11eb-8fc0-0a34088e79f9 to complete...
DONE.
GLOBUS DELETE task_id: 02e80377-29a8-11eb-8fc0-0a34088e79f9

Processing scenario ID: 39
Panels type: ref_closest_panel
Crop type: crop_plot
Clip type: nan
Smooth type: {'window_size': 11, 'order': 2}
Bin type: {'method': 'spectral_mimic', 'sensor': 'sentinel-2a'}
Segment type: {'method': 'mcari2', 'wl1': [800], 'wl2': [670], 'wl3': [550], 'mask_percentile': 50, 'mask_side': 'lower'}
GLOBUS TRANSFER task_id: 0acf88c0-29a8-11eb-b165-0ee0d5d9299f
Waiting for transfer 0acf88c0-29a8-11eb-b165-0ee0d5d9299f to complete...
Transfer 0acf88c0-29a8-11eb-b165-0ee0d5d9299f has not yet finished; transfer submitted 1 minute(s) ago
Transfer 0acf88c0-29a8-11eb-b165-0ee0d5d9299f has not yet finished; transfer submitted 2 minute(s) ago
Transfer 0acf88c0-29a8-11eb-b165-0ee0d5d9299f has not yet finished; transfer submitted 3 minute(s) ago
Transfer 0acf88c0-29a8-11eb-b165-0ee0d5d9299f has not yet finished; transfer submitted 4 minute(s) ago
Transfer 0acf88c0-29a8-11eb-b165-0ee0d5d9299f has not yet finished; transfer submitted 5 minute(s) ago
Transfer 0acf88c0-29a8-11eb-b165-0ee0d5d9299f has not yet finished; transfer submitted 6 minute(s) ago
Transfer 0acf88c0-29a8-11eb-b165-0ee0d5d9299f has not yet finished; transfer submitted 7 minute(s) ago
DONE.
GLOBUS DELETE task_id: 15e99d30-29a9-11eb-b165-0ee0d5d9299f

Processing scenario ID: 40
Panels type: ref_closest_panel
Crop type: crop_plot
Clip type: nan
Smooth type: {'window_size': 11, 'order': 2}
Bin type: {'method': 'spectral_mimic', 'sensor': 'sentinel-2a'}
Segment type: {'method': 'mcari2', 'wl1': [800], 'wl2': [670], 'wl3': [550], 'mask_percentile': 50, 'mask_side': 'upper'}
GLOBUS TRANSFER task_id: 178a1d5e-29a9-11eb-b165-0ee0d5d9299f
Waiting for transfer 178a1d5e-29a9-11eb-b165-0ee0d5d9299f to complete...
Transfer 178a1d5e-29a9-11eb-b165-0ee0d5d9299f has not yet finished; transfer submitted 1 minute(s) ago
Transfer 178a1d5e-29a9-11eb-b165-0ee0d5d9299f has not yet finished; transfer submitted 2 minute(s) ago
Transfer 178a1d5e-29a9-11eb-b165-0ee0d5d9299f has not yet finished; transfer submitted 3 minute(s) ago
Transfer 178a1d5e-29a9-11eb-b165-0ee0d5d9299f has not yet finished; transfer submitted 4 minute(s) ago
Transfer 178a1d5e-29a9-11eb-b165-0ee0d5d9299f has not yet finished; transfer submitted 5 minute(s) ago
Transfer 178a1d5e-29a9-11eb-b165-0ee0d5d9299f has not yet finished; transfer submitted 6 minute(s) ago
Transfer 178a1d5e-29a9-11eb-b165-0ee0d5d9299f has not yet finished; transfer submitted 7 minute(s) ago
Transfer 178a1d5e-29a9-11eb-b165-0ee0d5d9299f has not yet finished; transfer submitted 8 minute(s) ago
Transfer 178a1d5e-29a9-11eb-b165-0ee0d5d9299f has not yet finished; transfer submitted 9 minute(s) ago
Transfer 178a1d5e-29a9-11eb-b165-0ee0d5d9299f has not yet finished; transfer submitted 10 minute(s) ago
Transfer 178a1d5e-29a9-11eb-b165-0ee0d5d9299f has not yet finished; transfer submitted 11 minute(s) ago
Transfer 178a1d5e-29a9-11eb-b165-0ee0d5d9299f has not yet finished; transfer submitted 12 minute(s) ago
Transfer 178a1d5e-29a9-11eb-b165-0ee0d5d9299f has not yet finished; transfer submitted 13 minute(s) ago
Transfer 178a1d5e-29a9-11eb-b165-0ee0d5d9299f has not yet finished; transfer submitted 14 minute(s) ago
Transfer 178a1d5e-29a9-11eb-b165-0ee0d5d9299f has not yet finished; transfer submitted 15 minute(s) ago
Transfer 178a1d5e-29a9-11eb-b165-0ee0d5d9299f has not yet finished; transfer submitted 16 minute(s) ago
Transfer 178a1d5e-29a9-11eb-b165-0ee0d5d9299f has not yet finished; transfer submitted 17 minute(s) ago
DONE.
GLOBUS DELETE task_id: 94b71fe6-29ab-11eb-b53b-02d9497ca481

Processing scenario ID: 41
Panels type: ref_closest_panel
Crop type: crop_plot
Clip type: nan
Smooth type: {'window_size': 11, 'order': 2}
Bin type: {'method': 'spectral_mimic', 'sensor': 'sentinel-2a'}
Segment type: {'method': 'mcari2', 'wl1': [800], 'wl2': [670], 'wl3': [550], 'mask_percentile': 90, 'mask_side': 'lower'}
GLOBUS TRANSFER task_id: 964f0da0-29ab-11eb-b53b-02d9497ca481
Waiting for transfer 964f0da0-29ab-11eb-b53b-02d9497ca481 to complete...
Transfer 964f0da0-29ab-11eb-b53b-02d9497ca481 has not yet finished; transfer submitted 1 minute(s) ago
Transfer 964f0da0-29ab-11eb-b53b-02d9497ca481 has not yet finished; transfer submitted 2 minute(s) ago
Transfer 964f0da0-29ab-11eb-b53b-02d9497ca481 has not yet finished; transfer submitted 3 minute(s) ago
Transfer 964f0da0-29ab-11eb-b53b-02d9497ca481 has not yet finished; transfer submitted 4 minute(s) ago
Transfer 964f0da0-29ab-11eb-b53b-02d9497ca481 has not yet finished; transfer submitted 5 minute(s) ago
Transfer 964f0da0-29ab-11eb-b53b-02d9497ca481 has not yet finished; transfer submitted 6 minute(s) ago
Transfer 964f0da0-29ab-11eb-b53b-02d9497ca481 has not yet finished; transfer submitted 7 minute(s) ago
Transfer 964f0da0-29ab-11eb-b53b-02d9497ca481 has not yet finished; transfer submitted 8 minute(s) ago
Transfer 964f0da0-29ab-11eb-b53b-02d9497ca481 has not yet finished; transfer submitted 9 minute(s) ago
Transfer 964f0da0-29ab-11eb-b53b-02d9497ca481 has not yet finished; transfer submitted 10 minute(s) ago
Transfer 964f0da0-29ab-11eb-b53b-02d9497ca481 has not yet finished; transfer submitted 11 minute(s) ago
Transfer 964f0da0-29ab-11eb-b53b-02d9497ca481 has not yet finished; transfer submitted 12 minute(s) ago
DONE.
GLOBUS DELETE task_id: 68753416-29ad-11eb-b53b-02d9497ca481
