Skipping past idx_grix 0...
Skipping past idx_grix 1...
Skipping past idx_grix 2...
Skipping past idx_grix 3...
Skipping past idx_grix 4...
Skipping past idx_grix 5...
Skipping past idx_grix 6...
Skipping past idx_grix 7...
Skipping past idx_grix 8...
Skipping past idx_grix 9...
Skipping past idx_grix 10...
Skipping past idx_grix 11...
Skipping past idx_grix 12...
Skipping past idx_grix 13...
Skipping past idx_grix 14...
Skipping past idx_grix 15...
Skipping past idx_grix 16...
Skipping past idx_grix 17...
Skipping past idx_grix 18...
Skipping past idx_grix 19...
Skipping past idx_grix 20...
Skipping past idx_grix 21...
Skipping past idx_grix 22...
Skipping past idx_grix 23...
Skipping past idx_grix 24...
Skipping past idx_grix 25...
Skipping past idx_grix 26...
Skipping past idx_grix 27...
Skipping past idx_grix 28...
Skipping past idx_grix 29...
Skipping past idx_grix 30...
Skipping past idx_grix 31...
Skipping past idx_grix 32...
Skipping past idx_grix 33...
Skipping past idx_grix 34...
Skipping past idx_grix 35...

Processing scenario ID: 36
Panels type: ref_closest_panel
Crop type: crop_plot
Clip type: nan
Smooth type: {'window_size': 11, 'order': 2}
Bin type: {'method': 'spectral_mimic', 'sensor': 'sentinel-2a'}
Segment type: nan

Response variable: biomass_kgha
Number of observations: 407

Feature set: reflectance

Writing mean spectra to a ``pandas.DataFrame``.
Number of input datacubes/spectra: 835
Using up to 9 selected features

Hyperparameter tuning...

Number of features: 1
Trimming excess components in <param_grid>...
Number of features: 2
Trimming excess components in <param_grid>...
Number of features: 3
Trimming excess components in <param_grid>...
Number of features: 3
Trimming excess components in <param_grid>...
Number of features: 4
Trimming excess components in <param_grid>...
Number of features: 2
Trimming excess components in <param_grid>...
Number of features: 6
Trimming excess components in <param_grid>...
Number of features: 7
Trimming excess components in <param_grid>...
Number of features: 8
Trimming excess components in <param_grid>...
Number of features: 9
Trimming excess components in <param_grid>...
Number of features: 5
Trimming excess components in <param_grid>...
Testing...

GLOBUS TRANSFER task_id: 95b8df0a-29a2-11eb-8fc0-0a34088e79f9
Waiting for transfer 95b8df0a-29a2-11eb-8fc0-0a34088e79f9 to complete...
DONE.
GLOBUS DELETE task_id: b40ca96e-29a2-11eb-8fc0-0a34088e79f9

Processing scenario ID: 37
Panels type: ref_closest_panel
Crop type: crop_plot
Clip type: nan
Smooth type: {'window_size': 11, 'order': 2}
Bin type: {'method': 'spectral_mimic', 'sensor': 'sentinel-2a'}
Segment type: {'method': 'ndi', 'wl1': [770, 800], 'wl2': [650, 680], 'mask_percentile': 50, 'mask_side': 'lower'}

Response variable: biomass_kgha
Number of observations: 407

Feature set: reflectance

Writing mean spectra to a ``pandas.DataFrame``.
Number of input datacubes/spectra: 835
Using up to 9 selected features

Hyperparameter tuning...

Number of features: 3
Trimming excess components in <param_grid>...
Number of features: 1
Trimming excess components in <param_grid>...
Number of features: 2
Trimming excess components in <param_grid>...
Number of features: 4
Trimming excess components in <param_grid>...
Number of features: 5
Trimming excess components in <param_grid>...
Number of features: 5
Trimming excess components in <param_grid>...
Number of features: 6
Trimming excess components in <param_grid>...
Number of features: 7
Trimming excess components in <param_grid>...
Number of features: 8
Trimming excess components in <param_grid>...
Number of features: 9
Trimming excess components in <param_grid>...
Testing...

GLOBUS TRANSFER task_id: cc4ec7aa-29a2-11eb-b165-0ee0d5d9299f
Waiting for transfer cc4ec7aa-29a2-11eb-b165-0ee0d5d9299f to complete...
Transfer cc4ec7aa-29a2-11eb-b165-0ee0d5d9299f has not yet finished; transfer submitted 1 minute(s) ago
DONE.
GLOBUS DELETE task_id: 151bda36-29a3-11eb-b165-0ee0d5d9299f

Processing scenario ID: 38
Panels type: ref_closest_panel
Crop type: crop_plot
Clip type: nan
Smooth type: {'window_size': 11, 'order': 2}
Bin type: {'method': 'spectral_mimic', 'sensor': 'sentinel-2a'}
Segment type: {'method': 'ndi', 'wl1': [770, 800], 'wl2': [650, 680], 'mask_percentile': 50, 'mask_side': 'upper'}

Response variable: biomass_kgha
Number of observations: 407

Feature set: reflectance

Writing mean spectra to a ``pandas.DataFrame``.
Number of input datacubes/spectra: 835
Using up to 9 selected features

Hyperparameter tuning...

Number of features: 2
Trimming excess components in <param_grid>...
Number of features: 1
Trimming excess components in <param_grid>...
Number of features: 3
Trimming excess components in <param_grid>...
Number of features: 2
Trimming excess components in <param_grid>...
Number of features: 2
Trimming excess components in <param_grid>...
Number of features: 3
Trimming excess components in <param_grid>...
Number of features: 2
Trimming excess components in <param_grid>...
Number of features: 5
Trimming excess components in <param_grid>...
Number of features: 2
Trimming excess components in <param_grid>...
Number of features: 3
Trimming excess components in <param_grid>...
Number of features: 7
Trimming excess components in <param_grid>...
Number of features: 6
Trimming excess components in <param_grid>...
Number of features: 5
Trimming excess components in <param_grid>...
Number of features: 4
Trimming excess components in <param_grid>...
Number of features: 8
Trimming excess components in <param_grid>...
Number of features: 3
Trimming excess components in <param_grid>...
Number of features: 6
Trimming excess components in <param_grid>...
Number of features: 8
Trimming excess components in <param_grid>...
Number of features: 7
Trimming excess components in <param_grid>...
Number of features: 6
Trimming excess components in <param_grid>...
Number of features: 5
Trimming excess components in <param_grid>...
Number of features: 3
Trimming excess components in <param_grid>...
Number of features: 9
Trimming excess components in <param_grid>...
Testing...

GLOBUS TRANSFER task_id: 30d78a9a-29a3-11eb-b53b-02d9497ca481
Waiting for transfer 30d78a9a-29a3-11eb-b53b-02d9497ca481 to complete...
Transfer 30d78a9a-29a3-11eb-b53b-02d9497ca481 has not yet finished; transfer submitted 1 minute(s) ago
Transfer 30d78a9a-29a3-11eb-b53b-02d9497ca481 has not yet finished; transfer submitted 2 minute(s) ago
Transfer 30d78a9a-29a3-11eb-b53b-02d9497ca481 has not yet finished; transfer submitted 3 minute(s) ago
Transfer 30d78a9a-29a3-11eb-b53b-02d9497ca481 has not yet finished; transfer submitted 4 minute(s) ago
Transfer 30d78a9a-29a3-11eb-b53b-02d9497ca481 has not yet finished; transfer submitted 5 minute(s) ago
DONE.
GLOBUS DELETE task_id: f89d0d2a-29a3-11eb-b53b-02d9497ca481
Skipping past idx_grix 0...
Skipping past idx_grix 1...
Skipping past idx_grix 2...
Skipping past idx_grix 3...
Skipping past idx_grix 4...
Skipping past idx_grix 5...
Skipping past idx_grix 6...
Skipping past idx_grix 7...
Skipping past idx_grix 8...
Skipping past idx_grix 9...
Skipping past idx_grix 10...
Skipping past idx_grix 11...
Skipping past idx_grix 12...
Skipping past idx_grix 13...
Skipping past idx_grix 14...
Skipping past idx_grix 15...
Skipping past idx_grix 16...
Skipping past idx_grix 17...
Skipping past idx_grix 18...
Skipping past idx_grix 19...
Skipping past idx_grix 20...
Skipping past idx_grix 21...
Skipping past idx_grix 22...
Skipping past idx_grix 23...
Skipping past idx_grix 24...
Skipping past idx_grix 25...
Skipping past idx_grix 26...
Skipping past idx_grix 27...
Skipping past idx_grix 28...
Skipping past idx_grix 29...
Skipping past idx_grix 30...
Skipping past idx_grix 31...
Skipping past idx_grix 32...
Skipping past idx_grix 33...
Skipping past idx_grix 34...
Skipping past idx_grix 35...

Processing scenario ID: 36
Panels type: ref_closest_panel
Crop type: crop_plot
Clip type: nan
Smooth type: {'window_size': 11, 'order': 2}
Bin type: {'method': 'spectral_mimic', 'sensor': 'sentinel-2a'}
Segment type: nan

Response variable: nup_kgha
Number of observations: 407

Feature set: reflectance

Writing mean spectra to a ``pandas.DataFrame``.
Number of input datacubes/spectra: 835
Using up to 9 selected features

Hyperparameter tuning...

Number of features: 2
Trimming excess components in <param_grid>...
Number of features: 3
Trimming excess components in <param_grid>...
Number of features: 4
Trimming excess components in <param_grid>...
Number of features: 4
Trimming excess components in <param_grid>...
Number of features: 5
Trimming excess components in <param_grid>...
Number of features: 5
Trimming excess components in <param_grid>...
Number of features: 1
Trimming excess components in <param_grid>...
Number of features: 6
Trimming excess components in <param_grid>...
Number of features: 7
Trimming excess components in <param_grid>...
Number of features: 3
Trimming excess components in <param_grid>...
Number of features: 5
Trimming excess components in <param_grid>...
Number of features: 2
Trimming excess components in <param_grid>...
Number of features: 8
Trimming excess components in <param_grid>...
Number of features: 6
Trimming excess components in <param_grid>...
Number of features: 7
Trimming excess components in <param_grid>...
Number of features: 8
Trimming excess components in <param_grid>...
Number of features: 9
Trimming excess components in <param_grid>...
Testing...

GLOBUS TRANSFER task_id: 1167d0ec-29a4-11eb-b165-0ee0d5d9299f
Waiting for transfer 1167d0ec-29a4-11eb-b165-0ee0d5d9299f to complete...
DONE.
GLOBUS DELETE task_id: 2fd5e3f2-29a4-11eb-b165-0ee0d5d9299f

Processing scenario ID: 37
Panels type: ref_closest_panel
Crop type: crop_plot
Clip type: nan
Smooth type: {'window_size': 11, 'order': 2}
Bin type: {'method': 'spectral_mimic', 'sensor': 'sentinel-2a'}
Segment type: {'method': 'ndi', 'wl1': [770, 800], 'wl2': [650, 680], 'mask_percentile': 50, 'mask_side': 'lower'}

Response variable: nup_kgha
Number of observations: 407

Feature set: reflectance

Writing mean spectra to a ``pandas.DataFrame``.
Number of input datacubes/spectra: 835
alpha: 0.052368421052631585
Features selected: 9
Iterations without progress: 0

Using up to 9 selected features

Hyperparameter tuning...

Number of features: 1
Trimming excess components in <param_grid>...
Number of features: 3
Trimming excess components in <param_grid>...
Number of features: 2
Trimming excess components in <param_grid>...
Number of features: 4
Trimming excess components in <param_grid>...
Number of features: 5
Trimming excess components in <param_grid>...
Number of features: 5
Trimming excess components in <param_grid>...
Number of features: 7
Trimming excess components in <param_grid>...
Number of features: 8
Trimming excess components in <param_grid>...
Number of features: 6
Trimming excess components in <param_grid>...
Number of features: 9
Trimming excess components in <param_grid>...
Testing...

GLOBUS TRANSFER task_id: 44f5c39c-29a4-11eb-8fc0-0a34088e79f9
Waiting for transfer 44f5c39c-29a4-11eb-8fc0-0a34088e79f9 to complete...
DONE.
GLOBUS DELETE task_id: 572997fa-29a4-11eb-8fc0-0a34088e79f9

Processing scenario ID: 38
Panels type: ref_closest_panel
Crop type: crop_plot
Clip type: nan
Smooth type: {'window_size': 11, 'order': 2}
Bin type: {'method': 'spectral_mimic', 'sensor': 'sentinel-2a'}
Segment type: {'method': 'ndi', 'wl1': [770, 800], 'wl2': [650, 680], 'mask_percentile': 50, 'mask_side': 'upper'}

Response variable: nup_kgha
Number of observations: 407

Feature set: reflectance

Writing mean spectra to a ``pandas.DataFrame``.
Number of input datacubes/spectra: 835
Old "step_pct": 0.005
New "step_pct": 0.05
alpha: 2.4875000000000003
Features selected: 3
Iterations without progress: 0

Old "step_pct": 0.05
New "step_pct": 0.5
alpha: 1.2437500000000001
Features selected: 3
Iterations without progress: 1

alpha: 0.6218750000000001
Features selected: 4
Iterations without progress: 0

alpha: 0.31093750000000003
Features selected: 5
Iterations without progress: 0

alpha: 0.15546875000000002
Features selected: 4
Iterations without progress: 0

Old "step_pct": 0.5
New "step_pct": 0.1
alpha: 0.13992187500000003
Features selected: 7
Iterations without progress: 0

alpha: 0.12592968750000003
Features selected: 7
Iterations without progress: 1

Old "step_pct": 0.1
New "step_pct": 0.02
alpha: 0.12341109375000002
Features selected: 8
Iterations without progress: 0

alpha: 0.12094287187500002
Features selected: 8
Iterations without progress: 1

alpha: 0.11852401443750002
Features selected: 8
Iterations without progress: 2

alpha: 0.11615353414875002
Features selected: 8
Iterations without progress: 3

alpha: 0.11383046346577501
Features selected: 8
Iterations without progress: 4

alpha: 0.11155385419645951
Features selected: 8
Iterations without progress: 5

Leaving while loop before finding the alpha value that achieves selection of 9 feature(s) (minimum alpha value to use).

Using up to 8 selected features

Hyperparameter tuning...

Number of features: 6
Trimming excess components in <param_grid>...
Number of features: 1
Trimming excess components in <param_grid>...
Number of features: 6
Trimming excess components in <param_grid>...
Number of features: 7
Trimming excess components in <param_grid>...
Number of features: 4
Trimming excess components in <param_grid>...
Number of features: 4
Trimming excess components in <param_grid>...
Number of features: 3
Trimming excess components in <param_grid>...
Number of features: 3
Trimming excess components in <param_grid>...
Number of features: 5
Trimming excess components in <param_grid>...
Number of features: 4
Trimming excess components in <param_grid>...
Number of features: 5
Trimming excess components in <param_grid>...
Number of features: 5
Trimming excess components in <param_grid>...
Number of features: 3
Trimming excess components in <param_grid>...
Number of features: 3
Trimming excess components in <param_grid>...
Number of features: 3
Trimming excess components in <param_grid>...
Number of features: 4
Trimming excess components in <param_grid>...
Number of features: 2
Trimming excess components in <param_grid>...
Number of features: 5
Trimming excess components in <param_grid>...
Number of features: 2
Trimming excess components in <param_grid>...
Number of features: 2
Trimming excess components in <param_grid>...
Number of features: 4
Trimming excess components in <param_grid>...
Number of features: 8
Trimming excess components in <param_grid>...
Number of features: 3
Trimming excess components in <param_grid>...
Number of features: 5
Trimming excess components in <param_grid>...
Testing...

GLOBUS TRANSFER task_id: 6c319008-29a4-11eb-b165-0ee0d5d9299f
Waiting for transfer 6c319008-29a4-11eb-b165-0ee0d5d9299f to complete...
Transfer 6c319008-29a4-11eb-b165-0ee0d5d9299f has not yet finished; transfer submitted 1 minute(s) ago
Transfer 6c319008-29a4-11eb-b165-0ee0d5d9299f has not yet finished; transfer submitted 2 minute(s) ago
DONE.
GLOBUS DELETE task_id: d368a072-29a4-11eb-b165-0ee0d5d9299f
Skipping past idx_grix 0...
Skipping past idx_grix 1...
Skipping past idx_grix 2...
Skipping past idx_grix 3...
Skipping past idx_grix 4...
Skipping past idx_grix 5...
Skipping past idx_grix 6...
Skipping past idx_grix 7...
Skipping past idx_grix 8...
Skipping past idx_grix 9...
Skipping past idx_grix 10...
Skipping past idx_grix 11...
Skipping past idx_grix 12...
Skipping past idx_grix 13...
Skipping past idx_grix 14...
Skipping past idx_grix 15...
Skipping past idx_grix 16...
Skipping past idx_grix 17...
Skipping past idx_grix 18...
Skipping past idx_grix 19...
Skipping past idx_grix 20...
Skipping past idx_grix 21...
Skipping past idx_grix 22...
Skipping past idx_grix 23...
Skipping past idx_grix 24...
Skipping past idx_grix 25...
Skipping past idx_grix 26...
Skipping past idx_grix 27...
Skipping past idx_grix 28...
Skipping past idx_grix 29...
Skipping past idx_grix 30...
Skipping past idx_grix 31...
Skipping past idx_grix 32...
Skipping past idx_grix 33...
Skipping past idx_grix 34...
Skipping past idx_grix 35...

Processing scenario ID: 36
Panels type: ref_closest_panel
Crop type: crop_plot
Clip type: nan
Smooth type: {'window_size': 11, 'order': 2}
Bin type: {'method': 'spectral_mimic', 'sensor': 'sentinel-2a'}
Segment type: nan

Response variable: tissue_n_pct
Number of observations: 408

Feature set: reflectance

Writing mean spectra to a ``pandas.DataFrame``.
Number of input datacubes/spectra: 835
Using up to 9 selected features

Hyperparameter tuning...

Number of features: 2
Trimming excess components in <param_grid>...
Number of features: 7
Trimming excess components in <param_grid>...
Number of features: 6
Trimming excess components in <param_grid>...
Number of features: 1
Trimming excess components in <param_grid>...
Number of features: 4
Trimming excess components in <param_grid>...
Number of features: 5
Trimming excess components in <param_grid>...
Number of features: 2
Trimming excess components in <param_grid>...
Number of features: 6
Trimming excess components in <param_grid>...
Number of features: 8
Trimming excess components in <param_grid>...
Number of features: 5
Trimming excess components in <param_grid>...
Number of features: 6
Trimming excess components in <param_grid>...
Number of features: 4
Trimming excess components in <param_grid>...
Number of features: 5
Trimming excess components in <param_grid>...
Number of features: 9
Trimming excess components in <param_grid>...
Number of features: 3
Trimming excess components in <param_grid>...
Number of features: 4
Trimming excess components in <param_grid>...
Number of features: 5
Trimming excess components in <param_grid>...
Number of features: 7
Trimming excess components in <param_grid>...
Number of features: 3
Trimming excess components in <param_grid>...
Testing...

GLOBUS TRANSFER task_id: ec3951be-29a4-11eb-b165-0ee0d5d9299f
Waiting for transfer ec3951be-29a4-11eb-b165-0ee0d5d9299f to complete...
DONE.
GLOBUS DELETE task_id: 04951964-29a5-11eb-b165-0ee0d5d9299f

Processing scenario ID: 37
Panels type: ref_closest_panel
Crop type: crop_plot
Clip type: nan
Smooth type: {'window_size': 11, 'order': 2}
Bin type: {'method': 'spectral_mimic', 'sensor': 'sentinel-2a'}
Segment type: {'method': 'ndi', 'wl1': [770, 800], 'wl2': [650, 680], 'mask_percentile': 50, 'mask_side': 'lower'}

Response variable: tissue_n_pct
Number of observations: 408

Feature set: reflectance

Writing mean spectra to a ``pandas.DataFrame``.
Number of input datacubes/spectra: 835
Old "step_pct": 0.05
New "step_pct": 0.5
alpha: 0.025
Features selected: 3
Iterations without progress: 0

alpha: 0.0125
Features selected: 5
Iterations without progress: 0

alpha: 0.00625
Features selected: 6
Iterations without progress: 0

alpha: 0.003125
Features selected: 7
Iterations without progress: 0

Old "step_pct": 0.5
New "step_pct": 0.1
alpha: 0.0028125000000000003
Features selected: 8
Iterations without progress: 0

alpha: 0.0025312500000000005
Features selected: 8
Iterations without progress: 1

alpha: 0.0022781250000000006
Features selected: 8
Iterations without progress: 2

alpha: 0.0020503125000000005
Features selected: 8
Iterations without progress: 3

alpha: 0.0018452812500000006
Features selected: 8
Iterations without progress: 4

alpha: 0.0016607531250000006
Features selected: 8
Iterations without progress: 5

Leaving while loop before finding the alpha value that achieves selection of 9 feature(s) (minimum alpha value to use).

Using up to 8 selected features

Hyperparameter tuning...

Number of features: 4
Trimming excess components in <param_grid>...
Number of features: 3
Trimming excess components in <param_grid>...
Number of features: 6
Trimming excess components in <param_grid>...
Number of features: 7
Trimming excess components in <param_grid>...
Number of features: 2
Trimming excess components in <param_grid>...
Number of features: 1
Trimming excess components in <param_grid>...
Number of features: 4
Trimming excess components in <param_grid>...
Number of features: 5
Trimming excess components in <param_grid>...
Number of features: 5
Trimming excess components in <param_grid>...
Number of features: 4
Trimming excess components in <param_grid>...
Number of features: 7
Trimming excess components in <param_grid>...
Number of features: 2
Trimming excess components in <param_grid>...
Number of features: 4
Trimming excess components in <param_grid>...
Number of features: 3
Trimming excess components in <param_grid>...
Number of features: 3
Trimming excess components in <param_grid>...
Number of features: 3
Trimming excess components in <param_grid>...
Number of features: 3
Trimming excess components in <param_grid>...
Number of features: 3
Trimming excess components in <param_grid>...
Number of features: 8
Trimming excess components in <param_grid>...
Testing...

GLOBUS TRANSFER task_id: 1bb3e72e-29a5-11eb-b165-0ee0d5d9299f
Waiting for transfer 1bb3e72e-29a5-11eb-b165-0ee0d5d9299f to complete...
DONE.
GLOBUS DELETE task_id: 341c82da-29a5-11eb-b165-0ee0d5d9299f

Processing scenario ID: 38
Panels type: ref_closest_panel
Crop type: crop_plot
Clip type: nan
Smooth type: {'window_size': 11, 'order': 2}
Bin type: {'method': 'spectral_mimic', 'sensor': 'sentinel-2a'}
Segment type: {'method': 'ndi', 'wl1': [770, 800], 'wl2': [650, 680], 'mask_percentile': 50, 'mask_side': 'upper'}

Response variable: tissue_n_pct
Number of observations: 408

Feature set: reflectance

Writing mean spectra to a ``pandas.DataFrame``.
Number of input datacubes/spectra: 835
Old "step_pct": 0.1
New "step_pct": 0.5
alpha: 0.04151882812500001
Features selected: 3
Iterations without progress: 0

alpha: 0.020759414062500006
Features selected: 5
Iterations without progress: 0

alpha: 0.010379707031250003
Features selected: 6
Iterations without progress: 0

alpha: 0.005189853515625001
Features selected: 6
Iterations without progress: 1

alpha: 0.0025949267578125007
Features selected: 6
Iterations without progress: 2

Old "step_pct": 0.5
New "step_pct": 0.1
alpha: 0.0023354340820312507
Features selected: 8
Iterations without progress: 0

alpha: 0.0021018906738281256
Features selected: 8
Iterations without progress: 1

alpha: 0.001891701606445313
Features selected: 8
Iterations without progress: 2

alpha: 0.0017025314458007817
Features selected: 8
Iterations without progress: 3

alpha: 0.0015322783012207035
Features selected: 8
Iterations without progress: 4

alpha: 0.0013790504710986331
Features selected: 8
Iterations without progress: 5

Leaving while loop before finding the alpha value that achieves selection of 9 feature(s) (minimum alpha value to use).

Using up to 8 selected features

Hyperparameter tuning...

Number of features: 3
Trimming excess components in <param_grid>...
Number of features: 7
Trimming excess components in <param_grid>...
Number of features: 2
Trimming excess components in <param_grid>...
Number of features: 3
Trimming excess components in <param_grid>...
Number of features: 5
Trimming excess components in <param_grid>...
Number of features: 1
Trimming excess components in <param_grid>...
Number of features: 5
Trimming excess components in <param_grid>...
Number of features: 6
Trimming excess components in <param_grid>...
Number of features: 7
Trimming excess components in <param_grid>...
Number of features: 7
Trimming excess components in <param_grid>...
Number of features: 6
Trimming excess components in <param_grid>...
Number of features: 4
Trimming excess components in <param_grid>...
Number of features: 3
Trimming excess components in <param_grid>...
Number of features: 5
Trimming excess components in <param_grid>...
Number of features: 5
Trimming excess components in <param_grid>...
Number of features: 4
Trimming excess components in <param_grid>...
Number of features: 6
Trimming excess components in <param_grid>...
Number of features: 2
Trimming excess components in <param_grid>...
Number of features: 8
Trimming excess components in <param_grid>...
Number of features: 4
Trimming excess components in <param_grid>...
Number of features: 6
Trimming excess components in <param_grid>...
Testing...

GLOBUS TRANSFER task_id: 49b14c7a-29a5-11eb-b53b-02d9497ca481
Waiting for transfer 49b14c7a-29a5-11eb-b53b-02d9497ca481 to complete...
DONE.
GLOBUS DELETE task_id: 62095952-29a5-11eb-b53b-02d9497ca481
Skipping past idx_grix 0...
Skipping past idx_grix 1...
Skipping past idx_grix 2...
Skipping past idx_grix 3...
Skipping past idx_grix 4...
Skipping past idx_grix 5...
Skipping past idx_grix 6...
Skipping past idx_grix 7...
Skipping past idx_grix 8...
Skipping past idx_grix 9...
Skipping past idx_grix 10...
Skipping past idx_grix 11...
Skipping past idx_grix 12...
Skipping past idx_grix 13...
Skipping past idx_grix 14...
Skipping past idx_grix 15...
Skipping past idx_grix 16...
Skipping past idx_grix 17...
Skipping past idx_grix 18...
Skipping past idx_grix 19...
Skipping past idx_grix 20...
Skipping past idx_grix 21...
Skipping past idx_grix 22...
Skipping past idx_grix 23...
Skipping past idx_grix 24...
Skipping past idx_grix 25...
Skipping past idx_grix 26...
Skipping past idx_grix 27...
Skipping past idx_grix 28...
Skipping past idx_grix 29...
Skipping past idx_grix 30...
Skipping past idx_grix 31...
Skipping past idx_grix 32...
Skipping past idx_grix 33...
Skipping past idx_grix 34...
Skipping past idx_grix 35...

Processing scenario ID: 36
Panels type: ref_closest_panel
Crop type: crop_plot
Clip type: nan
Smooth type: {'window_size': 11, 'order': 2}
Bin type: {'method': 'spectral_mimic', 'sensor': 'sentinel-2a'}
Segment type: nan

Response variable: biomass_kgha
Number of observations: 407

Feature set: derivative_1

Writing mean spectra to a ``pandas.DataFrame``.
Number of input datacubes/spectra: 835
Using up to 9 selected features

Hyperparameter tuning...

Number of features: 2
Trimming excess components in <param_grid>...
Number of features: 4
Trimming excess components in <param_grid>...
Number of features: 3
Trimming excess components in <param_grid>...
Number of features: 1
Trimming excess components in <param_grid>...
Number of features: 5
Trimming excess components in <param_grid>...
Number of features: 4
Trimming excess components in <param_grid>...
Number of features: 6
Trimming excess components in <param_grid>...
Number of features: 5
Trimming excess components in <param_grid>...
Number of features: 7
Trimming excess components in <param_grid>...
Number of features: 8
Trimming excess components in <param_grid>...
Number of features: 7
Trimming excess components in <param_grid>...
Testing...

GLOBUS TRANSFER task_id: 794d5dfc-29a5-11eb-8fc0-0a34088e79f9
Waiting for transfer 794d5dfc-29a5-11eb-8fc0-0a34088e79f9 to complete...
DONE.
GLOBUS DELETE task_id: 7f75d8da-29a5-11eb-8fc0-0a34088e79f9

Processing scenario ID: 37
Panels type: ref_closest_panel
Crop type: crop_plot
Clip type: nan
Smooth type: {'window_size': 11, 'order': 2}
Bin type: {'method': 'spectral_mimic', 'sensor': 'sentinel-2a'}
Segment type: {'method': 'ndi', 'wl1': [770, 800], 'wl2': [650, 680], 'mask_percentile': 50, 'mask_side': 'lower'}

Response variable: biomass_kgha
Number of observations: 407

Feature set: derivative_1

Writing mean spectra to a ``pandas.DataFrame``.
Number of input datacubes/spectra: 835
Old "step_pct": 0.05
New "step_pct": 0.1
alpha: 0.045000000000000005
Features selected: 6
Iterations without progress: 0

Old "step_pct": 0.1
New "step_pct": 0.02
alpha: 0.04410000000000001
Features selected: 8
Iterations without progress: 0

alpha: 0.043218000000000006
Features selected: 8
Iterations without progress: 1

alpha: 0.042353640000000005
Features selected: 8
Iterations without progress: 2

alpha: 0.041506567200000004
Features selected: 8
Iterations without progress: 3

alpha: 0.040676435856000004
Features selected: 8
Iterations without progress: 4

alpha: 0.03986290713888
Features selected: 8
Iterations without progress: 5

Leaving while loop before finding the alpha value that achieves selection of 9 feature(s) (minimum alpha value to use).

Using up to 8 selected features

Hyperparameter tuning...

Number of features: 5
Trimming excess components in <param_grid>...
Number of features: 6
Trimming excess components in <param_grid>...
Number of features: 5
Trimming excess components in <param_grid>...
Number of features: 6
Trimming excess components in <param_grid>...
Number of features: 5
Trimming excess components in <param_grid>...
Number of features: 8
Trimming excess components in <param_grid>...
Number of features: 2
Trimming excess components in <param_grid>...
Number of features: 4
Trimming excess components in <param_grid>...
Number of features: 5
Trimming excess components in <param_grid>...
Number of features: 3
Trimming excess components in <param_grid>...
Number of features: 7
Trimming excess components in <param_grid>...
Number of features: 7
Trimming excess components in <param_grid>...
Number of features: 7
Trimming excess components in <param_grid>...
Number of features: 1
Trimming excess components in <param_grid>...
Number of features: 4
Trimming excess components in <param_grid>...
Number of features: 4
Trimming excess components in <param_grid>...
Number of features: 7
Trimming excess components in <param_grid>...
Number of features: 6
Trimming excess components in <param_grid>...
Testing...

GLOBUS TRANSFER task_id: 95ca33ec-29a5-11eb-8fc0-0a34088e79f9
Waiting for transfer 95ca33ec-29a5-11eb-8fc0-0a34088e79f9 to complete...
DONE.
GLOBUS DELETE task_id: b44176aa-29a5-11eb-8fc0-0a34088e79f9

Processing scenario ID: 38
Panels type: ref_closest_panel
Crop type: crop_plot
Clip type: nan
Smooth type: {'window_size': 11, 'order': 2}
Bin type: {'method': 'spectral_mimic', 'sensor': 'sentinel-2a'}
Segment type: {'method': 'ndi', 'wl1': [770, 800], 'wl2': [650, 680], 'mask_percentile': 50, 'mask_side': 'upper'}

Response variable: biomass_kgha
Number of observations: 407

Feature set: derivative_1

Writing mean spectra to a ``pandas.DataFrame``.
Number of input datacubes/spectra: 835
Old "step_pct": 0.02
New "step_pct": 0.2
alpha: 1.5945162855552
Features selected: 3
Iterations without progress: 0

Old "step_pct": 0.2
New "step_pct": 0.4
alpha: 0.95670977133312
Features selected: 4
Iterations without progress: 0

Old "step_pct": 0.4
New "step_pct": 0.8
alpha: 0.19134195426662395
Features selected: 4
Iterations without progress: 1

Old "step_pct": 0.8
New "step_pct": 0.16
alpha: 0.16072724158396412
Features selected: 7
Iterations without progress: 0

Old "step_pct": 0.16
New "step_pct": 0.32
alpha: 0.10929452427709559
Features selected: 6
Iterations without progress: 0

Old "step_pct": 0.32
New "step_pct": 0.64
alpha: 0.03934602873975441
Features selected: 6
Iterations without progress: 1

Old "step_pct": 0.64
New "step_pct": 0.128
alpha: 0.03430973706106585
Features selected: 8
Iterations without progress: 0

alpha: 0.029918090717249417
Features selected: 8
Iterations without progress: 1

alpha: 0.02608857510544149
Features selected: 8
Iterations without progress: 2

alpha: 0.02274923749194498
Features selected: 8
Iterations without progress: 3

alpha: 0.019837335092976024
Features selected: 8
Iterations without progress: 4

alpha: 0.017298156201075093
Features selected: 8
Iterations without progress: 5

Leaving while loop before finding the alpha value that achieves selection of 9 feature(s) (minimum alpha value to use).

Using up to 8 selected features

Hyperparameter tuning...

Number of features: 1
Trimming excess components in <param_grid>...
Number of features: 3
Trimming excess components in <param_grid>...
Number of features: 2
Trimming excess components in <param_grid>...
Number of features: 4
Trimming excess components in <param_grid>...
Number of features: 3
Trimming excess components in <param_grid>...
Number of features: 6
Trimming excess components in <param_grid>...
Number of features: 7
Trimming excess components in <param_grid>...
Number of features: 7
Trimming excess components in <param_grid>...
Number of features: 8
Trimming excess components in <param_grid>...
Number of features: 5
Trimming excess components in <param_grid>...
Number of features: 6
Trimming excess components in <param_grid>...
Number of features: 4
Trimming excess components in <param_grid>...
Number of features: 7
Trimming excess components in <param_grid>...
Testing...

GLOBUS TRANSFER task_id: c9bb7f30-29a5-11eb-8fc0-0a34088e79f9
Waiting for transfer c9bb7f30-29a5-11eb-8fc0-0a34088e79f9 to complete...
DONE.
GLOBUS DELETE task_id: e8178cda-29a5-11eb-8fc0-0a34088e79f9
Skipping past idx_grix 0...
Skipping past idx_grix 1...
Skipping past idx_grix 2...
Skipping past idx_grix 3...
Skipping past idx_grix 4...
Skipping past idx_grix 5...
Skipping past idx_grix 6...
Skipping past idx_grix 7...
Skipping past idx_grix 8...
Skipping past idx_grix 9...
Skipping past idx_grix 10...
Skipping past idx_grix 11...
Skipping past idx_grix 12...
Skipping past idx_grix 13...
Skipping past idx_grix 14...
Skipping past idx_grix 15...
Skipping past idx_grix 16...
Skipping past idx_grix 17...
Skipping past idx_grix 18...
Skipping past idx_grix 19...
Skipping past idx_grix 20...
Skipping past idx_grix 21...
Skipping past idx_grix 22...
Skipping past idx_grix 23...
Skipping past idx_grix 24...
Skipping past idx_grix 25...
Skipping past idx_grix 26...
Skipping past idx_grix 27...
Skipping past idx_grix 28...
Skipping past idx_grix 29...
Skipping past idx_grix 30...
Skipping past idx_grix 31...
Skipping past idx_grix 32...
Skipping past idx_grix 33...
Skipping past idx_grix 34...
Skipping past idx_grix 35...

Processing scenario ID: 36
Panels type: ref_closest_panel
Crop type: crop_plot
Clip type: nan
Smooth type: {'window_size': 11, 'order': 2}
Bin type: {'method': 'spectral_mimic', 'sensor': 'sentinel-2a'}
Segment type: nan

Response variable: nup_kgha
Number of observations: 407

Feature set: derivative_1

Writing mean spectra to a ``pandas.DataFrame``.
Number of input datacubes/spectra: 835
alpha: 0.00095
Features selected: 7
Iterations without progress: 0

alpha: 0.0009025
Features selected: 7
Iterations without progress: 1

alpha: 0.000857375
Features selected: 7
Iterations without progress: 2

alpha: 0.0008145062499999999
Features selected: 7
Iterations without progress: 3

alpha: 0.0007737809374999998
Features selected: 7
Iterations without progress: 4

alpha: 0.0007350918906249997
Features selected: 7
Iterations without progress: 5

Leaving while loop before finding the alpha value that achieves selection of 9 feature(s) (minimum alpha value to use).

Using up to 7 selected features

Hyperparameter tuning...

Number of features: 1
Trimming excess components in <param_grid>...
Number of features: 3
Trimming excess components in <param_grid>...
Number of features: 6
Trimming excess components in <param_grid>...
Number of features: 2
Trimming excess components in <param_grid>...
Number of features: 4
Trimming excess components in <param_grid>...
Number of features: 5
Trimming excess components in <param_grid>...
Number of features: 7
Trimming excess components in <param_grid>...
Number of features: 8
Trimming excess components in <param_grid>...
Number of features: 6
Trimming excess components in <param_grid>...
Number of features: 7
Trimming excess components in <param_grid>...
Number of features: 7
Trimming excess components in <param_grid>...
Number of features: 6
Trimming excess components in <param_grid>...
Testing...

GLOBUS TRANSFER task_id: 00d647e8-29a6-11eb-8fc0-0a34088e79f9
Waiting for transfer 00d647e8-29a6-11eb-8fc0-0a34088e79f9 to complete...
DONE.
GLOBUS DELETE task_id: 194cfb64-29a6-11eb-8fc0-0a34088e79f9

Processing scenario ID: 37
Panels type: ref_closest_panel
Crop type: crop_plot
Clip type: nan
Smooth type: {'window_size': 11, 'order': 2}
Bin type: {'method': 'spectral_mimic', 'sensor': 'sentinel-2a'}
Segment type: {'method': 'ndi', 'wl1': [770, 800], 'wl2': [650, 680], 'mask_percentile': 50, 'mask_side': 'lower'}

Response variable: nup_kgha
Number of observations: 407

Feature set: derivative_1

Writing mean spectra to a ``pandas.DataFrame``.
Number of input datacubes/spectra: 835
Old "step_pct": 0.05
New "step_pct": 0.5
alpha: 0.018377297265624995
Features selected: 3
Iterations without progress: 0

alpha: 0.009188648632812497
Features selected: 4
Iterations without progress: 0

alpha: 0.004594324316406249
Features selected: 5
Iterations without progress: 0

alpha: 0.0022971621582031244
Features selected: 5
Iterations without progress: 1

alpha: 0.0011485810791015622
Features selected: 6
Iterations without progress: 0

alpha: 0.0005742905395507811
Features selected: 7
Iterations without progress: 0

alpha: 0.00028714526977539055
Features selected: 7
Iterations without progress: 1

Old "step_pct": 0.5
New "step_pct": 0.1
alpha: 0.0002584307427978515
Features selected: 8
Iterations without progress: 0

alpha: 0.00023258766851806637
Features selected: 8
Iterations without progress: 1

alpha: 0.00020932890166625975
Features selected: 8
Iterations without progress: 2

alpha: 0.00018839601149963378
Features selected: 7
Iterations without progress: 0

Old "step_pct": 0.1
New "step_pct": 0.02
alpha: 0.0001846280912696411
Features selected: 8
Iterations without progress: 0

alpha: 0.00018093552944424828
Features selected: 8
Iterations without progress: 1

alpha: 0.0001773168188553633
Features selected: 8
Iterations without progress: 2

alpha: 0.00017377048247825604
Features selected: 8
Iterations without progress: 3

alpha: 0.0001702950728286909
Features selected: 8
Iterations without progress: 4

alpha: 0.00016688917137211708
Features selected: 8
Iterations without progress: 5

Leaving while loop before finding the alpha value that achieves selection of 9 feature(s) (minimum alpha value to use).

Using up to 8 selected features

Hyperparameter tuning...

Number of features: 1
Trimming excess components in <param_grid>...
Number of features: 6
Trimming excess components in <param_grid>...
Number of features: 7
Trimming excess components in <param_grid>...
Number of features: 4
Trimming excess components in <param_grid>...
Number of features: 8
Trimming excess components in <param_grid>...
Number of features: 3
Trimming excess components in <param_grid>...
Number of features: 7
Trimming excess components in <param_grid>...
Number of features: 5
Trimming excess components in <param_grid>...
Number of features: 2
Trimming excess components in <param_grid>...
Number of features: 6
Trimming excess components in <param_grid>...
Number of features: 5
Trimming excess components in <param_grid>...
Number of features: 6
Trimming excess components in <param_grid>...
Number of features: 7
Trimming excess components in <param_grid>...
Number of features: 7
Trimming excess components in <param_grid>...
Number of features: 8
Trimming excess components in <param_grid>...
Testing...

GLOBUS TRANSFER task_id: 331a41f0-29a6-11eb-8fc0-0a34088e79f9
Waiting for transfer 331a41f0-29a6-11eb-8fc0-0a34088e79f9 to complete...
DONE.
GLOBUS DELETE task_id: 3940478c-29a6-11eb-8fc0-0a34088e79f9

Processing scenario ID: 38
Panels type: ref_closest_panel
Crop type: crop_plot
Clip type: nan
Smooth type: {'window_size': 11, 'order': 2}
Bin type: {'method': 'spectral_mimic', 'sensor': 'sentinel-2a'}
Segment type: {'method': 'ndi', 'wl1': [770, 800], 'wl2': [650, 680], 'mask_percentile': 50, 'mask_side': 'upper'}

Response variable: nup_kgha
Number of observations: 407

Feature set: derivative_1

Writing mean spectra to a ``pandas.DataFrame``.
Number of input datacubes/spectra: 835
Old "step_pct": 0.02
New "step_pct": 0.04
alpha: 0.00801068022586162
Features selected: 6
Iterations without progress: 0

Old "step_pct": 0.04
New "step_pct": 0.08
alpha: 0.007369825807792691
Features selected: 6
Iterations without progress: 1

Old "step_pct": 0.08
New "step_pct": 0.16
alpha: 0.00619065367854586
Features selected: 6
Iterations without progress: 2

Old "step_pct": 0.16
New "step_pct": 0.32
alpha: 0.0042096445014111845
Features selected: 6
Iterations without progress: 3

Old "step_pct": 0.32
New "step_pct": 0.64
alpha: 0.0015154720205080264
Features selected: 6
Iterations without progress: 4

alpha: 0.0005455699273828894
Features selected: 7
Iterations without progress: 0

alpha: 0.00019640517385784018
Features selected: 7
Iterations without progress: 1

Old "step_pct": 0.64
New "step_pct": 0.128
alpha: 0.00017126531160403664
Features selected: 8
Iterations without progress: 0

alpha: 0.00014934335171871995
Features selected: 8
Iterations without progress: 1

alpha: 0.0001302274026987238
Features selected: 8
Iterations without progress: 2

alpha: 0.00011355829515328715
Features selected: 8
Iterations without progress: 3

alpha: 9.90228333736664e-05
Features selected: 8
Iterations without progress: 4

alpha: 8.63479107018371e-05
Features selected: 8
Iterations without progress: 5

Leaving while loop before finding the alpha value that achieves selection of 9 feature(s) (minimum alpha value to use).

Using up to 8 selected features

Hyperparameter tuning...

Number of features: 1
Trimming excess components in <param_grid>...
Number of features: 8
Trimming excess components in <param_grid>...
Number of features: 6
Trimming excess components in <param_grid>...
Number of features: 5
Trimming excess components in <param_grid>...
Number of features: 2
Trimming excess components in <param_grid>...
Number of features: 3
Trimming excess components in <param_grid>...
Number of features: 4
Trimming excess components in <param_grid>...
Number of features: 8
Trimming excess components in <param_grid>...
Number of features: 7
Trimming excess components in <param_grid>...
Number of features: 7
Trimming excess components in <param_grid>...
Number of features: 6
Trimming excess components in <param_grid>...
Number of features: 7
Trimming excess components in <param_grid>...
Number of features: 5
Trimming excess components in <param_grid>...
Testing...

GLOBUS TRANSFER task_id: 5271ba38-29a6-11eb-b165-0ee0d5d9299f
Waiting for transfer 5271ba38-29a6-11eb-b165-0ee0d5d9299f to complete...
DONE.
GLOBUS DELETE task_id: 6b1d5c36-29a6-11eb-b165-0ee0d5d9299f
Skipping past idx_grix 0...
Skipping past idx_grix 1...
Skipping past idx_grix 2...
Skipping past idx_grix 3...
Skipping past idx_grix 4...
Skipping past idx_grix 5...
Skipping past idx_grix 6...
Skipping past idx_grix 7...
Skipping past idx_grix 8...
Skipping past idx_grix 9...
Skipping past idx_grix 10...
Skipping past idx_grix 11...
Skipping past idx_grix 12...
Skipping past idx_grix 13...
Skipping past idx_grix 14...
Skipping past idx_grix 15...
Skipping past idx_grix 16...
Skipping past idx_grix 17...
Skipping past idx_grix 18...
Skipping past idx_grix 19...
Skipping past idx_grix 20...
Skipping past idx_grix 21...
Skipping past idx_grix 22...
Skipping past idx_grix 23...
Skipping past idx_grix 24...
Skipping past idx_grix 25...
Skipping past idx_grix 26...
Skipping past idx_grix 27...
Skipping past idx_grix 28...
Skipping past idx_grix 29...
Skipping past idx_grix 30...
Skipping past idx_grix 31...
Skipping past idx_grix 32...
Skipping past idx_grix 33...
Skipping past idx_grix 34...
Skipping past idx_grix 35...

Processing scenario ID: 36
Panels type: ref_closest_panel
Crop type: crop_plot
Clip type: nan
Smooth type: {'window_size': 11, 'order': 2}
Bin type: {'method': 'spectral_mimic', 'sensor': 'sentinel-2a'}
Segment type: nan

Response variable: tissue_n_pct
Number of observations: 408

Feature set: derivative_1

Writing mean spectra to a ``pandas.DataFrame``.
Number of input datacubes/spectra: 835
Old "step_pct": 0.05
New "step_pct": 0.5
alpha: 0.0005
Features selected: 3
Iterations without progress: 0

alpha: 0.00025
Features selected: 3
Iterations without progress: 1

alpha: 0.000125
Features selected: 4
Iterations without progress: 0

alpha: 6.25e-05
Features selected: 5
Iterations without progress: 0

Old "step_pct": 0.5
New "step_pct": 0.1
alpha: 5.6250000000000005e-05
Features selected: 8
Iterations without progress: 0

alpha: 5.0625000000000004e-05
Features selected: 8
Iterations without progress: 1

alpha: 4.55625e-05
Features selected: 8
Iterations without progress: 2

alpha: 4.1006250000000004e-05
Features selected: 8
Iterations without progress: 3

alpha: 3.6905625e-05
Features selected: 8
Iterations without progress: 4

alpha: 3.32150625e-05
Features selected: 8
Iterations without progress: 5

Leaving while loop before finding the alpha value that achieves selection of 9 feature(s) (minimum alpha value to use).

Using up to 8 selected features

Hyperparameter tuning...

Number of features: 2
Trimming excess components in <param_grid>...
Number of features: 3
Trimming excess components in <param_grid>...
Number of features: 5
Trimming excess components in <param_grid>...
Number of features: 2
Trimming excess components in <param_grid>...
Number of features: 3
Trimming excess components in <param_grid>...
Number of features: 1
Trimming excess components in <param_grid>...
Number of features: 7
Trimming excess components in <param_grid>...
Number of features: 2
Trimming excess components in <param_grid>...
Number of features: 3
Trimming excess components in <param_grid>...
Number of features: 8
Trimming excess components in <param_grid>...
Number of features: 6
Trimming excess components in <param_grid>...
Number of features: 4
Trimming excess components in <param_grid>...
Number of features: 3
Trimming excess components in <param_grid>...
Number of features: 4
Trimming excess components in <param_grid>...
Number of features: 7
Trimming excess components in <param_grid>...
Number of features: 3
Trimming excess components in <param_grid>...
Number of features: 4
Trimming excess components in <param_grid>...
Number of features: 3
Trimming excess components in <param_grid>...
Number of features: 2
Trimming excess components in <param_grid>...
Testing...

GLOBUS TRANSFER task_id: 81bc869c-29a6-11eb-b53b-02d9497ca481
Waiting for transfer 81bc869c-29a6-11eb-b53b-02d9497ca481 to complete...
DONE.
GLOBUS DELETE task_id: 87e801f4-29a6-11eb-b53b-02d9497ca481

Processing scenario ID: 37
Panels type: ref_closest_panel
Crop type: crop_plot
Clip type: nan
Smooth type: {'window_size': 11, 'order': 2}
Bin type: {'method': 'spectral_mimic', 'sensor': 'sentinel-2a'}
Segment type: {'method': 'ndi', 'wl1': [770, 800], 'wl2': [650, 680], 'mask_percentile': 50, 'mask_side': 'lower'}

Response variable: tissue_n_pct
Number of observations: 408

Feature set: derivative_1

Writing mean spectra to a ``pandas.DataFrame``.
Number of input datacubes/spectra: 835
Old "step_pct": 0.1
New "step_pct": 0.5
alpha: 0.0008303765625
Features selected: 2
Iterations without progress: 0

alpha: 0.00041518828125
Features selected: 4
Iterations without progress: 0

alpha: 0.000207594140625
Features selected: 4
Iterations without progress: 1

alpha: 0.0001037970703125
Features selected: 6
Iterations without progress: 0

alpha: 5.189853515625e-05
Features selected: 5
Iterations without progress: 0

alpha: 2.5949267578125e-05
Features selected: 5
Iterations without progress: 1

Old "step_pct": 0.5
New "step_pct": 0.1
alpha: 2.33543408203125e-05
Features selected: 8
Iterations without progress: 0

alpha: 2.101890673828125e-05
Features selected: 8
Iterations without progress: 1

alpha: 1.8917016064453128e-05
Features selected: 8
Iterations without progress: 2

alpha: 1.7025314458007817e-05
Features selected: 8
Iterations without progress: 3

alpha: 1.5322783012207038e-05
Features selected: 8
Iterations without progress: 4

alpha: 1.3790504710986334e-05
Features selected: 8
Iterations without progress: 5

Leaving while loop before finding the alpha value that achieves selection of 9 feature(s) (minimum alpha value to use).

Using up to 8 selected features

Hyperparameter tuning...

Number of features: 1
Trimming excess components in <param_grid>...
Number of features: 3
Trimming excess components in <param_grid>...
Number of features: 5
Trimming excess components in <param_grid>...
Number of features: 6
Trimming excess components in <param_grid>...
Number of features: 5
Trimming excess components in <param_grid>...
Number of features: 3
Trimming excess components in <param_grid>...
Number of features: 4
Trimming excess components in <param_grid>...
Number of features: 2
Trimming excess components in <param_grid>...
Number of features: 8
Trimming excess components in <param_grid>...
Number of features: 6
Trimming excess components in <param_grid>...
Number of features: 4
Trimming excess components in <param_grid>...
Number of features: 2
Trimming excess components in <param_grid>...
Number of features: 7
Trimming excess components in <param_grid>...
Number of features: 4
Trimming excess components in <param_grid>...
Number of features: 3
Trimming excess components in <param_grid>...
Number of features: 5
Trimming excess components in <param_grid>...
Testing...

GLOBUS TRANSFER task_id: 9aee1b12-29a6-11eb-8fc0-0a34088e79f9
Waiting for transfer 9aee1b12-29a6-11eb-8fc0-0a34088e79f9 to complete...
DONE.
GLOBUS DELETE task_id: b33f60f4-29a6-11eb-8fc0-0a34088e79f9

Processing scenario ID: 38
Panels type: ref_closest_panel
Crop type: crop_plot
Clip type: nan
Smooth type: {'window_size': 11, 'order': 2}
Bin type: {'method': 'spectral_mimic', 'sensor': 'sentinel-2a'}
Segment type: {'method': 'ndi', 'wl1': [770, 800], 'wl2': [650, 680], 'mask_percentile': 50, 'mask_side': 'upper'}

Response variable: tissue_n_pct
Number of observations: 408

Feature set: derivative_1

Writing mean spectra to a ``pandas.DataFrame``.
Number of input datacubes/spectra: 835
Old "step_pct": 0.1
New "step_pct": 0.5
alpha: 0.00034476261777465834
Features selected: 4
Iterations without progress: 0

alpha: 0.00017238130888732917
Features selected: 4
Iterations without progress: 1

alpha: 8.619065444366458e-05
Features selected: 5
Iterations without progress: 0

Old "step_pct": 0.5
New "step_pct": 0.1
alpha: 7.757158899929813e-05
Features selected: 7
Iterations without progress: 0

Old "step_pct": 0.1
New "step_pct": 0.02
alpha: 7.602015721931216e-05
Features selected: 8
Iterations without progress: 0

alpha: 7.449975407492592e-05
Features selected: 8
Iterations without progress: 1

alpha: 7.30097589934274e-05
Features selected: 8
Iterations without progress: 2

alpha: 7.154956381355884e-05
Features selected: 8
Iterations without progress: 3

alpha: 7.011857253728766e-05
Features selected: 8
Iterations without progress: 4

alpha: 6.87162010865419e-05
Features selected: 7
Iterations without progress: 0

alpha: 6.734187706481107e-05
Features selected: 7
Iterations without progress: 1

alpha: 6.599503952351484e-05
Features selected: 7
Iterations without progress: 2

alpha: 6.467513873304454e-05
Features selected: 7
Iterations without progress: 3

alpha: 6.338163595838365e-05
Features selected: 7
Iterations without progress: 4

alpha: 6.211400323921598e-05
Features selected: 7
Iterations without progress: 5

Old "step_pct": 0.02
New "step_pct": 0.004
alpha: 6.186554722625912e-05
Features selected: 8
Iterations without progress: 0

alpha: 6.161808503735408e-05
Features selected: 8
Iterations without progress: 1

alpha: 6.137161269720466e-05
Features selected: 8
Iterations without progress: 2

alpha: 6.112612624641584e-05
Features selected: 8
Iterations without progress: 3

alpha: 6.088162174143017e-05
Features selected: 8
Iterations without progress: 4

alpha: 6.063809525446445e-05
Features selected: 8
Iterations without progress: 5

Leaving while loop before finding the alpha value that achieves selection of 9 feature(s) (minimum alpha value to use).

Using up to 8 selected features

Hyperparameter tuning...

Number of features: 2
Trimming excess components in <param_grid>...
Number of features: 4
Trimming excess components in <param_grid>...
Number of features: 2
Trimming excess components in <param_grid>...
Number of features: 2
Trimming excess components in <param_grid>...
Number of features: 3
Trimming excess components in <param_grid>...
Number of features: 7
Trimming excess components in <param_grid>...
Number of features: 3
Trimming excess components in <param_grid>...
Number of features: 1
Trimming excess components in <param_grid>...
Number of features: 7
Trimming excess components in <param_grid>...
Number of features: 7
Trimming excess components in <param_grid>...
Number of features: 8
Trimming excess components in <param_grid>...
Number of features: 8
Trimming excess components in <param_grid>...
Number of features: 3
Trimming excess components in <param_grid>...
Number of features: 5
Trimming excess components in <param_grid>...
Testing...

GLOBUS TRANSFER task_id: c396f142-29a6-11eb-b165-0ee0d5d9299f
Waiting for transfer c396f142-29a6-11eb-b165-0ee0d5d9299f to complete...
DONE.
GLOBUS DELETE task_id: c9ca379a-29a6-11eb-b165-0ee0d5d9299f
Skipping past idx_grix 0...
Skipping past idx_grix 1...
Skipping past idx_grix 2...
Skipping past idx_grix 3...
Skipping past idx_grix 4...
Skipping past idx_grix 5...
Skipping past idx_grix 6...
Skipping past idx_grix 7...
Skipping past idx_grix 8...
Skipping past idx_grix 9...
Skipping past idx_grix 10...
Skipping past idx_grix 11...
Skipping past idx_grix 12...
Skipping past idx_grix 13...
Skipping past idx_grix 14...
Skipping past idx_grix 15...
Skipping past idx_grix 16...
Skipping past idx_grix 17...
Skipping past idx_grix 18...
Skipping past idx_grix 19...
Skipping past idx_grix 20...
Skipping past idx_grix 21...
Skipping past idx_grix 22...
Skipping past idx_grix 23...
Skipping past idx_grix 24...
Skipping past idx_grix 25...
Skipping past idx_grix 26...
Skipping past idx_grix 27...
Skipping past idx_grix 28...
Skipping past idx_grix 29...
Skipping past idx_grix 30...
Skipping past idx_grix 31...
Skipping past idx_grix 32...
Skipping past idx_grix 33...
Skipping past idx_grix 34...
Skipping past idx_grix 35...

Processing scenario ID: 36
Panels type: ref_closest_panel
Crop type: crop_plot
Clip type: nan
Smooth type: {'window_size': 11, 'order': 2}
Bin type: {'method': 'spectral_mimic', 'sensor': 'sentinel-2a'}
Segment type: nan

Response variable: biomass_kgha
Number of observations: 407

Feature set: derivative_2

Writing mean spectra to a ``pandas.DataFrame``.
Number of input datacubes/spectra: 835
alpha: 0.00095
Features selected: 8
Iterations without progress: 1

alpha: 0.0009025
Features selected: 8
Iterations without progress: 2

alpha: 0.000857375
Features selected: 8
Iterations without progress: 3

alpha: 0.0008145062499999999
Features selected: 8
Iterations without progress: 4

alpha: 0.0007737809374999998
Features selected: 7
Iterations without progress: 0

alpha: 0.0007350918906249997
Features selected: 7
Iterations without progress: 1

alpha: 0.0006983372960937497
Features selected: 7
Iterations without progress: 2

alpha: 0.0006634204312890621
Features selected: 7
Iterations without progress: 3

alpha: 0.000630249409724609
Features selected: 7
Iterations without progress: 4

alpha: 0.0005987369392383785
Features selected: 7
Iterations without progress: 5

Leaving while loop before finding the alpha value that achieves selection of 9 feature(s) (minimum alpha value to use).

Using up to 7 selected features

Hyperparameter tuning...

Number of features: 1
Trimming excess components in <param_grid>...
Number of features: 2
Trimming excess components in <param_grid>...
Number of features: 3
Trimming excess components in <param_grid>...
Number of features: 4
Trimming excess components in <param_grid>...
Number of features: 0
Trimming excess components in <param_grid>...
Number of features: 4
Trimming excess components in <param_grid>...
Number of features: 3
Trimming excess components in <param_grid>...
Number of features: 6
Trimming excess components in <param_grid>...
Number of features: 3
Trimming excess components in <param_grid>...
Number of features: 4
Trimming excess components in <param_grid>...
Number of features: 2
Trimming excess components in <param_grid>...
Number of features: 8
Trimming excess components in <param_grid>...
Number of features: 3
Trimming excess components in <param_grid>...
Number of features: 7
Trimming excess components in <param_grid>...
Number of features: 4
Trimming excess components in <param_grid>...
Number of features: 7
Trimming excess components in <param_grid>...
Number of features: 5
Trimming excess components in <param_grid>...
Number of features: 5
Trimming excess components in <param_grid>...
Number of features: 6
Trimming excess components in <param_grid>...
Number of features: 5
Trimming excess components in <param_grid>...
Testing...

GLOBUS TRANSFER task_id: dfe86db2-29a6-11eb-8fc0-0a34088e79f9
Waiting for transfer dfe86db2-29a6-11eb-8fc0-0a34088e79f9 to complete...
DONE.
GLOBUS DELETE task_id: f86e36aa-29a6-11eb-8fc0-0a34088e79f9

Processing scenario ID: 37
Panels type: ref_closest_panel
Crop type: crop_plot
Clip type: nan
Smooth type: {'window_size': 11, 'order': 2}
Bin type: {'method': 'spectral_mimic', 'sensor': 'sentinel-2a'}
Segment type: {'method': 'ndi', 'wl1': [770, 800], 'wl2': [650, 680], 'mask_percentile': 50, 'mask_side': 'lower'}

Response variable: biomass_kgha
Number of observations: 407

Feature set: derivative_2

Writing mean spectra to a ``pandas.DataFrame``.
Number of input datacubes/spectra: 835
Old "step_pct": 0.05
New "step_pct": 0.5
alpha: 0.014968423480959461
Features selected: 4
Iterations without progress: 0

alpha: 0.007484211740479731
Features selected: 4
Iterations without progress: 1

alpha: 0.0037421058702398653
Features selected: 5
Iterations without progress: 0

alpha: 0.0018710529351199327
Features selected: 6
Iterations without progress: 0

alpha: 0.0009355264675599663
Features selected: 7
Iterations without progress: 0

alpha: 0.00046776323377998317
Features selected: 7
Iterations without progress: 1

alpha: 0.000888750144181968
Features selected: 9
Iterations without progress: 0

Using up to 9 selected features

Hyperparameter tuning...

Number of features: 2
Trimming excess components in <param_grid>...
Number of features: 1
Trimming excess components in <param_grid>...
Number of features: 3
Trimming excess components in <param_grid>...
Number of features: 5
Trimming excess components in <param_grid>...
Number of features: 6
Trimming excess components in <param_grid>...
Number of features: 5
Trimming excess components in <param_grid>...
Number of features: 4
Trimming excess components in <param_grid>...
Number of features: 5
Trimming excess components in <param_grid>...
Number of features: 3
Trimming excess components in <param_grid>...
Number of features: 5
Trimming excess components in <param_grid>...
Number of features: 4
Trimming excess components in <param_grid>...
Number of features: 6
Trimming excess components in <param_grid>...
Number of features: 3
Trimming excess components in <param_grid>...
Number of features: 6
Trimming excess components in <param_grid>...
Number of features: 7
Trimming excess components in <param_grid>...
Number of features: 2
Trimming excess components in <param_grid>...
Testing...

GLOBUS TRANSFER task_id: 0c6faeea-29a7-11eb-b53b-02d9497ca481
Waiting for transfer 0c6faeea-29a7-11eb-b53b-02d9497ca481 to complete...
DONE.
GLOBUS DELETE task_id: 24c37ecc-29a7-11eb-b53b-02d9497ca481

Processing scenario ID: 38
Panels type: ref_closest_panel
Crop type: crop_plot
Clip type: nan
Smooth type: {'window_size': 11, 'order': 2}
Bin type: {'method': 'spectral_mimic', 'sensor': 'sentinel-2a'}
Segment type: {'method': 'ndi', 'wl1': [770, 800], 'wl2': [650, 680], 'mask_percentile': 50, 'mask_side': 'upper'}

Response variable: biomass_kgha
Number of observations: 407

Feature set: derivative_2

Writing mean spectra to a ``pandas.DataFrame``.
Number of input datacubes/spectra: 835
Old "step_pct": 0.05
New "step_pct": 0.5
alpha: 0.022218753604549203
Features selected: 4
Iterations without progress: 0

alpha: 0.011109376802274602
Features selected: 4
Iterations without progress: 1

alpha: 0.005554688401137301
Features selected: 5
Iterations without progress: 0

alpha: 0.0027773442005686504
Features selected: 6
Iterations without progress: 0

Old "step_pct": 0.5
New "step_pct": 0.1
alpha: 0.0024996097805117853
Features selected: 8
Iterations without progress: 0

alpha: 0.002249648802460607
Features selected: 8
Iterations without progress: 1

alpha: 0.0020246839222145463
Features selected: 8
Iterations without progress: 2

alpha: 0.0018222155299930916
Features selected: 8
Iterations without progress: 3

alpha: 0.0016399939769937825
Features selected: 8
Iterations without progress: 4

alpha: 0.0014759945792944043
Features selected: 8
Iterations without progress: 5

Leaving while loop before finding the alpha value that achieves selection of 9 feature(s) (minimum alpha value to use).

Using up to 8 selected features

Hyperparameter tuning...

Number of features: 2
Trimming excess components in <param_grid>...
Number of features: 3
Trimming excess components in <param_grid>...
Number of features: 1
Trimming excess components in <param_grid>...
Number of features: 5
Trimming excess components in <param_grid>...
Number of features: 4
Trimming excess components in <param_grid>...
Number of features: 3
Trimming excess components in <param_grid>...
Number of features: 5
Trimming excess components in <param_grid>...
Number of features: 6
Trimming excess components in <param_grid>...
Number of features: 6
Trimming excess components in <param_grid>...
Number of features: 9
Trimming excess components in <param_grid>...
Number of features: 8
Trimming excess components in <param_grid>...
Number of features: 8
Trimming excess components in <param_grid>...
Testing...

GLOBUS TRANSFER task_id: 3a87f6c0-29a7-11eb-8fc0-0a34088e79f9
Waiting for transfer 3a87f6c0-29a7-11eb-8fc0-0a34088e79f9 to complete...
DONE.
GLOBUS DELETE task_id: 52db0cda-29a7-11eb-8fc0-0a34088e79f9
Skipping past idx_grix 0...
Skipping past idx_grix 1...
Skipping past idx_grix 2...
Skipping past idx_grix 3...
Skipping past idx_grix 4...
Skipping past idx_grix 5...
Skipping past idx_grix 6...
Skipping past idx_grix 7...
Skipping past idx_grix 8...
Skipping past idx_grix 9...
Skipping past idx_grix 10...
Skipping past idx_grix 11...
Skipping past idx_grix 12...
Skipping past idx_grix 13...
Skipping past idx_grix 14...
Skipping past idx_grix 15...
Skipping past idx_grix 16...
Skipping past idx_grix 17...
Skipping past idx_grix 18...
Skipping past idx_grix 19...
Skipping past idx_grix 20...
Skipping past idx_grix 21...
Skipping past idx_grix 22...
Skipping past idx_grix 23...
Skipping past idx_grix 24...
Skipping past idx_grix 25...
Skipping past idx_grix 26...
Skipping past idx_grix 27...
Skipping past idx_grix 28...
Skipping past idx_grix 29...
Skipping past idx_grix 30...
Skipping past idx_grix 31...
Skipping past idx_grix 32...
Skipping past idx_grix 33...
Skipping past idx_grix 34...
Skipping past idx_grix 35...

Processing scenario ID: 36
Panels type: ref_closest_panel
Crop type: crop_plot
Clip type: nan
Smooth type: {'window_size': 11, 'order': 2}
Bin type: {'method': 'spectral_mimic', 'sensor': 'sentinel-2a'}
Segment type: nan

Response variable: nup_kgha
Number of observations: 407

Feature set: derivative_2

Writing mean spectra to a ``pandas.DataFrame``.
Number of input datacubes/spectra: 835
Old "step_pct": 0.05
New "step_pct": 0.5
alpha: 0.0005
Features selected: 4
Iterations without progress: 0

alpha: 0.00025
Features selected: 5
Iterations without progress: 0

alpha: 0.000125
Features selected: 6
Iterations without progress: 0

alpha: 6.25e-05
Features selected: 6
Iterations without progress: 1

alpha: 3.125e-05
Features selected: 5
Iterations without progress: 0

alpha: 1.5625e-05
Features selected: 5
Iterations without progress: 1

Old "step_pct": 0.5
New "step_pct": 0.1
alpha: 1.4062500000000001e-05
Features selected: 7
Iterations without progress: 0

alpha: 1.2656250000000001e-05
Features selected: 7
Iterations without progress: 1

alpha: 1.1390625e-05
Features selected: 7
Iterations without progress: 2

alpha: 1.0251562500000001e-05
Features selected: 7
Iterations without progress: 3

Old "step_pct": 0.1
New "step_pct": 0.2
alpha: 8.20125e-06
Features selected: 6
Iterations without progress: 0

Old "step_pct": 0.2
New "step_pct": 0.4
alpha: 4.92075e-06
Features selected: 6
Iterations without progress: 1

alpha: 2.95245e-06
Features selected: 7
Iterations without progress: 0

alpha: 1.77147e-06
Features selected: 7
Iterations without progress: 1

Old "step_pct": 0.4
New "step_pct": 0.08
alpha: 1.6297524e-06
Features selected: 8
Iterations without progress: 0

alpha: 1.499372208e-06
Features selected: 8
Iterations without progress: 1

alpha: 1.37942243136e-06
Features selected: 8
Iterations without progress: 2

alpha: 1.2690686368512001e-06
Features selected: 8
Iterations without progress: 3

alpha: 1.1675431459031042e-06
Features selected: 7
Iterations without progress: 0

alpha: 1.0741396942308559e-06
Features selected: 7
Iterations without progress: 1

Old "step_pct": 0.08
New "step_pct": 0.016
alpha: 1.0569534591231622e-06
Features selected: 8
Iterations without progress: 0

alpha: 1.0400422037771916e-06
Features selected: 8
Iterations without progress: 1

alpha: 1.0234015285167564e-06
Features selected: 8
Iterations without progress: 2

alpha: 1.0070271040604882e-06
Features selected: 7
Iterations without progress: 0

alpha: 9.909146703955203e-07
Features selected: 7
Iterations without progress: 1

Old "step_pct": 0.016
New "step_pct": 0.0032
alpha: 9.877437434502546e-07
Features selected: 8
Iterations without progress: 0

alpha: 9.845829634712137e-07
Features selected: 7
Iterations without progress: 0

alpha: 9.814322979881058e-07
Features selected: 7
Iterations without progress: 1

Old "step_pct": 0.0032
New "step_pct": 0.00064
alpha: 9.808041813173934e-07
Features selected: 8
Iterations without progress: 0

alpha: 9.801764666413504e-07
Features selected: 8
Iterations without progress: 1

alpha: 9.795491537027e-07
Features selected: 8
Iterations without progress: 2

alpha: 9.789222422443303e-07
Features selected: 8
Iterations without progress: 3

alpha: 9.78295732009294e-07
Features selected: 8
Iterations without progress: 4

alpha: 9.776696227408081e-07
Features selected: 8
Iterations without progress: 5

Leaving while loop before finding the alpha value that achieves selection of 9 feature(s) (minimum alpha value to use).

Using up to 8 selected features

Hyperparameter tuning...

Number of features: 1
Trimming excess components in <param_grid>...
Number of features: 5
Trimming excess components in <param_grid>...
Number of features: 3
Trimming excess components in <param_grid>...
Number of features: 7
Trimming excess components in <param_grid>...
Number of features: 8
Trimming excess components in <param_grid>...
Number of features: 4
Trimming excess components in <param_grid>...
Number of features: 7
Trimming excess components in <param_grid>...
Number of features: 2
Trimming excess components in <param_grid>...
Number of features: 5
Trimming excess components in <param_grid>...
Number of features: 7
Trimming excess components in <param_grid>...
Number of features: 6
Trimming excess components in <param_grid>...
Number of features: 5
Trimming excess components in <param_grid>...
Number of features: 6
Trimming excess components in <param_grid>...
Number of features: 3
Trimming excess components in <param_grid>...
Number of features: 4
Trimming excess components in <param_grid>...
Number of features: 6
Trimming excess components in <param_grid>...
Number of features: 4
Trimming excess components in <param_grid>...
Number of features: 3
Trimming excess components in <param_grid>...
Number of features: 2
Trimming excess components in <param_grid>...
Testing...

GLOBUS TRANSFER task_id: 6c597f02-29a7-11eb-8fc0-0a34088e79f9
Waiting for transfer 6c597f02-29a7-11eb-8fc0-0a34088e79f9 to complete...
DONE.
GLOBUS DELETE task_id: 7284878c-29a7-11eb-8fc0-0a34088e79f9

Processing scenario ID: 37
Panels type: ref_closest_panel
Crop type: crop_plot
Clip type: nan
Smooth type: {'window_size': 11, 'order': 2}
Bin type: {'method': 'spectral_mimic', 'sensor': 'sentinel-2a'}
Segment type: {'method': 'ndi', 'wl1': [770, 800], 'wl2': [650, 680], 'mask_percentile': 50, 'mask_side': 'lower'}

Response variable: nup_kgha
Number of observations: 407

Feature set: derivative_2

Writing mean spectra to a ``pandas.DataFrame``.
Number of input datacubes/spectra: 835
Old "step_pct": 0.00064
New "step_pct": 0.00128
alpha: 4.8820910281184994e-05
Features selected: 6
Iterations without progress: 0

Old "step_pct": 0.00128
New "step_pct": 0.00256
alpha: 4.869592875086516e-05
Features selected: 6
Iterations without progress: 1

Old "step_pct": 0.00256
New "step_pct": 0.00512
alpha: 4.844660559566073e-05
Features selected: 6
Iterations without progress: 2

Old "step_pct": 0.00512
New "step_pct": 0.01024
alpha: 4.795051235436117e-05
Features selected: 6
Iterations without progress: 3

Old "step_pct": 0.01024
New "step_pct": 0.02048
alpha: 4.696848586134385e-05
Features selected: 6
Iterations without progress: 4

Old "step_pct": 0.02048
New "step_pct": 0.04096
alpha: 4.5044656680463206e-05
Features selected: 6
Iterations without progress: 5

Leaving while loop before finding the alpha value that achieves selection of 9 feature(s) (minimum alpha value to use).

Using up to 6 selected features

Hyperparameter tuning...

Number of features: 2
Trimming excess components in <param_grid>...
Number of features: 1
Trimming excess components in <param_grid>...
Number of features: 4
Trimming excess components in <param_grid>...
Number of features: 3
Trimming excess components in <param_grid>...
Number of features: 5
Trimming excess components in <param_grid>...
Number of features: 5
Trimming excess components in <param_grid>...
Number of features: 5
Trimming excess components in <param_grid>...
Number of features: 6
Trimming excess components in <param_grid>...
Number of features: 2
Trimming excess components in <param_grid>...
Number of features: 4
Trimming excess components in <param_grid>...
Number of features: 6
Trimming excess components in <param_grid>...
Number of features: 3
Trimming excess components in <param_grid>...
Number of features: 4
Trimming excess components in <param_grid>...
Number of features: 5
Trimming excess components in <param_grid>...
Number of features: 6
Trimming excess components in <param_grid>...
Number of features: 3
Trimming excess components in <param_grid>...
Testing...

GLOBUS TRANSFER task_id: 85b26838-29a7-11eb-b53b-02d9497ca481
Waiting for transfer 85b26838-29a7-11eb-b53b-02d9497ca481 to complete...
DONE.
GLOBUS DELETE task_id: 9d638b80-29a7-11eb-b53b-02d9497ca481

Processing scenario ID: 38
Panels type: ref_closest_panel
Crop type: crop_plot
Clip type: nan
Smooth type: {'window_size': 11, 'order': 2}
Bin type: {'method': 'spectral_mimic', 'sensor': 'sentinel-2a'}
Segment type: {'method': 'ndi', 'wl1': [770, 800], 'wl2': [650, 680], 'mask_percentile': 50, 'mask_side': 'upper'}

Response variable: nup_kgha
Number of observations: 407

Feature set: derivative_2

Writing mean spectra to a ``pandas.DataFrame``.
Number of input datacubes/spectra: 835
Old "step_pct": 0.04096
New "step_pct": 0.4096
alpha: 0.0013297182652072738
Features selected: 4
Iterations without progress: 1

Old "step_pct": 0.4096
New "step_pct": 0.8192
alpha: 0.00024041306234947506
Features selected: 4
Iterations without progress: 2

alpha: 4.346668167278508e-05
Features selected: 4
Iterations without progress: 3

alpha: 7.858776046439541e-06
Features selected: 4
Iterations without progress: 4

alpha: 3.9905891110150525e-05
Features selected: 9
Iterations without progress: 0

Using up to 9 selected features

Hyperparameter tuning...

Number of features: 2
Trimming excess components in <param_grid>...
Number of features: 1
Trimming excess components in <param_grid>...
Number of features: 3
Trimming excess components in <param_grid>...
Number of features: 3
Trimming excess components in <param_grid>...
Number of features: 4
Trimming excess components in <param_grid>...
Number of features: 4
Trimming excess components in <param_grid>...
Number of features: 5
Trimming excess components in <param_grid>...
Number of features: 5
Trimming excess components in <param_grid>...
Testing...

GLOBUS TRANSFER task_id: acb87198-29a7-11eb-b53b-02d9497ca481
Waiting for transfer acb87198-29a7-11eb-b53b-02d9497ca481 to complete...
DONE.
GLOBUS DELETE task_id: c53418ee-29a7-11eb-b53b-02d9497ca481
Skipping past idx_grix 0...
Skipping past idx_grix 1...
Skipping past idx_grix 2...
Skipping past idx_grix 3...
Skipping past idx_grix 4...
Skipping past idx_grix 5...
Skipping past idx_grix 6...
Skipping past idx_grix 7...
Skipping past idx_grix 8...
Skipping past idx_grix 9...
Skipping past idx_grix 10...
Skipping past idx_grix 11...
Skipping past idx_grix 12...
Skipping past idx_grix 13...
Skipping past idx_grix 14...
Skipping past idx_grix 15...
Skipping past idx_grix 16...
Skipping past idx_grix 17...
Skipping past idx_grix 18...
Skipping past idx_grix 19...
Skipping past idx_grix 20...
Skipping past idx_grix 21...
Skipping past idx_grix 22...
Skipping past idx_grix 23...
Skipping past idx_grix 24...
Skipping past idx_grix 25...
Skipping past idx_grix 26...
Skipping past idx_grix 27...
Skipping past idx_grix 28...
Skipping past idx_grix 29...
Skipping past idx_grix 30...
Skipping past idx_grix 31...
Skipping past idx_grix 32...
Skipping past idx_grix 33...
Skipping past idx_grix 34...
Skipping past idx_grix 35...

Processing scenario ID: 36
Panels type: ref_closest_panel
Crop type: crop_plot
Clip type: nan
Smooth type: {'window_size': 11, 'order': 2}
Bin type: {'method': 'spectral_mimic', 'sensor': 'sentinel-2a'}
Segment type: nan

Response variable: tissue_n_pct
Number of observations: 408

Feature set: derivative_2

Writing mean spectra to a ``pandas.DataFrame``.
Number of input datacubes/spectra: 835
Old "step_pct": 0.05
New "step_pct": 0.5
alpha: 0.0005
Features selected: 1
Iterations without progress: 0

alpha: 0.00025
Features selected: 1
Iterations without progress: 1

alpha: 0.000125
Features selected: 2
Iterations without progress: 0

alpha: 6.25e-05
Features selected: 4
Iterations without progress: 0

alpha: 3.125e-05
Features selected: 3
Iterations without progress: 0

alpha: 1.5625e-05
Features selected: 3
Iterations without progress: 1

alpha: 7.8125e-06
Features selected: 4
Iterations without progress: 0

alpha: 3.90625e-06
Features selected: 5
Iterations without progress: 0

alpha: 1.953125e-06
Features selected: 5
Iterations without progress: 1

Old "step_pct": 0.5
New "step_pct": 0.1
alpha: 1.7578125000000002e-06
Features selected: 7
Iterations without progress: 0

alpha: 1.5820312500000001e-06
Features selected: 7
Iterations without progress: 1

alpha: 1.423828125e-06
Features selected: 7
Iterations without progress: 2

alpha: 1.2814453125000001e-06
Features selected: 7
Iterations without progress: 3

alpha: 1.15330078125e-06
Features selected: 7
Iterations without progress: 4

Old "step_pct": 0.1
New "step_pct": 0.02
alpha: 1.130234765625e-06
Features selected: 8
Iterations without progress: 0

alpha: 1.1076300703125e-06
Features selected: 8
Iterations without progress: 1

alpha: 1.08547746890625e-06
Features selected: 8
Iterations without progress: 2

alpha: 1.063767919528125e-06
Features selected: 8
Iterations without progress: 3

alpha: 1.0424925611375624e-06
Features selected: 8
Iterations without progress: 4

alpha: 1.0216427099148112e-06
Features selected: 8
Iterations without progress: 5

Leaving while loop before finding the alpha value that achieves selection of 9 feature(s) (minimum alpha value to use).

Using up to 8 selected features

Hyperparameter tuning...

Number of features: 0
Trimming excess components in <param_grid>...
Number of features: 2
Trimming excess components in <param_grid>...
Number of features: 1
Trimming excess components in <param_grid>...
Number of features: 8
Trimming excess components in <param_grid>...
Number of features: 4
Trimming excess components in <param_grid>...
Number of features: 3
Trimming excess components in <param_grid>...
Number of features: 5
Trimming excess components in <param_grid>...
Number of features: 3
Trimming excess components in <param_grid>...
Number of features: 7
Trimming excess components in <param_grid>...
Number of features: 4
Trimming excess components in <param_grid>...
Number of features: 4
Trimming excess components in <param_grid>...
Number of features: 6
Trimming excess components in <param_grid>...
Number of features: 7
Trimming excess components in <param_grid>...
Number of features: 8
Trimming excess components in <param_grid>...
Testing...

GLOBUS TRANSFER task_id: de1a7678-29a7-11eb-b165-0ee0d5d9299f
Waiting for transfer de1a7678-29a7-11eb-b165-0ee0d5d9299f to complete...
Transfer de1a7678-29a7-11eb-b165-0ee0d5d9299f has not yet finished; transfer submitted 1 minute(s) ago
Transfer de1a7678-29a7-11eb-b165-0ee0d5d9299f has not yet finished; transfer submitted 2 minute(s) ago
Transfer de1a7678-29a7-11eb-b165-0ee0d5d9299f has not yet finished; transfer submitted 3 minute(s) ago
Transfer de1a7678-29a7-11eb-b165-0ee0d5d9299f has not yet finished; transfer submitted 4 minute(s) ago
Transfer de1a7678-29a7-11eb-b165-0ee0d5d9299f has not yet finished; transfer submitted 5 minute(s) ago
Transfer de1a7678-29a7-11eb-b165-0ee0d5d9299f has not yet finished; transfer submitted 6 minute(s) ago
DONE.
GLOBUS DELETE task_id: beab27aa-29a8-11eb-b165-0ee0d5d9299f

Processing scenario ID: 37
Panels type: ref_closest_panel
Crop type: crop_plot
Clip type: nan
Smooth type: {'window_size': 11, 'order': 2}
Bin type: {'method': 'spectral_mimic', 'sensor': 'sentinel-2a'}
Segment type: {'method': 'ndi', 'wl1': [770, 800], 'wl2': [650, 680], 'mask_percentile': 50, 'mask_side': 'lower'}

Response variable: tissue_n_pct
Number of observations: 408

Feature set: derivative_2

Writing mean spectra to a ``pandas.DataFrame``.
Number of input datacubes/spectra: 835
Old "step_pct": 0.02
New "step_pct": 0.2
alpha: 4.086570839659245e-05
Features selected: 2
Iterations without progress: 0

Old "step_pct": 0.2
New "step_pct": 0.4
alpha: 2.451942503795547e-05
Features selected: 3
Iterations without progress: 0

Old "step_pct": 0.4
New "step_pct": 0.8
alpha: 4.903885007591094e-06
Features selected: 3
Iterations without progress: 1

alpha: 9.807770015182185e-07
Features selected: 5
Iterations without progress: 0

alpha: 1.9615540030364365e-07
Features selected: 5
Iterations without progress: 1

alpha: 9.02314841396761e-07
Features selected: 9
Iterations without progress: 0

Using up to 9 selected features

Hyperparameter tuning...

Number of features: 3
Trimming excess components in <param_grid>...
Number of features: 4
Trimming excess components in <param_grid>...
Number of features: 5
Trimming excess components in <param_grid>...
Number of features: 0
Trimming excess components in <param_grid>...
Number of features: 2
Trimming excess components in <param_grid>...
Number of features: 1
Trimming excess components in <param_grid>...
Number of features: 5
Trimming excess components in <param_grid>...
Number of features: 4
Trimming excess components in <param_grid>...
Number of features: 3
Trimming excess components in <param_grid>...
Number of features: 2
Trimming excess components in <param_grid>...
Number of features: 5
Trimming excess components in <param_grid>...
Number of features: 3
Trimming excess components in <param_grid>...
Number of features: 7
Trimming excess components in <param_grid>...
Number of features: 2
Trimming excess components in <param_grid>...
Number of features: 3
Trimming excess components in <param_grid>...
Number of features: 3
Trimming excess components in <param_grid>...
Number of features: 6
Trimming excess components in <param_grid>...
Number of features: 4
Trimming excess components in <param_grid>...
Number of features: 6
Trimming excess components in <param_grid>...
Number of features: 4
Trimming excess components in <param_grid>...
Number of features: 4
Trimming excess components in <param_grid>...
Number of features: 5
Trimming excess components in <param_grid>...
Number of features: 6
Trimming excess components in <param_grid>...
Testing...

GLOBUS TRANSFER task_id: cebb9e72-29a8-11eb-8fc0-0a34088e79f9
Waiting for transfer cebb9e72-29a8-11eb-8fc0-0a34088e79f9 to complete...
Transfer cebb9e72-29a8-11eb-8fc0-0a34088e79f9 has not yet finished; transfer submitted 1 minute(s) ago
Transfer cebb9e72-29a8-11eb-8fc0-0a34088e79f9 has not yet finished; transfer submitted 2 minute(s) ago
Transfer cebb9e72-29a8-11eb-8fc0-0a34088e79f9 has not yet finished; transfer submitted 3 minute(s) ago
Transfer cebb9e72-29a8-11eb-8fc0-0a34088e79f9 has not yet finished; transfer submitted 4 minute(s) ago
Transfer cebb9e72-29a8-11eb-8fc0-0a34088e79f9 has not yet finished; transfer submitted 5 minute(s) ago
DONE.
GLOBUS DELETE task_id: a2811fd4-29a9-11eb-8fc0-0a34088e79f9

Processing scenario ID: 38
Panels type: ref_closest_panel
Crop type: crop_plot
Clip type: nan
Smooth type: {'window_size': 11, 'order': 2}
Bin type: {'method': 'spectral_mimic', 'sensor': 'sentinel-2a'}
Segment type: {'method': 'ndi', 'wl1': [770, 800], 'wl2': [650, 680], 'mask_percentile': 50, 'mask_side': 'upper'}

Response variable: tissue_n_pct
Number of observations: 408

Feature set: derivative_2

Writing mean spectra to a ``pandas.DataFrame``.
Number of input datacubes/spectra: 835
Old "step_pct": 0.08
New "step_pct": 0.8
alpha: 9.023148413967608e-06
Features selected: 3
Iterations without progress: 0

alpha: 1.8046296827935214e-06
Features selected: 3
Iterations without progress: 1

alpha: 3.6092593655870417e-07
Features selected: 5
Iterations without progress: 0

alpha: 1.6602593081700395e-06
Features selected: 9
Iterations without progress: 0

Using up to 9 selected features

Hyperparameter tuning...

Number of features: 1
Trimming excess components in <param_grid>...
Number of features: 0
Trimming excess components in <param_grid>...
Number of features: 3
Trimming excess components in <param_grid>...
Number of features: 3
Trimming excess components in <param_grid>...
Number of features: 4
Trimming excess components in <param_grid>...
Number of features: 4
Trimming excess components in <param_grid>...
Number of features: 3
Trimming excess components in <param_grid>...
Number of features: 5
Trimming excess components in <param_grid>...
Number of features: 6
Trimming excess components in <param_grid>...
Number of features: 4
Trimming excess components in <param_grid>...
Number of features: 5
Trimming excess components in <param_grid>...
Number of features: 3
Trimming excess components in <param_grid>...
Number of features: 2
Trimming excess components in <param_grid>...
Number of features: 4
Trimming excess components in <param_grid>...
Number of features: 6
Trimming excess components in <param_grid>...
Number of features: 7
Trimming excess components in <param_grid>...
Number of features: 5
Trimming excess components in <param_grid>...
Testing...

GLOBUS TRANSFER task_id: b396a9ba-29a9-11eb-b53b-02d9497ca481
Waiting for transfer b396a9ba-29a9-11eb-b53b-02d9497ca481 to complete...
DONE.
GLOBUS DELETE task_id: d816c608-29a9-11eb-b53b-02d9497ca481

Processing scenario ID: 36
Panels type: ref_closest_panel
Crop type: crop_plot
Clip type: nan
Smooth type: {'window_size': 11, 'order': 2}
Bin type: {'method': 'spectral_mimic', 'sensor': 'sentinel-2a'}
Segment type: nan
GLOBUS TRANSFER task_id: da74028a-29a9-11eb-b53b-02d9497ca481
Waiting for transfer da74028a-29a9-11eb-b53b-02d9497ca481 to complete...
Transfer da74028a-29a9-11eb-b53b-02d9497ca481 has not yet finished; transfer submitted 1 minute(s) ago
Transfer da74028a-29a9-11eb-b53b-02d9497ca481 has not yet finished; transfer submitted 2 minute(s) ago
Transfer da74028a-29a9-11eb-b53b-02d9497ca481 has not yet finished; transfer submitted 3 minute(s) ago
Transfer da74028a-29a9-11eb-b53b-02d9497ca481 has not yet finished; transfer submitted 4 minute(s) ago
Transfer da74028a-29a9-11eb-b53b-02d9497ca481 has not yet finished; transfer submitted 5 minute(s) ago
DONE.
GLOBUS DELETE task_id: 9633be2a-29aa-11eb-b53b-02d9497ca481

Processing scenario ID: 37
Panels type: ref_closest_panel
Crop type: crop_plot
Clip type: nan
Smooth type: {'window_size': 11, 'order': 2}
Bin type: {'method': 'spectral_mimic', 'sensor': 'sentinel-2a'}
Segment type: {'method': 'ndi', 'wl1': [770, 800], 'wl2': [650, 680], 'mask_percentile': 50, 'mask_side': 'lower'}
GLOBUS TRANSFER task_id: 9804797e-29aa-11eb-b165-0ee0d5d9299f
Waiting for transfer 9804797e-29aa-11eb-b165-0ee0d5d9299f to complete...
Transfer 9804797e-29aa-11eb-b165-0ee0d5d9299f has not yet finished; transfer submitted 1 minute(s) ago
Transfer 9804797e-29aa-11eb-b165-0ee0d5d9299f has not yet finished; transfer submitted 2 minute(s) ago
Transfer 9804797e-29aa-11eb-b165-0ee0d5d9299f has not yet finished; transfer submitted 3 minute(s) ago
Transfer 9804797e-29aa-11eb-b165-0ee0d5d9299f has not yet finished; transfer submitted 4 minute(s) ago
Transfer 9804797e-29aa-11eb-b165-0ee0d5d9299f has not yet finished; transfer submitted 5 minute(s) ago
DONE.
GLOBUS DELETE task_id: 6001cf30-29ab-11eb-b165-0ee0d5d9299f

Processing scenario ID: 38
Panels type: ref_closest_panel
Crop type: crop_plot
Clip type: nan
Smooth type: {'window_size': 11, 'order': 2}
Bin type: {'method': 'spectral_mimic', 'sensor': 'sentinel-2a'}
Segment type: {'method': 'ndi', 'wl1': [770, 800], 'wl2': [650, 680], 'mask_percentile': 50, 'mask_side': 'upper'}
GLOBUS TRANSFER task_id: 61ba6256-29ab-11eb-b53b-02d9497ca481
Waiting for transfer 61ba6256-29ab-11eb-b53b-02d9497ca481 to complete...
Transfer 61ba6256-29ab-11eb-b53b-02d9497ca481 has not yet finished; transfer submitted 1 minute(s) ago
Transfer 61ba6256-29ab-11eb-b53b-02d9497ca481 has not yet finished; transfer submitted 2 minute(s) ago
Transfer 61ba6256-29ab-11eb-b53b-02d9497ca481 has not yet finished; transfer submitted 3 minute(s) ago
Transfer 61ba6256-29ab-11eb-b53b-02d9497ca481 has not yet finished; transfer submitted 4 minute(s) ago
DONE.
GLOBUS DELETE task_id: f9adedc6-29ab-11eb-b53b-02d9497ca481
