Skipping past idx_grix 0...
Skipping past idx_grix 1...
Skipping past idx_grix 2...
Skipping past idx_grix 3...
Skipping past idx_grix 4...
Skipping past idx_grix 5...
Skipping past idx_grix 6...
Skipping past idx_grix 7...
Skipping past idx_grix 8...
Skipping past idx_grix 9...
Skipping past idx_grix 10...
Skipping past idx_grix 11...
Skipping past idx_grix 12...
Skipping past idx_grix 13...
Skipping past idx_grix 14...
Skipping past idx_grix 15...
Skipping past idx_grix 16...
Skipping past idx_grix 17...
Skipping past idx_grix 18...
Skipping past idx_grix 19...
Skipping past idx_grix 20...
Skipping past idx_grix 21...
Skipping past idx_grix 22...
Skipping past idx_grix 23...
Skipping past idx_grix 24...
Skipping past idx_grix 25...
Skipping past idx_grix 26...
Skipping past idx_grix 27...
Skipping past idx_grix 28...
Skipping past idx_grix 29...
Skipping past idx_grix 30...
Skipping past idx_grix 31...
Skipping past idx_grix 32...
Skipping past idx_grix 33...
Skipping past idx_grix 34...
Skipping past idx_grix 35...
Skipping past idx_grix 36...
Skipping past idx_grix 37...
Skipping past idx_grix 38...
Skipping past idx_grix 39...
Skipping past idx_grix 40...
Skipping past idx_grix 41...
Skipping past idx_grix 42...
Skipping past idx_grix 43...
Skipping past idx_grix 44...
Skipping past idx_grix 45...
Skipping past idx_grix 46...
Skipping past idx_grix 47...
Skipping past idx_grix 48...
Skipping past idx_grix 49...
Skipping past idx_grix 50...
Skipping past idx_grix 51...
Skipping past idx_grix 52...
Skipping past idx_grix 53...
Skipping past idx_grix 54...
Skipping past idx_grix 55...
Skipping past idx_grix 56...

Processing scenario ID: 57
Panels type: ref_closest_panel
Crop type: crop_plot
Clip type: {'wl_bands': [[0, 420], [880, 1000]]}
Smooth type: nan
Bin type: nan
Segment type: {'method': 'mcari2', 'wl1': [800], 'wl2': [670], 'wl3': [550], 'mask_percentile': 50, 'mask_side': 'lower'}

Response variable: biomass_kgha
Number of observations: 407

Feature set: reflectance

Writing mean spectra to a ``pandas.DataFrame``.
Number of input datacubes/spectra: 164
Skipping past idx_grix 0...
Skipping past idx_grix 1...
Skipping past idx_grix 2...
Skipping past idx_grix 3...
Skipping past idx_grix 4...
Skipping past idx_grix 5...
Skipping past idx_grix 6...
Skipping past idx_grix 7...
Skipping past idx_grix 8...
Skipping past idx_grix 9...
Skipping past idx_grix 10...
Skipping past idx_grix 11...
Skipping past idx_grix 12...
Skipping past idx_grix 13...
Skipping past idx_grix 14...
Skipping past idx_grix 15...
Skipping past idx_grix 16...
Skipping past idx_grix 17...
Skipping past idx_grix 18...
Skipping past idx_grix 19...
Skipping past idx_grix 20...
Skipping past idx_grix 21...
Skipping past idx_grix 22...
Skipping past idx_grix 23...
Skipping past idx_grix 24...
Skipping past idx_grix 25...
Skipping past idx_grix 26...
Skipping past idx_grix 27...
Skipping past idx_grix 28...
Skipping past idx_grix 29...
Skipping past idx_grix 30...
Skipping past idx_grix 31...
Skipping past idx_grix 32...
Skipping past idx_grix 33...
Skipping past idx_grix 34...
Skipping past idx_grix 35...
Skipping past idx_grix 36...
Skipping past idx_grix 37...
Skipping past idx_grix 38...
Skipping past idx_grix 39...
Skipping past idx_grix 40...
Skipping past idx_grix 41...
Skipping past idx_grix 42...
Skipping past idx_grix 43...
Skipping past idx_grix 44...
Skipping past idx_grix 45...
Skipping past idx_grix 46...
Skipping past idx_grix 47...
Skipping past idx_grix 48...
Skipping past idx_grix 49...
Skipping past idx_grix 50...
Skipping past idx_grix 51...
Skipping past idx_grix 52...
Skipping past idx_grix 53...
Skipping past idx_grix 54...
Skipping past idx_grix 55...
Skipping past idx_grix 56...

Processing scenario ID: 57
Panels type: ref_closest_panel
Crop type: crop_plot
Clip type: {'wl_bands': [[0, 420], [880, 1000]]}
Smooth type: nan
Bin type: nan
Segment type: {'method': 'mcari2', 'wl1': [800], 'wl2': [670], 'wl3': [550], 'mask_percentile': 50, 'mask_side': 'lower'}

Response variable: nup_kgha
Number of observations: 407

Feature set: reflectance

Writing mean spectra to a ``pandas.DataFrame``.
Number of input datacubes/spectra: 164
Skipping past idx_grix 0...
Skipping past idx_grix 1...
Skipping past idx_grix 2...
Skipping past idx_grix 3...
Skipping past idx_grix 4...
Skipping past idx_grix 5...
Skipping past idx_grix 6...
Skipping past idx_grix 7...
Skipping past idx_grix 8...
Skipping past idx_grix 9...
Skipping past idx_grix 10...
Skipping past idx_grix 11...
Skipping past idx_grix 12...
Skipping past idx_grix 13...
Skipping past idx_grix 14...
Skipping past idx_grix 15...
Skipping past idx_grix 16...
Skipping past idx_grix 17...
Skipping past idx_grix 18...
Skipping past idx_grix 19...
Skipping past idx_grix 20...
Skipping past idx_grix 21...
Skipping past idx_grix 22...
Skipping past idx_grix 23...
Skipping past idx_grix 24...
Skipping past idx_grix 25...
Skipping past idx_grix 26...
Skipping past idx_grix 27...
Skipping past idx_grix 28...
Skipping past idx_grix 29...
Skipping past idx_grix 30...
Skipping past idx_grix 31...
Skipping past idx_grix 32...
Skipping past idx_grix 33...
Skipping past idx_grix 34...
Skipping past idx_grix 35...
Skipping past idx_grix 36...
Skipping past idx_grix 37...
Skipping past idx_grix 38...
Skipping past idx_grix 39...
Skipping past idx_grix 40...
Skipping past idx_grix 41...
Skipping past idx_grix 42...
Skipping past idx_grix 43...
Skipping past idx_grix 44...
Skipping past idx_grix 45...
Skipping past idx_grix 46...
Skipping past idx_grix 47...
Skipping past idx_grix 48...
Skipping past idx_grix 49...
Skipping past idx_grix 50...
Skipping past idx_grix 51...
Skipping past idx_grix 52...
Skipping past idx_grix 53...
Skipping past idx_grix 54...
Skipping past idx_grix 55...
Skipping past idx_grix 56...

Processing scenario ID: 57
Panels type: ref_closest_panel
Crop type: crop_plot
Clip type: {'wl_bands': [[0, 420], [880, 1000]]}
Smooth type: nan
Bin type: nan
Segment type: {'method': 'mcari2', 'wl1': [800], 'wl2': [670], 'wl3': [550], 'mask_percentile': 50, 'mask_side': 'lower'}

Response variable: tissue_n_pct
Number of observations: 408

Feature set: reflectance

Writing mean spectra to a ``pandas.DataFrame``.
Number of input datacubes/spectra: 164
Skipping past idx_grix 0...
Skipping past idx_grix 1...
Skipping past idx_grix 2...
Skipping past idx_grix 3...
Skipping past idx_grix 4...
Skipping past idx_grix 5...
Skipping past idx_grix 6...
Skipping past idx_grix 7...
Skipping past idx_grix 8...
Skipping past idx_grix 9...
Skipping past idx_grix 10...
Skipping past idx_grix 11...
Skipping past idx_grix 12...
Skipping past idx_grix 13...
Skipping past idx_grix 14...
Skipping past idx_grix 15...
Skipping past idx_grix 16...
Skipping past idx_grix 17...
Skipping past idx_grix 18...
Skipping past idx_grix 19...
Skipping past idx_grix 20...
Skipping past idx_grix 21...
Skipping past idx_grix 22...
Skipping past idx_grix 23...
Skipping past idx_grix 24...
Skipping past idx_grix 25...
Skipping past idx_grix 26...
Skipping past idx_grix 27...
Skipping past idx_grix 28...
Skipping past idx_grix 29...
Skipping past idx_grix 30...
Skipping past idx_grix 31...
Skipping past idx_grix 32...
Skipping past idx_grix 33...
Skipping past idx_grix 34...
Skipping past idx_grix 35...
Skipping past idx_grix 36...
Skipping past idx_grix 37...
Skipping past idx_grix 38...
Skipping past idx_grix 39...
Skipping past idx_grix 40...
Skipping past idx_grix 41...
Skipping past idx_grix 42...
Skipping past idx_grix 43...
Skipping past idx_grix 44...
Skipping past idx_grix 45...
Skipping past idx_grix 46...
Skipping past idx_grix 47...
Skipping past idx_grix 48...
Skipping past idx_grix 49...
Skipping past idx_grix 50...
Skipping past idx_grix 51...
Skipping past idx_grix 52...
Skipping past idx_grix 53...
Skipping past idx_grix 54...
Skipping past idx_grix 55...
Skipping past idx_grix 56...

Processing scenario ID: 57
Panels type: ref_closest_panel
Crop type: crop_plot
Clip type: {'wl_bands': [[0, 420], [880, 1000]]}
Smooth type: nan
Bin type: nan
Segment type: {'method': 'mcari2', 'wl1': [800], 'wl2': [670], 'wl3': [550], 'mask_percentile': 50, 'mask_side': 'lower'}

Response variable: biomass_kgha
Number of observations: 407

Feature set: derivative_1

Writing mean spectra to a ``pandas.DataFrame``.
Number of input datacubes/spectra: 0
Skipping past idx_grix 0...
Skipping past idx_grix 1...
Skipping past idx_grix 2...
Skipping past idx_grix 3...
Skipping past idx_grix 4...
Skipping past idx_grix 5...
Skipping past idx_grix 6...
Skipping past idx_grix 7...
Skipping past idx_grix 8...
Skipping past idx_grix 9...
Skipping past idx_grix 10...
Skipping past idx_grix 11...
Skipping past idx_grix 12...
Skipping past idx_grix 13...
Skipping past idx_grix 14...
Skipping past idx_grix 15...
Skipping past idx_grix 16...
Skipping past idx_grix 17...
Skipping past idx_grix 18...
Skipping past idx_grix 19...
Skipping past idx_grix 20...
Skipping past idx_grix 21...
Skipping past idx_grix 22...
Skipping past idx_grix 23...
Skipping past idx_grix 24...
Skipping past idx_grix 25...
Skipping past idx_grix 26...
Skipping past idx_grix 27...
Skipping past idx_grix 28...
Skipping past idx_grix 29...
Skipping past idx_grix 30...
Skipping past idx_grix 31...
Skipping past idx_grix 32...
Skipping past idx_grix 33...
Skipping past idx_grix 34...
Skipping past idx_grix 35...
Skipping past idx_grix 36...
Skipping past idx_grix 37...
Skipping past idx_grix 38...
Skipping past idx_grix 39...
Skipping past idx_grix 40...
Skipping past idx_grix 41...
Skipping past idx_grix 42...
Skipping past idx_grix 43...
Skipping past idx_grix 44...
Skipping past idx_grix 45...
Skipping past idx_grix 46...
Skipping past idx_grix 47...
Skipping past idx_grix 48...
Skipping past idx_grix 49...
Skipping past idx_grix 50...
Skipping past idx_grix 51...
Skipping past idx_grix 52...
Skipping past idx_grix 53...
Skipping past idx_grix 54...
Skipping past idx_grix 55...
Skipping past idx_grix 56...

Processing scenario ID: 57
Panels type: ref_closest_panel
Crop type: crop_plot
Clip type: {'wl_bands': [[0, 420], [880, 1000]]}
Smooth type: nan
Bin type: nan
Segment type: {'method': 'mcari2', 'wl1': [800], 'wl2': [670], 'wl3': [550], 'mask_percentile': 50, 'mask_side': 'lower'}

Response variable: nup_kgha
Number of observations: 407

Feature set: derivative_1

Writing mean spectra to a ``pandas.DataFrame``.
Number of input datacubes/spectra: 0
Skipping past idx_grix 0...
Skipping past idx_grix 1...
Skipping past idx_grix 2...
Skipping past idx_grix 3...
Skipping past idx_grix 4...
Skipping past idx_grix 5...
Skipping past idx_grix 6...
Skipping past idx_grix 7...
Skipping past idx_grix 8...
Skipping past idx_grix 9...
Skipping past idx_grix 10...
Skipping past idx_grix 11...
Skipping past idx_grix 12...
Skipping past idx_grix 13...
Skipping past idx_grix 14...
Skipping past idx_grix 15...
Skipping past idx_grix 16...
Skipping past idx_grix 17...
Skipping past idx_grix 18...
Skipping past idx_grix 19...
Skipping past idx_grix 20...
Skipping past idx_grix 21...
Skipping past idx_grix 22...
Skipping past idx_grix 23...
Skipping past idx_grix 24...
Skipping past idx_grix 25...
Skipping past idx_grix 26...
Skipping past idx_grix 27...
Skipping past idx_grix 28...
Skipping past idx_grix 29...
Skipping past idx_grix 30...
Skipping past idx_grix 31...
Skipping past idx_grix 32...
Skipping past idx_grix 33...
Skipping past idx_grix 34...
Skipping past idx_grix 35...
Skipping past idx_grix 36...
Skipping past idx_grix 37...
Skipping past idx_grix 38...
Skipping past idx_grix 39...
Skipping past idx_grix 40...
Skipping past idx_grix 41...
Skipping past idx_grix 42...
Skipping past idx_grix 43...
Skipping past idx_grix 44...
Skipping past idx_grix 45...
Skipping past idx_grix 46...
Skipping past idx_grix 47...
Skipping past idx_grix 48...
Skipping past idx_grix 49...
Skipping past idx_grix 50...
Skipping past idx_grix 51...
Skipping past idx_grix 52...
Skipping past idx_grix 53...
Skipping past idx_grix 54...
Skipping past idx_grix 55...
Skipping past idx_grix 56...

Processing scenario ID: 57
Panels type: ref_closest_panel
Crop type: crop_plot
Clip type: {'wl_bands': [[0, 420], [880, 1000]]}
Smooth type: nan
Bin type: nan
Segment type: {'method': 'mcari2', 'wl1': [800], 'wl2': [670], 'wl3': [550], 'mask_percentile': 50, 'mask_side': 'lower'}

Response variable: tissue_n_pct
Number of observations: 408

Feature set: derivative_1

Writing mean spectra to a ``pandas.DataFrame``.
Number of input datacubes/spectra: 0
Skipping past idx_grix 0...
Skipping past idx_grix 1...
Skipping past idx_grix 2...
Skipping past idx_grix 3...
Skipping past idx_grix 4...
Skipping past idx_grix 5...
Skipping past idx_grix 6...
Skipping past idx_grix 7...
Skipping past idx_grix 8...
Skipping past idx_grix 9...
Skipping past idx_grix 10...
Skipping past idx_grix 11...
Skipping past idx_grix 12...
Skipping past idx_grix 13...
Skipping past idx_grix 14...
Skipping past idx_grix 15...
Skipping past idx_grix 16...
Skipping past idx_grix 17...
Skipping past idx_grix 18...
Skipping past idx_grix 19...
Skipping past idx_grix 20...
Skipping past idx_grix 21...
Skipping past idx_grix 22...
Skipping past idx_grix 23...
Skipping past idx_grix 24...
Skipping past idx_grix 25...
Skipping past idx_grix 26...
Skipping past idx_grix 27...
Skipping past idx_grix 28...
Skipping past idx_grix 29...
Skipping past idx_grix 30...
Skipping past idx_grix 31...
Skipping past idx_grix 32...
Skipping past idx_grix 33...
Skipping past idx_grix 34...
Skipping past idx_grix 35...
Skipping past idx_grix 36...
Skipping past idx_grix 37...
Skipping past idx_grix 38...
Skipping past idx_grix 39...
Skipping past idx_grix 40...
Skipping past idx_grix 41...
Skipping past idx_grix 42...
Skipping past idx_grix 43...
Skipping past idx_grix 44...
Skipping past idx_grix 45...
Skipping past idx_grix 46...
Skipping past idx_grix 47...
Skipping past idx_grix 48...
Skipping past idx_grix 49...
Skipping past idx_grix 50...
Skipping past idx_grix 51...
Skipping past idx_grix 52...
Skipping past idx_grix 53...
Skipping past idx_grix 54...
Skipping past idx_grix 55...
Skipping past idx_grix 56...

Processing scenario ID: 57
Panels type: ref_closest_panel
Crop type: crop_plot
Clip type: {'wl_bands': [[0, 420], [880, 1000]]}
Smooth type: nan
Bin type: nan
Segment type: {'method': 'mcari2', 'wl1': [800], 'wl2': [670], 'wl3': [550], 'mask_percentile': 50, 'mask_side': 'lower'}

Response variable: biomass_kgha
Number of observations: 407

Feature set: derivative_2

Writing mean spectra to a ``pandas.DataFrame``.
Number of input datacubes/spectra: 0
Skipping past idx_grix 0...
Skipping past idx_grix 1...
Skipping past idx_grix 2...
Skipping past idx_grix 3...
Skipping past idx_grix 4...
Skipping past idx_grix 5...
Skipping past idx_grix 6...
Skipping past idx_grix 7...
Skipping past idx_grix 8...
Skipping past idx_grix 9...
Skipping past idx_grix 10...
Skipping past idx_grix 11...
Skipping past idx_grix 12...
Skipping past idx_grix 13...
Skipping past idx_grix 14...
Skipping past idx_grix 15...
Skipping past idx_grix 16...
Skipping past idx_grix 17...
Skipping past idx_grix 18...
Skipping past idx_grix 19...
Skipping past idx_grix 20...
Skipping past idx_grix 21...
Skipping past idx_grix 22...
Skipping past idx_grix 23...
Skipping past idx_grix 24...
Skipping past idx_grix 25...
Skipping past idx_grix 26...
Skipping past idx_grix 27...
Skipping past idx_grix 28...
Skipping past idx_grix 29...
Skipping past idx_grix 30...
Skipping past idx_grix 31...
Skipping past idx_grix 32...
Skipping past idx_grix 33...
Skipping past idx_grix 34...
Skipping past idx_grix 35...
Skipping past idx_grix 36...
Skipping past idx_grix 37...
Skipping past idx_grix 38...
Skipping past idx_grix 39...
Skipping past idx_grix 40...
Skipping past idx_grix 41...
Skipping past idx_grix 42...
Skipping past idx_grix 43...
Skipping past idx_grix 44...
Skipping past idx_grix 45...
Skipping past idx_grix 46...
Skipping past idx_grix 47...
Skipping past idx_grix 48...
Skipping past idx_grix 49...
Skipping past idx_grix 50...
Skipping past idx_grix 51...
Skipping past idx_grix 52...
Skipping past idx_grix 53...
Skipping past idx_grix 54...
Skipping past idx_grix 55...
Skipping past idx_grix 56...

Processing scenario ID: 57
Panels type: ref_closest_panel
Crop type: crop_plot
Clip type: {'wl_bands': [[0, 420], [880, 1000]]}
Smooth type: nan
Bin type: nan
Segment type: {'method': 'mcari2', 'wl1': [800], 'wl2': [670], 'wl3': [550], 'mask_percentile': 50, 'mask_side': 'lower'}

Response variable: nup_kgha
Number of observations: 407

Feature set: derivative_2

Writing mean spectra to a ``pandas.DataFrame``.
Number of input datacubes/spectra: 0
Skipping past idx_grix 0...
Skipping past idx_grix 1...
Skipping past idx_grix 2...
Skipping past idx_grix 3...
Skipping past idx_grix 4...
Skipping past idx_grix 5...
Skipping past idx_grix 6...
Skipping past idx_grix 7...
Skipping past idx_grix 8...
Skipping past idx_grix 9...
Skipping past idx_grix 10...
Skipping past idx_grix 11...
Skipping past idx_grix 12...
Skipping past idx_grix 13...
Skipping past idx_grix 14...
Skipping past idx_grix 15...
Skipping past idx_grix 16...
Skipping past idx_grix 17...
Skipping past idx_grix 18...
Skipping past idx_grix 19...
Skipping past idx_grix 20...
Skipping past idx_grix 21...
Skipping past idx_grix 22...
Skipping past idx_grix 23...
Skipping past idx_grix 24...
Skipping past idx_grix 25...
Skipping past idx_grix 26...
Skipping past idx_grix 27...
Skipping past idx_grix 28...
Skipping past idx_grix 29...
Skipping past idx_grix 30...
Skipping past idx_grix 31...
Skipping past idx_grix 32...
Skipping past idx_grix 33...
Skipping past idx_grix 34...
Skipping past idx_grix 35...
Skipping past idx_grix 36...
Skipping past idx_grix 37...
Skipping past idx_grix 38...
Skipping past idx_grix 39...
Skipping past idx_grix 40...
Skipping past idx_grix 41...
Skipping past idx_grix 42...
Skipping past idx_grix 43...
Skipping past idx_grix 44...
Skipping past idx_grix 45...
Skipping past idx_grix 46...
Skipping past idx_grix 47...
Skipping past idx_grix 48...
Skipping past idx_grix 49...
Skipping past idx_grix 50...
Skipping past idx_grix 51...
Skipping past idx_grix 52...
Skipping past idx_grix 53...
Skipping past idx_grix 54...
Skipping past idx_grix 55...
Skipping past idx_grix 56...

Processing scenario ID: 57
Panels type: ref_closest_panel
Crop type: crop_plot
Clip type: {'wl_bands': [[0, 420], [880, 1000]]}
Smooth type: nan
Bin type: nan
Segment type: {'method': 'mcari2', 'wl1': [800], 'wl2': [670], 'wl3': [550], 'mask_percentile': 50, 'mask_side': 'lower'}

Response variable: tissue_n_pct
Number of observations: 408

Feature set: derivative_2

Writing mean spectra to a ``pandas.DataFrame``.
Number of input datacubes/spectra: 0

Processing scenario ID: 57
Panels type: ref_closest_panel
Crop type: crop_plot
Clip type: {'wl_bands': [[0, 420], [880, 1000]]}
Smooth type: nan
Bin type: nan
Segment type: {'method': 'mcari2', 'wl1': [800], 'wl2': [670], 'wl3': [550], 'mask_percentile': 50, 'mask_side': 'lower'}
GLOBUS TRANSFER task_id: 8e339e00-29a2-11eb-8fc0-0a34088e79f9
Waiting for transfer 8e339e00-29a2-11eb-8fc0-0a34088e79f9 to complete...
DONE.
GLOBUS DELETE task_id: ac80e840-29a2-11eb-8fc0-0a34088e79f9

Processing scenario ID: 58
Panels type: ref_closest_panel
Crop type: crop_plot
Clip type: {'wl_bands': [[0, 420], [880, 1000]]}
Smooth type: nan
Bin type: nan
Segment type: {'method': 'mcari2', 'wl1': [800], 'wl2': [670], 'wl3': [550], 'mask_percentile': 50, 'mask_side': 'upper'}
GLOBUS TRANSFER task_id: ae15a6a0-29a2-11eb-8fc0-0a34088e79f9
Waiting for transfer ae15a6a0-29a2-11eb-8fc0-0a34088e79f9 to complete...
DONE.
GLOBUS DELETE task_id: b43ac222-29a2-11eb-8fc0-0a34088e79f9

Processing scenario ID: 59
Panels type: ref_closest_panel
Crop type: crop_plot
Clip type: {'wl_bands': [[0, 420], [880, 1000]]}
Smooth type: nan
Bin type: nan
Segment type: {'method': 'mcari2', 'wl1': [800], 'wl2': [670], 'wl3': [550], 'mask_percentile': 90, 'mask_side': 'lower'}
GLOBUS TRANSFER task_id: b5cdd138-29a2-11eb-b165-0ee0d5d9299f
Waiting for transfer b5cdd138-29a2-11eb-b165-0ee0d5d9299f to complete...
Transfer b5cdd138-29a2-11eb-b165-0ee0d5d9299f has not yet finished; transfer submitted 1 minute(s) ago
Transfer b5cdd138-29a2-11eb-b165-0ee0d5d9299f has not yet finished; transfer submitted 2 minute(s) ago
Transfer b5cdd138-29a2-11eb-b165-0ee0d5d9299f has not yet finished; transfer submitted 3 minute(s) ago
Transfer b5cdd138-29a2-11eb-b165-0ee0d5d9299f has not yet finished; transfer submitted 4 minute(s) ago
Transfer b5cdd138-29a2-11eb-b165-0ee0d5d9299f has not yet finished; transfer submitted 5 minute(s) ago
Transfer b5cdd138-29a2-11eb-b165-0ee0d5d9299f has not yet finished; transfer submitted 6 minute(s) ago
Transfer b5cdd138-29a2-11eb-b165-0ee0d5d9299f has not yet finished; transfer submitted 7 minute(s) ago
Transfer b5cdd138-29a2-11eb-b165-0ee0d5d9299f has not yet finished; transfer submitted 8 minute(s) ago
Transfer b5cdd138-29a2-11eb-b165-0ee0d5d9299f has not yet finished; transfer submitted 9 minute(s) ago
DONE.
GLOBUS DELETE task_id: 09b2cffa-29a4-11eb-b165-0ee0d5d9299f
