Skipping past idx_grix 0...
Skipping past idx_grix 1...
Skipping past idx_grix 2...
Skipping past idx_grix 3...
Skipping past idx_grix 4...
Skipping past idx_grix 5...
Skipping past idx_grix 6...
Skipping past idx_grix 7...
Skipping past idx_grix 8...
Skipping past idx_grix 9...
Skipping past idx_grix 10...
Skipping past idx_grix 11...
Skipping past idx_grix 12...
Skipping past idx_grix 13...
Skipping past idx_grix 14...
Skipping past idx_grix 15...
Skipping past idx_grix 16...
Skipping past idx_grix 17...
Skipping past idx_grix 18...
Skipping past idx_grix 19...
Skipping past idx_grix 20...
Skipping past idx_grix 21...
Skipping past idx_grix 22...
Skipping past idx_grix 23...
Skipping past idx_grix 24...
Skipping past idx_grix 25...
Skipping past idx_grix 26...
Skipping past idx_grix 27...
Skipping past idx_grix 28...
Skipping past idx_grix 29...
Skipping past idx_grix 30...
Skipping past idx_grix 31...
Skipping past idx_grix 32...
Skipping past idx_grix 33...
Skipping past idx_grix 34...
Skipping past idx_grix 35...
Skipping past idx_grix 36...
Skipping past idx_grix 37...
Skipping past idx_grix 38...
Skipping past idx_grix 39...
Skipping past idx_grix 40...
Skipping past idx_grix 41...
Skipping past idx_grix 42...
Skipping past idx_grix 43...
Skipping past idx_grix 44...
Skipping past idx_grix 45...
Skipping past idx_grix 46...
Skipping past idx_grix 47...
Skipping past idx_grix 48...
Skipping past idx_grix 49...
Skipping past idx_grix 50...
Skipping past idx_grix 51...
Skipping past idx_grix 52...
Skipping past idx_grix 53...
Skipping past idx_grix 54...
Skipping past idx_grix 55...
Skipping past idx_grix 56...
Skipping past idx_grix 57...
Skipping past idx_grix 58...
Skipping past idx_grix 59...
Skipping past idx_grix 60...
Skipping past idx_grix 61...
Skipping past idx_grix 62...
Skipping past idx_grix 63...
Skipping past idx_grix 64...
Skipping past idx_grix 65...
Skipping past idx_grix 66...
Skipping past idx_grix 67...
Skipping past idx_grix 68...
Skipping past idx_grix 69...
Skipping past idx_grix 70...
Skipping past idx_grix 71...
Skipping past idx_grix 72...
Skipping past idx_grix 73...
Skipping past idx_grix 74...
Skipping past idx_grix 75...
Skipping past idx_grix 76...
Skipping past idx_grix 77...

Processing scenario ID: 78
Panels type: ref_closest_panel
Crop type: crop_plot
Clip type: {'wl_bands': [[0, 420], [880, 1000]]}
Smooth type: nan
Bin type: {'method': 'spectral_resample', 'bandwidth': 20}
Segment type: {'method': 'mcari2', 'wl1': [800], 'wl2': [670], 'wl3': [550], 'mask_percentile': [50, 75], 'mask_side': 'outside'}

Response variable: biomass_kgha
Number of observations: 407

Feature set: reflectance

Writing mean spectra to a ``pandas.DataFrame``.
Number of input datacubes/spectra: 835
Skipping past idx_grix 0...
Skipping past idx_grix 1...
Skipping past idx_grix 2...
Skipping past idx_grix 3...
Skipping past idx_grix 4...
Skipping past idx_grix 5...
Skipping past idx_grix 6...
Skipping past idx_grix 7...
Skipping past idx_grix 8...
Skipping past idx_grix 9...
Skipping past idx_grix 10...
Skipping past idx_grix 11...
Skipping past idx_grix 12...
Skipping past idx_grix 13...
Skipping past idx_grix 14...
Skipping past idx_grix 15...
Skipping past idx_grix 16...
Skipping past idx_grix 17...
Skipping past idx_grix 18...
Skipping past idx_grix 19...
Skipping past idx_grix 20...
Skipping past idx_grix 21...
Skipping past idx_grix 22...
Skipping past idx_grix 23...
Skipping past idx_grix 24...
Skipping past idx_grix 25...
Skipping past idx_grix 26...
Skipping past idx_grix 27...
Skipping past idx_grix 28...
Skipping past idx_grix 29...
Skipping past idx_grix 30...
Skipping past idx_grix 31...
Skipping past idx_grix 32...
Skipping past idx_grix 33...
Skipping past idx_grix 34...
Skipping past idx_grix 35...
Skipping past idx_grix 36...
Skipping past idx_grix 37...
Skipping past idx_grix 38...
Skipping past idx_grix 39...
Skipping past idx_grix 40...
Skipping past idx_grix 41...
Skipping past idx_grix 42...
Skipping past idx_grix 43...
Skipping past idx_grix 44...
Skipping past idx_grix 45...
Skipping past idx_grix 46...
Skipping past idx_grix 47...
Skipping past idx_grix 48...
Skipping past idx_grix 49...
Skipping past idx_grix 50...
Skipping past idx_grix 51...
Skipping past idx_grix 52...
Skipping past idx_grix 53...
Skipping past idx_grix 54...
Skipping past idx_grix 55...
Skipping past idx_grix 56...
Skipping past idx_grix 57...
Skipping past idx_grix 58...
Skipping past idx_grix 59...
Skipping past idx_grix 60...
Skipping past idx_grix 61...
Skipping past idx_grix 62...
Skipping past idx_grix 63...
Skipping past idx_grix 64...
Skipping past idx_grix 65...
Skipping past idx_grix 66...
Skipping past idx_grix 67...
Skipping past idx_grix 68...
Skipping past idx_grix 69...
Skipping past idx_grix 70...
Skipping past idx_grix 71...
Skipping past idx_grix 72...
Skipping past idx_grix 73...
Skipping past idx_grix 74...
Skipping past idx_grix 75...
Skipping past idx_grix 76...
Skipping past idx_grix 77...

Processing scenario ID: 78
Panels type: ref_closest_panel
Crop type: crop_plot
Clip type: {'wl_bands': [[0, 420], [880, 1000]]}
Smooth type: nan
Bin type: {'method': 'spectral_resample', 'bandwidth': 20}
Segment type: {'method': 'mcari2', 'wl1': [800], 'wl2': [670], 'wl3': [550], 'mask_percentile': [50, 75], 'mask_side': 'outside'}

Response variable: nup_kgha
Number of observations: 407

Feature set: reflectance

Writing mean spectra to a ``pandas.DataFrame``.
Number of input datacubes/spectra: 835
Skipping past idx_grix 0...
Skipping past idx_grix 1...
Skipping past idx_grix 2...
Skipping past idx_grix 3...
Skipping past idx_grix 4...
Skipping past idx_grix 5...
Skipping past idx_grix 6...
Skipping past idx_grix 7...
Skipping past idx_grix 8...
Skipping past idx_grix 9...
Skipping past idx_grix 10...
Skipping past idx_grix 11...
Skipping past idx_grix 12...
Skipping past idx_grix 13...
Skipping past idx_grix 14...
Skipping past idx_grix 15...
Skipping past idx_grix 16...
Skipping past idx_grix 17...
Skipping past idx_grix 18...
Skipping past idx_grix 19...
Skipping past idx_grix 20...
Skipping past idx_grix 21...
Skipping past idx_grix 22...
Skipping past idx_grix 23...
Skipping past idx_grix 24...
Skipping past idx_grix 25...
Skipping past idx_grix 26...
Skipping past idx_grix 27...
Skipping past idx_grix 28...
Skipping past idx_grix 29...
Skipping past idx_grix 30...
Skipping past idx_grix 31...
Skipping past idx_grix 32...
Skipping past idx_grix 33...
Skipping past idx_grix 34...
Skipping past idx_grix 35...
Skipping past idx_grix 36...
Skipping past idx_grix 37...
Skipping past idx_grix 38...
Skipping past idx_grix 39...
Skipping past idx_grix 40...
Skipping past idx_grix 41...
Skipping past idx_grix 42...
Skipping past idx_grix 43...
Skipping past idx_grix 44...
Skipping past idx_grix 45...
Skipping past idx_grix 46...
Skipping past idx_grix 47...
Skipping past idx_grix 48...
Skipping past idx_grix 49...
Skipping past idx_grix 50...
Skipping past idx_grix 51...
Skipping past idx_grix 52...
Skipping past idx_grix 53...
Skipping past idx_grix 54...
Skipping past idx_grix 55...
Skipping past idx_grix 56...
Skipping past idx_grix 57...
Skipping past idx_grix 58...
Skipping past idx_grix 59...
Skipping past idx_grix 60...
Skipping past idx_grix 61...
Skipping past idx_grix 62...
Skipping past idx_grix 63...
Skipping past idx_grix 64...
Skipping past idx_grix 65...
Skipping past idx_grix 66...
Skipping past idx_grix 67...
Skipping past idx_grix 68...
Skipping past idx_grix 69...
Skipping past idx_grix 70...
Skipping past idx_grix 71...
Skipping past idx_grix 72...
Skipping past idx_grix 73...
Skipping past idx_grix 74...
Skipping past idx_grix 75...
Skipping past idx_grix 76...
Skipping past idx_grix 77...

Processing scenario ID: 78
Panels type: ref_closest_panel
Crop type: crop_plot
Clip type: {'wl_bands': [[0, 420], [880, 1000]]}
Smooth type: nan
Bin type: {'method': 'spectral_resample', 'bandwidth': 20}
Segment type: {'method': 'mcari2', 'wl1': [800], 'wl2': [670], 'wl3': [550], 'mask_percentile': [50, 75], 'mask_side': 'outside'}

Response variable: tissue_n_pct
Number of observations: 408

Feature set: reflectance

Writing mean spectra to a ``pandas.DataFrame``.
Number of input datacubes/spectra: 835
Skipping past idx_grix 0...
Skipping past idx_grix 1...
Skipping past idx_grix 2...
Skipping past idx_grix 3...
Skipping past idx_grix 4...
Skipping past idx_grix 5...
Skipping past idx_grix 6...
Skipping past idx_grix 7...
Skipping past idx_grix 8...
Skipping past idx_grix 9...
Skipping past idx_grix 10...
Skipping past idx_grix 11...
Skipping past idx_grix 12...
Skipping past idx_grix 13...
Skipping past idx_grix 14...
Skipping past idx_grix 15...
Skipping past idx_grix 16...
Skipping past idx_grix 17...
Skipping past idx_grix 18...
Skipping past idx_grix 19...
Skipping past idx_grix 20...
Skipping past idx_grix 21...
Skipping past idx_grix 22...
Skipping past idx_grix 23...
Skipping past idx_grix 24...
Skipping past idx_grix 25...
Skipping past idx_grix 26...
Skipping past idx_grix 27...
Skipping past idx_grix 28...
Skipping past idx_grix 29...
Skipping past idx_grix 30...
Skipping past idx_grix 31...
Skipping past idx_grix 32...
Skipping past idx_grix 33...
Skipping past idx_grix 34...
Skipping past idx_grix 35...
Skipping past idx_grix 36...
Skipping past idx_grix 37...
Skipping past idx_grix 38...
Skipping past idx_grix 39...
Skipping past idx_grix 40...
Skipping past idx_grix 41...
Skipping past idx_grix 42...
Skipping past idx_grix 43...
Skipping past idx_grix 44...
Skipping past idx_grix 45...
Skipping past idx_grix 46...
Skipping past idx_grix 47...
Skipping past idx_grix 48...
Skipping past idx_grix 49...
Skipping past idx_grix 50...
Skipping past idx_grix 51...
Skipping past idx_grix 52...
Skipping past idx_grix 53...
Skipping past idx_grix 54...
Skipping past idx_grix 55...
Skipping past idx_grix 56...
Skipping past idx_grix 57...
Skipping past idx_grix 58...
Skipping past idx_grix 59...
Skipping past idx_grix 60...
Skipping past idx_grix 61...
Skipping past idx_grix 62...
Skipping past idx_grix 63...
Skipping past idx_grix 64...
Skipping past idx_grix 65...
Skipping past idx_grix 66...
Skipping past idx_grix 67...
Skipping past idx_grix 68...
Skipping past idx_grix 69...
Skipping past idx_grix 70...
Skipping past idx_grix 71...
Skipping past idx_grix 72...
Skipping past idx_grix 73...
Skipping past idx_grix 74...
Skipping past idx_grix 75...
Skipping past idx_grix 76...
Skipping past idx_grix 77...

Processing scenario ID: 78
Panels type: ref_closest_panel
Crop type: crop_plot
Clip type: {'wl_bands': [[0, 420], [880, 1000]]}
Smooth type: nan
Bin type: {'method': 'spectral_resample', 'bandwidth': 20}
Segment type: {'method': 'mcari2', 'wl1': [800], 'wl2': [670], 'wl3': [550], 'mask_percentile': [50, 75], 'mask_side': 'outside'}

Response variable: biomass_kgha
Number of observations: 407

Feature set: derivative_1

Writing mean spectra to a ``pandas.DataFrame``.
Number of input datacubes/spectra: 835
Skipping past idx_grix 0...
Skipping past idx_grix 1...
Skipping past idx_grix 2...
Skipping past idx_grix 3...
Skipping past idx_grix 4...
Skipping past idx_grix 5...
Skipping past idx_grix 6...
Skipping past idx_grix 7...
Skipping past idx_grix 8...
Skipping past idx_grix 9...
Skipping past idx_grix 10...
Skipping past idx_grix 11...
Skipping past idx_grix 12...
Skipping past idx_grix 13...
Skipping past idx_grix 14...
Skipping past idx_grix 15...
Skipping past idx_grix 16...
Skipping past idx_grix 17...
Skipping past idx_grix 18...
Skipping past idx_grix 19...
Skipping past idx_grix 20...
Skipping past idx_grix 21...
Skipping past idx_grix 22...
Skipping past idx_grix 23...
Skipping past idx_grix 24...
Skipping past idx_grix 25...
Skipping past idx_grix 26...
Skipping past idx_grix 27...
Skipping past idx_grix 28...
Skipping past idx_grix 29...
Skipping past idx_grix 30...
Skipping past idx_grix 31...
Skipping past idx_grix 32...
Skipping past idx_grix 33...
Skipping past idx_grix 34...
Skipping past idx_grix 35...
Skipping past idx_grix 36...
Skipping past idx_grix 37...
Skipping past idx_grix 38...
Skipping past idx_grix 39...
Skipping past idx_grix 40...
Skipping past idx_grix 41...
Skipping past idx_grix 42...
Skipping past idx_grix 43...
Skipping past idx_grix 44...
Skipping past idx_grix 45...
Skipping past idx_grix 46...
Skipping past idx_grix 47...
Skipping past idx_grix 48...
Skipping past idx_grix 49...
Skipping past idx_grix 50...
Skipping past idx_grix 51...
Skipping past idx_grix 52...
Skipping past idx_grix 53...
Skipping past idx_grix 54...
Skipping past idx_grix 55...
Skipping past idx_grix 56...
Skipping past idx_grix 57...
Skipping past idx_grix 58...
Skipping past idx_grix 59...
Skipping past idx_grix 60...
Skipping past idx_grix 61...
Skipping past idx_grix 62...
Skipping past idx_grix 63...
Skipping past idx_grix 64...
Skipping past idx_grix 65...
Skipping past idx_grix 66...
Skipping past idx_grix 67...
Skipping past idx_grix 68...
Skipping past idx_grix 69...
Skipping past idx_grix 70...
Skipping past idx_grix 71...
Skipping past idx_grix 72...
Skipping past idx_grix 73...
Skipping past idx_grix 74...
Skipping past idx_grix 75...
Skipping past idx_grix 76...
Skipping past idx_grix 77...

Processing scenario ID: 78
Panels type: ref_closest_panel
Crop type: crop_plot
Clip type: {'wl_bands': [[0, 420], [880, 1000]]}
Smooth type: nan
Bin type: {'method': 'spectral_resample', 'bandwidth': 20}
Segment type: {'method': 'mcari2', 'wl1': [800], 'wl2': [670], 'wl3': [550], 'mask_percentile': [50, 75], 'mask_side': 'outside'}

Response variable: nup_kgha
Number of observations: 407

Feature set: derivative_1

Writing mean spectra to a ``pandas.DataFrame``.
Number of input datacubes/spectra: 835
Skipping past idx_grix 0...
Skipping past idx_grix 1...
Skipping past idx_grix 2...
Skipping past idx_grix 3...
Skipping past idx_grix 4...
Skipping past idx_grix 5...
Skipping past idx_grix 6...
Skipping past idx_grix 7...
Skipping past idx_grix 8...
Skipping past idx_grix 9...
Skipping past idx_grix 10...
Skipping past idx_grix 11...
Skipping past idx_grix 12...
Skipping past idx_grix 13...
Skipping past idx_grix 14...
Skipping past idx_grix 15...
Skipping past idx_grix 16...
Skipping past idx_grix 17...
Skipping past idx_grix 18...
Skipping past idx_grix 19...
Skipping past idx_grix 20...
Skipping past idx_grix 21...
Skipping past idx_grix 22...
Skipping past idx_grix 23...
Skipping past idx_grix 24...
Skipping past idx_grix 25...
Skipping past idx_grix 26...
Skipping past idx_grix 27...
Skipping past idx_grix 28...
Skipping past idx_grix 29...
Skipping past idx_grix 30...
Skipping past idx_grix 31...
Skipping past idx_grix 32...
Skipping past idx_grix 33...
Skipping past idx_grix 34...
Skipping past idx_grix 35...
Skipping past idx_grix 36...
Skipping past idx_grix 37...
Skipping past idx_grix 38...
Skipping past idx_grix 39...
Skipping past idx_grix 40...
Skipping past idx_grix 41...
Skipping past idx_grix 42...
Skipping past idx_grix 43...
Skipping past idx_grix 44...
Skipping past idx_grix 45...
Skipping past idx_grix 46...
Skipping past idx_grix 47...
Skipping past idx_grix 48...
Skipping past idx_grix 49...
Skipping past idx_grix 50...
Skipping past idx_grix 51...
Skipping past idx_grix 52...
Skipping past idx_grix 53...
Skipping past idx_grix 54...
Skipping past idx_grix 55...
Skipping past idx_grix 56...
Skipping past idx_grix 57...
Skipping past idx_grix 58...
Skipping past idx_grix 59...
Skipping past idx_grix 60...
Skipping past idx_grix 61...
Skipping past idx_grix 62...
Skipping past idx_grix 63...
Skipping past idx_grix 64...
Skipping past idx_grix 65...
Skipping past idx_grix 66...
Skipping past idx_grix 67...
Skipping past idx_grix 68...
Skipping past idx_grix 69...
Skipping past idx_grix 70...
Skipping past idx_grix 71...
Skipping past idx_grix 72...
Skipping past idx_grix 73...
Skipping past idx_grix 74...
Skipping past idx_grix 75...
Skipping past idx_grix 76...
Skipping past idx_grix 77...

Processing scenario ID: 78
Panels type: ref_closest_panel
Crop type: crop_plot
Clip type: {'wl_bands': [[0, 420], [880, 1000]]}
Smooth type: nan
Bin type: {'method': 'spectral_resample', 'bandwidth': 20}
Segment type: {'method': 'mcari2', 'wl1': [800], 'wl2': [670], 'wl3': [550], 'mask_percentile': [50, 75], 'mask_side': 'outside'}

Response variable: tissue_n_pct
Number of observations: 408

Feature set: derivative_1

Writing mean spectra to a ``pandas.DataFrame``.
Number of input datacubes/spectra: 835
Skipping past idx_grix 0...
Skipping past idx_grix 1...
Skipping past idx_grix 2...
Skipping past idx_grix 3...
Skipping past idx_grix 4...
Skipping past idx_grix 5...
Skipping past idx_grix 6...
Skipping past idx_grix 7...
Skipping past idx_grix 8...
Skipping past idx_grix 9...
Skipping past idx_grix 10...
Skipping past idx_grix 11...
Skipping past idx_grix 12...
Skipping past idx_grix 13...
Skipping past idx_grix 14...
Skipping past idx_grix 15...
Skipping past idx_grix 16...
Skipping past idx_grix 17...
Skipping past idx_grix 18...
Skipping past idx_grix 19...
Skipping past idx_grix 20...
Skipping past idx_grix 21...
Skipping past idx_grix 22...
Skipping past idx_grix 23...
Skipping past idx_grix 24...
Skipping past idx_grix 25...
Skipping past idx_grix 26...
Skipping past idx_grix 27...
Skipping past idx_grix 28...
Skipping past idx_grix 29...
Skipping past idx_grix 30...
Skipping past idx_grix 31...
Skipping past idx_grix 32...
Skipping past idx_grix 33...
Skipping past idx_grix 34...
Skipping past idx_grix 35...
Skipping past idx_grix 36...
Skipping past idx_grix 37...
Skipping past idx_grix 38...
Skipping past idx_grix 39...
Skipping past idx_grix 40...
Skipping past idx_grix 41...
Skipping past idx_grix 42...
Skipping past idx_grix 43...
Skipping past idx_grix 44...
Skipping past idx_grix 45...
Skipping past idx_grix 46...
Skipping past idx_grix 47...
Skipping past idx_grix 48...
Skipping past idx_grix 49...
Skipping past idx_grix 50...
Skipping past idx_grix 51...
Skipping past idx_grix 52...
Skipping past idx_grix 53...
Skipping past idx_grix 54...
Skipping past idx_grix 55...
Skipping past idx_grix 56...
Skipping past idx_grix 57...
Skipping past idx_grix 58...
Skipping past idx_grix 59...
Skipping past idx_grix 60...
Skipping past idx_grix 61...
Skipping past idx_grix 62...
Skipping past idx_grix 63...
Skipping past idx_grix 64...
Skipping past idx_grix 65...
Skipping past idx_grix 66...
Skipping past idx_grix 67...
Skipping past idx_grix 68...
Skipping past idx_grix 69...
Skipping past idx_grix 70...
Skipping past idx_grix 71...
Skipping past idx_grix 72...
Skipping past idx_grix 73...
Skipping past idx_grix 74...
Skipping past idx_grix 75...
Skipping past idx_grix 76...
Skipping past idx_grix 77...

Processing scenario ID: 78
Panels type: ref_closest_panel
Crop type: crop_plot
Clip type: {'wl_bands': [[0, 420], [880, 1000]]}
Smooth type: nan
Bin type: {'method': 'spectral_resample', 'bandwidth': 20}
Segment type: {'method': 'mcari2', 'wl1': [800], 'wl2': [670], 'wl3': [550], 'mask_percentile': [50, 75], 'mask_side': 'outside'}

Response variable: biomass_kgha
Number of observations: 407

Feature set: derivative_2

Writing mean spectra to a ``pandas.DataFrame``.
Number of input datacubes/spectra: 835
Skipping past idx_grix 0...
Skipping past idx_grix 1...
Skipping past idx_grix 2...
Skipping past idx_grix 3...
Skipping past idx_grix 4...
Skipping past idx_grix 5...
Skipping past idx_grix 6...
Skipping past idx_grix 7...
Skipping past idx_grix 8...
Skipping past idx_grix 9...
Skipping past idx_grix 10...
Skipping past idx_grix 11...
Skipping past idx_grix 12...
Skipping past idx_grix 13...
Skipping past idx_grix 14...
Skipping past idx_grix 15...
Skipping past idx_grix 16...
Skipping past idx_grix 17...
Skipping past idx_grix 18...
Skipping past idx_grix 19...
Skipping past idx_grix 20...
Skipping past idx_grix 21...
Skipping past idx_grix 22...
Skipping past idx_grix 23...
Skipping past idx_grix 24...
Skipping past idx_grix 25...
Skipping past idx_grix 26...
Skipping past idx_grix 27...
Skipping past idx_grix 28...
Skipping past idx_grix 29...
Skipping past idx_grix 30...
Skipping past idx_grix 31...
Skipping past idx_grix 32...
Skipping past idx_grix 33...
Skipping past idx_grix 34...
Skipping past idx_grix 35...
Skipping past idx_grix 36...
Skipping past idx_grix 37...
Skipping past idx_grix 38...
Skipping past idx_grix 39...
Skipping past idx_grix 40...
Skipping past idx_grix 41...
Skipping past idx_grix 42...
Skipping past idx_grix 43...
Skipping past idx_grix 44...
Skipping past idx_grix 45...
Skipping past idx_grix 46...
Skipping past idx_grix 47...
Skipping past idx_grix 48...
Skipping past idx_grix 49...
Skipping past idx_grix 50...
Skipping past idx_grix 51...
Skipping past idx_grix 52...
Skipping past idx_grix 53...
Skipping past idx_grix 54...
Skipping past idx_grix 55...
Skipping past idx_grix 56...
Skipping past idx_grix 57...
Skipping past idx_grix 58...
Skipping past idx_grix 59...
Skipping past idx_grix 60...
Skipping past idx_grix 61...
Skipping past idx_grix 62...
Skipping past idx_grix 63...
Skipping past idx_grix 64...
Skipping past idx_grix 65...
Skipping past idx_grix 66...
Skipping past idx_grix 67...
Skipping past idx_grix 68...
Skipping past idx_grix 69...
Skipping past idx_grix 70...
Skipping past idx_grix 71...
Skipping past idx_grix 72...
Skipping past idx_grix 73...
Skipping past idx_grix 74...
Skipping past idx_grix 75...
Skipping past idx_grix 76...
Skipping past idx_grix 77...

Processing scenario ID: 78
Panels type: ref_closest_panel
Crop type: crop_plot
Clip type: {'wl_bands': [[0, 420], [880, 1000]]}
Smooth type: nan
Bin type: {'method': 'spectral_resample', 'bandwidth': 20}
Segment type: {'method': 'mcari2', 'wl1': [800], 'wl2': [670], 'wl3': [550], 'mask_percentile': [50, 75], 'mask_side': 'outside'}

Response variable: nup_kgha
Number of observations: 407

Feature set: derivative_2

Writing mean spectra to a ``pandas.DataFrame``.
Number of input datacubes/spectra: 835
Skipping past idx_grix 0...
Skipping past idx_grix 1...
Skipping past idx_grix 2...
Skipping past idx_grix 3...
Skipping past idx_grix 4...
Skipping past idx_grix 5...
Skipping past idx_grix 6...
Skipping past idx_grix 7...
Skipping past idx_grix 8...
Skipping past idx_grix 9...
Skipping past idx_grix 10...
Skipping past idx_grix 11...
Skipping past idx_grix 12...
Skipping past idx_grix 13...
Skipping past idx_grix 14...
Skipping past idx_grix 15...
Skipping past idx_grix 16...
Skipping past idx_grix 17...
Skipping past idx_grix 18...
Skipping past idx_grix 19...
Skipping past idx_grix 20...
Skipping past idx_grix 21...
Skipping past idx_grix 22...
Skipping past idx_grix 23...
Skipping past idx_grix 24...
Skipping past idx_grix 25...
Skipping past idx_grix 26...
Skipping past idx_grix 27...
Skipping past idx_grix 28...
Skipping past idx_grix 29...
Skipping past idx_grix 30...
Skipping past idx_grix 31...
Skipping past idx_grix 32...
Skipping past idx_grix 33...
Skipping past idx_grix 34...
Skipping past idx_grix 35...
Skipping past idx_grix 36...
Skipping past idx_grix 37...
Skipping past idx_grix 38...
Skipping past idx_grix 39...
Skipping past idx_grix 40...
Skipping past idx_grix 41...
Skipping past idx_grix 42...
Skipping past idx_grix 43...
Skipping past idx_grix 44...
Skipping past idx_grix 45...
Skipping past idx_grix 46...
Skipping past idx_grix 47...
Skipping past idx_grix 48...
Skipping past idx_grix 49...
Skipping past idx_grix 50...
Skipping past idx_grix 51...
Skipping past idx_grix 52...
Skipping past idx_grix 53...
Skipping past idx_grix 54...
Skipping past idx_grix 55...
Skipping past idx_grix 56...
Skipping past idx_grix 57...
Skipping past idx_grix 58...
Skipping past idx_grix 59...
Skipping past idx_grix 60...
Skipping past idx_grix 61...
Skipping past idx_grix 62...
Skipping past idx_grix 63...
Skipping past idx_grix 64...
Skipping past idx_grix 65...
Skipping past idx_grix 66...
Skipping past idx_grix 67...
Skipping past idx_grix 68...
Skipping past idx_grix 69...
Skipping past idx_grix 70...
Skipping past idx_grix 71...
Skipping past idx_grix 72...
Skipping past idx_grix 73...
Skipping past idx_grix 74...
Skipping past idx_grix 75...
Skipping past idx_grix 76...
Skipping past idx_grix 77...

Processing scenario ID: 78
Panels type: ref_closest_panel
Crop type: crop_plot
Clip type: {'wl_bands': [[0, 420], [880, 1000]]}
Smooth type: nan
Bin type: {'method': 'spectral_resample', 'bandwidth': 20}
Segment type: {'method': 'mcari2', 'wl1': [800], 'wl2': [670], 'wl3': [550], 'mask_percentile': [50, 75], 'mask_side': 'outside'}

Response variable: tissue_n_pct
Number of observations: 408

Feature set: derivative_2

Writing mean spectra to a ``pandas.DataFrame``.
Number of input datacubes/spectra: 835

Processing scenario ID: 78
Panels type: ref_closest_panel
Crop type: crop_plot
Clip type: {'wl_bands': [[0, 420], [880, 1000]]}
Smooth type: nan
Bin type: {'method': 'spectral_resample', 'bandwidth': 20}
Segment type: {'method': 'mcari2', 'wl1': [800], 'wl2': [670], 'wl3': [550], 'mask_percentile': [50, 75], 'mask_side': 'outside'}
GLOBUS TRANSFER task_id: aa62fae4-29a2-11eb-b53b-02d9497ca481
Waiting for transfer aa62fae4-29a2-11eb-b53b-02d9497ca481 to complete...
Transfer aa62fae4-29a2-11eb-b53b-02d9497ca481 has not yet finished; transfer submitted 1 minute(s) ago
Transfer aa62fae4-29a2-11eb-b53b-02d9497ca481 has not yet finished; transfer submitted 2 minute(s) ago
Transfer aa62fae4-29a2-11eb-b53b-02d9497ca481 has not yet finished; transfer submitted 3 minute(s) ago
Transfer aa62fae4-29a2-11eb-b53b-02d9497ca481 has not yet finished; transfer submitted 4 minute(s) ago
Transfer aa62fae4-29a2-11eb-b53b-02d9497ca481 has not yet finished; transfer submitted 5 minute(s) ago
Transfer aa62fae4-29a2-11eb-b53b-02d9497ca481 has not yet finished; transfer submitted 6 minute(s) ago
DONE.
GLOBUS DELETE task_id: 8ab32416-29a3-11eb-b53b-02d9497ca481

Processing scenario ID: 79
Panels type: ref_closest_panel
Crop type: crop_plot
Clip type: {'wl_bands': [[0, 420], [880, 1000]]}
Smooth type: nan
Bin type: {'method': 'spectral_resample', 'bandwidth': 20}
Segment type: {'method': 'mcari2', 'wl1': [800], 'wl2': [670], 'wl3': [550], 'mask_percentile': [75, 95], 'mask_side': 'outside'}
GLOBUS TRANSFER task_id: 8c89c196-29a3-11eb-b165-0ee0d5d9299f
Waiting for transfer 8c89c196-29a3-11eb-b165-0ee0d5d9299f to complete...
Transfer 8c89c196-29a3-11eb-b165-0ee0d5d9299f has not yet finished; transfer submitted 1 minute(s) ago
Transfer 8c89c196-29a3-11eb-b165-0ee0d5d9299f has not yet finished; transfer submitted 2 minute(s) ago
Transfer 8c89c196-29a3-11eb-b165-0ee0d5d9299f has not yet finished; transfer submitted 3 minute(s) ago
Transfer 8c89c196-29a3-11eb-b165-0ee0d5d9299f has not yet finished; transfer submitted 4 minute(s) ago
Transfer 8c89c196-29a3-11eb-b165-0ee0d5d9299f has not yet finished; transfer submitted 5 minute(s) ago
DONE.
GLOBUS DELETE task_id: 54d31526-29a4-11eb-b165-0ee0d5d9299f

Processing scenario ID: 80
Panels type: ref_closest_panel
Crop type: crop_plot
Clip type: {'wl_bands': [[0, 420], [880, 1000]]}
Smooth type: nan
Bin type: {'method': 'spectral_resample', 'bandwidth': 20}
Segment type: {'method': ['mcari2', [545, 565]], 'wl1': [[800], [None]], 'wl2': [[670], [None]], 'wl3': [[550], [None]], 'mask_percentile': [90, 75], 'mask_side': ['lower', 'lower']}
GLOBUS TRANSFER task_id: 56a6f2be-29a4-11eb-b165-0ee0d5d9299f
Waiting for transfer 56a6f2be-29a4-11eb-b165-0ee0d5d9299f to complete...
Transfer 56a6f2be-29a4-11eb-b165-0ee0d5d9299f has not yet finished; transfer submitted 1 minute(s) ago
Transfer 56a6f2be-29a4-11eb-b165-0ee0d5d9299f has not yet finished; transfer submitted 2 minute(s) ago
Transfer 56a6f2be-29a4-11eb-b165-0ee0d5d9299f has not yet finished; transfer submitted 3 minute(s) ago
DONE.
GLOBUS DELETE task_id: cff2406a-29a4-11eb-b165-0ee0d5d9299f
