Skipping past idx_grix 0...
Skipping past idx_grix 1...
Skipping past idx_grix 2...
Skipping past idx_grix 3...
Skipping past idx_grix 4...
Skipping past idx_grix 5...
Skipping past idx_grix 6...
Skipping past idx_grix 7...
Skipping past idx_grix 8...
Skipping past idx_grix 9...
Skipping past idx_grix 10...
Skipping past idx_grix 11...
Skipping past idx_grix 12...
Skipping past idx_grix 13...
Skipping past idx_grix 14...
Skipping past idx_grix 15...
Skipping past idx_grix 16...
Skipping past idx_grix 17...
Skipping past idx_grix 18...
Skipping past idx_grix 19...
Skipping past idx_grix 20...
Skipping past idx_grix 21...
Skipping past idx_grix 22...
Skipping past idx_grix 23...
Skipping past idx_grix 24...
Skipping past idx_grix 25...
Skipping past idx_grix 26...
Skipping past idx_grix 27...
Skipping past idx_grix 28...
Skipping past idx_grix 29...
Skipping past idx_grix 30...
Skipping past idx_grix 31...
Skipping past idx_grix 32...
Skipping past idx_grix 33...
Skipping past idx_grix 34...
Skipping past idx_grix 35...
Skipping past idx_grix 36...
Skipping past idx_grix 37...
Skipping past idx_grix 38...
Skipping past idx_grix 39...
Skipping past idx_grix 40...
Skipping past idx_grix 41...
Skipping past idx_grix 42...
Skipping past idx_grix 43...
Skipping past idx_grix 44...
Skipping past idx_grix 45...
Skipping past idx_grix 46...
Skipping past idx_grix 47...
Skipping past idx_grix 48...
Skipping past idx_grix 49...
Skipping past idx_grix 50...
Skipping past idx_grix 51...
Skipping past idx_grix 52...
Skipping past idx_grix 53...
Skipping past idx_grix 54...
Skipping past idx_grix 55...
Skipping past idx_grix 56...
Skipping past idx_grix 57...
Skipping past idx_grix 58...
Skipping past idx_grix 59...
Skipping past idx_grix 60...
Skipping past idx_grix 61...
Skipping past idx_grix 62...
Skipping past idx_grix 63...
Skipping past idx_grix 64...
Skipping past idx_grix 65...
Skipping past idx_grix 66...
Skipping past idx_grix 67...
Skipping past idx_grix 68...
Skipping past idx_grix 69...
Skipping past idx_grix 70...
Skipping past idx_grix 71...

Processing scenario ID: 72
Panels type: ref_closest_panel
Crop type: crop_plot
Clip type: {'wl_bands': [[0, 420], [880, 1000]]}
Smooth type: nan
Bin type: {'method': 'spectral_resample', 'bandwidth': 20}
Segment type: nan

Response variable: biomass_kgha
Number of observations: 407

Feature set: reflectance

Writing mean spectra to a ``pandas.DataFrame``.
Number of input datacubes/spectra: 835
Using up to 23 selected features

Hyperparameter tuning...

Number of features: 4
Trimming excess components in <param_grid>...
Number of features: 1
Trimming excess components in <param_grid>...
Number of features: 11
Number of features: 10
Number of features: 14
Number of features: 17
Number of features: 13
Number of features: 5
Trimming excess components in <param_grid>...
Number of features: 11
Number of features: 3
Trimming excess components in <param_grid>...
Number of features: 8
Trimming excess components in <param_grid>...
Number of features: 16
Number of features: 10
Number of features: 15
Number of features: 12
Number of features: 10
Number of features: 9
Trimming excess components in <param_grid>...
Number of features: 6
Trimming excess components in <param_grid>...
Number of features: 21
Number of features: 3
Trimming excess components in <param_grid>...
Number of features: 18
Number of features: 22
Number of features: 20
Number of features: 19
Number of features: 2
Trimming excess components in <param_grid>...
Number of features: 4
Trimming excess components in <param_grid>...
Number of features: 23
Testing...

GLOBUS TRANSFER task_id: 182f07fc-29d0-11eb-b53b-02d9497ca481
Waiting for transfer 182f07fc-29d0-11eb-b53b-02d9497ca481 to complete...
DONE.
GLOBUS DELETE task_id: 36a5feac-29d0-11eb-b53b-02d9497ca481

Processing scenario ID: 73
Panels type: ref_closest_panel
Crop type: crop_plot
Clip type: {'wl_bands': [[0, 420], [880, 1000]]}
Smooth type: nan
Bin type: {'method': 'spectral_resample', 'bandwidth': 20}
Segment type: {'method': 'ndi', 'wl1': [770, 800], 'wl2': [650, 680], 'mask_percentile': 50, 'mask_side': 'lower'}

Response variable: biomass_kgha
Number of observations: 407

Feature set: reflectance

Skipping past idx_grix 0...
Skipping past idx_grix 1...
Skipping past idx_grix 2...
Skipping past idx_grix 3...
Skipping past idx_grix 4...
Skipping past idx_grix 5...
Skipping past idx_grix 6...
Skipping past idx_grix 7...
Skipping past idx_grix 8...
Skipping past idx_grix 9...
Skipping past idx_grix 10...
Skipping past idx_grix 11...
Skipping past idx_grix 12...
Skipping past idx_grix 13...
Skipping past idx_grix 14...
Skipping past idx_grix 15...
Skipping past idx_grix 16...
Skipping past idx_grix 17...
Skipping past idx_grix 18...
Skipping past idx_grix 19...
Skipping past idx_grix 20...
Skipping past idx_grix 21...
Skipping past idx_grix 22...
Skipping past idx_grix 23...
Skipping past idx_grix 24...
Skipping past idx_grix 25...
Skipping past idx_grix 26...
Skipping past idx_grix 27...
Skipping past idx_grix 28...
Skipping past idx_grix 29...
Skipping past idx_grix 30...
Skipping past idx_grix 31...
Skipping past idx_grix 32...
Skipping past idx_grix 33...
Skipping past idx_grix 34...
Skipping past idx_grix 35...
Skipping past idx_grix 36...
Skipping past idx_grix 37...
Skipping past idx_grix 38...
Skipping past idx_grix 39...
Skipping past idx_grix 40...
Skipping past idx_grix 41...
Skipping past idx_grix 42...
Skipping past idx_grix 43...
Skipping past idx_grix 44...
Skipping past idx_grix 45...
Skipping past idx_grix 46...
Skipping past idx_grix 47...
Skipping past idx_grix 48...
Skipping past idx_grix 49...
Skipping past idx_grix 50...
Skipping past idx_grix 51...
Skipping past idx_grix 52...
Skipping past idx_grix 53...
Skipping past idx_grix 54...
Skipping past idx_grix 55...
Skipping past idx_grix 56...
Skipping past idx_grix 57...
Skipping past idx_grix 58...
Skipping past idx_grix 59...
Skipping past idx_grix 60...
Skipping past idx_grix 61...
Skipping past idx_grix 62...
Skipping past idx_grix 63...
Skipping past idx_grix 64...
Skipping past idx_grix 65...
Skipping past idx_grix 66...
Skipping past idx_grix 67...
Skipping past idx_grix 68...
Skipping past idx_grix 69...
Skipping past idx_grix 70...
Skipping past idx_grix 71...

Processing scenario ID: 72
Panels type: ref_closest_panel
Crop type: crop_plot
Clip type: {'wl_bands': [[0, 420], [880, 1000]]}
Smooth type: nan
Bin type: {'method': 'spectral_resample', 'bandwidth': 20}
Segment type: nan

Response variable: nup_kgha
Number of observations: 407

Feature set: reflectance

Writing mean spectra to a ``pandas.DataFrame``.
Number of input datacubes/spectra: 835
Using up to 23 selected features

Hyperparameter tuning...

Number of features: 3
Trimming excess components in <param_grid>...
Number of features: 19
Number of features: 9
Trimming excess components in <param_grid>...
Number of features: 10
Number of features: 6
Trimming excess components in <param_grid>...
Number of features: 6
Trimming excess components in <param_grid>...
Number of features: 10
Number of features: 18
Number of features: 14
Number of features: 10
Number of features: 8
Trimming excess components in <param_grid>...
Number of features: 15
Number of features: 8
Trimming excess components in <param_grid>...
Number of features: 18
Number of features: 17
Number of features: 21
Number of features: 2
Trimming excess components in <param_grid>...
Number of features: 9
Trimming excess components in <param_grid>...
Number of features: 8
Trimming excess components in <param_grid>...
Number of features: 19
Number of features: 5
Trimming excess components in <param_grid>...
Number of features: 5
Trimming excess components in <param_grid>...
Number of features: 7
Trimming excess components in <param_grid>...
Number of features: 9
Trimming excess components in <param_grid>...
Number of features: 7
Trimming excess components in <param_grid>...
Number of features: 14
Number of features: 16
Number of features: 6
Trimming excess components in <param_grid>...
Number of features: 3
Trimming excess components in <param_grid>...
Number of features: 9
Trimming excess components in <param_grid>...
Number of features: 23
Number of features: 13
Number of features: 4
Trimming excess components in <param_grid>...
Number of features: 9
Trimming excess components in <param_grid>...
Number of features: 13
Number of features: 20
Number of features: 9
Trimming excess components in <param_grid>...
Number of features: 1
Trimming excess components in <param_grid>...
Number of features: 4
Trimming excess components in <param_grid>...
Number of features: 8
Trimming excess components in <param_grid>...
Number of features: 22
Number of features: 11
Number of features: 8
Trimming excess components in <param_grid>...
Number of features: 21
Number of features: 20
Testing...

GLOBUS TRANSFER task_id: 77918d50-29d0-11eb-b165-0ee0d5d9299f
Waiting for transfer 77918d50-29d0-11eb-b165-0ee0d5d9299f to complete...
DONE.
GLOBUS DELETE task_id: 7dd1ab8c-29d0-11eb-b165-0ee0d5d9299f

Processing scenario ID: 73
Panels type: ref_closest_panel
Crop type: crop_plot
Clip type: {'wl_bands': [[0, 420], [880, 1000]]}
Smooth type: nan
Bin type: {'method': 'spectral_resample', 'bandwidth': 20}
Segment type: {'method': 'ndi', 'wl1': [770, 800], 'wl2': [650, 680], 'mask_percentile': 50, 'mask_side': 'lower'}

Response variable: nup_kgha
Number of observations: 407

Feature set: reflectance

Skipping past idx_grix 0...
Skipping past idx_grix 1...
Skipping past idx_grix 2...
Skipping past idx_grix 3...
Skipping past idx_grix 4...
Skipping past idx_grix 5...
Skipping past idx_grix 6...
Skipping past idx_grix 7...
Skipping past idx_grix 8...
Skipping past idx_grix 9...
Skipping past idx_grix 10...
Skipping past idx_grix 11...
Skipping past idx_grix 12...
Skipping past idx_grix 13...
Skipping past idx_grix 14...
Skipping past idx_grix 15...
Skipping past idx_grix 16...
Skipping past idx_grix 17...
Skipping past idx_grix 18...
Skipping past idx_grix 19...
Skipping past idx_grix 20...
Skipping past idx_grix 21...
Skipping past idx_grix 22...
Skipping past idx_grix 23...
Skipping past idx_grix 24...
Skipping past idx_grix 25...
Skipping past idx_grix 26...
Skipping past idx_grix 27...
Skipping past idx_grix 28...
Skipping past idx_grix 29...
Skipping past idx_grix 30...
Skipping past idx_grix 31...
Skipping past idx_grix 32...
Skipping past idx_grix 33...
Skipping past idx_grix 34...
Skipping past idx_grix 35...
Skipping past idx_grix 36...
Skipping past idx_grix 37...
Skipping past idx_grix 38...
Skipping past idx_grix 39...
Skipping past idx_grix 40...
Skipping past idx_grix 41...
Skipping past idx_grix 42...
Skipping past idx_grix 43...
Skipping past idx_grix 44...
Skipping past idx_grix 45...
Skipping past idx_grix 46...
Skipping past idx_grix 47...
Skipping past idx_grix 48...
Skipping past idx_grix 49...
Skipping past idx_grix 50...
Skipping past idx_grix 51...
Skipping past idx_grix 52...
Skipping past idx_grix 53...
Skipping past idx_grix 54...
Skipping past idx_grix 55...
Skipping past idx_grix 56...
Skipping past idx_grix 57...
Skipping past idx_grix 58...
Skipping past idx_grix 59...
Skipping past idx_grix 60...
Skipping past idx_grix 61...
Skipping past idx_grix 62...
Skipping past idx_grix 63...
Skipping past idx_grix 64...
Skipping past idx_grix 65...
Skipping past idx_grix 66...
Skipping past idx_grix 67...
Skipping past idx_grix 68...
Skipping past idx_grix 69...
Skipping past idx_grix 70...
Skipping past idx_grix 71...

Processing scenario ID: 72
Panels type: ref_closest_panel
Crop type: crop_plot
Clip type: {'wl_bands': [[0, 420], [880, 1000]]}
Smooth type: nan
Bin type: {'method': 'spectral_resample', 'bandwidth': 20}
Segment type: nan

Response variable: tissue_n_pct
Number of observations: 408

Feature set: reflectance

Writing mean spectra to a ``pandas.DataFrame``.
Number of input datacubes/spectra: 835
Old "step_pct": 0.05
New "step_pct": 0.1
alpha: 0.0009000000000000001
Features selected: 14
Iterations without progress: 0

Old "step_pct": 0.1
New "step_pct": 0.2
alpha: 0.0007200000000000002
Features selected: 15
Iterations without progress: 0

Old "step_pct": 0.2
New "step_pct": 0.4
alpha: 0.0004320000000000001
Features selected: 15
Iterations without progress: 1

Old "step_pct": 0.4
New "step_pct": 0.8
alpha: 8.64e-05
Features selected: 16
Iterations without progress: 0

Old "step_pct": 0.8
New "step_pct": 0.16
alpha: 7.257599999999999e-05
Features selected: 22
Iterations without progress: 0

alpha: 6.096383999999999e-05
Features selected: 22
Iterations without progress: 1

alpha: 5.120962559999999e-05
Features selected: 22
Iterations without progress: 2

alpha: 4.301608550399999e-05
Features selected: 22
Iterations without progress: 3

alpha: 3.613351182335999e-05
Features selected: 22
Iterations without progress: 4

alpha: 3.0352149931622388e-05
Features selected: 22
Iterations without progress: 5

Leaving while loop before finding the alpha value that achieves selection of 23 feature(s) (minimum alpha value to use).

Using up to 22 selected features

Hyperparameter tuning...

Number of features: 14
Number of features: 9
Trimming excess components in <param_grid>...
Number of features: 12
Number of features: 7
Trimming excess components in <param_grid>...
Number of features: 5
Trimming excess components in <param_grid>...
Number of features: 7
Trimming excess components in <param_grid>...
Number of features: 15
Number of features: 4
Trimming excess components in <param_grid>...
Number of features: 3
Trimming excess components in <param_grid>...
Number of features: 20
Number of features: 10
Number of features: 14
Number of features: 4
Trimming excess components in <param_grid>...
Number of features: 3
Trimming excess components in <param_grid>...
Number of features: 5
Trimming excess components in <param_grid>...
Number of features: 8
Trimming excess components in <param_grid>...
Number of features: 16
Number of features: 1
Trimming excess components in <param_grid>...
Number of features: 11
Number of features: 4
Trimming excess components in <param_grid>...
Number of features: 17
Number of features: 15
Number of features: 6
Trimming excess components in <param_grid>...
Number of features: 3
Trimming excess components in <param_grid>...
Number of features: 15
Number of features: 18
Number of features: 21
Number of features: 2
Trimming excess components in <param_grid>...
Number of features: 2
Trimming excess components in <param_grid>...
Number of features: 22
Number of features: 13
Number of features: 13
Number of features: 4
Trimming excess components in <param_grid>...
Number of features: 3
Trimming excess components in <param_grid>...
Number of features: 14
Number of features: 8
Trimming excess components in <param_grid>...
Number of features: 13
Number of features: 19
Number of features: 9
Trimming excess components in <param_grid>...
Number of features: 9
Trimming excess components in <param_grid>...
Number of features: 10
Number of features: 7
Trimming excess components in <param_grid>...
Number of features: 21
Testing...

GLOBUS TRANSFER task_id: b3351d22-29d0-11eb-8fc0-0a34088e79f9
Waiting for transfer b3351d22-29d0-11eb-8fc0-0a34088e79f9 to complete...
DONE.
GLOBUS DELETE task_id: bf5e3840-29d0-11eb-8fc0-0a34088e79f9

Processing scenario ID: 73
Panels type: ref_closest_panel
Crop type: crop_plot
Clip type: {'wl_bands': [[0, 420], [880, 1000]]}
Smooth type: nan
Bin type: {'method': 'spectral_resample', 'bandwidth': 20}
Segment type: {'method': 'ndi', 'wl1': [770, 800], 'wl2': [650, 680], 'mask_percentile': 50, 'mask_side': 'lower'}

Response variable: tissue_n_pct
Number of observations: 408

Feature set: reflectance

Skipping past idx_grix 0...
Skipping past idx_grix 1...
Skipping past idx_grix 2...
Skipping past idx_grix 3...
Skipping past idx_grix 4...
Skipping past idx_grix 5...
Skipping past idx_grix 6...
Skipping past idx_grix 7...
Skipping past idx_grix 8...
Skipping past idx_grix 9...
Skipping past idx_grix 10...
Skipping past idx_grix 11...
Skipping past idx_grix 12...
Skipping past idx_grix 13...
Skipping past idx_grix 14...
Skipping past idx_grix 15...
Skipping past idx_grix 16...
Skipping past idx_grix 17...
Skipping past idx_grix 18...
Skipping past idx_grix 19...
Skipping past idx_grix 20...
Skipping past idx_grix 21...
Skipping past idx_grix 22...
Skipping past idx_grix 23...
Skipping past idx_grix 24...
Skipping past idx_grix 25...
Skipping past idx_grix 26...
Skipping past idx_grix 27...
Skipping past idx_grix 28...
Skipping past idx_grix 29...
Skipping past idx_grix 30...
Skipping past idx_grix 31...
Skipping past idx_grix 32...
Skipping past idx_grix 33...
Skipping past idx_grix 34...
Skipping past idx_grix 35...
Skipping past idx_grix 36...
Skipping past idx_grix 37...
Skipping past idx_grix 38...
Skipping past idx_grix 39...
Skipping past idx_grix 40...
Skipping past idx_grix 41...
Skipping past idx_grix 42...
Skipping past idx_grix 43...
Skipping past idx_grix 44...
Skipping past idx_grix 45...
Skipping past idx_grix 46...
Skipping past idx_grix 47...
Skipping past idx_grix 48...
Skipping past idx_grix 49...
Skipping past idx_grix 50...
Skipping past idx_grix 51...
Skipping past idx_grix 52...
Skipping past idx_grix 53...
Skipping past idx_grix 54...
Skipping past idx_grix 55...
Skipping past idx_grix 56...
Skipping past idx_grix 57...
Skipping past idx_grix 58...
Skipping past idx_grix 59...
Skipping past idx_grix 60...
Skipping past idx_grix 61...
Skipping past idx_grix 62...
Skipping past idx_grix 63...
Skipping past idx_grix 64...
Skipping past idx_grix 65...
Skipping past idx_grix 66...
Skipping past idx_grix 67...
Skipping past idx_grix 68...
Skipping past idx_grix 69...
Skipping past idx_grix 70...
Skipping past idx_grix 71...

Processing scenario ID: 72
Panels type: ref_closest_panel
Crop type: crop_plot
Clip type: {'wl_bands': [[0, 420], [880, 1000]]}
Smooth type: nan
Bin type: {'method': 'spectral_resample', 'bandwidth': 20}
Segment type: nan

Response variable: biomass_kgha
Number of observations: 407

Feature set: derivative_1

Writing mean spectra to a ``pandas.DataFrame``.
Number of input datacubes/spectra: 835
alpha: 0.00095
Features selected: 22
Iterations without progress: 1

alpha: 0.0009025
Features selected: 22
Iterations without progress: 2

alpha: 0.000857375
Features selected: 22
Iterations without progress: 3

alpha: 0.0008145062499999999
Features selected: 22
Iterations without progress: 4

alpha: 0.0007737809374999998
Features selected: 22
Iterations without progress: 5

Leaving while loop before finding the alpha value that achieves selection of 23 feature(s) (minimum alpha value to use).

Using up to 22 selected features

Hyperparameter tuning...

Number of features: 3
Trimming excess components in <param_grid>...
Number of features: 12
Number of features: 19
Number of features: 11
Number of features: 14
Number of features: 9
Trimming excess components in <param_grid>...
Number of features: 13
Number of features: 16
Number of features: 18
Number of features: 5
Trimming excess components in <param_grid>...
Number of features: 12
Number of features: 10
Number of features: 15
Number of features: 14
Number of features: 21
Number of features: 21
Number of features: 17
Number of features: 11
Number of features: 11
Number of features: 10
Number of features: 22
Number of features: 15
Number of features: 1
Trimming excess components in <param_grid>...
Number of features: 9
Trimming excess components in <param_grid>...
Number of features: 12
Number of features: 5
Trimming excess components in <param_grid>...
Number of features: 4
Trimming excess components in <param_grid>...
Number of features: 20
Number of features: 8
Trimming excess components in <param_grid>...
Number of features: 7
Trimming excess components in <param_grid>...
Number of features: 8
Trimming excess components in <param_grid>...
Number of features: 2
Trimming excess components in <param_grid>...
Number of features: 16
Number of features: 17
Number of features: 15
Number of features: 14
Number of features: 4
Trimming excess components in <param_grid>...
Number of features: 22
Number of features: 6
Trimming excess components in <param_grid>...
Number of features: 16
Number of features: 18
Number of features: 15
Testing...

Skipping past idx_grix 0...
Skipping past idx_grix 1...
Skipping past idx_grix 2...
Skipping past idx_grix 3...
Skipping past idx_grix 4...
Skipping past idx_grix 5...
Skipping past idx_grix 6...
Skipping past idx_grix 7...
Skipping past idx_grix 8...
Skipping past idx_grix 9...
Skipping past idx_grix 10...
Skipping past idx_grix 11...
Skipping past idx_grix 12...
Skipping past idx_grix 13...
Skipping past idx_grix 14...
Skipping past idx_grix 15...
Skipping past idx_grix 16...
Skipping past idx_grix 17...
Skipping past idx_grix 18...
Skipping past idx_grix 19...
Skipping past idx_grix 20...
Skipping past idx_grix 21...
Skipping past idx_grix 22...
Skipping past idx_grix 23...
Skipping past idx_grix 24...
Skipping past idx_grix 25...
Skipping past idx_grix 26...
Skipping past idx_grix 27...
Skipping past idx_grix 28...
Skipping past idx_grix 29...
Skipping past idx_grix 30...
Skipping past idx_grix 31...
Skipping past idx_grix 32...
Skipping past idx_grix 33...
Skipping past idx_grix 34...
Skipping past idx_grix 35...
Skipping past idx_grix 36...
Skipping past idx_grix 37...
Skipping past idx_grix 38...
Skipping past idx_grix 39...
Skipping past idx_grix 40...
Skipping past idx_grix 41...
Skipping past idx_grix 42...
Skipping past idx_grix 43...
Skipping past idx_grix 44...
Skipping past idx_grix 45...
Skipping past idx_grix 46...
Skipping past idx_grix 47...
Skipping past idx_grix 48...
Skipping past idx_grix 49...
Skipping past idx_grix 50...
Skipping past idx_grix 51...
Skipping past idx_grix 52...
Skipping past idx_grix 53...
Skipping past idx_grix 54...
Skipping past idx_grix 55...
Skipping past idx_grix 56...
Skipping past idx_grix 57...
Skipping past idx_grix 58...
Skipping past idx_grix 59...
Skipping past idx_grix 60...
Skipping past idx_grix 61...
Skipping past idx_grix 62...
Skipping past idx_grix 63...
Skipping past idx_grix 64...
Skipping past idx_grix 65...
Skipping past idx_grix 66...
Skipping past idx_grix 67...
Skipping past idx_grix 68...
Skipping past idx_grix 69...
Skipping past idx_grix 70...
Skipping past idx_grix 71...

Processing scenario ID: 72
Panels type: ref_closest_panel
Crop type: crop_plot
Clip type: {'wl_bands': [[0, 420], [880, 1000]]}
Smooth type: nan
Bin type: {'method': 'spectral_resample', 'bandwidth': 20}
Segment type: nan

Response variable: nup_kgha
Number of observations: 407

Feature set: derivative_1

Writing mean spectra to a ``pandas.DataFrame``.
Number of input datacubes/spectra: 835
Old "step_pct": 0.05
New "step_pct": 0.1
alpha: 0.0009000000000000001
Features selected: 15
Iterations without progress: 0

Old "step_pct": 0.1
New "step_pct": 0.2
alpha: 0.0007200000000000002
Features selected: 16
Iterations without progress: 0

Old "step_pct": 0.2
New "step_pct": 0.4
alpha: 0.0004320000000000001
Features selected: 16
Iterations without progress: 1

Old "step_pct": 0.4
New "step_pct": 0.8
alpha: 8.64e-05
Features selected: 16
Iterations without progress: 2

alpha: 1.7279999999999997e-05
Features selected: 19
Iterations without progress: 0

Old "step_pct": 0.8
New "step_pct": 0.16
alpha: 1.4515199999999998e-05
Features selected: 22
Iterations without progress: 0

alpha: 1.2192767999999997e-05
Features selected: 22
Iterations without progress: 1

alpha: 1.0241925119999997e-05
Features selected: 22
Iterations without progress: 2

alpha: 8.603217100799998e-06
Features selected: 22
Iterations without progress: 3

alpha: 7.226702364671998e-06
Features selected: 22
Iterations without progress: 4

alpha: 6.0704299863244785e-06
Features selected: 22
Iterations without progress: 5

alpha: 7.111075126837246e-06
Features selected: 23
Iterations without progress: 0

Using up to 23 selected features

Hyperparameter tuning...

Number of features: 9
Trimming excess components in <param_grid>...
Number of features: 20
Number of features: 3
Trimming excess components in <param_grid>...
Number of features: 4
Trimming excess components in <param_grid>...
Number of features: 5
Trimming excess components in <param_grid>...
Number of features: 17
Number of features: 18
Number of features: 2
Trimming excess components in <param_grid>...
Number of features: 20
Number of features: 7
Trimming excess components in <param_grid>...
Number of features: 18
Number of features: 13
Number of features: 17
Number of features: 16
Number of features: 14
Number of features: 6
Trimming excess components in <param_grid>...
Number of features: 4
Trimming excess components in <param_grid>...
Number of features: 21
Number of features: 4
Trimming excess components in <param_grid>...
Number of features: 19
Number of features: 5
Trimming excess components in <param_grid>...
Number of features: 21
Number of features: 1
Trimming excess components in <param_grid>...
Number of features: 13
Number of features: 19
Number of features: 22
Number of features: 5
Trimming excess components in <param_grid>...
Number of features: 22
Number of features: 5
Trimming excess components in <param_grid>...
Number of features: 6
Trimming excess components in <param_grid>...
Number of features: 12
Number of features: 10
Number of features: 9
Trimming excess components in <param_grid>...
Number of features: 5
Trimming excess components in <param_grid>...
Number of features: 14
Number of features: 8
Trimming excess components in <param_grid>...
Number of features: 10
Number of features: 17
Number of features: 12
Number of features: 19
Number of features: 16
Number of features: 15
Number of features: 8
Trimming excess components in <param_grid>...
Number of features: 21
Number of features: 17
Number of features: 16
Number of features: 15
Testing...

GLOBUS TRANSFER task_id: 0c9778d8-29d1-11eb-8fc0-0a34088e79f9
Waiting for transfer 0c9778d8-29d1-11eb-8fc0-0a34088e79f9 to complete...
DONE.
GLOBUS DELETE task_id: 250c9fce-29d1-11eb-8fc0-0a34088e79f9

Processing scenario ID: 73
Panels type: ref_closest_panel
Crop type: crop_plot
Clip type: {'wl_bands': [[0, 420], [880, 1000]]}
Smooth type: nan
Bin type: {'method': 'spectral_resample', 'bandwidth': 20}
Segment type: {'method': 'ndi', 'wl1': [770, 800], 'wl2': [650, 680], 'mask_percentile': 50, 'mask_side': 'lower'}

Response variable: nup_kgha
Number of observations: 407

Feature set: derivative_1

Skipping past idx_grix 0...
Skipping past idx_grix 1...
Skipping past idx_grix 2...
Skipping past idx_grix 3...
Skipping past idx_grix 4...
Skipping past idx_grix 5...
Skipping past idx_grix 6...
Skipping past idx_grix 7...
Skipping past idx_grix 8...
Skipping past idx_grix 9...
Skipping past idx_grix 10...
Skipping past idx_grix 11...
Skipping past idx_grix 12...
Skipping past idx_grix 13...
Skipping past idx_grix 14...
Skipping past idx_grix 15...
Skipping past idx_grix 16...
Skipping past idx_grix 17...
Skipping past idx_grix 18...
Skipping past idx_grix 19...
Skipping past idx_grix 20...
Skipping past idx_grix 21...
Skipping past idx_grix 22...
Skipping past idx_grix 23...
Skipping past idx_grix 24...
Skipping past idx_grix 25...
Skipping past idx_grix 26...
Skipping past idx_grix 27...
Skipping past idx_grix 28...
Skipping past idx_grix 29...
Skipping past idx_grix 30...
Skipping past idx_grix 31...
Skipping past idx_grix 32...
Skipping past idx_grix 33...
Skipping past idx_grix 34...
Skipping past idx_grix 35...
Skipping past idx_grix 36...
Skipping past idx_grix 37...
Skipping past idx_grix 38...
Skipping past idx_grix 39...
Skipping past idx_grix 40...
Skipping past idx_grix 41...
Skipping past idx_grix 42...
Skipping past idx_grix 43...
Skipping past idx_grix 44...
Skipping past idx_grix 45...
Skipping past idx_grix 46...
Skipping past idx_grix 47...
Skipping past idx_grix 48...
Skipping past idx_grix 49...
Skipping past idx_grix 50...
Skipping past idx_grix 51...
Skipping past idx_grix 52...
Skipping past idx_grix 53...
Skipping past idx_grix 54...
Skipping past idx_grix 55...
Skipping past idx_grix 56...
Skipping past idx_grix 57...
Skipping past idx_grix 58...
Skipping past idx_grix 59...
Skipping past idx_grix 60...
Skipping past idx_grix 61...
Skipping past idx_grix 62...
Skipping past idx_grix 63...
Skipping past idx_grix 64...
Skipping past idx_grix 65...
Skipping past idx_grix 66...
Skipping past idx_grix 67...
Skipping past idx_grix 68...
Skipping past idx_grix 69...
Skipping past idx_grix 70...
Skipping past idx_grix 71...

Processing scenario ID: 72
Panels type: ref_closest_panel
Crop type: crop_plot
Clip type: {'wl_bands': [[0, 420], [880, 1000]]}
Smooth type: nan
Bin type: {'method': 'spectral_resample', 'bandwidth': 20}
Segment type: nan

Response variable: tissue_n_pct
Number of observations: 408

Feature set: derivative_1

Writing mean spectra to a ``pandas.DataFrame``.
Number of input datacubes/spectra: 835
Old "step_pct": 0.05
New "step_pct": 0.5
alpha: 0.0005
Features selected: 8
Iterations without progress: 0

alpha: 0.00025
Features selected: 6
Iterations without progress: 0

alpha: 0.000125
Features selected: 10
Iterations without progress: 0

alpha: 6.25e-05
Features selected: 11
Iterations without progress: 0

alpha: 3.125e-05
Features selected: 11
Iterations without progress: 1

alpha: 1.5625e-05
Features selected: 16
Iterations without progress: 0

alpha: 7.8125e-06
Features selected: 19
Iterations without progress: 0

alpha: 3.90625e-06
Features selected: 19
Iterations without progress: 1

alpha: 1.953125e-06
Features selected: 18
Iterations without progress: 0

Old "step_pct": 0.5
New "step_pct": 0.1
alpha: 1.7578125000000002e-06
Features selected: 22
Iterations without progress: 0

alpha: 1.5820312500000001e-06
Features selected: 22
Iterations without progress: 1

alpha: 1.423828125e-06
Features selected: 21
Iterations without progress: 0

alpha: 1.2814453125000001e-06
Features selected: 21
Iterations without progress: 1

alpha: 1.15330078125e-06
Features selected: 21
Iterations without progress: 2

alpha: 1.037970703125e-06
Features selected: 22
Iterations without progress: 0

alpha: 9.341736328125e-07
Features selected: 22
Iterations without progress: 1

alpha: 8.4075626953125e-07
Features selected: 22
Iterations without progress: 2

alpha: 7.56680642578125e-07
Features selected: 22
Iterations without progress: 3

alpha: 6.810125783203125e-07
Features selected: 22
Iterations without progress: 4

alpha: 7.491138361523437e-07
Features selected: 23
Iterations without progress: 0

Using up to 23 selected features

Hyperparameter tuning...

Number of features: 22
Number of features: 14
Number of features: 15
Number of features: 20
Number of features: 11
Number of features: 11
Number of features: 2
Trimming excess components in <param_grid>...
Number of features: 15
Number of features: 19
Number of features: 8
Trimming excess components in <param_grid>...
Number of features: 10
Number of features: 12
Number of features: 5
Trimming excess components in <param_grid>...
Number of features: 12
Number of features: 7
Trimming excess components in <param_grid>...
Number of features: 8
Trimming excess components in <param_grid>...
Number of features: 11
Number of features: 21
Number of features: 18
Number of features: 20
Number of features: 19
Number of features: 1
Trimming excess components in <param_grid>...
Number of features: 1
Trimming excess components in <param_grid>...
Number of features: 7
Trimming excess components in <param_grid>...
Number of features: 2
Trimming excess components in <param_grid>...
Number of features: 12
Number of features: 7
Trimming excess components in <param_grid>...
Number of features: 20
Number of features: 7
Trimming excess components in <param_grid>...
Number of features: 5
Trimming excess components in <param_grid>...
Number of features: 16
Number of features: 7
Trimming excess components in <param_grid>...
Number of features: 19
Number of features: 6
Trimming excess components in <param_grid>...
Number of features: 13
Number of features: 18
Number of features: 21
Number of features: 6
Trimming excess components in <param_grid>...
Number of features: 8
Trimming excess components in <param_grid>...
Number of features: 13
Number of features: 6
Trimming excess components in <param_grid>...
Number of features: 12
Number of features: 14
Number of features: 16
Number of features: 19
Number of features: 3
Trimming excess components in <param_grid>...
Number of features: 4
Trimming excess components in <param_grid>...
Number of features: 11
Number of features: 10
Testing...

GLOBUS TRANSFER task_id: 56ac0cae-29d1-11eb-b53b-02d9497ca481
Waiting for transfer 56ac0cae-29d1-11eb-b53b-02d9497ca481 to complete...
DONE.
GLOBUS DELETE task_id: 5cde1c5c-29d1-11eb-b53b-02d9497ca481

Processing scenario ID: 73
Panels type: ref_closest_panel
Crop type: crop_plot
Clip type: {'wl_bands': [[0, 420], [880, 1000]]}
Smooth type: nan
Bin type: {'method': 'spectral_resample', 'bandwidth': 20}
Segment type: {'method': 'ndi', 'wl1': [770, 800], 'wl2': [650, 680], 'mask_percentile': 50, 'mask_side': 'lower'}

Response variable: tissue_n_pct
Number of observations: 408

Feature set: derivative_1

Skipping past idx_grix 0...
Skipping past idx_grix 1...
Skipping past idx_grix 2...
Skipping past idx_grix 3...
Skipping past idx_grix 4...
Skipping past idx_grix 5...
Skipping past idx_grix 6...
Skipping past idx_grix 7...
Skipping past idx_grix 8...
Skipping past idx_grix 9...
Skipping past idx_grix 10...
Skipping past idx_grix 11...
Skipping past idx_grix 12...
Skipping past idx_grix 13...
Skipping past idx_grix 14...
Skipping past idx_grix 15...
Skipping past idx_grix 16...
Skipping past idx_grix 17...
Skipping past idx_grix 18...
Skipping past idx_grix 19...
Skipping past idx_grix 20...
Skipping past idx_grix 21...
Skipping past idx_grix 22...
Skipping past idx_grix 23...
Skipping past idx_grix 24...
Skipping past idx_grix 25...
Skipping past idx_grix 26...
Skipping past idx_grix 27...
Skipping past idx_grix 28...
Skipping past idx_grix 29...
Skipping past idx_grix 30...
Skipping past idx_grix 31...
Skipping past idx_grix 32...
Skipping past idx_grix 33...
Skipping past idx_grix 34...
Skipping past idx_grix 35...
Skipping past idx_grix 36...
Skipping past idx_grix 37...
Skipping past idx_grix 38...
Skipping past idx_grix 39...
Skipping past idx_grix 40...
Skipping past idx_grix 41...
Skipping past idx_grix 42...
Skipping past idx_grix 43...
Skipping past idx_grix 44...
Skipping past idx_grix 45...
Skipping past idx_grix 46...
Skipping past idx_grix 47...
Skipping past idx_grix 48...
Skipping past idx_grix 49...
Skipping past idx_grix 50...
Skipping past idx_grix 51...
Skipping past idx_grix 52...
Skipping past idx_grix 53...
Skipping past idx_grix 54...
Skipping past idx_grix 55...
Skipping past idx_grix 56...
Skipping past idx_grix 57...
Skipping past idx_grix 58...
Skipping past idx_grix 59...
Skipping past idx_grix 60...
Skipping past idx_grix 61...
Skipping past idx_grix 62...
Skipping past idx_grix 63...
Skipping past idx_grix 64...
Skipping past idx_grix 65...
Skipping past idx_grix 66...
Skipping past idx_grix 67...
Skipping past idx_grix 68...
Skipping past idx_grix 69...
Skipping past idx_grix 70...
Skipping past idx_grix 71...

Processing scenario ID: 72
Panels type: ref_closest_panel
Crop type: crop_plot
Clip type: {'wl_bands': [[0, 420], [880, 1000]]}
Smooth type: nan
Bin type: {'method': 'spectral_resample', 'bandwidth': 20}
Segment type: nan

Response variable: biomass_kgha
Number of observations: 407

Feature set: derivative_2

Writing mean spectra to a ``pandas.DataFrame``.
Number of input datacubes/spectra: 835
Using up to 23 selected features

Hyperparameter tuning...

Number of features: 5
Trimming excess components in <param_grid>...
Number of features: 17
Number of features: 14
Number of features: 14
Number of features: 9
Trimming excess components in <param_grid>...
Number of features: 18
Number of features: 7
Trimming excess components in <param_grid>...
Number of features: 3
Trimming excess components in <param_grid>...
Number of features: 11
Number of features: 4
Trimming excess components in <param_grid>...
Number of features: 19
Number of features: 14
Number of features: 7
Trimming excess components in <param_grid>...
Number of features: 6
Trimming excess components in <param_grid>...
Number of features: 1
Trimming excess components in <param_grid>...
Number of features: 15
Number of features: 10
Number of features: 12
Number of features: 10
Number of features: 3
Trimming excess components in <param_grid>...
Number of features: 9
Trimming excess components in <param_grid>...
Number of features: 2
Trimming excess components in <param_grid>...
Number of features: 2
Trimming excess components in <param_grid>...
Number of features: 13
Number of features: 5
Trimming excess components in <param_grid>...
Number of features: 8
Trimming excess components in <param_grid>...
Number of features: 14
Number of features: 21
Number of features: 8
Trimming excess components in <param_grid>...
Number of features: 0
Trimming excess components in <param_grid>...
Number of features: 9
Trimming excess components in <param_grid>...
Number of features: 20
Number of features: 8
Trimming excess components in <param_grid>...
Number of features: 13
Number of features: 13
Number of features: 11
Number of features: 15
Testing...

GLOBUS TRANSFER task_id: 8b9c3ea2-29d1-11eb-8fc0-0a34088e79f9
Waiting for transfer 8b9c3ea2-29d1-11eb-8fc0-0a34088e79f9 to complete...
DONE.
GLOBUS DELETE task_id: a9f65b9e-29d1-11eb-8fc0-0a34088e79f9

Processing scenario ID: 73
Panels type: ref_closest_panel
Crop type: crop_plot
Clip type: {'wl_bands': [[0, 420], [880, 1000]]}
Smooth type: nan
Bin type: {'method': 'spectral_resample', 'bandwidth': 20}
Segment type: {'method': 'ndi', 'wl1': [770, 800], 'wl2': [650, 680], 'mask_percentile': 50, 'mask_side': 'lower'}

Response variable: biomass_kgha
Number of observations: 407

Feature set: derivative_2

Skipping past idx_grix 0...
Skipping past idx_grix 1...
Skipping past idx_grix 2...
Skipping past idx_grix 3...
Skipping past idx_grix 4...
Skipping past idx_grix 5...
Skipping past idx_grix 6...
Skipping past idx_grix 7...
Skipping past idx_grix 8...
Skipping past idx_grix 9...
Skipping past idx_grix 10...
Skipping past idx_grix 11...
Skipping past idx_grix 12...
Skipping past idx_grix 13...
Skipping past idx_grix 14...
Skipping past idx_grix 15...
Skipping past idx_grix 16...
Skipping past idx_grix 17...
Skipping past idx_grix 18...
Skipping past idx_grix 19...
Skipping past idx_grix 20...
Skipping past idx_grix 21...
Skipping past idx_grix 22...
Skipping past idx_grix 23...
Skipping past idx_grix 24...
Skipping past idx_grix 25...
Skipping past idx_grix 26...
Skipping past idx_grix 27...
Skipping past idx_grix 28...
Skipping past idx_grix 29...
Skipping past idx_grix 30...
Skipping past idx_grix 31...
Skipping past idx_grix 32...
Skipping past idx_grix 33...
Skipping past idx_grix 34...
Skipping past idx_grix 35...
Skipping past idx_grix 36...
Skipping past idx_grix 37...
Skipping past idx_grix 38...
Skipping past idx_grix 39...
Skipping past idx_grix 40...
Skipping past idx_grix 41...
Skipping past idx_grix 42...
Skipping past idx_grix 43...
Skipping past idx_grix 44...
Skipping past idx_grix 45...
Skipping past idx_grix 46...
Skipping past idx_grix 47...
Skipping past idx_grix 48...
Skipping past idx_grix 49...
Skipping past idx_grix 50...
Skipping past idx_grix 51...
Skipping past idx_grix 52...
Skipping past idx_grix 53...
Skipping past idx_grix 54...
Skipping past idx_grix 55...
Skipping past idx_grix 56...
Skipping past idx_grix 57...
Skipping past idx_grix 58...
Skipping past idx_grix 59...
Skipping past idx_grix 60...
Skipping past idx_grix 61...
Skipping past idx_grix 62...
Skipping past idx_grix 63...
Skipping past idx_grix 64...
Skipping past idx_grix 65...
Skipping past idx_grix 66...
Skipping past idx_grix 67...
Skipping past idx_grix 68...
Skipping past idx_grix 69...
Skipping past idx_grix 70...
Skipping past idx_grix 71...

Processing scenario ID: 72
Panels type: ref_closest_panel
Crop type: crop_plot
Clip type: {'wl_bands': [[0, 420], [880, 1000]]}
Smooth type: nan
Bin type: {'method': 'spectral_resample', 'bandwidth': 20}
Segment type: nan

Response variable: nup_kgha
Number of observations: 407

Feature set: derivative_2

Writing mean spectra to a ``pandas.DataFrame``.
Number of input datacubes/spectra: 835
Old "step_pct": 0.05
New "step_pct": 0.5
alpha: 0.0005
Features selected: 9
Iterations without progress: 0

alpha: 0.00025
Features selected: 12
Iterations without progress: 0

alpha: 0.000125
Features selected: 10
Iterations without progress: 0

alpha: 6.25e-05
Features selected: 9
Iterations without progress: 0

alpha: 3.125e-05
Features selected: 15
Iterations without progress: 0

alpha: 1.5625e-05
Features selected: 18
Iterations without progress: 0

alpha: 7.8125e-06
Features selected: 18
Iterations without progress: 1

alpha: 3.90625e-06
Features selected: 19
Iterations without progress: 0

alpha: 1.953125e-06
Features selected: 19
Iterations without progress: 1

Old "step_pct": 0.5
New "step_pct": 0.1
alpha: 1.7578125000000002e-06
Features selected: 22
Iterations without progress: 0

alpha: 1.5820312500000001e-06
Features selected: 22
Iterations without progress: 1

alpha: 1.423828125e-06
Features selected: 22
Iterations without progress: 2

alpha: 1.2814453125000001e-06
Features selected: 22
Iterations without progress: 3

alpha: 1.15330078125e-06
Features selected: 22
Iterations without progress: 4

alpha: 1.037970703125e-06
Features selected: 22
Iterations without progress: 5

Leaving while loop before finding the alpha value that achieves selection of 23 feature(s) (minimum alpha value to use).

Using up to 22 selected features

Hyperparameter tuning...

Number of features: 17
Number of features: 11
Number of features: 18
Number of features: 1
Trimming excess components in <param_grid>...
Number of features: 8
Trimming excess components in <param_grid>...
Number of features: 10
Number of features: 3
Trimming excess components in <param_grid>...
Number of features: 20
Number of features: 18
Number of features: 15
Number of features: 19
Number of features: 19
Number of features: 5
Trimming excess components in <param_grid>...
Number of features: 13
Number of features: 16
Number of features: 9
Trimming excess components in <param_grid>...
Number of features: 20
Number of features: 7
Trimming excess components in <param_grid>...
Number of features: 16
Number of features: 14
Number of features: 7
Trimming excess components in <param_grid>...
Number of features: 12
Number of features: 12
Number of features: 10
Number of features: 17
Number of features: 2
Trimming excess components in <param_grid>...
Number of features: 10
Number of features: 4
Trimming excess components in <param_grid>...
Number of features: 11
Number of features: 22
Number of features: 9
Trimming excess components in <param_grid>...
Number of features: 11
Number of features: 21
Number of features: 9
Trimming excess components in <param_grid>...
Number of features: 10
Testing...

GLOBUS TRANSFER task_id: daa389ba-29d1-11eb-b165-0ee0d5d9299f
Waiting for transfer daa389ba-29d1-11eb-b165-0ee0d5d9299f to complete...
DONE.
GLOBUS DELETE task_id: f3034dba-29d1-11eb-b165-0ee0d5d9299f

Processing scenario ID: 73
Panels type: ref_closest_panel
Crop type: crop_plot
Clip type: {'wl_bands': [[0, 420], [880, 1000]]}
Smooth type: nan
Bin type: {'method': 'spectral_resample', 'bandwidth': 20}
Segment type: {'method': 'ndi', 'wl1': [770, 800], 'wl2': [650, 680], 'mask_percentile': 50, 'mask_side': 'lower'}

Response variable: nup_kgha
Number of observations: 407

Feature set: derivative_2

Skipping past idx_grix 0...
Skipping past idx_grix 1...
Skipping past idx_grix 2...
Skipping past idx_grix 3...
Skipping past idx_grix 4...
Skipping past idx_grix 5...
Skipping past idx_grix 6...
Skipping past idx_grix 7...
Skipping past idx_grix 8...
Skipping past idx_grix 9...
Skipping past idx_grix 10...
Skipping past idx_grix 11...
Skipping past idx_grix 12...
Skipping past idx_grix 13...
Skipping past idx_grix 14...
Skipping past idx_grix 15...
Skipping past idx_grix 16...
Skipping past idx_grix 17...
Skipping past idx_grix 18...
Skipping past idx_grix 19...
Skipping past idx_grix 20...
Skipping past idx_grix 21...
Skipping past idx_grix 22...
Skipping past idx_grix 23...
Skipping past idx_grix 24...
Skipping past idx_grix 25...
Skipping past idx_grix 26...
Skipping past idx_grix 27...
Skipping past idx_grix 28...
Skipping past idx_grix 29...
Skipping past idx_grix 30...
Skipping past idx_grix 31...
Skipping past idx_grix 32...
Skipping past idx_grix 33...
Skipping past idx_grix 34...
Skipping past idx_grix 35...
Skipping past idx_grix 36...
Skipping past idx_grix 37...
Skipping past idx_grix 38...
Skipping past idx_grix 39...
Skipping past idx_grix 40...
Skipping past idx_grix 41...
Skipping past idx_grix 42...
Skipping past idx_grix 43...
Skipping past idx_grix 44...
Skipping past idx_grix 45...
Skipping past idx_grix 46...
Skipping past idx_grix 47...
Skipping past idx_grix 48...
Skipping past idx_grix 49...
Skipping past idx_grix 50...
Skipping past idx_grix 51...
Skipping past idx_grix 52...
Skipping past idx_grix 53...
Skipping past idx_grix 54...
Skipping past idx_grix 55...
Skipping past idx_grix 56...
Skipping past idx_grix 57...
Skipping past idx_grix 58...
Skipping past idx_grix 59...
Skipping past idx_grix 60...
Skipping past idx_grix 61...
Skipping past idx_grix 62...
Skipping past idx_grix 63...
Skipping past idx_grix 64...
Skipping past idx_grix 65...
Skipping past idx_grix 66...
Skipping past idx_grix 67...
Skipping past idx_grix 68...
Skipping past idx_grix 69...
Skipping past idx_grix 70...
Skipping past idx_grix 71...

Processing scenario ID: 72
Panels type: ref_closest_panel
Crop type: crop_plot
Clip type: {'wl_bands': [[0, 420], [880, 1000]]}
Smooth type: nan
Bin type: {'method': 'spectral_resample', 'bandwidth': 20}
Segment type: nan

Response variable: tissue_n_pct
Number of observations: 408

Feature set: derivative_2

Writing mean spectra to a ``pandas.DataFrame``.
Number of input datacubes/spectra: 835
Old "step_pct": 0.05
New "step_pct": 0.5
alpha: 0.0005
Features selected: 1
Iterations without progress: 0

alpha: 0.00025
Features selected: 1
Iterations without progress: 1

alpha: 0.000125
Features selected: 3
Iterations without progress: 0

alpha: 6.25e-05
Features selected: 4
Iterations without progress: 0

alpha: 3.125e-05
Features selected: 8
Iterations without progress: 0

alpha: 1.5625e-05
Features selected: 9
Iterations without progress: 0

alpha: 7.8125e-06
Features selected: 10
Iterations without progress: 0

alpha: 3.90625e-06
Features selected: 11
Iterations without progress: 0

alpha: 1.953125e-06
Features selected: 13
Iterations without progress: 0

alpha: 9.765625e-07
Features selected: 14
Iterations without progress: 0

Old "step_pct": 0.5
New "step_pct": 0.1
alpha: 8.789062500000001e-07
Features selected: 19
Iterations without progress: 0

alpha: 7.910156250000001e-07
Features selected: 20
Iterations without progress: 0

alpha: 7.119140625e-07
Features selected: 20
Iterations without progress: 1

alpha: 6.407226562500001e-07
Features selected: 21
Iterations without progress: 0

alpha: 5.76650390625e-07
Features selected: 21
Iterations without progress: 1

alpha: 5.189853515625e-07
Features selected: 22
Iterations without progress: 0

alpha: 4.6708681640625e-07
Features selected: 22
Iterations without progress: 1

alpha: 4.20378134765625e-07
Features selected: 22
Iterations without progress: 2

alpha: 3.783403212890625e-07
Features selected: 22
Iterations without progress: 3

alpha: 3.4050628916015626e-07
Features selected: 22
Iterations without progress: 4

alpha: 3.0645566024414066e-07
Features selected: 22
Iterations without progress: 5

Leaving while loop before finding the alpha value that achieves selection of 23 feature(s) (minimum alpha value to use).

Using up to 22 selected features

Hyperparameter tuning...

Number of features: 13
Number of features: 13
Number of features: 15
Number of features: 13
Number of features: 11
Number of features: 14
Number of features: 15
Number of features: 19
Number of features: 18
Number of features: 14
Number of features: 7
Trimming excess components in <param_grid>...
Number of features: 6
Trimming excess components in <param_grid>...
Number of features: 8
Trimming excess components in <param_grid>...
Number of features: 5
Trimming excess components in <param_grid>...
Number of features: 4
Trimming excess components in <param_grid>...
Number of features: 9
Trimming excess components in <param_grid>...
Number of features: 12
Number of features: 1
Trimming excess components in <param_grid>...
Number of features: 12
Number of features: 8
Trimming excess components in <param_grid>...
Number of features: 20
Number of features: 10
Number of features: 22
Number of features: 0
Trimming excess components in <param_grid>...
Number of features: 13
Number of features: 3
Trimming excess components in <param_grid>...
Number of features: 21
Number of features: 18
Number of features: 7
Trimming excess components in <param_grid>...
Number of features: 14
Number of features: 9
Trimming excess components in <param_grid>...
Number of features: 14
Number of features: 2
Trimming excess components in <param_grid>...
Number of features: 11
Testing...


Processing scenario ID: 72
Panels type: ref_closest_panel
Crop type: crop_plot
Clip type: {'wl_bands': [[0, 420], [880, 1000]]}
Smooth type: nan
Bin type: {'method': 'spectral_resample', 'bandwidth': 20}
Segment type: nan
GLOBUS TRANSFER task_id: 092f387e-29d2-11eb-b53b-02d9497ca481
Waiting for transfer 092f387e-29d2-11eb-b53b-02d9497ca481 to complete...
Transfer 092f387e-29d2-11eb-b53b-02d9497ca481 has not yet finished; transfer submitted 1 minute(s) ago
Transfer 092f387e-29d2-11eb-b53b-02d9497ca481 has not yet finished; transfer submitted 2 minute(s) ago
Transfer 092f387e-29d2-11eb-b53b-02d9497ca481 has not yet finished; transfer submitted 3 minute(s) ago
Transfer 092f387e-29d2-11eb-b53b-02d9497ca481 has not yet finished; transfer submitted 4 minute(s) ago
DONE.
GLOBUS DELETE task_id: a0f29372-29d2-11eb-b53b-02d9497ca481
