Skipping past idx_grix 0...
Skipping past idx_grix 1...
Skipping past idx_grix 2...
Skipping past idx_grix 3...
Skipping past idx_grix 4...
Skipping past idx_grix 5...
Skipping past idx_grix 6...
Skipping past idx_grix 7...
Skipping past idx_grix 8...
Skipping past idx_grix 9...
Skipping past idx_grix 10...
Skipping past idx_grix 11...
Skipping past idx_grix 12...
Skipping past idx_grix 13...
Skipping past idx_grix 14...
Skipping past idx_grix 15...
Skipping past idx_grix 16...
Skipping past idx_grix 17...
Skipping past idx_grix 18...
Skipping past idx_grix 19...
Skipping past idx_grix 20...
Skipping past idx_grix 21...
Skipping past idx_grix 22...
Skipping past idx_grix 23...
Skipping past idx_grix 24...
Skipping past idx_grix 25...
Skipping past idx_grix 26...
Skipping past idx_grix 27...
Skipping past idx_grix 28...
Skipping past idx_grix 29...
Skipping past idx_grix 30...
Skipping past idx_grix 31...
Skipping past idx_grix 32...
Skipping past idx_grix 33...
Skipping past idx_grix 34...
Skipping past idx_grix 35...
Skipping past idx_grix 36...
Skipping past idx_grix 37...
Skipping past idx_grix 38...
Skipping past idx_grix 39...
Skipping past idx_grix 40...
Skipping past idx_grix 41...
Skipping past idx_grix 42...
Skipping past idx_grix 43...
Skipping past idx_grix 44...
Skipping past idx_grix 45...
Skipping past idx_grix 46...
Skipping past idx_grix 47...
Skipping past idx_grix 48...
Skipping past idx_grix 49...
Skipping past idx_grix 50...
Skipping past idx_grix 51...
Skipping past idx_grix 52...
Skipping past idx_grix 53...
Skipping past idx_grix 54...
Skipping past idx_grix 55...
Skipping past idx_grix 56...
Skipping past idx_grix 57...
Skipping past idx_grix 58...
Skipping past idx_grix 59...
Skipping past idx_grix 60...
Skipping past idx_grix 61...
Skipping past idx_grix 62...
Skipping past idx_grix 63...
Skipping past idx_grix 64...
Skipping past idx_grix 65...
Skipping past idx_grix 66...
Skipping past idx_grix 67...
Skipping past idx_grix 68...
Skipping past idx_grix 69...
Skipping past idx_grix 70...
Skipping past idx_grix 71...
Skipping past idx_grix 72...
Skipping past idx_grix 73...
Skipping past idx_grix 74...
Skipping past idx_grix 75...
Skipping past idx_grix 76...
Skipping past idx_grix 77...
Skipping past idx_grix 78...
Skipping past idx_grix 79...
Skipping past idx_grix 80...

Processing scenario ID: 81
Panels type: ref_closest_panel
Crop type: crop_plot
Clip type: {'wl_bands': [[0, 420], [880, 1000]]}
Smooth type: {'window_size': 11, 'order': 2}
Bin type: nan
Segment type: nan

Response variable: biomass_kgha
Number of observations: 407

Feature set: reflectance

Writing mean spectra to a ``pandas.DataFrame``.
Number of input datacubes/spectra: 835
Old "step_pct": 0.05
New "step_pct": 0.5
alpha: 50.0
Features selected: 5
Iterations without progress: 0

alpha: 25.0
Features selected: 5
Iterations without progress: 1

alpha: 12.5
Features selected: 9
Iterations without progress: 0

alpha: 6.25
Features selected: 10
Iterations without progress: 0

alpha: 3.125
Features selected: 13
Iterations without progress: 0

alpha: 1.5625
Features selected: 20
Iterations without progress: 0

Old "step_pct": 0.5
New "step_pct": 0.1
alpha: 1.40625
Features selected: 29
Iterations without progress: 0

alpha: 1.546875
Features selected: 30
Iterations without progress: 0

Using up to 30 selected features

Hyperparameter tuning...

Number of features: 19
Number of features: 11
Number of features: 13
Number of features: 16
Number of features: 17
Number of features: 11
Number of features: 12
Number of features: 14
Number of features: 22
Number of features: 2
Trimming excess components in <param_grid>...
Number of features: 2
Trimming excess components in <param_grid>...
Number of features: 11
Number of features: 3
Trimming excess components in <param_grid>...
Number of features: 4
Trimming excess components in <param_grid>...
Number of features: 6
Trimming excess components in <param_grid>...
Number of features: 10
Number of features: 1
Trimming excess components in <param_grid>...
Number of features: 13
Number of features: 3
Trimming excess components in <param_grid>...
Number of features: 17
Number of features: 4
Trimming excess components in <param_grid>...
Number of features: 7
Trimming excess components in <param_grid>...
Number of features: 8
Trimming excess components in <param_grid>...
Number of features: 12
Number of features: 13
Number of features: 9
Trimming excess components in <param_grid>...
Number of features: 10
Number of features: 29
Number of features: 3
Trimming excess components in <param_grid>...
Number of features: 13
Number of features: 13
Number of features: 20
Number of features: 16
Number of features: 2
Trimming excess components in <param_grid>...
Number of features: 5
Trimming excess components in <param_grid>...
Number of features: 5
Trimming excess components in <param_grid>...
Number of features: 2
Trimming excess components in <param_grid>...
Number of features: 4
Trimming excess components in <param_grid>...
Number of features: 13
Number of features: 24
Number of features: 3
Trimming excess components in <param_grid>...
Number of features: 16
Number of features: 12
Number of features: 11
Number of features: 20
Number of features: 17
Number of features: 21
Number of features: 10
Number of features: 14
Number of features: 6
Trimming excess components in <param_grid>...
Number of features: 5
Trimming excess components in <param_grid>...
Number of features: 12
Number of features: 25
Number of features: 12
Number of features: 11
Number of features: 4
Trimming excess components in <param_grid>...
Number of features: 20
Number of features: 3
Trimming excess components in <param_grid>...
Number of features: 11
Number of features: 20
Number of features: 23
Number of features: 9
Trimming excess components in <param_grid>...
Number of features: 3
Trimming excess components in <param_grid>...
Number of features: 30
Number of features: 12
Number of features: 17
Number of features: 12
Number of features: 18
Number of features: 5
Trimming excess components in <param_grid>...
Number of features: 24
Number of features: 19
Number of features: 27
Number of features: 10
Number of features: 11
Number of features: 12
Number of features: 13
Number of features: 6
Trimming excess components in <param_grid>...
Number of features: 12
Number of features: 7
Trimming excess components in <param_grid>...
Number of features: 11
Testing...

GLOBUS TRANSFER task_id: bc4bfa1a-29d1-11eb-b165-0ee0d5d9299f
Waiting for transfer bc4bfa1a-29d1-11eb-b165-0ee0d5d9299f to complete...
DONE.
GLOBUS DELETE task_id: d4cc9b9e-29d1-11eb-b165-0ee0d5d9299f

Processing scenario ID: 82
Panels type: ref_closest_panel
Crop type: crop_plot
Clip type: {'wl_bands': [[0, 420], [880, 1000]]}
Smooth type: {'window_size': 11, 'order': 2}
Bin type: nan
Segment type: {'method': 'ndi', 'wl1': [770, 800], 'wl2': [650, 680], 'mask_percentile': 50, 'mask_side': 'lower'}

Response variable: biomass_kgha
Number of observations: 407

Feature set: reflectance

Skipping past idx_grix 0...
Skipping past idx_grix 1...
Skipping past idx_grix 2...
Skipping past idx_grix 3...
Skipping past idx_grix 4...
Skipping past idx_grix 5...
Skipping past idx_grix 6...
Skipping past idx_grix 7...
Skipping past idx_grix 8...
Skipping past idx_grix 9...
Skipping past idx_grix 10...
Skipping past idx_grix 11...
Skipping past idx_grix 12...
Skipping past idx_grix 13...
Skipping past idx_grix 14...
Skipping past idx_grix 15...
Skipping past idx_grix 16...
Skipping past idx_grix 17...
Skipping past idx_grix 18...
Skipping past idx_grix 19...
Skipping past idx_grix 20...
Skipping past idx_grix 21...
Skipping past idx_grix 22...
Skipping past idx_grix 23...
Skipping past idx_grix 24...
Skipping past idx_grix 25...
Skipping past idx_grix 26...
Skipping past idx_grix 27...
Skipping past idx_grix 28...
Skipping past idx_grix 29...
Skipping past idx_grix 30...
Skipping past idx_grix 31...
Skipping past idx_grix 32...
Skipping past idx_grix 33...
Skipping past idx_grix 34...
Skipping past idx_grix 35...
Skipping past idx_grix 36...
Skipping past idx_grix 37...
Skipping past idx_grix 38...
Skipping past idx_grix 39...
Skipping past idx_grix 40...
Skipping past idx_grix 41...
Skipping past idx_grix 42...
Skipping past idx_grix 43...
Skipping past idx_grix 44...
Skipping past idx_grix 45...
Skipping past idx_grix 46...
Skipping past idx_grix 47...
Skipping past idx_grix 48...
Skipping past idx_grix 49...
Skipping past idx_grix 50...
Skipping past idx_grix 51...
Skipping past idx_grix 52...
Skipping past idx_grix 53...
Skipping past idx_grix 54...
Skipping past idx_grix 55...
Skipping past idx_grix 56...
Skipping past idx_grix 57...
Skipping past idx_grix 58...
Skipping past idx_grix 59...
Skipping past idx_grix 60...
Skipping past idx_grix 61...
Skipping past idx_grix 62...
Skipping past idx_grix 63...
Skipping past idx_grix 64...
Skipping past idx_grix 65...
Skipping past idx_grix 66...
Skipping past idx_grix 67...
Skipping past idx_grix 68...
Skipping past idx_grix 69...
Skipping past idx_grix 70...
Skipping past idx_grix 71...
Skipping past idx_grix 72...
Skipping past idx_grix 73...
Skipping past idx_grix 74...
Skipping past idx_grix 75...
Skipping past idx_grix 76...
Skipping past idx_grix 77...
Skipping past idx_grix 78...
Skipping past idx_grix 79...
Skipping past idx_grix 80...

Processing scenario ID: 81
Panels type: ref_closest_panel
Crop type: crop_plot
Clip type: {'wl_bands': [[0, 420], [880, 1000]]}
Smooth type: {'window_size': 11, 'order': 2}
Bin type: nan
Segment type: nan

Response variable: nup_kgha
Number of observations: 407

Feature set: reflectance

Writing mean spectra to a ``pandas.DataFrame``.
Number of input datacubes/spectra: 835
Old "step_pct": 0.05
New "step_pct": 0.5
alpha: 0.5
Features selected: 9
Iterations without progress: 0

alpha: 0.25
Features selected: 13
Iterations without progress: 0

alpha: 0.125
Features selected: 13
Iterations without progress: 1

alpha: 0.0625
Features selected: 19
Iterations without progress: 0

Old "step_pct": 0.5
New "step_pct": 0.1
alpha: 0.05625
Features selected: 25
Iterations without progress: 0

alpha: 0.050625
Features selected: 26
Iterations without progress: 0

alpha: 0.045562500000000006
Features selected: 27
Iterations without progress: 0

alpha: 0.04100625000000001
Features selected: 27
Iterations without progress: 1

alpha: 0.03690562500000001
Features selected: 27
Iterations without progress: 2

alpha: 0.04059618750000001
Features selected: 30
Iterations without progress: 0

Using up to 30 selected features

Hyperparameter tuning...

Number of features: 3
Trimming excess components in <param_grid>...
Number of features: 14
Number of features: 13
Number of features: 16
Number of features: 20
Number of features: 9
Trimming excess components in <param_grid>...
Number of features: 2
Trimming excess components in <param_grid>...
Number of features: 26
Number of features: 10
Number of features: 9
Trimming excess components in <param_grid>...
Number of features: 3
Trimming excess components in <param_grid>...
Number of features: 2
Trimming excess components in <param_grid>...
Number of features: 11
Number of features: 14
Number of features: 10
Number of features: 11
Number of features: 14
Number of features: 10
Number of features: 16
Number of features: 8
Trimming excess components in <param_grid>...
Number of features: 28
Number of features: 11
Number of features: 28
Number of features: 26
Number of features: 4
Trimming excess components in <param_grid>...
Number of features: 27
Number of features: 23
Number of features: 19
Number of features: 2
Trimming excess components in <param_grid>...
Number of features: 5
Trimming excess components in <param_grid>...
Number of features: 12
Number of features: 17
Number of features: 21
Number of features: 11
Number of features: 4
Trimming excess components in <param_grid>...
Number of features: 12
Number of features: 12
Number of features: 16
Number of features: 26
Number of features: 19
Number of features: 2
Trimming excess components in <param_grid>...
Number of features: 9
Trimming excess components in <param_grid>...
Number of features: 3
Trimming excess components in <param_grid>...
Number of features: 23
Number of features: 13
Number of features: 25
Number of features: 9
Trimming excess components in <param_grid>...
Number of features: 7
Trimming excess components in <param_grid>...
Number of features: 6
Trimming excess components in <param_grid>...
Number of features: 22
Number of features: 10
Number of features: 8
Trimming excess components in <param_grid>...
Number of features: 9
Trimming excess components in <param_grid>...
Number of features: 25
Number of features: 17
Number of features: 18
Number of features: 5
Trimming excess components in <param_grid>...
Number of features: 10
Number of features: 12
Number of features: 17
Number of features: 19
Number of features: 11
Number of features: 19
Number of features: 20
Number of features: 10
Number of features: 1
Trimming excess components in <param_grid>...
Number of features: 14
Number of features: 13
Number of features: 15
Number of features: 9
Trimming excess components in <param_grid>...
Number of features: 5
Trimming excess components in <param_grid>...
Number of features: 14
Number of features: 11
Number of features: 13
Number of features: 11
Number of features: 8
Trimming excess components in <param_grid>...
Number of features: 13
Number of features: 3
Trimming excess components in <param_grid>...
Number of features: 27
Number of features: 12
Number of features: 16
Number of features: 13
Number of features: 18
Number of features: 10
Number of features: 27
Number of features: 28
Number of features: 11
Number of features: 27
Number of features: 2
Trimming excess components in <param_grid>...
Number of features: 9
Trimming excess components in <param_grid>...
Number of features: 14
Number of features: 12
Number of features: 3
Trimming excess components in <param_grid>...
Number of features: 6
Trimming excess components in <param_grid>...
Number of features: 25
Number of features: 20
Testing...

GLOBUS TRANSFER task_id: 0299660a-29d3-11eb-8fc0-0a34088e79f9
Waiting for transfer 0299660a-29d3-11eb-8fc0-0a34088e79f9 to complete...
DONE.
GLOBUS DELETE task_id: 1b03f8ea-29d3-11eb-8fc0-0a34088e79f9

Processing scenario ID: 82
Panels type: ref_closest_panel
Crop type: crop_plot
Clip type: {'wl_bands': [[0, 420], [880, 1000]]}
Smooth type: {'window_size': 11, 'order': 2}
Bin type: nan
Segment type: {'method': 'ndi', 'wl1': [770, 800], 'wl2': [650, 680], 'mask_percentile': 50, 'mask_side': 'lower'}

Response variable: nup_kgha
Number of observations: 407

Feature set: reflectance

Skipping past idx_grix 0...
Skipping past idx_grix 1...
Skipping past idx_grix 2...
Skipping past idx_grix 3...
Skipping past idx_grix 4...
Skipping past idx_grix 5...
Skipping past idx_grix 6...
Skipping past idx_grix 7...
Skipping past idx_grix 8...
Skipping past idx_grix 9...
Skipping past idx_grix 10...
Skipping past idx_grix 11...
Skipping past idx_grix 12...
Skipping past idx_grix 13...
Skipping past idx_grix 14...
Skipping past idx_grix 15...
Skipping past idx_grix 16...
Skipping past idx_grix 17...
Skipping past idx_grix 18...
Skipping past idx_grix 19...
Skipping past idx_grix 20...
Skipping past idx_grix 21...
Skipping past idx_grix 22...
Skipping past idx_grix 23...
Skipping past idx_grix 24...
Skipping past idx_grix 25...
Skipping past idx_grix 26...
Skipping past idx_grix 27...
Skipping past idx_grix 28...
Skipping past idx_grix 29...
Skipping past idx_grix 30...
Skipping past idx_grix 31...
Skipping past idx_grix 32...
Skipping past idx_grix 33...
Skipping past idx_grix 34...
Skipping past idx_grix 35...
Skipping past idx_grix 36...
Skipping past idx_grix 37...
Skipping past idx_grix 38...
Skipping past idx_grix 39...
Skipping past idx_grix 40...
Skipping past idx_grix 41...
Skipping past idx_grix 42...
Skipping past idx_grix 43...
Skipping past idx_grix 44...
Skipping past idx_grix 45...
Skipping past idx_grix 46...
Skipping past idx_grix 47...
Skipping past idx_grix 48...
Skipping past idx_grix 49...
Skipping past idx_grix 50...
Skipping past idx_grix 51...
Skipping past idx_grix 52...
Skipping past idx_grix 53...
Skipping past idx_grix 54...
Skipping past idx_grix 55...
Skipping past idx_grix 56...
Skipping past idx_grix 57...
Skipping past idx_grix 58...
Skipping past idx_grix 59...
Skipping past idx_grix 60...
Skipping past idx_grix 61...
Skipping past idx_grix 62...
Skipping past idx_grix 63...
Skipping past idx_grix 64...
Skipping past idx_grix 65...
Skipping past idx_grix 66...
Skipping past idx_grix 67...
Skipping past idx_grix 68...
Skipping past idx_grix 69...
Skipping past idx_grix 70...
Skipping past idx_grix 71...
Skipping past idx_grix 72...
Skipping past idx_grix 73...
Skipping past idx_grix 74...
Skipping past idx_grix 75...
Skipping past idx_grix 76...
Skipping past idx_grix 77...
Skipping past idx_grix 78...
Skipping past idx_grix 79...
Skipping past idx_grix 80...

Processing scenario ID: 81
Panels type: ref_closest_panel
Crop type: crop_plot
Clip type: {'wl_bands': [[0, 420], [880, 1000]]}
Smooth type: {'window_size': 11, 'order': 2}
Bin type: nan
Segment type: nan

Response variable: tissue_n_pct
Number of observations: 408

Feature set: reflectance

Writing mean spectra to a ``pandas.DataFrame``.
Number of input datacubes/spectra: 835
Old "step_pct": 0.05
New "step_pct": 0.5
alpha: 0.05
Features selected: 6
Iterations without progress: 0

alpha: 0.025
Features selected: 5
Iterations without progress: 0

alpha: 0.0125
Features selected: 10
Iterations without progress: 0

alpha: 0.00625
Features selected: 10
Iterations without progress: 1

alpha: 0.003125
Features selected: 16
Iterations without progress: 0

alpha: 0.0015625
Features selected: 21
Iterations without progress: 0

alpha: 0.00078125
Features selected: 24
Iterations without progress: 0

alpha: 0.001484375
Features selected: 42
Iterations without progress: 0

alpha: 0.00141015625
Features selected: 24
Iterations without progress: 0

alpha: 0.0013396484375
Features selected: 25
Iterations without progress: 0

alpha: 0.0012726660156249998
Features selected: 27
Iterations without progress: 0

Old "step_pct": 0.05
New "step_pct": 0.025
alpha: 0.0012408493652343747
Features selected: 29
Iterations without progress: 0

alpha: 0.0012098281311035152
Features selected: 29
Iterations without progress: 1

alpha: 0.0012377472418212889
Features selected: 30
Iterations without progress: 0

Using up to 30 selected features

Hyperparameter tuning...

Number of features: 28
Number of features: 22
Number of features: 5
Trimming excess components in <param_grid>...
Number of features: 3
Trimming excess components in <param_grid>...
Number of features: 23
Number of features: 6
Trimming excess components in <param_grid>...
Number of features: 4
Trimming excess components in <param_grid>...
Number of features: 3
Trimming excess components in <param_grid>...
Number of features: 14
Number of features: 21
Number of features: 15
Number of features: 3
Trimming excess components in <param_grid>...
Number of features: 19
Number of features: 10
Number of features: 5
Trimming excess components in <param_grid>...
Number of features: 14
Number of features: 16
Number of features: 2
Trimming excess components in <param_grid>...
Number of features: 11
Number of features: 8
Trimming excess components in <param_grid>...
Number of features: 23
Number of features: 12
Number of features: 25
Number of features: 16
Number of features: 23
Number of features: 5
Trimming excess components in <param_grid>...
Number of features: 4
Trimming excess components in <param_grid>...
Number of features: 3
Trimming excess components in <param_grid>...
Number of features: 20
Number of features: 24
Number of features: 5
Trimming excess components in <param_grid>...
Number of features: 17
Number of features: 17
Number of features: 10
Number of features: 20
Number of features: 19
Number of features: 11
Number of features: 2
Trimming excess components in <param_grid>...
Number of features: 5
Trimming excess components in <param_grid>...
Number of features: 24
Number of features: 4
Trimming excess components in <param_grid>...
Number of features: 14
Number of features: 26
Number of features: 3
Trimming excess components in <param_grid>...
Number of features: 21
Number of features: 20
Number of features: 6
Trimming excess components in <param_grid>...
Number of features: 19
Number of features: 1
Trimming excess components in <param_grid>...
Number of features: 24
Number of features: 23
Number of features: 11
Number of features: 24
Number of features: 10
Number of features: 22
Number of features: 11
Number of features: 21
Number of features: 4
Trimming excess components in <param_grid>...
Number of features: 3
Trimming excess components in <param_grid>...
Number of features: 14
Number of features: 10
Number of features: 21
Number of features: 7
Trimming excess components in <param_grid>...
Number of features: 18
Number of features: 15
Number of features: 29
Number of features: 2
Trimming excess components in <param_grid>...
Number of features: 4
Trimming excess components in <param_grid>...
Number of features: 24
Number of features: 18
Number of features: 10
Number of features: 19
Number of features: 6
Trimming excess components in <param_grid>...
Number of features: 27
Number of features: 5
Trimming excess components in <param_grid>...
Number of features: 19
Number of features: 11
Number of features: 6
Trimming excess components in <param_grid>...
Number of features: 18
Number of features: 20
Number of features: 20
Number of features: 18
Number of features: 10
Number of features: 3
Trimming excess components in <param_grid>...
Number of features: 19
Number of features: 9
Trimming excess components in <param_grid>...
Number of features: 18
Number of features: 7
Trimming excess components in <param_grid>...
Number of features: 7
Trimming excess components in <param_grid>...
Number of features: 22
Number of features: 17
Number of features: 13
Number of features: 20
Number of features: 18
Number of features: 13
Number of features: 4
Trimming excess components in <param_grid>...
Testing...

GLOBUS TRANSFER task_id: a3447800-29d4-11eb-b165-0ee0d5d9299f
Waiting for transfer a3447800-29d4-11eb-b165-0ee0d5d9299f to complete...
DONE.
GLOBUS DELETE task_id: a9781c4a-29d4-11eb-b165-0ee0d5d9299f

Processing scenario ID: 82
Panels type: ref_closest_panel
Crop type: crop_plot
Clip type: {'wl_bands': [[0, 420], [880, 1000]]}
Smooth type: {'window_size': 11, 'order': 2}
Bin type: nan
Segment type: {'method': 'ndi', 'wl1': [770, 800], 'wl2': [650, 680], 'mask_percentile': 50, 'mask_side': 'lower'}

Response variable: tissue_n_pct
Number of observations: 408

Feature set: reflectance

Skipping past idx_grix 0...
Skipping past idx_grix 1...
Skipping past idx_grix 2...
Skipping past idx_grix 3...
Skipping past idx_grix 4...
Skipping past idx_grix 5...
Skipping past idx_grix 6...
Skipping past idx_grix 7...
Skipping past idx_grix 8...
Skipping past idx_grix 9...
Skipping past idx_grix 10...
Skipping past idx_grix 11...
Skipping past idx_grix 12...
Skipping past idx_grix 13...
Skipping past idx_grix 14...
Skipping past idx_grix 15...
Skipping past idx_grix 16...
Skipping past idx_grix 17...
Skipping past idx_grix 18...
Skipping past idx_grix 19...
Skipping past idx_grix 20...
Skipping past idx_grix 21...
Skipping past idx_grix 22...
Skipping past idx_grix 23...
Skipping past idx_grix 24...
Skipping past idx_grix 25...
Skipping past idx_grix 26...
Skipping past idx_grix 27...
Skipping past idx_grix 28...
Skipping past idx_grix 29...
Skipping past idx_grix 30...
Skipping past idx_grix 31...
Skipping past idx_grix 32...
Skipping past idx_grix 33...
Skipping past idx_grix 34...
Skipping past idx_grix 35...
Skipping past idx_grix 36...
Skipping past idx_grix 37...
Skipping past idx_grix 38...
Skipping past idx_grix 39...
Skipping past idx_grix 40...
Skipping past idx_grix 41...
Skipping past idx_grix 42...
Skipping past idx_grix 43...
Skipping past idx_grix 44...
Skipping past idx_grix 45...
Skipping past idx_grix 46...
Skipping past idx_grix 47...
Skipping past idx_grix 48...
Skipping past idx_grix 49...
Skipping past idx_grix 50...
Skipping past idx_grix 51...
Skipping past idx_grix 52...
Skipping past idx_grix 53...
Skipping past idx_grix 54...
Skipping past idx_grix 55...
Skipping past idx_grix 56...
Skipping past idx_grix 57...
Skipping past idx_grix 58...
Skipping past idx_grix 59...
Skipping past idx_grix 60...
Skipping past idx_grix 61...
Skipping past idx_grix 62...
Skipping past idx_grix 63...
Skipping past idx_grix 64...
Skipping past idx_grix 65...
Skipping past idx_grix 66...
Skipping past idx_grix 67...
Skipping past idx_grix 68...
Skipping past idx_grix 69...
Skipping past idx_grix 70...
Skipping past idx_grix 71...
Skipping past idx_grix 72...
Skipping past idx_grix 73...
Skipping past idx_grix 74...
Skipping past idx_grix 75...
Skipping past idx_grix 76...
Skipping past idx_grix 77...
Skipping past idx_grix 78...
Skipping past idx_grix 79...
Skipping past idx_grix 80...

Processing scenario ID: 81
Panels type: ref_closest_panel
Crop type: crop_plot
Clip type: {'wl_bands': [[0, 420], [880, 1000]]}
Smooth type: {'window_size': 11, 'order': 2}
Bin type: nan
Segment type: nan

Response variable: biomass_kgha
Number of observations: 407

Feature set: derivative_1

Writing mean spectra to a ``pandas.DataFrame``.
Number of input datacubes/spectra: 835
Old "step_pct": 0.05
New "step_pct": 0.5
alpha: 5.0
Features selected: 7
Iterations without progress: 0

alpha: 2.5
Features selected: 9
Iterations without progress: 0

alpha: 1.25
Features selected: 12
Iterations without progress: 0

alpha: 0.625
Features selected: 17
Iterations without progress: 0

Old "step_pct": 0.5
New "step_pct": 0.1
alpha: 0.5625
Features selected: 24
Iterations without progress: 0

alpha: 0.50625
Features selected: 26
Iterations without progress: 0

alpha: 0.455625
Features selected: 27
Iterations without progress: 0

alpha: 0.4100625
Features selected: 28
Iterations without progress: 0

alpha: 0.36905625000000003
Features selected: 29
Iterations without progress: 0

alpha: 0.40596187499999997
Features selected: 32
Iterations without progress: 0

alpha: 0.4096524375
Features selected: 30
Iterations without progress: 0

Using up to 30 selected features

Hyperparameter tuning...

Number of features: 2
Trimming excess components in <param_grid>...
Number of features: 7
Trimming excess components in <param_grid>...
Number of features: 3
Trimming excess components in <param_grid>...
Number of features: 20
Number of features: 11
Number of features: 29
Number of features: 24
Number of features: 1
Trimming excess components in <param_grid>...
Number of features: 21
Number of features: 28
Number of features: 27
Number of features: 5
Trimming excess components in <param_grid>...
Number of features: 6
Trimming excess components in <param_grid>...
Number of features: 27
Number of features: 6
Trimming excess components in <param_grid>...
Number of features: 9
Trimming excess components in <param_grid>...
Number of features: 18
Number of features: 5
Trimming excess components in <param_grid>...
Number of features: 8
Trimming excess components in <param_grid>...
Number of features: 7
Trimming excess components in <param_grid>...
Number of features: 26
Number of features: 12
Number of features: 2
Trimming excess components in <param_grid>...
Number of features: 13
Number of features: 14
Number of features: 13
Number of features: 13
Number of features: 3
Trimming excess components in <param_grid>...
Number of features: 21
Number of features: 17
Number of features: 7
Trimming excess components in <param_grid>...
Number of features: 21
Number of features: 4
Trimming excess components in <param_grid>...
Number of features: 16
Number of features: 8
Trimming excess components in <param_grid>...
Number of features: 25
Number of features: 20
Number of features: 22
Number of features: 19
Number of features: 23
Number of features: 6
Trimming excess components in <param_grid>...
Number of features: 15
Number of features: 24
Number of features: 10
Number of features: 12
Number of features: 14
Testing...

GLOBUS TRANSFER task_id: 07980934-29d5-11eb-b165-0ee0d5d9299f
Waiting for transfer 07980934-29d5-11eb-b165-0ee0d5d9299f to complete...
DONE.
GLOBUS DELETE task_id: 2606999e-29d5-11eb-b165-0ee0d5d9299f

Processing scenario ID: 82
Panels type: ref_closest_panel
Crop type: crop_plot
Clip type: {'wl_bands': [[0, 420], [880, 1000]]}
Smooth type: {'window_size': 11, 'order': 2}
Bin type: nan
Segment type: {'method': 'ndi', 'wl1': [770, 800], 'wl2': [650, 680], 'mask_percentile': 50, 'mask_side': 'lower'}

Response variable: biomass_kgha
Number of observations: 407

Feature set: derivative_1

Skipping past idx_grix 0...
Skipping past idx_grix 1...
Skipping past idx_grix 2...
Skipping past idx_grix 3...
Skipping past idx_grix 4...
Skipping past idx_grix 5...
Skipping past idx_grix 6...
Skipping past idx_grix 7...
Skipping past idx_grix 8...
Skipping past idx_grix 9...
Skipping past idx_grix 10...
Skipping past idx_grix 11...
Skipping past idx_grix 12...
Skipping past idx_grix 13...
Skipping past idx_grix 14...
Skipping past idx_grix 15...
Skipping past idx_grix 16...
Skipping past idx_grix 17...
Skipping past idx_grix 18...
Skipping past idx_grix 19...
Skipping past idx_grix 20...
Skipping past idx_grix 21...
Skipping past idx_grix 22...
Skipping past idx_grix 23...
Skipping past idx_grix 24...
Skipping past idx_grix 25...
Skipping past idx_grix 26...
Skipping past idx_grix 27...
Skipping past idx_grix 28...
Skipping past idx_grix 29...
Skipping past idx_grix 30...
Skipping past idx_grix 31...
Skipping past idx_grix 32...
Skipping past idx_grix 33...
Skipping past idx_grix 34...
Skipping past idx_grix 35...
Skipping past idx_grix 36...
Skipping past idx_grix 37...
Skipping past idx_grix 38...
Skipping past idx_grix 39...
Skipping past idx_grix 40...
Skipping past idx_grix 41...
Skipping past idx_grix 42...
Skipping past idx_grix 43...
Skipping past idx_grix 44...
Skipping past idx_grix 45...
Skipping past idx_grix 46...
Skipping past idx_grix 47...
Skipping past idx_grix 48...
Skipping past idx_grix 49...
Skipping past idx_grix 50...
Skipping past idx_grix 51...
Skipping past idx_grix 52...
Skipping past idx_grix 53...
Skipping past idx_grix 54...
Skipping past idx_grix 55...
Skipping past idx_grix 56...
Skipping past idx_grix 57...
Skipping past idx_grix 58...
Skipping past idx_grix 59...
Skipping past idx_grix 60...
Skipping past idx_grix 61...
Skipping past idx_grix 62...
Skipping past idx_grix 63...
Skipping past idx_grix 64...
Skipping past idx_grix 65...
Skipping past idx_grix 66...
Skipping past idx_grix 67...
Skipping past idx_grix 68...
Skipping past idx_grix 69...
Skipping past idx_grix 70...
Skipping past idx_grix 71...
Skipping past idx_grix 72...
Skipping past idx_grix 73...
Skipping past idx_grix 74...
Skipping past idx_grix 75...
Skipping past idx_grix 76...
Skipping past idx_grix 77...
Skipping past idx_grix 78...
Skipping past idx_grix 79...
Skipping past idx_grix 80...

Processing scenario ID: 81
Panels type: ref_closest_panel
Crop type: crop_plot
Clip type: {'wl_bands': [[0, 420], [880, 1000]]}
Smooth type: {'window_size': 11, 'order': 2}
Bin type: nan
Segment type: nan

Response variable: nup_kgha
Number of observations: 407

Feature set: derivative_1

Writing mean spectra to a ``pandas.DataFrame``.
Number of input datacubes/spectra: 835
Old "step_pct": 0.05
New "step_pct": 0.5
alpha: 0.05
Features selected: 11
Iterations without progress: 0

alpha: 0.025
Features selected: 19
Iterations without progress: 0

alpha: 0.0125
Features selected: 22
Iterations without progress: 0

alpha: 0.00625
Features selected: 25
Iterations without progress: 0

Old "step_pct": 0.5
New "step_pct": 0.1
alpha: 0.005625000000000001
Features selected: 29
Iterations without progress: 0

alpha: 0.0061875
Features selected: 32
Iterations without progress: 0

alpha: 0.006125625
Features selected: 29
Iterations without progress: 0

alpha: 0.00606436875
Features selected: 29
Iterations without progress: 1

alpha: 0.0060037250625
Features selected: 28
Iterations without progress: 0

alpha: 0.005943687811875
Features selected: 29
Iterations without progress: 0

alpha: 0.0059977213374375
Features selected: 31
Iterations without progress: 0

alpha: 0.00600312468999375
Features selected: 30
Iterations without progress: 0

Using up to 30 selected features

Hyperparameter tuning...

Number of features: 1
Trimming excess components in <param_grid>...
Number of features: 22
Number of features: 24
Number of features: 24
Number of features: 9
Trimming excess components in <param_grid>...
Number of features: 24
Number of features: 5
Trimming excess components in <param_grid>...
Number of features: 11
Number of features: 19
Number of features: 18
Number of features: 25
Number of features: 23
Number of features: 8
Trimming excess components in <param_grid>...
Number of features: 11
Number of features: 23
Number of features: 23
Number of features: 22
Number of features: 26
Number of features: 23
Number of features: 10
Number of features: 24
Number of features: 21
Number of features: 23
Number of features: 27
Number of features: 12
Number of features: 29
Number of features: 3
Trimming excess components in <param_grid>...
Number of features: 7
Trimming excess components in <param_grid>...
Number of features: 25
Number of features: 22
Number of features: 25
Number of features: 19
Number of features: 25
Number of features: 24
Number of features: 12
Number of features: 13
Number of features: 29
Number of features: 6
Trimming excess components in <param_grid>...
Number of features: 25
Number of features: 22
Number of features: 4
Trimming excess components in <param_grid>...
Number of features: 28
Number of features: 20
Number of features: 28
Number of features: 28
Number of features: 23
Number of features: 27
Number of features: 21
Number of features: 24
Number of features: 23
Number of features: 28
Number of features: 15
Number of features: 2
Trimming excess components in <param_grid>...
Number of features: 21
Number of features: 7
Trimming excess components in <param_grid>...
Number of features: 26
Number of features: 27
Number of features: 22
Number of features: 11
Number of features: 22
Number of features: 22
Number of features: 21
Number of features: 29
Number of features: 17
Number of features: 22
Number of features: 21
Number of features: 2
Trimming excess components in <param_grid>...
Number of features: 6
Trimming excess components in <param_grid>...
Number of features: 6
Trimming excess components in <param_grid>...
Number of features: 6
Trimming excess components in <param_grid>...
Number of features: 24
Number of features: 7
Trimming excess components in <param_grid>...
Number of features: 14
Number of features: 12
Number of features: 20
Testing...

GLOBUS TRANSFER task_id: 8479994b-29d5-11eb-b165-0ee0d5d9299f
Waiting for transfer 8479994b-29d5-11eb-b165-0ee0d5d9299f to complete...
DONE.
GLOBUS DELETE task_id: a3974a2a-29d5-11eb-b165-0ee0d5d9299f

Processing scenario ID: 82
Panels type: ref_closest_panel
Crop type: crop_plot
Clip type: {'wl_bands': [[0, 420], [880, 1000]]}
Smooth type: {'window_size': 11, 'order': 2}
Bin type: nan
Segment type: {'method': 'ndi', 'wl1': [770, 800], 'wl2': [650, 680], 'mask_percentile': 50, 'mask_side': 'lower'}

Response variable: nup_kgha
Number of observations: 407

Feature set: derivative_1

Skipping past idx_grix 0...
Skipping past idx_grix 1...
Skipping past idx_grix 2...
Skipping past idx_grix 3...
Skipping past idx_grix 4...
Skipping past idx_grix 5...
Skipping past idx_grix 6...
Skipping past idx_grix 7...
Skipping past idx_grix 8...
Skipping past idx_grix 9...
Skipping past idx_grix 10...
Skipping past idx_grix 11...
Skipping past idx_grix 12...
Skipping past idx_grix 13...
Skipping past idx_grix 14...
Skipping past idx_grix 15...
Skipping past idx_grix 16...
Skipping past idx_grix 17...
Skipping past idx_grix 18...
Skipping past idx_grix 19...
Skipping past idx_grix 20...
Skipping past idx_grix 21...
Skipping past idx_grix 22...
Skipping past idx_grix 23...
Skipping past idx_grix 24...
Skipping past idx_grix 25...
Skipping past idx_grix 26...
Skipping past idx_grix 27...
Skipping past idx_grix 28...
Skipping past idx_grix 29...
Skipping past idx_grix 30...
Skipping past idx_grix 31...
Skipping past idx_grix 32...
Skipping past idx_grix 33...
Skipping past idx_grix 34...
Skipping past idx_grix 35...
Skipping past idx_grix 36...
Skipping past idx_grix 37...
Skipping past idx_grix 38...
Skipping past idx_grix 39...
Skipping past idx_grix 40...
Skipping past idx_grix 41...
Skipping past idx_grix 42...
Skipping past idx_grix 43...
Skipping past idx_grix 44...
Skipping past idx_grix 45...
Skipping past idx_grix 46...
Skipping past idx_grix 47...
Skipping past idx_grix 48...
Skipping past idx_grix 49...
Skipping past idx_grix 50...
Skipping past idx_grix 51...
Skipping past idx_grix 52...
Skipping past idx_grix 53...
Skipping past idx_grix 54...
Skipping past idx_grix 55...
Skipping past idx_grix 56...
Skipping past idx_grix 57...
Skipping past idx_grix 58...
Skipping past idx_grix 59...
Skipping past idx_grix 60...
Skipping past idx_grix 61...
Skipping past idx_grix 62...
Skipping past idx_grix 63...
Skipping past idx_grix 64...
Skipping past idx_grix 65...
Skipping past idx_grix 66...
Skipping past idx_grix 67...
Skipping past idx_grix 68...
Skipping past idx_grix 69...
Skipping past idx_grix 70...
Skipping past idx_grix 71...
Skipping past idx_grix 72...
Skipping past idx_grix 73...
Skipping past idx_grix 74...
Skipping past idx_grix 75...
Skipping past idx_grix 76...
Skipping past idx_grix 77...
Skipping past idx_grix 78...
Skipping past idx_grix 79...
Skipping past idx_grix 80...

Processing scenario ID: 81
Panels type: ref_closest_panel
Crop type: crop_plot
Clip type: {'wl_bands': [[0, 420], [880, 1000]]}
Smooth type: {'window_size': 11, 'order': 2}
Bin type: nan
Segment type: nan

Response variable: tissue_n_pct
Number of observations: 408

Feature set: derivative_1

Writing mean spectra to a ``pandas.DataFrame``.
Number of input datacubes/spectra: 835
Old "step_pct": 0.05
New "step_pct": 0.5
alpha: 0.005
Features selected: 3
Iterations without progress: 0

alpha: 0.0025
Features selected: 6
Iterations without progress: 0

alpha: 0.00125
Features selected: 12
Iterations without progress: 0

alpha: 0.000625
Features selected: 18
Iterations without progress: 0

Old "step_pct": 0.5
New "step_pct": 0.1
alpha: 0.0005625000000000001
Features selected: 25
Iterations without progress: 0

Old "step_pct": 0.1
New "step_pct": 0.05
alpha: 0.000534375
Features selected: 28
Iterations without progress: 0

alpha: 0.00050765625
Features selected: 28
Iterations without progress: 1

alpha: 0.00048227343749999995
Features selected: 29
Iterations without progress: 0

alpha: 0.00045815976562499995
Features selected: 29
Iterations without progress: 1

alpha: 0.0004352517773437499
Features selected: 28
Iterations without progress: 0

alpha: 0.0004134891884765624
Features selected: 29
Iterations without progress: 0

alpha: 0.00043307551845703116
Features selected: 30
Iterations without progress: 0

Using up to 30 selected features

Hyperparameter tuning...

Number of features: 26
Number of features: 15
Number of features: 5
Trimming excess components in <param_grid>...
Number of features: 21
Number of features: 29
Number of features: 11
Number of features: 11
Number of features: 20
Number of features: 8
Trimming excess components in <param_grid>...
Number of features: 20
Number of features: 22
Number of features: 22
Number of features: 10
Number of features: 10
Number of features: 19
Number of features: 29
Number of features: 5
Trimming excess components in <param_grid>...
Number of features: 1
Trimming excess components in <param_grid>...
Number of features: 13
Number of features: 28
Number of features: 28
Number of features: 4
Trimming excess components in <param_grid>...
Number of features: 22
Number of features: 5
Trimming excess components in <param_grid>...
Number of features: 11
Number of features: 10
Number of features: 12
Number of features: 17
Number of features: 17
Number of features: 6
Trimming excess components in <param_grid>...
Number of features: 20
Number of features: 7
Trimming excess components in <param_grid>...
Number of features: 12
Number of features: 20
Number of features: 23
Number of features: 24
Number of features: 19
Number of features: 28
Number of features: 6
Trimming excess components in <param_grid>...
Number of features: 18
Number of features: 26
Number of features: 17
Number of features: 25
Number of features: 2
Trimming excess components in <param_grid>...
Number of features: 18
Number of features: 7
Trimming excess components in <param_grid>...
Number of features: 16
Number of features: 17
Number of features: 6
Trimming excess components in <param_grid>...
Number of features: 21
Number of features: 9
Trimming excess components in <param_grid>...
Number of features: 3
Trimming excess components in <param_grid>...
Number of features: 18
Number of features: 11
Number of features: 6
Trimming excess components in <param_grid>...
Number of features: 27
Number of features: 23
Number of features: 27
Number of features: 21
Number of features: 14
Number of features: 21
Testing...

GLOBUS TRANSFER task_id: f2f27428-29d5-11eb-b165-0ee0d5d9299f
Waiting for transfer f2f27428-29d5-11eb-b165-0ee0d5d9299f to complete...
DONE.
GLOBUS DELETE task_id: f92e7bca-29d5-11eb-b165-0ee0d5d9299f

Processing scenario ID: 82
Panels type: ref_closest_panel
Crop type: crop_plot
Clip type: {'wl_bands': [[0, 420], [880, 1000]]}
Smooth type: {'window_size': 11, 'order': 2}
Bin type: nan
Segment type: {'method': 'ndi', 'wl1': [770, 800], 'wl2': [650, 680], 'mask_percentile': 50, 'mask_side': 'lower'}

Response variable: tissue_n_pct
Number of observations: 408

Feature set: derivative_1

Skipping past idx_grix 0...
Skipping past idx_grix 1...
Skipping past idx_grix 2...
Skipping past idx_grix 3...
Skipping past idx_grix 4...
Skipping past idx_grix 5...
Skipping past idx_grix 6...
Skipping past idx_grix 7...
Skipping past idx_grix 8...
Skipping past idx_grix 9...
Skipping past idx_grix 10...
Skipping past idx_grix 11...
Skipping past idx_grix 12...
Skipping past idx_grix 13...
Skipping past idx_grix 14...
Skipping past idx_grix 15...
Skipping past idx_grix 16...
Skipping past idx_grix 17...
Skipping past idx_grix 18...
Skipping past idx_grix 19...
Skipping past idx_grix 20...
Skipping past idx_grix 21...
Skipping past idx_grix 22...
Skipping past idx_grix 23...
Skipping past idx_grix 24...
Skipping past idx_grix 25...
Skipping past idx_grix 26...
Skipping past idx_grix 27...
Skipping past idx_grix 28...
Skipping past idx_grix 29...
Skipping past idx_grix 30...
Skipping past idx_grix 31...
Skipping past idx_grix 32...
Skipping past idx_grix 33...
Skipping past idx_grix 34...
Skipping past idx_grix 35...
Skipping past idx_grix 36...
Skipping past idx_grix 37...
Skipping past idx_grix 38...
Skipping past idx_grix 39...
Skipping past idx_grix 40...
Skipping past idx_grix 41...
Skipping past idx_grix 42...
Skipping past idx_grix 43...
Skipping past idx_grix 44...
Skipping past idx_grix 45...
Skipping past idx_grix 46...
Skipping past idx_grix 47...
Skipping past idx_grix 48...
Skipping past idx_grix 49...
Skipping past idx_grix 50...
Skipping past idx_grix 51...
Skipping past idx_grix 52...
Skipping past idx_grix 53...
Skipping past idx_grix 54...
Skipping past idx_grix 55...
Skipping past idx_grix 56...
Skipping past idx_grix 57...
Skipping past idx_grix 58...
Skipping past idx_grix 59...
Skipping past idx_grix 60...
Skipping past idx_grix 61...
Skipping past idx_grix 62...
Skipping past idx_grix 63...
Skipping past idx_grix 64...
Skipping past idx_grix 65...
Skipping past idx_grix 66...
Skipping past idx_grix 67...
Skipping past idx_grix 68...
Skipping past idx_grix 69...
Skipping past idx_grix 70...
Skipping past idx_grix 71...
Skipping past idx_grix 72...
Skipping past idx_grix 73...
Skipping past idx_grix 74...
Skipping past idx_grix 75...
Skipping past idx_grix 76...
Skipping past idx_grix 77...
Skipping past idx_grix 78...
Skipping past idx_grix 79...
Skipping past idx_grix 80...

Processing scenario ID: 81
Panels type: ref_closest_panel
Crop type: crop_plot
Clip type: {'wl_bands': [[0, 420], [880, 1000]]}
Smooth type: {'window_size': 11, 'order': 2}
Bin type: nan
Segment type: nan

Response variable: biomass_kgha
Number of observations: 407

Feature set: derivative_2

Writing mean spectra to a ``pandas.DataFrame``.
Number of input datacubes/spectra: 835
Old "step_pct": 0.05
New "step_pct": 0.5
alpha: 5.0
Features selected: 3
Iterations without progress: 0

alpha: 2.5
Features selected: 9
Iterations without progress: 0

alpha: 1.25
Features selected: 13
Iterations without progress: 0

alpha: 0.625
Features selected: 19
Iterations without progress: 0

Old "step_pct": 0.5
New "step_pct": 0.1
alpha: 0.5625
Features selected: 25
Iterations without progress: 0

alpha: 0.50625
Features selected: 25
Iterations without progress: 1

alpha: 0.455625
Features selected: 25
Iterations without progress: 2

alpha: 0.4100625
Features selected: 24
Iterations without progress: 0

alpha: 0.36905625000000003
Features selected: 26
Iterations without progress: 0

Old "step_pct": 0.1
New "step_pct": 0.05
alpha: 0.3506034375
Features selected: 29
Iterations without progress: 0

alpha: 0.36721096875000003
Features selected: 30
Iterations without progress: 0

Using up to 30 selected features

Hyperparameter tuning...

Number of features: 19
Number of features: 15
Number of features: 22
Number of features: 16
Number of features: 18
Number of features: 22
Number of features: 13
Number of features: 1
Trimming excess components in <param_grid>...
Number of features: 8
Trimming excess components in <param_grid>...
Number of features: 25
Number of features: 13
Number of features: 28
Number of features: 26
Number of features: 7
Trimming excess components in <param_grid>...
Number of features: 25
Number of features: 25
Number of features: 23
Number of features: 24
Number of features: 21
Number of features: 14
Number of features: 24
Number of features: 2
Trimming excess components in <param_grid>...
Number of features: 24
Number of features: 25
Number of features: 9
Trimming excess components in <param_grid>...
Number of features: 25
Number of features: 26
Number of features: 17
Number of features: 4
Trimming excess components in <param_grid>...
Number of features: 27
Number of features: 5
Trimming excess components in <param_grid>...
Number of features: 11
Number of features: 24
Number of features: 29
Number of features: 3
Trimming excess components in <param_grid>...
Number of features: 12
Number of features: 20
Number of features: 10
Number of features: 21
Testing...

GLOBUS TRANSFER task_id: 5f637e18-29d6-11eb-b53b-02d9497ca481
Waiting for transfer 5f637e18-29d6-11eb-b53b-02d9497ca481 to complete...
DONE.
GLOBUS DELETE task_id: 7dc426d2-29d6-11eb-b53b-02d9497ca481

Processing scenario ID: 82
Panels type: ref_closest_panel
Crop type: crop_plot
Clip type: {'wl_bands': [[0, 420], [880, 1000]]}
Smooth type: {'window_size': 11, 'order': 2}
Bin type: nan
Segment type: {'method': 'ndi', 'wl1': [770, 800], 'wl2': [650, 680], 'mask_percentile': 50, 'mask_side': 'lower'}

Response variable: biomass_kgha
Number of observations: 407

Feature set: derivative_2

Skipping past idx_grix 0...
Skipping past idx_grix 1...
Skipping past idx_grix 2...
Skipping past idx_grix 3...
Skipping past idx_grix 4...
Skipping past idx_grix 5...
Skipping past idx_grix 6...
Skipping past idx_grix 7...
Skipping past idx_grix 8...
Skipping past idx_grix 9...
Skipping past idx_grix 10...
Skipping past idx_grix 11...
Skipping past idx_grix 12...
Skipping past idx_grix 13...
Skipping past idx_grix 14...
Skipping past idx_grix 15...
Skipping past idx_grix 16...
Skipping past idx_grix 17...
Skipping past idx_grix 18...
Skipping past idx_grix 19...
Skipping past idx_grix 20...
Skipping past idx_grix 21...
Skipping past idx_grix 22...
Skipping past idx_grix 23...
Skipping past idx_grix 24...
Skipping past idx_grix 25...
Skipping past idx_grix 26...
Skipping past idx_grix 27...
Skipping past idx_grix 28...
Skipping past idx_grix 29...
Skipping past idx_grix 30...
Skipping past idx_grix 31...
Skipping past idx_grix 32...
Skipping past idx_grix 33...
Skipping past idx_grix 34...
Skipping past idx_grix 35...
Skipping past idx_grix 36...
Skipping past idx_grix 37...
Skipping past idx_grix 38...
Skipping past idx_grix 39...
Skipping past idx_grix 40...
Skipping past idx_grix 41...
Skipping past idx_grix 42...
Skipping past idx_grix 43...
Skipping past idx_grix 44...
Skipping past idx_grix 45...
Skipping past idx_grix 46...
Skipping past idx_grix 47...
Skipping past idx_grix 48...
Skipping past idx_grix 49...
Skipping past idx_grix 50...
Skipping past idx_grix 51...
Skipping past idx_grix 52...
Skipping past idx_grix 53...
Skipping past idx_grix 54...
Skipping past idx_grix 55...
Skipping past idx_grix 56...
Skipping past idx_grix 57...
Skipping past idx_grix 58...
Skipping past idx_grix 59...
Skipping past idx_grix 60...
Skipping past idx_grix 61...
Skipping past idx_grix 62...
Skipping past idx_grix 63...
Skipping past idx_grix 64...
Skipping past idx_grix 65...
Skipping past idx_grix 66...
Skipping past idx_grix 67...
Skipping past idx_grix 68...
Skipping past idx_grix 69...
Skipping past idx_grix 70...
Skipping past idx_grix 71...
Skipping past idx_grix 72...
Skipping past idx_grix 73...
Skipping past idx_grix 74...
Skipping past idx_grix 75...
Skipping past idx_grix 76...
Skipping past idx_grix 77...
Skipping past idx_grix 78...
Skipping past idx_grix 79...
Skipping past idx_grix 80...

Processing scenario ID: 81
Panels type: ref_closest_panel
Crop type: crop_plot
Clip type: {'wl_bands': [[0, 420], [880, 1000]]}
Smooth type: {'window_size': 11, 'order': 2}
Bin type: nan
Segment type: nan

Response variable: nup_kgha
Number of observations: 407

Feature set: derivative_2

Writing mean spectra to a ``pandas.DataFrame``.
Number of input datacubes/spectra: 835
Old "step_pct": 0.05
New "step_pct": 0.5
alpha: 0.05
Features selected: 10
Iterations without progress: 0

alpha: 0.025
Features selected: 15
Iterations without progress: 0

alpha: 0.0125
Features selected: 19
Iterations without progress: 0

Old "step_pct": 0.5
New "step_pct": 0.1
alpha: 0.011250000000000001
Features selected: 24
Iterations without progress: 0

alpha: 0.010125000000000002
Features selected: 24
Iterations without progress: 1

alpha: 0.009112500000000003
Features selected: 23
Iterations without progress: 0

alpha: 0.008201250000000002
Features selected: 26
Iterations without progress: 0

Old "step_pct": 0.1
New "step_pct": 0.05
alpha: 0.007791187500000001
Features selected: 28
Iterations without progress: 0

alpha: 0.007401628125000001
Features selected: 28
Iterations without progress: 1

alpha: 0.007031546718750001
Features selected: 28
Iterations without progress: 2

alpha: 0.0066799693828125005
Features selected: 28
Iterations without progress: 3

alpha: 0.006996388985156251
Features selected: 30
Iterations without progress: 0

Using up to 30 selected features

Hyperparameter tuning...

Number of features: 14
Number of features: 13
Number of features: 2
Trimming excess components in <param_grid>...
Number of features: 23
Number of features: 28
Number of features: 23
Number of features: 25
Number of features: 11
Number of features: 12
Number of features: 24
Number of features: 3
Trimming excess components in <param_grid>...
Number of features: 19
Number of features: 20
Number of features: 30
Number of features: 15
Number of features: 22
Number of features: 21
Number of features: 1
Trimming excess components in <param_grid>...
Number of features: 18
Number of features: 24
Number of features: 27
Number of features: 29
Number of features: 4
Trimming excess components in <param_grid>...
Number of features: 5
Trimming excess components in <param_grid>...
Number of features: 28
Number of features: 17
Number of features: 29
Number of features: 24
Number of features: 9
Trimming excess components in <param_grid>...
Number of features: 11
Number of features: 12
Number of features: 8
Trimming excess components in <param_grid>...
Number of features: 28
Number of features: 7
Trimming excess components in <param_grid>...
Number of features: 10
Number of features: 6
Trimming excess components in <param_grid>...
Number of features: 16
Number of features: 24
Number of features: 23
Number of features: 29
Number of features: 26
Number of features: 23
Testing...

GLOBUS TRANSFER task_id: d518cf1e-29d6-11eb-b53b-02d9497ca481
Waiting for transfer d518cf1e-29d6-11eb-b53b-02d9497ca481 to complete...
DONE.
GLOBUS DELETE task_id: ed7fd160-29d6-11eb-b53b-02d9497ca481

Processing scenario ID: 82
Panels type: ref_closest_panel
Crop type: crop_plot
Clip type: {'wl_bands': [[0, 420], [880, 1000]]}
Smooth type: {'window_size': 11, 'order': 2}
Bin type: nan
Segment type: {'method': 'ndi', 'wl1': [770, 800], 'wl2': [650, 680], 'mask_percentile': 50, 'mask_side': 'lower'}

Response variable: nup_kgha
Number of observations: 407

Feature set: derivative_2

Skipping past idx_grix 0...
Skipping past idx_grix 1...
Skipping past idx_grix 2...
Skipping past idx_grix 3...
Skipping past idx_grix 4...
Skipping past idx_grix 5...
Skipping past idx_grix 6...
Skipping past idx_grix 7...
Skipping past idx_grix 8...
Skipping past idx_grix 9...
Skipping past idx_grix 10...
Skipping past idx_grix 11...
Skipping past idx_grix 12...
Skipping past idx_grix 13...
Skipping past idx_grix 14...
Skipping past idx_grix 15...
Skipping past idx_grix 16...
Skipping past idx_grix 17...
Skipping past idx_grix 18...
Skipping past idx_grix 19...
Skipping past idx_grix 20...
Skipping past idx_grix 21...
Skipping past idx_grix 22...
Skipping past idx_grix 23...
Skipping past idx_grix 24...
Skipping past idx_grix 25...
Skipping past idx_grix 26...
Skipping past idx_grix 27...
Skipping past idx_grix 28...
Skipping past idx_grix 29...
Skipping past idx_grix 30...
Skipping past idx_grix 31...
Skipping past idx_grix 32...
Skipping past idx_grix 33...
Skipping past idx_grix 34...
Skipping past idx_grix 35...
Skipping past idx_grix 36...
Skipping past idx_grix 37...
Skipping past idx_grix 38...
Skipping past idx_grix 39...
Skipping past idx_grix 40...
Skipping past idx_grix 41...
Skipping past idx_grix 42...
Skipping past idx_grix 43...
Skipping past idx_grix 44...
Skipping past idx_grix 45...
Skipping past idx_grix 46...
Skipping past idx_grix 47...
Skipping past idx_grix 48...
Skipping past idx_grix 49...
Skipping past idx_grix 50...
Skipping past idx_grix 51...
Skipping past idx_grix 52...
Skipping past idx_grix 53...
Skipping past idx_grix 54...
Skipping past idx_grix 55...
Skipping past idx_grix 56...
Skipping past idx_grix 57...
Skipping past idx_grix 58...
Skipping past idx_grix 59...
Skipping past idx_grix 60...
Skipping past idx_grix 61...
Skipping past idx_grix 62...
Skipping past idx_grix 63...
Skipping past idx_grix 64...
Skipping past idx_grix 65...
Skipping past idx_grix 66...
Skipping past idx_grix 67...
Skipping past idx_grix 68...
Skipping past idx_grix 69...
Skipping past idx_grix 70...
Skipping past idx_grix 71...
Skipping past idx_grix 72...
Skipping past idx_grix 73...
Skipping past idx_grix 74...
Skipping past idx_grix 75...
Skipping past idx_grix 76...
Skipping past idx_grix 77...
Skipping past idx_grix 78...
Skipping past idx_grix 79...
Skipping past idx_grix 80...

Processing scenario ID: 81
Panels type: ref_closest_panel
Crop type: crop_plot
Clip type: {'wl_bands': [[0, 420], [880, 1000]]}
Smooth type: {'window_size': 11, 'order': 2}
Bin type: nan
Segment type: nan

Response variable: tissue_n_pct
Number of observations: 408

Feature set: derivative_2

Writing mean spectra to a ``pandas.DataFrame``.
Number of input datacubes/spectra: 835
Old "step_pct": 0.05
New "step_pct": 0.5
alpha: 0.005
Features selected: 0
Iterations without progress: 0

alpha: 0.0025
Features selected: 2
Iterations without progress: 0

alpha: 0.00125
Features selected: 7
Iterations without progress: 0

alpha: 0.000625
Features selected: 10
Iterations without progress: 0

Old "step_pct": 0.5
New "step_pct": 0.1
alpha: 0.0005625000000000001
Features selected: 21
Iterations without progress: 0

alpha: 0.0005062500000000001
Features selected: 21
Iterations without progress: 1

alpha: 0.0004556250000000001
Features selected: 22
Iterations without progress: 0

alpha: 0.0004100625000000001
Features selected: 23
Iterations without progress: 0

alpha: 0.0003690562500000001
Features selected: 25
Iterations without progress: 0

alpha: 0.00033215062500000013
Features selected: 27
Iterations without progress: 0

alpha: 0.00029893556250000015
Features selected: 27
Iterations without progress: 1

alpha: 0.00026904200625000013
Features selected: 28
Iterations without progress: 0

alpha: 0.00029594620687500015
Features selected: 32
Iterations without progress: 0

alpha: 0.00029863662693750014
Features selected: 30
Iterations without progress: 0

Using up to 30 selected features

Hyperparameter tuning...

Number of features: 25
Number of features: 11
Number of features: 26
Number of features: 27
Number of features: 14
Number of features: 4
Trimming excess components in <param_grid>...
Number of features: 24
Number of features: 0
Trimming excess components in <param_grid>...
Number of features: 12
Number of features: 24
Number of features: 25
Number of features: 13
Number of features: 12
Number of features: 25
Number of features: 28
Number of features: 17
Number of features: 15
Number of features: 24
Number of features: 20
Number of features: 18
Number of features: 1
Trimming excess components in <param_grid>...
Number of features: 18
Number of features: 20
Number of features: 10
Number of features: 5
Trimming excess components in <param_grid>...
Number of features: 16
Number of features: 23
Number of features: 26
Number of features: 26
Number of features: 17
Number of features: 25
Number of features: 10
Number of features: 17
Number of features: 9
Trimming excess components in <param_grid>...
Number of features: 20
Number of features: 23
Number of features: 4
Trimming excess components in <param_grid>...
Number of features: 7
Trimming excess components in <param_grid>...
Number of features: 13
Number of features: 18
Number of features: 21
Number of features: 21
Number of features: 17
Number of features: 9
Trimming excess components in <param_grid>...
Number of features: 3
Trimming excess components in <param_grid>...
Number of features: 2
Trimming excess components in <param_grid>...
Number of features: 6
Trimming excess components in <param_grid>...
Number of features: 28
Number of features: 3
Trimming excess components in <param_grid>...
Number of features: 27
Number of features: 19
Number of features: 21
Number of features: 12
Testing...

GLOBUS TRANSFER task_id: 32c56b4a-29d7-11eb-8fc0-0a34088e79f9
Waiting for transfer 32c56b4a-29d7-11eb-8fc0-0a34088e79f9 to complete...
Transfer 32c56b4a-29d7-11eb-8fc0-0a34088e79f9 has not yet finished; transfer submitted 1 minute(s) ago
DONE.
GLOBUS DELETE task_id: 6f6ca9c8-29d7-11eb-8fc0-0a34088e79f9

Processing scenario ID: 82
Panels type: ref_closest_panel
Crop type: crop_plot
Clip type: {'wl_bands': [[0, 420], [880, 1000]]}
Smooth type: {'window_size': 11, 'order': 2}
Bin type: nan
Segment type: {'method': 'ndi', 'wl1': [770, 800], 'wl2': [650, 680], 'mask_percentile': 50, 'mask_side': 'lower'}

Response variable: tissue_n_pct
Number of observations: 408

Feature set: derivative_2


Processing scenario ID: 81
Panels type: ref_closest_panel
Crop type: crop_plot
Clip type: {'wl_bands': [[0, 420], [880, 1000]]}
Smooth type: {'window_size': 11, 'order': 2}
Bin type: nan
Segment type: nan
GLOBUS TRANSFER task_id: 723555ce-29d7-11eb-8fc0-0a34088e79f9
Waiting for transfer 723555ce-29d7-11eb-8fc0-0a34088e79f9 to complete...
Transfer 723555ce-29d7-11eb-8fc0-0a34088e79f9 has not yet finished; transfer submitted 1 minute(s) ago
Transfer 723555ce-29d7-11eb-8fc0-0a34088e79f9 has not yet finished; transfer submitted 2 minute(s) ago
Transfer 723555ce-29d7-11eb-8fc0-0a34088e79f9 has not yet finished; transfer submitted 3 minute(s) ago
DONE.
GLOBUS DELETE task_id: f1992c3c-29d7-11eb-8fc0-0a34088e79f9

Processing scenario ID: 82
Panels type: ref_closest_panel
Crop type: crop_plot
Clip type: {'wl_bands': [[0, 420], [880, 1000]]}
Smooth type: {'window_size': 11, 'order': 2}
Bin type: nan
Segment type: {'method': 'ndi', 'wl1': [770, 800], 'wl2': [650, 680], 'mask_percentile': 50, 'mask_side': 'lower'}
GLOBUS TRANSFER task_id: f3f569c8-29d7-11eb-b53b-02d9497ca481
Waiting for transfer f3f569c8-29d7-11eb-b53b-02d9497ca481 to complete...
Transfer f3f569c8-29d7-11eb-b53b-02d9497ca481 has not yet finished; transfer submitted 1 minute(s) ago
Transfer f3f569c8-29d7-11eb-b53b-02d9497ca481 has not yet finished; transfer submitted 2 minute(s) ago
Transfer f3f569c8-29d7-11eb-b53b-02d9497ca481 has not yet finished; transfer submitted 3 minute(s) ago
Transfer f3f569c8-29d7-11eb-b53b-02d9497ca481 has not yet finished; transfer submitted 4 minute(s) ago
Transfer f3f569c8-29d7-11eb-b53b-02d9497ca481 has not yet finished; transfer submitted 5 minute(s) ago
Transfer f3f569c8-29d7-11eb-b53b-02d9497ca481 has not yet finished; transfer submitted 6 minute(s) ago
Transfer f3f569c8-29d7-11eb-b53b-02d9497ca481 has not yet finished; transfer submitted 7 minute(s) ago
Transfer f3f569c8-29d7-11eb-b53b-02d9497ca481 has not yet finished; transfer submitted 8 minute(s) ago
Transfer f3f569c8-29d7-11eb-b53b-02d9497ca481 has not yet finished; transfer submitted 9 minute(s) ago
Transfer f3f569c8-29d7-11eb-b53b-02d9497ca481 has not yet finished; transfer submitted 10 minute(s) ago
Transfer f3f569c8-29d7-11eb-b53b-02d9497ca481 has not yet finished; transfer submitted 11 minute(s) ago
Transfer f3f569c8-29d7-11eb-b53b-02d9497ca481 has not yet finished; transfer submitted 12 minute(s) ago
Transfer f3f569c8-29d7-11eb-b53b-02d9497ca481 has not yet finished; transfer submitted 13 minute(s) ago
Transfer f3f569c8-29d7-11eb-b53b-02d9497ca481 has not yet finished; transfer submitted 14 minute(s) ago
Transfer f3f569c8-29d7-11eb-b53b-02d9497ca481 has not yet finished; transfer submitted 15 minute(s) ago
Transfer f3f569c8-29d7-11eb-b53b-02d9497ca481 has not yet finished; transfer submitted 16 minute(s) ago
Transfer f3f569c8-29d7-11eb-b53b-02d9497ca481 has not yet finished; transfer submitted 17 minute(s) ago
Transfer f3f569c8-29d7-11eb-b53b-02d9497ca481 has not yet finished; transfer submitted 18 minute(s) ago
Transfer f3f569c8-29d7-11eb-b53b-02d9497ca481 has not yet finished; transfer submitted 19 minute(s) ago
Transfer f3f569c8-29d7-11eb-b53b-02d9497ca481 has not yet finished; transfer submitted 20 minute(s) ago
Transfer f3f569c8-29d7-11eb-b53b-02d9497ca481 has not yet finished; transfer submitted 21 minute(s) ago
Transfer f3f569c8-29d7-11eb-b53b-02d9497ca481 has not yet finished; transfer submitted 22 minute(s) ago
Transfer f3f569c8-29d7-11eb-b53b-02d9497ca481 has not yet finished; transfer submitted 23 minute(s) ago
Transfer f3f569c8-29d7-11eb-b53b-02d9497ca481 has not yet finished; transfer submitted 24 minute(s) ago
Transfer f3f569c8-29d7-11eb-b53b-02d9497ca481 has not yet finished; transfer submitted 25 minute(s) ago
Transfer f3f569c8-29d7-11eb-b53b-02d9497ca481 has not yet finished; transfer submitted 26 minute(s) ago
Transfer f3f569c8-29d7-11eb-b53b-02d9497ca481 has not yet finished; transfer submitted 27 minute(s) ago
Transfer f3f569c8-29d7-11eb-b53b-02d9497ca481 has not yet finished; transfer submitted 28 minute(s) ago
Transfer f3f569c8-29d7-11eb-b53b-02d9497ca481 has not yet finished; transfer submitted 29 minute(s) ago
Transfer f3f569c8-29d7-11eb-b53b-02d9497ca481 has not yet finished; transfer submitted 30 minute(s) ago
Transfer f3f569c8-29d7-11eb-b53b-02d9497ca481 has not yet finished; transfer submitted 31 minute(s) ago
Transfer f3f569c8-29d7-11eb-b53b-02d9497ca481 has not yet finished; transfer submitted 32 minute(s) ago
Transfer f3f569c8-29d7-11eb-b53b-02d9497ca481 has not yet finished; transfer submitted 33 minute(s) ago
Transfer f3f569c8-29d7-11eb-b53b-02d9497ca481 has not yet finished; transfer submitted 34 minute(s) ago
Transfer f3f569c8-29d7-11eb-b53b-02d9497ca481 has not yet finished; transfer submitted 35 minute(s) ago
Transfer f3f569c8-29d7-11eb-b53b-02d9497ca481 has not yet finished; transfer submitted 36 minute(s) ago
Transfer f3f569c8-29d7-11eb-b53b-02d9497ca481 has not yet finished; transfer submitted 37 minute(s) ago
Transfer f3f569c8-29d7-11eb-b53b-02d9497ca481 has not yet finished; transfer submitted 38 minute(s) ago
Transfer f3f569c8-29d7-11eb-b53b-02d9497ca481 has not yet finished; transfer submitted 39 minute(s) ago
Transfer f3f569c8-29d7-11eb-b53b-02d9497ca481 has not yet finished; transfer submitted 40 minute(s) ago
Transfer f3f569c8-29d7-11eb-b53b-02d9497ca481 has not yet finished; transfer submitted 41 minute(s) ago
Transfer f3f569c8-29d7-11eb-b53b-02d9497ca481 has not yet finished; transfer submitted 42 minute(s) ago
Transfer f3f569c8-29d7-11eb-b53b-02d9497ca481 has not yet finished; transfer submitted 43 minute(s) ago
Transfer f3f569c8-29d7-11eb-b53b-02d9497ca481 has not yet finished; transfer submitted 44 minute(s) ago
Transfer f3f569c8-29d7-11eb-b53b-02d9497ca481 has not yet finished; transfer submitted 45 minute(s) ago
Transfer f3f569c8-29d7-11eb-b53b-02d9497ca481 has not yet finished; transfer submitted 46 minute(s) ago
Transfer f3f569c8-29d7-11eb-b53b-02d9497ca481 has not yet finished; transfer submitted 47 minute(s) ago
Transfer f3f569c8-29d7-11eb-b53b-02d9497ca481 has not yet finished; transfer submitted 48 minute(s) ago
Transfer f3f569c8-29d7-11eb-b53b-02d9497ca481 has not yet finished; transfer submitted 49 minute(s) ago
Transfer f3f569c8-29d7-11eb-b53b-02d9497ca481 has not yet finished; transfer submitted 50 minute(s) ago
Transfer f3f569c8-29d7-11eb-b53b-02d9497ca481 has not yet finished; transfer submitted 51 minute(s) ago
Transfer f3f569c8-29d7-11eb-b53b-02d9497ca481 has not yet finished; transfer submitted 52 minute(s) ago
Transfer f3f569c8-29d7-11eb-b53b-02d9497ca481 has not yet finished; transfer submitted 53 minute(s) ago
Transfer f3f569c8-29d7-11eb-b53b-02d9497ca481 has not yet finished; transfer submitted 54 minute(s) ago
Transfer f3f569c8-29d7-11eb-b53b-02d9497ca481 has not yet finished; transfer submitted 55 minute(s) ago
Transfer f3f569c8-29d7-11eb-b53b-02d9497ca481 has not yet finished; transfer submitted 56 minute(s) ago
Transfer f3f569c8-29d7-11eb-b53b-02d9497ca481 has not yet finished; transfer submitted 57 minute(s) ago
Transfer f3f569c8-29d7-11eb-b53b-02d9497ca481 has not yet finished; transfer submitted 58 minute(s) ago
Transfer f3f569c8-29d7-11eb-b53b-02d9497ca481 has not yet finished; transfer submitted 59 minute(s) ago
Transfer f3f569c8-29d7-11eb-b53b-02d9497ca481 has not yet finished; transfer submitted 60 minute(s) ago
DONE.
GLOBUS DELETE task_id: 93020aac-29e0-11eb-b165-0ee0d5d9299f

Processing scenario ID: 83
Panels type: ref_closest_panel
Crop type: crop_plot
Clip type: {'wl_bands': [[0, 420], [880, 1000]]}
Smooth type: {'window_size': 11, 'order': 2}
Bin type: nan
Segment type: {'method': 'ndi', 'wl1': [770, 800], 'wl2': [650, 680], 'mask_percentile': 50, 'mask_side': 'upper'}
GLOBUS TRANSFER task_id: 95dfc5f0-29e0-11eb-b53b-02d9497ca481
Waiting for transfer 95dfc5f0-29e0-11eb-b53b-02d9497ca481 to complete...
Transfer 95dfc5f0-29e0-11eb-b53b-02d9497ca481 has not yet finished; transfer submitted 1 minute(s) ago
Transfer 95dfc5f0-29e0-11eb-b53b-02d9497ca481 has not yet finished; transfer submitted 2 minute(s) ago
Transfer 95dfc5f0-29e0-11eb-b53b-02d9497ca481 has not yet finished; transfer submitted 3 minute(s) ago
Transfer 95dfc5f0-29e0-11eb-b53b-02d9497ca481 has not yet finished; transfer submitted 4 minute(s) ago
Transfer 95dfc5f0-29e0-11eb-b53b-02d9497ca481 has not yet finished; transfer submitted 5 minute(s) ago
Transfer 95dfc5f0-29e0-11eb-b53b-02d9497ca481 has not yet finished; transfer submitted 6 minute(s) ago
Transfer 95dfc5f0-29e0-11eb-b53b-02d9497ca481 has not yet finished; transfer submitted 7 minute(s) ago
Transfer 95dfc5f0-29e0-11eb-b53b-02d9497ca481 has not yet finished; transfer submitted 8 minute(s) ago
Transfer 95dfc5f0-29e0-11eb-b53b-02d9497ca481 has not yet finished; transfer submitted 9 minute(s) ago
Transfer 95dfc5f0-29e0-11eb-b53b-02d9497ca481 has not yet finished; transfer submitted 10 minute(s) ago
Transfer 95dfc5f0-29e0-11eb-b53b-02d9497ca481 has not yet finished; transfer submitted 11 minute(s) ago
Transfer 95dfc5f0-29e0-11eb-b53b-02d9497ca481 has not yet finished; transfer submitted 12 minute(s) ago
Transfer 95dfc5f0-29e0-11eb-b53b-02d9497ca481 has not yet finished; transfer submitted 13 minute(s) ago
Transfer 95dfc5f0-29e0-11eb-b53b-02d9497ca481 has not yet finished; transfer submitted 14 minute(s) ago
Transfer 95dfc5f0-29e0-11eb-b53b-02d9497ca481 has not yet finished; transfer submitted 15 minute(s) ago
Transfer 95dfc5f0-29e0-11eb-b53b-02d9497ca481 has not yet finished; transfer submitted 16 minute(s) ago
Transfer 95dfc5f0-29e0-11eb-b53b-02d9497ca481 has not yet finished; transfer submitted 17 minute(s) ago
Transfer 95dfc5f0-29e0-11eb-b53b-02d9497ca481 has not yet finished; transfer submitted 18 minute(s) ago
Transfer 95dfc5f0-29e0-11eb-b53b-02d9497ca481 has not yet finished; transfer submitted 19 minute(s) ago
Transfer 95dfc5f0-29e0-11eb-b53b-02d9497ca481 has not yet finished; transfer submitted 20 minute(s) ago
Transfer 95dfc5f0-29e0-11eb-b53b-02d9497ca481 has not yet finished; transfer submitted 21 minute(s) ago
Transfer 95dfc5f0-29e0-11eb-b53b-02d9497ca481 has not yet finished; transfer submitted 22 minute(s) ago
Transfer 95dfc5f0-29e0-11eb-b53b-02d9497ca481 has not yet finished; transfer submitted 23 minute(s) ago
Transfer 95dfc5f0-29e0-11eb-b53b-02d9497ca481 has not yet finished; transfer submitted 24 minute(s) ago
Transfer 95dfc5f0-29e0-11eb-b53b-02d9497ca481 has not yet finished; transfer submitted 25 minute(s) ago
Transfer 95dfc5f0-29e0-11eb-b53b-02d9497ca481 has not yet finished; transfer submitted 26 minute(s) ago
Transfer 95dfc5f0-29e0-11eb-b53b-02d9497ca481 has not yet finished; transfer submitted 27 minute(s) ago
Transfer 95dfc5f0-29e0-11eb-b53b-02d9497ca481 has not yet finished; transfer submitted 28 minute(s) ago
Transfer 95dfc5f0-29e0-11eb-b53b-02d9497ca481 has not yet finished; transfer submitted 29 minute(s) ago
Transfer 95dfc5f0-29e0-11eb-b53b-02d9497ca481 has not yet finished; transfer submitted 30 minute(s) ago
Transfer 95dfc5f0-29e0-11eb-b53b-02d9497ca481 has not yet finished; transfer submitted 31 minute(s) ago
Transfer 95dfc5f0-29e0-11eb-b53b-02d9497ca481 has not yet finished; transfer submitted 32 minute(s) ago
Transfer 95dfc5f0-29e0-11eb-b53b-02d9497ca481 has not yet finished; transfer submitted 33 minute(s) ago
Transfer 95dfc5f0-29e0-11eb-b53b-02d9497ca481 has not yet finished; transfer submitted 34 minute(s) ago
Transfer 95dfc5f0-29e0-11eb-b53b-02d9497ca481 has not yet finished; transfer submitted 35 minute(s) ago
Transfer 95dfc5f0-29e0-11eb-b53b-02d9497ca481 has not yet finished; transfer submitted 36 minute(s) ago
Transfer 95dfc5f0-29e0-11eb-b53b-02d9497ca481 has not yet finished; transfer submitted 37 minute(s) ago
Transfer 95dfc5f0-29e0-11eb-b53b-02d9497ca481 has not yet finished; transfer submitted 38 minute(s) ago
Transfer 95dfc5f0-29e0-11eb-b53b-02d9497ca481 has not yet finished; transfer submitted 39 minute(s) ago
DONE.
GLOBUS DELETE task_id: 35bb0ba2-29e6-11eb-b165-0ee0d5d9299f
