/home/yangc1/nigo0024/anaconda3/envs/sip_run_2/lib/python3.8/site-packages/sklearn/linear_model/_coordinate_descent.py:529: ConvergenceWarning: Objective did not converge. You might want to increase the number of iterations. Duality gap: 5487352.12156922, tolerance: 29878.114385653145
  model = cd_fast.enet_coordinate_descent(
/home/yangc1/nigo0024/anaconda3/envs/sip_run_2/lib/python3.8/site-packages/sklearn/linear_model/_coordinate_descent.py:529: ConvergenceWarning: Objective did not converge. You might want to increase the number of iterations. Duality gap: 5536384.809372797, tolerance: 29878.114385653145
  model = cd_fast.enet_coordinate_descent(
/home/yangc1/nigo0024/anaconda3/envs/sip_run_2/lib/python3.8/site-packages/sklearn/linear_model/_coordinate_descent.py:529: ConvergenceWarning: Objective did not converge. You might want to increase the number of iterations. Duality gap: 5926021.54481841, tolerance: 29878.114385653145
  model = cd_fast.enet_coordinate_descent(
/home/yangc1/nigo0024/anaconda3/envs/sip_run_2/lib/python3.8/site-packages/sklearn/linear_model/_coordinate_descent.py:529: ConvergenceWarning: Objective did not converge. You might want to increase the number of iterations. Duality gap: 5108745.387033317, tolerance: 29878.114385653145
  model = cd_fast.enet_coordinate_descent(
/home/yangc1/nigo0024/anaconda3/envs/sip_run_2/lib/python3.8/site-packages/sklearn/linear_model/_coordinate_descent.py:529: ConvergenceWarning: Objective did not converge. You might want to increase the number of iterations. Duality gap: 645511.1580383684, tolerance: 29878.114385653145
  model = cd_fast.enet_coordinate_descent(
/home/yangc1/nigo0024/anaconda3/envs/sip_run_2/lib/python3.8/site-packages/sklearn/linear_model/_coordinate_descent.py:529: ConvergenceWarning: Objective did not converge. You might want to increase the number of iterations. Duality gap: 645511.1580383684, tolerance: 29878.114385653145
  model = cd_fast.enet_coordinate_descent(
/home/yangc1/nigo0024/anaconda3/envs/sip_run_2/lib/python3.8/site-packages/sklearn/linear_model/_coordinate_descent.py:529: ConvergenceWarning: Objective did not converge. You might want to increase the number of iterations. Duality gap: 645511.1580383684, tolerance: 29878.114385653145
  model = cd_fast.enet_coordinate_descent(
Traceback (most recent call last):
  File "sip/tune_train.py", line 205, in <module>
    df_spec, meta_bands, bands = load_spec_data(dir_data, row, feat)
  File "/panfs/roc/groups/5/yangc1/public/hs_process/sip/sip_functions.py", line 1495, in load_spec_data
    df_spec = hsbatch.spectra_to_df(
  File "/home/yangc1/nigo0024/anaconda3/envs/sip_run_2/lib/python3.8/site-packages/hs_process/batch.py", line 2853, in spectra_to_df
    fname_list = self._recurs_dir(base_dir, search_ext, dir_level)
  File "/home/yangc1/nigo0024/anaconda3/envs/sip_run_2/lib/python3.8/site-packages/hs_process/batch.py", line 1516, in _recurs_dir
    d_str = os.listdir(base_dir)
FileNotFoundError: [Errno 2] No such file or directory: '/panfs/roc/groups/5/yangc1/public/hs_process/data/ref_closest_panel/crop_plot/clip_ends/smooth_none/bin_none/seg_ndi_50_upper/reflectance'
/home/yangc1/nigo0024/anaconda3/envs/sip_run_2/lib/python3.8/site-packages/sklearn/linear_model/_coordinate_descent.py:529: ConvergenceWarning: Objective did not converge. You might want to increase the number of iterations. Duality gap: 6098.456867659692, tolerance: 17.538496504468622
  model = cd_fast.enet_coordinate_descent(
/home/yangc1/nigo0024/anaconda3/envs/sip_run_2/lib/python3.8/site-packages/sklearn/linear_model/_coordinate_descent.py:529: ConvergenceWarning: Objective did not converge. You might want to increase the number of iterations. Duality gap: 7058.424069783354, tolerance: 17.538496504468622
  model = cd_fast.enet_coordinate_descent(
/home/yangc1/nigo0024/anaconda3/envs/sip_run_2/lib/python3.8/site-packages/sklearn/linear_model/_coordinate_descent.py:529: ConvergenceWarning: Objective did not converge. You might want to increase the number of iterations. Duality gap: 4151.873036192429, tolerance: 17.538496504468622
  model = cd_fast.enet_coordinate_descent(
Traceback (most recent call last):
  File "sip/tune_train.py", line 205, in <module>
    df_spec, meta_bands, bands = load_spec_data(dir_data, row, feat)
  File "/panfs/roc/groups/5/yangc1/public/hs_process/sip/sip_functions.py", line 1495, in load_spec_data
    df_spec = hsbatch.spectra_to_df(
  File "/home/yangc1/nigo0024/anaconda3/envs/sip_run_2/lib/python3.8/site-packages/hs_process/batch.py", line 2853, in spectra_to_df
    fname_list = self._recurs_dir(base_dir, search_ext, dir_level)
  File "/home/yangc1/nigo0024/anaconda3/envs/sip_run_2/lib/python3.8/site-packages/hs_process/batch.py", line 1516, in _recurs_dir
    d_str = os.listdir(base_dir)
FileNotFoundError: [Errno 2] No such file or directory: '/panfs/roc/groups/5/yangc1/public/hs_process/data/ref_closest_panel/crop_plot/clip_ends/smooth_none/bin_none/seg_ndi_50_upper/reflectance'
/home/yangc1/nigo0024/anaconda3/envs/sip_run_2/lib/python3.8/site-packages/sklearn/linear_model/_coordinate_descent.py:529: ConvergenceWarning: Objective did not converge. You might want to increase the number of iterations. Duality gap: 7.2403597748331165, tolerance: 0.011853163025327513
  model = cd_fast.enet_coordinate_descent(
/home/yangc1/nigo0024/anaconda3/envs/sip_run_2/lib/python3.8/site-packages/sklearn/linear_model/_coordinate_descent.py:529: ConvergenceWarning: Objective did not converge. You might want to increase the number of iterations. Duality gap: 0.17034823230051543, tolerance: 0.011853163025327513
  model = cd_fast.enet_coordinate_descent(
Traceback (most recent call last):
  File "sip/tune_train.py", line 205, in <module>
    df_spec, meta_bands, bands = load_spec_data(dir_data, row, feat)
  File "/panfs/roc/groups/5/yangc1/public/hs_process/sip/sip_functions.py", line 1495, in load_spec_data
    df_spec = hsbatch.spectra_to_df(
  File "/home/yangc1/nigo0024/anaconda3/envs/sip_run_2/lib/python3.8/site-packages/hs_process/batch.py", line 2853, in spectra_to_df
    fname_list = self._recurs_dir(base_dir, search_ext, dir_level)
  File "/home/yangc1/nigo0024/anaconda3/envs/sip_run_2/lib/python3.8/site-packages/hs_process/batch.py", line 1516, in _recurs_dir
    d_str = os.listdir(base_dir)
FileNotFoundError: [Errno 2] No such file or directory: '/panfs/roc/groups/5/yangc1/public/hs_process/data/ref_closest_panel/crop_plot/clip_ends/smooth_none/bin_none/seg_ndi_50_upper/reflectance'
/home/yangc1/nigo0024/anaconda3/envs/sip_run_2/lib/python3.8/site-packages/sklearn/linear_model/_coordinate_descent.py:529: ConvergenceWarning: Objective did not converge. You might want to increase the number of iterations. Duality gap: 1012437.8376368773, tolerance: 29878.114385653145
  model = cd_fast.enet_coordinate_descent(
/home/yangc1/nigo0024/anaconda3/envs/sip_run_2/lib/python3.8/site-packages/sklearn/linear_model/_coordinate_descent.py:529: ConvergenceWarning: Objective did not converge. You might want to increase the number of iterations. Duality gap: 2030921.8482463066, tolerance: 29878.114385653145
  model = cd_fast.enet_coordinate_descent(
/home/yangc1/nigo0024/anaconda3/envs/sip_run_2/lib/python3.8/site-packages/sklearn/linear_model/_coordinate_descent.py:529: ConvergenceWarning: Objective did not converge. You might want to increase the number of iterations. Duality gap: 193857.82812557835, tolerance: 29878.114385653145
  model = cd_fast.enet_coordinate_descent(
Traceback (most recent call last):
  File "sip/tune_train.py", line 205, in <module>
    df_spec, meta_bands, bands = load_spec_data(dir_data, row, feat)
  File "/panfs/roc/groups/5/yangc1/public/hs_process/sip/sip_functions.py", line 1495, in load_spec_data
    df_spec = hsbatch.spectra_to_df(
  File "/home/yangc1/nigo0024/anaconda3/envs/sip_run_2/lib/python3.8/site-packages/hs_process/batch.py", line 2853, in spectra_to_df
    fname_list = self._recurs_dir(base_dir, search_ext, dir_level)
  File "/home/yangc1/nigo0024/anaconda3/envs/sip_run_2/lib/python3.8/site-packages/hs_process/batch.py", line 1516, in _recurs_dir
    d_str = os.listdir(base_dir)
FileNotFoundError: [Errno 2] No such file or directory: '/panfs/roc/groups/5/yangc1/public/hs_process/data/ref_closest_panel/crop_plot/clip_ends/smooth_none/bin_none/seg_ndi_50_upper/derivative_1'
/home/yangc1/nigo0024/anaconda3/envs/sip_run_2/lib/python3.8/site-packages/sklearn/linear_model/_coordinate_descent.py:529: ConvergenceWarning: Objective did not converge. You might want to increase the number of iterations. Duality gap: 592.1103610833429, tolerance: 17.538496504468622
  model = cd_fast.enet_coordinate_descent(
/home/yangc1/nigo0024/anaconda3/envs/sip_run_2/lib/python3.8/site-packages/sklearn/feature_selection/_base.py:79: UserWarning: No features were selected: either the data is too noisy or the selection test too strict.
  warn("No features were selected: either the data is"
/home/yangc1/nigo0024/anaconda3/envs/sip_run_2/lib/python3.8/site-packages/sklearn/feature_selection/_base.py:79: UserWarning: No features were selected: either the data is too noisy or the selection test too strict.
  warn("No features were selected: either the data is"
/home/yangc1/nigo0024/anaconda3/envs/sip_run_2/lib/python3.8/site-packages/sklearn/feature_selection/_base.py:79: UserWarning: No features were selected: either the data is too noisy or the selection test too strict.
  warn("No features were selected: either the data is"
/home/yangc1/nigo0024/anaconda3/envs/sip_run_2/lib/python3.8/site-packages/sklearn/feature_selection/_base.py:79: UserWarning: No features were selected: either the data is too noisy or the selection test too strict.
  warn("No features were selected: either the data is"
/home/yangc1/nigo0024/anaconda3/envs/sip_run_2/lib/python3.8/site-packages/sklearn/feature_selection/_base.py:79: UserWarning: No features were selected: either the data is too noisy or the selection test too strict.
  warn("No features were selected: either the data is"
/home/yangc1/nigo0024/anaconda3/envs/sip_run_2/lib/python3.8/site-packages/sklearn/feature_selection/_base.py:79: UserWarning: No features were selected: either the data is too noisy or the selection test too strict.
  warn("No features were selected: either the data is"
Traceback (most recent call last):
  File "sip/tune_train.py", line 205, in <module>
    df_spec, meta_bands, bands = load_spec_data(dir_data, row, feat)
  File "/panfs/roc/groups/5/yangc1/public/hs_process/sip/sip_functions.py", line 1495, in load_spec_data
    df_spec = hsbatch.spectra_to_df(
  File "/home/yangc1/nigo0024/anaconda3/envs/sip_run_2/lib/python3.8/site-packages/hs_process/batch.py", line 2853, in spectra_to_df
    fname_list = self._recurs_dir(base_dir, search_ext, dir_level)
  File "/home/yangc1/nigo0024/anaconda3/envs/sip_run_2/lib/python3.8/site-packages/hs_process/batch.py", line 1516, in _recurs_dir
    d_str = os.listdir(base_dir)
FileNotFoundError: [Errno 2] No such file or directory: '/panfs/roc/groups/5/yangc1/public/hs_process/data/ref_closest_panel/crop_plot/clip_ends/smooth_none/bin_none/seg_ndi_50_upper/derivative_1'
Traceback (most recent call last):
  File "sip/tune_train.py", line 205, in <module>
    df_spec, meta_bands, bands = load_spec_data(dir_data, row, feat)
  File "/panfs/roc/groups/5/yangc1/public/hs_process/sip/sip_functions.py", line 1495, in load_spec_data
    df_spec = hsbatch.spectra_to_df(
  File "/home/yangc1/nigo0024/anaconda3/envs/sip_run_2/lib/python3.8/site-packages/hs_process/batch.py", line 2853, in spectra_to_df
    fname_list = self._recurs_dir(base_dir, search_ext, dir_level)
  File "/home/yangc1/nigo0024/anaconda3/envs/sip_run_2/lib/python3.8/site-packages/hs_process/batch.py", line 1516, in _recurs_dir
    d_str = os.listdir(base_dir)
FileNotFoundError: [Errno 2] No such file or directory: '/panfs/roc/groups/5/yangc1/public/hs_process/data/ref_closest_panel/crop_plot/clip_ends/smooth_none/bin_none/seg_ndi_50_upper/derivative_1'
/home/yangc1/nigo0024/anaconda3/envs/sip_run_2/lib/python3.8/site-packages/sklearn/linear_model/_coordinate_descent.py:529: ConvergenceWarning: Objective did not converge. You might want to increase the number of iterations. Duality gap: 1131627.8221432494, tolerance: 29878.114385653145
  model = cd_fast.enet_coordinate_descent(
/home/yangc1/nigo0024/anaconda3/envs/sip_run_2/lib/python3.8/site-packages/sklearn/linear_model/_coordinate_descent.py:529: ConvergenceWarning: Objective did not converge. You might want to increase the number of iterations. Duality gap: 1676893.2065618436, tolerance: 29878.114385653145
  model = cd_fast.enet_coordinate_descent(
Traceback (most recent call last):
  File "sip/tune_train.py", line 205, in <module>
    df_spec, meta_bands, bands = load_spec_data(dir_data, row, feat)
  File "/panfs/roc/groups/5/yangc1/public/hs_process/sip/sip_functions.py", line 1495, in load_spec_data
    df_spec = hsbatch.spectra_to_df(
  File "/home/yangc1/nigo0024/anaconda3/envs/sip_run_2/lib/python3.8/site-packages/hs_process/batch.py", line 2853, in spectra_to_df
    fname_list = self._recurs_dir(base_dir, search_ext, dir_level)
  File "/home/yangc1/nigo0024/anaconda3/envs/sip_run_2/lib/python3.8/site-packages/hs_process/batch.py", line 1516, in _recurs_dir
    d_str = os.listdir(base_dir)
FileNotFoundError: [Errno 2] No such file or directory: '/panfs/roc/groups/5/yangc1/public/hs_process/data/ref_closest_panel/crop_plot/clip_ends/smooth_none/bin_none/seg_ndi_50_upper/derivative_2'
/home/yangc1/nigo0024/anaconda3/envs/sip_run_2/lib/python3.8/site-packages/sklearn/linear_model/_coordinate_descent.py:529: ConvergenceWarning: Objective did not converge. You might want to increase the number of iterations. Duality gap: 3439.541823543837, tolerance: 17.538496504468622
  model = cd_fast.enet_coordinate_descent(
/home/yangc1/nigo0024/anaconda3/envs/sip_run_2/lib/python3.8/site-packages/sklearn/feature_selection/_base.py:79: UserWarning: No features were selected: either the data is too noisy or the selection test too strict.
  warn("No features were selected: either the data is"
/home/yangc1/nigo0024/anaconda3/envs/sip_run_2/lib/python3.8/site-packages/sklearn/feature_selection/_base.py:79: UserWarning: No features were selected: either the data is too noisy or the selection test too strict.
  warn("No features were selected: either the data is"
/home/yangc1/nigo0024/anaconda3/envs/sip_run_2/lib/python3.8/site-packages/sklearn/feature_selection/_base.py:79: UserWarning: No features were selected: either the data is too noisy or the selection test too strict.
  warn("No features were selected: either the data is"
/home/yangc1/nigo0024/anaconda3/envs/sip_run_2/lib/python3.8/site-packages/sklearn/feature_selection/_base.py:79: UserWarning: No features were selected: either the data is too noisy or the selection test too strict.
  warn("No features were selected: either the data is"
Traceback (most recent call last):
  File "sip/tune_train.py", line 205, in <module>
    df_spec, meta_bands, bands = load_spec_data(dir_data, row, feat)
  File "/panfs/roc/groups/5/yangc1/public/hs_process/sip/sip_functions.py", line 1495, in load_spec_data
    df_spec = hsbatch.spectra_to_df(
  File "/home/yangc1/nigo0024/anaconda3/envs/sip_run_2/lib/python3.8/site-packages/hs_process/batch.py", line 2853, in spectra_to_df
    fname_list = self._recurs_dir(base_dir, search_ext, dir_level)
  File "/home/yangc1/nigo0024/anaconda3/envs/sip_run_2/lib/python3.8/site-packages/hs_process/batch.py", line 1516, in _recurs_dir
    d_str = os.listdir(base_dir)
FileNotFoundError: [Errno 2] No such file or directory: '/panfs/roc/groups/5/yangc1/public/hs_process/data/ref_closest_panel/crop_plot/clip_ends/smooth_none/bin_none/seg_ndi_50_upper/derivative_2'
/home/yangc1/nigo0024/anaconda3/envs/sip_run_2/lib/python3.8/site-packages/sklearn/feature_selection/_base.py:79: UserWarning: No features were selected: either the data is too noisy or the selection test too strict.
  warn("No features were selected: either the data is"
/home/yangc1/nigo0024/anaconda3/envs/sip_run_2/lib/python3.8/site-packages/sklearn/feature_selection/_base.py:79: UserWarning: No features were selected: either the data is too noisy or the selection test too strict.
  warn("No features were selected: either the data is"
/home/yangc1/nigo0024/anaconda3/envs/sip_run_2/lib/python3.8/site-packages/sklearn/feature_selection/_base.py:79: UserWarning: No features were selected: either the data is too noisy or the selection test too strict.
  warn("No features were selected: either the data is"
/home/yangc1/nigo0024/anaconda3/envs/sip_run_2/lib/python3.8/site-packages/sklearn/feature_selection/_base.py:79: UserWarning: No features were selected: either the data is too noisy or the selection test too strict.
  warn("No features were selected: either the data is"
/home/yangc1/nigo0024/anaconda3/envs/sip_run_2/lib/python3.8/site-packages/sklearn/feature_selection/_base.py:79: UserWarning: No features were selected: either the data is too noisy or the selection test too strict.
  warn("No features were selected: either the data is"
/home/yangc1/nigo0024/anaconda3/envs/sip_run_2/lib/python3.8/site-packages/sklearn/feature_selection/_base.py:79: UserWarning: No features were selected: either the data is too noisy or the selection test too strict.
  warn("No features were selected: either the data is"
/home/yangc1/nigo0024/anaconda3/envs/sip_run_2/lib/python3.8/site-packages/sklearn/feature_selection/_base.py:79: UserWarning: No features were selected: either the data is too noisy or the selection test too strict.
  warn("No features were selected: either the data is"
/home/yangc1/nigo0024/anaconda3/envs/sip_run_2/lib/python3.8/site-packages/sklearn/feature_selection/_base.py:79: UserWarning: No features were selected: either the data is too noisy or the selection test too strict.
  warn("No features were selected: either the data is"
/home/yangc1/nigo0024/anaconda3/envs/sip_run_2/lib/python3.8/site-packages/sklearn/feature_selection/_base.py:79: UserWarning: No features were selected: either the data is too noisy or the selection test too strict.
  warn("No features were selected: either the data is"
/home/yangc1/nigo0024/anaconda3/envs/sip_run_2/lib/python3.8/site-packages/sklearn/feature_selection/_base.py:79: UserWarning: No features were selected: either the data is too noisy or the selection test too strict.
  warn("No features were selected: either the data is"
/home/yangc1/nigo0024/anaconda3/envs/sip_run_2/lib/python3.8/site-packages/sklearn/feature_selection/_base.py:79: UserWarning: No features were selected: either the data is too noisy or the selection test too strict.
  warn("No features were selected: either the data is"
/home/yangc1/nigo0024/anaconda3/envs/sip_run_2/lib/python3.8/site-packages/sklearn/feature_selection/_base.py:79: UserWarning: No features were selected: either the data is too noisy or the selection test too strict.
  warn("No features were selected: either the data is"
/home/yangc1/nigo0024/anaconda3/envs/sip_run_2/lib/python3.8/site-packages/sklearn/feature_selection/_base.py:79: UserWarning: No features were selected: either the data is too noisy or the selection test too strict.
  warn("No features were selected: either the data is"
/home/yangc1/nigo0024/anaconda3/envs/sip_run_2/lib/python3.8/site-packages/sklearn/feature_selection/_base.py:79: UserWarning: No features were selected: either the data is too noisy or the selection test too strict.
  warn("No features were selected: either the data is"
Traceback (most recent call last):
  File "sip/tune_train.py", line 205, in <module>
    df_spec, meta_bands, bands = load_spec_data(dir_data, row, feat)
  File "/panfs/roc/groups/5/yangc1/public/hs_process/sip/sip_functions.py", line 1495, in load_spec_data
    df_spec = hsbatch.spectra_to_df(
  File "/home/yangc1/nigo0024/anaconda3/envs/sip_run_2/lib/python3.8/site-packages/hs_process/batch.py", line 2853, in spectra_to_df
    fname_list = self._recurs_dir(base_dir, search_ext, dir_level)
  File "/home/yangc1/nigo0024/anaconda3/envs/sip_run_2/lib/python3.8/site-packages/hs_process/batch.py", line 1516, in _recurs_dir
    d_str = os.listdir(base_dir)
FileNotFoundError: [Errno 2] No such file or directory: '/panfs/roc/groups/5/yangc1/public/hs_process/data/ref_closest_panel/crop_plot/clip_ends/smooth_none/bin_none/seg_ndi_50_upper/derivative_2'
