Skipping past idx_grix 0...
Skipping past idx_grix 1...
Skipping past idx_grix 2...
Skipping past idx_grix 3...
Skipping past idx_grix 4...
Skipping past idx_grix 5...
Skipping past idx_grix 6...
Skipping past idx_grix 7...
Skipping past idx_grix 8...
Skipping past idx_grix 9...
Skipping past idx_grix 10...
Skipping past idx_grix 11...
Skipping past idx_grix 12...
Skipping past idx_grix 13...
Skipping past idx_grix 14...
Skipping past idx_grix 15...
Skipping past idx_grix 16...
Skipping past idx_grix 17...
Skipping past idx_grix 18...
Skipping past idx_grix 19...
Skipping past idx_grix 20...
Skipping past idx_grix 21...
Skipping past idx_grix 22...
Skipping past idx_grix 23...
Skipping past idx_grix 24...
Skipping past idx_grix 25...
Skipping past idx_grix 26...
Skipping past idx_grix 27...
Skipping past idx_grix 28...
Skipping past idx_grix 29...
Skipping past idx_grix 30...
Skipping past idx_grix 31...
Skipping past idx_grix 32...
Skipping past idx_grix 33...
Skipping past idx_grix 34...
Skipping past idx_grix 35...
Skipping past idx_grix 36...
Skipping past idx_grix 37...
Skipping past idx_grix 38...
Skipping past idx_grix 39...
Skipping past idx_grix 40...
Skipping past idx_grix 41...
Skipping past idx_grix 42...
Skipping past idx_grix 43...
Skipping past idx_grix 44...
Skipping past idx_grix 45...
Skipping past idx_grix 46...
Skipping past idx_grix 47...
Skipping past idx_grix 48...
Skipping past idx_grix 49...
Skipping past idx_grix 50...
Skipping past idx_grix 51...
Skipping past idx_grix 52...
Skipping past idx_grix 53...
Skipping past idx_grix 54...
Skipping past idx_grix 55...
Skipping past idx_grix 56...
Skipping past idx_grix 57...
Skipping past idx_grix 58...
Skipping past idx_grix 59...
Skipping past idx_grix 60...
Skipping past idx_grix 61...
Skipping past idx_grix 62...
Skipping past idx_grix 63...
Skipping past idx_grix 64...
Skipping past idx_grix 65...
Skipping past idx_grix 66...
Skipping past idx_grix 67...
Skipping past idx_grix 68...
Skipping past idx_grix 69...
Skipping past idx_grix 70...
Skipping past idx_grix 71...
Skipping past idx_grix 72...
Skipping past idx_grix 73...
Skipping past idx_grix 74...
Skipping past idx_grix 75...
Skipping past idx_grix 76...
Skipping past idx_grix 77...
Skipping past idx_grix 78...
Skipping past idx_grix 79...
Skipping past idx_grix 80...
Skipping past idx_grix 81...
Skipping past idx_grix 82...
Skipping past idx_grix 83...
Skipping past idx_grix 84...
Skipping past idx_grix 85...
Skipping past idx_grix 86...
Skipping past idx_grix 87...
Skipping past idx_grix 88...
Skipping past idx_grix 89...

Processing scenario ID: 90
Panels type: ref_closest_panel
Crop type: crop_plot
Clip type: {'wl_bands': [[0, 420], [880, 1000]]}
Smooth type: {'window_size': 11, 'order': 2}
Bin type: {'method': 'spectral_mimic', 'sensor': 'sentinel-2a'}
Segment type: nan

Response variable: biomass_kgha
Number of observations: 407

Feature set: reflectance

Writing mean spectra to a ``pandas.DataFrame``.
Number of input datacubes/spectra: 835
Using up to 9 selected features

Hyperparameter tuning...

Number of features: 1
Trimming excess components in <param_grid>...
Number of features: 3
Trimming excess components in <param_grid>...
Number of features: 2
Trimming excess components in <param_grid>...
Number of features: 3
Trimming excess components in <param_grid>...
Number of features: 4
Trimming excess components in <param_grid>...
Number of features: 2
Trimming excess components in <param_grid>...
Number of features: 6
Trimming excess components in <param_grid>...
Number of features: 9
Trimming excess components in <param_grid>...
Number of features: 5
Trimming excess components in <param_grid>...
Number of features: 7
Trimming excess components in <param_grid>...
Number of features: 8
Trimming excess components in <param_grid>...
Testing...

GLOBUS TRANSFER task_id: ed1d5244-29cf-11eb-b53b-02d9497ca481
Waiting for transfer ed1d5244-29cf-11eb-b53b-02d9497ca481 to complete...
DONE.
GLOBUS DELETE task_id: 058ac8d4-29d0-11eb-b53b-02d9497ca481

Processing scenario ID: 91
Panels type: ref_closest_panel
Crop type: crop_plot
Clip type: {'wl_bands': [[0, 420], [880, 1000]]}
Smooth type: {'window_size': 11, 'order': 2}
Bin type: {'method': 'spectral_mimic', 'sensor': 'sentinel-2a'}
Segment type: {'method': 'ndi', 'wl1': [770, 800], 'wl2': [650, 680], 'mask_percentile': 50, 'mask_side': 'lower'}

Response variable: biomass_kgha
Number of observations: 407

Feature set: reflectance

Skipping past idx_grix 0...
Skipping past idx_grix 1...
Skipping past idx_grix 2...
Skipping past idx_grix 3...
Skipping past idx_grix 4...
Skipping past idx_grix 5...
Skipping past idx_grix 6...
Skipping past idx_grix 7...
Skipping past idx_grix 8...
Skipping past idx_grix 9...
Skipping past idx_grix 10...
Skipping past idx_grix 11...
Skipping past idx_grix 12...
Skipping past idx_grix 13...
Skipping past idx_grix 14...
Skipping past idx_grix 15...
Skipping past idx_grix 16...
Skipping past idx_grix 17...
Skipping past idx_grix 18...
Skipping past idx_grix 19...
Skipping past idx_grix 20...
Skipping past idx_grix 21...
Skipping past idx_grix 22...
Skipping past idx_grix 23...
Skipping past idx_grix 24...
Skipping past idx_grix 25...
Skipping past idx_grix 26...
Skipping past idx_grix 27...
Skipping past idx_grix 28...
Skipping past idx_grix 29...
Skipping past idx_grix 30...
Skipping past idx_grix 31...
Skipping past idx_grix 32...
Skipping past idx_grix 33...
Skipping past idx_grix 34...
Skipping past idx_grix 35...
Skipping past idx_grix 36...
Skipping past idx_grix 37...
Skipping past idx_grix 38...
Skipping past idx_grix 39...
Skipping past idx_grix 40...
Skipping past idx_grix 41...
Skipping past idx_grix 42...
Skipping past idx_grix 43...
Skipping past idx_grix 44...
Skipping past idx_grix 45...
Skipping past idx_grix 46...
Skipping past idx_grix 47...
Skipping past idx_grix 48...
Skipping past idx_grix 49...
Skipping past idx_grix 50...
Skipping past idx_grix 51...
Skipping past idx_grix 52...
Skipping past idx_grix 53...
Skipping past idx_grix 54...
Skipping past idx_grix 55...
Skipping past idx_grix 56...
Skipping past idx_grix 57...
Skipping past idx_grix 58...
Skipping past idx_grix 59...
Skipping past idx_grix 60...
Skipping past idx_grix 61...
Skipping past idx_grix 62...
Skipping past idx_grix 63...
Skipping past idx_grix 64...
Skipping past idx_grix 65...
Skipping past idx_grix 66...
Skipping past idx_grix 67...
Skipping past idx_grix 68...
Skipping past idx_grix 69...
Skipping past idx_grix 70...
Skipping past idx_grix 71...
Skipping past idx_grix 72...
Skipping past idx_grix 73...
Skipping past idx_grix 74...
Skipping past idx_grix 75...
Skipping past idx_grix 76...
Skipping past idx_grix 77...
Skipping past idx_grix 78...
Skipping past idx_grix 79...
Skipping past idx_grix 80...
Skipping past idx_grix 81...
Skipping past idx_grix 82...
Skipping past idx_grix 83...
Skipping past idx_grix 84...
Skipping past idx_grix 85...
Skipping past idx_grix 86...
Skipping past idx_grix 87...
Skipping past idx_grix 88...
Skipping past idx_grix 89...

Processing scenario ID: 90
Panels type: ref_closest_panel
Crop type: crop_plot
Clip type: {'wl_bands': [[0, 420], [880, 1000]]}
Smooth type: {'window_size': 11, 'order': 2}
Bin type: {'method': 'spectral_mimic', 'sensor': 'sentinel-2a'}
Segment type: nan

Response variable: nup_kgha
Number of observations: 407

Feature set: reflectance

Writing mean spectra to a ``pandas.DataFrame``.
Number of input datacubes/spectra: 835
Using up to 9 selected features

Hyperparameter tuning...

Number of features: 1
Trimming excess components in <param_grid>...
Number of features: 2
Trimming excess components in <param_grid>...
Number of features: 2
Trimming excess components in <param_grid>...
Number of features: 4
Trimming excess components in <param_grid>...
Number of features: 5
Trimming excess components in <param_grid>...
Number of features: 3
Trimming excess components in <param_grid>...
Number of features: 5
Trimming excess components in <param_grid>...
Number of features: 6
Trimming excess components in <param_grid>...
Number of features: 9
Trimming excess components in <param_grid>...
Number of features: 7
Trimming excess components in <param_grid>...
Number of features: 4
Trimming excess components in <param_grid>...
Number of features: 3
Trimming excess components in <param_grid>...
Number of features: 8
Trimming excess components in <param_grid>...
Number of features: 8
Trimming excess components in <param_grid>...
Number of features: 7
Trimming excess components in <param_grid>...
Number of features: 6
Trimming excess components in <param_grid>...
Number of features: 5
Trimming excess components in <param_grid>...
Testing...

GLOBUS TRANSFER task_id: 1eab4564-29d0-11eb-b165-0ee0d5d9299f
Waiting for transfer 1eab4564-29d0-11eb-b165-0ee0d5d9299f to complete...
DONE.
GLOBUS DELETE task_id: 24e38374-29d0-11eb-b165-0ee0d5d9299f

Processing scenario ID: 91
Panels type: ref_closest_panel
Crop type: crop_plot
Clip type: {'wl_bands': [[0, 420], [880, 1000]]}
Smooth type: {'window_size': 11, 'order': 2}
Bin type: {'method': 'spectral_mimic', 'sensor': 'sentinel-2a'}
Segment type: {'method': 'ndi', 'wl1': [770, 800], 'wl2': [650, 680], 'mask_percentile': 50, 'mask_side': 'lower'}

Response variable: nup_kgha
Number of observations: 407

Feature set: reflectance

Skipping past idx_grix 0...
Skipping past idx_grix 1...
Skipping past idx_grix 2...
Skipping past idx_grix 3...
Skipping past idx_grix 4...
Skipping past idx_grix 5...
Skipping past idx_grix 6...
Skipping past idx_grix 7...
Skipping past idx_grix 8...
Skipping past idx_grix 9...
Skipping past idx_grix 10...
Skipping past idx_grix 11...
Skipping past idx_grix 12...
Skipping past idx_grix 13...
Skipping past idx_grix 14...
Skipping past idx_grix 15...
Skipping past idx_grix 16...
Skipping past idx_grix 17...
Skipping past idx_grix 18...
Skipping past idx_grix 19...
Skipping past idx_grix 20...
Skipping past idx_grix 21...
Skipping past idx_grix 22...
Skipping past idx_grix 23...
Skipping past idx_grix 24...
Skipping past idx_grix 25...
Skipping past idx_grix 26...
Skipping past idx_grix 27...
Skipping past idx_grix 28...
Skipping past idx_grix 29...
Skipping past idx_grix 30...
Skipping past idx_grix 31...
Skipping past idx_grix 32...
Skipping past idx_grix 33...
Skipping past idx_grix 34...
Skipping past idx_grix 35...
Skipping past idx_grix 36...
Skipping past idx_grix 37...
Skipping past idx_grix 38...
Skipping past idx_grix 39...
Skipping past idx_grix 40...
Skipping past idx_grix 41...
Skipping past idx_grix 42...
Skipping past idx_grix 43...
Skipping past idx_grix 44...
Skipping past idx_grix 45...
Skipping past idx_grix 46...
Skipping past idx_grix 47...
Skipping past idx_grix 48...
Skipping past idx_grix 49...
Skipping past idx_grix 50...
Skipping past idx_grix 51...
Skipping past idx_grix 52...
Skipping past idx_grix 53...
Skipping past idx_grix 54...
Skipping past idx_grix 55...
Skipping past idx_grix 56...
Skipping past idx_grix 57...
Skipping past idx_grix 58...
Skipping past idx_grix 59...
Skipping past idx_grix 60...
Skipping past idx_grix 61...
Skipping past idx_grix 62...
Skipping past idx_grix 63...
Skipping past idx_grix 64...
Skipping past idx_grix 65...
Skipping past idx_grix 66...
Skipping past idx_grix 67...
Skipping past idx_grix 68...
Skipping past idx_grix 69...
Skipping past idx_grix 70...
Skipping past idx_grix 71...
Skipping past idx_grix 72...
Skipping past idx_grix 73...
Skipping past idx_grix 74...
Skipping past idx_grix 75...
Skipping past idx_grix 76...
Skipping past idx_grix 77...
Skipping past idx_grix 78...
Skipping past idx_grix 79...
Skipping past idx_grix 80...
Skipping past idx_grix 81...
Skipping past idx_grix 82...
Skipping past idx_grix 83...
Skipping past idx_grix 84...
Skipping past idx_grix 85...
Skipping past idx_grix 86...
Skipping past idx_grix 87...
Skipping past idx_grix 88...
Skipping past idx_grix 89...

Processing scenario ID: 90
Panels type: ref_closest_panel
Crop type: crop_plot
Clip type: {'wl_bands': [[0, 420], [880, 1000]]}
Smooth type: {'window_size': 11, 'order': 2}
Bin type: {'method': 'spectral_mimic', 'sensor': 'sentinel-2a'}
Segment type: nan

Response variable: tissue_n_pct
Number of observations: 408

Feature set: reflectance

Writing mean spectra to a ``pandas.DataFrame``.
Number of input datacubes/spectra: 835
Using up to 9 selected features

Hyperparameter tuning...

Number of features: 3
Trimming excess components in <param_grid>...
Number of features: 7
Trimming excess components in <param_grid>...
Number of features: 1
Trimming excess components in <param_grid>...
Number of features: 6
Trimming excess components in <param_grid>...
Number of features: 2
Trimming excess components in <param_grid>...
Number of features: 4
Trimming excess components in <param_grid>...
Number of features: 8
Trimming excess components in <param_grid>...
Number of features: 9
Trimming excess components in <param_grid>...
Number of features: 2
Trimming excess components in <param_grid>...
Number of features: 4
Trimming excess components in <param_grid>...
Number of features: 3
Trimming excess components in <param_grid>...
Number of features: 5
Trimming excess components in <param_grid>...
Number of features: 5
Trimming excess components in <param_grid>...
Number of features: 6
Trimming excess components in <param_grid>...
Number of features: 5
Trimming excess components in <param_grid>...
Number of features: 6
Trimming excess components in <param_grid>...
Number of features: 5
Trimming excess components in <param_grid>...
Number of features: 5
Trimming excess components in <param_grid>...
Number of features: 6
Trimming excess components in <param_grid>...
Number of features: 7
Trimming excess components in <param_grid>...
Number of features: 4
Trimming excess components in <param_grid>...
Testing...

GLOBUS TRANSFER task_id: 3ae1e13e-29d0-11eb-8fc0-0a34088e79f9
Waiting for transfer 3ae1e13e-29d0-11eb-8fc0-0a34088e79f9 to complete...
DONE.
GLOBUS DELETE task_id: 4107e8f6-29d0-11eb-8fc0-0a34088e79f9

Processing scenario ID: 91
Panels type: ref_closest_panel
Crop type: crop_plot
Clip type: {'wl_bands': [[0, 420], [880, 1000]]}
Smooth type: {'window_size': 11, 'order': 2}
Bin type: {'method': 'spectral_mimic', 'sensor': 'sentinel-2a'}
Segment type: {'method': 'ndi', 'wl1': [770, 800], 'wl2': [650, 680], 'mask_percentile': 50, 'mask_side': 'lower'}

Response variable: tissue_n_pct
Number of observations: 408

Feature set: reflectance

Skipping past idx_grix 0...
Skipping past idx_grix 1...
Skipping past idx_grix 2...
Skipping past idx_grix 3...
Skipping past idx_grix 4...
Skipping past idx_grix 5...
Skipping past idx_grix 6...
Skipping past idx_grix 7...
Skipping past idx_grix 8...
Skipping past idx_grix 9...
Skipping past idx_grix 10...
Skipping past idx_grix 11...
Skipping past idx_grix 12...
Skipping past idx_grix 13...
Skipping past idx_grix 14...
Skipping past idx_grix 15...
Skipping past idx_grix 16...
Skipping past idx_grix 17...
Skipping past idx_grix 18...
Skipping past idx_grix 19...
Skipping past idx_grix 20...
Skipping past idx_grix 21...
Skipping past idx_grix 22...
Skipping past idx_grix 23...
Skipping past idx_grix 24...
Skipping past idx_grix 25...
Skipping past idx_grix 26...
Skipping past idx_grix 27...
Skipping past idx_grix 28...
Skipping past idx_grix 29...
Skipping past idx_grix 30...
Skipping past idx_grix 31...
Skipping past idx_grix 32...
Skipping past idx_grix 33...
Skipping past idx_grix 34...
Skipping past idx_grix 35...
Skipping past idx_grix 36...
Skipping past idx_grix 37...
Skipping past idx_grix 38...
Skipping past idx_grix 39...
Skipping past idx_grix 40...
Skipping past idx_grix 41...
Skipping past idx_grix 42...
Skipping past idx_grix 43...
Skipping past idx_grix 44...
Skipping past idx_grix 45...
Skipping past idx_grix 46...
Skipping past idx_grix 47...
Skipping past idx_grix 48...
Skipping past idx_grix 49...
Skipping past idx_grix 50...
Skipping past idx_grix 51...
Skipping past idx_grix 52...
Skipping past idx_grix 53...
Skipping past idx_grix 54...
Skipping past idx_grix 55...
Skipping past idx_grix 56...
Skipping past idx_grix 57...
Skipping past idx_grix 58...
Skipping past idx_grix 59...
Skipping past idx_grix 60...
Skipping past idx_grix 61...
Skipping past idx_grix 62...
Skipping past idx_grix 63...
Skipping past idx_grix 64...
Skipping past idx_grix 65...
Skipping past idx_grix 66...
Skipping past idx_grix 67...
Skipping past idx_grix 68...
Skipping past idx_grix 69...
Skipping past idx_grix 70...
Skipping past idx_grix 71...
Skipping past idx_grix 72...
Skipping past idx_grix 73...
Skipping past idx_grix 74...
Skipping past idx_grix 75...
Skipping past idx_grix 76...
Skipping past idx_grix 77...
Skipping past idx_grix 78...
Skipping past idx_grix 79...
Skipping past idx_grix 80...
Skipping past idx_grix 81...
Skipping past idx_grix 82...
Skipping past idx_grix 83...
Skipping past idx_grix 84...
Skipping past idx_grix 85...
Skipping past idx_grix 86...
Skipping past idx_grix 87...
Skipping past idx_grix 88...
Skipping past idx_grix 89...

Processing scenario ID: 90
Panels type: ref_closest_panel
Crop type: crop_plot
Clip type: {'wl_bands': [[0, 420], [880, 1000]]}
Smooth type: {'window_size': 11, 'order': 2}
Bin type: {'method': 'spectral_mimic', 'sensor': 'sentinel-2a'}
Segment type: nan

Response variable: biomass_kgha
Number of observations: 407

Feature set: derivative_1

Writing mean spectra to a ``pandas.DataFrame``.
Number of input datacubes/spectra: 835
Using up to 9 selected features

Hyperparameter tuning...

Number of features: 1
Trimming excess components in <param_grid>...
Number of features: 2
Trimming excess components in <param_grid>...
Number of features: 3
Trimming excess components in <param_grid>...
Number of features: 4
Trimming excess components in <param_grid>...
Number of features: 4
Trimming excess components in <param_grid>...
Number of features: 5
Trimming excess components in <param_grid>...
Number of features: 5
Trimming excess components in <param_grid>...
Number of features: 7
Trimming excess components in <param_grid>...
Number of features: 6
Trimming excess components in <param_grid>...
Number of features: 8
Trimming excess components in <param_grid>...
Number of features: 7
Trimming excess components in <param_grid>...
Testing...

GLOBUS TRANSFER task_id: 5942695a-29d0-11eb-b53b-02d9497ca481
Waiting for transfer 5942695a-29d0-11eb-b53b-02d9497ca481 to complete...
DONE.
GLOBUS DELETE task_id: 77aeaff2-29d0-11eb-b53b-02d9497ca481

Processing scenario ID: 91
Panels type: ref_closest_panel
Crop type: crop_plot
Clip type: {'wl_bands': [[0, 420], [880, 1000]]}
Smooth type: {'window_size': 11, 'order': 2}
Bin type: {'method': 'spectral_mimic', 'sensor': 'sentinel-2a'}
Segment type: {'method': 'ndi', 'wl1': [770, 800], 'wl2': [650, 680], 'mask_percentile': 50, 'mask_side': 'lower'}

Response variable: biomass_kgha
Number of observations: 407

Feature set: derivative_1

Skipping past idx_grix 0...
Skipping past idx_grix 1...
Skipping past idx_grix 2...
Skipping past idx_grix 3...
Skipping past idx_grix 4...
Skipping past idx_grix 5...
Skipping past idx_grix 6...
Skipping past idx_grix 7...
Skipping past idx_grix 8...
Skipping past idx_grix 9...
Skipping past idx_grix 10...
Skipping past idx_grix 11...
Skipping past idx_grix 12...
Skipping past idx_grix 13...
Skipping past idx_grix 14...
Skipping past idx_grix 15...
Skipping past idx_grix 16...
Skipping past idx_grix 17...
Skipping past idx_grix 18...
Skipping past idx_grix 19...
Skipping past idx_grix 20...
Skipping past idx_grix 21...
Skipping past idx_grix 22...
Skipping past idx_grix 23...
Skipping past idx_grix 24...
Skipping past idx_grix 25...
Skipping past idx_grix 26...
Skipping past idx_grix 27...
Skipping past idx_grix 28...
Skipping past idx_grix 29...
Skipping past idx_grix 30...
Skipping past idx_grix 31...
Skipping past idx_grix 32...
Skipping past idx_grix 33...
Skipping past idx_grix 34...
Skipping past idx_grix 35...
Skipping past idx_grix 36...
Skipping past idx_grix 37...
Skipping past idx_grix 38...
Skipping past idx_grix 39...
Skipping past idx_grix 40...
Skipping past idx_grix 41...
Skipping past idx_grix 42...
Skipping past idx_grix 43...
Skipping past idx_grix 44...
Skipping past idx_grix 45...
Skipping past idx_grix 46...
Skipping past idx_grix 47...
Skipping past idx_grix 48...
Skipping past idx_grix 49...
Skipping past idx_grix 50...
Skipping past idx_grix 51...
Skipping past idx_grix 52...
Skipping past idx_grix 53...
Skipping past idx_grix 54...
Skipping past idx_grix 55...
Skipping past idx_grix 56...
Skipping past idx_grix 57...
Skipping past idx_grix 58...
Skipping past idx_grix 59...
Skipping past idx_grix 60...
Skipping past idx_grix 61...
Skipping past idx_grix 62...
Skipping past idx_grix 63...
Skipping past idx_grix 64...
Skipping past idx_grix 65...
Skipping past idx_grix 66...
Skipping past idx_grix 67...
Skipping past idx_grix 68...
Skipping past idx_grix 69...
Skipping past idx_grix 70...
Skipping past idx_grix 71...
Skipping past idx_grix 72...
Skipping past idx_grix 73...
Skipping past idx_grix 74...
Skipping past idx_grix 75...
Skipping past idx_grix 76...
Skipping past idx_grix 77...
Skipping past idx_grix 78...
Skipping past idx_grix 79...
Skipping past idx_grix 80...
Skipping past idx_grix 81...
Skipping past idx_grix 82...
Skipping past idx_grix 83...
Skipping past idx_grix 84...
Skipping past idx_grix 85...
Skipping past idx_grix 86...
Skipping past idx_grix 87...
Skipping past idx_grix 88...
Skipping past idx_grix 89...

Processing scenario ID: 90
Panels type: ref_closest_panel
Crop type: crop_plot
Clip type: {'wl_bands': [[0, 420], [880, 1000]]}
Smooth type: {'window_size': 11, 'order': 2}
Bin type: {'method': 'spectral_mimic', 'sensor': 'sentinel-2a'}
Segment type: nan

Response variable: nup_kgha
Number of observations: 407

Feature set: derivative_1

Writing mean spectra to a ``pandas.DataFrame``.
Number of input datacubes/spectra: 835
alpha: 0.00095
Features selected: 7
Iterations without progress: 0

alpha: 0.0009025
Features selected: 7
Iterations without progress: 1

alpha: 0.000857375
Features selected: 7
Iterations without progress: 2

alpha: 0.0008145062499999999
Features selected: 7
Iterations without progress: 3

alpha: 0.0007737809374999998
Features selected: 7
Iterations without progress: 4

alpha: 0.0007350918906249997
Features selected: 7
Iterations without progress: 5

Leaving while loop before finding the alpha value that achieves selection of 9 feature(s) (minimum alpha value to use).

Using up to 7 selected features

Hyperparameter tuning...

Number of features: 2
Trimming excess components in <param_grid>...
Number of features: 1
Trimming excess components in <param_grid>...
Number of features: 4
Trimming excess components in <param_grid>...
Number of features: 5
Trimming excess components in <param_grid>...
Number of features: 6
Trimming excess components in <param_grid>...
Number of features: 6
Trimming excess components in <param_grid>...
Number of features: 6
Trimming excess components in <param_grid>...
Number of features: 7
Trimming excess components in <param_grid>...
Number of features: 7
Trimming excess components in <param_grid>...
Number of features: 8
Trimming excess components in <param_grid>...
Number of features: 3
Trimming excess components in <param_grid>...
Number of features: 5
Trimming excess components in <param_grid>...
Number of features: 7
Trimming excess components in <param_grid>...
Testing...

GLOBUS TRANSFER task_id: 8e4d925a-29d0-11eb-b53b-02d9497ca481
Waiting for transfer 8e4d925a-29d0-11eb-b53b-02d9497ca481 to complete...
DONE.
GLOBUS DELETE task_id: 947e796e-29d0-11eb-b53b-02d9497ca481

Processing scenario ID: 91
Panels type: ref_closest_panel
Crop type: crop_plot
Clip type: {'wl_bands': [[0, 420], [880, 1000]]}
Smooth type: {'window_size': 11, 'order': 2}
Bin type: {'method': 'spectral_mimic', 'sensor': 'sentinel-2a'}
Segment type: {'method': 'ndi', 'wl1': [770, 800], 'wl2': [650, 680], 'mask_percentile': 50, 'mask_side': 'lower'}

Response variable: nup_kgha
Number of observations: 407

Feature set: derivative_1

Skipping past idx_grix 0...
Skipping past idx_grix 1...
Skipping past idx_grix 2...
Skipping past idx_grix 3...
Skipping past idx_grix 4...
Skipping past idx_grix 5...
Skipping past idx_grix 6...
Skipping past idx_grix 7...
Skipping past idx_grix 8...
Skipping past idx_grix 9...
Skipping past idx_grix 10...
Skipping past idx_grix 11...
Skipping past idx_grix 12...
Skipping past idx_grix 13...
Skipping past idx_grix 14...
Skipping past idx_grix 15...
Skipping past idx_grix 16...
Skipping past idx_grix 17...
Skipping past idx_grix 18...
Skipping past idx_grix 19...
Skipping past idx_grix 20...
Skipping past idx_grix 21...
Skipping past idx_grix 22...
Skipping past idx_grix 23...
Skipping past idx_grix 24...
Skipping past idx_grix 25...
Skipping past idx_grix 26...
Skipping past idx_grix 27...
Skipping past idx_grix 28...
Skipping past idx_grix 29...
Skipping past idx_grix 30...
Skipping past idx_grix 31...
Skipping past idx_grix 32...
Skipping past idx_grix 33...
Skipping past idx_grix 34...
Skipping past idx_grix 35...
Skipping past idx_grix 36...
Skipping past idx_grix 37...
Skipping past idx_grix 38...
Skipping past idx_grix 39...
Skipping past idx_grix 40...
Skipping past idx_grix 41...
Skipping past idx_grix 42...
Skipping past idx_grix 43...
Skipping past idx_grix 44...
Skipping past idx_grix 45...
Skipping past idx_grix 46...
Skipping past idx_grix 47...
Skipping past idx_grix 48...
Skipping past idx_grix 49...
Skipping past idx_grix 50...
Skipping past idx_grix 51...
Skipping past idx_grix 52...
Skipping past idx_grix 53...
Skipping past idx_grix 54...
Skipping past idx_grix 55...
Skipping past idx_grix 56...
Skipping past idx_grix 57...
Skipping past idx_grix 58...
Skipping past idx_grix 59...
Skipping past idx_grix 60...
Skipping past idx_grix 61...
Skipping past idx_grix 62...
Skipping past idx_grix 63...
Skipping past idx_grix 64...
Skipping past idx_grix 65...
Skipping past idx_grix 66...
Skipping past idx_grix 67...
Skipping past idx_grix 68...
Skipping past idx_grix 69...
Skipping past idx_grix 70...
Skipping past idx_grix 71...
Skipping past idx_grix 72...
Skipping past idx_grix 73...
Skipping past idx_grix 74...
Skipping past idx_grix 75...
Skipping past idx_grix 76...
Skipping past idx_grix 77...
Skipping past idx_grix 78...
Skipping past idx_grix 79...
Skipping past idx_grix 80...
Skipping past idx_grix 81...
Skipping past idx_grix 82...
Skipping past idx_grix 83...
Skipping past idx_grix 84...
Skipping past idx_grix 85...
Skipping past idx_grix 86...
Skipping past idx_grix 87...
Skipping past idx_grix 88...
Skipping past idx_grix 89...

Processing scenario ID: 90
Panels type: ref_closest_panel
Crop type: crop_plot
Clip type: {'wl_bands': [[0, 420], [880, 1000]]}
Smooth type: {'window_size': 11, 'order': 2}
Bin type: {'method': 'spectral_mimic', 'sensor': 'sentinel-2a'}
Segment type: nan

Response variable: tissue_n_pct
Number of observations: 408

Feature set: derivative_1

Writing mean spectra to a ``pandas.DataFrame``.
Number of input datacubes/spectra: 835
Old "step_pct": 0.05
New "step_pct": 0.5
alpha: 0.0005
Features selected: 3
Iterations without progress: 0

alpha: 0.00025
Features selected: 3
Iterations without progress: 1

alpha: 0.000125
Features selected: 4
Iterations without progress: 0

alpha: 6.25e-05
Features selected: 5
Iterations without progress: 0

Old "step_pct": 0.5
New "step_pct": 0.1
alpha: 5.6250000000000005e-05
Features selected: 8
Iterations without progress: 0

alpha: 5.0625000000000004e-05
Features selected: 8
Iterations without progress: 1

alpha: 4.55625e-05
Features selected: 8
Iterations without progress: 2

alpha: 4.1006250000000004e-05
Features selected: 8
Iterations without progress: 3

alpha: 3.6905625e-05
Features selected: 8
Iterations without progress: 4

alpha: 3.32150625e-05
Features selected: 8
Iterations without progress: 5

Leaving while loop before finding the alpha value that achieves selection of 9 feature(s) (minimum alpha value to use).

Using up to 8 selected features

Hyperparameter tuning...

Number of features: 2
Trimming excess components in <param_grid>...
Number of features: 3
Trimming excess components in <param_grid>...
Number of features: 2
Trimming excess components in <param_grid>...
Number of features: 1
Trimming excess components in <param_grid>...
Number of features: 7
Trimming excess components in <param_grid>...
Number of features: 7
Trimming excess components in <param_grid>...
Number of features: 4
Trimming excess components in <param_grid>...
Number of features: 2
Trimming excess components in <param_grid>...
Number of features: 3
Trimming excess components in <param_grid>...
Number of features: 3
Trimming excess components in <param_grid>...
Number of features: 2
Trimming excess components in <param_grid>...
Number of features: 3
Trimming excess components in <param_grid>...
Number of features: 3
Trimming excess components in <param_grid>...
Number of features: 4
Trimming excess components in <param_grid>...
Number of features: 4
Trimming excess components in <param_grid>...
Number of features: 3
Trimming excess components in <param_grid>...
Number of features: 8
Trimming excess components in <param_grid>...
Number of features: 6
Trimming excess components in <param_grid>...
Number of features: 5
Trimming excess components in <param_grid>...
Testing...

GLOBUS TRANSFER task_id: a90d2a56-29d0-11eb-8fc0-0a34088e79f9
Waiting for transfer a90d2a56-29d0-11eb-8fc0-0a34088e79f9 to complete...
DONE.
GLOBUS DELETE task_id: c1650592-29d0-11eb-8fc0-0a34088e79f9

Processing scenario ID: 91
Panels type: ref_closest_panel
Crop type: crop_plot
Clip type: {'wl_bands': [[0, 420], [880, 1000]]}
Smooth type: {'window_size': 11, 'order': 2}
Bin type: {'method': 'spectral_mimic', 'sensor': 'sentinel-2a'}
Segment type: {'method': 'ndi', 'wl1': [770, 800], 'wl2': [650, 680], 'mask_percentile': 50, 'mask_side': 'lower'}

Response variable: tissue_n_pct
Number of observations: 408

Feature set: derivative_1

Skipping past idx_grix 0...
Skipping past idx_grix 1...
Skipping past idx_grix 2...
Skipping past idx_grix 3...
Skipping past idx_grix 4...
Skipping past idx_grix 5...
Skipping past idx_grix 6...
Skipping past idx_grix 7...
Skipping past idx_grix 8...
Skipping past idx_grix 9...
Skipping past idx_grix 10...
Skipping past idx_grix 11...
Skipping past idx_grix 12...
Skipping past idx_grix 13...
Skipping past idx_grix 14...
Skipping past idx_grix 15...
Skipping past idx_grix 16...
Skipping past idx_grix 17...
Skipping past idx_grix 18...
Skipping past idx_grix 19...
Skipping past idx_grix 20...
Skipping past idx_grix 21...
Skipping past idx_grix 22...
Skipping past idx_grix 23...
Skipping past idx_grix 24...
Skipping past idx_grix 25...
Skipping past idx_grix 26...
Skipping past idx_grix 27...
Skipping past idx_grix 28...
Skipping past idx_grix 29...
Skipping past idx_grix 30...
Skipping past idx_grix 31...
Skipping past idx_grix 32...
Skipping past idx_grix 33...
Skipping past idx_grix 34...
Skipping past idx_grix 35...
Skipping past idx_grix 36...
Skipping past idx_grix 37...
Skipping past idx_grix 38...
Skipping past idx_grix 39...
Skipping past idx_grix 40...
Skipping past idx_grix 41...
Skipping past idx_grix 42...
Skipping past idx_grix 43...
Skipping past idx_grix 44...
Skipping past idx_grix 45...
Skipping past idx_grix 46...
Skipping past idx_grix 47...
Skipping past idx_grix 48...
Skipping past idx_grix 49...
Skipping past idx_grix 50...
Skipping past idx_grix 51...
Skipping past idx_grix 52...
Skipping past idx_grix 53...
Skipping past idx_grix 54...
Skipping past idx_grix 55...
Skipping past idx_grix 56...
Skipping past idx_grix 57...
Skipping past idx_grix 58...
Skipping past idx_grix 59...
Skipping past idx_grix 60...
Skipping past idx_grix 61...
Skipping past idx_grix 62...
Skipping past idx_grix 63...
Skipping past idx_grix 64...
Skipping past idx_grix 65...
Skipping past idx_grix 66...
Skipping past idx_grix 67...
Skipping past idx_grix 68...
Skipping past idx_grix 69...
Skipping past idx_grix 70...
Skipping past idx_grix 71...
Skipping past idx_grix 72...
Skipping past idx_grix 73...
Skipping past idx_grix 74...
Skipping past idx_grix 75...
Skipping past idx_grix 76...
Skipping past idx_grix 77...
Skipping past idx_grix 78...
Skipping past idx_grix 79...
Skipping past idx_grix 80...
Skipping past idx_grix 81...
Skipping past idx_grix 82...
Skipping past idx_grix 83...
Skipping past idx_grix 84...
Skipping past idx_grix 85...
Skipping past idx_grix 86...
Skipping past idx_grix 87...
Skipping past idx_grix 88...
Skipping past idx_grix 89...

Processing scenario ID: 90
Panels type: ref_closest_panel
Crop type: crop_plot
Clip type: {'wl_bands': [[0, 420], [880, 1000]]}
Smooth type: {'window_size': 11, 'order': 2}
Bin type: {'method': 'spectral_mimic', 'sensor': 'sentinel-2a'}
Segment type: nan

Response variable: biomass_kgha
Number of observations: 407

Feature set: derivative_2

Writing mean spectra to a ``pandas.DataFrame``.
Number of input datacubes/spectra: 835
Using up to 9 selected features

Hyperparameter tuning...

Number of features: 0
Trimming excess components in <param_grid>...
Number of features: 5
Trimming excess components in <param_grid>...
Number of features: 2
Trimming excess components in <param_grid>...
Number of features: 5
Trimming excess components in <param_grid>...
Number of features: 7
Trimming excess components in <param_grid>...
Number of features: 3
Trimming excess components in <param_grid>...
Number of features: 1
Trimming excess components in <param_grid>...
Number of features: 2
Trimming excess components in <param_grid>...
Number of features: 3
Trimming excess components in <param_grid>...
Number of features: 4
Trimming excess components in <param_grid>...
Number of features: 4
Trimming excess components in <param_grid>...
Number of features: 3
Trimming excess components in <param_grid>...
Number of features: 4
Trimming excess components in <param_grid>...
Number of features: 6
Trimming excess components in <param_grid>...
Number of features: 4
Trimming excess components in <param_grid>...
Number of features: 5
Trimming excess components in <param_grid>...
Number of features: 6
Trimming excess components in <param_grid>...
Number of features: 5
Trimming excess components in <param_grid>...
Number of features: 7
Trimming excess components in <param_grid>...
Testing...

GLOBUS TRANSFER task_id: d8dcf932-29d0-11eb-b53b-02d9497ca481
Waiting for transfer d8dcf932-29d0-11eb-b53b-02d9497ca481 to complete...
DONE.
GLOBUS DELETE task_id: f13161b2-29d0-11eb-b53b-02d9497ca481

Processing scenario ID: 91
Panels type: ref_closest_panel
Crop type: crop_plot
Clip type: {'wl_bands': [[0, 420], [880, 1000]]}
Smooth type: {'window_size': 11, 'order': 2}
Bin type: {'method': 'spectral_mimic', 'sensor': 'sentinel-2a'}
Segment type: {'method': 'ndi', 'wl1': [770, 800], 'wl2': [650, 680], 'mask_percentile': 50, 'mask_side': 'lower'}

Response variable: biomass_kgha
Number of observations: 407

Feature set: derivative_2

Skipping past idx_grix 0...
Skipping past idx_grix 1...
Skipping past idx_grix 2...
Skipping past idx_grix 3...
Skipping past idx_grix 4...
Skipping past idx_grix 5...
Skipping past idx_grix 6...
Skipping past idx_grix 7...
Skipping past idx_grix 8...
Skipping past idx_grix 9...
Skipping past idx_grix 10...
Skipping past idx_grix 11...
Skipping past idx_grix 12...
Skipping past idx_grix 13...
Skipping past idx_grix 14...
Skipping past idx_grix 15...
Skipping past idx_grix 16...
Skipping past idx_grix 17...
Skipping past idx_grix 18...
Skipping past idx_grix 19...
Skipping past idx_grix 20...
Skipping past idx_grix 21...
Skipping past idx_grix 22...
Skipping past idx_grix 23...
Skipping past idx_grix 24...
Skipping past idx_grix 25...
Skipping past idx_grix 26...
Skipping past idx_grix 27...
Skipping past idx_grix 28...
Skipping past idx_grix 29...
Skipping past idx_grix 30...
Skipping past idx_grix 31...
Skipping past idx_grix 32...
Skipping past idx_grix 33...
Skipping past idx_grix 34...
Skipping past idx_grix 35...
Skipping past idx_grix 36...
Skipping past idx_grix 37...
Skipping past idx_grix 38...
Skipping past idx_grix 39...
Skipping past idx_grix 40...
Skipping past idx_grix 41...
Skipping past idx_grix 42...
Skipping past idx_grix 43...
Skipping past idx_grix 44...
Skipping past idx_grix 45...
Skipping past idx_grix 46...
Skipping past idx_grix 47...
Skipping past idx_grix 48...
Skipping past idx_grix 49...
Skipping past idx_grix 50...
Skipping past idx_grix 51...
Skipping past idx_grix 52...
Skipping past idx_grix 53...
Skipping past idx_grix 54...
Skipping past idx_grix 55...
Skipping past idx_grix 56...
Skipping past idx_grix 57...
Skipping past idx_grix 58...
Skipping past idx_grix 59...
Skipping past idx_grix 60...
Skipping past idx_grix 61...
Skipping past idx_grix 62...
Skipping past idx_grix 63...
Skipping past idx_grix 64...
Skipping past idx_grix 65...
Skipping past idx_grix 66...
Skipping past idx_grix 67...
Skipping past idx_grix 68...
Skipping past idx_grix 69...
Skipping past idx_grix 70...
Skipping past idx_grix 71...
Skipping past idx_grix 72...
Skipping past idx_grix 73...
Skipping past idx_grix 74...
Skipping past idx_grix 75...
Skipping past idx_grix 76...
Skipping past idx_grix 77...
Skipping past idx_grix 78...
Skipping past idx_grix 79...
Skipping past idx_grix 80...
Skipping past idx_grix 81...
Skipping past idx_grix 82...
Skipping past idx_grix 83...
Skipping past idx_grix 84...
Skipping past idx_grix 85...
Skipping past idx_grix 86...
Skipping past idx_grix 87...
Skipping past idx_grix 88...
Skipping past idx_grix 89...

Processing scenario ID: 90
Panels type: ref_closest_panel
Crop type: crop_plot
Clip type: {'wl_bands': [[0, 420], [880, 1000]]}
Smooth type: {'window_size': 11, 'order': 2}
Bin type: {'method': 'spectral_mimic', 'sensor': 'sentinel-2a'}
Segment type: nan

Response variable: nup_kgha
Number of observations: 407

Feature set: derivative_2

Writing mean spectra to a ``pandas.DataFrame``.
Number of input datacubes/spectra: 835
Old "step_pct": 0.05
New "step_pct": 0.25
alpha: 0.00075
Features selected: 5
Iterations without progress: 1

Old "step_pct": 0.25
New "step_pct": 0.5
alpha: 0.000375
Features selected: 6
Iterations without progress: 0

alpha: 0.0001875
Features selected: 4
Iterations without progress: 0

alpha: 9.375e-05
Features selected: 4
Iterations without progress: 1

alpha: 4.6875e-05
Features selected: 5
Iterations without progress: 0

Old "step_pct": 0.5
New "step_pct": 0.1
alpha: 4.21875e-05
Features selected: 7
Iterations without progress: 0

alpha: 3.7968750000000005e-05
Features selected: 7
Iterations without progress: 1

Old "step_pct": 0.1
New "step_pct": 0.5
alpha: 1.8984375000000002e-05
Features selected: 5
Iterations without progress: 0

alpha: 9.492187500000001e-06
Features selected: 6
Iterations without progress: 0

alpha: 4.746093750000001e-06
Features selected: 7
Iterations without progress: 0

alpha: 2.3730468750000003e-06
Features selected: 7
Iterations without progress: 1

alpha: 1.1865234375000001e-06
Features selected: 7
Iterations without progress: 2

Old "step_pct": 0.5
New "step_pct": 0.1
alpha: 1.06787109375e-06
Features selected: 8
Iterations without progress: 0

alpha: 9.61083984375e-07
Features selected: 8
Iterations without progress: 1

alpha: 8.649755859375e-07
Features selected: 7
Iterations without progress: 0

Old "step_pct": 0.1
New "step_pct": 0.02
alpha: 8.4767607421875e-07
Features selected: 8
Iterations without progress: 0

alpha: 8.30722552734375e-07
Features selected: 7
Iterations without progress: 0

Old "step_pct": 0.02
New "step_pct": 0.004
alpha: 8.273996625234375e-07
Features selected: 8
Iterations without progress: 0

alpha: 8.240900638733437e-07
Features selected: 8
Iterations without progress: 1

alpha: 8.207937036178504e-07
Features selected: 8
Iterations without progress: 2

alpha: 8.17510528803379e-07
Features selected: 8
Iterations without progress: 3

alpha: 8.142404866881654e-07
Features selected: 8
Iterations without progress: 4

alpha: 8.109835247414128e-07
Features selected: 8
Iterations without progress: 5

Leaving while loop before finding the alpha value that achieves selection of 9 feature(s) (minimum alpha value to use).

Using up to 8 selected features

Hyperparameter tuning...

Number of features: 2
Trimming excess components in <param_grid>...
Number of features: 5
Trimming excess components in <param_grid>...
Number of features: 7
Trimming excess components in <param_grid>...
Number of features: 4
Trimming excess components in <param_grid>...
Number of features: 2
Trimming excess components in <param_grid>...
Number of features: 4
Trimming excess components in <param_grid>...
Number of features: 1
Trimming excess components in <param_grid>...
Number of features: 4
Trimming excess components in <param_grid>...
Number of features: 4
Trimming excess components in <param_grid>...
Number of features: 7
Trimming excess components in <param_grid>...
Number of features: 3
Trimming excess components in <param_grid>...
Number of features: 4
Trimming excess components in <param_grid>...
Number of features: 3
Trimming excess components in <param_grid>...
Number of features: 3
Trimming excess components in <param_grid>...
Number of features: 6
Trimming excess components in <param_grid>...
Number of features: 5
Trimming excess components in <param_grid>...
Number of features: 8
Trimming excess components in <param_grid>...
Number of features: 6
Trimming excess components in <param_grid>...
Number of features: 5
Trimming excess components in <param_grid>...
Number of features: 6
Trimming excess components in <param_grid>...
Number of features: 7
Trimming excess components in <param_grid>...
Testing...

GLOBUS TRANSFER task_id: 08fdf35a-29d1-11eb-b165-0ee0d5d9299f
Waiting for transfer 08fdf35a-29d1-11eb-b165-0ee0d5d9299f to complete...
DONE.
GLOBUS DELETE task_id: 21722122-29d1-11eb-b165-0ee0d5d9299f

Processing scenario ID: 91
Panels type: ref_closest_panel
Crop type: crop_plot
Clip type: {'wl_bands': [[0, 420], [880, 1000]]}
Smooth type: {'window_size': 11, 'order': 2}
Bin type: {'method': 'spectral_mimic', 'sensor': 'sentinel-2a'}
Segment type: {'method': 'ndi', 'wl1': [770, 800], 'wl2': [650, 680], 'mask_percentile': 50, 'mask_side': 'lower'}

Response variable: nup_kgha
Number of observations: 407

Feature set: derivative_2

Skipping past idx_grix 0...
Skipping past idx_grix 1...
Skipping past idx_grix 2...
Skipping past idx_grix 3...
Skipping past idx_grix 4...
Skipping past idx_grix 5...
Skipping past idx_grix 6...
Skipping past idx_grix 7...
Skipping past idx_grix 8...
Skipping past idx_grix 9...
Skipping past idx_grix 10...
Skipping past idx_grix 11...
Skipping past idx_grix 12...
Skipping past idx_grix 13...
Skipping past idx_grix 14...
Skipping past idx_grix 15...
Skipping past idx_grix 16...
Skipping past idx_grix 17...
Skipping past idx_grix 18...
Skipping past idx_grix 19...
Skipping past idx_grix 20...
Skipping past idx_grix 21...
Skipping past idx_grix 22...
Skipping past idx_grix 23...
Skipping past idx_grix 24...
Skipping past idx_grix 25...
Skipping past idx_grix 26...
Skipping past idx_grix 27...
Skipping past idx_grix 28...
Skipping past idx_grix 29...
Skipping past idx_grix 30...
Skipping past idx_grix 31...
Skipping past idx_grix 32...
Skipping past idx_grix 33...
Skipping past idx_grix 34...
Skipping past idx_grix 35...
Skipping past idx_grix 36...
Skipping past idx_grix 37...
Skipping past idx_grix 38...
Skipping past idx_grix 39...
Skipping past idx_grix 40...
Skipping past idx_grix 41...
Skipping past idx_grix 42...
Skipping past idx_grix 43...
Skipping past idx_grix 44...
Skipping past idx_grix 45...
Skipping past idx_grix 46...
Skipping past idx_grix 47...
Skipping past idx_grix 48...
Skipping past idx_grix 49...
Skipping past idx_grix 50...
Skipping past idx_grix 51...
Skipping past idx_grix 52...
Skipping past idx_grix 53...
Skipping past idx_grix 54...
Skipping past idx_grix 55...
Skipping past idx_grix 56...
Skipping past idx_grix 57...
Skipping past idx_grix 58...
Skipping past idx_grix 59...
Skipping past idx_grix 60...
Skipping past idx_grix 61...
Skipping past idx_grix 62...
Skipping past idx_grix 63...
Skipping past idx_grix 64...
Skipping past idx_grix 65...
Skipping past idx_grix 66...
Skipping past idx_grix 67...
Skipping past idx_grix 68...
Skipping past idx_grix 69...
Skipping past idx_grix 70...
Skipping past idx_grix 71...
Skipping past idx_grix 72...
Skipping past idx_grix 73...
Skipping past idx_grix 74...
Skipping past idx_grix 75...
Skipping past idx_grix 76...
Skipping past idx_grix 77...
Skipping past idx_grix 78...
Skipping past idx_grix 79...
Skipping past idx_grix 80...
Skipping past idx_grix 81...
Skipping past idx_grix 82...
Skipping past idx_grix 83...
Skipping past idx_grix 84...
Skipping past idx_grix 85...
Skipping past idx_grix 86...
Skipping past idx_grix 87...
Skipping past idx_grix 88...
Skipping past idx_grix 89...

Processing scenario ID: 90
Panels type: ref_closest_panel
Crop type: crop_plot
Clip type: {'wl_bands': [[0, 420], [880, 1000]]}
Smooth type: {'window_size': 11, 'order': 2}
Bin type: {'method': 'spectral_mimic', 'sensor': 'sentinel-2a'}
Segment type: nan

Response variable: tissue_n_pct
Number of observations: 408

Feature set: derivative_2

Writing mean spectra to a ``pandas.DataFrame``.
Number of input datacubes/spectra: 835
Old "step_pct": 0.05
New "step_pct": 0.5
alpha: 0.0005
Features selected: 1
Iterations without progress: 0

alpha: 0.00025
Features selected: 1
Iterations without progress: 1

alpha: 0.000125
Features selected: 2
Iterations without progress: 0

alpha: 6.25e-05
Features selected: 4
Iterations without progress: 0

alpha: 3.125e-05
Features selected: 3
Iterations without progress: 0

alpha: 1.5625e-05
Features selected: 3
Iterations without progress: 1

alpha: 7.8125e-06
Features selected: 4
Iterations without progress: 0

alpha: 3.90625e-06
Features selected: 5
Iterations without progress: 0

alpha: 1.953125e-06
Features selected: 5
Iterations without progress: 1

alpha: 9.765625e-07
Features selected: 6
Iterations without progress: 0

Old "step_pct": 0.5
New "step_pct": 0.1
alpha: 8.789062500000001e-07
Features selected: 8
Iterations without progress: 0

alpha: 7.910156250000001e-07
Features selected: 8
Iterations without progress: 1

alpha: 7.119140625e-07
Features selected: 8
Iterations without progress: 2

alpha: 6.407226562500001e-07
Features selected: 7
Iterations without progress: 0

alpha: 5.76650390625e-07
Features selected: 7
Iterations without progress: 1

alpha: 5.189853515625e-07
Features selected: 7
Iterations without progress: 2

Old "step_pct": 0.1
New "step_pct": 0.02
alpha: 5.0860564453125e-07
Features selected: 8
Iterations without progress: 0

alpha: 4.984335316406249e-07
Features selected: 8
Iterations without progress: 1

alpha: 4.884648610078125e-07
Features selected: 8
Iterations without progress: 2

alpha: 4.786955637876562e-07
Features selected: 8
Iterations without progress: 3

alpha: 4.691216525119031e-07
Features selected: 8
Iterations without progress: 4

alpha: 4.777381726600809e-07
Features selected: 9
Iterations without progress: 0

Using up to 9 selected features

Hyperparameter tuning...

Number of features: 0
Trimming excess components in <param_grid>...
Number of features: 2
Trimming excess components in <param_grid>...
Number of features: 5
Trimming excess components in <param_grid>...
Number of features: 4
Trimming excess components in <param_grid>...
Number of features: 3
Trimming excess components in <param_grid>...
Number of features: 5
Trimming excess components in <param_grid>...
Number of features: 3
Trimming excess components in <param_grid>...
Number of features: 1
Trimming excess components in <param_grid>...
Number of features: 8
Trimming excess components in <param_grid>...
Number of features: 6
Trimming excess components in <param_grid>...
Number of features: 4
Trimming excess components in <param_grid>...
Number of features: 7
Trimming excess components in <param_grid>...
Number of features: 4
Trimming excess components in <param_grid>...
Number of features: 8
Trimming excess components in <param_grid>...
Number of features: 7
Trimming excess components in <param_grid>...
Number of features: 6
Trimming excess components in <param_grid>...
Testing...

GLOBUS TRANSFER task_id: 360f51fe-29d1-11eb-b53b-02d9497ca481
Waiting for transfer 360f51fe-29d1-11eb-b53b-02d9497ca481 to complete...
DONE.
GLOBUS DELETE task_id: 4e775e58-29d1-11eb-b53b-02d9497ca481

Processing scenario ID: 91
Panels type: ref_closest_panel
Crop type: crop_plot
Clip type: {'wl_bands': [[0, 420], [880, 1000]]}
Smooth type: {'window_size': 11, 'order': 2}
Bin type: {'method': 'spectral_mimic', 'sensor': 'sentinel-2a'}
Segment type: {'method': 'ndi', 'wl1': [770, 800], 'wl2': [650, 680], 'mask_percentile': 50, 'mask_side': 'lower'}

Response variable: tissue_n_pct
Number of observations: 408

Feature set: derivative_2


Processing scenario ID: 90
Panels type: ref_closest_panel
Crop type: crop_plot
Clip type: {'wl_bands': [[0, 420], [880, 1000]]}
Smooth type: {'window_size': 11, 'order': 2}
Bin type: {'method': 'spectral_mimic', 'sensor': 'sentinel-2a'}
Segment type: nan
GLOBUS TRANSFER task_id: 504c20c4-29d1-11eb-8fc0-0a34088e79f9
Waiting for transfer 504c20c4-29d1-11eb-8fc0-0a34088e79f9 to complete...
Transfer 504c20c4-29d1-11eb-8fc0-0a34088e79f9 has not yet finished; transfer submitted 1 minute(s) ago
Transfer 504c20c4-29d1-11eb-8fc0-0a34088e79f9 has not yet finished; transfer submitted 2 minute(s) ago
Transfer 504c20c4-29d1-11eb-8fc0-0a34088e79f9 has not yet finished; transfer submitted 3 minute(s) ago
Transfer 504c20c4-29d1-11eb-8fc0-0a34088e79f9 has not yet finished; transfer submitted 4 minute(s) ago
Transfer 504c20c4-29d1-11eb-8fc0-0a34088e79f9 has not yet finished; transfer submitted 5 minute(s) ago
DONE.
GLOBUS DELETE task_id: 0c5c95a0-29d2-11eb-8fc0-0a34088e79f9
